L 03/14/2021 - 16:48:36: SourceMod log file session started (file "D:\Steam\steamapps\common\Left 4 Dead 2\left4dead2\addons\sourcemod\logs\L20210314.log") (Version "1.10.0.6492")
L 03/14/2021 - 16:48:36: [simplewelcomemsg.smx] Set the maximum number of lines of.
L 03/14/2021 - 16:48:44: [basecommands.smx] "Console<0><Console><Console>" changed cvar (cvar "sv_force_time_of_day") (value "0")
L 03/14/2021 - 16:48:44: [basecommands.smx] "Console<0><Console><Console>" changed cvar (cvar "z_witch_damage_per_kill_hit") (value "120")
L 03/14/2021 - 16:48:44: [basecommands.smx] "Console<0><Console><Console>" changed cvar (cvar "z_witch_anger_rate") (value "0.4")
L 03/14/2021 - 16:48:44: [basecommands.smx] "Console<0><Console><Console>" changed cvar (cvar "z_witch_flashlight_range") (value "2000")
L 03/14/2021 - 16:48:44: [basecommands.smx] "Console<0><Console><Console>" changed cvar (cvar "z_witch_burn_time") (value "100")
L 03/14/2021 - 16:48:44: [basecommands.smx] "Console<0><Console><Console>" changed cvar (cvar "z_tank_health") (value "4000")
L 03/14/2021 - 16:48:44: [basecommands.smx] "Console<0><Console><Console>" changed cvar (cvar "z_ghost_delay_min") (value "15")
L 03/14/2021 - 16:48:44: [basecommands.smx] "Console<0><Console><Console>" changed cvar (cvar "z_ghost_delay_max") (value "15")
L 03/14/2021 - 16:48:44: [basecommands.smx] "Console<0><Console><Console>" changed cvar (cvar "z_hunter_limit") (value "1")
L 03/14/2021 - 16:48:44: [basecommands.smx] "Console<0><Console><Console>" changed cvar (cvar "z_smoker_limit") (value "1")
L 03/14/2021 - 16:48:44: [basecommands.smx] "Console<0><Console><Console>" changed cvar (cvar "z_jockey_limit") (value "1")
L 03/14/2021 - 16:48:44: [basecommands.smx] "Console<0><Console><Console>" changed cvar (cvar "versus_tank_chance_intro") (value "1")
L 03/14/2021 - 16:48:44: [basecommands.smx] "Console<0><Console><Console>" changed cvar (cvar "versus_tank_chance_finale") (value "1")
L 03/14/2021 - 16:48:44: [basecommands.smx] "Console<0><Console><Console>" changed cvar (cvar "versus_tank_chance") (value "1")
L 03/14/2021 - 16:48:44: [basecommands.smx] "Console<0><Console><Console>" changed cvar (cvar "versus_witch_chance_intro") (value "0")
L 03/14/2021 - 16:48:44: [basecommands.smx] "Console<0><Console><Console>" changed cvar (cvar "versus_witch_chance_finale") (value "0")
L 03/14/2021 - 16:48:44: [basecommands.smx] "Console<0><Console><Console>" changed cvar (cvar "versus_witch_chance") (value "1")
L 03/14/2021 - 16:48:44: [basecommands.smx] "Console<0><Console><Console>" changed cvar (cvar "director_force_tank") (value "1")
L 03/14/2021 - 16:48:44: [basecommands.smx] "Console<0><Console><Console>" changed cvar (cvar "versus_boss_flow_min") (value "0.4")
L 03/14/2021 - 16:48:44: [basecommands.smx] "Console<0><Console><Console>" changed cvar (cvar "versus_boss_flow_max") (value "0.6")
L 03/14/2021 - 16:48:44: [basecommands.smx] "Console<0><Console><Console>" changed cvar (cvar "versus_boss_flow_min_intro") (value "0.1")
L 03/14/2021 - 16:48:44: [basecommands.smx] "Console<0><Console><Console>" changed cvar (cvar "versus_boss_flow_max_intro") (value "0.2")
L 03/14/2021 - 16:48:44: [basecommands.smx] "Console<0><Console><Console>" changed cvar (cvar "versus_boss_flow_min_finale") (value "0.1")
L 03/14/2021 - 16:48:45: [basecommands.smx] "Console<0><Console><Console>" changed cvar (cvar "versus_boss_flow_max_finale") (value "0.2")
L 03/14/2021 - 16:48:45: [basecommands.smx] "Console<0><Console><Console>" changed cvar (cvar "boomer_vomit_delay") (value "0.1")
L 03/14/2021 - 16:48:45: [basecommands.smx] "Console<0><Console><Console>" changed cvar (cvar "smoker_tongue_delay") (value "0.1")
L 03/14/2021 - 16:48:45: [basecommands.smx] "Console<0><Console><Console>" changed cvar (cvar "vs_survival_bonus") (value "35")
L 03/14/2021 - 16:48:45: [basecommands.smx] "Console<0><Console><Console>" changed cvar (cvar "z_tank_throw_health") (value "10")
L 03/14/2021 - 16:48:45: [basecommands.smx] "Console<0><Console><Console>" changed cvar (cvar "sv_client_min_interp_ratio") (value "-1")
L 03/14/2021 - 16:48:45: [basecommands.smx] "Console<0><Console><Console>" changed cvar (cvar "sv_client_max_interp_ratio") (value "0")
L 03/14/2021 - 16:48:45: [basecommands.smx] "Console<0><Console><Console>" changed cvar (cvar "sv_minrate") (value "100000")
L 03/14/2021 - 16:48:45: [basecommands.smx] "Console<0><Console><Console>" changed cvar (cvar "sv_maxrate") (value "100000")
L 03/14/2021 - 16:48:45: [basecommands.smx] "Console<0><Console><Console>" changed cvar (cvar "sv_mincmdrate") (value "100")
L 03/14/2021 - 16:48:45: [basecommands.smx] "Console<0><Console><Console>" changed cvar (cvar "sv_maxcmdrate") (value "100")
L 03/14/2021 - 16:48:45: [basecommands.smx] "Console<0><Console><Console>" changed cvar (cvar "sv_minupdaterate") (value "100")
L 03/14/2021 - 16:48:45: [basecommands.smx] "Console<0><Console><Console>" changed cvar (cvar "sv_maxupdaterate") (value "100")
L 03/14/2021 - 16:48:45: [basecommands.smx] "Console<0><Console><Console>" changed cvar (cvar "nb_update_frequency") (value "0.014")
L 03/14/2021 - 16:48:45: [basecommands.smx] "Console<0><Console><Console>" changed cvar (cvar "net_splitpacket_maxrate") (value "50000")
L 03/14/2021 - 16:48:45: [basecommands.smx] "Console<0><Console><Console>" changed cvar (cvar "fps_max") (value "0")
L 03/14/2021 - 16:48:45: [basecommands.smx] "Console<0><Console><Console>" changed cvar (cvar "hostname") (value "Versus")
L 03/14/2021 - 16:52:39: [l4d2_skill_detect.smx] Clear: 4 freed 9 from 5: time: 3.11 / -1.00 -- class: jockey (with shove? 0)
L 03/14/2021 - 16:53:20: [l4d2_skill_detect.smx] Clear: 1 freed 4 from 7: time: 2.30 / -1.00 -- class: jockey (with shove? 0)
L 03/14/2021 - 16:54:13: [l4d2_skill_detect.smx] Clear: 4 freed 9 from 8: time: 4.76 / -1.00 -- class: hunter (with shove? 0)
L 03/14/2021 - 16:54:39: [l4d2_skill_detect.smx] calarm trigger: caller 865 / activator 865 / delay: 0.00
L 03/14/2021 - 16:54:47: [l4d2_skill_detect.smx] Charge carry start: 8 - 4 -- time: 362.57
L 03/14/2021 - 16:54:48: [l4d2_skill_detect.smx] Clear: 1 freed 4 from 8: time: 0.67 / 1.95 -- class: charger (with shove? 0)
L 03/14/2021 - 16:54:50: [l4d2_skill_detect.smx] Checking charge victim: 8 - 4 - flags: 1 (alive? 1)
L 03/14/2021 - 16:55:50: [l4d2_skill_detect.smx] Clear: 9 freed 1 from 5: time: 2.62 / -1.00 -- class: hunter (with shove? 0)
L 03/14/2021 - 16:55:57: [l4d2_skill_detect.smx] Clear: 4 freed 1 from 2: time: -1.00 / 1.23 -- class: smoker (with shove? 1)
L 03/14/2021 - 16:56:51: [l4d2_skill_detect.smx] Clear: 1 freed 4 from 2: time: 1.95 / -1.00 -- class: hunter (with shove? 0)
L 03/14/2021 - 16:57:06: [basecommands.smx] "Duяåznlто™<5><STEAM_1:1:4151444><>" kicked "✯Ana Carollina✯<12><STEAM_1:0:552963350><>" (reason "")
L 03/14/2021 - 16:58:11: [l4d2_skill_detect.smx] Clear: 8 freed 2 from 6: time: 1.95 / -1.00 -- class: jockey (with shove? 0)
L 03/14/2021 - 16:58:22: [l4d2_skill_detect.smx] Charge carry start: 10 - 8 -- time: 578.33
L 03/14/2021 - 16:58:25: [l4d2_skill_detect.smx] Clear: 3 freed 8 from 10: time: 0.73 / 2.21 -- class: charger (with shove? 0)
L 03/14/2021 - 16:58:26: [l4d2_skill_detect.smx] Checking charge victim: 10 - 8 - flags: 1 (alive? 1)
L 03/14/2021 - 16:58:55: [l4d2_skill_detect.smx] Charge carry start: 4 - 3 -- time: 611.39
L 03/14/2021 - 16:58:59: [l4d2_skill_detect.smx] Checking charge victim: 4 - 8 - flags: 0 (alive? 1)
L 03/14/2021 - 16:59:00: [l4d2_skill_detect.smx] Clear: 2 freed 3 from 4: time: 1.50 / 4.24 -- class: charger (with shove? 0)
L 03/14/2021 - 16:59:00: [l4d2_skill_detect.smx] Checking charge victim: 4 - 3 - flags: 1 (alive? 1)
L 03/14/2021 - 16:59:43: [l4d2_skill_detect.smx] Clear: 8 freed 3 from 4: time: 0.91 / -1.00 -- class: jockey (with shove? 1)
L 03/14/2021 - 17:00:13: [l4d2_skill_detect.smx] Charge carry start: 1 - 3 -- time: 689.14
L 03/14/2021 - 17:00:18: [l4d2_skill_detect.smx] Checking charge victim: 1 - 3 - flags: 1 (alive? 1)
L 03/14/2021 - 17:00:18: [l4d2_skill_detect.smx] Clear: 8 freed 3 from 1: time: 2.79 / 4.99 -- class: charger (with shove? 0)
L 03/14/2021 - 17:00:25: [l4d2_skill_detect.smx] Clear: 2 freed 3 from 4: time: 2.66 / -1.00 -- class: hunter (with shove? 0)
L 03/14/2021 - 17:00:27: [l4d2_skill_detect.smx] Clear: 2 freed 2 from 10: time: -1.00 / 0.54 -- class: smoker (with shove? 1)
L 03/14/2021 - 17:01:15: [l4d2_skill_detect.smx] Clear: 2 freed 5 from 4: time: 1.03 / -1.00 -- class: jockey (with shove? 0)
L 03/14/2021 - 17:02:07: [l4d2_skill_detect.smx] Clear: 3 freed 2 from 1: time: 0.00 / 2.21 -- class: smoker (with shove? 0)
L 03/14/2021 - 17:02:18: [l4d2_skill_detect.smx] Clear: 8 freed 5 from 7: time: -1.00 / 2.82 -- class: smoker (with shove? 0)
L 03/14/2021 - 17:02:31: [l4d2_skill_detect.smx] Clear: 2 freed 3 from 1: time: -1.00 / 2.00 -- class: smoker (with shove? 0)
L 03/14/2021 - 17:02:59: [l4d2_skill_detect.smx] Charge carry start: 4 - 2 -- time: 855.08
L 03/14/2021 - 17:03:01: [l4d2_skill_detect.smx] Clear: 5 freed 2 from 4: time: 0.15 / 1.39 -- class: charger (with shove? 0)
L 03/14/2021 - 17:03:02: [l4d2_skill_detect.smx] Clear: 5 freed 8 from 1: time: -1.00 / 1.60 -- class: smoker (with shove? 0)
L 03/14/2021 - 17:03:03: [l4d2_skill_detect.smx] Checking charge victim: 4 - 2 - flags: 1 (alive? 1)
L 03/14/2021 - 17:03:32: [l4d2_skill_detect.smx] Clear: 2 freed 3 from 4: time: 1.60 / -1.00 -- class: hunter (with shove? 0)
L 03/14/2021 - 17:04:07: -------- Mapchange to c2m2_fairgrounds --------
L 03/14/2021 - 17:04:09: [basecommands.smx] "Console<0><Console><Console>" changed cvar (cvar "sv_force_time_of_day") (value "0")
L 03/14/2021 - 17:04:09: [basecommands.smx] "Console<0><Console><Console>" changed cvar (cvar "z_witch_damage_per_kill_hit") (value "120")
L 03/14/2021 - 17:04:09: [basecommands.smx] "Console<0><Console><Console>" changed cvar (cvar "z_witch_anger_rate") (value "0.4")
L 03/14/2021 - 17:04:09: [basecommands.smx] "Console<0><Console><Console>" changed cvar (cvar "z_witch_flashlight_range") (value "2000")
L 03/14/2021 - 17:04:09: [basecommands.smx] "Console<0><Console><Console>" changed cvar (cvar "z_witch_burn_time") (value "100")
L 03/14/2021 - 17:04:09: [basecommands.smx] "Console<0><Console><Console>" changed cvar (cvar "z_tank_health") (value "4000")
L 03/14/2021 - 17:04:09: [basecommands.smx] "Console<0><Console><Console>" changed cvar (cvar "z_ghost_delay_min") (value "15")
L 03/14/2021 - 17:04:09: [basecommands.smx] "Console<0><Console><Console>" changed cvar (cvar "z_ghost_delay_max") (value "15")
L 03/14/2021 - 17:04:09: [basecommands.smx] "Console<0><Console><Console>" changed cvar (cvar "z_hunter_limit") (value "1")
L 03/14/2021 - 17:04:09: [basecommands.smx] "Console<0><Console><Console>" changed cvar (cvar "z_smoker_limit") (value "1")
L 03/14/2021 - 17:04:09: [basecommands.smx] "Console<0><Console><Console>" changed cvar (cvar "z_jockey_limit") (value "1")
L 03/14/2021 - 17:04:09: [basecommands.smx] "Console<0><Console><Console>" changed cvar (cvar "versus_tank_chance_intro") (value "1")
L 03/14/2021 - 17:04:09: [basecommands.smx] "Console<0><Console><Console>" changed cvar (cvar "versus_tank_chance_finale") (value "1")
L 03/14/2021 - 17:04:09: [basecommands.smx] "Console<0><Console><Console>" changed cvar (cvar "versus_tank_chance") (value "1")
L 03/14/2021 - 17:04:09: [basecommands.smx] "Console<0><Console><Console>" changed cvar (cvar "versus_witch_chance_intro") (value "0")
L 03/14/2021 - 17:04:09: [basecommands.smx] "Console<0><Console><Console>" changed cvar (cvar "versus_witch_chance_finale") (value "0")
L 03/14/2021 - 17:04:09: [basecommands.smx] "Console<0><Console><Console>" changed cvar (cvar "versus_witch_chance") (value "1")
L 03/14/2021 - 17:04:09: [basecommands.smx] "Console<0><Console><Console>" changed cvar (cvar "director_force_tank") (value "1")
L 03/14/2021 - 17:04:09: [basecommands.smx] "Console<0><Console><Console>" changed cvar (cvar "versus_boss_flow_min") (value "0.4")
L 03/14/2021 - 17:04:09: [basecommands.smx] "Console<0><Console><Console>" changed cvar (cvar "versus_boss_flow_max") (value "0.6")
L 03/14/2021 - 17:04:09: [basecommands.smx] "Console<0><Console><Console>" changed cvar (cvar "versus_boss_flow_min_intro") (value "0.1")
L 03/14/2021 - 17:04:09: [basecommands.smx] "Console<0><Console><Console>" changed cvar (cvar "versus_boss_flow_max_intro") (value "0.2")
L 03/14/2021 - 17:04:09: [basecommands.smx] "Console<0><Console><Console>" changed cvar (cvar "versus_boss_flow_min_finale") (value "0.1")
L 03/14/2021 - 17:04:09: [basecommands.smx] "Console<0><Console><Console>" changed cvar (cvar "versus_boss_flow_max_finale") (value "0.2")
L 03/14/2021 - 17:04:09: [basecommands.smx] "Console<0><Console><Console>" changed cvar (cvar "boomer_vomit_delay") (value "0.1")
L 03/14/2021 - 17:04:09: [basecommands.smx] "Console<0><Console><Console>" changed cvar (cvar "smoker_tongue_delay") (value "0.1")
L 03/14/2021 - 17:04:09: [basecommands.smx] "Console<0><Console><Console>" changed cvar (cvar "vs_survival_bonus") (value "35")
L 03/14/2021 - 17:04:09: [basecommands.smx] "Console<0><Console><Console>" changed cvar (cvar "z_tank_throw_health") (value "10")
L 03/14/2021 - 17:04:09: [basecommands.smx] "Console<0><Console><Console>" changed cvar (cvar "sv_client_min_interp_ratio") (value "-1")
L 03/14/2021 - 17:04:10: [basecommands.smx] "Console<0><Console><Console>" changed cvar (cvar "sv_client_max_interp_ratio") (value "0")
L 03/14/2021 - 17:04:10: [basecommands.smx] "Console<0><Console><Console>" changed cvar (cvar "sv_minrate") (value "100000")
L 03/14/2021 - 17:04:10: [basecommands.smx] "Console<0><Console><Console>" changed cvar (cvar "sv_maxrate") (value "100000")
L 03/14/2021 - 17:04:10: [basecommands.smx] "Console<0><Console><Console>" changed cvar (cvar "sv_mincmdrate") (value "100")
L 03/14/2021 - 17:04:10: [basecommands.smx] "Console<0><Console><Console>" changed cvar (cvar "sv_maxcmdrate") (value "100")
L 03/14/2021 - 17:04:10: [basecommands.smx] "Console<0><Console><Console>" changed cvar (cvar "sv_minupdaterate") (value "100")
L 03/14/2021 - 17:04:10: [basecommands.smx] "Console<0><Console><Console>" changed cvar (cvar "sv_maxupdaterate") (value "100")
L 03/14/2021 - 17:04:10: [basecommands.smx] "Console<0><Console><Console>" changed cvar (cvar "nb_update_frequency") (value "0.014")
L 03/14/2021 - 17:04:10: [basecommands.smx] "Console<0><Console><Console>" changed cvar (cvar "net_splitpacket_maxrate") (value "50000")
L 03/14/2021 - 17:04:10: [basecommands.smx] "Console<0><Console><Console>" changed cvar (cvar "fps_max") (value "0")
L 03/14/2021 - 17:04:10: [basecommands.smx] "Console<0><Console><Console>" changed cvar (cvar "hostname") (value "Versus")
L 03/14/2021 - 17:06:22: [l4d2_skill_detect.smx] Clear: 6 freed 7 from 5: time: 2.80 / -1.00 -- class: jockey (with shove? 0)
L 03/14/2021 - 17:06:26: [l4d2_skill_detect.smx] Clear: 1 freed 7 from 8: time: 0.91 / -1.00 -- class: hunter (with shove? 0)
L 03/14/2021 - 17:06:29: [l4d2_skill_detect.smx] Charge carry start: 3 - 7 -- time: 137.13
L 03/14/2021 - 17:06:31: [l4d2_skill_detect.smx] Clear: 1 freed 7 from 3: time: 0.74 / 2.75 -- class: charger (with shove? 0)
L 03/14/2021 - 17:06:33: [l4d2_skill_detect.smx] Checking charge victim: 3 - 7 - flags: 1 (alive? 1)
L 03/14/2021 - 17:06:33: [l4d2_skill_detect.smx] Checking charge victim: 3 - 6 - flags: 0 (alive? 1)
L 03/14/2021 - 17:08:21: [l4d2_skill_detect.smx] Clear: 1 freed 6 from 3: time: 9.40 / -1.00 -- class: hunter (with shove? 0)
L 03/14/2021 - 17:09:54: [l4d2_skill_detect.smx] Clear: 4 freed 9 from 5: time: 4.47 / -1.00 -- class: hunter (with shove? 0)
L 03/14/2021 - 17:10:02: [l4d2_skill_detect.smx] Witch Crown Check: crown shot: 912, harrassed: 0 (full health: 1000 / drawthresh: 500 / oneshot 1)
L 03/14/2021 - 17:10:29: [l4d2_skill_detect.smx] Clear: 1 freed 4 from 3: time: 4.48 / -1.00 -- class: hunter (with shove? 0)
L 03/14/2021 - 17:11:00: [l4d2_skill_detect.smx] Charge carry start: 3 - 4 -- time: 408.53
L 03/14/2021 - 17:11:05: [l4d2_skill_detect.smx] Checking charge victim: 3 - 9 - flags: 0 (alive? 1)
L 03/14/2021 - 17:11:05: [l4d2_skill_detect.smx] Checking charge victim: 3 - 4 - flags: 1 (alive? 1)
L 03/14/2021 - 17:11:07: [l4d2_skill_detect.smx] Clear: 6 freed 4 from 3: time: 3.01 / 6.45 -- class: charger (with shove? 0)
L 03/14/2021 - 17:11:15: [l4d2_skill_detect.smx] Clear: 6 freed 1 from 2: time: 5.26 / -1.00 -- class: hunter (with shove? 0)
L 03/14/2021 - 17:11:18: [l4d2_skill_detect.smx] Clear: 9 freed 4 from 5: time: -1.00 / 2.33 -- class: smoker (with shove? 0)
L 03/14/2021 - 17:11:37: [l4d2_skill_detect.smx] Clear: 1 freed 9 from 3: time: 1.22 / -1.00 -- class: jockey (with shove? 0)
L 03/14/2021 - 17:11:51: [l4d2_skill_detect.smx] Clear: 1 freed 4 from 2: time: 1.60 / -1.00 -- class: hunter (with shove? 0)
L 03/14/2021 - 17:14:01: [l4d2_skill_detect.smx] Clear: 5 freed 2 from 6: time: 2.21 / -1.00 -- class: jockey (with shove? 0)
L 03/14/2021 - 17:14:13: [l4d2_skill_detect.smx] Clear: 8 freed 3 from 1: time: 1.80 / -1.00 -- class: hunter (with shove? 1)
L 03/14/2021 - 17:14:16: [l4d2_skill_detect.smx] Clear: 3 freed 8 from 1: time: 1.42 / -1.00 -- class: hunter (with shove? 0)
L 03/14/2021 - 17:14:17: [l4d2_skill_detect.smx] Charge carry start: 4 - 5 -- time: 605.45
L 03/14/2021 - 17:14:19: [l4d2_skill_detect.smx] Clear: 3 freed 5 from 4: time: 0.23 / 1.73 -- class: charger (with shove? 0)
L 03/14/2021 - 17:14:21: [l4d2_skill_detect.smx] Checking charge victim: 4 - 5 - flags: 1 (alive? 1)
L 03/14/2021 - 17:14:52: [l4d2_skill_detect.smx] Clear: 3 freed 5 from 1: time: 1.81 / -1.00 -- class: jockey (with shove? 0)
L 03/14/2021 - 17:14:56: [l4d2_skill_detect.smx] Clear: 5 freed 8 from 4: time: -1.00 / 1.97 -- class: smoker (with shove? 0)
L 03/14/2021 - 17:15:14: [l4d2_tankswap.smx] ReplaceTank being called, client Tank target ♛ Rain ♛
L 03/14/2021 - 17:15:14: [l4d2_tankswap.smx] ZombieManager pointer: 0x44d2c00
L 03/14/2021 - 17:15:25: [l4d2_skill_detect.smx] Charge carry start: 9 - 3 -- time: 672.61
L 03/14/2021 - 17:15:27: [l4d2_skill_detect.smx] Clear: 8 freed 3 from 9: time: 0.38 / 2.90 -- class: charger (with shove? 0)
L 03/14/2021 - 17:15:29: [l4d2_skill_detect.smx] Checking charge victim: 9 - 3 - flags: 1 (alive? 1)
L 03/14/2021 - 17:16:15: [l4d2_skill_detect.smx] Clear: 8 freed 3 from 6: time: 0.76 / 723.26 -- class: charger (with shove? 0)
L 03/14/2021 - 17:16:45: [l4d2_skill_detect.smx] Clear: 8 freed 2 from 9: time: 1.50 / -1.00 -- class: hunter (with shove? 0)
L 03/14/2021 - 17:16:46: [l4d2_skill_detect.smx] Clear: 8 freed 3 from 6: time: 1.79 / 3.30 -- class: smoker (with shove? 1)
L 03/14/2021 - 17:16:58: [l4d2_skill_detect.smx] Clear: 8 freed 3 from 4: time: 0.91 / -1.00 -- class: jockey (with shove? 1)
L 03/14/2021 - 17:17:34: [l4d2_skill_detect.smx] Clear: 2 freed 8 from 4: time: 2.85 / -1.00 -- class: hunter (with shove? 1)
L 03/14/2021 - 17:17:46: [l4d2_skill_detect.smx] Clear: 2 freed 3 from 6: time: 5.55 / -1.00 -- class: jockey (with shove? 0)
L 03/14/2021 - 17:18:08: [l4d2_skill_detect.smx] Charge carry start: 9 - 8 -- time: 835.82
L 03/14/2021 - 17:18:10: [l4d2_skill_detect.smx] Clear: 2 freed 8 from 9: time: 1.23 / 1.98 -- class: charger (with shove? 0)
L 03/14/2021 - 17:18:11: [l4d2_skill_detect.smx] Checking charge victim: 9 - 8 - flags: 1 (alive? 1)
L 03/14/2021 - 17:18:15: [l4d2_skill_detect.smx] Clear: 3 freed 2 from 6: time: 2.22 / -1.00 -- class: hunter (with shove? 0)
L 03/14/2021 - 17:19:03: [l4d2_skill_detect.smx] Clear: 8 freed 2 from 9: time: 0.55 / -1.00 -- class: jockey (with shove? 1)
L 03/14/2021 - 17:20:14: [l4d2_skill_detect.smx] Charge carry start: 6 - 2 -- time: 962.57
L 03/14/2021 - 17:20:20: [l4d2_skill_detect.smx] Checking charge victim: 6 - 2 - flags: 1 (alive? 1)
L 03/14/2021 - 17:20:26: [l4d2_skill_detect.smx] Clear: 3 freed 2 from 6: time: 8.16 / 11.51 -- class: charger (with shove? 0)
L 03/14/2021 - 17:20:41: [l4d2_skill_detect.smx] Clear: 3 freed 8 from 9: time: 4.21 / -1.00 -- class: hunter (with shove? 0)
L 03/14/2021 - 17:21:23: -------- Mapchange to c2m3_coaster --------
L 03/14/2021 - 17:21:26: [basecommands.smx] "Console<0><Console><Console>" changed cvar (cvar "sv_force_time_of_day") (value "0")
L 03/14/2021 - 17:21:26: [basecommands.smx] "Console<0><Console><Console>" changed cvar (cvar "z_witch_damage_per_kill_hit") (value "120")
L 03/14/2021 - 17:21:26: [basecommands.smx] "Console<0><Console><Console>" changed cvar (cvar "z_witch_anger_rate") (value "0.4")
L 03/14/2021 - 17:21:26: [basecommands.smx] "Console<0><Console><Console>" changed cvar (cvar "z_witch_flashlight_range") (value "2000")
L 03/14/2021 - 17:21:26: [basecommands.smx] "Console<0><Console><Console>" changed cvar (cvar "z_witch_burn_time") (value "100")
L 03/14/2021 - 17:21:26: [basecommands.smx] "Console<0><Console><Console>" changed cvar (cvar "z_tank_health") (value "4000")
L 03/14/2021 - 17:21:26: [basecommands.smx] "Console<0><Console><Console>" changed cvar (cvar "z_ghost_delay_min") (value "15")
L 03/14/2021 - 17:21:26: [basecommands.smx] "Console<0><Console><Console>" changed cvar (cvar "z_ghost_delay_max") (value "15")
L 03/14/2021 - 17:21:26: [basecommands.smx] "Console<0><Console><Console>" changed cvar (cvar "z_hunter_limit") (value "1")
L 03/14/2021 - 17:21:26: [basecommands.smx] "Console<0><Console><Console>" changed cvar (cvar "z_smoker_limit") (value "1")
L 03/14/2021 - 17:21:26: [basecommands.smx] "Console<0><Console><Console>" changed cvar (cvar "z_jockey_limit") (value "1")
L 03/14/2021 - 17:21:26: [basecommands.smx] "Console<0><Console><Console>" changed cvar (cvar "versus_tank_chance_intro") (value "1")
L 03/14/2021 - 17:21:26: [basecommands.smx] "Console<0><Console><Console>" changed cvar (cvar "versus_tank_chance_finale") (value "1")
L 03/14/2021 - 17:21:26: [basecommands.smx] "Console<0><Console><Console>" changed cvar (cvar "versus_tank_chance") (value "1")
L 03/14/2021 - 17:21:26: [basecommands.smx] "Console<0><Console><Console>" changed cvar (cvar "versus_witch_chance_intro") (value "0")
L 03/14/2021 - 17:21:26: [basecommands.smx] "Console<0><Console><Console>" changed cvar (cvar "versus_witch_chance_finale") (value "0")
L 03/14/2021 - 17:21:26: [basecommands.smx] "Console<0><Console><Console>" changed cvar (cvar "versus_witch_chance") (value "1")
L 03/14/2021 - 17:21:26: [basecommands.smx] "Console<0><Console><Console>" changed cvar (cvar "director_force_tank") (value "1")
L 03/14/2021 - 17:21:26: [basecommands.smx] "Console<0><Console><Console>" changed cvar (cvar "versus_boss_flow_min") (value "0.4")
L 03/14/2021 - 17:21:26: [basecommands.smx] "Console<0><Console><Console>" changed cvar (cvar "versus_boss_flow_max") (value "0.6")
L 03/14/2021 - 17:21:26: [basecommands.smx] "Console<0><Console><Console>" changed cvar (cvar "versus_boss_flow_min_intro") (value "0.1")
L 03/14/2021 - 17:21:26: [basecommands.smx] "Console<0><Console><Console>" changed cvar (cvar "versus_boss_flow_max_intro") (value "0.2")
L 03/14/2021 - 17:21:26: [basecommands.smx] "Console<0><Console><Console>" changed cvar (cvar "versus_boss_flow_min_finale") (value "0.1")
L 03/14/2021 - 17:21:26: [basecommands.smx] "Console<0><Console><Console>" changed cvar (cvar "versus_boss_flow_max_finale") (value "0.2")
L 03/14/2021 - 17:21:26: [basecommands.smx] "Console<0><Console><Console>" changed cvar (cvar "boomer_vomit_delay") (value "0.1")
L 03/14/2021 - 17:21:26: [basecommands.smx] "Console<0><Console><Console>" changed cvar (cvar "smoker_tongue_delay") (value "0.1")
L 03/14/2021 - 17:21:26: [basecommands.smx] "Console<0><Console><Console>" changed cvar (cvar "vs_survival_bonus") (value "35")
L 03/14/2021 - 17:21:26: [basecommands.smx] "Console<0><Console><Console>" changed cvar (cvar "z_tank_throw_health") (value "10")
L 03/14/2021 - 17:21:26: [basecommands.smx] "Console<0><Console><Console>" changed cvar (cvar "sv_client_min_interp_ratio") (value "-1")
L 03/14/2021 - 17:21:26: [basecommands.smx] "Console<0><Console><Console>" changed cvar (cvar "sv_client_max_interp_ratio") (value "0")
L 03/14/2021 - 17:21:26: [basecommands.smx] "Console<0><Console><Console>" changed cvar (cvar "sv_minrate") (value "100000")
L 03/14/2021 - 17:21:26: [basecommands.smx] "Console<0><Console><Console>" changed cvar (cvar "sv_maxrate") (value "100000")
L 03/14/2021 - 17:21:26: [basecommands.smx] "Console<0><Console><Console>" changed cvar (cvar "sv_mincmdrate") (value "100")
L 03/14/2021 - 17:21:26: [basecommands.smx] "Console<0><Console><Console>" changed cvar (cvar "sv_maxcmdrate") (value "100")
L 03/14/2021 - 17:21:26: [basecommands.smx] "Console<0><Console><Console>" changed cvar (cvar "sv_minupdaterate") (value "100")
L 03/14/2021 - 17:21:26: [basecommands.smx] "Console<0><Console><Console>" changed cvar (cvar "sv_maxupdaterate") (value "100")
L 03/14/2021 - 17:21:26: [basecommands.smx] "Console<0><Console><Console>" changed cvar (cvar "nb_update_frequency") (value "0.014")
L 03/14/2021 - 17:21:26: [basecommands.smx] "Console<0><Console><Console>" changed cvar (cvar "net_splitpacket_maxrate") (value "50000")
L 03/14/2021 - 17:21:26: [basecommands.smx] "Console<0><Console><Console>" changed cvar (cvar "fps_max") (value "0")
L 03/14/2021 - 17:21:26: [basecommands.smx] "Console<0><Console><Console>" changed cvar (cvar "hostname") (value "Versus")
L 03/14/2021 - 17:23:16: [l4d2_skill_detect.smx] Charge carry start: 8 - 2 -- time: 107.65
L 03/14/2021 - 17:23:19: [l4d2_skill_detect.smx] Clear: 4 freed 2 from 8: time: 1.11 / 2.27 -- class: charger (with shove? 0)
L 03/14/2021 - 17:23:20: [l4d2_skill_detect.smx] Checking charge victim: 8 - 2 - flags: 1 (alive? 1)
L 03/14/2021 - 17:23:42: -------- Mapchange to c8m1_apartment --------
L 03/14/2021 - 17:23:47: [basecommands.smx] "Console<0><Console><Console>" changed cvar (cvar "sv_force_time_of_day") (value "0")
L 03/14/2021 - 17:23:47: [basecommands.smx] "Console<0><Console><Console>" changed cvar (cvar "z_witch_damage_per_kill_hit") (value "120")
L 03/14/2021 - 17:23:47: [basecommands.smx] "Console<0><Console><Console>" changed cvar (cvar "z_witch_anger_rate") (value "0.4")
L 03/14/2021 - 17:23:47: [basecommands.smx] "Console<0><Console><Console>" changed cvar (cvar "z_witch_flashlight_range") (value "2000")
L 03/14/2021 - 17:23:47: [basecommands.smx] "Console<0><Console><Console>" changed cvar (cvar "z_witch_burn_time") (value "100")
L 03/14/2021 - 17:23:47: [basecommands.smx] "Console<0><Console><Console>" changed cvar (cvar "z_tank_health") (value "4000")
L 03/14/2021 - 17:23:47: [basecommands.smx] "Console<0><Console><Console>" changed cvar (cvar "z_ghost_delay_min") (value "15")
L 03/14/2021 - 17:23:47: [basecommands.smx] "Console<0><Console><Console>" changed cvar (cvar "z_ghost_delay_max") (value "15")
L 03/14/2021 - 17:23:47: [basecommands.smx] "Console<0><Console><Console>" changed cvar (cvar "z_hunter_limit") (value "1")
L 03/14/2021 - 17:23:47: [basecommands.smx] "Console<0><Console><Console>" changed cvar (cvar "z_smoker_limit") (value "1")
L 03/14/2021 - 17:23:47: [basecommands.smx] "Console<0><Console><Console>" changed cvar (cvar "z_jockey_limit") (value "1")
L 03/14/2021 - 17:23:47: [basecommands.smx] "Console<0><Console><Console>" changed cvar (cvar "versus_tank_chance_intro") (value "1")
L 03/14/2021 - 17:23:47: [basecommands.smx] "Console<0><Console><Console>" changed cvar (cvar "versus_tank_chance_finale") (value "1")
L 03/14/2021 - 17:23:47: [basecommands.smx] "Console<0><Console><Console>" changed cvar (cvar "versus_tank_chance") (value "1")
L 03/14/2021 - 17:23:47: [basecommands.smx] "Console<0><Console><Console>" changed cvar (cvar "versus_witch_chance_intro") (value "0")
L 03/14/2021 - 17:23:47: [basecommands.smx] "Console<0><Console><Console>" changed cvar (cvar "versus_witch_chance_finale") (value "0")
L 03/14/2021 - 17:23:47: [basecommands.smx] "Console<0><Console><Console>" changed cvar (cvar "versus_witch_chance") (value "1")
L 03/14/2021 - 17:23:47: [basecommands.smx] "Console<0><Console><Console>" changed cvar (cvar "director_force_tank") (value "1")
L 03/14/2021 - 17:23:47: [basecommands.smx] "Console<0><Console><Console>" changed cvar (cvar "versus_boss_flow_min") (value "0.4")
L 03/14/2021 - 17:23:47: [basecommands.smx] "Console<0><Console><Console>" changed cvar (cvar "versus_boss_flow_max") (value "0.6")
L 03/14/2021 - 17:23:47: [basecommands.smx] "Console<0><Console><Console>" changed cvar (cvar "versus_boss_flow_min_intro") (value "0.1")
L 03/14/2021 - 17:23:47: [basecommands.smx] "Console<0><Console><Console>" changed cvar (cvar "versus_boss_flow_max_intro") (value "0.2")
L 03/14/2021 - 17:23:47: [basecommands.smx] "Console<0><Console><Console>" changed cvar (cvar "versus_boss_flow_min_finale") (value "0.1")
L 03/14/2021 - 17:23:47: [basecommands.smx] "Console<0><Console><Console>" changed cvar (cvar "versus_boss_flow_max_finale") (value "0.2")
L 03/14/2021 - 17:23:47: [basecommands.smx] "Console<0><Console><Console>" changed cvar (cvar "boomer_vomit_delay") (value "0.1")
L 03/14/2021 - 17:23:47: [basecommands.smx] "Console<0><Console><Console>" changed cvar (cvar "smoker_tongue_delay") (value "0.1")
L 03/14/2021 - 17:23:47: [basecommands.smx] "Console<0><Console><Console>" changed cvar (cvar "vs_survival_bonus") (value "35")
L 03/14/2021 - 17:23:47: [basecommands.smx] "Console<0><Console><Console>" changed cvar (cvar "z_tank_throw_health") (value "10")
L 03/14/2021 - 17:23:47: [basecommands.smx] "Console<0><Console><Console>" changed cvar (cvar "sv_client_min_interp_ratio") (value "-1")
L 03/14/2021 - 17:23:47: [basecommands.smx] "Console<0><Console><Console>" changed cvar (cvar "sv_client_max_interp_ratio") (value "0")
L 03/14/2021 - 17:23:47: [basecommands.smx] "Console<0><Console><Console>" changed cvar (cvar "sv_minrate") (value "100000")
L 03/14/2021 - 17:23:47: [basecommands.smx] "Console<0><Console><Console>" changed cvar (cvar "sv_maxrate") (value "100000")
L 03/14/2021 - 17:23:47: [basecommands.smx] "Console<0><Console><Console>" changed cvar (cvar "sv_mincmdrate") (value "100")
L 03/14/2021 - 17:23:47: [basecommands.smx] "Console<0><Console><Console>" changed cvar (cvar "sv_maxcmdrate") (value "100")
L 03/14/2021 - 17:23:47: [basecommands.smx] "Console<0><Console><Console>" changed cvar (cvar "sv_minupdaterate") (value "100")
L 03/14/2021 - 17:23:47: [basecommands.smx] "Console<0><Console><Console>" changed cvar (cvar "sv_maxupdaterate") (value "100")
L 03/14/2021 - 17:23:47: [basecommands.smx] "Console<0><Console><Console>" changed cvar (cvar "nb_update_frequency") (value "0.014")
L 03/14/2021 - 17:23:47: [basecommands.smx] "Console<0><Console><Console>" changed cvar (cvar "net_splitpacket_maxrate") (value "50000")
L 03/14/2021 - 17:23:47: [basecommands.smx] "Console<0><Console><Console>" changed cvar (cvar "fps_max") (value "0")
L 03/14/2021 - 17:23:47: [basecommands.smx] "Console<0><Console><Console>" changed cvar (cvar "hostname") (value "Versus")
L 03/14/2021 - 17:25:08: [basecommands.smx] "♛ Rain ♛<2><STEAM_1:0:162762726><>" changed cvar (cvar "vs_max_team_switches") (value "0")
L 03/14/2021 - 17:25:32: [l4d2_skill_detect.smx] Clear: 6 freed 1 from 7: time: 1.58 / 3.09 -- class: smoker (with shove? 1)
L 03/14/2021 - 17:25:51: [l4d2_skill_detect.smx] Clear: 2 freed 6 from 5: time: 2.37 / -1.00 -- class: hunter (with shove? 1)
L 03/14/2021 - 17:25:54: [l4d2_skill_detect.smx] Clear: 1 freed 2 from 5: time: 1.05 / -1.00 -- class: hunter (with shove? 0)
L 03/14/2021 - 17:25:57: [l4d2_skill_detect.smx] Clear: 1 freed 6 from 7: time: -1.00 / 2.80 -- class: smoker (with shove? 0)
L 03/14/2021 - 17:26:03: [basecommands.smx] "Duяåznlто™<5><STEAM_1:1:4151444><>" changed cvar (cvar "vs_max_team_switches") (value "5")
L 03/14/2021 - 17:26:07: [basecommands.smx] "Duяåznlто™<5><STEAM_1:1:4151444><>" changed cvar (cvar "vs_max_team_switches") (value "0")
L 03/14/2021 - 17:26:51: [l4d2_skill_detect.smx] Clear: 3 freed 4 from 5: time: 0.11 / 0.64 -- class: smoker (with shove? 1)
L 03/14/2021 - 17:27:39: [l4d2_skill_detect.smx] Charge carry start: 8 - 1 -- time: 231.11
L 03/14/2021 - 17:27:43: [l4d2_skill_detect.smx] Clear: 4 freed 1 from 8: time: 0.72 / 3.67 -- class: charger (with shove? 0)
L 03/14/2021 - 17:27:44: [l4d2_skill_detect.smx] Checking charge victim: 8 - 1 - flags: 1 (alive? 1)
L 03/14/2021 - 17:27:45: [l4d2_skill_detect.smx] Clear: 6 freed 6 from 7: time: -1.00 / 0.02 -- class: smoker (with shove? 0)
L 03/14/2021 - 17:27:55: [l4d2_skill_detect.smx] calarm trigger: caller 1171 / activator 1171 / delay: 0.00
L 03/14/2021 - 17:27:55: [l4d2_skill_detect.smx] Clear: 3 freed 6 from 2: time: 1.16 / -1.00 -- class: hunter (with shove? 0)
L 03/14/2021 - 17:28:02: [l4d2_skill_detect.smx] Clear: 4 freed 1 from 5: time: 2.44 / -1.00 -- class: jockey (with shove? 1)
L 03/14/2021 - 17:28:06: [l4d2_skill_detect.smx] Witch Crown Check: Failed: bungled: 0 / crowntype: 0 (entity: 179)
L 03/14/2021 - 17:28:06: [l4d2_skill_detect.smx] Witch Crown Check: Further details: attacker: Grimm, attacker dmg: 683, teamless dmg: 0
L 03/14/2021 - 17:28:19: [l4d2_skill_detect.smx] Charge carry start: 7 - 6 -- time: 270.97
L 03/14/2021 - 17:28:20: [l4d2_skill_detect.smx] Clear: 1 freed 6 from 7: time: 0.13 / 0.95 -- class: charger (with shove? 0)
L 03/14/2021 - 17:28:22: [l4d2_skill_detect.smx] Checking charge victim: 7 - 6 - flags: 1 (alive? 1)
L 03/14/2021 - 17:30:09: [l4d2_skill_detect.smx] Clear: 11 freed 3 from 4: time: 13.71 / -1.00 -- class: hunter (with shove? 1)
L 03/14/2021 - 17:30:45: -------- Mapchange to c5m1_waterfront --------
L 03/14/2021 - 17:30:49: [basecommands.smx] "Console<0><Console><Console>" changed cvar (cvar "sv_force_time_of_day") (value "0")
L 03/14/2021 - 17:30:49: [basecommands.smx] "Console<0><Console><Console>" changed cvar (cvar "z_witch_damage_per_kill_hit") (value "120")
L 03/14/2021 - 17:30:49: [basecommands.smx] "Console<0><Console><Console>" changed cvar (cvar "z_witch_anger_rate") (value "0.4")
L 03/14/2021 - 17:30:49: [basecommands.smx] "Console<0><Console><Console>" changed cvar (cvar "z_witch_flashlight_range") (value "2000")
L 03/14/2021 - 17:30:49: [basecommands.smx] "Console<0><Console><Console>" changed cvar (cvar "z_witch_burn_time") (value "100")
L 03/14/2021 - 17:30:49: [basecommands.smx] "Console<0><Console><Console>" changed cvar (cvar "z_tank_health") (value "4000")
L 03/14/2021 - 17:30:49: [basecommands.smx] "Console<0><Console><Console>" changed cvar (cvar "z_ghost_delay_min") (value "15")
L 03/14/2021 - 17:30:49: [basecommands.smx] "Console<0><Console><Console>" changed cvar (cvar "z_ghost_delay_max") (value "15")
L 03/14/2021 - 17:30:49: [basecommands.smx] "Console<0><Console><Console>" changed cvar (cvar "z_hunter_limit") (value "1")
L 03/14/2021 - 17:30:49: [basecommands.smx] "Console<0><Console><Console>" changed cvar (cvar "z_smoker_limit") (value "1")
L 03/14/2021 - 17:30:49: [basecommands.smx] "Console<0><Console><Console>" changed cvar (cvar "z_jockey_limit") (value "1")
L 03/14/2021 - 17:30:49: [basecommands.smx] "Console<0><Console><Console>" changed cvar (cvar "versus_tank_chance_intro") (value "1")
L 03/14/2021 - 17:30:49: [basecommands.smx] "Console<0><Console><Console>" changed cvar (cvar "versus_tank_chance_finale") (value "1")
L 03/14/2021 - 17:30:49: [basecommands.smx] "Console<0><Console><Console>" changed cvar (cvar "versus_tank_chance") (value "1")
L 03/14/2021 - 17:30:49: [basecommands.smx] "Console<0><Console><Console>" changed cvar (cvar "versus_witch_chance_intro") (value "0")
L 03/14/2021 - 17:30:49: [basecommands.smx] "Console<0><Console><Console>" changed cvar (cvar "versus_witch_chance_finale") (value "0")
L 03/14/2021 - 17:30:49: [basecommands.smx] "Console<0><Console><Console>" changed cvar (cvar "versus_witch_chance") (value "1")
L 03/14/2021 - 17:30:49: [basecommands.smx] "Console<0><Console><Console>" changed cvar (cvar "director_force_tank") (value "1")
L 03/14/2021 - 17:30:49: [basecommands.smx] "Console<0><Console><Console>" changed cvar (cvar "versus_boss_flow_min") (value "0.4")
L 03/14/2021 - 17:30:49: [basecommands.smx] "Console<0><Console><Console>" changed cvar (cvar "versus_boss_flow_max") (value "0.6")
L 03/14/2021 - 17:30:49: [basecommands.smx] "Console<0><Console><Console>" changed cvar (cvar "versus_boss_flow_min_intro") (value "0.1")
L 03/14/2021 - 17:30:49: [basecommands.smx] "Console<0><Console><Console>" changed cvar (cvar "versus_boss_flow_max_intro") (value "0.2")
L 03/14/2021 - 17:30:49: [basecommands.smx] "Console<0><Console><Console>" changed cvar (cvar "versus_boss_flow_min_finale") (value "0.1")
L 03/14/2021 - 17:30:49: [basecommands.smx] "Console<0><Console><Console>" changed cvar (cvar "versus_boss_flow_max_finale") (value "0.2")
L 03/14/2021 - 17:30:49: [basecommands.smx] "Console<0><Console><Console>" changed cvar (cvar "boomer_vomit_delay") (value "0.1")
L 03/14/2021 - 17:30:49: [basecommands.smx] "Console<0><Console><Console>" changed cvar (cvar "smoker_tongue_delay") (value "0.1")
L 03/14/2021 - 17:30:49: [basecommands.smx] "Console<0><Console><Console>" changed cvar (cvar "vs_survival_bonus") (value "35")
L 03/14/2021 - 17:30:49: [basecommands.smx] "Console<0><Console><Console>" changed cvar (cvar "z_tank_throw_health") (value "10")
L 03/14/2021 - 17:30:49: [basecommands.smx] "Console<0><Console><Console>" changed cvar (cvar "sv_client_min_interp_ratio") (value "-1")
L 03/14/2021 - 17:30:49: [basecommands.smx] "Console<0><Console><Console>" changed cvar (cvar "sv_client_max_interp_ratio") (value "0")
L 03/14/2021 - 17:30:49: [basecommands.smx] "Console<0><Console><Console>" changed cvar (cvar "sv_minrate") (value "100000")
L 03/14/2021 - 17:30:49: [basecommands.smx] "Console<0><Console><Console>" changed cvar (cvar "sv_maxrate") (value "100000")
L 03/14/2021 - 17:30:49: [basecommands.smx] "Console<0><Console><Console>" changed cvar (cvar "sv_mincmdrate") (value "100")
L 03/14/2021 - 17:30:49: [basecommands.smx] "Console<0><Console><Console>" changed cvar (cvar "sv_maxcmdrate") (value "100")
L 03/14/2021 - 17:30:49: [basecommands.smx] "Console<0><Console><Console>" changed cvar (cvar "sv_minupdaterate") (value "100")
L 03/14/2021 - 17:30:49: [basecommands.smx] "Console<0><Console><Console>" changed cvar (cvar "sv_maxupdaterate") (value "100")
L 03/14/2021 - 17:30:49: [basecommands.smx] "Console<0><Console><Console>" changed cvar (cvar "nb_update_frequency") (value "0.014")
L 03/14/2021 - 17:30:49: [basecommands.smx] "Console<0><Console><Console>" changed cvar (cvar "net_splitpacket_maxrate") (value "50000")
L 03/14/2021 - 17:30:49: [basecommands.smx] "Console<0><Console><Console>" changed cvar (cvar "fps_max") (value "0")
L 03/14/2021 - 17:30:49: [basecommands.smx] "Console<0><Console><Console>" changed cvar (cvar "hostname") (value "Versus")
L 03/14/2021 - 17:32:36: [l4d2_skill_detect.smx] Clear: 4 freed 1 from 7: time: 2.27 / -1.00 -- class: jockey (with shove? 0)
L 03/14/2021 - 17:33:08: [l4d2_skill_detect.smx] Clear: 6 freed 1 from 9: time: 1.31 / 3.52 -- class: smoker (with shove? 1)
L 03/14/2021 - 17:33:34: [l4d2_skill_detect.smx] Clear: 6 freed 6 from 9: time: -1.00 / 0.08 -- class: smoker (with shove? 0)
L 03/14/2021 - 17:33:50: [l4d2_skill_detect.smx] Clear: 1 freed 6 from 7: time: 10.88 / -1.00 -- class: jockey (with shove? 0)
L 03/14/2021 - 17:33:57: [l4d2_skill_detect.smx] Clear: 1 freed 4 from 9: time: 12.98 / 16.53 -- class: smoker (with shove? 0)
L 03/14/2021 - 17:34:32: [l4d2_skill_detect.smx] Charge carry start: 2 - 3 -- time: 218.08
L 03/14/2021 - 17:34:35: [l4d2_skill_detect.smx] Clear: 1 freed 3 from 2: time: 1.05 / 2.88 -- class: charger (with shove? 0)
L 03/14/2021 - 17:34:36: [l4d2_skill_detect.smx] Checking charge victim: 2 - 3 - flags: 1 (alive? 1)
L 03/14/2021 - 17:34:36: [l4d2_skill_detect.smx] Checking charge victim: 2 - 4 - flags: 0 (alive? 1)
L 03/14/2021 - 17:34:45: [l4d2_skill_detect.smx] Clear: 3 freed 4 from 2: time: 3.02 / -1.00 -- class: hunter (with shove? 0)
L 03/14/2021 - 17:35:00: [l4d2_skill_detect.smx] Clear: 1 freed 3 from 8: time: 3.33 / -1.00 -- class: jockey (with shove? 1)
L 03/14/2021 - 17:35:23: [l4d2_skill_detect.smx] Clear: 6 freed 3 from 8: time: -1.00 / 3.22 -- class: smoker (with shove? 0)
L 03/14/2021 - 17:35:42: [l4d2_skill_detect.smx] Clear: 6 freed 3 from 8: time: -1.00 / 0.37 -- class: smoker (with shove? 0)
L 03/14/2021 - 17:35:49: [l4d2_skill_detect.smx] Charge carry start: 5 - 3 -- time: 295.10
L 03/14/2021 - 17:35:52: [l4d2_skill_detect.smx] Clear: 1 freed 3 from 5: time: 0.51 / 2.57 -- class: charger (with shove? 0)
L 03/14/2021 - 17:35:53: [l4d2_skill_detect.smx] Checking charge victim: 5 - 3 - flags: 1 (alive? 1)
L 03/14/2021 - 17:35:53: [l4d2_skill_detect.smx] Checking charge victim: 5 - 6 - flags: 0 (alive? 1)
L 03/14/2021 - 17:35:56: [l4d2_skill_detect.smx] calarm trigger: caller 575 / activator 575 / delay: 0.00
L 03/14/2021 - 17:36:09: [l4d2_skill_detect.smx] Clear: 4 freed 3 from 2: time: 1.30 / -1.00 -- class: jockey (with shove? 0)
L 03/14/2021 - 17:37:36: [l4d2_skill_detect.smx] Charge carry start: 4 - 3 -- time: 401.95
L 03/14/2021 - 17:37:41: [l4d2_skill_detect.smx] Checking charge victim: 4 - 8 - flags: 0 (alive? 1)
L 03/14/2021 - 17:37:41: [l4d2_skill_detect.smx] Checking charge victim: 4 - 3 - flags: 1 (alive? 1)
L 03/14/2021 - 17:37:43: [l4d2_skill_detect.smx] Clear: 8 freed 3 from 4: time: 4.01 / 6.61 -- class: charger (with shove? 0)
L 03/14/2021 - 17:37:44: [l4d2_skill_detect.smx] Clear: 9 freed 5 from 11: time: 2.79 / -1.00 -- class: jockey (with shove? 1)
L 03/14/2021 - 17:37:51: [l4d2_skill_detect.smx] Clear: 8 freed 9 from 10: time: 2.32 / -1.00 -- class: hunter (with shove? 0)
L 03/14/2021 - 17:38:37: -------- Mapchange to c5m2_park --------
L 03/14/2021 - 17:38:40: [basecommands.smx] "Console<0><Console><Console>" changed cvar (cvar "sv_force_time_of_day") (value "0")
L 03/14/2021 - 17:38:40: [basecommands.smx] "Console<0><Console><Console>" changed cvar (cvar "z_witch_damage_per_kill_hit") (value "120")
L 03/14/2021 - 17:38:40: [basecommands.smx] "Console<0><Console><Console>" changed cvar (cvar "z_witch_anger_rate") (value "0.4")
L 03/14/2021 - 17:38:40: [basecommands.smx] "Console<0><Console><Console>" changed cvar (cvar "z_witch_flashlight_range") (value "2000")
L 03/14/2021 - 17:38:40: [basecommands.smx] "Console<0><Console><Console>" changed cvar (cvar "z_witch_burn_time") (value "100")
L 03/14/2021 - 17:38:40: [basecommands.smx] "Console<0><Console><Console>" changed cvar (cvar "z_tank_health") (value "4000")
L 03/14/2021 - 17:38:40: [basecommands.smx] "Console<0><Console><Console>" changed cvar (cvar "z_ghost_delay_min") (value "15")
L 03/14/2021 - 17:38:40: [basecommands.smx] "Console<0><Console><Console>" changed cvar (cvar "z_ghost_delay_max") (value "15")
L 03/14/2021 - 17:38:40: [basecommands.smx] "Console<0><Console><Console>" changed cvar (cvar "z_hunter_limit") (value "1")
L 03/14/2021 - 17:38:40: [basecommands.smx] "Console<0><Console><Console>" changed cvar (cvar "z_smoker_limit") (value "1")
L 03/14/2021 - 17:38:40: [basecommands.smx] "Console<0><Console><Console>" changed cvar (cvar "z_jockey_limit") (value "1")
L 03/14/2021 - 17:38:40: [basecommands.smx] "Console<0><Console><Console>" changed cvar (cvar "versus_tank_chance_intro") (value "1")
L 03/14/2021 - 17:38:40: [basecommands.smx] "Console<0><Console><Console>" changed cvar (cvar "versus_tank_chance_finale") (value "1")
L 03/14/2021 - 17:38:40: [basecommands.smx] "Console<0><Console><Console>" changed cvar (cvar "versus_tank_chance") (value "1")
L 03/14/2021 - 17:38:40: [basecommands.smx] "Console<0><Console><Console>" changed cvar (cvar "versus_witch_chance_intro") (value "0")
L 03/14/2021 - 17:38:40: [basecommands.smx] "Console<0><Console><Console>" changed cvar (cvar "versus_witch_chance_finale") (value "0")
L 03/14/2021 - 17:38:40: [basecommands.smx] "Console<0><Console><Console>" changed cvar (cvar "versus_witch_chance") (value "1")
L 03/14/2021 - 17:38:40: [basecommands.smx] "Console<0><Console><Console>" changed cvar (cvar "director_force_tank") (value "1")
L 03/14/2021 - 17:38:40: [basecommands.smx] "Console<0><Console><Console>" changed cvar (cvar "versus_boss_flow_min") (value "0.4")
L 03/14/2021 - 17:38:40: [basecommands.smx] "Console<0><Console><Console>" changed cvar (cvar "versus_boss_flow_max") (value "0.6")
L 03/14/2021 - 17:38:40: [basecommands.smx] "Console<0><Console><Console>" changed cvar (cvar "versus_boss_flow_min_intro") (value "0.1")
L 03/14/2021 - 17:38:40: [basecommands.smx] "Console<0><Console><Console>" changed cvar (cvar "versus_boss_flow_max_intro") (value "0.2")
L 03/14/2021 - 17:38:40: [basecommands.smx] "Console<0><Console><Console>" changed cvar (cvar "versus_boss_flow_min_finale") (value "0.1")
L 03/14/2021 - 17:38:40: [basecommands.smx] "Console<0><Console><Console>" changed cvar (cvar "versus_boss_flow_max_finale") (value "0.2")
L 03/14/2021 - 17:38:40: [basecommands.smx] "Console<0><Console><Console>" changed cvar (cvar "boomer_vomit_delay") (value "0.1")
L 03/14/2021 - 17:38:40: [basecommands.smx] "Console<0><Console><Console>" changed cvar (cvar "smoker_tongue_delay") (value "0.1")
L 03/14/2021 - 17:38:40: [basecommands.smx] "Console<0><Console><Console>" changed cvar (cvar "vs_survival_bonus") (value "35")
L 03/14/2021 - 17:38:40: [basecommands.smx] "Console<0><Console><Console>" changed cvar (cvar "z_tank_throw_health") (value "10")
L 03/14/2021 - 17:38:40: [basecommands.smx] "Console<0><Console><Console>" changed cvar (cvar "sv_client_min_interp_ratio") (value "-1")
L 03/14/2021 - 17:38:40: [basecommands.smx] "Console<0><Console><Console>" changed cvar (cvar "sv_client_max_interp_ratio") (value "0")
L 03/14/2021 - 17:38:40: [basecommands.smx] "Console<0><Console><Console>" changed cvar (cvar "sv_minrate") (value "100000")
L 03/14/2021 - 17:38:40: [basecommands.smx] "Console<0><Console><Console>" changed cvar (cvar "sv_maxrate") (value "100000")
L 03/14/2021 - 17:38:40: [basecommands.smx] "Console<0><Console><Console>" changed cvar (cvar "sv_mincmdrate") (value "100")
L 03/14/2021 - 17:38:40: [basecommands.smx] "Console<0><Console><Console>" changed cvar (cvar "sv_maxcmdrate") (value "100")
L 03/14/2021 - 17:38:40: [basecommands.smx] "Console<0><Console><Console>" changed cvar (cvar "sv_minupdaterate") (value "100")
L 03/14/2021 - 17:38:40: [basecommands.smx] "Console<0><Console><Console>" changed cvar (cvar "sv_maxupdaterate") (value "100")
L 03/14/2021 - 17:38:40: [basecommands.smx] "Console<0><Console><Console>" changed cvar (cvar "nb_update_frequency") (value "0.014")
L 03/14/2021 - 17:38:40: [basecommands.smx] "Console<0><Console><Console>" changed cvar (cvar "net_splitpacket_maxrate") (value "50000")
L 03/14/2021 - 17:38:40: [basecommands.smx] "Console<0><Console><Console>" changed cvar (cvar "fps_max") (value "0")
L 03/14/2021 - 17:38:40: [basecommands.smx] "Console<0><Console><Console>" changed cvar (cvar "hostname") (value "Versus")
L 03/14/2021 - 17:39:57: [l4d2_skill_detect.smx] Clear: 4 freed 7 from 5: time: 0.72 / -1.00 -- class: hunter (with shove? 0)
L 03/14/2021 - 17:39:58: [l4d2_skill_detect.smx] Charge carry start: 2 - 1 -- time: 72.94
L 03/14/2021 - 17:40:01: [l4d2_skill_detect.smx] Clear: 4 freed 1 from 2: time: 1.89 / 3.16 -- class: charger (with shove? 0)
L 03/14/2021 - 17:40:02: [l4d2_skill_detect.smx] Checking charge victim: 2 - 1 - flags: 1 (alive? 1)
L 03/14/2021 - 17:40:40: [l4d2_skill_detect.smx] Clear: 4 freed 7 from 2: time: 1.31 / -1.00 -- class: hunter (with shove? 0)
L 03/14/2021 - 17:40:53: [l4d2_skill_detect.smx] Clear: 6 freed 1 from 5: time: -1.00 / 1.38 -- class: smoker (with shove? 0)
L 03/14/2021 - 17:42:02: [l4d2_skill_detect.smx] Clear: 7 freed 4 from 11: time: 1.22 / -1.00 -- class: hunter (with shove? 0)
L 03/14/2021 - 17:42:04: [l4d2_skill_detect.smx] Clear: 7 freed 1 from 9: time: -1.00 / 1.57 -- class: smoker (with shove? 1)
L 03/14/2021 - 17:42:45: [l4d2_skill_detect.smx] Clear: 4 freed 1 from 9: time: 0.30 / -1.00 -- class: hunter (with shove? 0)
L 03/14/2021 - 17:43:03: [l4d2_skill_detect.smx] Charge carry start: 5 - 7 -- time: 258.41
L 03/14/2021 - 17:43:05: [l4d2_skill_detect.smx] Clear: 1 freed 4 from 2: time: 1.48 / -1.00 -- class: jockey (with shove? 0)
L 03/14/2021 - 17:43:06: [l4d2_skill_detect.smx] Checking charge victim: 5 - 7 - flags: 1 (alive? 1)
L 03/14/2021 - 17:43:07: [l4d2_skill_detect.smx] Clear: 6 freed 7 from 5: time: 3.33 / 4.08 -- class: charger (with shove? 0)
L 03/14/2021 - 17:44:03: [l4d2_skill_detect.smx] Charge carry start: 11 - 4 -- time: 318.00
L 03/14/2021 - 17:44:04: [l4d2_skill_detect.smx] Clear: 1 freed 4 from 11: time: 0.85 / 1.85 -- class: charger (with shove? 0)
L 03/14/2021 - 17:44:06: [l4d2_skill_detect.smx] Checking charge victim: 11 - 4 - flags: 1 (alive? 1)
L 03/14/2021 - 17:45:18: [l4d2_skill_detect.smx] Clear: 4 freed 1 from 2: time: 1.38 / -1.00 -- class: hunter (with shove? 0)
L 03/14/2021 - 17:45:23: [l4d2_skill_detect.smx] Clear: 7 freed 6 from 11: time: 1.86 / -1.00 -- class: jockey (with shove? 0)
L 03/14/2021 - 17:46:38: [l4d2_skill_detect.smx] Clear: 4 freed 7 from 2: time: 8.16 / -1.00 -- class: jockey (with shove? 0)
L 03/14/2021 - 17:47:09: [l4d2_skill_detect.smx] Clear: 4 freed 9 from 11: time: 2.41 / 5.25 -- class: smoker (with shove? 0)
L 03/14/2021 - 17:47:21: [l4d2_skill_detect.smx] Clear: 6 freed 4 from 5: time: 0.77 / -1.00 -- class: jockey (with shove? 0)
L 03/14/2021 - 17:47:33: [l4d2_skill_detect.smx] Witch Crown Check: crown shot: 924, harrassed: 1 (full health: 1000 / drawthresh: 500 / oneshot 0)
L 03/14/2021 - 17:47:50: [l4d2_skill_detect.smx] Charge carry start: 2 - 7 -- time: 545.51
L 03/14/2021 - 17:47:53: [l4d2_skill_detect.smx] Clear: 4 freed 7 from 2: time: 0.78 / 3.00 -- class: charger (with shove? 0)
L 03/14/2021 - 17:47:55: [l4d2_skill_detect.smx] Checking charge victim: 2 - 9 - flags: 0 (alive? 1)
L 03/14/2021 - 17:47:55: [l4d2_skill_detect.smx] Checking charge victim: 2 - 7 - flags: 1 (alive? 1)
L 03/14/2021 - 17:48:29: [l4d2_skill_detect.smx] Charge carry start: 3 - 7 -- time: 583.69
L 03/14/2021 - 17:48:32: [l4d2_skill_detect.smx] Clear: 6 freed 7 from 3: time: 0.19 / 3.33 -- class: charger (with shove? 0)
L 03/14/2021 - 17:48:33: [l4d2_skill_detect.smx] Checking charge victim: 3 - 7 - flags: 1 (alive? 1)
L 03/14/2021 - 17:48:35: [l4d2_skill_detect.smx] Clear: 6 freed 9 from 2: time: 11.03 / 12.98 -- class: smoker (with shove? 1)
L 03/14/2021 - 17:48:40: [l4d2_skill_detect.smx] Clear: 7 freed 4 from 8: time: 2.33 / -1.00 -- class: hunter (with shove? 1)
L 03/14/2021 - 17:48:43: [l4d2_skill_detect.smx] Clear: 4 freed 7 from 8: time: 1.11 / -1.00 -- class: hunter (with shove? 0)
L 03/14/2021 - 17:48:58: [l4d2_skill_detect.smx] Charge carry start: 2 - 4 -- time: 613.46
L 03/14/2021 - 17:49:02: [l4d2_skill_detect.smx] Checking charge victim: 2 - 4 - flags: 1 (alive? 1)
L 03/14/2021 - 17:49:05: [l4d2_skill_detect.smx] Clear: 9 freed 4 from 2: time: 5.72 / 6.55 -- class: charger (with shove? 0)
L 03/14/2021 - 17:49:15: [basecommands.smx] "Duяåznlто™<5><STEAM_1:1:4151444><>" changed cvar (cvar "vs_max_team_switches") (value "0")
L 03/14/2021 - 17:50:57: [basecommands.smx] "♛ Rain ♛<2><STEAM_1:0:162762726><>" changed cvar (cvar "vs_max_team_switches") (value "5")
L 03/14/2021 - 17:51:00: [basecommands.smx] "♛ Rain ♛<2><STEAM_1:0:162762726><>" changed cvar (cvar "vs_max_team_switches") (value "0")
L 03/14/2021 - 17:51:28: [l4d2_skill_detect.smx] Clear: 10 freed 2 from 4: time: 1.68 / -1.00 -- class: hunter (with shove? 0)
L 03/14/2021 - 17:51:31: [l4d2_skill_detect.smx] Charge carry start: 1 - 10 -- time: 765.70
L 03/14/2021 - 17:51:33: [l4d2_skill_detect.smx] Clear: 3 freed 10 from 1: time: 1.53 / 2.59 -- class: charger (with shove? 0)
L 03/14/2021 - 17:51:34: [l4d2_skill_detect.smx] Checking charge victim: 1 - 10 - flags: 1 (alive? 1)
L 03/14/2021 - 17:51:42: [l4d2_skill_detect.smx] Clear: 3 freed 9 from 6: time: 5.61 / -1.00 -- class: jockey (with shove? 1)
L 03/14/2021 - 17:51:46: [basecommands.smx] "Duяåznlто™<5><STEAM_1:1:4151444><>" kicked "Hysteria<152><STEAM_1:1:173153573><>" (reason "")
L 03/14/2021 - 17:52:14: [l4d2_skill_detect.smx] Charge carry start: 6 - 3 -- time: 809.17
L 03/14/2021 - 17:52:17: [l4d2_skill_detect.smx] Checking charge victim: 6 - 3 - flags: 1 (alive? 1)
L 03/14/2021 - 17:52:22: [l4d2_skill_detect.smx] Clear: 9 freed 3 from 6: time: 6.70 / 7.45 -- class: charger (with shove? 0)
L 03/14/2021 - 17:52:25: [l4d2_skill_detect.smx] Clear: 9 freed 2 from 1: time: 6.72 / -1.00 -- class: hunter (with shove? 0)
L 03/14/2021 - 17:52:57: [l4d2_skill_detect.smx] Charge carry start: 4 - 10 -- time: 851.83
L 03/14/2021 - 17:53:00: [l4d2_skill_detect.smx] Clear: 3 freed 2 from 1: time: 6.54 / -1.00 -- class: jockey (with shove? 0)
L 03/14/2021 - 17:53:00: [l4d2_skill_detect.smx] Checking charge victim: 4 - 10 - flags: 1 (alive? 1)
L 03/14/2021 - 17:53:02: [l4d2_skill_detect.smx] Clear: 9 freed 10 from 4: time: 3.60 / 4.84 -- class: charger (with shove? 0)
L 03/14/2021 - 17:54:21: [l4d2_skill_detect.smx] Clear: 3 freed 2 from 5: time: 0.90 / -1.00 -- class: hunter (with shove? 0)
L 03/14/2021 - 17:54:23: [l4d2_skill_detect.smx] Clear: 2 freed 3 from 4: time: 0.77 / -1.00 -- class: jockey (with shove? 1)
L 03/14/2021 - 17:55:30: -------- Mapchange to c5m3_cemetery --------
L 03/14/2021 - 17:55:35: [basecommands.smx] "Console<0><Console><Console>" changed cvar (cvar "sv_force_time_of_day") (value "0")
L 03/14/2021 - 17:55:35: [basecommands.smx] "Console<0><Console><Console>" changed cvar (cvar "z_witch_damage_per_kill_hit") (value "120")
L 03/14/2021 - 17:55:35: [basecommands.smx] "Console<0><Console><Console>" changed cvar (cvar "z_witch_anger_rate") (value "0.4")
L 03/14/2021 - 17:55:35: [basecommands.smx] "Console<0><Console><Console>" changed cvar (cvar "z_witch_flashlight_range") (value "2000")
L 03/14/2021 - 17:55:35: [basecommands.smx] "Console<0><Console><Console>" changed cvar (cvar "z_witch_burn_time") (value "100")
L 03/14/2021 - 17:55:35: [basecommands.smx] "Console<0><Console><Console>" changed cvar (cvar "z_tank_health") (value "4000")
L 03/14/2021 - 17:55:35: [basecommands.smx] "Console<0><Console><Console>" changed cvar (cvar "z_ghost_delay_min") (value "15")
L 03/14/2021 - 17:55:35: [basecommands.smx] "Console<0><Console><Console>" changed cvar (cvar "z_ghost_delay_max") (value "15")
L 03/14/2021 - 17:55:35: [basecommands.smx] "Console<0><Console><Console>" changed cvar (cvar "z_hunter_limit") (value "1")
L 03/14/2021 - 17:55:35: [basecommands.smx] "Console<0><Console><Console>" changed cvar (cvar "z_smoker_limit") (value "1")
L 03/14/2021 - 17:55:35: [basecommands.smx] "Console<0><Console><Console>" changed cvar (cvar "z_jockey_limit") (value "1")
L 03/14/2021 - 17:55:35: [basecommands.smx] "Console<0><Console><Console>" changed cvar (cvar "versus_tank_chance_intro") (value "1")
L 03/14/2021 - 17:55:35: [basecommands.smx] "Console<0><Console><Console>" changed cvar (cvar "versus_tank_chance_finale") (value "1")
L 03/14/2021 - 17:55:35: [basecommands.smx] "Console<0><Console><Console>" changed cvar (cvar "versus_tank_chance") (value "1")
L 03/14/2021 - 17:55:35: [basecommands.smx] "Console<0><Console><Console>" changed cvar (cvar "versus_witch_chance_intro") (value "0")
L 03/14/2021 - 17:55:35: [basecommands.smx] "Console<0><Console><Console>" changed cvar (cvar "versus_witch_chance_finale") (value "0")
L 03/14/2021 - 17:55:35: [basecommands.smx] "Console<0><Console><Console>" changed cvar (cvar "versus_witch_chance") (value "1")
L 03/14/2021 - 17:55:35: [basecommands.smx] "Console<0><Console><Console>" changed cvar (cvar "director_force_tank") (value "1")
L 03/14/2021 - 17:55:35: [basecommands.smx] "Console<0><Console><Console>" changed cvar (cvar "versus_boss_flow_min") (value "0.4")
L 03/14/2021 - 17:55:35: [basecommands.smx] "Console<0><Console><Console>" changed cvar (cvar "versus_boss_flow_max") (value "0.6")
L 03/14/2021 - 17:55:35: [basecommands.smx] "Console<0><Console><Console>" changed cvar (cvar "versus_boss_flow_min_intro") (value "0.1")
L 03/14/2021 - 17:55:35: [basecommands.smx] "Console<0><Console><Console>" changed cvar (cvar "versus_boss_flow_max_intro") (value "0.2")
L 03/14/2021 - 17:55:35: [basecommands.smx] "Console<0><Console><Console>" changed cvar (cvar "versus_boss_flow_min_finale") (value "0.1")
L 03/14/2021 - 17:55:35: [basecommands.smx] "Console<0><Console><Console>" changed cvar (cvar "versus_boss_flow_max_finale") (value "0.2")
L 03/14/2021 - 17:55:35: [basecommands.smx] "Console<0><Console><Console>" changed cvar (cvar "boomer_vomit_delay") (value "0.1")
L 03/14/2021 - 17:55:35: [basecommands.smx] "Console<0><Console><Console>" changed cvar (cvar "smoker_tongue_delay") (value "0.1")
L 03/14/2021 - 17:55:35: [basecommands.smx] "Console<0><Console><Console>" changed cvar (cvar "vs_survival_bonus") (value "35")
L 03/14/2021 - 17:55:35: [basecommands.smx] "Console<0><Console><Console>" changed cvar (cvar "z_tank_throw_health") (value "10")
L 03/14/2021 - 17:55:35: [basecommands.smx] "Console<0><Console><Console>" changed cvar (cvar "sv_client_min_interp_ratio") (value "-1")
L 03/14/2021 - 17:55:35: [basecommands.smx] "Console<0><Console><Console>" changed cvar (cvar "sv_client_max_interp_ratio") (value "0")
L 03/14/2021 - 17:55:35: [basecommands.smx] "Console<0><Console><Console>" changed cvar (cvar "sv_minrate") (value "100000")
L 03/14/2021 - 17:55:35: [basecommands.smx] "Console<0><Console><Console>" changed cvar (cvar "sv_maxrate") (value "100000")
L 03/14/2021 - 17:55:35: [basecommands.smx] "Console<0><Console><Console>" changed cvar (cvar "sv_mincmdrate") (value "100")
L 03/14/2021 - 17:55:35: [basecommands.smx] "Console<0><Console><Console>" changed cvar (cvar "sv_maxcmdrate") (value "100")
L 03/14/2021 - 17:55:35: [basecommands.smx] "Console<0><Console><Console>" changed cvar (cvar "sv_minupdaterate") (value "100")
L 03/14/2021 - 17:55:35: [basecommands.smx] "Console<0><Console><Console>" changed cvar (cvar "sv_maxupdaterate") (value "100")
L 03/14/2021 - 17:55:35: [basecommands.smx] "Console<0><Console><Console>" changed cvar (cvar "nb_update_frequency") (value "0.014")
L 03/14/2021 - 17:55:35: [basecommands.smx] "Console<0><Console><Console>" changed cvar (cvar "net_splitpacket_maxrate") (value "50000")
L 03/14/2021 - 17:55:35: [basecommands.smx] "Console<0><Console><Console>" changed cvar (cvar "fps_max") (value "0")
L 03/14/2021 - 17:55:35: [basecommands.smx] "Console<0><Console><Console>" changed cvar (cvar "hostname") (value "Versus")
L 03/14/2021 - 17:57:45: [l4d2_skill_detect.smx] Clear: 1 freed 8 from 2: time: -1.00 / 3.26 -- class: smoker (with shove? 0)
L 03/14/2021 - 17:58:31: [l4d2_skill_detect.smx] Clear: 1 freed 8 from 3: time: 1.47 / -1.00 -- class: jockey (with shove? 0)
L 03/14/2021 - 17:58:43: [l4d2_skill_detect.smx] Witch Crown Check: crown shot: 882, harrassed: 0 (full health: 1000 / drawthresh: 500 / oneshot 1)
L 03/14/2021 - 17:58:50: [l4d2_skill_detect.smx] Charge carry start: 2 - 6 -- time: 188.47
L 03/14/2021 - 17:58:53: [l4d2_skill_detect.smx] Checking charge victim: 2 - 6 - flags: 1 (alive? 1)
L 03/14/2021 - 17:59:05: [l4d2_skill_detect.smx] Clear: 6 freed 4 from 7: time: 0.67 / -1.00 -- class: hunter (with shove? 1)
L 03/14/2021 - 17:59:08: [l4d2_skill_detect.smx] Clear: 1 freed 6 from 7: time: 1.74 / -1.00 -- class: hunter (with shove? 0)
L 03/14/2021 - 18:00:04: [l4d2_skill_detect.smx] Charge carry start: 3 - 1 -- time: 262.63
L 03/14/2021 - 18:00:07: [l4d2_skill_detect.smx] Clear: 6 freed 1 from 3: time: 2.29 / 3.36 -- class: charger (with shove? 0)
L 03/14/2021 - 18:00:08: [l4d2_skill_detect.smx] Checking charge victim: 3 - 1 - flags: 1 (alive? 1)
L 03/14/2021 - 18:01:19: [l4d2_skill_detect.smx] Clear: 6 freed 9 from 3: time: 1.16 / 2.67 -- class: smoker (with shove? 0)
L 03/14/2021 - 18:01:22: [l4d2_skill_detect.smx] Charge carry start: 5 - 6 -- time: 341.01
L 03/14/2021 - 18:01:26: [l4d2_skill_detect.smx] Checking charge victim: 5 - 9 - flags: 0 (alive? 1)
L 03/14/2021 - 18:01:27: [l4d2_skill_detect.smx] Checking charge victim: 5 - 6 - flags: 1 (alive? 1)
L 03/14/2021 - 18:01:31: [l4d2_skill_detect.smx] Clear: 4 freed 6 from 5: time: 6.25 / 8.55 -- class: charger (with shove? 0)
L 03/14/2021 - 18:02:07: [l4d2_skill_detect.smx] calarm trigger: caller 1212 / activator 1212 / delay: 0.00
L 03/14/2021 - 18:02:34: [l4d2_skill_detect.smx] calarm trigger: caller 1180 / activator 1180 / delay: 0.00
L 03/14/2021 - 18:02:43: [l4d2_skill_detect.smx] Charge carry start: 8 - 6 -- time: 422.02
L 03/14/2021 - 18:02:47: [l4d2_skill_detect.smx] Checking charge victim: 8 - 6 - flags: 1 (alive? 1)
L 03/14/2021 - 18:03:57: [l4d2_skill_detect.smx] Charge carry start: 1 - 3 -- time: 495.11
L 03/14/2021 - 18:03:58: [l4d2_skill_detect.smx] Clear: 5 freed 3 from 1: time: 0.22 / 1.11 -- class: charger (with shove? 0)
L 03/14/2021 - 18:04:00: [l4d2_skill_detect.smx] Checking charge victim: 1 - 3 - flags: 1 (alive? 1)
L 03/14/2021 - 18:05:17: [l4d2_skill_detect.smx] Charge carry start: 6 - 8 -- time: 575.51
L 03/14/2021 - 18:05:17: [l4d2_skill_detect.smx] Clear: 8 freed 8 from 6: time: 0.00 / 0.20 -- class: charger (with shove? 0)
L 03/14/2021 - 18:05:20: [l4d2_skill_detect.smx] Checking charge victim: 6 - 8 - flags: 1 (alive? 1)
L 03/14/2021 - 18:05:21: [l4d2_skill_detect.smx] Checking charge victim: 6 - 2 - flags: 0 (alive? 1)
L 03/14/2021 - 18:05:22: [l4d2_skill_detect.smx] Clear: 5 freed 2 from 1: time: 1.21 / -1.00 -- class: hunter (with shove? 0)
L 03/14/2021 - 18:06:03: [l4d2_skill_detect.smx] Clear: 3 freed 2 from 7: time: 1.62 / -1.00 -- class: jockey (with shove? 0)
L 03/14/2021 - 18:06:08: [l4d2_skill_detect.smx] Clear: 5 freed 8 from 4: time: 2.29 / -1.00 -- class: hunter (with shove? 0)
L 03/14/2021 - 18:06:46: [l4d2_skill_detect.smx] Charge carry start: 9 - 5 -- time: 664.95
L 03/14/2021 - 18:06:49: [l4d2_skill_detect.smx] Clear: 8 freed 5 from 9: time: 1.29 / 2.27 -- class: charger (with shove? 0)
L 03/14/2021 - 18:06:49: [l4d2_skill_detect.smx] Clear: 3 freed 2 from 4: time: 7.08 / -1.00 -- class: jockey (with shove? 0)
L 03/14/2021 - 18:06:50: [l4d2_skill_detect.smx] Checking charge victim: 9 - 5 - flags: 1 (alive? 1)
L 03/14/2021 - 18:07:03: [l4d2_skill_detect.smx] Clear: 8 freed 3 from 6: time: -1.00 / 1.45 -- class: smoker (with shove? 1)
L 03/14/2021 - 18:07:08: [l4d2_skill_detect.smx] Witch Crown Check: Failed: bungled: 1 / crowntype: 0 (entity: 50)
L 03/14/2021 - 18:07:08: [l4d2_skill_detect.smx] Witch Crown Check: Further details: attacker: joaquinelgueta, attacker dmg: 146, teamless dmg: 0
L 03/14/2021 - 18:08:05: [l4d2_skill_detect.smx] Clear: 2 freed 3 from 7: time: 0.99 / -1.00 -- class: hunter (with shove? 1)
L 03/14/2021 - 18:08:06: [l4d2_skill_detect.smx] Charge carry start: 4 - 2 -- time: 744.63
L 03/14/2021 - 18:08:08: [l4d2_skill_detect.smx] Clear: 5 freed 2 from 4: time: 0.70 / 1.58 -- class: charger (with shove? 0)
L 03/14/2021 - 18:08:09: [l4d2_skill_detect.smx] Checking charge victim: 4 - 2 - flags: 1 (alive? 1)
L 03/14/2021 - 18:08:32: [l4d2_tankswap.smx] ReplaceTank being called, client Tank target ♛ Rain ♛
L 03/14/2021 - 18:08:32: [l4d2_tankswap.smx] ZombieManager pointer: 0x44d2c00
L 03/14/2021 - 18:09:24: -------- Mapchange to c5m4_quarter --------
L 03/14/2021 - 18:09:27: [basecommands.smx] "Console<0><Console><Console>" changed cvar (cvar "sv_force_time_of_day") (value "0")
L 03/14/2021 - 18:09:27: [basecommands.smx] "Console<0><Console><Console>" changed cvar (cvar "z_witch_damage_per_kill_hit") (value "120")
L 03/14/2021 - 18:09:27: [basecommands.smx] "Console<0><Console><Console>" changed cvar (cvar "z_witch_anger_rate") (value "0.4")
L 03/14/2021 - 18:09:27: [basecommands.smx] "Console<0><Console><Console>" changed cvar (cvar "z_witch_flashlight_range") (value "2000")
L 03/14/2021 - 18:09:27: [basecommands.smx] "Console<0><Console><Console>" changed cvar (cvar "z_witch_burn_time") (value "100")
L 03/14/2021 - 18:09:27: [basecommands.smx] "Console<0><Console><Console>" changed cvar (cvar "z_tank_health") (value "4000")
L 03/14/2021 - 18:09:27: [basecommands.smx] "Console<0><Console><Console>" changed cvar (cvar "z_ghost_delay_min") (value "15")
L 03/14/2021 - 18:09:27: [basecommands.smx] "Console<0><Console><Console>" changed cvar (cvar "z_ghost_delay_max") (value "15")
L 03/14/2021 - 18:09:27: [basecommands.smx] "Console<0><Console><Console>" changed cvar (cvar "z_hunter_limit") (value "1")
L 03/14/2021 - 18:09:27: [basecommands.smx] "Console<0><Console><Console>" changed cvar (cvar "z_smoker_limit") (value "1")
L 03/14/2021 - 18:09:27: [basecommands.smx] "Console<0><Console><Console>" changed cvar (cvar "z_jockey_limit") (value "1")
L 03/14/2021 - 18:09:27: [basecommands.smx] "Console<0><Console><Console>" changed cvar (cvar "versus_tank_chance_intro") (value "1")
L 03/14/2021 - 18:09:27: [basecommands.smx] "Console<0><Console><Console>" changed cvar (cvar "versus_tank_chance_finale") (value "1")
L 03/14/2021 - 18:09:27: [basecommands.smx] "Console<0><Console><Console>" changed cvar (cvar "versus_tank_chance") (value "1")
L 03/14/2021 - 18:09:27: [basecommands.smx] "Console<0><Console><Console>" changed cvar (cvar "versus_witch_chance_intro") (value "0")
L 03/14/2021 - 18:09:27: [basecommands.smx] "Console<0><Console><Console>" changed cvar (cvar "versus_witch_chance_finale") (value "0")
L 03/14/2021 - 18:09:27: [basecommands.smx] "Console<0><Console><Console>" changed cvar (cvar "versus_witch_chance") (value "1")
L 03/14/2021 - 18:09:27: [basecommands.smx] "Console<0><Console><Console>" changed cvar (cvar "director_force_tank") (value "1")
L 03/14/2021 - 18:09:27: [basecommands.smx] "Console<0><Console><Console>" changed cvar (cvar "versus_boss_flow_min") (value "0.4")
L 03/14/2021 - 18:09:27: [basecommands.smx] "Console<0><Console><Console>" changed cvar (cvar "versus_boss_flow_max") (value "0.6")
L 03/14/2021 - 18:09:27: [basecommands.smx] "Console<0><Console><Console>" changed cvar (cvar "versus_boss_flow_min_intro") (value "0.1")
L 03/14/2021 - 18:09:27: [basecommands.smx] "Console<0><Console><Console>" changed cvar (cvar "versus_boss_flow_max_intro") (value "0.2")
L 03/14/2021 - 18:09:27: [basecommands.smx] "Console<0><Console><Console>" changed cvar (cvar "versus_boss_flow_min_finale") (value "0.1")
L 03/14/2021 - 18:09:27: [basecommands.smx] "Console<0><Console><Console>" changed cvar (cvar "versus_boss_flow_max_finale") (value "0.2")
L 03/14/2021 - 18:09:27: [basecommands.smx] "Console<0><Console><Console>" changed cvar (cvar "boomer_vomit_delay") (value "0.1")
L 03/14/2021 - 18:09:27: [basecommands.smx] "Console<0><Console><Console>" changed cvar (cvar "smoker_tongue_delay") (value "0.1")
L 03/14/2021 - 18:09:27: [basecommands.smx] "Console<0><Console><Console>" changed cvar (cvar "vs_survival_bonus") (value "35")
L 03/14/2021 - 18:09:27: [basecommands.smx] "Console<0><Console><Console>" changed cvar (cvar "z_tank_throw_health") (value "10")
L 03/14/2021 - 18:09:27: [basecommands.smx] "Console<0><Console><Console>" changed cvar (cvar "sv_client_min_interp_ratio") (value "-1")
L 03/14/2021 - 18:09:27: [basecommands.smx] "Console<0><Console><Console>" changed cvar (cvar "sv_client_max_interp_ratio") (value "0")
L 03/14/2021 - 18:09:27: [basecommands.smx] "Console<0><Console><Console>" changed cvar (cvar "sv_minrate") (value "100000")
L 03/14/2021 - 18:09:27: [basecommands.smx] "Console<0><Console><Console>" changed cvar (cvar "sv_maxrate") (value "100000")
L 03/14/2021 - 18:09:27: [basecommands.smx] "Console<0><Console><Console>" changed cvar (cvar "sv_mincmdrate") (value "100")
L 03/14/2021 - 18:09:27: [basecommands.smx] "Console<0><Console><Console>" changed cvar (cvar "sv_maxcmdrate") (value "100")
L 03/14/2021 - 18:09:27: [basecommands.smx] "Console<0><Console><Console>" changed cvar (cvar "sv_minupdaterate") (value "100")
L 03/14/2021 - 18:09:27: [basecommands.smx] "Console<0><Console><Console>" changed cvar (cvar "sv_maxupdaterate") (value "100")
L 03/14/2021 - 18:09:27: [basecommands.smx] "Console<0><Console><Console>" changed cvar (cvar "nb_update_frequency") (value "0.014")
L 03/14/2021 - 18:09:27: [basecommands.smx] "Console<0><Console><Console>" changed cvar (cvar "net_splitpacket_maxrate") (value "50000")
L 03/14/2021 - 18:09:27: [basecommands.smx] "Console<0><Console><Console>" changed cvar (cvar "fps_max") (value "0")
L 03/14/2021 - 18:09:27: [basecommands.smx] "Console<0><Console><Console>" changed cvar (cvar "hostname") (value "Versus")
L 03/14/2021 - 18:11:47: [l4d2_skill_detect.smx] Clear: 9 freed 1 from 8: time: 2.55 / -1.00 -- class: jockey (with shove? 0)
L 03/14/2021 - 18:11:51: [l4d2_skill_detect.smx] Clear: 1 freed 6 from 3: time: 6.27 / 10.62 -- class: smoker (with shove? 0)
L 03/14/2021 - 18:12:39: [l4d2_skill_detect.smx] Clear: 4 freed 6 from 3: time: -1.00 / 2.30 -- class: smoker (with shove? 0)
L 03/14/2021 - 18:12:45: [l4d2_skill_detect.smx] Clear: 1 freed 4 from 2: time: 1.89 / -1.00 -- class: jockey (with shove? 0)
L 03/14/2021 - 18:13:09: [l4d2_skill_detect.smx] Charge carry start: 3 - 9 -- time: 219.81
L 03/14/2021 - 18:13:12: [l4d2_skill_detect.smx] Checking charge victim: 3 - 9 - flags: 1 (alive? 1)
L 03/14/2021 - 18:15:04: [l4d2_skill_detect.smx] Charge carry start: 4 - 2 -- time: 335.20
L 03/14/2021 - 18:15:06: [l4d2_skill_detect.smx] Clear: 3 freed 2 from 4: time: 0.32 / 1.45 -- class: charger (with shove? 0)
L 03/14/2021 - 18:15:07: [l4d2_skill_detect.smx] Checking charge victim: 4 - 2 - flags: 1 (alive? 1)
L 03/14/2021 - 18:15:35: [l4d2_skill_detect.smx] Charge carry start: 1 - 8 -- time: 365.88
L 03/14/2021 - 18:15:36: [l4d2_skill_detect.smx] Clear: 2 freed 8 from 1: time: 0.35 / 1.18 -- class: charger (with shove? 0)
L 03/14/2021 - 18:15:38: [l4d2_skill_detect.smx] Checking charge victim: 1 - 8 - flags: 1 (alive? 1)
L 03/14/2021 - 18:15:44: [l4d2_skill_detect.smx] Clear: 8 freed 3 from 9: time: 5.55 / -1.00 -- class: hunter (with shove? 0)
L 03/14/2021 - 18:15:50: [l4d2_skill_detect.smx] Clear: 2 freed 3 from 6: time: 4.08 / -1.00 -- class: jockey (with shove? 0)
L 03/14/2021 - 18:16:59: [l4d2_skill_detect.smx] Clear: 2 freed 3 from 6: time: 2.95 / -1.00 -- class: hunter (with shove? 0)
L 03/14/2021 - 18:17:11: [l4d2_skill_detect.smx] Clear: 5 freed 5 from 1: time: -1.00 / 0.94 -- class: smoker (with shove? 1)
L 03/14/2021 - 18:17:11: [l4d2_skill_detect.smx] Clear: 2 freed 8 from 4: time: 0.91 / -1.00 -- class: jockey (with shove? 1)
L 03/14/2021 - 18:17:13: [l4d2_tankswap.smx] ReplaceTank being called, client Tank target ♛ Rain ♛
L 03/14/2021 - 18:17:13: [l4d2_tankswap.smx] ZombieManager pointer: 0x44d2c00
L 03/14/2021 - 18:17:47: [l4d2_skill_detect.smx] Clear: 8 freed 3 from 9: time: 1.39 / 3.64 -- class: smoker (with shove? 0)
L 03/14/2021 - 18:18:54: -------- Mapchange to c5m5_bridge --------
L 03/14/2021 - 18:18:58: [basecommands.smx] "Console<0><Console><Console>" changed cvar (cvar "sv_force_time_of_day") (value "0")
L 03/14/2021 - 18:18:58: [basecommands.smx] "Console<0><Console><Console>" changed cvar (cvar "z_witch_damage_per_kill_hit") (value "120")
L 03/14/2021 - 18:18:58: [basecommands.smx] "Console<0><Console><Console>" changed cvar (cvar "z_witch_anger_rate") (value "0.4")
L 03/14/2021 - 18:18:58: [basecommands.smx] "Console<0><Console><Console>" changed cvar (cvar "z_witch_flashlight_range") (value "2000")
L 03/14/2021 - 18:18:58: [basecommands.smx] "Console<0><Console><Console>" changed cvar (cvar "z_witch_burn_time") (value "100")
L 03/14/2021 - 18:18:58: [basecommands.smx] "Console<0><Console><Console>" changed cvar (cvar "z_tank_health") (value "4000")
L 03/14/2021 - 18:18:58: [basecommands.smx] "Console<0><Console><Console>" changed cvar (cvar "z_ghost_delay_min") (value "15")
L 03/14/2021 - 18:18:58: [basecommands.smx] "Console<0><Console><Console>" changed cvar (cvar "z_ghost_delay_max") (value "15")
L 03/14/2021 - 18:18:58: [basecommands.smx] "Console<0><Console><Console>" changed cvar (cvar "z_hunter_limit") (value "1")
L 03/14/2021 - 18:18:58: [basecommands.smx] "Console<0><Console><Console>" changed cvar (cvar "z_smoker_limit") (value "1")
L 03/14/2021 - 18:18:58: [basecommands.smx] "Console<0><Console><Console>" changed cvar (cvar "z_jockey_limit") (value "1")
L 03/14/2021 - 18:18:58: [basecommands.smx] "Console<0><Console><Console>" changed cvar (cvar "versus_tank_chance_intro") (value "1")
L 03/14/2021 - 18:18:58: [basecommands.smx] "Console<0><Console><Console>" changed cvar (cvar "versus_tank_chance_finale") (value "1")
L 03/14/2021 - 18:18:58: [basecommands.smx] "Console<0><Console><Console>" changed cvar (cvar "versus_tank_chance") (value "1")
L 03/14/2021 - 18:18:58: [basecommands.smx] "Console<0><Console><Console>" changed cvar (cvar "versus_witch_chance_intro") (value "0")
L 03/14/2021 - 18:18:58: [basecommands.smx] "Console<0><Console><Console>" changed cvar (cvar "versus_witch_chance_finale") (value "0")
L 03/14/2021 - 18:18:58: [basecommands.smx] "Console<0><Console><Console>" changed cvar (cvar "versus_witch_chance") (value "1")
L 03/14/2021 - 18:18:58: [basecommands.smx] "Console<0><Console><Console>" changed cvar (cvar "director_force_tank") (value "1")
L 03/14/2021 - 18:18:58: [basecommands.smx] "Console<0><Console><Console>" changed cvar (cvar "versus_boss_flow_min") (value "0.4")
L 03/14/2021 - 18:18:58: [basecommands.smx] "Console<0><Console><Console>" changed cvar (cvar "versus_boss_flow_max") (value "0.6")
L 03/14/2021 - 18:18:58: [basecommands.smx] "Console<0><Console><Console>" changed cvar (cvar "versus_boss_flow_min_intro") (value "0.1")
L 03/14/2021 - 18:18:58: [basecommands.smx] "Console<0><Console><Console>" changed cvar (cvar "versus_boss_flow_max_intro") (value "0.2")
L 03/14/2021 - 18:18:58: [basecommands.smx] "Console<0><Console><Console>" changed cvar (cvar "versus_boss_flow_min_finale") (value "0.1")
L 03/14/2021 - 18:18:58: [basecommands.smx] "Console<0><Console><Console>" changed cvar (cvar "versus_boss_flow_max_finale") (value "0.2")
L 03/14/2021 - 18:18:58: [basecommands.smx] "Console<0><Console><Console>" changed cvar (cvar "boomer_vomit_delay") (value "0.1")
L 03/14/2021 - 18:18:58: [basecommands.smx] "Console<0><Console><Console>" changed cvar (cvar "smoker_tongue_delay") (value "0.1")
L 03/14/2021 - 18:18:58: [basecommands.smx] "Console<0><Console><Console>" changed cvar (cvar "vs_survival_bonus") (value "35")
L 03/14/2021 - 18:18:58: [basecommands.smx] "Console<0><Console><Console>" changed cvar (cvar "z_tank_throw_health") (value "10")
L 03/14/2021 - 18:18:58: [basecommands.smx] "Console<0><Console><Console>" changed cvar (cvar "sv_client_min_interp_ratio") (value "-1")
L 03/14/2021 - 18:18:58: [basecommands.smx] "Console<0><Console><Console>" changed cvar (cvar "sv_client_max_interp_ratio") (value "0")
L 03/14/2021 - 18:18:58: [basecommands.smx] "Console<0><Console><Console>" changed cvar (cvar "sv_minrate") (value "100000")
L 03/14/2021 - 18:18:58: [basecommands.smx] "Console<0><Console><Console>" changed cvar (cvar "sv_maxrate") (value "100000")
L 03/14/2021 - 18:18:58: [basecommands.smx] "Console<0><Console><Console>" changed cvar (cvar "sv_mincmdrate") (value "100")
L 03/14/2021 - 18:18:58: [basecommands.smx] "Console<0><Console><Console>" changed cvar (cvar "sv_maxcmdrate") (value "100")
L 03/14/2021 - 18:18:58: [basecommands.smx] "Console<0><Console><Console>" changed cvar (cvar "sv_minupdaterate") (value "100")
L 03/14/2021 - 18:18:58: [basecommands.smx] "Console<0><Console><Console>" changed cvar (cvar "sv_maxupdaterate") (value "100")
L 03/14/2021 - 18:18:58: [basecommands.smx] "Console<0><Console><Console>" changed cvar (cvar "nb_update_frequency") (value "0.014")
L 03/14/2021 - 18:18:58: [basecommands.smx] "Console<0><Console><Console>" changed cvar (cvar "net_splitpacket_maxrate") (value "50000")
L 03/14/2021 - 18:18:58: [basecommands.smx] "Console<0><Console><Console>" changed cvar (cvar "fps_max") (value "0")
L 03/14/2021 - 18:18:58: [basecommands.smx] "Console<0><Console><Console>" changed cvar (cvar "hostname") (value "Versus")
L 03/14/2021 - 18:21:06: [l4d2_skill_detect.smx] Clear: 6 freed 9 from 8: time: 1.86 / 1.86 -- class: smoker (with shove? 1)
L 03/14/2021 - 18:22:46: [l4d2_skill_detect.smx] Clear: 4 freed 9 from 5: time: 1.40 / 1.41 -- class: smoker (with shove? 0)
L 03/14/2021 - 18:25:01: [l4d2_skill_detect.smx] Clear: 6 freed 1 from 5: time: 1.23 / -1.00 -- class: hunter (with shove? 1)
L 03/14/2021 - 18:25:07: [l4d2_skill_detect.smx] Clear: 9 freed 1 from 5: time: 0.82 / -1.00 -- class: hunter (with shove? 0)
L 03/14/2021 - 18:25:39: [l4d2_skill_detect.smx] Clear: 1 freed 9 from 2: time: -1.00 / 2.80 -- class: smoker (with shove? 0)
L 03/14/2021 - 18:26:59: [l4d2_skill_detect.smx] Charge carry start: 1 - 3 -- time: 477.78
L 03/14/2021 - 18:27:02: [l4d2_skill_detect.smx] Checking charge victim: 1 - 3 - flags: 1 (alive? 1)
L 03/14/2021 - 18:27:04: [l4d2_skill_detect.smx] Clear: 8 freed 3 from 1: time: 3.89 / 4.83 -- class: charger (with shove? 0)
L 03/14/2021 - 18:27:07: [l4d2_skill_detect.smx] Clear: 2 freed 5 from 4: time: -1.00 / 1.38 -- class: smoker (with shove? 1)
L 03/14/2021 - 18:27:10: [l4d2_tankswap.smx] TakeTank Command used while client menu was active, shutting down client menu
L 03/14/2021 - 18:27:10: [l4d2_tankswap.smx] ReplaceTank being called, client 🥐Relojeador de Bultos Serial target ♛ Rain ♛
L 03/14/2021 - 18:27:10: [l4d2_tankswap.smx] ZombieManager pointer: 0x44d2c00
L 03/14/2021 - 18:29:00: -------- Mapchange to c2m1_highway --------
L 03/14/2021 - 18:29:02: [basecommands.smx] "Console<0><Console><Console>" changed cvar (cvar "sv_force_time_of_day") (value "0")
L 03/14/2021 - 18:29:02: [basecommands.smx] "Console<0><Console><Console>" changed cvar (cvar "z_witch_damage_per_kill_hit") (value "120")
L 03/14/2021 - 18:29:02: [basecommands.smx] "Console<0><Console><Console>" changed cvar (cvar "z_witch_anger_rate") (value "0.4")
L 03/14/2021 - 18:29:02: [basecommands.smx] "Console<0><Console><Console>" changed cvar (cvar "z_witch_flashlight_range") (value "2000")
L 03/14/2021 - 18:29:02: [basecommands.smx] "Console<0><Console><Console>" changed cvar (cvar "z_witch_burn_time") (value "100")
L 03/14/2021 - 18:29:02: [basecommands.smx] "Console<0><Console><Console>" changed cvar (cvar "z_tank_health") (value "4000")
L 03/14/2021 - 18:29:02: [basecommands.smx] "Console<0><Console><Console>" changed cvar (cvar "z_ghost_delay_min") (value "15")
L 03/14/2021 - 18:29:02: [basecommands.smx] "Console<0><Console><Console>" changed cvar (cvar "z_ghost_delay_max") (value "15")
L 03/14/2021 - 18:29:02: [basecommands.smx] "Console<0><Console><Console>" changed cvar (cvar "z_hunter_limit") (value "1")
L 03/14/2021 - 18:29:02: [basecommands.smx] "Console<0><Console><Console>" changed cvar (cvar "z_smoker_limit") (value "1")
L 03/14/2021 - 18:29:02: [basecommands.smx] "Console<0><Console><Console>" changed cvar (cvar "z_jockey_limit") (value "1")
L 03/14/2021 - 18:29:02: [basecommands.smx] "Console<0><Console><Console>" changed cvar (cvar "versus_tank_chance_intro") (value "1")
L 03/14/2021 - 18:29:02: [basecommands.smx] "Console<0><Console><Console>" changed cvar (cvar "versus_tank_chance_finale") (value "1")
L 03/14/2021 - 18:29:02: [basecommands.smx] "Console<0><Console><Console>" changed cvar (cvar "versus_tank_chance") (value "1")
L 03/14/2021 - 18:29:02: [basecommands.smx] "Console<0><Console><Console>" changed cvar (cvar "versus_witch_chance_intro") (value "0")
L 03/14/2021 - 18:29:02: [basecommands.smx] "Console<0><Console><Console>" changed cvar (cvar "versus_witch_chance_finale") (value "0")
L 03/14/2021 - 18:29:02: [basecommands.smx] "Console<0><Console><Console>" changed cvar (cvar "versus_witch_chance") (value "1")
L 03/14/2021 - 18:29:02: [basecommands.smx] "Console<0><Console><Console>" changed cvar (cvar "director_force_tank") (value "1")
L 03/14/2021 - 18:29:02: [basecommands.smx] "Console<0><Console><Console>" changed cvar (cvar "versus_boss_flow_min") (value "0.4")
L 03/14/2021 - 18:29:02: [basecommands.smx] "Console<0><Console><Console>" changed cvar (cvar "versus_boss_flow_max") (value "0.6")
L 03/14/2021 - 18:29:02: [basecommands.smx] "Console<0><Console><Console>" changed cvar (cvar "versus_boss_flow_min_intro") (value "0.1")
L 03/14/2021 - 18:29:02: [basecommands.smx] "Console<0><Console><Console>" changed cvar (cvar "versus_boss_flow_max_intro") (value "0.2")
L 03/14/2021 - 18:29:02: [basecommands.smx] "Console<0><Console><Console>" changed cvar (cvar "versus_boss_flow_min_finale") (value "0.1")
L 03/14/2021 - 18:29:02: [basecommands.smx] "Console<0><Console><Console>" changed cvar (cvar "versus_boss_flow_max_finale") (value "0.2")
L 03/14/2021 - 18:29:02: [basecommands.smx] "Console<0><Console><Console>" changed cvar (cvar "boomer_vomit_delay") (value "0.1")
L 03/14/2021 - 18:29:02: [basecommands.smx] "Console<0><Console><Console>" changed cvar (cvar "smoker_tongue_delay") (value "0.1")
L 03/14/2021 - 18:29:02: [basecommands.smx] "Console<0><Console><Console>" changed cvar (cvar "vs_survival_bonus") (value "35")
L 03/14/2021 - 18:29:02: [basecommands.smx] "Console<0><Console><Console>" changed cvar (cvar "z_tank_throw_health") (value "10")
L 03/14/2021 - 18:29:02: [basecommands.smx] "Console<0><Console><Console>" changed cvar (cvar "sv_client_min_interp_ratio") (value "-1")
L 03/14/2021 - 18:29:02: [basecommands.smx] "Console<0><Console><Console>" changed cvar (cvar "sv_client_max_interp_ratio") (value "0")
L 03/14/2021 - 18:29:02: [basecommands.smx] "Console<0><Console><Console>" changed cvar (cvar "sv_minrate") (value "100000")
L 03/14/2021 - 18:29:02: [basecommands.smx] "Console<0><Console><Console>" changed cvar (cvar "sv_maxrate") (value "100000")
L 03/14/2021 - 18:29:02: [basecommands.smx] "Console<0><Console><Console>" changed cvar (cvar "sv_mincmdrate") (value "100")
L 03/14/2021 - 18:29:02: [basecommands.smx] "Console<0><Console><Console>" changed cvar (cvar "sv_maxcmdrate") (value "100")
L 03/14/2021 - 18:29:02: [basecommands.smx] "Console<0><Console><Console>" changed cvar (cvar "sv_minupdaterate") (value "100")
L 03/14/2021 - 18:29:02: [basecommands.smx] "Console<0><Console><Console>" changed cvar (cvar "sv_maxupdaterate") (value "100")
L 03/14/2021 - 18:29:02: [basecommands.smx] "Console<0><Console><Console>" changed cvar (cvar "nb_update_frequency") (value "0.014")
L 03/14/2021 - 18:29:02: [basecommands.smx] "Console<0><Console><Console>" changed cvar (cvar "net_splitpacket_maxrate") (value "50000")
L 03/14/2021 - 18:29:02: [basecommands.smx] "Console<0><Console><Console>" changed cvar (cvar "fps_max") (value "0")
L 03/14/2021 - 18:29:02: [basecommands.smx] "Console<0><Console><Console>" changed cvar (cvar "hostname") (value "Versus")
L 03/14/2021 - 18:31:15: [l4d2_skill_detect.smx] Clear: 6 freed 6 from 5: time: -1.00 / 0.00 -- class: smoker (with shove? 0)
L 03/14/2021 - 18:32:34: [l4d2_skill_detect.smx] Clear: 9 freed 6 from 5: time: 1.69 / -1.00 -- class: jockey (with shove? 0)
L 03/14/2021 - 18:32:37: [l4d2_skill_detect.smx] Clear: 1 freed 4 from 8: time: 1.50 / -1.00 -- class: hunter (with shove? 0)
L 03/14/2021 - 18:33:03: [l4d2_skill_detect.smx] Clear: 6 freed 6 from 3: time: -1.00 / 0.02 -- class: smoker (with shove? 0)
L 03/14/2021 - 18:33:10: -------- Mapchange to c11m1_greenhouse --------
L 03/14/2021 - 18:33:14: [basecommands.smx] "Console<0><Console><Console>" changed cvar (cvar "sv_force_time_of_day") (value "0")
L 03/14/2021 - 18:33:14: [basecommands.smx] "Console<0><Console><Console>" changed cvar (cvar "z_witch_damage_per_kill_hit") (value "120")
L 03/14/2021 - 18:33:14: [basecommands.smx] "Console<0><Console><Console>" changed cvar (cvar "z_witch_anger_rate") (value "0.4")
L 03/14/2021 - 18:33:14: [basecommands.smx] "Console<0><Console><Console>" changed cvar (cvar "z_witch_flashlight_range") (value "2000")
L 03/14/2021 - 18:33:14: [basecommands.smx] "Console<0><Console><Console>" changed cvar (cvar "z_witch_burn_time") (value "100")
L 03/14/2021 - 18:33:14: [basecommands.smx] "Console<0><Console><Console>" changed cvar (cvar "z_tank_health") (value "4000")
L 03/14/2021 - 18:33:14: [basecommands.smx] "Console<0><Console><Console>" changed cvar (cvar "z_ghost_delay_min") (value "15")
L 03/14/2021 - 18:33:14: [basecommands.smx] "Console<0><Console><Console>" changed cvar (cvar "z_ghost_delay_max") (value "15")
L 03/14/2021 - 18:33:14: [basecommands.smx] "Console<0><Console><Console>" changed cvar (cvar "z_hunter_limit") (value "1")
L 03/14/2021 - 18:33:14: [basecommands.smx] "Console<0><Console><Console>" changed cvar (cvar "z_smoker_limit") (value "1")
L 03/14/2021 - 18:33:14: [basecommands.smx] "Console<0><Console><Console>" changed cvar (cvar "z_jockey_limit") (value "1")
L 03/14/2021 - 18:33:14: [basecommands.smx] "Console<0><Console><Console>" changed cvar (cvar "versus_tank_chance_intro") (value "1")
L 03/14/2021 - 18:33:14: [basecommands.smx] "Console<0><Console><Console>" changed cvar (cvar "versus_tank_chance_finale") (value "1")
L 03/14/2021 - 18:33:14: [basecommands.smx] "Console<0><Console><Console>" changed cvar (cvar "versus_tank_chance") (value "1")
L 03/14/2021 - 18:33:14: [basecommands.smx] "Console<0><Console><Console>" changed cvar (cvar "versus_witch_chance_intro") (value "0")
L 03/14/2021 - 18:33:14: [basecommands.smx] "Console<0><Console><Console>" changed cvar (cvar "versus_witch_chance_finale") (value "0")
L 03/14/2021 - 18:33:14: [basecommands.smx] "Console<0><Console><Console>" changed cvar (cvar "versus_witch_chance") (value "1")
L 03/14/2021 - 18:33:14: [basecommands.smx] "Console<0><Console><Console>" changed cvar (cvar "director_force_tank") (value "1")
L 03/14/2021 - 18:33:14: [basecommands.smx] "Console<0><Console><Console>" changed cvar (cvar "versus_boss_flow_min") (value "0.4")
L 03/14/2021 - 18:33:14: [basecommands.smx] "Console<0><Console><Console>" changed cvar (cvar "versus_boss_flow_max") (value "0.6")
L 03/14/2021 - 18:33:14: [basecommands.smx] "Console<0><Console><Console>" changed cvar (cvar "versus_boss_flow_min_intro") (value "0.1")
L 03/14/2021 - 18:33:14: [basecommands.smx] "Console<0><Console><Console>" changed cvar (cvar "versus_boss_flow_max_intro") (value "0.2")
L 03/14/2021 - 18:33:14: [basecommands.smx] "Console<0><Console><Console>" changed cvar (cvar "versus_boss_flow_min_finale") (value "0.1")
L 03/14/2021 - 18:33:14: [basecommands.smx] "Console<0><Console><Console>" changed cvar (cvar "versus_boss_flow_max_finale") (value "0.2")
L 03/14/2021 - 18:33:14: [basecommands.smx] "Console<0><Console><Console>" changed cvar (cvar "boomer_vomit_delay") (value "0.1")
L 03/14/2021 - 18:33:14: [basecommands.smx] "Console<0><Console><Console>" changed cvar (cvar "smoker_tongue_delay") (value "0.1")
L 03/14/2021 - 18:33:14: [basecommands.smx] "Console<0><Console><Console>" changed cvar (cvar "vs_survival_bonus") (value "35")
L 03/14/2021 - 18:33:14: [basecommands.smx] "Console<0><Console><Console>" changed cvar (cvar "z_tank_throw_health") (value "10")
L 03/14/2021 - 18:33:14: [basecommands.smx] "Console<0><Console><Console>" changed cvar (cvar "sv_client_min_interp_ratio") (value "-1")
L 03/14/2021 - 18:33:14: [basecommands.smx] "Console<0><Console><Console>" changed cvar (cvar "sv_client_max_interp_ratio") (value "0")
L 03/14/2021 - 18:33:14: [basecommands.smx] "Console<0><Console><Console>" changed cvar (cvar "sv_minrate") (value "100000")
L 03/14/2021 - 18:33:14: [basecommands.smx] "Console<0><Console><Console>" changed cvar (cvar "sv_maxrate") (value "100000")
L 03/14/2021 - 18:33:14: [basecommands.smx] "Console<0><Console><Console>" changed cvar (cvar "sv_mincmdrate") (value "100")
L 03/14/2021 - 18:33:14: [basecommands.smx] "Console<0><Console><Console>" changed cvar (cvar "sv_maxcmdrate") (value "100")
L 03/14/2021 - 18:33:14: [basecommands.smx] "Console<0><Console><Console>" changed cvar (cvar "sv_minupdaterate") (value "100")
L 03/14/2021 - 18:33:14: [basecommands.smx] "Console<0><Console><Console>" changed cvar (cvar "sv_maxupdaterate") (value "100")
L 03/14/2021 - 18:33:14: [basecommands.smx] "Console<0><Console><Console>" changed cvar (cvar "nb_update_frequency") (value "0.014")
L 03/14/2021 - 18:33:14: [basecommands.smx] "Console<0><Console><Console>" changed cvar (cvar "net_splitpacket_maxrate") (value "50000")
L 03/14/2021 - 18:33:14: [basecommands.smx] "Console<0><Console><Console>" changed cvar (cvar "fps_max") (value "0")
L 03/14/2021 - 18:33:14: [basecommands.smx] "Console<0><Console><Console>" changed cvar (cvar "hostname") (value "Versus")
L 03/14/2021 - 18:34:30: [l4d2_skill_detect.smx] Charge carry start: 5 - 1 -- time: 75.11
L 03/14/2021 - 18:34:33: [l4d2_skill_detect.smx] Checking charge victim: 5 - 1 - flags: 1 (alive? 1)
L 03/14/2021 - 18:34:33: [l4d2_skill_detect.smx] Clear: 6 freed 1 from 5: time: 2.08 / 2.93 -- class: charger (with shove? 0)
L 03/14/2021 - 18:34:38: [l4d2_skill_detect.smx] Clear: 6 freed 4 from 2: time: 6.22 / -1.00 -- class: hunter (with shove? 0)
L 03/14/2021 - 18:34:48: [admin_hp.smx]  
L 03/14/2021 - 18:35:08: [l4d2_skill_detect.smx] Clear: 4 freed 1 from 3: time: 1.52 / -1.00 -- class: jockey (with shove? 1)
L 03/14/2021 - 18:36:11: [l4d2_skill_detect.smx] Clear: 4 freed 6 from 3: time: 3.78 / -1.00 -- class: hunter (with shove? 0)
L 03/14/2021 - 18:36:48: [l4d2_skill_detect.smx] Clear: 6 freed 6 from 7: time: 0.00 / -1.00 -- class: jockey (with shove? 1)
L 03/14/2021 - 18:36:51: [l4d2_skill_detect.smx] Clear: 1 freed 6 from 5: time: -1.00 / 1.56 -- class: smoker (with shove? 1)
L 03/14/2021 - 18:37:07: [l4d2_skill_detect.smx] Clear: 9 freed 6 from 2: time: 1.19 / -1.00 -- class: hunter (with shove? 0)
L 03/14/2021 - 18:37:49: [admin_hp.smx]  
L 03/14/2021 - 18:38:33: [admin_hp.smx]  
L 03/14/2021 - 18:38:34: [l4d2_skill_detect.smx] Clear: 6 freed 4 from 5: time: 5.80 / -1.00 -- class: hunter (with shove? 0)
L 03/14/2021 - 18:38:34: [admin_hp.smx]  
L 03/14/2021 - 18:39:56: [l4d2_skill_detect.smx] Clear: 6 freed 4 from 7: time: -1.00 / 1.64 -- class: smoker (with shove? 0)
L 03/14/2021 - 18:40:40: [l4d2_skill_detect.smx] Clear: 2 freed 6 from 3: time: -1.00 / 3.80 -- class: smoker (with shove? 0)
L 03/14/2021 - 18:53:13: Log file closed.
L 03/14/2021 - 22:03:37: SourceMod log file session started (file "D:\Steam\steamapps\common\Left 4 Dead 2\left4dead2\addons\sourcemod\logs\L20210314.log") (Version "1.10.0.6492")
L 03/14/2021 - 22:03:37: [simplewelcomemsg.smx] Set the maximum number of lines of.
L 03/14/2021 - 22:03:46: [basecommands.smx] "Console<0><Console><Console>" changed cvar (cvar "sv_force_time_of_day") (value "0")
L 03/14/2021 - 22:03:46: [basecommands.smx] "Console<0><Console><Console>" changed cvar (cvar "z_witch_damage_per_kill_hit") (value "120")
L 03/14/2021 - 22:03:46: [basecommands.smx] "Console<0><Console><Console>" changed cvar (cvar "z_witch_anger_rate") (value "0.4")
L 03/14/2021 - 22:03:46: [basecommands.smx] "Console<0><Console><Console>" changed cvar (cvar "z_witch_flashlight_range") (value "2000")
L 03/14/2021 - 22:03:46: [basecommands.smx] "Console<0><Console><Console>" changed cvar (cvar "z_witch_burn_time") (value "100")
L 03/14/2021 - 22:03:46: [basecommands.smx] "Console<0><Console><Console>" changed cvar (cvar "z_tank_health") (value "4000")
L 03/14/2021 - 22:03:46: [basecommands.smx] "Console<0><Console><Console>" changed cvar (cvar "z_ghost_delay_min") (value "15")
L 03/14/2021 - 22:03:46: [basecommands.smx] "Console<0><Console><Console>" changed cvar (cvar "z_ghost_delay_max") (value "15")
L 03/14/2021 - 22:03:46: [basecommands.smx] "Console<0><Console><Console>" changed cvar (cvar "z_hunter_limit") (value "1")
L 03/14/2021 - 22:03:46: [basecommands.smx] "Console<0><Console><Console>" changed cvar (cvar "z_smoker_limit") (value "1")
L 03/14/2021 - 22:03:46: [basecommands.smx] "Console<0><Console><Console>" changed cvar (cvar "z_jockey_limit") (value "1")
L 03/14/2021 - 22:03:46: [basecommands.smx] "Console<0><Console><Console>" changed cvar (cvar "versus_tank_chance_intro") (value "1")
L 03/14/2021 - 22:03:46: [basecommands.smx] "Console<0><Console><Console>" changed cvar (cvar "versus_tank_chance_finale") (value "1")
L 03/14/2021 - 22:03:46: [basecommands.smx] "Console<0><Console><Console>" changed cvar (cvar "versus_tank_chance") (value "1")
L 03/14/2021 - 22:03:46: [basecommands.smx] "Console<0><Console><Console>" changed cvar (cvar "versus_witch_chance_intro") (value "0")
L 03/14/2021 - 22:03:46: [basecommands.smx] "Console<0><Console><Console>" changed cvar (cvar "versus_witch_chance_finale") (value "0")
L 03/14/2021 - 22:03:46: [basecommands.smx] "Console<0><Console><Console>" changed cvar (cvar "versus_witch_chance") (value "1")
L 03/14/2021 - 22:03:46: [basecommands.smx] "Console<0><Console><Console>" changed cvar (cvar "director_force_tank") (value "1")
L 03/14/2021 - 22:03:46: [basecommands.smx] "Console<0><Console><Console>" changed cvar (cvar "versus_boss_flow_min") (value "0.4")
L 03/14/2021 - 22:03:46: [basecommands.smx] "Console<0><Console><Console>" changed cvar (cvar "versus_boss_flow_max") (value "0.6")
L 03/14/2021 - 22:03:46: [basecommands.smx] "Console<0><Console><Console>" changed cvar (cvar "versus_boss_flow_min_intro") (value "0.1")
L 03/14/2021 - 22:03:46: [basecommands.smx] "Console<0><Console><Console>" changed cvar (cvar "versus_boss_flow_max_intro") (value "0.2")
L 03/14/2021 - 22:03:46: [basecommands.smx] "Console<0><Console><Console>" changed cvar (cvar "versus_boss_flow_min_finale") (value "0.1")
L 03/14/2021 - 22:03:46: [basecommands.smx] "Console<0><Console><Console>" changed cvar (cvar "versus_boss_flow_max_finale") (value "0.2")
L 03/14/2021 - 22:03:46: [basecommands.smx] "Console<0><Console><Console>" changed cvar (cvar "boomer_vomit_delay") (value "0.1")
L 03/14/2021 - 22:03:46: [basecommands.smx] "Console<0><Console><Console>" changed cvar (cvar "smoker_tongue_delay") (value "0.1")
L 03/14/2021 - 22:03:46: [basecommands.smx] "Console<0><Console><Console>" changed cvar (cvar "vs_survival_bonus") (value "35")
L 03/14/2021 - 22:03:46: [basecommands.smx] "Console<0><Console><Console>" changed cvar (cvar "z_tank_throw_health") (value "10")
L 03/14/2021 - 22:03:46: [basecommands.smx] "Console<0><Console><Console>" changed cvar (cvar "sv_client_min_interp_ratio") (value "-1")
L 03/14/2021 - 22:03:46: [basecommands.smx] "Console<0><Console><Console>" changed cvar (cvar "sv_client_max_interp_ratio") (value "0")
L 03/14/2021 - 22:03:46: [basecommands.smx] "Console<0><Console><Console>" changed cvar (cvar "sv_minrate") (value "100000")
L 03/14/2021 - 22:03:46: [basecommands.smx] "Console<0><Console><Console>" changed cvar (cvar "sv_maxrate") (value "100000")
L 03/14/2021 - 22:03:46: [basecommands.smx] "Console<0><Console><Console>" changed cvar (cvar "sv_mincmdrate") (value "100")
L 03/14/2021 - 22:03:46: [basecommands.smx] "Console<0><Console><Console>" changed cvar (cvar "sv_maxcmdrate") (value "100")
L 03/14/2021 - 22:03:46: [basecommands.smx] "Console<0><Console><Console>" changed cvar (cvar "sv_minupdaterate") (value "100")
L 03/14/2021 - 22:03:46: [basecommands.smx] "Console<0><Console><Console>" changed cvar (cvar "sv_maxupdaterate") (value "100")
L 03/14/2021 - 22:03:46: [basecommands.smx] "Console<0><Console><Console>" changed cvar (cvar "nb_update_frequency") (value "0.014")
L 03/14/2021 - 22:03:46: [basecommands.smx] "Console<0><Console><Console>" changed cvar (cvar "net_splitpacket_maxrate") (value "50000")
L 03/14/2021 - 22:03:46: [basecommands.smx] "Console<0><Console><Console>" changed cvar (cvar "fps_max") (value "0")
L 03/14/2021 - 22:03:46: [basecommands.smx] "Console<0><Console><Console>" changed cvar (cvar "hostname") (value "Versus")
L 03/14/2021 - 22:04:59: [l4d2_skill_detect.smx] Clear: 4 freed 2 from 5: time: 0.76 / 6.29 -- class: smoker (with shove? 1)
L 03/14/2021 - 22:07:35: [l4d2_skill_detect.smx] Charge carry start: 5 - 4 -- time: 225.48
L 03/14/2021 - 22:07:36: [l4d2_skill_detect.smx] Clear: 3 freed 4 from 5: time: 0.43 / 1.43 -- class: charger (with shove? 0)
L 03/14/2021 - 22:07:38: [l4d2_skill_detect.smx] Checking charge victim: 5 - 4 - flags: 1 (alive? 1)
L 03/14/2021 - 22:08:25: [l4d2_skill_detect.smx] Clear: 4 freed 2 from 5: time: 2.20 / 6.37 -- class: smoker (with shove? 1)
L 03/14/2021 - 22:08:57: [l4d2_skill_detect.smx] Clear: 4 freed 3 from 5: time: 0.16 / 5.59 -- class: smoker (with shove? 1)
L 03/14/2021 - 22:11:10: [l4d2_skill_detect.smx] Clear: 3 freed 1 from 6: time: 3.05 / -1.00 -- class: hunter (with shove? 0)
L 03/14/2021 - 22:12:56: [l4d2_skill_detect.smx] Clear: 4 freed 1 from 5: time: 0.86 / -1.00 -- class: hunter (with shove? 0)
L 03/14/2021 - 22:13:42: [l4d2_skill_detect.smx] Clear: 2 freed 4 from 5: time: 3.09 / 7.36 -- class: smoker (with shove? 0)
L 03/14/2021 - 22:16:47: [l4d2_skill_detect.smx] Clear: 3 freed 4 from 5: time: -1.00 / 0.59 -- class: smoker (with shove? 0)
L 03/14/2021 - 22:17:35: Log file closed.
