L 11/05/2020 - 13:51:54: SourceMod log file session started (file "D:\Steam\steamapps\common\Left 4 Dead 2\left4dead2\addons\sourcemod\logs\L20201105.log") (Version "1.10.0.6492")
L 11/05/2020 - 13:51:54: [simplewelcomemsg.smx] Set the maximum number of lines of.
L 11/05/2020 - 13:52:05: [basecommands.smx] "Console<0><Console><Console>" changed cvar (cvar "sv_force_time_of_day") (value "0")
L 11/05/2020 - 13:52:05: [basecommands.smx] "Console<0><Console><Console>" changed cvar (cvar "z_witch_damage_per_kill_hit") (value "120")
L 11/05/2020 - 13:52:05: [basecommands.smx] "Console<0><Console><Console>" changed cvar (cvar "z_witch_anger_rate") (value "0.6")
L 11/05/2020 - 13:52:05: [basecommands.smx] "Console<0><Console><Console>" changed cvar (cvar "z_witch_flashlight_range") (value "2000")
L 11/05/2020 - 13:52:05: [basecommands.smx] "Console<0><Console><Console>" changed cvar (cvar "z_witch_burn_time") (value "100")
L 11/05/2020 - 13:52:05: [basecommands.smx] "Console<0><Console><Console>" changed cvar (cvar "z_tank_health") (value "4000")
L 11/05/2020 - 13:52:05: [basecommands.smx] "Console<0><Console><Console>" changed cvar (cvar "z_ghost_delay_min") (value "16")
L 11/05/2020 - 13:52:05: [basecommands.smx] "Console<0><Console><Console>" changed cvar (cvar "z_ghost_delay_max") (value "16")
L 11/05/2020 - 13:52:05: [basecommands.smx] "Console<0><Console><Console>" changed cvar (cvar "versus_tank_chance_intro") (value "1")
L 11/05/2020 - 13:52:05: [basecommands.smx] "Console<0><Console><Console>" changed cvar (cvar "versus_tank_chance_finale") (value "1")
L 11/05/2020 - 13:52:05: [basecommands.smx] "Console<0><Console><Console>" changed cvar (cvar "versus_tank_chance") (value "1")
L 11/05/2020 - 13:52:05: [basecommands.smx] "Console<0><Console><Console>" changed cvar (cvar "versus_witch_chance_intro") (value "0")
L 11/05/2020 - 13:52:05: [basecommands.smx] "Console<0><Console><Console>" changed cvar (cvar "versus_witch_chance_finale") (value "0")
L 11/05/2020 - 13:52:05: [basecommands.smx] "Console<0><Console><Console>" changed cvar (cvar "versus_witch_chance") (value "1")
L 11/05/2020 - 13:52:05: [basecommands.smx] "Console<0><Console><Console>" changed cvar (cvar "boomer_vomit_delay") (value "0.1")
L 11/05/2020 - 13:52:05: [basecommands.smx] "Console<0><Console><Console>" changed cvar (cvar "smoker_tongue_delay") (value "0.1")
L 11/05/2020 - 13:52:05: [basecommands.smx] "Console<0><Console><Console>" changed cvar (cvar "vs_survival_bonus") (value "35")
L 11/05/2020 - 13:52:05: [basecommands.smx] "Console<0><Console><Console>" changed cvar (cvar "z_tank_throw_health") (value "10")
L 11/05/2020 - 13:52:05: [basecommands.smx] "Console<0><Console><Console>" changed cvar (cvar "sv_client_min_interp_ratio") (value "-1")
L 11/05/2020 - 13:52:05: [basecommands.smx] "Console<0><Console><Console>" changed cvar (cvar "sv_client_max_interp_ratio") (value "0")
L 11/05/2020 - 13:52:05: [basecommands.smx] "Console<0><Console><Console>" changed cvar (cvar "sv_minrate") (value "80000")
L 11/05/2020 - 13:52:05: [basecommands.smx] "Console<0><Console><Console>" changed cvar (cvar "sv_maxrate") (value "80000")
L 11/05/2020 - 13:52:05: [basecommands.smx] "Console<0><Console><Console>" changed cvar (cvar "sv_mincmdrate") (value "64")
L 11/05/2020 - 13:52:05: [basecommands.smx] "Console<0><Console><Console>" changed cvar (cvar "sv_maxcmdrate") (value "64")
L 11/05/2020 - 13:52:05: [basecommands.smx] "Console<0><Console><Console>" changed cvar (cvar "sv_minupdaterate") (value "64")
L 11/05/2020 - 13:52:05: [basecommands.smx] "Console<0><Console><Console>" changed cvar (cvar "sv_maxupdaterate") (value "64")
L 11/05/2020 - 13:52:05: [basecommands.smx] "Console<0><Console><Console>" changed cvar (cvar "fps_max") (value "0")
L 11/05/2020 - 13:52:05: [basecommands.smx] "Console<0><Console><Console>" changed cvar (cvar "hostname") (value "Versus")
L 11/05/2020 - 13:52:14: [l4d_profile_checker_v12.smx] [l4d_profile_checker] #DEBUG: sFriendID 76561198285791180
L 11/05/2020 - 13:52:14: [l4d_profile_checker_v12.smx] [l4d_profile_checker] #DEBUG: begin search in whitelist 76561198285791180
L 11/05/2020 - 13:52:14: [l4d_profile_checker_v12.smx] [l4d_profile_checker] #DEBUG: link profiles/76561198285791180/?xml=1
L 11/05/2020 - 13:52:35: [funcommands.smx] "♛ Rain ♛<2><STEAM_1:0:162762726><>" toggled noclip on "♛ Rain ♛<2><STEAM_1:0:162762726><>"
L 11/05/2020 - 13:52:44: [funcommands.smx] "♛ Rain ♛<2><STEAM_1:0:162762726><>" toggled noclip on "♛ Rain ♛<2><STEAM_1:0:162762726><>"
L 11/05/2020 - 13:52:44: [funcommands.smx] "♛ Rain ♛<2><STEAM_1:0:162762726><>" toggled noclip on "♛ Rain ♛<2><STEAM_1:0:162762726><>"
L 11/05/2020 - 13:52:46: [funcommands.smx] "♛ Rain ♛<2><STEAM_1:0:162762726><>" toggled noclip on "♛ Rain ♛<2><STEAM_1:0:162762726><>"
L 11/05/2020 - 13:52:48: [funcommands.smx] "♛ Rain ♛<2><STEAM_1:0:162762726><>" toggled noclip on "♛ Rain ♛<2><STEAM_1:0:162762726><>"
L 11/05/2020 - 13:53:02: [l4d2_skill_detect.smx] Clear: 3 freed 1 from 6: time: 4.45 / -1.00 -- class: hunter (with shove? 1)
L 11/05/2020 - 13:53:02: [l4d2_skill_detect.smx] Clear: 5 freed 1 from 6: time: 4.75 / -1.00 -- class: hunter (with shove? 1)
L 11/05/2020 - 13:53:03: [l4d2_skill_detect.smx] Clear: 3 freed 1 from 6: time: 5.29 / -1.00 -- class: hunter (with shove? 1)
L 11/05/2020 - 13:53:03: [l4d2_skill_detect.smx] Clear: 5 freed 1 from 6: time: 5.51 / -1.00 -- class: hunter (with shove? 0)
L 11/05/2020 - 13:53:10: [l4d2_skill_detect.smx] Clear: 5 freed 3 from 2: time: 1.21 / -1.00 -- class: hunter (with shove? 0)
L 11/05/2020 - 13:53:13: [l4d2_skill_detect.smx] Clear: 3 freed 4 from 7: time: 2.12 / -1.00 -- class: jockey (with shove? 1)
L 11/05/2020 - 13:53:24: Log file closed.
L 11/05/2020 - 13:54:43: SourceMod log file session started (file "D:\Steam\steamapps\common\Left 4 Dead 2\left4dead2\addons\sourcemod\logs\L20201105.log") (Version "1.10.0.6492")
L 11/05/2020 - 13:54:43: [simplewelcomemsg.smx] Set the maximum number of lines of.
L 11/05/2020 - 13:54:49: [basecommands.smx] "Console<0><Console><Console>" changed cvar (cvar "sv_force_time_of_day") (value "0")
L 11/05/2020 - 13:54:49: [basecommands.smx] "Console<0><Console><Console>" changed cvar (cvar "z_witch_damage_per_kill_hit") (value "120")
L 11/05/2020 - 13:54:49: [basecommands.smx] "Console<0><Console><Console>" changed cvar (cvar "z_witch_anger_rate") (value "0.6")
L 11/05/2020 - 13:54:49: [basecommands.smx] "Console<0><Console><Console>" changed cvar (cvar "z_witch_flashlight_range") (value "2000")
L 11/05/2020 - 13:54:49: [basecommands.smx] "Console<0><Console><Console>" changed cvar (cvar "z_witch_burn_time") (value "100")
L 11/05/2020 - 13:54:49: [basecommands.smx] "Console<0><Console><Console>" changed cvar (cvar "z_tank_health") (value "4000")
L 11/05/2020 - 13:54:49: [basecommands.smx] "Console<0><Console><Console>" changed cvar (cvar "z_ghost_delay_min") (value "16")
L 11/05/2020 - 13:54:49: [basecommands.smx] "Console<0><Console><Console>" changed cvar (cvar "z_ghost_delay_max") (value "16")
L 11/05/2020 - 13:54:49: [basecommands.smx] "Console<0><Console><Console>" changed cvar (cvar "versus_tank_chance_intro") (value "1")
L 11/05/2020 - 13:54:49: [basecommands.smx] "Console<0><Console><Console>" changed cvar (cvar "versus_tank_chance_finale") (value "1")
L 11/05/2020 - 13:54:49: [basecommands.smx] "Console<0><Console><Console>" changed cvar (cvar "versus_tank_chance") (value "1")
L 11/05/2020 - 13:54:49: [basecommands.smx] "Console<0><Console><Console>" changed cvar (cvar "versus_witch_chance_intro") (value "0")
L 11/05/2020 - 13:54:49: [basecommands.smx] "Console<0><Console><Console>" changed cvar (cvar "versus_witch_chance_finale") (value "0")
L 11/05/2020 - 13:54:49: [basecommands.smx] "Console<0><Console><Console>" changed cvar (cvar "versus_witch_chance") (value "1")
L 11/05/2020 - 13:54:49: [basecommands.smx] "Console<0><Console><Console>" changed cvar (cvar "boomer_vomit_delay") (value "0.1")
L 11/05/2020 - 13:54:49: [basecommands.smx] "Console<0><Console><Console>" changed cvar (cvar "smoker_tongue_delay") (value "0.1")
L 11/05/2020 - 13:54:49: [basecommands.smx] "Console<0><Console><Console>" changed cvar (cvar "vs_survival_bonus") (value "35")
L 11/05/2020 - 13:54:49: [basecommands.smx] "Console<0><Console><Console>" changed cvar (cvar "z_tank_throw_health") (value "10")
L 11/05/2020 - 13:54:49: [basecommands.smx] "Console<0><Console><Console>" changed cvar (cvar "sv_client_min_interp_ratio") (value "-1")
L 11/05/2020 - 13:54:49: [basecommands.smx] "Console<0><Console><Console>" changed cvar (cvar "sv_client_max_interp_ratio") (value "0")
L 11/05/2020 - 13:54:49: [basecommands.smx] "Console<0><Console><Console>" changed cvar (cvar "sv_minrate") (value "80000")
L 11/05/2020 - 13:54:49: [basecommands.smx] "Console<0><Console><Console>" changed cvar (cvar "sv_maxrate") (value "80000")
L 11/05/2020 - 13:54:49: [basecommands.smx] "Console<0><Console><Console>" changed cvar (cvar "sv_mincmdrate") (value "64")
L 11/05/2020 - 13:54:49: [basecommands.smx] "Console<0><Console><Console>" changed cvar (cvar "sv_maxcmdrate") (value "64")
L 11/05/2020 - 13:54:49: [basecommands.smx] "Console<0><Console><Console>" changed cvar (cvar "sv_minupdaterate") (value "64")
L 11/05/2020 - 13:54:49: [basecommands.smx] "Console<0><Console><Console>" changed cvar (cvar "sv_maxupdaterate") (value "64")
L 11/05/2020 - 13:54:49: [basecommands.smx] "Console<0><Console><Console>" changed cvar (cvar "fps_max") (value "0")
L 11/05/2020 - 13:54:49: [basecommands.smx] "Console<0><Console><Console>" changed cvar (cvar "hostname") (value "Versus")
L 11/05/2020 - 13:54:56: [l4d_profile_checker_v12.smx] [l4d_profile_checker] #DEBUG: sFriendID 76561198285791180
L 11/05/2020 - 13:54:56: [l4d_profile_checker_v12.smx] [l4d_profile_checker] #DEBUG: begin search in whitelist 76561198285791180
L 11/05/2020 - 13:54:56: [l4d_profile_checker_v12.smx] [l4d_profile_checker] #DEBUG: link profiles/76561198285791180/?xml=1
L 11/05/2020 - 13:55:13: [funcommands.smx] "♛ Rain ♛<2><STEAM_1:0:162762726><>" toggled noclip on "♛ Rain ♛<2><STEAM_1:0:162762726><>"
L 11/05/2020 - 13:55:15: [funcommands.smx] "♛ Rain ♛<2><STEAM_1:0:162762726><>" toggled noclip on "♛ Rain ♛<2><STEAM_1:0:162762726><>"
L 11/05/2020 - 13:55:26: [funcommands.smx] "♛ Rain ♛<2><STEAM_1:0:162762726><>" toggled noclip on "♛ Rain ♛<2><STEAM_1:0:162762726><>"
L 11/05/2020 - 13:55:26: [funcommands.smx] "♛ Rain ♛<2><STEAM_1:0:162762726><>" toggled noclip on "♛ Rain ♛<2><STEAM_1:0:162762726><>"
L 11/05/2020 - 13:55:27: [funcommands.smx] "♛ Rain ♛<2><STEAM_1:0:162762726><>" toggled noclip on "♛ Rain ♛<2><STEAM_1:0:162762726><>"
L 11/05/2020 - 13:55:29: [funcommands.smx] "♛ Rain ♛<2><STEAM_1:0:162762726><>" toggled noclip on "♛ Rain ♛<2><STEAM_1:0:162762726><>"
L 11/05/2020 - 13:55:44: [l4d2_skill_detect.smx] Clear: 4 freed 3 from 8: time: 5.03 / 8.03 -- class: smoker (with shove? 1)
L 11/05/2020 - 13:55:50: [admin_hp.smx]  
L 11/05/2020 - 13:55:51: [admin_hp.smx]  
L 11/05/2020 - 13:55:51: [admin_hp.smx]  
L 11/05/2020 - 13:55:52: [admin_hp.smx]  
L 11/05/2020 - 13:55:52: [admin_hp.smx]  
L 11/05/2020 - 13:55:52: [admin_hp.smx]  
L 11/05/2020 - 13:55:53: [admin_hp.smx]  
L 11/05/2020 - 13:55:53: [admin_hp.smx]  
L 11/05/2020 - 13:55:53: [admin_hp.smx]  
L 11/05/2020 - 13:55:54: [admin_hp.smx]  
L 11/05/2020 - 13:55:54: [admin_hp.smx]  
L 11/05/2020 - 13:55:54: [admin_hp.smx]  
L 11/05/2020 - 13:55:54: [admin_hp.smx]  
L 11/05/2020 - 13:55:55: [admin_hp.smx]  
L 11/05/2020 - 13:55:55: [admin_hp.smx]  
L 11/05/2020 - 13:55:55: [admin_hp.smx]  
L 11/05/2020 - 13:55:56: [admin_hp.smx]  
L 11/05/2020 - 13:55:56: [admin_hp.smx]  
L 11/05/2020 - 13:55:56: [admin_hp.smx]  
L 11/05/2020 - 13:55:57: [admin_hp.smx]  
L 11/05/2020 - 13:55:57: [admin_hp.smx]  
L 11/05/2020 - 13:55:57: [admin_hp.smx]  
L 11/05/2020 - 13:55:57: [admin_hp.smx]  
L 11/05/2020 - 13:55:58: [admin_hp.smx]  
L 11/05/2020 - 13:55:58: [admin_hp.smx]  
L 11/05/2020 - 13:55:58: [admin_hp.smx]  
L 11/05/2020 - 13:55:58: [admin_hp.smx]  
L 11/05/2020 - 13:55:58: [admin_hp.smx]  
L 11/05/2020 - 13:55:59: [admin_hp.smx]  
L 11/05/2020 - 13:55:59: [admin_hp.smx]  
L 11/05/2020 - 13:55:59: [admin_hp.smx]  
L 11/05/2020 - 13:55:59: [admin_hp.smx]  
L 11/05/2020 - 13:56:00: [admin_hp.smx]  
L 11/05/2020 - 13:56:00: [admin_hp.smx]  
L 11/05/2020 - 13:56:00: [admin_hp.smx]  
L 11/05/2020 - 13:56:00: [admin_hp.smx]  
L 11/05/2020 - 13:56:01: [admin_hp.smx]  
L 11/05/2020 - 13:56:01: [admin_hp.smx]  
L 11/05/2020 - 13:56:01: [admin_hp.smx]  
L 11/05/2020 - 13:56:02: [admin_hp.smx]  
L 11/05/2020 - 13:56:02: [admin_hp.smx]  
L 11/05/2020 - 13:56:02: [admin_hp.smx]  
L 11/05/2020 - 13:56:02: [admin_hp.smx]  
L 11/05/2020 - 13:56:03: [admin_hp.smx]  
L 11/05/2020 - 13:56:03: [admin_hp.smx]  
L 11/05/2020 - 13:56:03: [admin_hp.smx]  
L 11/05/2020 - 13:56:03: [admin_hp.smx]  
L 11/05/2020 - 13:56:04: [admin_hp.smx]  
L 11/05/2020 - 13:56:04: [admin_hp.smx]  
L 11/05/2020 - 13:56:04: [admin_hp.smx]  
L 11/05/2020 - 13:56:05: [admin_hp.smx]  
L 11/05/2020 - 13:56:05: [admin_hp.smx]  
L 11/05/2020 - 13:56:06: [admin_hp.smx]  
L 11/05/2020 - 13:56:06: [admin_hp.smx]  
L 11/05/2020 - 13:56:06: [admin_hp.smx]  
L 11/05/2020 - 13:56:06: [admin_hp.smx]  
L 11/05/2020 - 13:56:07: [admin_hp.smx]  
L 11/05/2020 - 13:56:07: [admin_hp.smx]  
L 11/05/2020 - 13:56:07: [admin_hp.smx]  
L 11/05/2020 - 13:56:08: [admin_hp.smx]  
L 11/05/2020 - 13:56:08: [admin_hp.smx]  
L 11/05/2020 - 13:56:08: [admin_hp.smx]  
L 11/05/2020 - 13:56:08: [admin_hp.smx]  
L 11/05/2020 - 13:56:08: [admin_hp.smx]  
L 11/05/2020 - 13:56:09: [admin_hp.smx]  
L 11/05/2020 - 13:56:09: [admin_hp.smx]  
L 11/05/2020 - 13:56:09: [admin_hp.smx]  
L 11/05/2020 - 13:56:09: [admin_hp.smx]  
L 11/05/2020 - 13:56:10: [admin_hp.smx]  
L 11/05/2020 - 13:56:10: [admin_hp.smx]  
L 11/05/2020 - 13:56:10: [admin_hp.smx]  
L 11/05/2020 - 13:56:10: [admin_hp.smx]  
L 11/05/2020 - 13:56:10: [admin_hp.smx]  
L 11/05/2020 - 13:56:11: [admin_hp.smx]  
L 11/05/2020 - 13:56:11: [admin_hp.smx]  
L 11/05/2020 - 13:56:11: [admin_hp.smx]  
L 11/05/2020 - 13:56:11: [admin_hp.smx]  
L 11/05/2020 - 13:56:11: [admin_hp.smx]  
L 11/05/2020 - 13:56:12: [admin_hp.smx]  
L 11/05/2020 - 13:56:12: [admin_hp.smx]  
L 11/05/2020 - 13:56:12: [admin_hp.smx]  
L 11/05/2020 - 13:56:12: [admin_hp.smx]  
L 11/05/2020 - 13:56:12: [admin_hp.smx]  
L 11/05/2020 - 13:56:13: [admin_hp.smx]  
L 11/05/2020 - 13:56:13: [admin_hp.smx]  
L 11/05/2020 - 13:56:13: [admin_hp.smx]  
L 11/05/2020 - 13:56:13: [admin_hp.smx]  
L 11/05/2020 - 13:56:14: [admin_hp.smx]  
L 11/05/2020 - 13:56:14: [admin_hp.smx]  
L 11/05/2020 - 13:56:14: [admin_hp.smx]  
L 11/05/2020 - 13:56:14: [admin_hp.smx]  
L 11/05/2020 - 13:56:14: [admin_hp.smx]  
L 11/05/2020 - 13:56:15: [admin_hp.smx]  
L 11/05/2020 - 13:56:15: [admin_hp.smx]  
L 11/05/2020 - 13:56:15: [admin_hp.smx]  
L 11/05/2020 - 13:56:15: [admin_hp.smx]  
L 11/05/2020 - 13:56:15: [admin_hp.smx]  
L 11/05/2020 - 13:56:16: [admin_hp.smx]  
L 11/05/2020 - 13:56:16: [admin_hp.smx]  
L 11/05/2020 - 13:56:16: [admin_hp.smx]  
L 11/05/2020 - 13:56:16: [admin_hp.smx]  
L 11/05/2020 - 13:56:17: [admin_hp.smx]  
L 11/05/2020 - 13:56:17: [admin_hp.smx]  
L 11/05/2020 - 13:56:17: [admin_hp.smx]  
L 11/05/2020 - 13:56:17: [admin_hp.smx]  
L 11/05/2020 - 13:56:17: [admin_hp.smx]  
L 11/05/2020 - 13:56:18: [admin_hp.smx]  
L 11/05/2020 - 13:56:18: [admin_hp.smx]  
L 11/05/2020 - 13:56:18: [admin_hp.smx]  
L 11/05/2020 - 13:56:18: [admin_hp.smx]  
L 11/05/2020 - 13:56:19: [admin_hp.smx]  
L 11/05/2020 - 13:56:19: [admin_hp.smx]  
L 11/05/2020 - 13:56:19: [admin_hp.smx]  
L 11/05/2020 - 13:56:19: [admin_hp.smx]  
L 11/05/2020 - 13:56:19: [admin_hp.smx]  
L 11/05/2020 - 13:56:20: [admin_hp.smx]  
L 11/05/2020 - 13:56:20: [admin_hp.smx]  
L 11/05/2020 - 13:56:20: [admin_hp.smx]  
L 11/05/2020 - 13:56:20: [admin_hp.smx]  
L 11/05/2020 - 13:56:21: [admin_hp.smx]  
L 11/05/2020 - 13:56:21: [admin_hp.smx]  
L 11/05/2020 - 13:56:21: [admin_hp.smx]  
L 11/05/2020 - 13:56:21: [admin_hp.smx]  
L 11/05/2020 - 13:56:43: [l4d2_skill_detect.smx] Clear: 5 freed 1 from 2: time: 8.03 / 10.37 -- class: smoker (with shove? 1)
L 11/05/2020 - 13:56:45: [admin_hp.smx]  
L 11/05/2020 - 13:57:24: Log file closed.
L 11/05/2020 - 14:03:42: SourceMod log file session started (file "D:\Steam\steamapps\common\Left 4 Dead 2\left4dead2\addons\sourcemod\logs\L20201105.log") (Version "1.10.0.6492")
L 11/05/2020 - 14:03:42: [simplewelcomemsg.smx] Set the maximum number of lines of.
L 11/05/2020 - 14:03:48: [basecommands.smx] "Console<0><Console><Console>" changed cvar (cvar "sv_force_time_of_day") (value "0")
L 11/05/2020 - 14:03:48: [basecommands.smx] "Console<0><Console><Console>" changed cvar (cvar "z_witch_damage_per_kill_hit") (value "120")
L 11/05/2020 - 14:03:48: [basecommands.smx] "Console<0><Console><Console>" changed cvar (cvar "z_witch_anger_rate") (value "0.6")
L 11/05/2020 - 14:03:48: [basecommands.smx] "Console<0><Console><Console>" changed cvar (cvar "z_witch_flashlight_range") (value "2000")
L 11/05/2020 - 14:03:48: [basecommands.smx] "Console<0><Console><Console>" changed cvar (cvar "z_witch_burn_time") (value "100")
L 11/05/2020 - 14:03:48: [basecommands.smx] "Console<0><Console><Console>" changed cvar (cvar "z_tank_health") (value "4000")
L 11/05/2020 - 14:03:48: [basecommands.smx] "Console<0><Console><Console>" changed cvar (cvar "z_ghost_delay_min") (value "16")
L 11/05/2020 - 14:03:48: [basecommands.smx] "Console<0><Console><Console>" changed cvar (cvar "z_ghost_delay_max") (value "16")
L 11/05/2020 - 14:03:48: [basecommands.smx] "Console<0><Console><Console>" changed cvar (cvar "versus_tank_chance_intro") (value "1")
L 11/05/2020 - 14:03:48: [basecommands.smx] "Console<0><Console><Console>" changed cvar (cvar "versus_tank_chance_finale") (value "1")
L 11/05/2020 - 14:03:48: [basecommands.smx] "Console<0><Console><Console>" changed cvar (cvar "versus_tank_chance") (value "1")
L 11/05/2020 - 14:03:48: [basecommands.smx] "Console<0><Console><Console>" changed cvar (cvar "versus_witch_chance_intro") (value "0")
L 11/05/2020 - 14:03:48: [basecommands.smx] "Console<0><Console><Console>" changed cvar (cvar "versus_witch_chance_finale") (value "0")
L 11/05/2020 - 14:03:48: [basecommands.smx] "Console<0><Console><Console>" changed cvar (cvar "versus_witch_chance") (value "1")
L 11/05/2020 - 14:03:48: [basecommands.smx] "Console<0><Console><Console>" changed cvar (cvar "boomer_vomit_delay") (value "0.1")
L 11/05/2020 - 14:03:48: [basecommands.smx] "Console<0><Console><Console>" changed cvar (cvar "smoker_tongue_delay") (value "0.1")
L 11/05/2020 - 14:03:48: [basecommands.smx] "Console<0><Console><Console>" changed cvar (cvar "vs_survival_bonus") (value "35")
L 11/05/2020 - 14:03:48: [basecommands.smx] "Console<0><Console><Console>" changed cvar (cvar "z_tank_throw_health") (value "10")
L 11/05/2020 - 14:03:48: [basecommands.smx] "Console<0><Console><Console>" changed cvar (cvar "sv_client_min_interp_ratio") (value "-1")
L 11/05/2020 - 14:03:48: [basecommands.smx] "Console<0><Console><Console>" changed cvar (cvar "sv_client_max_interp_ratio") (value "0")
L 11/05/2020 - 14:03:48: [basecommands.smx] "Console<0><Console><Console>" changed cvar (cvar "sv_minrate") (value "80000")
L 11/05/2020 - 14:03:48: [basecommands.smx] "Console<0><Console><Console>" changed cvar (cvar "sv_maxrate") (value "80000")
L 11/05/2020 - 14:03:48: [basecommands.smx] "Console<0><Console><Console>" changed cvar (cvar "sv_mincmdrate") (value "64")
L 11/05/2020 - 14:03:48: [basecommands.smx] "Console<0><Console><Console>" changed cvar (cvar "sv_maxcmdrate") (value "64")
L 11/05/2020 - 14:03:48: [basecommands.smx] "Console<0><Console><Console>" changed cvar (cvar "sv_minupdaterate") (value "64")
L 11/05/2020 - 14:03:48: [basecommands.smx] "Console<0><Console><Console>" changed cvar (cvar "sv_maxupdaterate") (value "64")
L 11/05/2020 - 14:03:48: [basecommands.smx] "Console<0><Console><Console>" changed cvar (cvar "fps_max") (value "0")
L 11/05/2020 - 14:03:48: [basecommands.smx] "Console<0><Console><Console>" changed cvar (cvar "hostname") (value "Versus")
L 11/05/2020 - 14:03:55: [l4d_profile_checker_v12.smx] [l4d_profile_checker] #DEBUG: sFriendID 76561198285791180
L 11/05/2020 - 14:03:55: [l4d_profile_checker_v12.smx] [l4d_profile_checker] #DEBUG: begin search in whitelist 76561198285791180
L 11/05/2020 - 14:03:55: [l4d_profile_checker_v12.smx] [l4d_profile_checker] #DEBUG: link profiles/76561198285791180/?xml=1
L 11/05/2020 - 14:04:24: [funcommands.smx] "♛ Rain ♛<2><STEAM_1:0:162762726><>" toggled noclip on "♛ Rain ♛<2><STEAM_1:0:162762726><>"
L 11/05/2020 - 14:04:24: [funcommands.smx] "♛ Rain ♛<2><STEAM_1:0:162762726><>" toggled noclip on "♛ Rain ♛<2><STEAM_1:0:162762726><>"
L 11/05/2020 - 14:04:26: [funcommands.smx] "♛ Rain ♛<2><STEAM_1:0:162762726><>" toggled noclip on "♛ Rain ♛<2><STEAM_1:0:162762726><>"
L 11/05/2020 - 14:04:28: [funcommands.smx] "♛ Rain ♛<2><STEAM_1:0:162762726><>" toggled noclip on "♛ Rain ♛<2><STEAM_1:0:162762726><>"
L 11/05/2020 - 14:04:48: Log file closed.
L 11/05/2020 - 14:05:58: SourceMod log file session started (file "D:\Steam\steamapps\common\Left 4 Dead 2\left4dead2\addons\sourcemod\logs\L20201105.log") (Version "1.10.0.6492")
L 11/05/2020 - 14:05:58: [simplewelcomemsg.smx] Set the maximum number of lines of.
L 11/05/2020 - 14:06:03: [basecommands.smx] "Console<0><Console><Console>" changed cvar (cvar "sv_force_time_of_day") (value "0")
L 11/05/2020 - 14:06:03: [basecommands.smx] "Console<0><Console><Console>" changed cvar (cvar "z_witch_damage_per_kill_hit") (value "120")
L 11/05/2020 - 14:06:03: [basecommands.smx] "Console<0><Console><Console>" changed cvar (cvar "z_witch_anger_rate") (value "0.6")
L 11/05/2020 - 14:06:03: [basecommands.smx] "Console<0><Console><Console>" changed cvar (cvar "z_witch_flashlight_range") (value "2000")
L 11/05/2020 - 14:06:03: [basecommands.smx] "Console<0><Console><Console>" changed cvar (cvar "z_witch_burn_time") (value "100")
L 11/05/2020 - 14:06:03: [basecommands.smx] "Console<0><Console><Console>" changed cvar (cvar "z_tank_health") (value "4000")
L 11/05/2020 - 14:06:03: [basecommands.smx] "Console<0><Console><Console>" changed cvar (cvar "z_ghost_delay_min") (value "16")
L 11/05/2020 - 14:06:03: [basecommands.smx] "Console<0><Console><Console>" changed cvar (cvar "z_ghost_delay_max") (value "16")
L 11/05/2020 - 14:06:03: [basecommands.smx] "Console<0><Console><Console>" changed cvar (cvar "versus_tank_chance_intro") (value "1")
L 11/05/2020 - 14:06:03: [basecommands.smx] "Console<0><Console><Console>" changed cvar (cvar "versus_tank_chance_finale") (value "1")
L 11/05/2020 - 14:06:03: [basecommands.smx] "Console<0><Console><Console>" changed cvar (cvar "versus_tank_chance") (value "1")
L 11/05/2020 - 14:06:03: [basecommands.smx] "Console<0><Console><Console>" changed cvar (cvar "versus_witch_chance_intro") (value "0")
L 11/05/2020 - 14:06:03: [basecommands.smx] "Console<0><Console><Console>" changed cvar (cvar "versus_witch_chance_finale") (value "0")
L 11/05/2020 - 14:06:03: [basecommands.smx] "Console<0><Console><Console>" changed cvar (cvar "versus_witch_chance") (value "1")
L 11/05/2020 - 14:06:03: [basecommands.smx] "Console<0><Console><Console>" changed cvar (cvar "boomer_vomit_delay") (value "0.1")
L 11/05/2020 - 14:06:03: [basecommands.smx] "Console<0><Console><Console>" changed cvar (cvar "smoker_tongue_delay") (value "0.1")
L 11/05/2020 - 14:06:03: [basecommands.smx] "Console<0><Console><Console>" changed cvar (cvar "vs_survival_bonus") (value "35")
L 11/05/2020 - 14:06:03: [basecommands.smx] "Console<0><Console><Console>" changed cvar (cvar "z_tank_throw_health") (value "10")
L 11/05/2020 - 14:06:03: [basecommands.smx] "Console<0><Console><Console>" changed cvar (cvar "sv_client_min_interp_ratio") (value "-1")
L 11/05/2020 - 14:06:03: [basecommands.smx] "Console<0><Console><Console>" changed cvar (cvar "sv_client_max_interp_ratio") (value "0")
L 11/05/2020 - 14:06:03: [basecommands.smx] "Console<0><Console><Console>" changed cvar (cvar "sv_minrate") (value "80000")
L 11/05/2020 - 14:06:03: [basecommands.smx] "Console<0><Console><Console>" changed cvar (cvar "sv_maxrate") (value "80000")
L 11/05/2020 - 14:06:03: [basecommands.smx] "Console<0><Console><Console>" changed cvar (cvar "sv_mincmdrate") (value "64")
L 11/05/2020 - 14:06:03: [basecommands.smx] "Console<0><Console><Console>" changed cvar (cvar "sv_maxcmdrate") (value "64")
L 11/05/2020 - 14:06:03: [basecommands.smx] "Console<0><Console><Console>" changed cvar (cvar "sv_minupdaterate") (value "64")
L 11/05/2020 - 14:06:03: [basecommands.smx] "Console<0><Console><Console>" changed cvar (cvar "sv_maxupdaterate") (value "64")
L 11/05/2020 - 14:06:03: [basecommands.smx] "Console<0><Console><Console>" changed cvar (cvar "fps_max") (value "0")
L 11/05/2020 - 14:06:03: [basecommands.smx] "Console<0><Console><Console>" changed cvar (cvar "hostname") (value "Versus")
L 11/05/2020 - 14:06:11: [l4d_profile_checker_v12.smx] [l4d_profile_checker] #DEBUG: sFriendID 76561198285791180
L 11/05/2020 - 14:06:11: [l4d_profile_checker_v12.smx] [l4d_profile_checker] #DEBUG: begin search in whitelist 76561198285791180
L 11/05/2020 - 14:06:11: [l4d_profile_checker_v12.smx] [l4d_profile_checker] #DEBUG: link profiles/76561198285791180/?xml=1
L 11/05/2020 - 14:06:41: [funcommands.smx] "♛ Rain ♛<2><STEAM_1:0:162762726><>" toggled noclip on "♛ Rain ♛<2><STEAM_1:0:162762726><>"
L 11/05/2020 - 14:06:42: [funcommands.smx] "♛ Rain ♛<2><STEAM_1:0:162762726><>" toggled noclip on "♛ Rain ♛<2><STEAM_1:0:162762726><>"
L 11/05/2020 - 14:07:02: [l4d2_skill_detect.smx] Clear: 2 freed 3 from 8: time: 6.75 / 7.60 -- class: smoker (with shove? 1)
L 11/05/2020 - 14:07:05: [l4d2_skill_detect.smx] Clear: 4 freed 2 from 7: time: 2.81 / 3.84 -- class: smoker (with shove? 1)
L 11/05/2020 - 14:08:52: [playercommands.smx] "♛ Rain ♛<2><STEAM_1:0:162762726><>" slayed "Spitter<10><BOT><>"
L 11/05/2020 - 14:08:52: [playercommands.smx] "♛ Rain ♛<2><STEAM_1:0:162762726><>" slayed "Hunter<11><BOT><>"
L 11/05/2020 - 14:08:52: [playercommands.smx] "♛ Rain ♛<2><STEAM_1:0:162762726><>" slayed "Charger<12><BOT><>"
L 11/05/2020 - 14:08:54: [admin_hp.smx]  
L 11/05/2020 - 14:09:32: Log file closed.
L 11/05/2020 - 14:11:20: SourceMod log file session started (file "D:\Steam\steamapps\common\Left 4 Dead 2\left4dead2\addons\sourcemod\logs\L20201105.log") (Version "1.10.0.6492")
L 11/05/2020 - 14:11:20: [simplewelcomemsg.smx] Set the maximum number of lines of.
L 11/05/2020 - 14:11:25: [basecommands.smx] "Console<0><Console><Console>" changed cvar (cvar "sv_force_time_of_day") (value "0")
L 11/05/2020 - 14:11:25: [basecommands.smx] "Console<0><Console><Console>" changed cvar (cvar "z_witch_damage_per_kill_hit") (value "120")
L 11/05/2020 - 14:11:25: [basecommands.smx] "Console<0><Console><Console>" changed cvar (cvar "z_witch_anger_rate") (value "0.6")
L 11/05/2020 - 14:11:25: [basecommands.smx] "Console<0><Console><Console>" changed cvar (cvar "z_witch_flashlight_range") (value "2000")
L 11/05/2020 - 14:11:25: [basecommands.smx] "Console<0><Console><Console>" changed cvar (cvar "z_witch_burn_time") (value "100")
L 11/05/2020 - 14:11:25: [basecommands.smx] "Console<0><Console><Console>" changed cvar (cvar "z_tank_health") (value "4000")
L 11/05/2020 - 14:11:25: [basecommands.smx] "Console<0><Console><Console>" changed cvar (cvar "z_ghost_delay_min") (value "16")
L 11/05/2020 - 14:11:25: [basecommands.smx] "Console<0><Console><Console>" changed cvar (cvar "z_ghost_delay_max") (value "16")
L 11/05/2020 - 14:11:25: [basecommands.smx] "Console<0><Console><Console>" changed cvar (cvar "versus_tank_chance_intro") (value "1")
L 11/05/2020 - 14:11:25: [basecommands.smx] "Console<0><Console><Console>" changed cvar (cvar "versus_tank_chance_finale") (value "1")
L 11/05/2020 - 14:11:25: [basecommands.smx] "Console<0><Console><Console>" changed cvar (cvar "versus_tank_chance") (value "1")
L 11/05/2020 - 14:11:25: [basecommands.smx] "Console<0><Console><Console>" changed cvar (cvar "versus_witch_chance_intro") (value "0")
L 11/05/2020 - 14:11:25: [basecommands.smx] "Console<0><Console><Console>" changed cvar (cvar "versus_witch_chance_finale") (value "0")
L 11/05/2020 - 14:11:25: [basecommands.smx] "Console<0><Console><Console>" changed cvar (cvar "versus_witch_chance") (value "1")
L 11/05/2020 - 14:11:25: [basecommands.smx] "Console<0><Console><Console>" changed cvar (cvar "boomer_vomit_delay") (value "0.1")
L 11/05/2020 - 14:11:25: [basecommands.smx] "Console<0><Console><Console>" changed cvar (cvar "smoker_tongue_delay") (value "0.1")
L 11/05/2020 - 14:11:25: [basecommands.smx] "Console<0><Console><Console>" changed cvar (cvar "vs_survival_bonus") (value "35")
L 11/05/2020 - 14:11:25: [basecommands.smx] "Console<0><Console><Console>" changed cvar (cvar "z_tank_throw_health") (value "10")
L 11/05/2020 - 14:11:25: [basecommands.smx] "Console<0><Console><Console>" changed cvar (cvar "sv_client_min_interp_ratio") (value "-1")
L 11/05/2020 - 14:11:25: [basecommands.smx] "Console<0><Console><Console>" changed cvar (cvar "sv_client_max_interp_ratio") (value "0")
L 11/05/2020 - 14:11:25: [basecommands.smx] "Console<0><Console><Console>" changed cvar (cvar "sv_minrate") (value "80000")
L 11/05/2020 - 14:11:25: [basecommands.smx] "Console<0><Console><Console>" changed cvar (cvar "sv_maxrate") (value "80000")
L 11/05/2020 - 14:11:25: [basecommands.smx] "Console<0><Console><Console>" changed cvar (cvar "sv_mincmdrate") (value "64")
L 11/05/2020 - 14:11:26: [basecommands.smx] "Console<0><Console><Console>" changed cvar (cvar "sv_maxcmdrate") (value "64")
L 11/05/2020 - 14:11:26: [basecommands.smx] "Console<0><Console><Console>" changed cvar (cvar "sv_minupdaterate") (value "64")
L 11/05/2020 - 14:11:26: [basecommands.smx] "Console<0><Console><Console>" changed cvar (cvar "sv_maxupdaterate") (value "64")
L 11/05/2020 - 14:11:26: [basecommands.smx] "Console<0><Console><Console>" changed cvar (cvar "fps_max") (value "0")
L 11/05/2020 - 14:11:26: [basecommands.smx] "Console<0><Console><Console>" changed cvar (cvar "hostname") (value "Versus")
L 11/05/2020 - 14:11:33: [l4d_profile_checker_v12.smx] [l4d_profile_checker] #DEBUG: sFriendID 76561198285791180
L 11/05/2020 - 14:11:33: [l4d_profile_checker_v12.smx] [l4d_profile_checker] #DEBUG: begin search in whitelist 76561198285791180
L 11/05/2020 - 14:11:33: [l4d_profile_checker_v12.smx] [l4d_profile_checker] #DEBUG: link profiles/76561198285791180/?xml=1
L 11/05/2020 - 14:12:01: [funcommands.smx] "♛ Rain ♛<2><STEAM_1:0:162762726><>" toggled noclip on "♛ Rain ♛<2><STEAM_1:0:162762726><>"
L 11/05/2020 - 14:12:04: [funcommands.smx] "♛ Rain ♛<2><STEAM_1:0:162762726><>" toggled noclip on "♛ Rain ♛<2><STEAM_1:0:162762726><>"
L 11/05/2020 - 14:18:16: Log file closed.
L 11/05/2020 - 14:19:02: SourceMod log file session started (file "D:\Steam\steamapps\common\Left 4 Dead 2\left4dead2\addons\sourcemod\logs\L20201105.log") (Version "1.10.0.6492")
L 11/05/2020 - 14:19:02: [simplewelcomemsg.smx] Set the maximum number of lines of.
L 11/05/2020 - 14:19:08: [basecommands.smx] "Console<0><Console><Console>" changed cvar (cvar "sv_force_time_of_day") (value "0")
L 11/05/2020 - 14:19:08: [basecommands.smx] "Console<0><Console><Console>" changed cvar (cvar "z_witch_damage_per_kill_hit") (value "120")
L 11/05/2020 - 14:19:08: [basecommands.smx] "Console<0><Console><Console>" changed cvar (cvar "z_witch_anger_rate") (value "0.6")
L 11/05/2020 - 14:19:08: [basecommands.smx] "Console<0><Console><Console>" changed cvar (cvar "z_witch_flashlight_range") (value "2000")
L 11/05/2020 - 14:19:08: [basecommands.smx] "Console<0><Console><Console>" changed cvar (cvar "z_witch_burn_time") (value "100")
L 11/05/2020 - 14:19:08: [basecommands.smx] "Console<0><Console><Console>" changed cvar (cvar "z_tank_health") (value "4000")
L 11/05/2020 - 14:19:08: [basecommands.smx] "Console<0><Console><Console>" changed cvar (cvar "z_ghost_delay_min") (value "16")
L 11/05/2020 - 14:19:08: [basecommands.smx] "Console<0><Console><Console>" changed cvar (cvar "z_ghost_delay_max") (value "16")
L 11/05/2020 - 14:19:08: [basecommands.smx] "Console<0><Console><Console>" changed cvar (cvar "versus_tank_chance_intro") (value "1")
L 11/05/2020 - 14:19:08: [basecommands.smx] "Console<0><Console><Console>" changed cvar (cvar "versus_tank_chance_finale") (value "1")
L 11/05/2020 - 14:19:08: [basecommands.smx] "Console<0><Console><Console>" changed cvar (cvar "versus_tank_chance") (value "1")
L 11/05/2020 - 14:19:08: [basecommands.smx] "Console<0><Console><Console>" changed cvar (cvar "versus_witch_chance_intro") (value "0")
L 11/05/2020 - 14:19:08: [basecommands.smx] "Console<0><Console><Console>" changed cvar (cvar "versus_witch_chance_finale") (value "0")
L 11/05/2020 - 14:19:08: [basecommands.smx] "Console<0><Console><Console>" changed cvar (cvar "versus_witch_chance") (value "1")
L 11/05/2020 - 14:19:08: [basecommands.smx] "Console<0><Console><Console>" changed cvar (cvar "boomer_vomit_delay") (value "0.1")
L 11/05/2020 - 14:19:08: [basecommands.smx] "Console<0><Console><Console>" changed cvar (cvar "smoker_tongue_delay") (value "0.1")
L 11/05/2020 - 14:19:08: [basecommands.smx] "Console<0><Console><Console>" changed cvar (cvar "vs_survival_bonus") (value "35")
L 11/05/2020 - 14:19:08: [basecommands.smx] "Console<0><Console><Console>" changed cvar (cvar "z_tank_throw_health") (value "10")
L 11/05/2020 - 14:19:08: [basecommands.smx] "Console<0><Console><Console>" changed cvar (cvar "sv_client_min_interp_ratio") (value "-1")
L 11/05/2020 - 14:19:08: [basecommands.smx] "Console<0><Console><Console>" changed cvar (cvar "sv_client_max_interp_ratio") (value "0")
L 11/05/2020 - 14:19:08: [basecommands.smx] "Console<0><Console><Console>" changed cvar (cvar "sv_minrate") (value "80000")
L 11/05/2020 - 14:19:08: [basecommands.smx] "Console<0><Console><Console>" changed cvar (cvar "sv_maxrate") (value "80000")
L 11/05/2020 - 14:19:08: [basecommands.smx] "Console<0><Console><Console>" changed cvar (cvar "sv_mincmdrate") (value "64")
L 11/05/2020 - 14:19:08: [basecommands.smx] "Console<0><Console><Console>" changed cvar (cvar "sv_maxcmdrate") (value "64")
L 11/05/2020 - 14:19:08: [basecommands.smx] "Console<0><Console><Console>" changed cvar (cvar "sv_minupdaterate") (value "64")
L 11/05/2020 - 14:19:08: [basecommands.smx] "Console<0><Console><Console>" changed cvar (cvar "sv_maxupdaterate") (value "64")
L 11/05/2020 - 14:19:08: [basecommands.smx] "Console<0><Console><Console>" changed cvar (cvar "fps_max") (value "0")
L 11/05/2020 - 14:19:08: [basecommands.smx] "Console<0><Console><Console>" changed cvar (cvar "hostname") (value "Versus")
L 11/05/2020 - 14:19:15: [l4d_profile_checker_v12.smx] [l4d_profile_checker] #DEBUG: sFriendID 76561198285791180
L 11/05/2020 - 14:19:15: [l4d_profile_checker_v12.smx] [l4d_profile_checker] #DEBUG: begin search in whitelist 76561198285791180
L 11/05/2020 - 14:19:15: [l4d_profile_checker_v12.smx] [l4d_profile_checker] #DEBUG: link profiles/76561198285791180/?xml=1
L 11/05/2020 - 14:19:33: [funcommands.smx] "♛ Rain ♛<2><STEAM_1:0:162762726><>" toggled noclip on "♛ Rain ♛<2><STEAM_1:0:162762726><>"
L 11/05/2020 - 14:19:36: [funcommands.smx] "♛ Rain ♛<2><STEAM_1:0:162762726><>" toggled noclip on "♛ Rain ♛<2><STEAM_1:0:162762726><>"
L 11/05/2020 - 14:19:47: [funcommands.smx] "♛ Rain ♛<2><STEAM_1:0:162762726><>" toggled noclip on "♛ Rain ♛<2><STEAM_1:0:162762726><>"
L 11/05/2020 - 14:19:48: [funcommands.smx] "♛ Rain ♛<2><STEAM_1:0:162762726><>" toggled noclip on "♛ Rain ♛<2><STEAM_1:0:162762726><>"
L 11/05/2020 - 14:19:50: [funcommands.smx] "♛ Rain ♛<2><STEAM_1:0:162762726><>" toggled noclip on "♛ Rain ♛<2><STEAM_1:0:162762726><>"
L 11/05/2020 - 14:19:51: [funcommands.smx] "♛ Rain ♛<2><STEAM_1:0:162762726><>" toggled noclip on "♛ Rain ♛<2><STEAM_1:0:162762726><>"
L 11/05/2020 - 14:20:18: [l4d2_skill_detect.smx] Charge carry start: 5 - 4 -- time: 63.51
L 11/05/2020 - 14:20:22: [l4d2_skill_detect.smx] Checking charge victim: 5 - 4 - flags: 1 (alive? 1)
L 11/05/2020 - 14:20:23: [l4d2_skill_detect.smx] Checking charge victim: 5 - 1 - flags: 0 (alive? 1)
L 11/05/2020 - 14:20:49: [l4d2_skill_detect.smx] Clear: 2 freed 4 from 5: time: 29.79 / 31.07 -- class: charger (with shove? 0)
L 11/05/2020 - 14:21:03: [admin_hp.smx]  
L 11/05/2020 - 14:21:18: Log file closed.
L 11/05/2020 - 14:22:17: SourceMod log file session started (file "D:\Steam\steamapps\common\Left 4 Dead 2\left4dead2\addons\sourcemod\logs\L20201105.log") (Version "1.10.0.6492")
L 11/05/2020 - 14:22:17: [simplewelcomemsg.smx] Set the maximum number of lines of.
L 11/05/2020 - 14:22:24: [basecommands.smx] "Console<0><Console><Console>" changed cvar (cvar "sv_force_time_of_day") (value "0")
L 11/05/2020 - 14:22:24: [basecommands.smx] "Console<0><Console><Console>" changed cvar (cvar "z_witch_damage_per_kill_hit") (value "120")
L 11/05/2020 - 14:22:24: [basecommands.smx] "Console<0><Console><Console>" changed cvar (cvar "z_witch_anger_rate") (value "0.6")
L 11/05/2020 - 14:22:24: [basecommands.smx] "Console<0><Console><Console>" changed cvar (cvar "z_witch_flashlight_range") (value "2000")
L 11/05/2020 - 14:22:24: [basecommands.smx] "Console<0><Console><Console>" changed cvar (cvar "z_witch_burn_time") (value "100")
L 11/05/2020 - 14:22:24: [basecommands.smx] "Console<0><Console><Console>" changed cvar (cvar "z_tank_health") (value "4000")
L 11/05/2020 - 14:22:24: [basecommands.smx] "Console<0><Console><Console>" changed cvar (cvar "z_ghost_delay_min") (value "16")
L 11/05/2020 - 14:22:24: [basecommands.smx] "Console<0><Console><Console>" changed cvar (cvar "z_ghost_delay_max") (value "16")
L 11/05/2020 - 14:22:24: [basecommands.smx] "Console<0><Console><Console>" changed cvar (cvar "versus_tank_chance_intro") (value "1")
L 11/05/2020 - 14:22:24: [basecommands.smx] "Console<0><Console><Console>" changed cvar (cvar "versus_tank_chance_finale") (value "1")
L 11/05/2020 - 14:22:24: [basecommands.smx] "Console<0><Console><Console>" changed cvar (cvar "versus_tank_chance") (value "1")
L 11/05/2020 - 14:22:24: [basecommands.smx] "Console<0><Console><Console>" changed cvar (cvar "versus_witch_chance_intro") (value "0")
L 11/05/2020 - 14:22:24: [basecommands.smx] "Console<0><Console><Console>" changed cvar (cvar "versus_witch_chance_finale") (value "0")
L 11/05/2020 - 14:22:24: [basecommands.smx] "Console<0><Console><Console>" changed cvar (cvar "versus_witch_chance") (value "1")
L 11/05/2020 - 14:22:24: [basecommands.smx] "Console<0><Console><Console>" changed cvar (cvar "boomer_vomit_delay") (value "0.1")
L 11/05/2020 - 14:22:24: [basecommands.smx] "Console<0><Console><Console>" changed cvar (cvar "smoker_tongue_delay") (value "0.1")
L 11/05/2020 - 14:22:24: [basecommands.smx] "Console<0><Console><Console>" changed cvar (cvar "vs_survival_bonus") (value "35")
L 11/05/2020 - 14:22:24: [basecommands.smx] "Console<0><Console><Console>" changed cvar (cvar "z_tank_throw_health") (value "10")
L 11/05/2020 - 14:22:24: [basecommands.smx] "Console<0><Console><Console>" changed cvar (cvar "sv_client_min_interp_ratio") (value "-1")
L 11/05/2020 - 14:22:24: [basecommands.smx] "Console<0><Console><Console>" changed cvar (cvar "sv_client_max_interp_ratio") (value "0")
L 11/05/2020 - 14:22:24: [basecommands.smx] "Console<0><Console><Console>" changed cvar (cvar "sv_minrate") (value "80000")
L 11/05/2020 - 14:22:24: [basecommands.smx] "Console<0><Console><Console>" changed cvar (cvar "sv_maxrate") (value "80000")
L 11/05/2020 - 14:22:24: [basecommands.smx] "Console<0><Console><Console>" changed cvar (cvar "sv_mincmdrate") (value "64")
L 11/05/2020 - 14:22:24: [basecommands.smx] "Console<0><Console><Console>" changed cvar (cvar "sv_maxcmdrate") (value "64")
L 11/05/2020 - 14:22:24: [basecommands.smx] "Console<0><Console><Console>" changed cvar (cvar "sv_minupdaterate") (value "64")
L 11/05/2020 - 14:22:24: [basecommands.smx] "Console<0><Console><Console>" changed cvar (cvar "sv_maxupdaterate") (value "64")
L 11/05/2020 - 14:22:24: [basecommands.smx] "Console<0><Console><Console>" changed cvar (cvar "fps_max") (value "0")
L 11/05/2020 - 14:22:24: [basecommands.smx] "Console<0><Console><Console>" changed cvar (cvar "hostname") (value "Versus")
L 11/05/2020 - 14:22:33: [l4d_profile_checker_v12.smx] [l4d_profile_checker] #DEBUG: sFriendID 76561198285791180
L 11/05/2020 - 14:22:33: [l4d_profile_checker_v12.smx] [l4d_profile_checker] #DEBUG: begin search in whitelist 76561198285791180
L 11/05/2020 - 14:22:33: [l4d_profile_checker_v12.smx] [l4d_profile_checker] #DEBUG: link profiles/76561198285791180/?xml=1
L 11/05/2020 - 14:22:51: [funcommands.smx] "♛ Rain ♛<2><STEAM_1:0:162762726><>" toggled noclip on "♛ Rain ♛<2><STEAM_1:0:162762726><>"
L 11/05/2020 - 14:23:02: [funcommands.smx] "♛ Rain ♛<2><STEAM_1:0:162762726><>" toggled noclip on "♛ Rain ♛<2><STEAM_1:0:162762726><>"
L 11/05/2020 - 14:23:02: [funcommands.smx] "♛ Rain ♛<2><STEAM_1:0:162762726><>" toggled noclip on "♛ Rain ♛<2><STEAM_1:0:162762726><>"
L 11/05/2020 - 14:23:03: [funcommands.smx] "♛ Rain ♛<2><STEAM_1:0:162762726><>" toggled noclip on "♛ Rain ♛<2><STEAM_1:0:162762726><>"
L 11/05/2020 - 14:23:04: [funcommands.smx] "♛ Rain ♛<2><STEAM_1:0:162762726><>" toggled noclip on "♛ Rain ♛<2><STEAM_1:0:162762726><>"
L 11/05/2020 - 14:23:06: [admin_hp.smx]  
L 11/05/2020 - 14:23:25: Log file closed.
L 11/05/2020 - 14:26:03: SourceMod log file session started (file "D:\Steam\steamapps\common\Left 4 Dead 2\left4dead2\addons\sourcemod\logs\L20201105.log") (Version "1.10.0.6492")
L 11/05/2020 - 14:26:03: [simplewelcomemsg.smx] Set the maximum number of lines of.
L 11/05/2020 - 14:26:08: [basecommands.smx] "Console<0><Console><Console>" changed cvar (cvar "sv_force_time_of_day") (value "0")
L 11/05/2020 - 14:26:08: [basecommands.smx] "Console<0><Console><Console>" changed cvar (cvar "z_witch_damage_per_kill_hit") (value "120")
L 11/05/2020 - 14:26:08: [basecommands.smx] "Console<0><Console><Console>" changed cvar (cvar "z_witch_anger_rate") (value "0.6")
L 11/05/2020 - 14:26:08: [basecommands.smx] "Console<0><Console><Console>" changed cvar (cvar "z_witch_flashlight_range") (value "2000")
L 11/05/2020 - 14:26:08: [basecommands.smx] "Console<0><Console><Console>" changed cvar (cvar "z_witch_burn_time") (value "100")
L 11/05/2020 - 14:26:08: [basecommands.smx] "Console<0><Console><Console>" changed cvar (cvar "z_tank_health") (value "4000")
L 11/05/2020 - 14:26:08: [basecommands.smx] "Console<0><Console><Console>" changed cvar (cvar "z_ghost_delay_min") (value "16")
L 11/05/2020 - 14:26:08: [basecommands.smx] "Console<0><Console><Console>" changed cvar (cvar "z_ghost_delay_max") (value "16")
L 11/05/2020 - 14:26:08: [basecommands.smx] "Console<0><Console><Console>" changed cvar (cvar "versus_tank_chance_intro") (value "1")
L 11/05/2020 - 14:26:08: [basecommands.smx] "Console<0><Console><Console>" changed cvar (cvar "versus_tank_chance_finale") (value "1")
L 11/05/2020 - 14:26:08: [basecommands.smx] "Console<0><Console><Console>" changed cvar (cvar "versus_tank_chance") (value "1")
L 11/05/2020 - 14:26:08: [basecommands.smx] "Console<0><Console><Console>" changed cvar (cvar "versus_witch_chance_intro") (value "0")
L 11/05/2020 - 14:26:08: [basecommands.smx] "Console<0><Console><Console>" changed cvar (cvar "versus_witch_chance_finale") (value "0")
L 11/05/2020 - 14:26:08: [basecommands.smx] "Console<0><Console><Console>" changed cvar (cvar "versus_witch_chance") (value "1")
L 11/05/2020 - 14:26:09: [basecommands.smx] "Console<0><Console><Console>" changed cvar (cvar "boomer_vomit_delay") (value "0.1")
L 11/05/2020 - 14:26:09: [basecommands.smx] "Console<0><Console><Console>" changed cvar (cvar "smoker_tongue_delay") (value "0.1")
L 11/05/2020 - 14:26:09: [basecommands.smx] "Console<0><Console><Console>" changed cvar (cvar "vs_survival_bonus") (value "35")
L 11/05/2020 - 14:26:09: [basecommands.smx] "Console<0><Console><Console>" changed cvar (cvar "z_tank_throw_health") (value "10")
L 11/05/2020 - 14:26:09: [basecommands.smx] "Console<0><Console><Console>" changed cvar (cvar "sv_client_min_interp_ratio") (value "-1")
L 11/05/2020 - 14:26:09: [basecommands.smx] "Console<0><Console><Console>" changed cvar (cvar "sv_client_max_interp_ratio") (value "0")
L 11/05/2020 - 14:26:09: [basecommands.smx] "Console<0><Console><Console>" changed cvar (cvar "sv_minrate") (value "80000")
L 11/05/2020 - 14:26:09: [basecommands.smx] "Console<0><Console><Console>" changed cvar (cvar "sv_maxrate") (value "80000")
L 11/05/2020 - 14:26:09: [basecommands.smx] "Console<0><Console><Console>" changed cvar (cvar "sv_mincmdrate") (value "64")
L 11/05/2020 - 14:26:09: [basecommands.smx] "Console<0><Console><Console>" changed cvar (cvar "sv_maxcmdrate") (value "64")
L 11/05/2020 - 14:26:09: [basecommands.smx] "Console<0><Console><Console>" changed cvar (cvar "sv_minupdaterate") (value "64")
L 11/05/2020 - 14:26:09: [basecommands.smx] "Console<0><Console><Console>" changed cvar (cvar "sv_maxupdaterate") (value "64")
L 11/05/2020 - 14:26:09: [basecommands.smx] "Console<0><Console><Console>" changed cvar (cvar "fps_max") (value "0")
L 11/05/2020 - 14:26:09: [basecommands.smx] "Console<0><Console><Console>" changed cvar (cvar "hostname") (value "Versus")
L 11/05/2020 - 14:26:16: [l4d_profile_checker_v12.smx] [l4d_profile_checker] #DEBUG: sFriendID 76561198285791180
L 11/05/2020 - 14:26:16: [l4d_profile_checker_v12.smx] [l4d_profile_checker] #DEBUG: begin search in whitelist 76561198285791180
L 11/05/2020 - 14:26:16: [l4d_profile_checker_v12.smx] [l4d_profile_checker] #DEBUG: link profiles/76561198285791180/?xml=1
L 11/05/2020 - 14:26:41: [funcommands.smx] "♛ Rain ♛<2><STEAM_1:0:162762726><>" toggled noclip on "♛ Rain ♛<2><STEAM_1:0:162762726><>"
L 11/05/2020 - 14:26:44: [funcommands.smx] "♛ Rain ♛<2><STEAM_1:0:162762726><>" toggled noclip on "♛ Rain ♛<2><STEAM_1:0:162762726><>"
L 11/05/2020 - 14:27:15: Log file closed.
