L 03/21/2021 - 00:28:14: SourceMod log file session started (file "D:\Steam\steamapps\common\Left 4 Dead 2\left4dead2\addons\sourcemod\logs\L20210321.log") (Version "1.10.0.6492")
L 03/21/2021 - 00:28:14: [simplewelcomemsg.smx] Set the maximum number of lines of.
L 03/21/2021 - 00:28:17: [basecommands.smx] "Console<0><Console><Console>" changed cvar (cvar "sv_force_time_of_day") (value "0")
L 03/21/2021 - 00:28:17: [basecommands.smx] "Console<0><Console><Console>" changed cvar (cvar "z_witch_damage_per_kill_hit") (value "120")
L 03/21/2021 - 00:28:17: [basecommands.smx] "Console<0><Console><Console>" changed cvar (cvar "z_witch_anger_rate") (value "0.4")
L 03/21/2021 - 00:28:17: [basecommands.smx] "Console<0><Console><Console>" changed cvar (cvar "z_witch_flashlight_range") (value "2000")
L 03/21/2021 - 00:28:17: [basecommands.smx] "Console<0><Console><Console>" changed cvar (cvar "z_witch_burn_time") (value "100")
L 03/21/2021 - 00:28:17: [basecommands.smx] "Console<0><Console><Console>" changed cvar (cvar "z_tank_health") (value "4000")
L 03/21/2021 - 00:28:17: [basecommands.smx] "Console<0><Console><Console>" changed cvar (cvar "z_ghost_delay_min") (value "15")
L 03/21/2021 - 00:28:17: [basecommands.smx] "Console<0><Console><Console>" changed cvar (cvar "z_ghost_delay_max") (value "15")
L 03/21/2021 - 00:28:17: [basecommands.smx] "Console<0><Console><Console>" changed cvar (cvar "z_hunter_limit") (value "1")
L 03/21/2021 - 00:28:17: [basecommands.smx] "Console<0><Console><Console>" changed cvar (cvar "z_smoker_limit") (value "1")
L 03/21/2021 - 00:28:17: [basecommands.smx] "Console<0><Console><Console>" changed cvar (cvar "z_jockey_limit") (value "1")
L 03/21/2021 - 00:28:17: [basecommands.smx] "Console<0><Console><Console>" changed cvar (cvar "versus_tank_chance_intro") (value "1")
L 03/21/2021 - 00:28:17: [basecommands.smx] "Console<0><Console><Console>" changed cvar (cvar "versus_tank_chance_finale") (value "1")
L 03/21/2021 - 00:28:17: [basecommands.smx] "Console<0><Console><Console>" changed cvar (cvar "versus_tank_chance") (value "1")
L 03/21/2021 - 00:28:17: [basecommands.smx] "Console<0><Console><Console>" changed cvar (cvar "versus_witch_chance_intro") (value "0")
L 03/21/2021 - 00:28:17: [basecommands.smx] "Console<0><Console><Console>" changed cvar (cvar "versus_witch_chance_finale") (value "0")
L 03/21/2021 - 00:28:17: [basecommands.smx] "Console<0><Console><Console>" changed cvar (cvar "versus_witch_chance") (value "1")
L 03/21/2021 - 00:28:17: [basecommands.smx] "Console<0><Console><Console>" changed cvar (cvar "director_force_tank") (value "1")
L 03/21/2021 - 00:28:17: [basecommands.smx] "Console<0><Console><Console>" changed cvar (cvar "versus_boss_flow_min") (value "0.4")
L 03/21/2021 - 00:28:17: [basecommands.smx] "Console<0><Console><Console>" changed cvar (cvar "versus_boss_flow_max") (value "0.6")
L 03/21/2021 - 00:28:17: [basecommands.smx] "Console<0><Console><Console>" changed cvar (cvar "versus_boss_flow_min_intro") (value "0.1")
L 03/21/2021 - 00:28:17: [basecommands.smx] "Console<0><Console><Console>" changed cvar (cvar "versus_boss_flow_max_intro") (value "0.2")
L 03/21/2021 - 00:28:17: [basecommands.smx] "Console<0><Console><Console>" changed cvar (cvar "versus_boss_flow_min_finale") (value "0.1")
L 03/21/2021 - 00:28:17: [basecommands.smx] "Console<0><Console><Console>" changed cvar (cvar "versus_boss_flow_max_finale") (value "0.2")
L 03/21/2021 - 00:28:17: [basecommands.smx] "Console<0><Console><Console>" changed cvar (cvar "boomer_vomit_delay") (value "0.1")
L 03/21/2021 - 00:28:17: [basecommands.smx] "Console<0><Console><Console>" changed cvar (cvar "smoker_tongue_delay") (value "0.1")
L 03/21/2021 - 00:28:17: [basecommands.smx] "Console<0><Console><Console>" changed cvar (cvar "vs_survival_bonus") (value "35")
L 03/21/2021 - 00:28:17: [basecommands.smx] "Console<0><Console><Console>" changed cvar (cvar "z_tank_throw_health") (value "10")
L 03/21/2021 - 00:28:17: [basecommands.smx] "Console<0><Console><Console>" changed cvar (cvar "sv_client_min_interp_ratio") (value "-1")
L 03/21/2021 - 00:28:17: [basecommands.smx] "Console<0><Console><Console>" changed cvar (cvar "sv_client_max_interp_ratio") (value "0")
L 03/21/2021 - 00:28:17: [basecommands.smx] "Console<0><Console><Console>" changed cvar (cvar "sv_minrate") (value "100000")
L 03/21/2021 - 00:28:17: [basecommands.smx] "Console<0><Console><Console>" changed cvar (cvar "sv_maxrate") (value "100000")
L 03/21/2021 - 00:28:17: [basecommands.smx] "Console<0><Console><Console>" changed cvar (cvar "sv_mincmdrate") (value "100")
L 03/21/2021 - 00:28:17: [basecommands.smx] "Console<0><Console><Console>" changed cvar (cvar "sv_maxcmdrate") (value "100")
L 03/21/2021 - 00:28:17: [basecommands.smx] "Console<0><Console><Console>" changed cvar (cvar "sv_minupdaterate") (value "100")
L 03/21/2021 - 00:28:17: [basecommands.smx] "Console<0><Console><Console>" changed cvar (cvar "sv_maxupdaterate") (value "100")
L 03/21/2021 - 00:28:17: [basecommands.smx] "Console<0><Console><Console>" changed cvar (cvar "nb_update_frequency") (value "0.014")
L 03/21/2021 - 00:28:17: [basecommands.smx] "Console<0><Console><Console>" changed cvar (cvar "net_splitpacket_maxrate") (value "50000")
L 03/21/2021 - 00:28:17: [basecommands.smx] "Console<0><Console><Console>" changed cvar (cvar "fps_max") (value "0")
L 03/21/2021 - 00:28:17: [basecommands.smx] "Console<0><Console><Console>" changed cvar (cvar "hostname") (value "Versus")
L 03/21/2021 - 00:30:37: [l4d2_skill_detect.smx] Clear: 2 freed 1 from 6: time: 1.94 / -1.00 -- class: jockey (with shove? 0)
L 03/21/2021 - 00:31:05: [l4d2_skill_detect.smx] Charge carry start: 6 - 4 -- time: 169.19
L 03/21/2021 - 00:31:08: [l4d2_skill_detect.smx] Clear: 2 freed 4 from 6: time: 1.66 / 3.16 -- class: charger (with shove? 0)
L 03/21/2021 - 00:31:08: [l4d2_skill_detect.smx] Checking charge victim: 6 - 4 - flags: 1 (alive? 1)
L 03/21/2021 - 00:31:16: [l4d2_skill_detect.smx] Clear: 2 freed 3 from 5: time: 1.25 / -1.00 -- class: hunter (with shove? 0)
L 03/21/2021 - 00:32:09: [l4d2_skill_detect.smx] Charge carry start: 8 - 1 -- time: 233.53
L 03/21/2021 - 00:32:12: [l4d2_skill_detect.smx] Clear: 4 freed 1 from 8: time: 1.95 / 3.21 -- class: charger (with shove? 0)
L 03/21/2021 - 00:32:12: [l4d2_skill_detect.smx] Checking charge victim: 8 - 1 - flags: 1 (alive? 1)
L 03/21/2021 - 00:32:19: [admin_hp.smx]  
L 03/21/2021 - 00:32:55: [l4d2_skill_detect.smx] Clear: 2 freed 4 from 5: time: 1.09 / -1.00 -- class: hunter (with shove? 0)
L 03/21/2021 - 00:33:04: [l4d2_skill_detect.smx] Clear: 2 freed 1 from 6: time: -1.00 / 2.42 -- class: smoker (with shove? 0)
L 03/21/2021 - 00:33:13: [l4d2_skill_detect.smx] Charge carry start: 7 - 2 -- time: 297.19
L 03/21/2021 - 00:33:14: [l4d2_skill_detect.smx] Clear: 4 freed 2 from 7: time: 0.98 / 1.73 -- class: charger (with shove? 0)
L 03/21/2021 - 00:33:15: [l4d2_skill_detect.smx] Checking charge victim: 7 - 2 - flags: 1 (alive? 1)
L 03/21/2021 - 00:33:21: [admin_hp.smx]  
L 03/21/2021 - 00:33:31: [l4d2_skill_detect.smx] Clear: 4 freed 1 from 7: time: 0.50 / -1.00 -- class: hunter (with shove? 0)
L 03/21/2021 - 00:34:06: -------- Mapchange to c2m1_highway --------
L 03/21/2021 - 00:34:08: [basecommands.smx] "Console<0><Console><Console>" changed cvar (cvar "sv_force_time_of_day") (value "0")
L 03/21/2021 - 00:34:08: [basecommands.smx] "Console<0><Console><Console>" changed cvar (cvar "z_witch_damage_per_kill_hit") (value "120")
L 03/21/2021 - 00:34:08: [basecommands.smx] "Console<0><Console><Console>" changed cvar (cvar "z_witch_anger_rate") (value "0.4")
L 03/21/2021 - 00:34:08: [basecommands.smx] "Console<0><Console><Console>" changed cvar (cvar "z_witch_flashlight_range") (value "2000")
L 03/21/2021 - 00:34:08: [basecommands.smx] "Console<0><Console><Console>" changed cvar (cvar "z_witch_burn_time") (value "100")
L 03/21/2021 - 00:34:08: [basecommands.smx] "Console<0><Console><Console>" changed cvar (cvar "z_tank_health") (value "4000")
L 03/21/2021 - 00:34:08: [basecommands.smx] "Console<0><Console><Console>" changed cvar (cvar "z_ghost_delay_min") (value "15")
L 03/21/2021 - 00:34:08: [basecommands.smx] "Console<0><Console><Console>" changed cvar (cvar "z_ghost_delay_max") (value "15")
L 03/21/2021 - 00:34:08: [basecommands.smx] "Console<0><Console><Console>" changed cvar (cvar "z_hunter_limit") (value "1")
L 03/21/2021 - 00:34:08: [basecommands.smx] "Console<0><Console><Console>" changed cvar (cvar "z_smoker_limit") (value "1")
L 03/21/2021 - 00:34:08: [basecommands.smx] "Console<0><Console><Console>" changed cvar (cvar "z_jockey_limit") (value "1")
L 03/21/2021 - 00:34:08: [basecommands.smx] "Console<0><Console><Console>" changed cvar (cvar "versus_tank_chance_intro") (value "1")
L 03/21/2021 - 00:34:08: [basecommands.smx] "Console<0><Console><Console>" changed cvar (cvar "versus_tank_chance_finale") (value "1")
L 03/21/2021 - 00:34:08: [basecommands.smx] "Console<0><Console><Console>" changed cvar (cvar "versus_tank_chance") (value "1")
L 03/21/2021 - 00:34:08: [basecommands.smx] "Console<0><Console><Console>" changed cvar (cvar "versus_witch_chance_intro") (value "0")
L 03/21/2021 - 00:34:08: [basecommands.smx] "Console<0><Console><Console>" changed cvar (cvar "versus_witch_chance_finale") (value "0")
L 03/21/2021 - 00:34:08: [basecommands.smx] "Console<0><Console><Console>" changed cvar (cvar "versus_witch_chance") (value "1")
L 03/21/2021 - 00:34:08: [basecommands.smx] "Console<0><Console><Console>" changed cvar (cvar "director_force_tank") (value "1")
L 03/21/2021 - 00:34:08: [basecommands.smx] "Console<0><Console><Console>" changed cvar (cvar "versus_boss_flow_min") (value "0.4")
L 03/21/2021 - 00:34:08: [basecommands.smx] "Console<0><Console><Console>" changed cvar (cvar "versus_boss_flow_max") (value "0.6")
L 03/21/2021 - 00:34:08: [basecommands.smx] "Console<0><Console><Console>" changed cvar (cvar "versus_boss_flow_min_intro") (value "0.1")
L 03/21/2021 - 00:34:08: [basecommands.smx] "Console<0><Console><Console>" changed cvar (cvar "versus_boss_flow_max_intro") (value "0.2")
L 03/21/2021 - 00:34:08: [basecommands.smx] "Console<0><Console><Console>" changed cvar (cvar "versus_boss_flow_min_finale") (value "0.1")
L 03/21/2021 - 00:34:08: [basecommands.smx] "Console<0><Console><Console>" changed cvar (cvar "versus_boss_flow_max_finale") (value "0.2")
L 03/21/2021 - 00:34:08: [basecommands.smx] "Console<0><Console><Console>" changed cvar (cvar "boomer_vomit_delay") (value "0.1")
L 03/21/2021 - 00:34:08: [basecommands.smx] "Console<0><Console><Console>" changed cvar (cvar "smoker_tongue_delay") (value "0.1")
L 03/21/2021 - 00:34:08: [basecommands.smx] "Console<0><Console><Console>" changed cvar (cvar "vs_survival_bonus") (value "35")
L 03/21/2021 - 00:34:08: [basecommands.smx] "Console<0><Console><Console>" changed cvar (cvar "z_tank_throw_health") (value "10")
L 03/21/2021 - 00:34:08: [basecommands.smx] "Console<0><Console><Console>" changed cvar (cvar "sv_client_min_interp_ratio") (value "-1")
L 03/21/2021 - 00:34:08: [basecommands.smx] "Console<0><Console><Console>" changed cvar (cvar "sv_client_max_interp_ratio") (value "0")
L 03/21/2021 - 00:34:08: [basecommands.smx] "Console<0><Console><Console>" changed cvar (cvar "sv_minrate") (value "100000")
L 03/21/2021 - 00:34:08: [basecommands.smx] "Console<0><Console><Console>" changed cvar (cvar "sv_maxrate") (value "100000")
L 03/21/2021 - 00:34:08: [basecommands.smx] "Console<0><Console><Console>" changed cvar (cvar "sv_mincmdrate") (value "100")
L 03/21/2021 - 00:34:08: [basecommands.smx] "Console<0><Console><Console>" changed cvar (cvar "sv_maxcmdrate") (value "100")
L 03/21/2021 - 00:34:08: [basecommands.smx] "Console<0><Console><Console>" changed cvar (cvar "sv_minupdaterate") (value "100")
L 03/21/2021 - 00:34:08: [basecommands.smx] "Console<0><Console><Console>" changed cvar (cvar "sv_maxupdaterate") (value "100")
L 03/21/2021 - 00:34:08: [basecommands.smx] "Console<0><Console><Console>" changed cvar (cvar "nb_update_frequency") (value "0.014")
L 03/21/2021 - 00:34:08: [basecommands.smx] "Console<0><Console><Console>" changed cvar (cvar "net_splitpacket_maxrate") (value "50000")
L 03/21/2021 - 00:34:08: [basecommands.smx] "Console<0><Console><Console>" changed cvar (cvar "fps_max") (value "0")
L 03/21/2021 - 00:34:08: [basecommands.smx] "Console<0><Console><Console>" changed cvar (cvar "hostname") (value "Versus")
L 03/21/2021 - 00:36:30: [l4d2_skill_detect.smx] Charge carry start: 8 - 3 -- time: 142.70
L 03/21/2021 - 00:36:33: [l4d2_skill_detect.smx] Clear: 2 freed 3 from 8: time: 0.67 / 2.47 -- class: charger (with shove? 0)
L 03/21/2021 - 00:36:34: [l4d2_skill_detect.smx] Checking charge victim: 8 - 1 - flags: 0 (alive? 1)
L 03/21/2021 - 00:36:34: [l4d2_skill_detect.smx] Checking charge victim: 8 - 3 - flags: 1 (alive? 1)
L 03/21/2021 - 00:37:04: [l4d2_skill_detect.smx] Charge carry start: 6 - 4 -- time: 177.01
L 03/21/2021 - 00:37:05: [l4d2_skill_detect.smx] Clear: 2 freed 4 from 6: time: 0.00 / 0.92 -- class: charger (with shove? 0)
L 03/21/2021 - 00:37:08: [l4d2_skill_detect.smx] Checking charge victim: 6 - 4 - flags: 1 (alive? 1)
L 03/21/2021 - 00:37:21: -------- Mapchange to c8m1_apartment --------
L 03/21/2021 - 00:37:23: [basecommands.smx] "Console<0><Console><Console>" changed cvar (cvar "sv_force_time_of_day") (value "0")
L 03/21/2021 - 00:37:23: [basecommands.smx] "Console<0><Console><Console>" changed cvar (cvar "z_witch_damage_per_kill_hit") (value "120")
L 03/21/2021 - 00:37:23: [basecommands.smx] "Console<0><Console><Console>" changed cvar (cvar "z_witch_anger_rate") (value "0.4")
L 03/21/2021 - 00:37:23: [basecommands.smx] "Console<0><Console><Console>" changed cvar (cvar "z_witch_flashlight_range") (value "2000")
L 03/21/2021 - 00:37:23: [basecommands.smx] "Console<0><Console><Console>" changed cvar (cvar "z_witch_burn_time") (value "100")
L 03/21/2021 - 00:37:23: [basecommands.smx] "Console<0><Console><Console>" changed cvar (cvar "z_tank_health") (value "4000")
L 03/21/2021 - 00:37:23: [basecommands.smx] "Console<0><Console><Console>" changed cvar (cvar "z_ghost_delay_min") (value "15")
L 03/21/2021 - 00:37:23: [basecommands.smx] "Console<0><Console><Console>" changed cvar (cvar "z_ghost_delay_max") (value "15")
L 03/21/2021 - 00:37:23: [basecommands.smx] "Console<0><Console><Console>" changed cvar (cvar "z_hunter_limit") (value "1")
L 03/21/2021 - 00:37:23: [basecommands.smx] "Console<0><Console><Console>" changed cvar (cvar "z_smoker_limit") (value "1")
L 03/21/2021 - 00:37:23: [basecommands.smx] "Console<0><Console><Console>" changed cvar (cvar "z_jockey_limit") (value "1")
L 03/21/2021 - 00:37:23: [basecommands.smx] "Console<0><Console><Console>" changed cvar (cvar "versus_tank_chance_intro") (value "1")
L 03/21/2021 - 00:37:23: [basecommands.smx] "Console<0><Console><Console>" changed cvar (cvar "versus_tank_chance_finale") (value "1")
L 03/21/2021 - 00:37:23: [basecommands.smx] "Console<0><Console><Console>" changed cvar (cvar "versus_tank_chance") (value "1")
L 03/21/2021 - 00:37:23: [basecommands.smx] "Console<0><Console><Console>" changed cvar (cvar "versus_witch_chance_intro") (value "0")
L 03/21/2021 - 00:37:23: [basecommands.smx] "Console<0><Console><Console>" changed cvar (cvar "versus_witch_chance_finale") (value "0")
L 03/21/2021 - 00:37:23: [basecommands.smx] "Console<0><Console><Console>" changed cvar (cvar "versus_witch_chance") (value "1")
L 03/21/2021 - 00:37:23: [basecommands.smx] "Console<0><Console><Console>" changed cvar (cvar "director_force_tank") (value "1")
L 03/21/2021 - 00:37:23: [basecommands.smx] "Console<0><Console><Console>" changed cvar (cvar "versus_boss_flow_min") (value "0.4")
L 03/21/2021 - 00:37:23: [basecommands.smx] "Console<0><Console><Console>" changed cvar (cvar "versus_boss_flow_max") (value "0.6")
L 03/21/2021 - 00:37:23: [basecommands.smx] "Console<0><Console><Console>" changed cvar (cvar "versus_boss_flow_min_intro") (value "0.1")
L 03/21/2021 - 00:37:23: [basecommands.smx] "Console<0><Console><Console>" changed cvar (cvar "versus_boss_flow_max_intro") (value "0.2")
L 03/21/2021 - 00:37:23: [basecommands.smx] "Console<0><Console><Console>" changed cvar (cvar "versus_boss_flow_min_finale") (value "0.1")
L 03/21/2021 - 00:37:23: [basecommands.smx] "Console<0><Console><Console>" changed cvar (cvar "versus_boss_flow_max_finale") (value "0.2")
L 03/21/2021 - 00:37:23: [basecommands.smx] "Console<0><Console><Console>" changed cvar (cvar "boomer_vomit_delay") (value "0.1")
L 03/21/2021 - 00:37:23: [basecommands.smx] "Console<0><Console><Console>" changed cvar (cvar "smoker_tongue_delay") (value "0.1")
L 03/21/2021 - 00:37:23: [basecommands.smx] "Console<0><Console><Console>" changed cvar (cvar "vs_survival_bonus") (value "35")
L 03/21/2021 - 00:37:23: [basecommands.smx] "Console<0><Console><Console>" changed cvar (cvar "z_tank_throw_health") (value "10")
L 03/21/2021 - 00:37:23: [basecommands.smx] "Console<0><Console><Console>" changed cvar (cvar "sv_client_min_interp_ratio") (value "-1")
L 03/21/2021 - 00:37:23: [basecommands.smx] "Console<0><Console><Console>" changed cvar (cvar "sv_client_max_interp_ratio") (value "0")
L 03/21/2021 - 00:37:23: [basecommands.smx] "Console<0><Console><Console>" changed cvar (cvar "sv_minrate") (value "100000")
L 03/21/2021 - 00:37:23: [basecommands.smx] "Console<0><Console><Console>" changed cvar (cvar "sv_maxrate") (value "100000")
L 03/21/2021 - 00:37:23: [basecommands.smx] "Console<0><Console><Console>" changed cvar (cvar "sv_mincmdrate") (value "100")
L 03/21/2021 - 00:37:23: [basecommands.smx] "Console<0><Console><Console>" changed cvar (cvar "sv_maxcmdrate") (value "100")
L 03/21/2021 - 00:37:23: [basecommands.smx] "Console<0><Console><Console>" changed cvar (cvar "sv_minupdaterate") (value "100")
L 03/21/2021 - 00:37:23: [basecommands.smx] "Console<0><Console><Console>" changed cvar (cvar "sv_maxupdaterate") (value "100")
L 03/21/2021 - 00:37:23: [basecommands.smx] "Console<0><Console><Console>" changed cvar (cvar "nb_update_frequency") (value "0.014")
L 03/21/2021 - 00:37:23: [basecommands.smx] "Console<0><Console><Console>" changed cvar (cvar "net_splitpacket_maxrate") (value "50000")
L 03/21/2021 - 00:37:23: [basecommands.smx] "Console<0><Console><Console>" changed cvar (cvar "fps_max") (value "0")
L 03/21/2021 - 00:37:23: [basecommands.smx] "Console<0><Console><Console>" changed cvar (cvar "hostname") (value "Versus")
L 03/21/2021 - 00:39:07: [l4d2_skill_detect.smx] Clear: 2 freed 1 from 8: time: 1.18 / 3.19 -- class: smoker (with shove? 0)
L 03/21/2021 - 00:39:29: [l4d2_skill_detect.smx] Clear: 2 freed 1 from 5: time: 1.20 / -1.00 -- class: hunter (with shove? 0)
L 03/21/2021 - 00:39:44: [l4d2_skill_detect.smx] Clear: 3 freed 1 from 8: time: -1.00 / 1.45 -- class: smoker (with shove? 1)
L 03/21/2021 - 00:39:58: [l4d2_skill_detect.smx] Clear: 1 freed 4 from 5: time: 0.52 / 154.66 -- class: charger (with shove? 0)
L 03/21/2021 - 00:40:34: -------- Mapchange to c8m1_apartment --------
L 03/21/2021 - 00:40:36: [basecommands.smx] "Console<0><Console><Console>" changed cvar (cvar "sv_force_time_of_day") (value "0")
L 03/21/2021 - 00:40:36: [basecommands.smx] "Console<0><Console><Console>" changed cvar (cvar "z_witch_damage_per_kill_hit") (value "120")
L 03/21/2021 - 00:40:36: [basecommands.smx] "Console<0><Console><Console>" changed cvar (cvar "z_witch_anger_rate") (value "0.4")
L 03/21/2021 - 00:40:36: [basecommands.smx] "Console<0><Console><Console>" changed cvar (cvar "z_witch_flashlight_range") (value "2000")
L 03/21/2021 - 00:40:36: [basecommands.smx] "Console<0><Console><Console>" changed cvar (cvar "z_witch_burn_time") (value "100")
L 03/21/2021 - 00:40:36: [basecommands.smx] "Console<0><Console><Console>" changed cvar (cvar "z_tank_health") (value "4000")
L 03/21/2021 - 00:40:36: [basecommands.smx] "Console<0><Console><Console>" changed cvar (cvar "z_ghost_delay_min") (value "15")
L 03/21/2021 - 00:40:36: [basecommands.smx] "Console<0><Console><Console>" changed cvar (cvar "z_ghost_delay_max") (value "15")
L 03/21/2021 - 00:40:36: [basecommands.smx] "Console<0><Console><Console>" changed cvar (cvar "z_hunter_limit") (value "1")
L 03/21/2021 - 00:40:36: [basecommands.smx] "Console<0><Console><Console>" changed cvar (cvar "z_smoker_limit") (value "1")
L 03/21/2021 - 00:40:36: [basecommands.smx] "Console<0><Console><Console>" changed cvar (cvar "z_jockey_limit") (value "1")
L 03/21/2021 - 00:40:36: [basecommands.smx] "Console<0><Console><Console>" changed cvar (cvar "versus_tank_chance_intro") (value "1")
L 03/21/2021 - 00:40:36: [basecommands.smx] "Console<0><Console><Console>" changed cvar (cvar "versus_tank_chance_finale") (value "1")
L 03/21/2021 - 00:40:36: [basecommands.smx] "Console<0><Console><Console>" changed cvar (cvar "versus_tank_chance") (value "1")
L 03/21/2021 - 00:40:36: [basecommands.smx] "Console<0><Console><Console>" changed cvar (cvar "versus_witch_chance_intro") (value "0")
L 03/21/2021 - 00:40:36: [basecommands.smx] "Console<0><Console><Console>" changed cvar (cvar "versus_witch_chance_finale") (value "0")
L 03/21/2021 - 00:40:36: [basecommands.smx] "Console<0><Console><Console>" changed cvar (cvar "versus_witch_chance") (value "1")
L 03/21/2021 - 00:40:36: [basecommands.smx] "Console<0><Console><Console>" changed cvar (cvar "director_force_tank") (value "1")
L 03/21/2021 - 00:40:36: [basecommands.smx] "Console<0><Console><Console>" changed cvar (cvar "versus_boss_flow_min") (value "0.4")
L 03/21/2021 - 00:40:36: [basecommands.smx] "Console<0><Console><Console>" changed cvar (cvar "versus_boss_flow_max") (value "0.6")
L 03/21/2021 - 00:40:36: [basecommands.smx] "Console<0><Console><Console>" changed cvar (cvar "versus_boss_flow_min_intro") (value "0.1")
L 03/21/2021 - 00:40:36: [basecommands.smx] "Console<0><Console><Console>" changed cvar (cvar "versus_boss_flow_max_intro") (value "0.2")
L 03/21/2021 - 00:40:36: [basecommands.smx] "Console<0><Console><Console>" changed cvar (cvar "versus_boss_flow_min_finale") (value "0.1")
L 03/21/2021 - 00:40:36: [basecommands.smx] "Console<0><Console><Console>" changed cvar (cvar "versus_boss_flow_max_finale") (value "0.2")
L 03/21/2021 - 00:40:36: [basecommands.smx] "Console<0><Console><Console>" changed cvar (cvar "boomer_vomit_delay") (value "0.1")
L 03/21/2021 - 00:40:36: [basecommands.smx] "Console<0><Console><Console>" changed cvar (cvar "smoker_tongue_delay") (value "0.1")
L 03/21/2021 - 00:40:36: [basecommands.smx] "Console<0><Console><Console>" changed cvar (cvar "vs_survival_bonus") (value "35")
L 03/21/2021 - 00:40:36: [basecommands.smx] "Console<0><Console><Console>" changed cvar (cvar "z_tank_throw_health") (value "10")
L 03/21/2021 - 00:40:36: [basecommands.smx] "Console<0><Console><Console>" changed cvar (cvar "sv_client_min_interp_ratio") (value "-1")
L 03/21/2021 - 00:40:36: [basecommands.smx] "Console<0><Console><Console>" changed cvar (cvar "sv_client_max_interp_ratio") (value "0")
L 03/21/2021 - 00:40:36: [basecommands.smx] "Console<0><Console><Console>" changed cvar (cvar "sv_minrate") (value "100000")
L 03/21/2021 - 00:40:36: [basecommands.smx] "Console<0><Console><Console>" changed cvar (cvar "sv_maxrate") (value "100000")
L 03/21/2021 - 00:40:36: [basecommands.smx] "Console<0><Console><Console>" changed cvar (cvar "sv_mincmdrate") (value "100")
L 03/21/2021 - 00:40:36: [basecommands.smx] "Console<0><Console><Console>" changed cvar (cvar "sv_maxcmdrate") (value "100")
L 03/21/2021 - 00:40:36: [basecommands.smx] "Console<0><Console><Console>" changed cvar (cvar "sv_minupdaterate") (value "100")
L 03/21/2021 - 00:40:36: [basecommands.smx] "Console<0><Console><Console>" changed cvar (cvar "sv_maxupdaterate") (value "100")
L 03/21/2021 - 00:40:36: [basecommands.smx] "Console<0><Console><Console>" changed cvar (cvar "nb_update_frequency") (value "0.014")
L 03/21/2021 - 00:40:36: [basecommands.smx] "Console<0><Console><Console>" changed cvar (cvar "net_splitpacket_maxrate") (value "50000")
L 03/21/2021 - 00:40:36: [basecommands.smx] "Console<0><Console><Console>" changed cvar (cvar "fps_max") (value "0")
L 03/21/2021 - 00:40:36: [basecommands.smx] "Console<0><Console><Console>" changed cvar (cvar "hostname") (value "Versus")
L 03/21/2021 - 00:43:39: [l4d2_skill_detect.smx] Clear: 2 freed 1 from 8: time: 0.63 / 185.65 -- class: charger (with shove? 0)
L 03/21/2021 - 00:44:05: [l4d2_skill_detect.smx] Clear: 1 freed 2 from 8: time: -1.00 / 1.61 -- class: smoker (with shove? 0)
L 03/21/2021 - 00:44:32: [l4d2_skill_detect.smx] Clear: 1 freed 2 from 8: time: 1.05 / 2.21 -- class: smoker (with shove? 0)
L 03/21/2021 - 00:44:52: [admin_hp.smx]  
L 03/21/2021 - 00:45:13: [l4d2_skill_detect.smx] Clear: 3 freed 2 from 6: time: -1.00 / 2.47 -- class: smoker (with shove? 1)
L 03/21/2021 - 00:45:41: [l4d2_skill_detect.smx] Clear: 1 freed 2 from 6: time: -1.00 / 1.17 -- class: smoker (with shove? 0)
L 03/21/2021 - 00:45:52: [l4d2_skill_detect.smx] Clear: 3 freed 2 from 4: time: 1.31 / -1.00 -- class: hunter (with shove? 1)
L 03/21/2021 - 00:47:22: [l4d2_skill_detect.smx] Clear: 2 freed 1 from 4: time: 1.01 / 3.44 -- class: smoker (with shove? 0)
L 03/21/2021 - 00:49:11: [l4d2_skill_detect.smx] Clear: 5 freed 2 from 4: time: 1.03 / -1.00 -- class: hunter (with shove? 0)
L 03/21/2021 - 00:49:37: -------- Mapchange to c11m1_greenhouse --------
L 03/21/2021 - 00:49:39: [basecommands.smx] "Console<0><Console><Console>" changed cvar (cvar "sv_force_time_of_day") (value "0")
L 03/21/2021 - 00:49:39: [basecommands.smx] "Console<0><Console><Console>" changed cvar (cvar "z_witch_damage_per_kill_hit") (value "120")
L 03/21/2021 - 00:49:39: [basecommands.smx] "Console<0><Console><Console>" changed cvar (cvar "z_witch_anger_rate") (value "0.4")
L 03/21/2021 - 00:49:39: [basecommands.smx] "Console<0><Console><Console>" changed cvar (cvar "z_witch_flashlight_range") (value "2000")
L 03/21/2021 - 00:49:39: [basecommands.smx] "Console<0><Console><Console>" changed cvar (cvar "z_witch_burn_time") (value "100")
L 03/21/2021 - 00:49:39: [basecommands.smx] "Console<0><Console><Console>" changed cvar (cvar "z_tank_health") (value "4000")
L 03/21/2021 - 00:49:39: [basecommands.smx] "Console<0><Console><Console>" changed cvar (cvar "z_ghost_delay_min") (value "15")
L 03/21/2021 - 00:49:39: [basecommands.smx] "Console<0><Console><Console>" changed cvar (cvar "z_ghost_delay_max") (value "15")
L 03/21/2021 - 00:49:39: [basecommands.smx] "Console<0><Console><Console>" changed cvar (cvar "z_hunter_limit") (value "1")
L 03/21/2021 - 00:49:39: [basecommands.smx] "Console<0><Console><Console>" changed cvar (cvar "z_smoker_limit") (value "1")
L 03/21/2021 - 00:49:39: [basecommands.smx] "Console<0><Console><Console>" changed cvar (cvar "z_jockey_limit") (value "1")
L 03/21/2021 - 00:49:39: [basecommands.smx] "Console<0><Console><Console>" changed cvar (cvar "versus_tank_chance_intro") (value "1")
L 03/21/2021 - 00:49:39: [basecommands.smx] "Console<0><Console><Console>" changed cvar (cvar "versus_tank_chance_finale") (value "1")
L 03/21/2021 - 00:49:39: [basecommands.smx] "Console<0><Console><Console>" changed cvar (cvar "versus_tank_chance") (value "1")
L 03/21/2021 - 00:49:39: [basecommands.smx] "Console<0><Console><Console>" changed cvar (cvar "versus_witch_chance_intro") (value "0")
L 03/21/2021 - 00:49:39: [basecommands.smx] "Console<0><Console><Console>" changed cvar (cvar "versus_witch_chance_finale") (value "0")
L 03/21/2021 - 00:49:39: [basecommands.smx] "Console<0><Console><Console>" changed cvar (cvar "versus_witch_chance") (value "1")
L 03/21/2021 - 00:49:39: [basecommands.smx] "Console<0><Console><Console>" changed cvar (cvar "director_force_tank") (value "1")
L 03/21/2021 - 00:49:39: [basecommands.smx] "Console<0><Console><Console>" changed cvar (cvar "versus_boss_flow_min") (value "0.4")
L 03/21/2021 - 00:49:39: [basecommands.smx] "Console<0><Console><Console>" changed cvar (cvar "versus_boss_flow_max") (value "0.6")
L 03/21/2021 - 00:49:39: [basecommands.smx] "Console<0><Console><Console>" changed cvar (cvar "versus_boss_flow_min_intro") (value "0.1")
L 03/21/2021 - 00:49:39: [basecommands.smx] "Console<0><Console><Console>" changed cvar (cvar "versus_boss_flow_max_intro") (value "0.2")
L 03/21/2021 - 00:49:39: [basecommands.smx] "Console<0><Console><Console>" changed cvar (cvar "versus_boss_flow_min_finale") (value "0.1")
L 03/21/2021 - 00:49:39: [basecommands.smx] "Console<0><Console><Console>" changed cvar (cvar "versus_boss_flow_max_finale") (value "0.2")
L 03/21/2021 - 00:49:39: [basecommands.smx] "Console<0><Console><Console>" changed cvar (cvar "boomer_vomit_delay") (value "0.1")
L 03/21/2021 - 00:49:39: [basecommands.smx] "Console<0><Console><Console>" changed cvar (cvar "smoker_tongue_delay") (value "0.1")
L 03/21/2021 - 00:49:39: [basecommands.smx] "Console<0><Console><Console>" changed cvar (cvar "vs_survival_bonus") (value "35")
L 03/21/2021 - 00:49:39: [basecommands.smx] "Console<0><Console><Console>" changed cvar (cvar "z_tank_throw_health") (value "10")
L 03/21/2021 - 00:49:39: [basecommands.smx] "Console<0><Console><Console>" changed cvar (cvar "sv_client_min_interp_ratio") (value "-1")
L 03/21/2021 - 00:49:39: [basecommands.smx] "Console<0><Console><Console>" changed cvar (cvar "sv_client_max_interp_ratio") (value "0")
L 03/21/2021 - 00:49:39: [basecommands.smx] "Console<0><Console><Console>" changed cvar (cvar "sv_minrate") (value "100000")
L 03/21/2021 - 00:49:39: [basecommands.smx] "Console<0><Console><Console>" changed cvar (cvar "sv_maxrate") (value "100000")
L 03/21/2021 - 00:49:39: [basecommands.smx] "Console<0><Console><Console>" changed cvar (cvar "sv_mincmdrate") (value "100")
L 03/21/2021 - 00:49:39: [basecommands.smx] "Console<0><Console><Console>" changed cvar (cvar "sv_maxcmdrate") (value "100")
L 03/21/2021 - 00:49:39: [basecommands.smx] "Console<0><Console><Console>" changed cvar (cvar "sv_minupdaterate") (value "100")
L 03/21/2021 - 00:49:39: [basecommands.smx] "Console<0><Console><Console>" changed cvar (cvar "sv_maxupdaterate") (value "100")
L 03/21/2021 - 00:49:39: [basecommands.smx] "Console<0><Console><Console>" changed cvar (cvar "nb_update_frequency") (value "0.014")
L 03/21/2021 - 00:49:39: [basecommands.smx] "Console<0><Console><Console>" changed cvar (cvar "net_splitpacket_maxrate") (value "50000")
L 03/21/2021 - 00:49:39: [basecommands.smx] "Console<0><Console><Console>" changed cvar (cvar "fps_max") (value "0")
L 03/21/2021 - 00:49:39: [basecommands.smx] "Console<0><Console><Console>" changed cvar (cvar "hostname") (value "Versus")
L 03/21/2021 - 00:51:18: [l4d2_skill_detect.smx] Clear: 1 freed 2 from 7: time: -1.00 / 1.70 -- class: smoker (with shove? 0)
L 03/21/2021 - 00:51:35: [l4d2_skill_detect.smx] Clear: 4 freed 1 from 8: time: 1.95 / -1.00 -- class: hunter (with shove? 1)
L 03/21/2021 - 00:51:58: [l4d2_skill_detect.smx] Clear: 2 freed 3 from 7: time: 5.69 / -1.00 -- class: jockey (with shove? 0)
L 03/21/2021 - 00:52:13: [l4d2_skill_detect.smx] Clear: 4 freed 3 from 6: time: 2.44 / -1.00 -- class: hunter (with shove? 1)
L 03/21/2021 - 00:53:01: [l4d2_skill_detect.smx] Clear: 2 freed 3 from 5: time: 1.08 / -1.00 -- class: hunter (with shove? 0)
L 03/21/2021 - 00:53:58: [l4d2_skill_detect.smx] Clear: 2 freed 3 from 6: time: -1.00 / 1.22 -- class: smoker (with shove? 0)
L 03/21/2021 - 00:54:18: [l4d2_skill_detect.smx] Clear: 3 freed 4 from 5: time: 0.27 / -1.00 -- class: hunter (with shove? 0)
L 03/21/2021 - 00:54:46: [l4d2_skill_detect.smx] Clear: 2 freed 3 from 7: time: -1.00 / 2.04 -- class: smoker (with shove? 0)
L 03/21/2021 - 00:55:51: [l4d2_skill_detect.smx] Clear: 4 freed 2 from 8: time: -1.00 / 1.92 -- class: smoker (with shove? 1)
L 03/21/2021 - 00:56:05: [l4d2_skill_detect.smx] Clear: 4 freed 3 from 5: time: 1.20 / -1.00 -- class: jockey (with shove? 0)
L 03/21/2021 - 00:56:37: [l4d2_skill_detect.smx] Clear: 4 freed 3 from 7: time: 0.55 / -1.00 -- class: jockey (with shove? 0)
L 03/21/2021 - 00:57:47: Log file closed.
L 03/21/2021 - 21:28:44: SourceMod log file session started (file "D:\Steam\steamapps\common\Left 4 Dead 2\left4dead2\addons\sourcemod\logs\L20210321.log") (Version "1.10.0.6492")
L 03/21/2021 - 21:28:44: [simplewelcomemsg.smx] Set the maximum number of lines of.
L 03/21/2021 - 21:28:46: [basecommands.smx] "Console<0><Console><Console>" changed cvar (cvar "sv_force_time_of_day") (value "0")
L 03/21/2021 - 21:28:46: [basecommands.smx] "Console<0><Console><Console>" changed cvar (cvar "z_witch_damage_per_kill_hit") (value "120")
L 03/21/2021 - 21:28:46: [basecommands.smx] "Console<0><Console><Console>" changed cvar (cvar "z_witch_anger_rate") (value "0.4")
L 03/21/2021 - 21:28:46: [basecommands.smx] "Console<0><Console><Console>" changed cvar (cvar "z_witch_flashlight_range") (value "2000")
L 03/21/2021 - 21:28:46: [basecommands.smx] "Console<0><Console><Console>" changed cvar (cvar "z_witch_burn_time") (value "100")
L 03/21/2021 - 21:28:46: [basecommands.smx] "Console<0><Console><Console>" changed cvar (cvar "z_tank_health") (value "4000")
L 03/21/2021 - 21:28:46: [basecommands.smx] "Console<0><Console><Console>" changed cvar (cvar "z_ghost_delay_min") (value "15")
L 03/21/2021 - 21:28:46: [basecommands.smx] "Console<0><Console><Console>" changed cvar (cvar "z_ghost_delay_max") (value "15")
L 03/21/2021 - 21:28:46: [basecommands.smx] "Console<0><Console><Console>" changed cvar (cvar "z_hunter_limit") (value "1")
L 03/21/2021 - 21:28:46: [basecommands.smx] "Console<0><Console><Console>" changed cvar (cvar "z_smoker_limit") (value "1")
L 03/21/2021 - 21:28:46: [basecommands.smx] "Console<0><Console><Console>" changed cvar (cvar "z_jockey_limit") (value "1")
L 03/21/2021 - 21:28:46: [basecommands.smx] "Console<0><Console><Console>" changed cvar (cvar "versus_tank_chance_intro") (value "1")
L 03/21/2021 - 21:28:46: [basecommands.smx] "Console<0><Console><Console>" changed cvar (cvar "versus_tank_chance_finale") (value "1")
L 03/21/2021 - 21:28:46: [basecommands.smx] "Console<0><Console><Console>" changed cvar (cvar "versus_tank_chance") (value "1")
L 03/21/2021 - 21:28:46: [basecommands.smx] "Console<0><Console><Console>" changed cvar (cvar "versus_witch_chance_intro") (value "0")
L 03/21/2021 - 21:28:46: [basecommands.smx] "Console<0><Console><Console>" changed cvar (cvar "versus_witch_chance_finale") (value "0")
L 03/21/2021 - 21:28:46: [basecommands.smx] "Console<0><Console><Console>" changed cvar (cvar "versus_witch_chance") (value "1")
L 03/21/2021 - 21:28:46: [basecommands.smx] "Console<0><Console><Console>" changed cvar (cvar "director_force_tank") (value "1")
L 03/21/2021 - 21:28:46: [basecommands.smx] "Console<0><Console><Console>" changed cvar (cvar "versus_boss_flow_min") (value "0.4")
L 03/21/2021 - 21:28:46: [basecommands.smx] "Console<0><Console><Console>" changed cvar (cvar "versus_boss_flow_max") (value "0.6")
L 03/21/2021 - 21:28:46: [basecommands.smx] "Console<0><Console><Console>" changed cvar (cvar "versus_boss_flow_min_intro") (value "0.1")
L 03/21/2021 - 21:28:46: [basecommands.smx] "Console<0><Console><Console>" changed cvar (cvar "versus_boss_flow_max_intro") (value "0.2")
L 03/21/2021 - 21:28:46: [basecommands.smx] "Console<0><Console><Console>" changed cvar (cvar "versus_boss_flow_min_finale") (value "0.1")
L 03/21/2021 - 21:28:46: [basecommands.smx] "Console<0><Console><Console>" changed cvar (cvar "versus_boss_flow_max_finale") (value "0.2")
L 03/21/2021 - 21:28:46: [basecommands.smx] "Console<0><Console><Console>" changed cvar (cvar "boomer_vomit_delay") (value "0.1")
L 03/21/2021 - 21:28:46: [basecommands.smx] "Console<0><Console><Console>" changed cvar (cvar "smoker_tongue_delay") (value "0.1")
L 03/21/2021 - 21:28:46: [basecommands.smx] "Console<0><Console><Console>" changed cvar (cvar "vs_survival_bonus") (value "35")
L 03/21/2021 - 21:28:46: [basecommands.smx] "Console<0><Console><Console>" changed cvar (cvar "z_tank_throw_health") (value "10")
L 03/21/2021 - 21:28:46: [basecommands.smx] "Console<0><Console><Console>" changed cvar (cvar "sv_client_min_interp_ratio") (value "-1")
L 03/21/2021 - 21:28:46: [basecommands.smx] "Console<0><Console><Console>" changed cvar (cvar "sv_client_max_interp_ratio") (value "0")
L 03/21/2021 - 21:28:46: [basecommands.smx] "Console<0><Console><Console>" changed cvar (cvar "sv_minrate") (value "100000")
L 03/21/2021 - 21:28:46: [basecommands.smx] "Console<0><Console><Console>" changed cvar (cvar "sv_maxrate") (value "100000")
L 03/21/2021 - 21:28:46: [basecommands.smx] "Console<0><Console><Console>" changed cvar (cvar "sv_mincmdrate") (value "100")
L 03/21/2021 - 21:28:46: [basecommands.smx] "Console<0><Console><Console>" changed cvar (cvar "sv_maxcmdrate") (value "100")
L 03/21/2021 - 21:28:46: [basecommands.smx] "Console<0><Console><Console>" changed cvar (cvar "sv_minupdaterate") (value "100")
L 03/21/2021 - 21:28:46: [basecommands.smx] "Console<0><Console><Console>" changed cvar (cvar "sv_maxupdaterate") (value "100")
L 03/21/2021 - 21:28:46: [basecommands.smx] "Console<0><Console><Console>" changed cvar (cvar "nb_update_frequency") (value "0.014")
L 03/21/2021 - 21:28:46: [basecommands.smx] "Console<0><Console><Console>" changed cvar (cvar "net_splitpacket_maxrate") (value "50000")
L 03/21/2021 - 21:28:46: [basecommands.smx] "Console<0><Console><Console>" changed cvar (cvar "fps_max") (value "0")
L 03/21/2021 - 21:28:46: [basecommands.smx] "Console<0><Console><Console>" changed cvar (cvar "hostname") (value "Versus")
L 03/21/2021 - 21:29:54: [l4d2_skill_detect.smx] Clear: 3 freed 4 from 6: time: 0.15 / -1.00 -- class: jockey (with shove? 1)
L 03/21/2021 - 21:29:56: [l4d2_skill_detect.smx] Charge carry start: 7 - 2 -- time: 69.04
L 03/21/2021 - 21:29:59: [l4d2_skill_detect.smx] Checking charge victim: 7 - 2 - flags: 1 (alive? 1)
L 03/21/2021 - 21:29:59: [l4d2_skill_detect.smx] Checking charge victim: 7 - 4 - flags: 0 (alive? 1)
L 03/21/2021 - 21:29:59: [l4d2_skill_detect.smx] Checking charge victim: 7 - 3 - flags: 0 (alive? 1)
L 03/21/2021 - 21:31:20: [l4d2_skill_detect.smx] Clear: 4 freed 1 from 7: time: 0.02 / 4.29 -- class: smoker (with shove? 1)
L 03/21/2021 - 21:32:47: [l4d2_skill_detect.smx] Clear: 4 freed 2 from 7: time: 0.15 / 240.58 -- class: charger (with shove? 0)
L 03/21/2021 - 21:32:52: [l4d2_skill_detect.smx] Clear: 3 freed 2 from 6: time: 3.55 / -1.00 -- class: hunter (with shove? 0)
L 03/21/2021 - 21:36:16: [l4d2_skill_detect.smx] Charge carry start: 5 - 1 -- time: 447.25
L 03/21/2021 - 21:36:17: [l4d2_skill_detect.smx] Clear: 4 freed 1 from 5: time: 0.45 / 1.62 -- class: charger (with shove? 0)
L 03/21/2021 - 21:36:19: [l4d2_skill_detect.smx] Checking charge victim: 5 - 1 - flags: 1 (alive? 1)
L 03/21/2021 - 21:36:24: [l4d2_skill_detect.smx] Clear: 4 freed 2 from 6: time: 0.19 / -1.00 -- class: jockey (with shove? 0)
L 03/21/2021 - 21:38:57: -------- Mapchange to c5m2_park --------
L 03/21/2021 - 21:38:59: [basecommands.smx] "Console<0><Console><Console>" changed cvar (cvar "sv_force_time_of_day") (value "0")
L 03/21/2021 - 21:38:59: [basecommands.smx] "Console<0><Console><Console>" changed cvar (cvar "z_witch_damage_per_kill_hit") (value "120")
L 03/21/2021 - 21:38:59: [basecommands.smx] "Console<0><Console><Console>" changed cvar (cvar "z_witch_anger_rate") (value "0.4")
L 03/21/2021 - 21:38:59: [basecommands.smx] "Console<0><Console><Console>" changed cvar (cvar "z_witch_flashlight_range") (value "2000")
L 03/21/2021 - 21:38:59: [basecommands.smx] "Console<0><Console><Console>" changed cvar (cvar "z_witch_burn_time") (value "100")
L 03/21/2021 - 21:38:59: [basecommands.smx] "Console<0><Console><Console>" changed cvar (cvar "z_tank_health") (value "4000")
L 03/21/2021 - 21:38:59: [basecommands.smx] "Console<0><Console><Console>" changed cvar (cvar "z_ghost_delay_min") (value "15")
L 03/21/2021 - 21:38:59: [basecommands.smx] "Console<0><Console><Console>" changed cvar (cvar "z_ghost_delay_max") (value "15")
L 03/21/2021 - 21:38:59: [basecommands.smx] "Console<0><Console><Console>" changed cvar (cvar "z_hunter_limit") (value "1")
L 03/21/2021 - 21:38:59: [basecommands.smx] "Console<0><Console><Console>" changed cvar (cvar "z_smoker_limit") (value "1")
L 03/21/2021 - 21:38:59: [basecommands.smx] "Console<0><Console><Console>" changed cvar (cvar "z_jockey_limit") (value "1")
L 03/21/2021 - 21:38:59: [basecommands.smx] "Console<0><Console><Console>" changed cvar (cvar "versus_tank_chance_intro") (value "1")
L 03/21/2021 - 21:38:59: [basecommands.smx] "Console<0><Console><Console>" changed cvar (cvar "versus_tank_chance_finale") (value "1")
L 03/21/2021 - 21:38:59: [basecommands.smx] "Console<0><Console><Console>" changed cvar (cvar "versus_tank_chance") (value "1")
L 03/21/2021 - 21:38:59: [basecommands.smx] "Console<0><Console><Console>" changed cvar (cvar "versus_witch_chance_intro") (value "0")
L 03/21/2021 - 21:38:59: [basecommands.smx] "Console<0><Console><Console>" changed cvar (cvar "versus_witch_chance_finale") (value "0")
L 03/21/2021 - 21:38:59: [basecommands.smx] "Console<0><Console><Console>" changed cvar (cvar "versus_witch_chance") (value "1")
L 03/21/2021 - 21:38:59: [basecommands.smx] "Console<0><Console><Console>" changed cvar (cvar "director_force_tank") (value "1")
L 03/21/2021 - 21:38:59: [basecommands.smx] "Console<0><Console><Console>" changed cvar (cvar "versus_boss_flow_min") (value "0.4")
L 03/21/2021 - 21:38:59: [basecommands.smx] "Console<0><Console><Console>" changed cvar (cvar "versus_boss_flow_max") (value "0.6")
L 03/21/2021 - 21:38:59: [basecommands.smx] "Console<0><Console><Console>" changed cvar (cvar "versus_boss_flow_min_intro") (value "0.1")
L 03/21/2021 - 21:38:59: [basecommands.smx] "Console<0><Console><Console>" changed cvar (cvar "versus_boss_flow_max_intro") (value "0.2")
L 03/21/2021 - 21:38:59: [basecommands.smx] "Console<0><Console><Console>" changed cvar (cvar "versus_boss_flow_min_finale") (value "0.1")
L 03/21/2021 - 21:38:59: [basecommands.smx] "Console<0><Console><Console>" changed cvar (cvar "versus_boss_flow_max_finale") (value "0.2")
L 03/21/2021 - 21:38:59: [basecommands.smx] "Console<0><Console><Console>" changed cvar (cvar "boomer_vomit_delay") (value "0.1")
L 03/21/2021 - 21:38:59: [basecommands.smx] "Console<0><Console><Console>" changed cvar (cvar "smoker_tongue_delay") (value "0.1")
L 03/21/2021 - 21:38:59: [basecommands.smx] "Console<0><Console><Console>" changed cvar (cvar "vs_survival_bonus") (value "35")
L 03/21/2021 - 21:38:59: [basecommands.smx] "Console<0><Console><Console>" changed cvar (cvar "z_tank_throw_health") (value "10")
L 03/21/2021 - 21:38:59: [basecommands.smx] "Console<0><Console><Console>" changed cvar (cvar "sv_client_min_interp_ratio") (value "-1")
L 03/21/2021 - 21:38:59: [basecommands.smx] "Console<0><Console><Console>" changed cvar (cvar "sv_client_max_interp_ratio") (value "0")
L 03/21/2021 - 21:38:59: [basecommands.smx] "Console<0><Console><Console>" changed cvar (cvar "sv_minrate") (value "100000")
L 03/21/2021 - 21:38:59: [basecommands.smx] "Console<0><Console><Console>" changed cvar (cvar "sv_maxrate") (value "100000")
L 03/21/2021 - 21:38:59: [basecommands.smx] "Console<0><Console><Console>" changed cvar (cvar "sv_mincmdrate") (value "100")
L 03/21/2021 - 21:38:59: [basecommands.smx] "Console<0><Console><Console>" changed cvar (cvar "sv_maxcmdrate") (value "100")
L 03/21/2021 - 21:38:59: [basecommands.smx] "Console<0><Console><Console>" changed cvar (cvar "sv_minupdaterate") (value "100")
L 03/21/2021 - 21:38:59: [basecommands.smx] "Console<0><Console><Console>" changed cvar (cvar "sv_maxupdaterate") (value "100")
L 03/21/2021 - 21:38:59: [basecommands.smx] "Console<0><Console><Console>" changed cvar (cvar "nb_update_frequency") (value "0.014")
L 03/21/2021 - 21:38:59: [basecommands.smx] "Console<0><Console><Console>" changed cvar (cvar "net_splitpacket_maxrate") (value "50000")
L 03/21/2021 - 21:38:59: [basecommands.smx] "Console<0><Console><Console>" changed cvar (cvar "fps_max") (value "0")
L 03/21/2021 - 21:38:59: [basecommands.smx] "Console<0><Console><Console>" changed cvar (cvar "hostname") (value "Versus")
L 03/21/2021 - 21:41:59: [l4d2_skill_detect.smx] Clear: 2 freed 1 from 5: time: 1.63 / 5.17 -- class: smoker (with shove? 0)
L 03/21/2021 - 21:49:29: -------- Mapchange to c5m2_park --------
L 03/21/2021 - 21:49:30: [basecommands.smx] "Console<0><Console><Console>" changed cvar (cvar "sv_force_time_of_day") (value "0")
L 03/21/2021 - 21:49:30: [basecommands.smx] "Console<0><Console><Console>" changed cvar (cvar "z_witch_damage_per_kill_hit") (value "120")
L 03/21/2021 - 21:49:30: [basecommands.smx] "Console<0><Console><Console>" changed cvar (cvar "z_witch_anger_rate") (value "0.4")
L 03/21/2021 - 21:49:30: [basecommands.smx] "Console<0><Console><Console>" changed cvar (cvar "z_witch_flashlight_range") (value "2000")
L 03/21/2021 - 21:49:30: [basecommands.smx] "Console<0><Console><Console>" changed cvar (cvar "z_witch_burn_time") (value "100")
L 03/21/2021 - 21:49:30: [basecommands.smx] "Console<0><Console><Console>" changed cvar (cvar "z_tank_health") (value "4000")
L 03/21/2021 - 21:49:30: [basecommands.smx] "Console<0><Console><Console>" changed cvar (cvar "z_ghost_delay_min") (value "15")
L 03/21/2021 - 21:49:30: [basecommands.smx] "Console<0><Console><Console>" changed cvar (cvar "z_ghost_delay_max") (value "15")
L 03/21/2021 - 21:49:30: [basecommands.smx] "Console<0><Console><Console>" changed cvar (cvar "z_hunter_limit") (value "1")
L 03/21/2021 - 21:49:30: [basecommands.smx] "Console<0><Console><Console>" changed cvar (cvar "z_smoker_limit") (value "1")
L 03/21/2021 - 21:49:30: [basecommands.smx] "Console<0><Console><Console>" changed cvar (cvar "z_jockey_limit") (value "1")
L 03/21/2021 - 21:49:30: [basecommands.smx] "Console<0><Console><Console>" changed cvar (cvar "versus_tank_chance_intro") (value "1")
L 03/21/2021 - 21:49:30: [basecommands.smx] "Console<0><Console><Console>" changed cvar (cvar "versus_tank_chance_finale") (value "1")
L 03/21/2021 - 21:49:30: [basecommands.smx] "Console<0><Console><Console>" changed cvar (cvar "versus_tank_chance") (value "1")
L 03/21/2021 - 21:49:30: [basecommands.smx] "Console<0><Console><Console>" changed cvar (cvar "versus_witch_chance_intro") (value "0")
L 03/21/2021 - 21:49:30: [basecommands.smx] "Console<0><Console><Console>" changed cvar (cvar "versus_witch_chance_finale") (value "0")
L 03/21/2021 - 21:49:30: [basecommands.smx] "Console<0><Console><Console>" changed cvar (cvar "versus_witch_chance") (value "1")
L 03/21/2021 - 21:49:30: [basecommands.smx] "Console<0><Console><Console>" changed cvar (cvar "director_force_tank") (value "1")
L 03/21/2021 - 21:49:30: [basecommands.smx] "Console<0><Console><Console>" changed cvar (cvar "versus_boss_flow_min") (value "0.4")
L 03/21/2021 - 21:49:30: [basecommands.smx] "Console<0><Console><Console>" changed cvar (cvar "versus_boss_flow_max") (value "0.6")
L 03/21/2021 - 21:49:30: [basecommands.smx] "Console<0><Console><Console>" changed cvar (cvar "versus_boss_flow_min_intro") (value "0.1")
L 03/21/2021 - 21:49:30: [basecommands.smx] "Console<0><Console><Console>" changed cvar (cvar "versus_boss_flow_max_intro") (value "0.2")
L 03/21/2021 - 21:49:30: [basecommands.smx] "Console<0><Console><Console>" changed cvar (cvar "versus_boss_flow_min_finale") (value "0.1")
L 03/21/2021 - 21:49:30: [basecommands.smx] "Console<0><Console><Console>" changed cvar (cvar "versus_boss_flow_max_finale") (value "0.2")
L 03/21/2021 - 21:49:30: [basecommands.smx] "Console<0><Console><Console>" changed cvar (cvar "boomer_vomit_delay") (value "0.1")
L 03/21/2021 - 21:49:30: [basecommands.smx] "Console<0><Console><Console>" changed cvar (cvar "smoker_tongue_delay") (value "0.1")
L 03/21/2021 - 21:49:30: [basecommands.smx] "Console<0><Console><Console>" changed cvar (cvar "vs_survival_bonus") (value "35")
L 03/21/2021 - 21:49:30: [basecommands.smx] "Console<0><Console><Console>" changed cvar (cvar "z_tank_throw_health") (value "10")
L 03/21/2021 - 21:49:30: [basecommands.smx] "Console<0><Console><Console>" changed cvar (cvar "sv_client_min_interp_ratio") (value "-1")
L 03/21/2021 - 21:49:30: [basecommands.smx] "Console<0><Console><Console>" changed cvar (cvar "sv_client_max_interp_ratio") (value "0")
L 03/21/2021 - 21:49:30: [basecommands.smx] "Console<0><Console><Console>" changed cvar (cvar "sv_minrate") (value "100000")
L 03/21/2021 - 21:49:30: [basecommands.smx] "Console<0><Console><Console>" changed cvar (cvar "sv_maxrate") (value "100000")
L 03/21/2021 - 21:49:30: [basecommands.smx] "Console<0><Console><Console>" changed cvar (cvar "sv_mincmdrate") (value "100")
L 03/21/2021 - 21:49:30: [basecommands.smx] "Console<0><Console><Console>" changed cvar (cvar "sv_maxcmdrate") (value "100")
L 03/21/2021 - 21:49:30: [basecommands.smx] "Console<0><Console><Console>" changed cvar (cvar "sv_minupdaterate") (value "100")
L 03/21/2021 - 21:49:30: [basecommands.smx] "Console<0><Console><Console>" changed cvar (cvar "sv_maxupdaterate") (value "100")
L 03/21/2021 - 21:49:30: [basecommands.smx] "Console<0><Console><Console>" changed cvar (cvar "nb_update_frequency") (value "0.014")
L 03/21/2021 - 21:49:30: [basecommands.smx] "Console<0><Console><Console>" changed cvar (cvar "net_splitpacket_maxrate") (value "50000")
L 03/21/2021 - 21:49:30: [basecommands.smx] "Console<0><Console><Console>" changed cvar (cvar "fps_max") (value "0")
L 03/21/2021 - 21:49:30: [basecommands.smx] "Console<0><Console><Console>" changed cvar (cvar "hostname") (value "Versus")
L 03/21/2021 - 21:54:38: [l4d2_skill_detect.smx] Clear: 4 freed 1 from 5: time: 0.16 / -1.00 -- class: jockey (with shove? 1)
L 03/21/2021 - 21:56:17: [l4d2_skill_detect.smx] Clear: 4 freed 3 from 7: time: 0.13 / -1.00 -- class: hunter (with shove? 0)
L 03/21/2021 - 21:56:23: [l4d2_skill_detect.smx] Clear: 1 freed 3 from 5: time: -1.00 / 3.45 -- class: smoker (with shove? 0)
L 03/21/2021 - 21:57:30: [l4d2_skill_detect.smx] Charge carry start: 5 - 4 -- time: 479.35
L 03/21/2021 - 21:57:34: [l4d2_skill_detect.smx] Checking charge victim: 5 - 4 - flags: 1 (alive? 1)
L 03/21/2021 - 21:57:41: [l4d2_skill_detect.smx] Clear: 2 freed 4 from 5: time: 8.89 / 10.42 -- class: charger (with shove? 0)
L 03/21/2021 - 21:59:09: [l4d2_skill_detect.smx] Charge carry start: 6 - 3 -- time: 578.44
L 03/21/2021 - 21:59:11: [l4d2_skill_detect.smx] Clear: 2 freed 3 from 6: time: 0.89 / 2.14 -- class: charger (with shove? 0)
L 03/21/2021 - 21:59:13: [l4d2_skill_detect.smx] Checking charge victim: 6 - 3 - flags: 1 (alive? 1)
L 03/21/2021 - 22:00:16: Log file closed.
L 03/21/2021 - 23:44:35: SourceMod log file session started (file "D:\Steam\steamapps\common\Left 4 Dead 2\left4dead2\addons\sourcemod\logs\L20210321.log") (Version "1.10.0.6492")
L 03/21/2021 - 23:44:35: [simplewelcomemsg.smx] Set the maximum number of lines of.
L 03/21/2021 - 23:44:42: [basecommands.smx] "Console<0><Console><Console>" changed cvar (cvar "sv_force_time_of_day") (value "0")
L 03/21/2021 - 23:44:42: [basecommands.smx] "Console<0><Console><Console>" changed cvar (cvar "z_witch_damage_per_kill_hit") (value "120")
L 03/21/2021 - 23:44:42: [basecommands.smx] "Console<0><Console><Console>" changed cvar (cvar "z_witch_anger_rate") (value "0.4")
L 03/21/2021 - 23:44:42: [basecommands.smx] "Console<0><Console><Console>" changed cvar (cvar "z_witch_flashlight_range") (value "2000")
L 03/21/2021 - 23:44:42: [basecommands.smx] "Console<0><Console><Console>" changed cvar (cvar "z_witch_burn_time") (value "100")
L 03/21/2021 - 23:44:42: [basecommands.smx] "Console<0><Console><Console>" changed cvar (cvar "z_tank_health") (value "4000")
L 03/21/2021 - 23:44:42: [basecommands.smx] "Console<0><Console><Console>" changed cvar (cvar "z_ghost_delay_min") (value "15")
L 03/21/2021 - 23:44:42: [basecommands.smx] "Console<0><Console><Console>" changed cvar (cvar "z_ghost_delay_max") (value "15")
L 03/21/2021 - 23:44:42: [basecommands.smx] "Console<0><Console><Console>" changed cvar (cvar "z_hunter_limit") (value "1")
L 03/21/2021 - 23:44:42: [basecommands.smx] "Console<0><Console><Console>" changed cvar (cvar "z_smoker_limit") (value "1")
L 03/21/2021 - 23:44:42: [basecommands.smx] "Console<0><Console><Console>" changed cvar (cvar "z_jockey_limit") (value "1")
L 03/21/2021 - 23:44:42: [basecommands.smx] "Console<0><Console><Console>" changed cvar (cvar "versus_tank_chance_intro") (value "1")
L 03/21/2021 - 23:44:42: [basecommands.smx] "Console<0><Console><Console>" changed cvar (cvar "versus_tank_chance_finale") (value "1")
L 03/21/2021 - 23:44:42: [basecommands.smx] "Console<0><Console><Console>" changed cvar (cvar "versus_tank_chance") (value "1")
L 03/21/2021 - 23:44:42: [basecommands.smx] "Console<0><Console><Console>" changed cvar (cvar "versus_witch_chance_intro") (value "0")
L 03/21/2021 - 23:44:42: [basecommands.smx] "Console<0><Console><Console>" changed cvar (cvar "versus_witch_chance_finale") (value "0")
L 03/21/2021 - 23:44:42: [basecommands.smx] "Console<0><Console><Console>" changed cvar (cvar "versus_witch_chance") (value "1")
L 03/21/2021 - 23:44:42: [basecommands.smx] "Console<0><Console><Console>" changed cvar (cvar "director_force_tank") (value "1")
L 03/21/2021 - 23:44:42: [basecommands.smx] "Console<0><Console><Console>" changed cvar (cvar "versus_boss_flow_min") (value "0.4")
L 03/21/2021 - 23:44:42: [basecommands.smx] "Console<0><Console><Console>" changed cvar (cvar "versus_boss_flow_max") (value "0.6")
L 03/21/2021 - 23:44:42: [basecommands.smx] "Console<0><Console><Console>" changed cvar (cvar "versus_boss_flow_min_intro") (value "0.1")
L 03/21/2021 - 23:44:42: [basecommands.smx] "Console<0><Console><Console>" changed cvar (cvar "versus_boss_flow_max_intro") (value "0.2")
L 03/21/2021 - 23:44:42: [basecommands.smx] "Console<0><Console><Console>" changed cvar (cvar "versus_boss_flow_min_finale") (value "0.1")
L 03/21/2021 - 23:44:42: [basecommands.smx] "Console<0><Console><Console>" changed cvar (cvar "versus_boss_flow_max_finale") (value "0.2")
L 03/21/2021 - 23:44:42: [basecommands.smx] "Console<0><Console><Console>" changed cvar (cvar "boomer_vomit_delay") (value "0.1")
L 03/21/2021 - 23:44:42: [basecommands.smx] "Console<0><Console><Console>" changed cvar (cvar "smoker_tongue_delay") (value "0.1")
L 03/21/2021 - 23:44:42: [basecommands.smx] "Console<0><Console><Console>" changed cvar (cvar "vs_survival_bonus") (value "35")
L 03/21/2021 - 23:44:42: [basecommands.smx] "Console<0><Console><Console>" changed cvar (cvar "z_tank_throw_health") (value "10")
L 03/21/2021 - 23:44:42: [basecommands.smx] "Console<0><Console><Console>" changed cvar (cvar "sv_client_min_interp_ratio") (value "-1")
L 03/21/2021 - 23:44:42: [basecommands.smx] "Console<0><Console><Console>" changed cvar (cvar "sv_client_max_interp_ratio") (value "0")
L 03/21/2021 - 23:44:42: [basecommands.smx] "Console<0><Console><Console>" changed cvar (cvar "sv_minrate") (value "100000")
L 03/21/2021 - 23:44:42: [basecommands.smx] "Console<0><Console><Console>" changed cvar (cvar "sv_maxrate") (value "100000")
L 03/21/2021 - 23:44:42: [basecommands.smx] "Console<0><Console><Console>" changed cvar (cvar "sv_mincmdrate") (value "100")
L 03/21/2021 - 23:44:42: [basecommands.smx] "Console<0><Console><Console>" changed cvar (cvar "sv_maxcmdrate") (value "100")
L 03/21/2021 - 23:44:42: [basecommands.smx] "Console<0><Console><Console>" changed cvar (cvar "sv_minupdaterate") (value "100")
L 03/21/2021 - 23:44:42: [basecommands.smx] "Console<0><Console><Console>" changed cvar (cvar "sv_maxupdaterate") (value "100")
L 03/21/2021 - 23:44:42: [basecommands.smx] "Console<0><Console><Console>" changed cvar (cvar "nb_update_frequency") (value "0.014")
L 03/21/2021 - 23:44:42: [basecommands.smx] "Console<0><Console><Console>" changed cvar (cvar "net_splitpacket_maxrate") (value "50000")
L 03/21/2021 - 23:44:42: [basecommands.smx] "Console<0><Console><Console>" changed cvar (cvar "fps_max") (value "0")
L 03/21/2021 - 23:44:42: [basecommands.smx] "Console<0><Console><Console>" changed cvar (cvar "hostname") (value "Versus")
L 03/21/2021 - 23:45:50: [l4d2_skill_detect.smx] Clear: 2 freed 1 from 7: time: 0.87 / 4.47 -- class: smoker (with shove? 1)
L 03/21/2021 - 23:47:49: [l4d2_skill_detect.smx] Clear: 3 freed 1 from 5: time: 0.33 / -1.00 -- class: hunter (with shove? 0)
L 03/21/2021 - 23:49:20: [l4d2_skill_detect.smx] Charge carry start: 7 - 2 -- time: 210.50
L 03/21/2021 - 23:49:24: [l4d2_skill_detect.smx] Checking charge victim: 7 - 2 - flags: 1 (alive? 1)
L 03/21/2021 - 23:49:31: [l4d2_skill_detect.smx] Clear: 4 freed 3 from 5: time: 5.82 / -1.00 -- class: hunter (with shove? 0)
L 03/21/2021 - 23:49:35: [l4d2_skill_detect.smx] Clear: 3 freed 2 from 7: time: 12.02 / 14.13 -- class: charger (with shove? 0)
L 03/21/2021 - 23:51:24: [l4d2_skill_detect.smx] Clear: 4 freed 3 from 7: time: -1.00 / 3.88 -- class: smoker (with shove? 1)
L 03/21/2021 - 23:53:49: [playercommands.smx] " Rain <2><STEAM_1:0:162762726><>" slayed "Smoker<41><BOT><>"
L 03/21/2021 - 23:54:28: [admin_hp.smx]  
L 03/21/2021 - 23:54:38: Log file closed.
