L 07/30/2020 - 00:37:45: SourceMod log file session started (file "L20200730.log") (Version "1.8.0.6041")
L 07/30/2020 - 00:37:45: -------- Mapchange to c1m1_hotel --------
L 07/30/2020 - 00:37:49: [l4d2_itemgiver.smx] Detected Left4Dead2!
L 07/30/2020 - 00:37:50: [simplewelcomemsg.smx] Set the maximum number of lines of.
L 07/30/2020 - 00:38:38: [SM] Changed map to "c1m1_hotel"
L 07/30/2020 - 00:39:10: -------- Mapchange to c1m1_hotel --------
L 07/30/2020 - 00:42:14: Log file closed.
L 07/30/2020 - 00:58:14: SourceMod log file session started (file "L20200730.log") (Version "1.8.0.6041")
L 07/30/2020 - 00:58:14: -------- Mapchange to c1m1_hotel --------
L 07/30/2020 - 00:58:18: [l4d2_itemgiver.smx] Detected Left4Dead2!
L 07/30/2020 - 00:58:18: [simplewelcomemsg.smx] Set the maximum number of lines of.
L 07/30/2020 - 00:58:32: [SM] Changed map to "c1m1_hotel"
L 07/30/2020 - 00:58:35: -------- Mapchange to c1m1_hotel --------
L 07/30/2020 - 01:02:50: Log file closed.
L 07/30/2020 - 01:05:17: SourceMod log file session started (file "L20200730.log") (Version "1.8.0.6041")
L 07/30/2020 - 01:05:17: -------- Mapchange to c1m2_streets --------
L 07/30/2020 - 01:05:18: [l4d2_itemgiver.smx] Detected Left4Dead2!
L 07/30/2020 - 01:05:19: [simplewelcomemsg.smx] Set the maximum number of lines of.
L 07/30/2020 - 01:05:25: [SM] Changed map to "c1m2_streets"
L 07/30/2020 - 01:05:28: -------- Mapchange to c1m2_streets --------
L 07/30/2020 - 01:08:26: Log file closed.
L 07/30/2020 - 01:13:07: SourceMod log file session started (file "L20200730.log") (Version "1.8.0.6041")
L 07/30/2020 - 01:13:07: -------- Mapchange to c1m2_streets --------
L 07/30/2020 - 01:13:09: [l4d2_itemgiver.smx] Detected Left4Dead2!
L 07/30/2020 - 01:13:09: [simplewelcomemsg.smx] Set the maximum number of lines of.
L 07/30/2020 - 01:13:14: [SM] Changed map to "c1m2_streets"
L 07/30/2020 - 01:13:17: -------- Mapchange to c1m2_streets --------
L 07/30/2020 - 01:14:44: Log file closed.
L 07/30/2020 - 01:18:57: SourceMod log file session started (file "L20200730.log") (Version "1.8.0.6041")
L 07/30/2020 - 01:18:57: -------- Mapchange to c1m2_streets --------
L 07/30/2020 - 01:18:59: [l4d2_itemgiver.smx] Detected Left4Dead2!
L 07/30/2020 - 01:18:59: [simplewelcomemsg.smx] Set the maximum number of lines of.
L 07/30/2020 - 01:19:05: [SM] Changed map to "c1m2_streets"
L 07/30/2020 - 01:19:08: -------- Mapchange to c1m2_streets --------
L 07/30/2020 - 01:22:13: Log file closed.
L 07/30/2020 - 01:24:06: SourceMod log file session started (file "L20200730.log") (Version "1.8.0.6041")
L 07/30/2020 - 01:24:06: -------- Mapchange to c1m1_hotel --------
L 07/30/2020 - 01:24:08: [l4d2_itemgiver.smx] Detected Left4Dead2!
L 07/30/2020 - 01:24:08: [simplewelcomemsg.smx] Set the maximum number of lines of.
L 07/30/2020 - 01:24:14: [SM] Changed map to "c1m1_hotel"
L 07/30/2020 - 01:24:17: -------- Mapchange to c1m1_hotel --------
L 07/30/2020 - 01:27:17: Log file closed.
L 07/30/2020 - 01:27:52: SourceMod log file session started (file "L20200730.log") (Version "1.8.0.6041")
L 07/30/2020 - 01:27:52: -------- Mapchange to c1m1_hotel --------
L 07/30/2020 - 01:27:53: [l4d2_itemgiver.smx] Detected Left4Dead2!
L 07/30/2020 - 01:27:54: [simplewelcomemsg.smx] Set the maximum number of lines of.
L 07/30/2020 - 01:27:59: [SM] Changed map to "c1m1_hotel"
L 07/30/2020 - 01:28:02: -------- Mapchange to c1m1_hotel --------
L 07/30/2020 - 01:30:39: Log file closed.
L 07/30/2020 - 01:39:46: SourceMod log file session started (file "L20200730.log") (Version "1.8.0.6041")
L 07/30/2020 - 01:39:46: -------- Mapchange to c1m1_hotel --------
L 07/30/2020 - 01:39:47: [l4d2_itemgiver.smx] Detected Left4Dead2!
L 07/30/2020 - 01:39:47: [simplewelcomemsg.smx] Set the maximum number of lines of.
L 07/30/2020 - 01:39:53: [SM] Changed map to "c1m1_hotel"
L 07/30/2020 - 01:39:56: -------- Mapchange to c1m1_hotel --------
L 07/30/2020 - 01:40:48: [playercommands.smx] "в™› Rain в™›<2><STEAM_1:0:162762726><>" renamed "Rochelle<3><BOT><>" to "helleeoe")
L 07/30/2020 - 01:40:50: [playercommands.smx] "в™› Rain в™›<2><STEAM_1:0:162762726><>" renamed "Coach<4><BOT><>" to "aaaco")
L 07/30/2020 - 01:40:52: [playercommands.smx] "в™› Rain в™›<2><STEAM_1:0:162762726><>" renamed "Ellis<5><BOT><>" to "silli")
L 07/30/2020 - 01:40:56: [playercommands.smx] "в™› Rain в™›<2><STEAM_1:0:162762726><>" renamed "в™› Rain в™›<2><STEAM_1:0:162762726><>" to " nвi ›вi›вn›")
L 07/30/2020 - 01:40:59: [playercommands.smx] " nвi ›вi›вn›<2><STEAM_1:0:162762726><>" renamed " nвi ›вi›вn›<2><STEAM_1:0:162762726><>" to "›вn››в›вnnв ")
L 07/30/2020 - 01:41:00: [playercommands.smx] "›вn››в›вnnв <2><STEAM_1:0:162762726><>" renamed "›вn››в›вnnв <2><STEAM_1:0:162762726><>" to "› nв›вв››в n")
L 07/30/2020 - 01:41:01: [playercommands.smx] "› nв›вв››в n<2><STEAM_1:0:162762726><>" renamed "› nв›вв››в n<2><STEAM_1:0:162762726><>" to "вв вввnв ››в")
L 07/30/2020 - 01:41:01: [playercommands.smx] "вв вввnв ››в<2><STEAM_1:0:162762726><>" renamed "вв вввnв ››в<2><STEAM_1:0:162762726><>" to " ввввnвв вв ")
L 07/30/2020 - 01:41:02: [playercommands.smx] " ввввnвв вв <2><STEAM_1:0:162762726><>" renamed " ввввnвв вв <2><STEAM_1:0:162762726><>" to "вввввввввnвв")
L 07/30/2020 - 01:41:02: [playercommands.smx] "вввввввввnвв<2><STEAM_1:0:162762726><>" renamed "вввввввввnвв<2><STEAM_1:0:162762726><>" to "вввввввввввв")
L 07/30/2020 - 01:41:03: [playercommands.smx] "вввввввввввв<2><STEAM_1:0:162762726><>" renamed "вввввввввввв<2><STEAM_1:0:162762726><>" to "вввввввввввв")
L 07/30/2020 - 01:41:03: [playercommands.smx] "вввввввввввв<2><STEAM_1:0:162762726><>" renamed "вввввввввввв<2><STEAM_1:0:162762726><>" to "вввввввввввв")
L 07/30/2020 - 01:41:03: [playercommands.smx] "вввввввввввв<2><STEAM_1:0:162762726><>" renamed "вввввввввввв<2><STEAM_1:0:162762726><>" to "вввввввввввв")
L 07/30/2020 - 01:41:03: [playercommands.smx] "вввввввввввв<2><STEAM_1:0:162762726><>" renamed "вввввввввввв<2><STEAM_1:0:162762726><>" to "вввввввввввв")
L 07/30/2020 - 01:41:03: [playercommands.smx] "вввввввввввв<2><STEAM_1:0:162762726><>" renamed "вввввввввввв<2><STEAM_1:0:162762726><>" to "вввввввввввв")
L 07/30/2020 - 01:41:04: [playercommands.smx] "вввввввввввв<2><STEAM_1:0:162762726><>" renamed "вввввввввввв<2><STEAM_1:0:162762726><>" to "вввввввввввв")
L 07/30/2020 - 01:41:04: [playercommands.smx] "вввввввввввв<2><STEAM_1:0:162762726><>" renamed "вввввввввввв<2><STEAM_1:0:162762726><>" to "вввввввввввв")
L 07/30/2020 - 01:41:13: [playercommands.smx] "вввввввввввв<2><STEAM_1:0:162762726><>" renamed "helleeoe<3><BOT><>" to "eleeeole")
L 07/30/2020 - 01:42:10: [basebans.smx] "вввввввввввв<2><STEAM_1:0:162762726><>" banned "вввввввввввв<2><STEAM_1:0:162762726><>" (minutes "10") (reason "dfgdfg")
L 07/30/2020 - 01:42:37: Log file closed.
L 07/30/2020 - 19:36:16: SourceMod log file session started (file "L20200730.log") (Version "1.8.0.6041")
L 07/30/2020 - 19:36:16: Log file closed.
L 07/30/2020 - 23:28:45: SourceMod log file session started (file "L20200730.log") (Version "1.8.0.6041")
L 07/30/2020 - 23:28:45: -------- Mapchange to c1m4_atrium --------
L 07/30/2020 - 23:28:55: [l4d2_itemgiver.smx] Detected Left4Dead2!
L 07/30/2020 - 23:28:56: [simplewelcomemsg.smx] Set the maximum number of lines of.
L 07/30/2020 - 23:29:40: [SM] Changed map to "c1m4_atrium"
L 07/30/2020 - 23:29:51: -------- Mapchange to c1m4_atrium --------
L 07/30/2020 - 23:31:35: Log file closed.
L 07/30/2020 - 23:44:19: SourceMod log file session started (file "L20200730.log") (Version "1.8.0.6041")
L 07/30/2020 - 23:44:19: -------- Mapchange to c1m4_atrium --------
L 07/30/2020 - 23:44:23: [l4d2_itemgiver.smx] Detected Left4Dead2!
L 07/30/2020 - 23:44:24: [simplewelcomemsg.smx] Set the maximum number of lines of.
L 07/30/2020 - 23:44:47: [SM] Changed map to "c1m4_atrium"
L 07/30/2020 - 23:44:59: -------- Mapchange to c1m4_atrium --------
L 07/30/2020 - 23:47:49: Log file closed.
L 07/30/2020 - 23:49:14: SourceMod log file session started (file "L20200730.log") (Version "1.8.0.6041")
L 07/30/2020 - 23:49:14: -------- Mapchange to c1m4_atrium --------
L 07/30/2020 - 23:49:18: [l4d2_itemgiver.smx] Detected Left4Dead2!
L 07/30/2020 - 23:49:19: [simplewelcomemsg.smx] Set the maximum number of lines of.
L 07/30/2020 - 23:49:39: [SM] Changed map to "c1m4_atrium"
L 07/30/2020 - 23:49:47: -------- Mapchange to c1m4_atrium --------
L 07/30/2020 - 23:50:45: Log file closed.
L 07/30/2020 - 23:52:56: SourceMod log file session started (file "L20200730.log") (Version "1.8.0.6041")
L 07/30/2020 - 23:52:56: -------- Mapchange to c2m5_concert --------
L 07/30/2020 - 23:53:01: [l4d2_itemgiver.smx] Detected Left4Dead2!
L 07/30/2020 - 23:53:01: [simplewelcomemsg.smx] Set the maximum number of lines of.
L 07/30/2020 - 23:53:25: [SM] Changed map to "c2m5_concert"
L 07/30/2020 - 23:53:30: -------- Mapchange to c2m5_concert --------
L 07/30/2020 - 23:54:17: [playercommands.smx] "в™› Rain в™›<2><STEAM_1:0:162762726><>" slayed "Rochelle<3><BOT><>"
L 07/30/2020 - 23:54:17: [playercommands.smx] "в™› Rain в™›<2><STEAM_1:0:162762726><>" slayed "Coach<4><BOT><>"
L 07/30/2020 - 23:54:17: [playercommands.smx] "в™› Rain в™›<2><STEAM_1:0:162762726><>" slayed "Ellis<5><BOT><>"
L 07/30/2020 - 23:54:18: [playercommands.smx] "в™› Rain в™›<2><STEAM_1:0:162762726><>" slayed "в™› Rain в™›<2><STEAM_1:0:162762726><>"
L 07/30/2020 - 23:54:51: [playercommands.smx] "в™› Rain в™›<2><STEAM_1:0:162762726><>" slayed "Ellis<6><BOT><>"
L 07/30/2020 - 23:54:51: [playercommands.smx] "в™› Rain в™›<2><STEAM_1:0:162762726><>" slayed "Rochelle<7><BOT><>"
L 07/30/2020 - 23:54:52: [playercommands.smx] "в™› Rain в™›<2><STEAM_1:0:162762726><>" slayed "Nick<8><BOT><>"
L 07/30/2020 - 23:55:54: -------- Mapchange to c2m5_concert --------
L 07/30/2020 - 23:56:42: [playercommands.smx] "в™› Rain в™›<13><STEAM_1:0:162762726><>" slayed "Coach<14><BOT><>"
L 07/30/2020 - 23:56:42: [playercommands.smx] "в™› Rain в™›<13><STEAM_1:0:162762726><>" slayed "Ellis<15><BOT><>"
L 07/30/2020 - 23:56:43: [playercommands.smx] "в™› Rain в™›<13><STEAM_1:0:162762726><>" slayed "Rochelle<16><BOT><>"
L 07/30/2020 - 23:56:43: [playercommands.smx] "в™› Rain в™›<13><STEAM_1:0:162762726><>" slayed "в™› Rain в™›<13><STEAM_1:0:162762726><>"
