L 03/16/2021 - 02:24:57: SourceMod log file session started (file "D:\Steam\steamapps\common\Left 4 Dead 2\left4dead2\addons\sourcemod\logs\L20210316.log") (Version "1.10.0.6492")
L 03/16/2021 - 02:24:57: [simplewelcomemsg.smx] Set the maximum number of lines of.
L 03/16/2021 - 02:25:05: [basecommands.smx] "Console<0><Console><Console>" changed cvar (cvar "sv_force_time_of_day") (value "0")
L 03/16/2021 - 02:25:05: [basecommands.smx] "Console<0><Console><Console>" changed cvar (cvar "z_witch_damage_per_kill_hit") (value "120")
L 03/16/2021 - 02:25:05: [basecommands.smx] "Console<0><Console><Console>" changed cvar (cvar "z_witch_anger_rate") (value "0.4")
L 03/16/2021 - 02:25:05: [basecommands.smx] "Console<0><Console><Console>" changed cvar (cvar "z_witch_flashlight_range") (value "2000")
L 03/16/2021 - 02:25:05: [basecommands.smx] "Console<0><Console><Console>" changed cvar (cvar "z_witch_burn_time") (value "100")
L 03/16/2021 - 02:25:05: [basecommands.smx] "Console<0><Console><Console>" changed cvar (cvar "z_tank_health") (value "4000")
L 03/16/2021 - 02:25:05: [basecommands.smx] "Console<0><Console><Console>" changed cvar (cvar "z_ghost_delay_min") (value "15")
L 03/16/2021 - 02:25:05: [basecommands.smx] "Console<0><Console><Console>" changed cvar (cvar "z_ghost_delay_max") (value "15")
L 03/16/2021 - 02:25:05: [basecommands.smx] "Console<0><Console><Console>" changed cvar (cvar "z_hunter_limit") (value "1")
L 03/16/2021 - 02:25:05: [basecommands.smx] "Console<0><Console><Console>" changed cvar (cvar "z_smoker_limit") (value "1")
L 03/16/2021 - 02:25:05: [basecommands.smx] "Console<0><Console><Console>" changed cvar (cvar "z_jockey_limit") (value "1")
L 03/16/2021 - 02:25:05: [basecommands.smx] "Console<0><Console><Console>" changed cvar (cvar "versus_tank_chance_intro") (value "1")
L 03/16/2021 - 02:25:05: [basecommands.smx] "Console<0><Console><Console>" changed cvar (cvar "versus_tank_chance_finale") (value "1")
L 03/16/2021 - 02:25:05: [basecommands.smx] "Console<0><Console><Console>" changed cvar (cvar "versus_tank_chance") (value "1")
L 03/16/2021 - 02:25:05: [basecommands.smx] "Console<0><Console><Console>" changed cvar (cvar "versus_witch_chance_intro") (value "0")
L 03/16/2021 - 02:25:05: [basecommands.smx] "Console<0><Console><Console>" changed cvar (cvar "versus_witch_chance_finale") (value "0")
L 03/16/2021 - 02:25:05: [basecommands.smx] "Console<0><Console><Console>" changed cvar (cvar "versus_witch_chance") (value "1")
L 03/16/2021 - 02:25:05: [basecommands.smx] "Console<0><Console><Console>" changed cvar (cvar "director_force_tank") (value "1")
L 03/16/2021 - 02:25:05: [basecommands.smx] "Console<0><Console><Console>" changed cvar (cvar "versus_boss_flow_min") (value "0.4")
L 03/16/2021 - 02:25:05: [basecommands.smx] "Console<0><Console><Console>" changed cvar (cvar "versus_boss_flow_max") (value "0.6")
L 03/16/2021 - 02:25:05: [basecommands.smx] "Console<0><Console><Console>" changed cvar (cvar "versus_boss_flow_min_intro") (value "0.1")
L 03/16/2021 - 02:25:05: [basecommands.smx] "Console<0><Console><Console>" changed cvar (cvar "versus_boss_flow_max_intro") (value "0.2")
L 03/16/2021 - 02:25:05: [basecommands.smx] "Console<0><Console><Console>" changed cvar (cvar "versus_boss_flow_min_finale") (value "0.1")
L 03/16/2021 - 02:25:05: [basecommands.smx] "Console<0><Console><Console>" changed cvar (cvar "versus_boss_flow_max_finale") (value "0.2")
L 03/16/2021 - 02:25:05: [basecommands.smx] "Console<0><Console><Console>" changed cvar (cvar "boomer_vomit_delay") (value "0.1")
L 03/16/2021 - 02:25:05: [basecommands.smx] "Console<0><Console><Console>" changed cvar (cvar "smoker_tongue_delay") (value "0.1")
L 03/16/2021 - 02:25:05: [basecommands.smx] "Console<0><Console><Console>" changed cvar (cvar "vs_survival_bonus") (value "35")
L 03/16/2021 - 02:25:05: [basecommands.smx] "Console<0><Console><Console>" changed cvar (cvar "z_tank_throw_health") (value "10")
L 03/16/2021 - 02:25:05: [basecommands.smx] "Console<0><Console><Console>" changed cvar (cvar "sv_client_min_interp_ratio") (value "-1")
L 03/16/2021 - 02:25:05: [basecommands.smx] "Console<0><Console><Console>" changed cvar (cvar "sv_client_max_interp_ratio") (value "0")
L 03/16/2021 - 02:25:06: [basecommands.smx] "Console<0><Console><Console>" changed cvar (cvar "sv_minrate") (value "100000")
L 03/16/2021 - 02:25:06: [basecommands.smx] "Console<0><Console><Console>" changed cvar (cvar "sv_maxrate") (value "100000")
L 03/16/2021 - 02:25:06: [basecommands.smx] "Console<0><Console><Console>" changed cvar (cvar "sv_mincmdrate") (value "100")
L 03/16/2021 - 02:25:06: [basecommands.smx] "Console<0><Console><Console>" changed cvar (cvar "sv_maxcmdrate") (value "100")
L 03/16/2021 - 02:25:06: [basecommands.smx] "Console<0><Console><Console>" changed cvar (cvar "sv_minupdaterate") (value "100")
L 03/16/2021 - 02:25:06: [basecommands.smx] "Console<0><Console><Console>" changed cvar (cvar "sv_maxupdaterate") (value "100")
L 03/16/2021 - 02:25:06: [basecommands.smx] "Console<0><Console><Console>" changed cvar (cvar "nb_update_frequency") (value "0.014")
L 03/16/2021 - 02:25:06: [basecommands.smx] "Console<0><Console><Console>" changed cvar (cvar "net_splitpacket_maxrate") (value "50000")
L 03/16/2021 - 02:25:06: [basecommands.smx] "Console<0><Console><Console>" changed cvar (cvar "fps_max") (value "0")
L 03/16/2021 - 02:25:06: [basecommands.smx] "Console<0><Console><Console>" changed cvar (cvar "hostname") (value "Versus")
L 03/16/2021 - 02:28:47: [l4d2_skill_detect.smx] Clear: 4 freed 3 from 7: time: 0.26 / -1.00 -- class: jockey (with shove? 0)
L 03/16/2021 - 02:28:56: -------- Mapchange to c5m2_park --------
L 03/16/2021 - 02:28:58: [basecommands.smx] "Console<0><Console><Console>" changed cvar (cvar "sv_force_time_of_day") (value "0")
L 03/16/2021 - 02:28:58: [basecommands.smx] "Console<0><Console><Console>" changed cvar (cvar "z_witch_damage_per_kill_hit") (value "120")
L 03/16/2021 - 02:28:58: [basecommands.smx] "Console<0><Console><Console>" changed cvar (cvar "z_witch_anger_rate") (value "0.4")
L 03/16/2021 - 02:28:58: [basecommands.smx] "Console<0><Console><Console>" changed cvar (cvar "z_witch_flashlight_range") (value "2000")
L 03/16/2021 - 02:28:58: [basecommands.smx] "Console<0><Console><Console>" changed cvar (cvar "z_witch_burn_time") (value "100")
L 03/16/2021 - 02:28:58: [basecommands.smx] "Console<0><Console><Console>" changed cvar (cvar "z_tank_health") (value "4000")
L 03/16/2021 - 02:28:58: [basecommands.smx] "Console<0><Console><Console>" changed cvar (cvar "z_ghost_delay_min") (value "15")
L 03/16/2021 - 02:28:58: [basecommands.smx] "Console<0><Console><Console>" changed cvar (cvar "z_ghost_delay_max") (value "15")
L 03/16/2021 - 02:28:58: [basecommands.smx] "Console<0><Console><Console>" changed cvar (cvar "z_hunter_limit") (value "1")
L 03/16/2021 - 02:28:58: [basecommands.smx] "Console<0><Console><Console>" changed cvar (cvar "z_smoker_limit") (value "1")
L 03/16/2021 - 02:28:58: [basecommands.smx] "Console<0><Console><Console>" changed cvar (cvar "z_jockey_limit") (value "1")
L 03/16/2021 - 02:28:58: [basecommands.smx] "Console<0><Console><Console>" changed cvar (cvar "versus_tank_chance_intro") (value "1")
L 03/16/2021 - 02:28:58: [basecommands.smx] "Console<0><Console><Console>" changed cvar (cvar "versus_tank_chance_finale") (value "1")
L 03/16/2021 - 02:28:58: [basecommands.smx] "Console<0><Console><Console>" changed cvar (cvar "versus_tank_chance") (value "1")
L 03/16/2021 - 02:28:58: [basecommands.smx] "Console<0><Console><Console>" changed cvar (cvar "versus_witch_chance_intro") (value "0")
L 03/16/2021 - 02:28:58: [basecommands.smx] "Console<0><Console><Console>" changed cvar (cvar "versus_witch_chance_finale") (value "0")
L 03/16/2021 - 02:28:58: [basecommands.smx] "Console<0><Console><Console>" changed cvar (cvar "versus_witch_chance") (value "1")
L 03/16/2021 - 02:28:58: [basecommands.smx] "Console<0><Console><Console>" changed cvar (cvar "director_force_tank") (value "1")
L 03/16/2021 - 02:28:58: [basecommands.smx] "Console<0><Console><Console>" changed cvar (cvar "versus_boss_flow_min") (value "0.4")
L 03/16/2021 - 02:28:58: [basecommands.smx] "Console<0><Console><Console>" changed cvar (cvar "versus_boss_flow_max") (value "0.6")
L 03/16/2021 - 02:28:58: [basecommands.smx] "Console<0><Console><Console>" changed cvar (cvar "versus_boss_flow_min_intro") (value "0.1")
L 03/16/2021 - 02:28:58: [basecommands.smx] "Console<0><Console><Console>" changed cvar (cvar "versus_boss_flow_max_intro") (value "0.2")
L 03/16/2021 - 02:28:58: [basecommands.smx] "Console<0><Console><Console>" changed cvar (cvar "versus_boss_flow_min_finale") (value "0.1")
L 03/16/2021 - 02:28:58: [basecommands.smx] "Console<0><Console><Console>" changed cvar (cvar "versus_boss_flow_max_finale") (value "0.2")
L 03/16/2021 - 02:28:58: [basecommands.smx] "Console<0><Console><Console>" changed cvar (cvar "boomer_vomit_delay") (value "0.1")
L 03/16/2021 - 02:28:58: [basecommands.smx] "Console<0><Console><Console>" changed cvar (cvar "smoker_tongue_delay") (value "0.1")
L 03/16/2021 - 02:28:58: [basecommands.smx] "Console<0><Console><Console>" changed cvar (cvar "vs_survival_bonus") (value "35")
L 03/16/2021 - 02:28:58: [basecommands.smx] "Console<0><Console><Console>" changed cvar (cvar "z_tank_throw_health") (value "10")
L 03/16/2021 - 02:28:58: [basecommands.smx] "Console<0><Console><Console>" changed cvar (cvar "sv_client_min_interp_ratio") (value "-1")
L 03/16/2021 - 02:28:58: [basecommands.smx] "Console<0><Console><Console>" changed cvar (cvar "sv_client_max_interp_ratio") (value "0")
L 03/16/2021 - 02:28:58: [basecommands.smx] "Console<0><Console><Console>" changed cvar (cvar "sv_minrate") (value "100000")
L 03/16/2021 - 02:28:58: [basecommands.smx] "Console<0><Console><Console>" changed cvar (cvar "sv_maxrate") (value "100000")
L 03/16/2021 - 02:28:58: [basecommands.smx] "Console<0><Console><Console>" changed cvar (cvar "sv_mincmdrate") (value "100")
L 03/16/2021 - 02:28:58: [basecommands.smx] "Console<0><Console><Console>" changed cvar (cvar "sv_maxcmdrate") (value "100")
L 03/16/2021 - 02:28:58: [basecommands.smx] "Console<0><Console><Console>" changed cvar (cvar "sv_minupdaterate") (value "100")
L 03/16/2021 - 02:28:58: [basecommands.smx] "Console<0><Console><Console>" changed cvar (cvar "sv_maxupdaterate") (value "100")
L 03/16/2021 - 02:28:58: [basecommands.smx] "Console<0><Console><Console>" changed cvar (cvar "nb_update_frequency") (value "0.014")
L 03/16/2021 - 02:28:58: [basecommands.smx] "Console<0><Console><Console>" changed cvar (cvar "net_splitpacket_maxrate") (value "50000")
L 03/16/2021 - 02:28:58: [basecommands.smx] "Console<0><Console><Console>" changed cvar (cvar "fps_max") (value "0")
L 03/16/2021 - 02:28:58: [basecommands.smx] "Console<0><Console><Console>" changed cvar (cvar "hostname") (value "Versus")
L 03/16/2021 - 02:30:03: [l4d2_skill_detect.smx] Charge carry start: 6 - 1 -- time: 63.10
L 03/16/2021 - 02:30:05: [l4d2_skill_detect.smx] Clear: 4 freed 1 from 6: time: 0.76 / 1.85 -- class: charger (with shove? 0)
L 03/16/2021 - 02:30:06: [l4d2_skill_detect.smx] Checking charge victim: 6 - 1 - flags: 1 (alive? 1)
L 03/16/2021 - 02:33:52: [l4d2_skill_detect.smx] Clear: 3 freed 2 from 6: time: 4.58 / -1.00 -- class: hunter (with shove? 1)
L 03/16/2021 - 02:35:55: [l4d2_skill_detect.smx] Clear: 2 freed 4 from 6: time: -1.00 / 2.57 -- class: smoker (with shove? 0)
L 03/16/2021 - 02:36:58: [l4d2_skill_detect.smx] Clear: 2 freed 1 from 5: time: 1.05 / -1.00 -- class: hunter (with shove? 0)
L 03/16/2021 - 02:37:04: [l4d2_skill_detect.smx] Charge carry start: 7 - 1 -- time: 439.79
L 03/16/2021 - 02:37:07: [l4d2_skill_detect.smx] Clear: 4 freed 1 from 7: time: 1.01 / 2.66 -- class: charger (with shove? 0)
L 03/16/2021 - 02:37:08: [l4d2_skill_detect.smx] Checking charge victim: 7 - 1 - flags: 1 (alive? 1)
L 03/16/2021 - 02:37:29: Log file closed.
L 03/16/2021 - 02:46:38: SourceMod log file session started (file "D:\Steam\steamapps\common\Left 4 Dead 2\left4dead2\addons\sourcemod\logs\L20210316.log") (Version "1.10.0.6492")
L 03/16/2021 - 02:46:38: [simplewelcomemsg.smx] Set the maximum number of lines of.
L 03/16/2021 - 02:46:40: [basecommands.smx] "Console<0><Console><Console>" changed cvar (cvar "sv_force_time_of_day") (value "0")
L 03/16/2021 - 02:46:40: [basecommands.smx] "Console<0><Console><Console>" changed cvar (cvar "z_witch_damage_per_kill_hit") (value "120")
L 03/16/2021 - 02:46:40: [basecommands.smx] "Console<0><Console><Console>" changed cvar (cvar "z_witch_anger_rate") (value "0.4")
L 03/16/2021 - 02:46:40: [basecommands.smx] "Console<0><Console><Console>" changed cvar (cvar "z_witch_flashlight_range") (value "2000")
L 03/16/2021 - 02:46:40: [basecommands.smx] "Console<0><Console><Console>" changed cvar (cvar "z_witch_burn_time") (value "100")
L 03/16/2021 - 02:46:40: [basecommands.smx] "Console<0><Console><Console>" changed cvar (cvar "z_tank_health") (value "4000")
L 03/16/2021 - 02:46:40: [basecommands.smx] "Console<0><Console><Console>" changed cvar (cvar "z_ghost_delay_min") (value "15")
L 03/16/2021 - 02:46:40: [basecommands.smx] "Console<0><Console><Console>" changed cvar (cvar "z_ghost_delay_max") (value "15")
L 03/16/2021 - 02:46:40: [basecommands.smx] "Console<0><Console><Console>" changed cvar (cvar "z_hunter_limit") (value "1")
L 03/16/2021 - 02:46:40: [basecommands.smx] "Console<0><Console><Console>" changed cvar (cvar "z_smoker_limit") (value "1")
L 03/16/2021 - 02:46:40: [basecommands.smx] "Console<0><Console><Console>" changed cvar (cvar "z_jockey_limit") (value "1")
L 03/16/2021 - 02:46:40: [basecommands.smx] "Console<0><Console><Console>" changed cvar (cvar "versus_tank_chance_intro") (value "1")
L 03/16/2021 - 02:46:40: [basecommands.smx] "Console<0><Console><Console>" changed cvar (cvar "versus_tank_chance_finale") (value "1")
L 03/16/2021 - 02:46:40: [basecommands.smx] "Console<0><Console><Console>" changed cvar (cvar "versus_tank_chance") (value "1")
L 03/16/2021 - 02:46:40: [basecommands.smx] "Console<0><Console><Console>" changed cvar (cvar "versus_witch_chance_intro") (value "0")
L 03/16/2021 - 02:46:40: [basecommands.smx] "Console<0><Console><Console>" changed cvar (cvar "versus_witch_chance_finale") (value "0")
L 03/16/2021 - 02:46:40: [basecommands.smx] "Console<0><Console><Console>" changed cvar (cvar "versus_witch_chance") (value "1")
L 03/16/2021 - 02:46:40: [basecommands.smx] "Console<0><Console><Console>" changed cvar (cvar "director_force_tank") (value "1")
L 03/16/2021 - 02:46:40: [basecommands.smx] "Console<0><Console><Console>" changed cvar (cvar "versus_boss_flow_min") (value "0.4")
L 03/16/2021 - 02:46:40: [basecommands.smx] "Console<0><Console><Console>" changed cvar (cvar "versus_boss_flow_max") (value "0.6")
L 03/16/2021 - 02:46:40: [basecommands.smx] "Console<0><Console><Console>" changed cvar (cvar "versus_boss_flow_min_intro") (value "0.1")
L 03/16/2021 - 02:46:40: [basecommands.smx] "Console<0><Console><Console>" changed cvar (cvar "versus_boss_flow_max_intro") (value "0.2")
L 03/16/2021 - 02:46:40: [basecommands.smx] "Console<0><Console><Console>" changed cvar (cvar "versus_boss_flow_min_finale") (value "0.1")
L 03/16/2021 - 02:46:40: [basecommands.smx] "Console<0><Console><Console>" changed cvar (cvar "versus_boss_flow_max_finale") (value "0.2")
L 03/16/2021 - 02:46:40: [basecommands.smx] "Console<0><Console><Console>" changed cvar (cvar "boomer_vomit_delay") (value "0.1")
L 03/16/2021 - 02:46:40: [basecommands.smx] "Console<0><Console><Console>" changed cvar (cvar "smoker_tongue_delay") (value "0.1")
L 03/16/2021 - 02:46:40: [basecommands.smx] "Console<0><Console><Console>" changed cvar (cvar "vs_survival_bonus") (value "35")
L 03/16/2021 - 02:46:40: [basecommands.smx] "Console<0><Console><Console>" changed cvar (cvar "z_tank_throw_health") (value "10")
L 03/16/2021 - 02:46:40: [basecommands.smx] "Console<0><Console><Console>" changed cvar (cvar "sv_client_min_interp_ratio") (value "-1")
L 03/16/2021 - 02:46:40: [basecommands.smx] "Console<0><Console><Console>" changed cvar (cvar "sv_client_max_interp_ratio") (value "0")
L 03/16/2021 - 02:46:41: [basecommands.smx] "Console<0><Console><Console>" changed cvar (cvar "sv_minrate") (value "100000")
L 03/16/2021 - 02:46:41: [basecommands.smx] "Console<0><Console><Console>" changed cvar (cvar "sv_maxrate") (value "100000")
L 03/16/2021 - 02:46:41: [basecommands.smx] "Console<0><Console><Console>" changed cvar (cvar "sv_mincmdrate") (value "100")
L 03/16/2021 - 02:46:41: [basecommands.smx] "Console<0><Console><Console>" changed cvar (cvar "sv_maxcmdrate") (value "100")
L 03/16/2021 - 02:46:41: [basecommands.smx] "Console<0><Console><Console>" changed cvar (cvar "sv_minupdaterate") (value "100")
L 03/16/2021 - 02:46:41: [basecommands.smx] "Console<0><Console><Console>" changed cvar (cvar "sv_maxupdaterate") (value "100")
L 03/16/2021 - 02:46:41: [basecommands.smx] "Console<0><Console><Console>" changed cvar (cvar "nb_update_frequency") (value "0.014")
L 03/16/2021 - 02:46:41: [basecommands.smx] "Console<0><Console><Console>" changed cvar (cvar "net_splitpacket_maxrate") (value "50000")
L 03/16/2021 - 02:46:41: [basecommands.smx] "Console<0><Console><Console>" changed cvar (cvar "fps_max") (value "0")
L 03/16/2021 - 02:46:41: [basecommands.smx] "Console<0><Console><Console>" changed cvar (cvar "hostname") (value "Versus")
L 03/16/2021 - 02:47:48: [l4d2_skill_detect.smx] Clear: 3 freed 4 from 6: time: 0.70 / -1.00 -- class: hunter (with shove? 0)
L 03/16/2021 - 02:50:00: [l4d2_skill_detect.smx] Charge carry start: 5 - 3 -- time: 145.39
L 03/16/2021 - 02:50:03: [l4d2_skill_detect.smx] Clear: 4 freed 3 from 5: time: 0.63 / 2.88 -- class: charger (with shove? 0)
L 03/16/2021 - 02:50:04: [l4d2_skill_detect.smx] Checking charge victim: 5 - 3 - flags: 1 (alive? 1)
L 03/16/2021 - 02:50:21: [l4d2_skill_detect.smx] Clear: 2 freed 2 from 6: time: -1.00 / 0.69 -- class: smoker (with shove? 0)
L 03/16/2021 - 02:55:09: [admin_hp.smx]  
L 03/16/2021 - 02:56:50: [l4d2_skill_detect.smx] Clear: 1 freed 1 from 6: time: -1.00 / 0.89 -- class: smoker (with shove? 0)
L 03/16/2021 - 02:57:16: [l4d2_skill_detect.smx] Clear: 2 freed 4 from 5: time: 0.19 / -1.00 -- class: hunter (with shove? 0)
L 03/16/2021 - 02:57:47: [l4d2_skill_detect.smx] Clear: 5 freed 4 from 5: time: -1.00 / 408.56 -- class: charger (with shove? 0)
L 03/16/2021 - 02:58:16: [l4d2_skill_detect.smx] Clear: 2 freed 1 from 5: time: 10.86 / -1.00 -- class: jockey (with shove? 0)
L 03/16/2021 - 02:58:27: [admin_hp.smx]  
L 03/16/2021 - 03:02:12: -------- Mapchange to c5m3_cemetery --------
L 03/16/2021 - 03:02:14: [basecommands.smx] "Console<0><Console><Console>" changed cvar (cvar "sv_force_time_of_day") (value "0")
L 03/16/2021 - 03:02:14: [basecommands.smx] "Console<0><Console><Console>" changed cvar (cvar "z_witch_damage_per_kill_hit") (value "120")
L 03/16/2021 - 03:02:14: [basecommands.smx] "Console<0><Console><Console>" changed cvar (cvar "z_witch_anger_rate") (value "0.4")
L 03/16/2021 - 03:02:14: [basecommands.smx] "Console<0><Console><Console>" changed cvar (cvar "z_witch_flashlight_range") (value "2000")
L 03/16/2021 - 03:02:14: [basecommands.smx] "Console<0><Console><Console>" changed cvar (cvar "z_witch_burn_time") (value "100")
L 03/16/2021 - 03:02:14: [basecommands.smx] "Console<0><Console><Console>" changed cvar (cvar "z_tank_health") (value "4000")
L 03/16/2021 - 03:02:14: [basecommands.smx] "Console<0><Console><Console>" changed cvar (cvar "z_ghost_delay_min") (value "15")
L 03/16/2021 - 03:02:14: [basecommands.smx] "Console<0><Console><Console>" changed cvar (cvar "z_ghost_delay_max") (value "15")
L 03/16/2021 - 03:02:14: [basecommands.smx] "Console<0><Console><Console>" changed cvar (cvar "z_hunter_limit") (value "1")
L 03/16/2021 - 03:02:14: [basecommands.smx] "Console<0><Console><Console>" changed cvar (cvar "z_smoker_limit") (value "1")
L 03/16/2021 - 03:02:14: [basecommands.smx] "Console<0><Console><Console>" changed cvar (cvar "z_jockey_limit") (value "1")
L 03/16/2021 - 03:02:14: [basecommands.smx] "Console<0><Console><Console>" changed cvar (cvar "versus_tank_chance_intro") (value "1")
L 03/16/2021 - 03:02:14: [basecommands.smx] "Console<0><Console><Console>" changed cvar (cvar "versus_tank_chance_finale") (value "1")
L 03/16/2021 - 03:02:14: [basecommands.smx] "Console<0><Console><Console>" changed cvar (cvar "versus_tank_chance") (value "1")
L 03/16/2021 - 03:02:14: [basecommands.smx] "Console<0><Console><Console>" changed cvar (cvar "versus_witch_chance_intro") (value "0")
L 03/16/2021 - 03:02:14: [basecommands.smx] "Console<0><Console><Console>" changed cvar (cvar "versus_witch_chance_finale") (value "0")
L 03/16/2021 - 03:02:14: [basecommands.smx] "Console<0><Console><Console>" changed cvar (cvar "versus_witch_chance") (value "1")
L 03/16/2021 - 03:02:14: [basecommands.smx] "Console<0><Console><Console>" changed cvar (cvar "director_force_tank") (value "1")
L 03/16/2021 - 03:02:14: [basecommands.smx] "Console<0><Console><Console>" changed cvar (cvar "versus_boss_flow_min") (value "0.4")
L 03/16/2021 - 03:02:14: [basecommands.smx] "Console<0><Console><Console>" changed cvar (cvar "versus_boss_flow_max") (value "0.6")
L 03/16/2021 - 03:02:14: [basecommands.smx] "Console<0><Console><Console>" changed cvar (cvar "versus_boss_flow_min_intro") (value "0.1")
L 03/16/2021 - 03:02:14: [basecommands.smx] "Console<0><Console><Console>" changed cvar (cvar "versus_boss_flow_max_intro") (value "0.2")
L 03/16/2021 - 03:02:14: [basecommands.smx] "Console<0><Console><Console>" changed cvar (cvar "versus_boss_flow_min_finale") (value "0.1")
L 03/16/2021 - 03:02:14: [basecommands.smx] "Console<0><Console><Console>" changed cvar (cvar "versus_boss_flow_max_finale") (value "0.2")
L 03/16/2021 - 03:02:14: [basecommands.smx] "Console<0><Console><Console>" changed cvar (cvar "boomer_vomit_delay") (value "0.1")
L 03/16/2021 - 03:02:14: [basecommands.smx] "Console<0><Console><Console>" changed cvar (cvar "smoker_tongue_delay") (value "0.1")
L 03/16/2021 - 03:02:14: [basecommands.smx] "Console<0><Console><Console>" changed cvar (cvar "vs_survival_bonus") (value "35")
L 03/16/2021 - 03:02:14: [basecommands.smx] "Console<0><Console><Console>" changed cvar (cvar "z_tank_throw_health") (value "10")
L 03/16/2021 - 03:02:14: [basecommands.smx] "Console<0><Console><Console>" changed cvar (cvar "sv_client_min_interp_ratio") (value "-1")
L 03/16/2021 - 03:02:14: [basecommands.smx] "Console<0><Console><Console>" changed cvar (cvar "sv_client_max_interp_ratio") (value "0")
L 03/16/2021 - 03:02:14: [basecommands.smx] "Console<0><Console><Console>" changed cvar (cvar "sv_minrate") (value "100000")
L 03/16/2021 - 03:02:14: [basecommands.smx] "Console<0><Console><Console>" changed cvar (cvar "sv_maxrate") (value "100000")
L 03/16/2021 - 03:02:14: [basecommands.smx] "Console<0><Console><Console>" changed cvar (cvar "sv_mincmdrate") (value "100")
L 03/16/2021 - 03:02:14: [basecommands.smx] "Console<0><Console><Console>" changed cvar (cvar "sv_maxcmdrate") (value "100")
L 03/16/2021 - 03:02:14: [basecommands.smx] "Console<0><Console><Console>" changed cvar (cvar "sv_minupdaterate") (value "100")
L 03/16/2021 - 03:02:14: [basecommands.smx] "Console<0><Console><Console>" changed cvar (cvar "sv_maxupdaterate") (value "100")
L 03/16/2021 - 03:02:14: [basecommands.smx] "Console<0><Console><Console>" changed cvar (cvar "nb_update_frequency") (value "0.014")
L 03/16/2021 - 03:02:14: [basecommands.smx] "Console<0><Console><Console>" changed cvar (cvar "net_splitpacket_maxrate") (value "50000")
L 03/16/2021 - 03:02:14: [basecommands.smx] "Console<0><Console><Console>" changed cvar (cvar "fps_max") (value "0")
L 03/16/2021 - 03:02:14: [basecommands.smx] "Console<0><Console><Console>" changed cvar (cvar "hostname") (value "Versus")
L 03/16/2021 - 03:03:19: Log file closed.
