L 12/19/2020 - 00:00:13: SourceMod log file session started (file "D:\Steam\steamapps\common\Left 4 Dead 2\left4dead2\addons\sourcemod\logs\L20201219.log") (Version "1.10.0.6492")
L 12/19/2020 - 00:00:13: [l4d2_skill_detect.smx] Clear: 4 freed 1 from 3: time: 1.13 / 2.64 -- class: smoker (with shove? 1)
L 12/19/2020 - 00:00:25: [l4d2_skill_detect.smx] Clear: 2 freed 4 from 6: time: 0.58 / -1.00 -- class: jockey (with shove? 0)
L 12/19/2020 - 00:00:30: [l4d2_skill_detect.smx] Charge carry start: 8 - 11 -- time: 368.28
L 12/19/2020 - 00:00:31: [l4d2_skill_detect.smx] Clear: 2 freed 11 from 8: time: 0.00 / 1.76 -- class: charger (with shove? 0)
L 12/19/2020 - 00:00:34: [l4d2_skill_detect.smx] Checking charge victim: 8 - 11 - flags: 1 (alive? 1)
L 12/19/2020 - 00:00:36: [l4d2_skill_detect.smx] Clear: 4 freed 1 from 3: time: -1.00 / 1.41 -- class: smoker (with shove? 0)
L 12/19/2020 - 00:01:08: [l4d2_skill_detect.smx] Clear: 4 freed 2 from 5: time: 0.60 / 406.60 -- class: charger (with shove? 0)
L 12/19/2020 - 00:01:11: [l4d2_skill_detect.smx] Clear: 1 freed 11 from 3: time: 3.30 / -1.00 -- class: jockey (with shove? 0)
L 12/19/2020 - 00:01:31: [l4d2_skill_detect.smx] Charge carry start: 3 - 2 -- time: 429.75
L 12/19/2020 - 00:01:35: [l4d2_skill_detect.smx] Clear: 1 freed 2 from 3: time: 0.70 / 3.85 -- class: charger (with shove? 0)
L 12/19/2020 - 00:01:35: [l4d2_skill_detect.smx] Checking charge victim: 3 - 11 - flags: 0 (alive? 1)
L 12/19/2020 - 00:01:36: [l4d2_skill_detect.smx] Checking charge victim: 3 - 2 - flags: 1 (alive? 1)
L 12/19/2020 - 00:01:52: [l4d2_skill_detect.smx] Clear: 1 freed 11 from 8: time: 0.16 / 3.45 -- class: smoker (with shove? 0)
L 12/19/2020 - 00:02:03: [l4d2_skill_detect.smx] Clear: 4 freed 1 from 3: time: 6.10 / -1.00 -- class: hunter (with shove? 1)
L 12/19/2020 - 00:05:46: [l4d2_skill_detect.smx] Charge carry start: 1 - 12 -- time: 684.61
L 12/19/2020 - 00:05:48: [l4d2_skill_detect.smx] Clear: 3 freed 3 from 4: time: -1.00 / 0.86 -- class: smoker (with shove? 1)
L 12/19/2020 - 00:05:52: [l4d2_skill_detect.smx] Clear: 0 freed 12 from 1: time: 0.00 / 5.61 -- class: charger (with shove? 0)
L 12/19/2020 - 00:05:52: [l4d2_skill_detect.smx] Checking charge victim: 1 - 12 - flags: 43 (alive? 0)
L 12/19/2020 - 00:06:59: [l4d2_skill_detect.smx] Clear: 3 freed 9 from 2: time: 2.89 / -1.00 -- class: hunter (with shove? 0)
L 12/19/2020 - 00:07:16: [l4d2_skill_detect.smx] Charge carry start: 4 - 9 -- time: 775.00
L 12/19/2020 - 00:07:18: [l4d2_skill_detect.smx] Clear: 3 freed 9 from 4: time: 1.03 / 2.04 -- class: charger (with shove? 0)
L 12/19/2020 - 00:07:19: [l4d2_skill_detect.smx] Checking charge victim: 4 - 9 - flags: 1 (alive? 1)
L 12/19/2020 - 00:08:27: -------- Mapchange to c14m1_junkyard --------
L 12/19/2020 - 00:08:31: [basecommands.smx] "Console<0><Console><Console>" changed cvar (cvar "sv_force_time_of_day") (value "0")
L 12/19/2020 - 00:08:31: [basecommands.smx] "Console<0><Console><Console>" changed cvar (cvar "z_witch_damage_per_kill_hit") (value "120")
L 12/19/2020 - 00:08:31: [basecommands.smx] "Console<0><Console><Console>" changed cvar (cvar "z_witch_anger_rate") (value "0.4")
L 12/19/2020 - 00:08:31: [basecommands.smx] "Console<0><Console><Console>" changed cvar (cvar "z_witch_flashlight_range") (value "2000")
L 12/19/2020 - 00:08:31: [basecommands.smx] "Console<0><Console><Console>" changed cvar (cvar "z_witch_burn_time") (value "100")
L 12/19/2020 - 00:08:31: [basecommands.smx] "Console<0><Console><Console>" changed cvar (cvar "z_tank_health") (value "4000")
L 12/19/2020 - 00:08:31: [basecommands.smx] "Console<0><Console><Console>" changed cvar (cvar "z_ghost_delay_min") (value "15")
L 12/19/2020 - 00:08:31: [basecommands.smx] "Console<0><Console><Console>" changed cvar (cvar "z_ghost_delay_max") (value "15")
L 12/19/2020 - 00:08:31: [basecommands.smx] "Console<0><Console><Console>" changed cvar (cvar "z_hunter_limit") (value "1")
L 12/19/2020 - 00:08:31: [basecommands.smx] "Console<0><Console><Console>" changed cvar (cvar "z_smoker_limit") (value "1")
L 12/19/2020 - 00:08:31: [basecommands.smx] "Console<0><Console><Console>" changed cvar (cvar "z_jockey_limit") (value "1")
L 12/19/2020 - 00:08:31: [basecommands.smx] "Console<0><Console><Console>" changed cvar (cvar "versus_tank_chance_intro") (value "1")
L 12/19/2020 - 00:08:31: [basecommands.smx] "Console<0><Console><Console>" changed cvar (cvar "versus_tank_chance_finale") (value "1")
L 12/19/2020 - 00:08:31: [basecommands.smx] "Console<0><Console><Console>" changed cvar (cvar "versus_tank_chance") (value "1")
L 12/19/2020 - 00:08:31: [basecommands.smx] "Console<0><Console><Console>" changed cvar (cvar "versus_witch_chance_intro") (value "0")
L 12/19/2020 - 00:08:31: [basecommands.smx] "Console<0><Console><Console>" changed cvar (cvar "versus_witch_chance_finale") (value "0")
L 12/19/2020 - 00:08:31: [basecommands.smx] "Console<0><Console><Console>" changed cvar (cvar "versus_witch_chance") (value "1")
L 12/19/2020 - 00:08:31: [basecommands.smx] "Console<0><Console><Console>" changed cvar (cvar "director_force_tank") (value "1")
L 12/19/2020 - 00:08:31: [basecommands.smx] "Console<0><Console><Console>" changed cvar (cvar "versus_boss_flow_min") (value "0.4")
L 12/19/2020 - 00:08:31: [basecommands.smx] "Console<0><Console><Console>" changed cvar (cvar "versus_boss_flow_max") (value "0.6")
L 12/19/2020 - 00:08:31: [basecommands.smx] "Console<0><Console><Console>" changed cvar (cvar "versus_boss_flow_min_intro") (value "0.1")
L 12/19/2020 - 00:08:31: [basecommands.smx] "Console<0><Console><Console>" changed cvar (cvar "versus_boss_flow_max_intro") (value "0.2")
L 12/19/2020 - 00:08:31: [basecommands.smx] "Console<0><Console><Console>" changed cvar (cvar "versus_boss_flow_min_finale") (value "0.1")
L 12/19/2020 - 00:08:31: [basecommands.smx] "Console<0><Console><Console>" changed cvar (cvar "versus_boss_flow_max_finale") (value "0.2")
L 12/19/2020 - 00:08:31: [basecommands.smx] "Console<0><Console><Console>" changed cvar (cvar "boomer_vomit_delay") (value "0.1")
L 12/19/2020 - 00:08:31: [basecommands.smx] "Console<0><Console><Console>" changed cvar (cvar "smoker_tongue_delay") (value "0.1")
L 12/19/2020 - 00:08:31: [basecommands.smx] "Console<0><Console><Console>" changed cvar (cvar "vs_survival_bonus") (value "35")
L 12/19/2020 - 00:08:31: [basecommands.smx] "Console<0><Console><Console>" changed cvar (cvar "z_tank_throw_health") (value "10")
L 12/19/2020 - 00:08:31: [basecommands.smx] "Console<0><Console><Console>" changed cvar (cvar "sv_client_min_interp_ratio") (value "-1")
L 12/19/2020 - 00:08:31: [basecommands.smx] "Console<0><Console><Console>" changed cvar (cvar "sv_client_max_interp_ratio") (value "0")
L 12/19/2020 - 00:08:31: [basecommands.smx] "Console<0><Console><Console>" changed cvar (cvar "sv_minrate") (value "100000")
L 12/19/2020 - 00:08:31: [basecommands.smx] "Console<0><Console><Console>" changed cvar (cvar "sv_maxrate") (value "100000")
L 12/19/2020 - 00:08:31: [basecommands.smx] "Console<0><Console><Console>" changed cvar (cvar "sv_mincmdrate") (value "100")
L 12/19/2020 - 00:08:31: [basecommands.smx] "Console<0><Console><Console>" changed cvar (cvar "sv_maxcmdrate") (value "100")
L 12/19/2020 - 00:08:31: [basecommands.smx] "Console<0><Console><Console>" changed cvar (cvar "sv_minupdaterate") (value "100")
L 12/19/2020 - 00:08:31: [basecommands.smx] "Console<0><Console><Console>" changed cvar (cvar "sv_maxupdaterate") (value "100")
L 12/19/2020 - 00:08:31: [basecommands.smx] "Console<0><Console><Console>" changed cvar (cvar "nb_update_frequency") (value "0.014")
L 12/19/2020 - 00:08:31: [basecommands.smx] "Console<0><Console><Console>" changed cvar (cvar "net_splitpacket_maxrate") (value "50000")
L 12/19/2020 - 00:08:31: [basecommands.smx] "Console<0><Console><Console>" changed cvar (cvar "fps_max") (value "0")
L 12/19/2020 - 00:08:31: [basecommands.smx] "Console<0><Console><Console>" changed cvar (cvar "hostname") (value "Versus")
L 12/19/2020 - 00:09:29: [basecommands.smx] "♛ Rain ♛<2><STEAM_1:0:162762726><>" changed cvar (cvar "vs_max_team_switches") (value "0")
L 12/19/2020 - 00:09:29: [basecommands.smx] "♛ Rain ♛<2><STEAM_1:0:162762726><>" changed cvar (cvar "vs_max_team_switches") (value "5")
L 12/19/2020 - 00:09:38: [basecommands.smx] "♛ Rain ♛<2><STEAM_1:0:162762726><>" changed cvar (cvar "vs_max_team_switches") (value "0")
L 12/19/2020 - 00:09:39: [basecommands.smx] "Duяåznlто™<3><STEAM_1:1:4151444><>" changed cvar (cvar "vs_max_team_switches") (value "0")
L 12/19/2020 - 00:10:39: -------- Mapchange to c1m1_hotel --------
L 12/19/2020 - 00:10:42: [basecommands.smx] "Console<0><Console><Console>" changed cvar (cvar "sv_force_time_of_day") (value "0")
L 12/19/2020 - 00:10:42: [basecommands.smx] "Console<0><Console><Console>" changed cvar (cvar "z_witch_damage_per_kill_hit") (value "120")
L 12/19/2020 - 00:10:42: [basecommands.smx] "Console<0><Console><Console>" changed cvar (cvar "z_witch_anger_rate") (value "0.4")
L 12/19/2020 - 00:10:42: [basecommands.smx] "Console<0><Console><Console>" changed cvar (cvar "z_witch_flashlight_range") (value "2000")
L 12/19/2020 - 00:10:42: [basecommands.smx] "Console<0><Console><Console>" changed cvar (cvar "z_witch_burn_time") (value "100")
L 12/19/2020 - 00:10:42: [basecommands.smx] "Console<0><Console><Console>" changed cvar (cvar "z_tank_health") (value "4000")
L 12/19/2020 - 00:10:42: [basecommands.smx] "Console<0><Console><Console>" changed cvar (cvar "z_ghost_delay_min") (value "15")
L 12/19/2020 - 00:10:42: [basecommands.smx] "Console<0><Console><Console>" changed cvar (cvar "z_ghost_delay_max") (value "15")
L 12/19/2020 - 00:10:42: [basecommands.smx] "Console<0><Console><Console>" changed cvar (cvar "z_hunter_limit") (value "1")
L 12/19/2020 - 00:10:42: [basecommands.smx] "Console<0><Console><Console>" changed cvar (cvar "z_smoker_limit") (value "1")
L 12/19/2020 - 00:10:42: [basecommands.smx] "Console<0><Console><Console>" changed cvar (cvar "z_jockey_limit") (value "1")
L 12/19/2020 - 00:10:42: [basecommands.smx] "Console<0><Console><Console>" changed cvar (cvar "versus_tank_chance_intro") (value "1")
L 12/19/2020 - 00:10:42: [basecommands.smx] "Console<0><Console><Console>" changed cvar (cvar "versus_tank_chance_finale") (value "1")
L 12/19/2020 - 00:10:42: [basecommands.smx] "Console<0><Console><Console>" changed cvar (cvar "versus_tank_chance") (value "1")
L 12/19/2020 - 00:10:42: [basecommands.smx] "Console<0><Console><Console>" changed cvar (cvar "versus_witch_chance_intro") (value "0")
L 12/19/2020 - 00:10:42: [basecommands.smx] "Console<0><Console><Console>" changed cvar (cvar "versus_witch_chance_finale") (value "0")
L 12/19/2020 - 00:10:42: [basecommands.smx] "Console<0><Console><Console>" changed cvar (cvar "versus_witch_chance") (value "1")
L 12/19/2020 - 00:10:42: [basecommands.smx] "Console<0><Console><Console>" changed cvar (cvar "director_force_tank") (value "1")
L 12/19/2020 - 00:10:42: [basecommands.smx] "Console<0><Console><Console>" changed cvar (cvar "versus_boss_flow_min") (value "0.4")
L 12/19/2020 - 00:10:42: [basecommands.smx] "Console<0><Console><Console>" changed cvar (cvar "versus_boss_flow_max") (value "0.6")
L 12/19/2020 - 00:10:42: [basecommands.smx] "Console<0><Console><Console>" changed cvar (cvar "versus_boss_flow_min_intro") (value "0.1")
L 12/19/2020 - 00:10:42: [basecommands.smx] "Console<0><Console><Console>" changed cvar (cvar "versus_boss_flow_max_intro") (value "0.2")
L 12/19/2020 - 00:10:42: [basecommands.smx] "Console<0><Console><Console>" changed cvar (cvar "versus_boss_flow_min_finale") (value "0.1")
L 12/19/2020 - 00:10:42: [basecommands.smx] "Console<0><Console><Console>" changed cvar (cvar "versus_boss_flow_max_finale") (value "0.2")
L 12/19/2020 - 00:10:42: [basecommands.smx] "Console<0><Console><Console>" changed cvar (cvar "boomer_vomit_delay") (value "0.1")
L 12/19/2020 - 00:10:42: [basecommands.smx] "Console<0><Console><Console>" changed cvar (cvar "smoker_tongue_delay") (value "0.1")
L 12/19/2020 - 00:10:42: [basecommands.smx] "Console<0><Console><Console>" changed cvar (cvar "vs_survival_bonus") (value "35")
L 12/19/2020 - 00:10:42: [basecommands.smx] "Console<0><Console><Console>" changed cvar (cvar "z_tank_throw_health") (value "10")
L 12/19/2020 - 00:10:42: [basecommands.smx] "Console<0><Console><Console>" changed cvar (cvar "sv_client_min_interp_ratio") (value "-1")
L 12/19/2020 - 00:10:42: [basecommands.smx] "Console<0><Console><Console>" changed cvar (cvar "sv_client_max_interp_ratio") (value "0")
L 12/19/2020 - 00:10:42: [basecommands.smx] "Console<0><Console><Console>" changed cvar (cvar "sv_minrate") (value "100000")
L 12/19/2020 - 00:10:42: [basecommands.smx] "Console<0><Console><Console>" changed cvar (cvar "sv_maxrate") (value "100000")
L 12/19/2020 - 00:10:42: [basecommands.smx] "Console<0><Console><Console>" changed cvar (cvar "sv_mincmdrate") (value "100")
L 12/19/2020 - 00:10:42: [basecommands.smx] "Console<0><Console><Console>" changed cvar (cvar "sv_maxcmdrate") (value "100")
L 12/19/2020 - 00:10:42: [basecommands.smx] "Console<0><Console><Console>" changed cvar (cvar "sv_minupdaterate") (value "100")
L 12/19/2020 - 00:10:42: [basecommands.smx] "Console<0><Console><Console>" changed cvar (cvar "sv_maxupdaterate") (value "100")
L 12/19/2020 - 00:10:42: [basecommands.smx] "Console<0><Console><Console>" changed cvar (cvar "nb_update_frequency") (value "0.014")
L 12/19/2020 - 00:10:42: [basecommands.smx] "Console<0><Console><Console>" changed cvar (cvar "net_splitpacket_maxrate") (value "50000")
L 12/19/2020 - 00:10:42: [basecommands.smx] "Console<0><Console><Console>" changed cvar (cvar "fps_max") (value "0")
L 12/19/2020 - 00:10:42: [basecommands.smx] "Console<0><Console><Console>" changed cvar (cvar "hostname") (value "Versus")
L 12/19/2020 - 00:12:01: [l4d2_skill_detect.smx] Clear: 5 freed 6 from 3: time: 5.67 / -1.00 -- class: hunter (with shove? 1)
L 12/19/2020 - 00:12:21: -------- Mapchange to c1m1_hotel --------
L 12/19/2020 - 00:12:23: [basecommands.smx] "Console<0><Console><Console>" changed cvar (cvar "sv_force_time_of_day") (value "0")
L 12/19/2020 - 00:12:23: [basecommands.smx] "Console<0><Console><Console>" changed cvar (cvar "z_witch_damage_per_kill_hit") (value "120")
L 12/19/2020 - 00:12:23: [basecommands.smx] "Console<0><Console><Console>" changed cvar (cvar "z_witch_anger_rate") (value "0.4")
L 12/19/2020 - 00:12:23: [basecommands.smx] "Console<0><Console><Console>" changed cvar (cvar "z_witch_flashlight_range") (value "2000")
L 12/19/2020 - 00:12:23: [basecommands.smx] "Console<0><Console><Console>" changed cvar (cvar "z_witch_burn_time") (value "100")
L 12/19/2020 - 00:12:23: [basecommands.smx] "Console<0><Console><Console>" changed cvar (cvar "z_tank_health") (value "4000")
L 12/19/2020 - 00:12:23: [basecommands.smx] "Console<0><Console><Console>" changed cvar (cvar "z_ghost_delay_min") (value "15")
L 12/19/2020 - 00:12:23: [basecommands.smx] "Console<0><Console><Console>" changed cvar (cvar "z_ghost_delay_max") (value "15")
L 12/19/2020 - 00:12:23: [basecommands.smx] "Console<0><Console><Console>" changed cvar (cvar "z_hunter_limit") (value "1")
L 12/19/2020 - 00:12:23: [basecommands.smx] "Console<0><Console><Console>" changed cvar (cvar "z_smoker_limit") (value "1")
L 12/19/2020 - 00:12:23: [basecommands.smx] "Console<0><Console><Console>" changed cvar (cvar "z_jockey_limit") (value "1")
L 12/19/2020 - 00:12:23: [basecommands.smx] "Console<0><Console><Console>" changed cvar (cvar "versus_tank_chance_intro") (value "1")
L 12/19/2020 - 00:12:23: [basecommands.smx] "Console<0><Console><Console>" changed cvar (cvar "versus_tank_chance_finale") (value "1")
L 12/19/2020 - 00:12:23: [basecommands.smx] "Console<0><Console><Console>" changed cvar (cvar "versus_tank_chance") (value "1")
L 12/19/2020 - 00:12:23: [basecommands.smx] "Console<0><Console><Console>" changed cvar (cvar "versus_witch_chance_intro") (value "0")
L 12/19/2020 - 00:12:23: [basecommands.smx] "Console<0><Console><Console>" changed cvar (cvar "versus_witch_chance_finale") (value "0")
L 12/19/2020 - 00:12:23: [basecommands.smx] "Console<0><Console><Console>" changed cvar (cvar "versus_witch_chance") (value "1")
L 12/19/2020 - 00:12:23: [basecommands.smx] "Console<0><Console><Console>" changed cvar (cvar "director_force_tank") (value "1")
L 12/19/2020 - 00:12:23: [basecommands.smx] "Console<0><Console><Console>" changed cvar (cvar "versus_boss_flow_min") (value "0.4")
L 12/19/2020 - 00:12:23: [basecommands.smx] "Console<0><Console><Console>" changed cvar (cvar "versus_boss_flow_max") (value "0.6")
L 12/19/2020 - 00:12:23: [basecommands.smx] "Console<0><Console><Console>" changed cvar (cvar "versus_boss_flow_min_intro") (value "0.1")
L 12/19/2020 - 00:12:23: [basecommands.smx] "Console<0><Console><Console>" changed cvar (cvar "versus_boss_flow_max_intro") (value "0.2")
L 12/19/2020 - 00:12:23: [basecommands.smx] "Console<0><Console><Console>" changed cvar (cvar "versus_boss_flow_min_finale") (value "0.1")
L 12/19/2020 - 00:12:23: [basecommands.smx] "Console<0><Console><Console>" changed cvar (cvar "versus_boss_flow_max_finale") (value "0.2")
L 12/19/2020 - 00:12:23: [basecommands.smx] "Console<0><Console><Console>" changed cvar (cvar "boomer_vomit_delay") (value "0.1")
L 12/19/2020 - 00:12:23: [basecommands.smx] "Console<0><Console><Console>" changed cvar (cvar "smoker_tongue_delay") (value "0.1")
L 12/19/2020 - 00:12:23: [basecommands.smx] "Console<0><Console><Console>" changed cvar (cvar "vs_survival_bonus") (value "35")
L 12/19/2020 - 00:12:23: [basecommands.smx] "Console<0><Console><Console>" changed cvar (cvar "z_tank_throw_health") (value "10")
L 12/19/2020 - 00:12:23: [basecommands.smx] "Console<0><Console><Console>" changed cvar (cvar "sv_client_min_interp_ratio") (value "-1")
L 12/19/2020 - 00:12:23: [basecommands.smx] "Console<0><Console><Console>" changed cvar (cvar "sv_client_max_interp_ratio") (value "0")
L 12/19/2020 - 00:12:23: [basecommands.smx] "Console<0><Console><Console>" changed cvar (cvar "sv_minrate") (value "100000")
L 12/19/2020 - 00:12:23: [basecommands.smx] "Console<0><Console><Console>" changed cvar (cvar "sv_maxrate") (value "100000")
L 12/19/2020 - 00:12:23: [basecommands.smx] "Console<0><Console><Console>" changed cvar (cvar "sv_mincmdrate") (value "100")
L 12/19/2020 - 00:12:23: [basecommands.smx] "Console<0><Console><Console>" changed cvar (cvar "sv_maxcmdrate") (value "100")
L 12/19/2020 - 00:12:23: [basecommands.smx] "Console<0><Console><Console>" changed cvar (cvar "sv_minupdaterate") (value "100")
L 12/19/2020 - 00:12:23: [basecommands.smx] "Console<0><Console><Console>" changed cvar (cvar "sv_maxupdaterate") (value "100")
L 12/19/2020 - 00:12:23: [basecommands.smx] "Console<0><Console><Console>" changed cvar (cvar "nb_update_frequency") (value "0.014")
L 12/19/2020 - 00:12:23: [basecommands.smx] "Console<0><Console><Console>" changed cvar (cvar "net_splitpacket_maxrate") (value "50000")
L 12/19/2020 - 00:12:23: [basecommands.smx] "Console<0><Console><Console>" changed cvar (cvar "fps_max") (value "0")
L 12/19/2020 - 00:12:23: [basecommands.smx] "Console<0><Console><Console>" changed cvar (cvar "hostname") (value "Versus")
L 12/19/2020 - 00:13:55: [l4d2_skill_detect.smx] Clear: 5 freed 6 from 4: time: 0.36 / 2.43 -- class: smoker (with shove? 1)
L 12/19/2020 - 00:14:12: [l4d2_skill_detect.smx] Clear: 5 freed 9 from 2: time: 3.02 / -1.00 -- class: hunter (with shove? 1)
L 12/19/2020 - 00:14:52: [l4d2_skill_detect.smx] Clear: 6 freed 9 from 2: time: 0.97 / -1.00 -- class: jockey (with shove? 1)
L 12/19/2020 - 00:15:22: [l4d2_skill_detect.smx] Witch Crown Check: Failed: bungled: 1 / crowntype: 0 (entity: 177)
L 12/19/2020 - 00:15:22: [l4d2_skill_detect.smx] Witch Crown Check: Further details: attacker: |RuviK|, attacker dmg: 500, teamless dmg: 0
L 12/19/2020 - 00:15:29: [l4d2_skill_detect.smx] Clear: 6 freed 7 from 2: time: 5.82 / 197.22 -- class: charger (with shove? 0)
L 12/19/2020 - 00:15:33: [l4d2_skill_detect.smx] Clear: 9 freed 5 from 1: time: 0.35 / 1.96 -- class: smoker (with shove? 0)
L 12/19/2020 - 00:15:58: [l4d2_skill_detect.smx] Clear: 6 freed 5 from 1: time: 1.00 / -1.00 -- class: jockey (with shove? 0)
L 12/19/2020 - 00:16:50: [l4d2_skill_detect.smx] Clear: 9 freed 4 from 8: time: 1.16 / -1.00 -- class: hunter (with shove? 0)
L 12/19/2020 - 00:17:36: [l4d2_skill_detect.smx] Clear: 4 freed 9 from 2: time: 1.27 / -1.00 -- class: hunter (with shove? 0)
L 12/19/2020 - 00:17:40: [l4d2_skill_detect.smx] Charge carry start: 3 - 7 -- time: 327.39
L 12/19/2020 - 00:17:42: [l4d2_skill_detect.smx] Clear: 10 freed 7 from 3: time: 1.37 / 2.45 -- class: charger (with shove? 0)
L 12/19/2020 - 00:17:43: [l4d2_skill_detect.smx] Checking charge victim: 3 - 7 - flags: 1 (alive? 1)
L 12/19/2020 - 00:18:06: [l4d2_skill_detect.smx] Clear: 9 freed 10 from 2: time: 2.41 / -1.00 -- class: jockey (with shove? 0)
L 12/19/2020 - 00:19:34: [l4d2_skill_detect.smx] Clear: 3 freed 1 from 10: time: 1.63 / -1.00 -- class: jockey (with shove? 0)
L 12/19/2020 - 00:20:04: [l4d2_skill_detect.smx] Clear: 2 freed 6 from 7: time: 8.86 / -1.00 -- class: hunter (with shove? 0)
L 12/19/2020 - 00:20:26: [l4d2_skill_detect.smx] Clear: 3 freed 4 from 9: time: 10.64 / -1.00 -- class: jockey (with shove? 0)
L 12/19/2020 - 00:20:39: [l4d2_skill_detect.smx] Clear: 4 freed 1 from 10: time: 1.47 / -1.00 -- class: hunter (with shove? 1)
L 12/19/2020 - 00:21:07: [l4d2_skill_detect.smx] Charge carry start: 10 - 2 -- time: 534.88
L 12/19/2020 - 00:21:11: [l4d2_skill_detect.smx] Checking charge victim: 10 - 1 - flags: 0 (alive? 1)
L 12/19/2020 - 00:21:11: [l4d2_skill_detect.smx] Checking charge victim: 10 - 3 - flags: 0 (alive? 1)
L 12/19/2020 - 00:21:11: [l4d2_skill_detect.smx] Checking charge victim: 10 - 2 - flags: 1 (alive? 1)
L 12/19/2020 - 00:21:12: [l4d2_skill_detect.smx] Clear: 1 freed 2 from 10: time: 2.95 / 4.77 -- class: charger (with shove? 0)
L 12/19/2020 - 00:21:19: [l4d2_skill_detect.smx] Clear: 1 freed 4 from 9: time: 0.95 / -1.00 -- class: hunter (with shove? 1)
L 12/19/2020 - 00:21:39: [l4d2_skill_detect.smx] Clear: 4 freed 1 from 10: time: 0.07 / 1.58 -- class: smoker (with shove? 1)
L 12/19/2020 - 00:23:19: [l4d2_skill_detect.smx] Charge carry start: 9 - 1 -- time: 666.40
L 12/19/2020 - 00:23:23: [l4d2_skill_detect.smx] Checking charge victim: 9 - 2 - flags: 0 (alive? 1)
L 12/19/2020 - 00:23:23: [l4d2_skill_detect.smx] Checking charge victim: 9 - 1 - flags: 1 (alive? 1)
L 12/19/2020 - 00:23:24: [l4d2_skill_detect.smx] Clear: 2 freed 3 from 10: time: 6.73 / -1.00 -- class: hunter (with shove? 0)
L 12/19/2020 - 00:23:27: [l4d2_skill_detect.smx] Clear: 2 freed 1 from 9: time: 5.34 / 7.86 -- class: charger (with shove? 0)
L 12/19/2020 - 00:23:40: [l4d2_skill_detect.smx] Clear: 1 freed 2 from 5: time: 2.38 / -1.00 -- class: jockey (with shove? 0)
L 12/19/2020 - 00:23:51: [l4d2_skill_detect.smx] Witch Crown Check: Failed: bungled: 1 / crowntype: 0 (entity: 309)
L 12/19/2020 - 00:23:51: [l4d2_skill_detect.smx] Witch Crown Check: Further details: attacker: HEART, attacker dmg: 277, teamless dmg: 381
L 12/19/2020 - 00:24:01: [l4d2_skill_detect.smx] Charge carry start: 7 - 2 -- time: 709.20
L 12/19/2020 - 00:24:05: [l4d2_skill_detect.smx] Clear: 1 freed 2 from 7: time: 1.12 / 3.25 -- class: charger (with shove? 0)
L 12/19/2020 - 00:24:05: [l4d2_skill_detect.smx] Checking charge victim: 7 - 2 - flags: 1 (alive? 1)
L 12/19/2020 - 00:24:50: -------- Mapchange to c1m2_streets --------
L 12/19/2020 - 00:24:52: [basecommands.smx] "Console<0><Console><Console>" changed cvar (cvar "sv_force_time_of_day") (value "0")
L 12/19/2020 - 00:24:52: [basecommands.smx] "Console<0><Console><Console>" changed cvar (cvar "z_witch_damage_per_kill_hit") (value "120")
L 12/19/2020 - 00:24:52: [basecommands.smx] "Console<0><Console><Console>" changed cvar (cvar "z_witch_anger_rate") (value "0.4")
L 12/19/2020 - 00:24:52: [basecommands.smx] "Console<0><Console><Console>" changed cvar (cvar "z_witch_flashlight_range") (value "2000")
L 12/19/2020 - 00:24:52: [basecommands.smx] "Console<0><Console><Console>" changed cvar (cvar "z_witch_burn_time") (value "100")
L 12/19/2020 - 00:24:52: [basecommands.smx] "Console<0><Console><Console>" changed cvar (cvar "z_tank_health") (value "4000")
L 12/19/2020 - 00:24:52: [basecommands.smx] "Console<0><Console><Console>" changed cvar (cvar "z_ghost_delay_min") (value "15")
L 12/19/2020 - 00:24:52: [basecommands.smx] "Console<0><Console><Console>" changed cvar (cvar "z_ghost_delay_max") (value "15")
L 12/19/2020 - 00:24:52: [basecommands.smx] "Console<0><Console><Console>" changed cvar (cvar "z_hunter_limit") (value "1")
L 12/19/2020 - 00:24:52: [basecommands.smx] "Console<0><Console><Console>" changed cvar (cvar "z_smoker_limit") (value "1")
L 12/19/2020 - 00:24:52: [basecommands.smx] "Console<0><Console><Console>" changed cvar (cvar "z_jockey_limit") (value "1")
L 12/19/2020 - 00:24:52: [basecommands.smx] "Console<0><Console><Console>" changed cvar (cvar "versus_tank_chance_intro") (value "1")
L 12/19/2020 - 00:24:52: [basecommands.smx] "Console<0><Console><Console>" changed cvar (cvar "versus_tank_chance_finale") (value "1")
L 12/19/2020 - 00:24:52: [basecommands.smx] "Console<0><Console><Console>" changed cvar (cvar "versus_tank_chance") (value "1")
L 12/19/2020 - 00:24:52: [basecommands.smx] "Console<0><Console><Console>" changed cvar (cvar "versus_witch_chance_intro") (value "0")
L 12/19/2020 - 00:24:52: [basecommands.smx] "Console<0><Console><Console>" changed cvar (cvar "versus_witch_chance_finale") (value "0")
L 12/19/2020 - 00:24:52: [basecommands.smx] "Console<0><Console><Console>" changed cvar (cvar "versus_witch_chance") (value "1")
L 12/19/2020 - 00:24:52: [basecommands.smx] "Console<0><Console><Console>" changed cvar (cvar "director_force_tank") (value "1")
L 12/19/2020 - 00:24:52: [basecommands.smx] "Console<0><Console><Console>" changed cvar (cvar "versus_boss_flow_min") (value "0.4")
L 12/19/2020 - 00:24:52: [basecommands.smx] "Console<0><Console><Console>" changed cvar (cvar "versus_boss_flow_max") (value "0.6")
L 12/19/2020 - 00:24:52: [basecommands.smx] "Console<0><Console><Console>" changed cvar (cvar "versus_boss_flow_min_intro") (value "0.1")
L 12/19/2020 - 00:24:52: [basecommands.smx] "Console<0><Console><Console>" changed cvar (cvar "versus_boss_flow_max_intro") (value "0.2")
L 12/19/2020 - 00:24:52: [basecommands.smx] "Console<0><Console><Console>" changed cvar (cvar "versus_boss_flow_min_finale") (value "0.1")
L 12/19/2020 - 00:24:52: [basecommands.smx] "Console<0><Console><Console>" changed cvar (cvar "versus_boss_flow_max_finale") (value "0.2")
L 12/19/2020 - 00:24:52: [basecommands.smx] "Console<0><Console><Console>" changed cvar (cvar "boomer_vomit_delay") (value "0.1")
L 12/19/2020 - 00:24:52: [basecommands.smx] "Console<0><Console><Console>" changed cvar (cvar "smoker_tongue_delay") (value "0.1")
L 12/19/2020 - 00:24:52: [basecommands.smx] "Console<0><Console><Console>" changed cvar (cvar "vs_survival_bonus") (value "35")
L 12/19/2020 - 00:24:52: [basecommands.smx] "Console<0><Console><Console>" changed cvar (cvar "z_tank_throw_health") (value "10")
L 12/19/2020 - 00:24:52: [basecommands.smx] "Console<0><Console><Console>" changed cvar (cvar "sv_client_min_interp_ratio") (value "-1")
L 12/19/2020 - 00:24:52: [basecommands.smx] "Console<0><Console><Console>" changed cvar (cvar "sv_client_max_interp_ratio") (value "0")
L 12/19/2020 - 00:24:52: [basecommands.smx] "Console<0><Console><Console>" changed cvar (cvar "sv_minrate") (value "100000")
L 12/19/2020 - 00:24:52: [basecommands.smx] "Console<0><Console><Console>" changed cvar (cvar "sv_maxrate") (value "100000")
L 12/19/2020 - 00:24:52: [basecommands.smx] "Console<0><Console><Console>" changed cvar (cvar "sv_mincmdrate") (value "100")
L 12/19/2020 - 00:24:52: [basecommands.smx] "Console<0><Console><Console>" changed cvar (cvar "sv_maxcmdrate") (value "100")
L 12/19/2020 - 00:24:52: [basecommands.smx] "Console<0><Console><Console>" changed cvar (cvar "sv_minupdaterate") (value "100")
L 12/19/2020 - 00:24:52: [basecommands.smx] "Console<0><Console><Console>" changed cvar (cvar "sv_maxupdaterate") (value "100")
L 12/19/2020 - 00:24:52: [basecommands.smx] "Console<0><Console><Console>" changed cvar (cvar "nb_update_frequency") (value "0.014")
L 12/19/2020 - 00:24:52: [basecommands.smx] "Console<0><Console><Console>" changed cvar (cvar "net_splitpacket_maxrate") (value "50000")
L 12/19/2020 - 00:24:52: [basecommands.smx] "Console<0><Console><Console>" changed cvar (cvar "fps_max") (value "0")
L 12/19/2020 - 00:24:52: [basecommands.smx] "Console<0><Console><Console>" changed cvar (cvar "hostname") (value "Versus")
L 12/19/2020 - 00:25:54: [l4d2_skill_detect.smx] Charge carry start: 11 - 9 -- time: 61.13
L 12/19/2020 - 00:25:57: [l4d2_skill_detect.smx] Clear: 10 freed 9 from 11: time: 1.71 / 2.59 -- class: charger (with shove? 0)
L 12/19/2020 - 00:25:57: [l4d2_skill_detect.smx] Checking charge victim: 11 - 9 - flags: 1 (alive? 1)
L 12/19/2020 - 00:26:03: [l4d2_skill_detect.smx] Clear: 10 freed 5 from 2: time: 14.25 / -1.00 -- class: jockey (with shove? 0)
L 12/19/2020 - 00:26:17: [l4d2_skill_detect.smx] Clear: 5 freed 7 from 1: time: 1.56 / -1.00 -- class: hunter (with shove? 0)
L 12/19/2020 - 00:26:32: [l4d2_skill_detect.smx] Charge carry start: 2 - 7 -- time: 99.19
L 12/19/2020 - 00:26:35: [l4d2_skill_detect.smx] Checking charge victim: 2 - 7 - flags: 1 (alive? 1)
L 12/19/2020 - 00:26:36: [l4d2_skill_detect.smx] Clear: 5 freed 7 from 2: time: 2.52 / 3.54 -- class: charger (with shove? 0)
L 12/19/2020 - 00:26:45: [l4d2_skill_detect.smx] Clear: 10 freed 9 from 1: time: 0.90 / -1.00 -- class: jockey (with shove? 1)
L 12/19/2020 - 00:27:06: [l4d2_skill_detect.smx] Clear: 9 freed 10 from 3: time: 1.80 / -1.00 -- class: hunter (with shove? 0)
L 12/19/2020 - 00:27:07: [l4d2_skill_detect.smx] Clear: 9 freed 5 from 2: time: 0.36 / 4.10 -- class: smoker (with shove? 1)
L 12/19/2020 - 00:27:53: [l4d2_skill_detect.smx] Clear: 10 freed 7 from 3: time: 0.91 / -1.00 -- class: jockey (with shove? 1)
L 12/19/2020 - 00:28:14: [l4d2_skill_detect.smx] Clear: 5 freed 9 from 11: time: 1.38 / -1.00 -- class: hunter (with shove? 0)
L 12/19/2020 - 00:28:23: [l4d2_skill_detect.smx] Clear: 7 freed 10 from 4: time: 3.16 / -1.00 -- class: jockey (with shove? 0)
L 12/19/2020 - 00:28:27: [l4d2_skill_detect.smx] Charge carry start: 3 - 9 -- time: 214.22
L 12/19/2020 - 00:28:31: [l4d2_skill_detect.smx] Checking charge victim: 3 - 9 - flags: 1 (alive? 1)
L 12/19/2020 - 00:28:31: [l4d2_skill_detect.smx] Clear: 7 freed 9 from 3: time: 2.49 / 3.86 -- class: charger (with shove? 0)
L 12/19/2020 - 00:29:20: [l4d2_skill_detect.smx] Clear: 7 freed 5 from 4: time: 2.26 / -1.00 -- class: jockey (with shove? 0)
L 12/19/2020 - 00:29:57: [l4d2_skill_detect.smx] Clear: 7 freed 10 from 3: time: 2.22 / 303.88 -- class: charger (with shove? 0)
L 12/19/2020 - 00:30:02: [l4d2_skill_detect.smx] Clear: 7 freed 10 from 4: time: 1.80 / -1.00 -- class: hunter (with shove? 0)
L 12/19/2020 - 00:30:10: [l4d2_skill_detect.smx] Witch Crown Check: Failed: bungled: 0 / crowntype: 0 (entity: 86)
L 12/19/2020 - 00:30:10: [l4d2_skill_detect.smx] Witch Crown Check: Further details: attacker: MrBird, attacker dmg: 871, teamless dmg: 0
L 12/19/2020 - 00:30:32: [l4d2_skill_detect.smx] Clear: 5 freed 7 from 2: time: 1.29 / -1.00 -- class: jockey (with shove? 1)
L 12/19/2020 - 00:31:06: [l4d2_skill_detect.smx] Clear: 7 freed 5 from 3: time: 1.10 / -1.00 -- class: hunter (with shove? 1)
L 12/19/2020 - 00:31:19: [l4d2_skill_detect.smx] Clear: 5 freed 7 from 4: time: 0.05 / 3.60 -- class: smoker (with shove? 1)
L 12/19/2020 - 00:32:41: [l4d2_skill_detect.smx] Clear: 1 freed 4 from 5: time: 1.11 / -1.00 -- class: hunter (with shove? 0)
L 12/19/2020 - 00:32:44: [l4d2_skill_detect.smx] Clear: 3 freed 1 from 9: time: 1.63 / -1.00 -- class: jockey (with shove? 0)
L 12/19/2020 - 00:33:09: [l4d2_skill_detect.smx] Clear: 1 freed 4 from 10: time: -1.00 / 1.53 -- class: smoker (with shove? 0)
L 12/19/2020 - 00:33:14: [l4d2_skill_detect.smx] Charge carry start: 5 - 3 -- time: 501.26
L 12/19/2020 - 00:33:17: [l4d2_skill_detect.smx] Clear: 1 freed 3 from 5: time: 1.07 / 2.86 -- class: charger (with shove? 0)
L 12/19/2020 - 00:33:18: [l4d2_skill_detect.smx] Checking charge victim: 5 - 3 - flags: 1 (alive? 1)
L 12/19/2020 - 00:33:18: [l4d2_skill_detect.smx] Checking charge victim: 5 - 4 - flags: 0 (alive? 1)
L 12/19/2020 - 00:33:19: [l4d2_skill_detect.smx] Clear: 1 freed 3 from 9: time: 0.63 / -1.00 -- class: hunter (with shove? 0)
L 12/19/2020 - 00:34:15: [l4d2_skill_detect.smx] Clear: 3 freed 1 from 10: time: 1.43 / -1.00 -- class: hunter (with shove? 0)
L 12/19/2020 - 00:34:19: [l4d2_skill_detect.smx] Charge carry start: 9 - 4 -- time: 565.77
L 12/19/2020 - 00:34:21: [l4d2_skill_detect.smx] Clear: 3 freed 4 from 9: time: 0.90 / 1.83 -- class: charger (with shove? 0)
L 12/19/2020 - 00:34:22: [l4d2_skill_detect.smx] Checking charge victim: 9 - 4 - flags: 1 (alive? 1)
L 12/19/2020 - 00:34:44: [l4d2_skill_detect.smx] Witch Crown Check: Failed: bungled: 0 / crowntype: 0 (entity: 616)
L 12/19/2020 - 00:34:44: [l4d2_skill_detect.smx] Witch Crown Check: Further details: attacker: ♛ Rain ♛, attacker dmg: 894, teamless dmg: 0
L 12/19/2020 - 00:34:47: [l4d2_skill_detect.smx] Clear: 1 freed 3 from 10: time: 1.65 / -1.00 -- class: jockey (with shove? 0)
L 12/19/2020 - 00:34:56: [l4d2_skill_detect.smx] Clear: 2 freed 3 from 6: time: 1.29 / -1.00 -- class: hunter (with shove? 0)
L 12/19/2020 - 00:35:22: [l4d2_skill_detect.smx] Clear: 1 freed 2 from 9: time: -1.00 / 1.38 -- class: smoker (with shove? 0)
L 12/19/2020 - 00:35:31: [l4d2_skill_detect.smx] Clear: 4 freed 1 from 5: time: 1.40 / -1.00 -- class: hunter (with shove? 0)
L 12/19/2020 - 00:37:56: [l4d2_skill_detect.smx] Clear: 3 freed 1 from 7: time: 0.65 / 2.95 -- class: smoker (with shove? 1)
L 12/19/2020 - 00:38:34: [l4d2_skill_detect.smx] Clear: 4 freed 3 from 7: time: -1.00 / 2.27 -- class: smoker (with shove? 1)
L 12/19/2020 - 00:38:39: [l4d2_skill_detect.smx] Clear: 3 freed 4 from 5: time: 2.85 / -1.00 -- class: jockey (with shove? 0)
L 12/19/2020 - 00:39:00: [l4d2_skill_detect.smx] Charge carry start: 7 - 4 -- time: 846.42
L 12/19/2020 - 00:39:02: [l4d2_skill_detect.smx] Clear: 1 freed 4 from 7: time: 0.42 / 2.47 -- class: charger (with shove? 0)
L 12/19/2020 - 00:39:04: [l4d2_skill_detect.smx] Checking charge victim: 7 - 3 - flags: 0 (alive? 1)
L 12/19/2020 - 00:39:04: [l4d2_skill_detect.smx] Checking charge victim: 7 - 4 - flags: 1 (alive? 1)
L 12/19/2020 - 00:39:24: [l4d2_skill_detect.smx] Clear: 2 freed 3 from 6: time: 1.03 / -1.00 -- class: jockey (with shove? 1)
L 12/19/2020 - 00:39:56: [l4d2_skill_detect.smx] Clear: 4 freed 2 from 6: time: 0.93 / -1.00 -- class: hunter (with shove? 0)
L 12/19/2020 - 00:41:10: [l4d2_skill_detect.smx] Charge carry start: 7 - 1 -- time: 977.00
L 12/19/2020 - 00:41:15: [l4d2_skill_detect.smx] Checking charge victim: 7 - 1 - flags: 1 (alive? 1)
L 12/19/2020 - 00:41:22: [l4d2_skill_detect.smx] Clear: 3 freed 1 from 7: time: 8.23 / 11.28 -- class: charger (with shove? 0)
L 12/19/2020 - 00:41:52: -------- Mapchange to c1m3_mall --------
L 12/19/2020 - 00:41:54: [basecommands.smx] "Console<0><Console><Console>" changed cvar (cvar "sv_force_time_of_day") (value "0")
L 12/19/2020 - 00:41:54: [basecommands.smx] "Console<0><Console><Console>" changed cvar (cvar "z_witch_damage_per_kill_hit") (value "120")
L 12/19/2020 - 00:41:54: [basecommands.smx] "Console<0><Console><Console>" changed cvar (cvar "z_witch_anger_rate") (value "0.4")
L 12/19/2020 - 00:41:54: [basecommands.smx] "Console<0><Console><Console>" changed cvar (cvar "z_witch_flashlight_range") (value "2000")
L 12/19/2020 - 00:41:54: [basecommands.smx] "Console<0><Console><Console>" changed cvar (cvar "z_witch_burn_time") (value "100")
L 12/19/2020 - 00:41:54: [basecommands.smx] "Console<0><Console><Console>" changed cvar (cvar "z_tank_health") (value "4000")
L 12/19/2020 - 00:41:54: [basecommands.smx] "Console<0><Console><Console>" changed cvar (cvar "z_ghost_delay_min") (value "15")
L 12/19/2020 - 00:41:54: [basecommands.smx] "Console<0><Console><Console>" changed cvar (cvar "z_ghost_delay_max") (value "15")
L 12/19/2020 - 00:41:54: [basecommands.smx] "Console<0><Console><Console>" changed cvar (cvar "z_hunter_limit") (value "1")
L 12/19/2020 - 00:41:54: [basecommands.smx] "Console<0><Console><Console>" changed cvar (cvar "z_smoker_limit") (value "1")
L 12/19/2020 - 00:41:54: [basecommands.smx] "Console<0><Console><Console>" changed cvar (cvar "z_jockey_limit") (value "1")
L 12/19/2020 - 00:41:54: [basecommands.smx] "Console<0><Console><Console>" changed cvar (cvar "versus_tank_chance_intro") (value "1")
L 12/19/2020 - 00:41:54: [basecommands.smx] "Console<0><Console><Console>" changed cvar (cvar "versus_tank_chance_finale") (value "1")
L 12/19/2020 - 00:41:54: [basecommands.smx] "Console<0><Console><Console>" changed cvar (cvar "versus_tank_chance") (value "1")
L 12/19/2020 - 00:41:54: [basecommands.smx] "Console<0><Console><Console>" changed cvar (cvar "versus_witch_chance_intro") (value "0")
L 12/19/2020 - 00:41:54: [basecommands.smx] "Console<0><Console><Console>" changed cvar (cvar "versus_witch_chance_finale") (value "0")
L 12/19/2020 - 00:41:54: [basecommands.smx] "Console<0><Console><Console>" changed cvar (cvar "versus_witch_chance") (value "1")
L 12/19/2020 - 00:41:54: [basecommands.smx] "Console<0><Console><Console>" changed cvar (cvar "director_force_tank") (value "1")
L 12/19/2020 - 00:41:54: [basecommands.smx] "Console<0><Console><Console>" changed cvar (cvar "versus_boss_flow_min") (value "0.4")
L 12/19/2020 - 00:41:54: [basecommands.smx] "Console<0><Console><Console>" changed cvar (cvar "versus_boss_flow_max") (value "0.6")
L 12/19/2020 - 00:41:54: [basecommands.smx] "Console<0><Console><Console>" changed cvar (cvar "versus_boss_flow_min_intro") (value "0.1")
L 12/19/2020 - 00:41:54: [basecommands.smx] "Console<0><Console><Console>" changed cvar (cvar "versus_boss_flow_max_intro") (value "0.2")
L 12/19/2020 - 00:41:54: [basecommands.smx] "Console<0><Console><Console>" changed cvar (cvar "versus_boss_flow_min_finale") (value "0.1")
L 12/19/2020 - 00:41:54: [basecommands.smx] "Console<0><Console><Console>" changed cvar (cvar "versus_boss_flow_max_finale") (value "0.2")
L 12/19/2020 - 00:41:54: [basecommands.smx] "Console<0><Console><Console>" changed cvar (cvar "boomer_vomit_delay") (value "0.1")
L 12/19/2020 - 00:41:54: [basecommands.smx] "Console<0><Console><Console>" changed cvar (cvar "smoker_tongue_delay") (value "0.1")
L 12/19/2020 - 00:41:55: [basecommands.smx] "Console<0><Console><Console>" changed cvar (cvar "vs_survival_bonus") (value "35")
L 12/19/2020 - 00:41:55: [basecommands.smx] "Console<0><Console><Console>" changed cvar (cvar "z_tank_throw_health") (value "10")
L 12/19/2020 - 00:41:55: [basecommands.smx] "Console<0><Console><Console>" changed cvar (cvar "sv_client_min_interp_ratio") (value "-1")
L 12/19/2020 - 00:41:55: [basecommands.smx] "Console<0><Console><Console>" changed cvar (cvar "sv_client_max_interp_ratio") (value "0")
L 12/19/2020 - 00:41:55: [basecommands.smx] "Console<0><Console><Console>" changed cvar (cvar "sv_minrate") (value "100000")
L 12/19/2020 - 00:41:55: [basecommands.smx] "Console<0><Console><Console>" changed cvar (cvar "sv_maxrate") (value "100000")
L 12/19/2020 - 00:41:55: [basecommands.smx] "Console<0><Console><Console>" changed cvar (cvar "sv_mincmdrate") (value "100")
L 12/19/2020 - 00:41:55: [basecommands.smx] "Console<0><Console><Console>" changed cvar (cvar "sv_maxcmdrate") (value "100")
L 12/19/2020 - 00:41:55: [basecommands.smx] "Console<0><Console><Console>" changed cvar (cvar "sv_minupdaterate") (value "100")
L 12/19/2020 - 00:41:55: [basecommands.smx] "Console<0><Console><Console>" changed cvar (cvar "sv_maxupdaterate") (value "100")
L 12/19/2020 - 00:41:55: [basecommands.smx] "Console<0><Console><Console>" changed cvar (cvar "nb_update_frequency") (value "0.014")
L 12/19/2020 - 00:41:55: [basecommands.smx] "Console<0><Console><Console>" changed cvar (cvar "net_splitpacket_maxrate") (value "50000")
L 12/19/2020 - 00:41:55: [basecommands.smx] "Console<0><Console><Console>" changed cvar (cvar "fps_max") (value "0")
L 12/19/2020 - 00:41:55: [basecommands.smx] "Console<0><Console><Console>" changed cvar (cvar "hostname") (value "Versus")
L 12/19/2020 - 00:43:38: [l4d2_skill_detect.smx] Clear: 8 freed 7 from 1: time: 2.60 / 101.90 -- class: charger (with shove? 0)
L 12/19/2020 - 00:43:40: [l4d2_skill_detect.smx] Clear: 6 freed 5 from 4: time: 1.61 / 4.63 -- class: smoker (with shove? 1)
L 12/19/2020 - 00:44:12: [l4d2_skill_detect.smx] Charge carry start: 4 - 7 -- time: 135.73
L 12/19/2020 - 00:44:15: [l4d2_skill_detect.smx] Checking charge victim: 4 - 7 - flags: 1 (alive? 1)
L 12/19/2020 - 00:44:17: [l4d2_skill_detect.smx] Clear: 6 freed 5 from 1: time: 3.79 / -1.00 -- class: hunter (with shove? 1)
L 12/19/2020 - 00:44:17: [l4d2_skill_detect.smx] Clear: 8 freed 7 from 4: time: 4.05 / 5.09 -- class: charger (with shove? 0)
L 12/19/2020 - 00:44:29: [l4d2_skill_detect.smx] Clear: 5 freed 8 from 3: time: -1.00 / 1.55 -- class: smoker (with shove? 1)
L 12/19/2020 - 00:45:02: [l4d2_skill_detect.smx] Charge carry start: 2 - 5 -- time: 185.81
L 12/19/2020 - 00:45:07: [l4d2_skill_detect.smx] Checking charge victim: 2 - 5 - flags: 1 (alive? 1)
L 12/19/2020 - 00:45:08: [l4d2_skill_detect.smx] Clear: 7 freed 5 from 2: time: 3.55 / 5.88 -- class: charger (with shove? 0)
L 12/19/2020 - 00:45:12: [l4d2_skill_detect.smx] Clear: 5 freed 6 from 1: time: 12.03 / -1.00 -- class: jockey (with shove? 0)
L 12/19/2020 - 00:46:24: [l4d2_skill_detect.smx] Charge carry start: 3 - 7 -- time: 268.13
L 12/19/2020 - 00:46:28: [l4d2_skill_detect.smx] Checking charge victim: 3 - 7 - flags: 1 (alive? 1)
L 12/19/2020 - 00:46:30: [l4d2_skill_detect.smx] Clear: 6 freed 7 from 3: time: 3.66 / 5.82 -- class: charger (with shove? 0)
L 12/19/2020 - 00:46:58: [l4d2_skill_detect.smx] Clear: 6 freed 5 from 1: time: -1.00 / 0.35 -- class: smoker (with shove? 0)
L 12/19/2020 - 00:47:02: [l4d2_skill_detect.smx] Witch Crown Check: Failed: bungled: 1 / crowntype: 0 (entity: 359)
L 12/19/2020 - 00:47:02: [l4d2_skill_detect.smx] Witch Crown Check: Further details: attacker: ☠Judás☠, attacker dmg: 238, teamless dmg: 0
L 12/19/2020 - 00:47:07: [l4d2_skill_detect.smx] Charge carry start: 4 - 8 -- time: 310.51
L 12/19/2020 - 00:47:10: [l4d2_skill_detect.smx] Checking charge victim: 4 - 8 - flags: 1 (alive? 1)
L 12/19/2020 - 00:47:13: [l4d2_skill_detect.smx] Charge carry start: 4 - 8 -- time: 316.54
L 12/19/2020 - 00:47:15: [l4d2_skill_detect.smx] Clear: 6 freed 8 from 4: time: 1.70 / 2.45 -- class: charger (with shove? 0)
L 12/19/2020 - 00:47:15: [l4d2_skill_detect.smx] Checking charge victim: 4 - 8 - flags: 1 (alive? 1)
L 12/19/2020 - 00:47:38: [l4d2_skill_detect.smx] Clear: 5 freed 8 from 3: time: 0.30 / 1.82 -- class: smoker (with shove? 0)
L 12/19/2020 - 00:47:57: [l4d2_skill_detect.smx] Charge carry start: 2 - 7 -- time: 360.77
L 12/19/2020 - 00:48:00: [l4d2_skill_detect.smx] Checking charge victim: 2 - 7 - flags: 1 (alive? 1)
L 12/19/2020 - 00:48:04: [l4d2_skill_detect.smx] Clear: 6 freed 5 from 1: time: 6.91 / -1.00 -- class: hunter (with shove? 0)
L 12/19/2020 - 00:48:07: [l4d2_skill_detect.smx] Clear: 6 freed 7 from 2: time: 8.92 / 10.14 -- class: charger (with shove? 0)
L 12/19/2020 - 00:49:58: [l4d2_skill_detect.smx] Charge carry start: 6 - 2 -- time: 482.05
L 12/19/2020 - 00:50:01: [l4d2_skill_detect.smx] Clear: 4 freed 2 from 6: time: 0.29 / 2.42 -- class: charger (with shove? 0)
L 12/19/2020 - 00:50:03: [l4d2_skill_detect.smx] Checking charge victim: 6 - 2 - flags: 1 (alive? 1)
L 12/19/2020 - 00:50:39: [l4d2_skill_detect.smx] Clear: 2 freed 1 from 7: time: 1.70 / -1.00 -- class: jockey (with shove? 0)
L 12/19/2020 - 00:50:40: [l4d2_skill_detect.smx] Clear: 3 freed 2 from 5: time: 0.86 / -1.00 -- class: hunter (with shove? 0)
L 12/19/2020 - 00:51:13: [l4d2_skill_detect.smx] Clear: 2 freed 4 from 6: time: 1.38 / -1.00 -- class: hunter (with shove? 0)
L 12/19/2020 - 00:51:23: [l4d2_skill_detect.smx] Clear: 4 freed 3 from 7: time: 2.09 / -1.00 -- class: jockey (with shove? 0)
L 12/19/2020 - 00:51:27: [l4d2_skill_detect.smx] Charge carry start: 9 - 3 -- time: 570.69
L 12/19/2020 - 00:51:31: [l4d2_skill_detect.smx] Clear: 1 freed 3 from 9: time: 2.69 / 3.89 -- class: charger (with shove? 0)
L 12/19/2020 - 00:51:31: [l4d2_skill_detect.smx] Checking charge victim: 9 - 3 - flags: 1 (alive? 1)
L 12/19/2020 - 00:52:02: [l4d2_skill_detect.smx] Clear: 3 freed 4 from 7: time: 0.84 / -1.00 -- class: hunter (with shove? 0)
L 12/19/2020 - 00:52:20: [l4d2_skill_detect.smx] Clear: 4 freed 3 from 6: time: 1.70 / -1.00 -- class: jockey (with shove? 0)
L 12/19/2020 - 00:52:53: [l4d2_skill_detect.smx] Clear: 3 freed 1 from 7: time: 2.26 / -1.00 -- class: jockey (with shove? 0)
L 12/19/2020 - 00:53:31: [l4d2_skill_detect.smx] Witch Crown Check: Failed: bungled: 0 / crowntype: 0 (entity: 125)
L 12/19/2020 - 00:53:31: [l4d2_skill_detect.smx] Witch Crown Check: Further details: attacker: ♛ Rain ♛, attacker dmg: 849, teamless dmg: 40
L 12/19/2020 - 00:54:20: [l4d2_skill_detect.smx] Clear: 2 freed 3 from 9: time: 2.20 / -1.00 -- class: hunter (with shove? 0)
L 12/19/2020 - 00:55:04: [l4d2_skill_detect.smx] Clear: 1 freed 2 from 6: time: 0.92 / -1.00 -- class: hunter (with shove? 0)
L 12/19/2020 - 00:55:25: [l4d2_skill_detect.smx] Clear: 1 freed 8 from 6: time: 0.57 / 2.35 -- class: smoker (with shove? 0)
L 12/19/2020 - 00:56:23: [l4d2_skill_detect.smx] Charge carry start: 6 - 2 -- time: 866.65
L 12/19/2020 - 00:56:27: [l4d2_skill_detect.smx] Checking charge victim: 6 - 1 - flags: 0 (alive? 1)
L 12/19/2020 - 00:56:29: [l4d2_skill_detect.smx] Checking charge victim: 6 - 2 - flags: 1 (alive? 1)
L 12/19/2020 - 00:56:51: [l4d2_skill_detect.smx] Charge carry start: 6 - 2 -- time: 894.63
L 12/19/2020 - 00:56:55: [l4d2_skill_detect.smx] Checking charge victim: 6 - 2 - flags: 1 (alive? 1)
L 12/19/2020 - 00:57:14: [l4d2_skill_detect.smx] Charge carry start: 6 - 1 -- time: 917.39
L 12/19/2020 - 00:57:19: [l4d2_skill_detect.smx] Checking charge victim: 6 - 1 - flags: 1 (alive? 1)
L 12/19/2020 - 00:57:59: -------- Mapchange to c1m4_atrium --------
L 12/19/2020 - 00:58:01: [basecommands.smx] "Console<0><Console><Console>" changed cvar (cvar "sv_force_time_of_day") (value "0")
L 12/19/2020 - 00:58:01: [basecommands.smx] "Console<0><Console><Console>" changed cvar (cvar "z_witch_damage_per_kill_hit") (value "120")
L 12/19/2020 - 00:58:01: [basecommands.smx] "Console<0><Console><Console>" changed cvar (cvar "z_witch_anger_rate") (value "0.4")
L 12/19/2020 - 00:58:01: [basecommands.smx] "Console<0><Console><Console>" changed cvar (cvar "z_witch_flashlight_range") (value "2000")
L 12/19/2020 - 00:58:01: [basecommands.smx] "Console<0><Console><Console>" changed cvar (cvar "z_witch_burn_time") (value "100")
L 12/19/2020 - 00:58:01: [basecommands.smx] "Console<0><Console><Console>" changed cvar (cvar "z_tank_health") (value "4000")
L 12/19/2020 - 00:58:01: [basecommands.smx] "Console<0><Console><Console>" changed cvar (cvar "z_ghost_delay_min") (value "15")
L 12/19/2020 - 00:58:01: [basecommands.smx] "Console<0><Console><Console>" changed cvar (cvar "z_ghost_delay_max") (value "15")
L 12/19/2020 - 00:58:01: [basecommands.smx] "Console<0><Console><Console>" changed cvar (cvar "z_hunter_limit") (value "1")
L 12/19/2020 - 00:58:01: [basecommands.smx] "Console<0><Console><Console>" changed cvar (cvar "z_smoker_limit") (value "1")
L 12/19/2020 - 00:58:01: [basecommands.smx] "Console<0><Console><Console>" changed cvar (cvar "z_jockey_limit") (value "1")
L 12/19/2020 - 00:58:01: [basecommands.smx] "Console<0><Console><Console>" changed cvar (cvar "versus_tank_chance_intro") (value "1")
L 12/19/2020 - 00:58:01: [basecommands.smx] "Console<0><Console><Console>" changed cvar (cvar "versus_tank_chance_finale") (value "1")
L 12/19/2020 - 00:58:01: [basecommands.smx] "Console<0><Console><Console>" changed cvar (cvar "versus_tank_chance") (value "1")
L 12/19/2020 - 00:58:01: [basecommands.smx] "Console<0><Console><Console>" changed cvar (cvar "versus_witch_chance_intro") (value "0")
L 12/19/2020 - 00:58:01: [basecommands.smx] "Console<0><Console><Console>" changed cvar (cvar "versus_witch_chance_finale") (value "0")
L 12/19/2020 - 00:58:01: [basecommands.smx] "Console<0><Console><Console>" changed cvar (cvar "versus_witch_chance") (value "1")
L 12/19/2020 - 00:58:01: [basecommands.smx] "Console<0><Console><Console>" changed cvar (cvar "director_force_tank") (value "1")
L 12/19/2020 - 00:58:01: [basecommands.smx] "Console<0><Console><Console>" changed cvar (cvar "versus_boss_flow_min") (value "0.4")
L 12/19/2020 - 00:58:01: [basecommands.smx] "Console<0><Console><Console>" changed cvar (cvar "versus_boss_flow_max") (value "0.6")
L 12/19/2020 - 00:58:01: [basecommands.smx] "Console<0><Console><Console>" changed cvar (cvar "versus_boss_flow_min_intro") (value "0.1")
L 12/19/2020 - 00:58:01: [basecommands.smx] "Console<0><Console><Console>" changed cvar (cvar "versus_boss_flow_max_intro") (value "0.2")
L 12/19/2020 - 00:58:01: [basecommands.smx] "Console<0><Console><Console>" changed cvar (cvar "versus_boss_flow_min_finale") (value "0.1")
L 12/19/2020 - 00:58:01: [basecommands.smx] "Console<0><Console><Console>" changed cvar (cvar "versus_boss_flow_max_finale") (value "0.2")
L 12/19/2020 - 00:58:01: [basecommands.smx] "Console<0><Console><Console>" changed cvar (cvar "boomer_vomit_delay") (value "0.1")
L 12/19/2020 - 00:58:01: [basecommands.smx] "Console<0><Console><Console>" changed cvar (cvar "smoker_tongue_delay") (value "0.1")
L 12/19/2020 - 00:58:01: [basecommands.smx] "Console<0><Console><Console>" changed cvar (cvar "vs_survival_bonus") (value "35")
L 12/19/2020 - 00:58:01: [basecommands.smx] "Console<0><Console><Console>" changed cvar (cvar "z_tank_throw_health") (value "10")
L 12/19/2020 - 00:58:01: [basecommands.smx] "Console<0><Console><Console>" changed cvar (cvar "sv_client_min_interp_ratio") (value "-1")
L 12/19/2020 - 00:58:01: [basecommands.smx] "Console<0><Console><Console>" changed cvar (cvar "sv_client_max_interp_ratio") (value "0")
L 12/19/2020 - 00:58:01: [basecommands.smx] "Console<0><Console><Console>" changed cvar (cvar "sv_minrate") (value "100000")
L 12/19/2020 - 00:58:01: [basecommands.smx] "Console<0><Console><Console>" changed cvar (cvar "sv_maxrate") (value "100000")
L 12/19/2020 - 00:58:01: [basecommands.smx] "Console<0><Console><Console>" changed cvar (cvar "sv_mincmdrate") (value "100")
L 12/19/2020 - 00:58:01: [basecommands.smx] "Console<0><Console><Console>" changed cvar (cvar "sv_maxcmdrate") (value "100")
L 12/19/2020 - 00:58:01: [basecommands.smx] "Console<0><Console><Console>" changed cvar (cvar "sv_minupdaterate") (value "100")
L 12/19/2020 - 00:58:01: [basecommands.smx] "Console<0><Console><Console>" changed cvar (cvar "sv_maxupdaterate") (value "100")
L 12/19/2020 - 00:58:01: [basecommands.smx] "Console<0><Console><Console>" changed cvar (cvar "nb_update_frequency") (value "0.014")
L 12/19/2020 - 00:58:01: [basecommands.smx] "Console<0><Console><Console>" changed cvar (cvar "net_splitpacket_maxrate") (value "50000")
L 12/19/2020 - 00:58:01: [basecommands.smx] "Console<0><Console><Console>" changed cvar (cvar "fps_max") (value "0")
L 12/19/2020 - 00:58:01: [basecommands.smx] "Console<0><Console><Console>" changed cvar (cvar "hostname") (value "Versus")
L 12/19/2020 - 01:00:58: [l4d2_skill_detect.smx] Clear: 3 freed 7 from 5: time: 1.61 / -1.00 -- class: jockey (with shove? 1)
L 12/19/2020 - 01:01:32: [l4d2_skill_detect.smx] Clear: 7 freed 3 from 2: time: -1.00 / 210.34 -- class: charger (with shove? 0)
L 12/19/2020 - 01:02:26: [l4d2_skill_detect.smx] Clear: 8 freed 5 from 3: time: 0.79 / 1.72 -- class: smoker (with shove? 1)
L 12/19/2020 - 01:02:27: [l4d2_skill_detect.smx] Charge carry start: 1 - 4 -- time: 265.92
L 12/19/2020 - 01:02:29: [l4d2_tankswap.smx] ReplaceWithBot being called, client ♛ Rain ♛ boolean 1
L 12/19/2020 - 01:02:29: [l4d2_tankswap.smx] ReplaceTank being called, client Hombre zapallo target ♛ Rain ♛
L 12/19/2020 - 01:02:29: [l4d2_tankswap.smx] ZombieManager pointer: 0x39eac00
L 12/19/2020 - 01:02:31: [l4d2_skill_detect.smx] Checking charge victim: 1 - 7 - flags: 0 (alive? 1)
L 12/19/2020 - 01:02:31: [l4d2_skill_detect.smx] Checking charge victim: 1 - 5 - flags: 0 (alive? 1)
L 12/19/2020 - 01:02:31: [l4d2_skill_detect.smx] Checking charge victim: 1 - 4 - flags: 1 (alive? 1)
L 12/19/2020 - 01:02:31: [l4d2_skill_detect.smx] Checking charge victim: 1 - 8 - flags: 0 (alive? 1)
L 12/19/2020 - 01:02:33: [l4d2_skill_detect.smx] Clear: 8 freed 4 from 6: time: -1.00 / 271.69 -- class: charger (with shove? 0)
L 12/19/2020 - 01:02:35: [l4d2_skill_detect.smx] Clear: 8 freed 7 from 2: time: 1.77 / -1.00 -- class: hunter (with shove? 1)
L 12/19/2020 - 01:03:22: Log file closed.
