L 05/23/2020 - 12:54:04: SourceMod log file session started (file "L20200523.log") (Version "1.8.0.6041")
L 05/23/2020 - 12:54:04: -------- Mapchange to c1m4_atrium --------
L 05/23/2020 - 12:54:09: [GEOIP] GeoIP database info: GEO-106FREE 20180206 Build 1 Copyright (c) 2018 MaxMind Inc All Rights Reserved
L 05/23/2020 - 12:54:13: [simplewelcomemsg.smx] Set the maximum number of lines of.
L 05/23/2020 - 12:54:41: [SM] Changed map to "c1m4_atrium"
L 05/23/2020 - 12:54:44: -------- Mapchange to c1m4_atrium --------
L 05/23/2020 - 12:55:31: Log file closed.
L 05/23/2020 - 12:58:10: SourceMod log file session started (file "L20200523.log") (Version "1.8.0.6041")
L 05/23/2020 - 12:58:10: -------- Mapchange to c1m4_atrium --------
L 05/23/2020 - 12:58:11: [GEOIP] GeoIP database info: GEO-106FREE 20180206 Build 1 Copyright (c) 2018 MaxMind Inc All Rights Reserved
L 05/23/2020 - 12:58:12: [simplewelcomemsg.smx] Set the maximum number of lines of.
L 05/23/2020 - 12:58:17: [SM] Changed map to "c1m4_atrium"
L 05/23/2020 - 12:58:20: -------- Mapchange to c1m4_atrium --------
L 05/23/2020 - 13:01:39: Log file closed.
L 05/23/2020 - 13:23:36: SourceMod log file session started (file "L20200523.log") (Version "1.8.0.6041")
L 05/23/2020 - 13:23:36: -------- Mapchange to c1m4_atrium --------
L 05/23/2020 - 13:23:38: [GEOIP] GeoIP database info: GEO-106FREE 20180206 Build 1 Copyright (c) 2018 MaxMind Inc All Rights Reserved
L 05/23/2020 - 13:23:40: [simplewelcomemsg.smx] Set the maximum number of lines of.
L 05/23/2020 - 13:24:25: [SM] Changed map to "c1m4_atrium"
L 05/23/2020 - 13:24:32: -------- Mapchange to c1m4_atrium --------
L 05/23/2020 - 13:28:48: Log file closed.
L 05/23/2020 - 22:53:41: SourceMod log file session started (file "L20200523.log") (Version "1.8.0.6041")
L 05/23/2020 - 22:53:41: -------- Mapchange to claustrophobia1 --------
L 05/23/2020 - 22:53:44: [GEOIP] GeoIP database info: GEO-106FREE 20180206 Build 1 Copyright (c) 2018 MaxMind Inc All Rights Reserved
L 05/23/2020 - 22:53:45: [simplewelcomemsg.smx] Set the maximum number of lines of.
L 05/23/2020 - 22:54:21: [SM] Changed map to "claustrophobia1"
L 05/23/2020 - 22:55:14: -------- Mapchange to claustrophobia1 --------
L 05/23/2020 - 23:12:57: [playercommands.smx] "Rain❤Delta<2><STEAM_1:0:162762726><>" slayed "Louis<6><BOT><>"
L 05/23/2020 - 23:13:52: -------- Mapchange to claustrophobia2 --------
L 05/23/2020 - 23:36:35: [playercommands.smx] "Rain❤Delta<2><STEAM_1:0:162762726><>" slayed "Delta❤Rain<8><STEAM_1:1:71127800><>"
L 05/23/2020 - 23:44:37: [funcommands.smx] "Rain❤Delta<2><STEAM_1:0:162762726><>" toggled noclip on "Delta❤Rain<8><STEAM_1:1:71127800><>"
L 05/23/2020 - 23:47:08: [funcommands.smx] "Rain❤Delta<2><STEAM_1:0:162762726><>" toggled noclip on "Delta❤Rain<8><STEAM_1:1:71127800><>"
L 05/23/2020 - 23:50:32: -------- Mapchange to claustrophobia3 --------
L 05/23/2020 - 23:54:30: [funcommands.smx] "Rain❤Delta<2><STEAM_1:0:162762726><>" toggled noclip on "Rain❤Delta<2><STEAM_1:0:162762726><>"
L 05/23/2020 - 23:54:33: [funcommands.smx] "Rain❤Delta<2><STEAM_1:0:162762726><>" toggled noclip on "Rain❤Delta<2><STEAM_1:0:162762726><>"
