L 12/17/2020 - 00:01:02: SourceMod log file session started (file "D:\Steam\steamapps\common\Left 4 Dead 2\left4dead2\addons\sourcemod\logs\L20201217.log") (Version "1.10.0.6492")
L 12/17/2020 - 00:01:02: [basecommands.smx] "Duяåznlто™<3><STEAM_1:1:4151444><>" changed cvar (cvar "vs_max_team_switches") (value "0")
L 12/17/2020 - 00:01:22: [l4d2_skill_detect.smx] Charge carry start: 3 - 6 -- time: 406.23
L 12/17/2020 - 00:01:23: [l4d2_skill_detect.smx] Clear: 1 freed 2 from 7: time: 2.36 / -1.00 -- class: hunter (with shove? 0)
L 12/17/2020 - 00:01:26: [l4d2_skill_detect.smx] Checking charge victim: 3 - 6 - flags: 1 (alive? 1)
L 12/17/2020 - 00:01:38: [l4d2_skill_detect.smx] Clear: 2 freed 1 from 4: time: 10.92 / 13.42 -- class: smoker (with shove? 1)
L 12/17/2020 - 00:02:03: [l4d2_skill_detect.smx] Clear: 8 freed 2 from 4: time: 2.92 / 4.77 -- class: smoker (with shove? 0)
L 12/17/2020 - 00:02:05: [l4d2_skill_detect.smx] Clear: 2 freed 8 from 5: time: 1.48 / -1.00 -- class: hunter (with shove? 0)
L 12/17/2020 - 00:02:42: [l4d2_skill_detect.smx] Clear: 1 freed 2 from 4: time: -1.00 / 1.58 -- class: smoker (with shove? 1)
L 12/17/2020 - 00:03:41: [basebans.smx] "Duяåznlто™<3><STEAM_1:1:4151444><>" banned "LINK<243><STEAM_1:1:106007194><>" (minutes "0") (reason "Troll de Mierda")
L 12/17/2020 - 00:04:15: -------- Mapchange to c5m5_bridge --------
L 12/17/2020 - 00:04:18: [basecommands.smx] "Console<0><Console><Console>" changed cvar (cvar "sv_force_time_of_day") (value "0")
L 12/17/2020 - 00:04:18: [basecommands.smx] "Console<0><Console><Console>" changed cvar (cvar "z_witch_damage_per_kill_hit") (value "120")
L 12/17/2020 - 00:04:18: [basecommands.smx] "Console<0><Console><Console>" changed cvar (cvar "z_witch_anger_rate") (value "0.4")
L 12/17/2020 - 00:04:18: [basecommands.smx] "Console<0><Console><Console>" changed cvar (cvar "z_witch_flashlight_range") (value "2000")
L 12/17/2020 - 00:04:18: [basecommands.smx] "Console<0><Console><Console>" changed cvar (cvar "z_witch_burn_time") (value "100")
L 12/17/2020 - 00:04:18: [basecommands.smx] "Console<0><Console><Console>" changed cvar (cvar "z_tank_health") (value "4000")
L 12/17/2020 - 00:04:18: [basecommands.smx] "Console<0><Console><Console>" changed cvar (cvar "z_ghost_delay_min") (value "15")
L 12/17/2020 - 00:04:18: [basecommands.smx] "Console<0><Console><Console>" changed cvar (cvar "z_ghost_delay_max") (value "15")
L 12/17/2020 - 00:04:18: [basecommands.smx] "Console<0><Console><Console>" changed cvar (cvar "z_hunter_limit") (value "1")
L 12/17/2020 - 00:04:18: [basecommands.smx] "Console<0><Console><Console>" changed cvar (cvar "z_smoker_limit") (value "1")
L 12/17/2020 - 00:04:18: [basecommands.smx] "Console<0><Console><Console>" changed cvar (cvar "z_jockey_limit") (value "1")
L 12/17/2020 - 00:04:18: [basecommands.smx] "Console<0><Console><Console>" changed cvar (cvar "versus_tank_chance_intro") (value "1")
L 12/17/2020 - 00:04:18: [basecommands.smx] "Console<0><Console><Console>" changed cvar (cvar "versus_tank_chance_finale") (value "1")
L 12/17/2020 - 00:04:18: [basecommands.smx] "Console<0><Console><Console>" changed cvar (cvar "versus_tank_chance") (value "1")
L 12/17/2020 - 00:04:18: [basecommands.smx] "Console<0><Console><Console>" changed cvar (cvar "versus_witch_chance_intro") (value "0")
L 12/17/2020 - 00:04:18: [basecommands.smx] "Console<0><Console><Console>" changed cvar (cvar "versus_witch_chance_finale") (value "0")
L 12/17/2020 - 00:04:18: [basecommands.smx] "Console<0><Console><Console>" changed cvar (cvar "versus_witch_chance") (value "1")
L 12/17/2020 - 00:04:18: [basecommands.smx] "Console<0><Console><Console>" changed cvar (cvar "director_force_tank") (value "1")
L 12/17/2020 - 00:04:18: [basecommands.smx] "Console<0><Console><Console>" changed cvar (cvar "versus_boss_flow_min") (value "0.4")
L 12/17/2020 - 00:04:18: [basecommands.smx] "Console<0><Console><Console>" changed cvar (cvar "versus_boss_flow_max") (value "0.6")
L 12/17/2020 - 00:04:18: [basecommands.smx] "Console<0><Console><Console>" changed cvar (cvar "versus_boss_flow_min_intro") (value "0.1")
L 12/17/2020 - 00:04:18: [basecommands.smx] "Console<0><Console><Console>" changed cvar (cvar "versus_boss_flow_max_intro") (value "0.2")
L 12/17/2020 - 00:04:18: [basecommands.smx] "Console<0><Console><Console>" changed cvar (cvar "versus_boss_flow_min_finale") (value "0.1")
L 12/17/2020 - 00:04:18: [basecommands.smx] "Console<0><Console><Console>" changed cvar (cvar "versus_boss_flow_max_finale") (value "0.2")
L 12/17/2020 - 00:04:18: [basecommands.smx] "Console<0><Console><Console>" changed cvar (cvar "boomer_vomit_delay") (value "0.1")
L 12/17/2020 - 00:04:18: [basecommands.smx] "Console<0><Console><Console>" changed cvar (cvar "smoker_tongue_delay") (value "0.1")
L 12/17/2020 - 00:04:18: [basecommands.smx] "Console<0><Console><Console>" changed cvar (cvar "vs_survival_bonus") (value "35")
L 12/17/2020 - 00:04:18: [basecommands.smx] "Console<0><Console><Console>" changed cvar (cvar "z_tank_throw_health") (value "10")
L 12/17/2020 - 00:04:18: [basecommands.smx] "Console<0><Console><Console>" changed cvar (cvar "sv_client_min_interp_ratio") (value "-1")
L 12/17/2020 - 00:04:18: [basecommands.smx] "Console<0><Console><Console>" changed cvar (cvar "sv_client_max_interp_ratio") (value "0")
L 12/17/2020 - 00:04:18: [basecommands.smx] "Console<0><Console><Console>" changed cvar (cvar "sv_minrate") (value "100000")
L 12/17/2020 - 00:04:18: [basecommands.smx] "Console<0><Console><Console>" changed cvar (cvar "sv_maxrate") (value "100000")
L 12/17/2020 - 00:04:18: [basecommands.smx] "Console<0><Console><Console>" changed cvar (cvar "sv_mincmdrate") (value "100")
L 12/17/2020 - 00:04:18: [basecommands.smx] "Console<0><Console><Console>" changed cvar (cvar "sv_maxcmdrate") (value "100")
L 12/17/2020 - 00:04:18: [basecommands.smx] "Console<0><Console><Console>" changed cvar (cvar "sv_minupdaterate") (value "100")
L 12/17/2020 - 00:04:18: [basecommands.smx] "Console<0><Console><Console>" changed cvar (cvar "sv_maxupdaterate") (value "100")
L 12/17/2020 - 00:04:18: [basecommands.smx] "Console<0><Console><Console>" changed cvar (cvar "nb_update_frequency") (value "0.014")
L 12/17/2020 - 00:04:18: [basecommands.smx] "Console<0><Console><Console>" changed cvar (cvar "net_splitpacket_maxrate") (value "50000")
L 12/17/2020 - 00:04:18: [basecommands.smx] "Console<0><Console><Console>" changed cvar (cvar "fps_max") (value "0")
L 12/17/2020 - 00:04:18: [basecommands.smx] "Console<0><Console><Console>" changed cvar (cvar "hostname") (value "Versus")
L 12/17/2020 - 00:06:22: [l4d2_skill_detect.smx] Clear: 4 freed 5 from 2: time: 7.36 / -1.00 -- class: jockey (with shove? 0)
L 12/17/2020 - 00:07:55: [l4d2_skill_detect.smx] Clear: 3 freed 4 from 2: time: 0.97 / -1.00 -- class: hunter (with shove? 0)
L 12/17/2020 - 00:09:16: [l4d2_skill_detect.smx] Clear: 4 freed 7 from 1: time: 1.02 / -1.00 -- class: jockey (with shove? 0)
L 12/17/2020 - 00:10:15: [l4d2_skill_detect.smx] Clear: 3 freed 7 from 1: time: 2.64 / -1.00 -- class: jockey (with shove? 0)
L 12/17/2020 - 00:10:50: [l4d2_skill_detect.smx] Clear: 3 freed 4 from 8: time: 1.47 / -1.00 -- class: hunter (with shove? 0)
L 12/17/2020 - 00:10:55: [l4d2_skill_detect.smx] Clear: 3 freed 5 from 6: time: 5.27 / -1.00 -- class: jockey (with shove? 0)
L 12/17/2020 - 00:11:47: [l4d2_skill_detect.smx] Clear: 3 freed 5 from 2: time: 2.20 / -1.00 -- class: hunter (with shove? 0)
L 12/17/2020 - 00:12:14: [l4d2_skill_detect.smx] Clear: 3 freed 5 from 8: time: 3.51 / -1.00 -- class: jockey (with shove? 0)
L 12/17/2020 - 00:13:32: [l4d2_skill_detect.smx] Clear: 3 freed 5 from 4: time: 12.04 / -1.00 -- class: hunter (with shove? 1)
L 12/17/2020 - 00:14:24: [l4d2_skill_detect.smx] Clear: 1 freed 4 from 3: time: 1.83 / -1.00 -- class: hunter (with shove? 0)
L 12/17/2020 - 00:14:53: [basecommands.smx] "♛ Rain ♛<2><STEAM_1:0:162762726><>" kicked "olmosfacundo47<257><STEAM_1:0:535051710><>" (reason "")
L 12/17/2020 - 00:16:09: [l4d2_skill_detect.smx] Clear: 1 freed 6 from 7: time: 1.28 / -1.00 -- class: hunter (with shove? 0)
L 12/17/2020 - 00:16:13: [l4d2_skill_detect.smx] Clear: 6 freed 1 from 3: time: 0.92 / -1.00 -- class: jockey (with shove? 1)
L 12/17/2020 - 00:17:17: [l4d2_skill_detect.smx] Clear: 2 freed 9 from 7: time: 0.71 / 2.72 -- class: smoker (with shove? 0)
L 12/17/2020 - 00:17:34: [l4d2_skill_detect.smx] Clear: 9 freed 2 from 7: time: -1.00 / 1.44 -- class: smoker (with shove? 1)
L 12/17/2020 - 00:17:40: [l4d2_skill_detect.smx] Clear: 4 freed 1 from 8: time: 1.83 / -1.00 -- class: hunter (with shove? 0)
L 12/17/2020 - 00:17:51: [l4d2_skill_detect.smx] Charge carry start: 5 - 9 -- time: 810.69
L 12/17/2020 - 00:17:54: [l4d2_skill_detect.smx] Clear: 1 freed 9 from 5: time: 1.92 / 2.82 -- class: charger (with shove? 0)
L 12/17/2020 - 00:17:54: [l4d2_skill_detect.smx] Checking charge victim: 5 - 9 - flags: 1 (alive? 1)
L 12/17/2020 - 00:17:55: [l4d2_skill_detect.smx] Checking charge victim: 5 - 2 - flags: 0 (alive? 1)
L 12/17/2020 - 00:17:56: [l4d2_skill_detect.smx] Clear: 1 freed 4 from 7: time: 3.21 / 5.04 -- class: smoker (with shove? 0)
L 12/17/2020 - 00:18:23: [l4d2_skill_detect.smx] Clear: 1 freed 4 from 3: time: 1.13 / -1.00 -- class: hunter (with shove? 0)
L 12/17/2020 - 00:18:54: [l4d2_skill_detect.smx] Charge carry start: 3 - 2 -- time: 873.48
L 12/17/2020 - 00:18:56: [l4d2_skill_detect.smx] Clear: 0 freed 4 from 3: time: 0.00 / 2.13 -- class: charger (with shove? 0)
L 12/17/2020 - 00:18:57: [l4d2_skill_detect.smx] Checking charge victim: 3 - 2 - flags: 61 (alive? 0)
L 12/17/2020 - 00:19:17: [l4d2_skill_detect.smx] Clear: 9 freed 1 from 5: time: 9.23 / -1.00 -- class: hunter (with shove? 1)
L 12/17/2020 - 00:19:47: Log file closed.
