L 06/09/2021 - 17:42:32: SourceMod log file session started (file "D:\Steam\steamapps\common\Left 4 Dead 2\left4dead2\addons\sourcemod\logs\L20210609.log") (Version "1.10.0.6492")
L 06/09/2021 - 17:42:32: [simplewelcomemsg.smx] Set the maximum number of lines of.
L 06/09/2021 - 17:42:39: [basecommands.smx] "Console<0><Console><Console>" changed cvar (cvar "sv_force_time_of_day") (value "0")
L 06/09/2021 - 17:42:39: [basecommands.smx] "Console<0><Console><Console>" changed cvar (cvar "z_witch_damage_per_kill_hit") (value "120")
L 06/09/2021 - 17:42:39: [basecommands.smx] "Console<0><Console><Console>" changed cvar (cvar "z_witch_anger_rate") (value "0.4")
L 06/09/2021 - 17:42:39: [basecommands.smx] "Console<0><Console><Console>" changed cvar (cvar "z_witch_flashlight_range") (value "2000")
L 06/09/2021 - 17:42:39: [basecommands.smx] "Console<0><Console><Console>" changed cvar (cvar "z_witch_burn_time") (value "100")
L 06/09/2021 - 17:42:39: [basecommands.smx] "Console<0><Console><Console>" changed cvar (cvar "z_tank_health") (value "4000")
L 06/09/2021 - 17:42:39: [basecommands.smx] "Console<0><Console><Console>" changed cvar (cvar "z_ghost_delay_min") (value "15")
L 06/09/2021 - 17:42:39: [basecommands.smx] "Console<0><Console><Console>" changed cvar (cvar "z_ghost_delay_max") (value "15")
L 06/09/2021 - 17:42:39: [basecommands.smx] "Console<0><Console><Console>" changed cvar (cvar "z_hunter_limit") (value "1")
L 06/09/2021 - 17:42:39: [basecommands.smx] "Console<0><Console><Console>" changed cvar (cvar "z_smoker_limit") (value "1")
L 06/09/2021 - 17:42:39: [basecommands.smx] "Console<0><Console><Console>" changed cvar (cvar "z_jockey_limit") (value "1")
L 06/09/2021 - 17:42:39: [basecommands.smx] "Console<0><Console><Console>" changed cvar (cvar "versus_tank_chance_intro") (value "1")
L 06/09/2021 - 17:42:39: [basecommands.smx] "Console<0><Console><Console>" changed cvar (cvar "versus_tank_chance_finale") (value "1")
L 06/09/2021 - 17:42:39: [basecommands.smx] "Console<0><Console><Console>" changed cvar (cvar "versus_tank_chance") (value "1")
L 06/09/2021 - 17:42:39: [basecommands.smx] "Console<0><Console><Console>" changed cvar (cvar "versus_witch_chance_intro") (value "0")
L 06/09/2021 - 17:42:39: [basecommands.smx] "Console<0><Console><Console>" changed cvar (cvar "versus_witch_chance_finale") (value "0")
L 06/09/2021 - 17:42:39: [basecommands.smx] "Console<0><Console><Console>" changed cvar (cvar "versus_witch_chance") (value "1")
L 06/09/2021 - 17:42:39: [basecommands.smx] "Console<0><Console><Console>" changed cvar (cvar "director_force_tank") (value "1")
L 06/09/2021 - 17:42:39: [basecommands.smx] "Console<0><Console><Console>" changed cvar (cvar "versus_boss_flow_min") (value "0.4")
L 06/09/2021 - 17:42:39: [basecommands.smx] "Console<0><Console><Console>" changed cvar (cvar "versus_boss_flow_max") (value "0.6")
L 06/09/2021 - 17:42:39: [basecommands.smx] "Console<0><Console><Console>" changed cvar (cvar "versus_boss_flow_min_intro") (value "0.1")
L 06/09/2021 - 17:42:39: [basecommands.smx] "Console<0><Console><Console>" changed cvar (cvar "versus_boss_flow_max_intro") (value "0.2")
L 06/09/2021 - 17:42:39: [basecommands.smx] "Console<0><Console><Console>" changed cvar (cvar "versus_boss_flow_min_finale") (value "0.1")
L 06/09/2021 - 17:42:39: [basecommands.smx] "Console<0><Console><Console>" changed cvar (cvar "versus_boss_flow_max_finale") (value "0.2")
L 06/09/2021 - 17:42:39: [basecommands.smx] "Console<0><Console><Console>" changed cvar (cvar "boomer_vomit_delay") (value "0.1")
L 06/09/2021 - 17:42:39: [basecommands.smx] "Console<0><Console><Console>" changed cvar (cvar "smoker_tongue_delay") (value "0.1")
L 06/09/2021 - 17:42:39: [basecommands.smx] "Console<0><Console><Console>" changed cvar (cvar "vs_survival_bonus") (value "35")
L 06/09/2021 - 17:42:39: [basecommands.smx] "Console<0><Console><Console>" changed cvar (cvar "z_tank_throw_health") (value "10")
L 06/09/2021 - 17:42:39: [basecommands.smx] "Console<0><Console><Console>" changed cvar (cvar "sv_client_min_interp_ratio") (value "-1")
L 06/09/2021 - 17:42:39: [basecommands.smx] "Console<0><Console><Console>" changed cvar (cvar "sv_client_max_interp_ratio") (value "0")
L 06/09/2021 - 17:42:39: [basecommands.smx] "Console<0><Console><Console>" changed cvar (cvar "sv_minrate") (value "100000")
L 06/09/2021 - 17:42:39: [basecommands.smx] "Console<0><Console><Console>" changed cvar (cvar "sv_maxrate") (value "100000")
L 06/09/2021 - 17:42:39: [basecommands.smx] "Console<0><Console><Console>" changed cvar (cvar "sv_mincmdrate") (value "100")
L 06/09/2021 - 17:42:39: [basecommands.smx] "Console<0><Console><Console>" changed cvar (cvar "sv_maxcmdrate") (value "100")
L 06/09/2021 - 17:42:39: [basecommands.smx] "Console<0><Console><Console>" changed cvar (cvar "sv_minupdaterate") (value "100")
L 06/09/2021 - 17:42:39: [basecommands.smx] "Console<0><Console><Console>" changed cvar (cvar "sv_maxupdaterate") (value "100")
L 06/09/2021 - 17:42:39: [basecommands.smx] "Console<0><Console><Console>" changed cvar (cvar "nb_update_frequency") (value "0.014")
L 06/09/2021 - 17:42:39: [basecommands.smx] "Console<0><Console><Console>" changed cvar (cvar "net_splitpacket_maxrate") (value "50000")
L 06/09/2021 - 17:42:39: [basecommands.smx] "Console<0><Console><Console>" changed cvar (cvar "fps_max") (value "0")
L 06/09/2021 - 17:42:39: [basecommands.smx] "Console<0><Console><Console>" changed cvar (cvar "hostname") (value "Versus")
L 06/09/2021 - 17:45:53: [l4d2_skill_detect.smx] Clear: 2 freed 1 from 6: time: 1.35 / -1.00 -- class: hunter (with shove? 0)
L 06/09/2021 - 17:46:28: [l4d2_skill_detect.smx] Charge carry start: 3 - 4 -- time: 229.45
L 06/09/2021 - 17:46:32: [l4d2_skill_detect.smx] Checking charge victim: 3 - 4 - flags: 1 (alive? 1)
L 06/09/2021 - 17:46:32: [l4d2_skill_detect.smx] Checking charge victim: 3 - 2 - flags: 0 (alive? 1)
L 06/09/2021 - 17:46:33: [l4d2_skill_detect.smx] Clear: 5 freed 4 from 3: time: 3.21 / 4.52 -- class: charger (with shove? 0)
L 06/09/2021 - 17:46:59: [admin_hp.smx]  
L 06/09/2021 - 17:47:53: [l4d2_skill_detect.smx] Clear: 1 freed 5 from 3: time: -1.00 / 0.75 -- class: smoker (with shove? 0)
L 06/09/2021 - 17:48:32: -------- Mapchange to c11m1_greenhouse --------
L 06/09/2021 - 17:48:36: [basecommands.smx] "Console<0><Console><Console>" changed cvar (cvar "sv_force_time_of_day") (value "0")
L 06/09/2021 - 17:48:36: [basecommands.smx] "Console<0><Console><Console>" changed cvar (cvar "z_witch_damage_per_kill_hit") (value "120")
L 06/09/2021 - 17:48:36: [basecommands.smx] "Console<0><Console><Console>" changed cvar (cvar "z_witch_anger_rate") (value "0.4")
L 06/09/2021 - 17:48:36: [basecommands.smx] "Console<0><Console><Console>" changed cvar (cvar "z_witch_flashlight_range") (value "2000")
L 06/09/2021 - 17:48:36: [basecommands.smx] "Console<0><Console><Console>" changed cvar (cvar "z_witch_burn_time") (value "100")
L 06/09/2021 - 17:48:36: [basecommands.smx] "Console<0><Console><Console>" changed cvar (cvar "z_tank_health") (value "4000")
L 06/09/2021 - 17:48:36: [basecommands.smx] "Console<0><Console><Console>" changed cvar (cvar "z_ghost_delay_min") (value "15")
L 06/09/2021 - 17:48:36: [basecommands.smx] "Console<0><Console><Console>" changed cvar (cvar "z_ghost_delay_max") (value "15")
L 06/09/2021 - 17:48:36: [basecommands.smx] "Console<0><Console><Console>" changed cvar (cvar "z_hunter_limit") (value "1")
L 06/09/2021 - 17:48:36: [basecommands.smx] "Console<0><Console><Console>" changed cvar (cvar "z_smoker_limit") (value "1")
L 06/09/2021 - 17:48:36: [basecommands.smx] "Console<0><Console><Console>" changed cvar (cvar "z_jockey_limit") (value "1")
L 06/09/2021 - 17:48:36: [basecommands.smx] "Console<0><Console><Console>" changed cvar (cvar "versus_tank_chance_intro") (value "1")
L 06/09/2021 - 17:48:36: [basecommands.smx] "Console<0><Console><Console>" changed cvar (cvar "versus_tank_chance_finale") (value "1")
L 06/09/2021 - 17:48:36: [basecommands.smx] "Console<0><Console><Console>" changed cvar (cvar "versus_tank_chance") (value "1")
L 06/09/2021 - 17:48:36: [basecommands.smx] "Console<0><Console><Console>" changed cvar (cvar "versus_witch_chance_intro") (value "0")
L 06/09/2021 - 17:48:36: [basecommands.smx] "Console<0><Console><Console>" changed cvar (cvar "versus_witch_chance_finale") (value "0")
L 06/09/2021 - 17:48:36: [basecommands.smx] "Console<0><Console><Console>" changed cvar (cvar "versus_witch_chance") (value "1")
L 06/09/2021 - 17:48:36: [basecommands.smx] "Console<0><Console><Console>" changed cvar (cvar "director_force_tank") (value "1")
L 06/09/2021 - 17:48:36: [basecommands.smx] "Console<0><Console><Console>" changed cvar (cvar "versus_boss_flow_min") (value "0.4")
L 06/09/2021 - 17:48:36: [basecommands.smx] "Console<0><Console><Console>" changed cvar (cvar "versus_boss_flow_max") (value "0.6")
L 06/09/2021 - 17:48:36: [basecommands.smx] "Console<0><Console><Console>" changed cvar (cvar "versus_boss_flow_min_intro") (value "0.1")
L 06/09/2021 - 17:48:36: [basecommands.smx] "Console<0><Console><Console>" changed cvar (cvar "versus_boss_flow_max_intro") (value "0.2")
L 06/09/2021 - 17:48:36: [basecommands.smx] "Console<0><Console><Console>" changed cvar (cvar "versus_boss_flow_min_finale") (value "0.1")
L 06/09/2021 - 17:48:36: [basecommands.smx] "Console<0><Console><Console>" changed cvar (cvar "versus_boss_flow_max_finale") (value "0.2")
L 06/09/2021 - 17:48:36: [basecommands.smx] "Console<0><Console><Console>" changed cvar (cvar "boomer_vomit_delay") (value "0.1")
L 06/09/2021 - 17:48:36: [basecommands.smx] "Console<0><Console><Console>" changed cvar (cvar "smoker_tongue_delay") (value "0.1")
L 06/09/2021 - 17:48:36: [basecommands.smx] "Console<0><Console><Console>" changed cvar (cvar "vs_survival_bonus") (value "35")
L 06/09/2021 - 17:48:36: [basecommands.smx] "Console<0><Console><Console>" changed cvar (cvar "z_tank_throw_health") (value "10")
L 06/09/2021 - 17:48:36: [basecommands.smx] "Console<0><Console><Console>" changed cvar (cvar "sv_client_min_interp_ratio") (value "-1")
L 06/09/2021 - 17:48:36: [basecommands.smx] "Console<0><Console><Console>" changed cvar (cvar "sv_client_max_interp_ratio") (value "0")
L 06/09/2021 - 17:48:36: [basecommands.smx] "Console<0><Console><Console>" changed cvar (cvar "sv_minrate") (value "100000")
L 06/09/2021 - 17:48:36: [basecommands.smx] "Console<0><Console><Console>" changed cvar (cvar "sv_maxrate") (value "100000")
L 06/09/2021 - 17:48:36: [basecommands.smx] "Console<0><Console><Console>" changed cvar (cvar "sv_mincmdrate") (value "100")
L 06/09/2021 - 17:48:36: [basecommands.smx] "Console<0><Console><Console>" changed cvar (cvar "sv_maxcmdrate") (value "100")
L 06/09/2021 - 17:48:36: [basecommands.smx] "Console<0><Console><Console>" changed cvar (cvar "sv_minupdaterate") (value "100")
L 06/09/2021 - 17:48:36: [basecommands.smx] "Console<0><Console><Console>" changed cvar (cvar "sv_maxupdaterate") (value "100")
L 06/09/2021 - 17:48:36: [basecommands.smx] "Console<0><Console><Console>" changed cvar (cvar "nb_update_frequency") (value "0.014")
L 06/09/2021 - 17:48:36: [basecommands.smx] "Console<0><Console><Console>" changed cvar (cvar "net_splitpacket_maxrate") (value "50000")
L 06/09/2021 - 17:48:36: [basecommands.smx] "Console<0><Console><Console>" changed cvar (cvar "fps_max") (value "0")
L 06/09/2021 - 17:48:36: [basecommands.smx] "Console<0><Console><Console>" changed cvar (cvar "hostname") (value "Versus")
L 06/09/2021 - 17:49:40: [l4d2_skill_detect.smx] Charge carry start: 7 - 3 -- time: 62.37
L 06/09/2021 - 17:49:41: [l4d2_skill_detect.smx] Clear: 1 freed 3 from 7: time: 0.29 / 1.17 -- class: charger (with shove? 0)
L 06/09/2021 - 17:49:43: [l4d2_skill_detect.smx] Checking charge victim: 7 - 3 - flags: 1 (alive? 1)
L 06/09/2021 - 17:49:43: [l4d2_skill_detect.smx] Clear: 2 freed 3 from 6: time: -1.00 / 0.35 -- class: smoker (with shove? 0)
L 06/09/2021 - 17:50:05: [l4d2_skill_detect.smx] Clear: 2 freed 4 from 7: time: 0.29 / -1.00 -- class: jockey (with shove? 0)
L 06/09/2021 - 17:50:15: [l4d2_skill_detect.smx] Clear: 1 freed 4 from 5: time: 0.68 / -1.00 -- class: hunter (with shove? 0)
L 06/09/2021 - 17:50:48: [basecommands.smx] "McLovin™<3><STEAM_1:1:4151444><>" changed cvar (cvar "vs_max_team_switches") (value "0")
L 06/09/2021 - 17:50:48: [basecommands.smx] "McLovin™<3><STEAM_1:1:4151444><>" changed cvar (cvar "vs_max_team_switches") (value "5")
L 06/09/2021 - 17:51:29: [basecommands.smx] "♛ Rain ♛<2><STEAM_1:0:162762726><>" changed cvar (cvar "vs_max_team_switches") (value "0")
L 06/09/2021 - 17:51:34: [admin_hp.smx]  
L 06/09/2021 - 17:52:13: [l4d2_skill_detect.smx] Clear: 1 freed 10 from 6: time: 2.19 / -1.00 -- class: hunter (with shove? 0)
L 06/09/2021 - 17:55:14: [l4d2_skill_detect.smx] Clear: 3 freed 8 from 1: time: 1.83 / -1.00 -- class: hunter (with shove? 1)
L 06/09/2021 - 17:57:50: -------- Mapchange to c11m2_offices --------
L 06/09/2021 - 17:57:53: [basecommands.smx] "Console<0><Console><Console>" changed cvar (cvar "sv_force_time_of_day") (value "0")
L 06/09/2021 - 17:57:53: [basecommands.smx] "Console<0><Console><Console>" changed cvar (cvar "z_witch_damage_per_kill_hit") (value "120")
L 06/09/2021 - 17:57:53: [basecommands.smx] "Console<0><Console><Console>" changed cvar (cvar "z_witch_anger_rate") (value "0.4")
L 06/09/2021 - 17:57:53: [basecommands.smx] "Console<0><Console><Console>" changed cvar (cvar "z_witch_flashlight_range") (value "2000")
L 06/09/2021 - 17:57:53: [basecommands.smx] "Console<0><Console><Console>" changed cvar (cvar "z_witch_burn_time") (value "100")
L 06/09/2021 - 17:57:53: [basecommands.smx] "Console<0><Console><Console>" changed cvar (cvar "z_tank_health") (value "4000")
L 06/09/2021 - 17:57:53: [basecommands.smx] "Console<0><Console><Console>" changed cvar (cvar "z_ghost_delay_min") (value "15")
L 06/09/2021 - 17:57:53: [basecommands.smx] "Console<0><Console><Console>" changed cvar (cvar "z_ghost_delay_max") (value "15")
L 06/09/2021 - 17:57:53: [basecommands.smx] "Console<0><Console><Console>" changed cvar (cvar "z_hunter_limit") (value "1")
L 06/09/2021 - 17:57:53: [basecommands.smx] "Console<0><Console><Console>" changed cvar (cvar "z_smoker_limit") (value "1")
L 06/09/2021 - 17:57:53: [basecommands.smx] "Console<0><Console><Console>" changed cvar (cvar "z_jockey_limit") (value "1")
L 06/09/2021 - 17:57:53: [basecommands.smx] "Console<0><Console><Console>" changed cvar (cvar "versus_tank_chance_intro") (value "1")
L 06/09/2021 - 17:57:53: [basecommands.smx] "Console<0><Console><Console>" changed cvar (cvar "versus_tank_chance_finale") (value "1")
L 06/09/2021 - 17:57:53: [basecommands.smx] "Console<0><Console><Console>" changed cvar (cvar "versus_tank_chance") (value "1")
L 06/09/2021 - 17:57:53: [basecommands.smx] "Console<0><Console><Console>" changed cvar (cvar "versus_witch_chance_intro") (value "0")
L 06/09/2021 - 17:57:53: [basecommands.smx] "Console<0><Console><Console>" changed cvar (cvar "versus_witch_chance_finale") (value "0")
L 06/09/2021 - 17:57:53: [basecommands.smx] "Console<0><Console><Console>" changed cvar (cvar "versus_witch_chance") (value "1")
L 06/09/2021 - 17:57:53: [basecommands.smx] "Console<0><Console><Console>" changed cvar (cvar "director_force_tank") (value "1")
L 06/09/2021 - 17:57:53: [basecommands.smx] "Console<0><Console><Console>" changed cvar (cvar "versus_boss_flow_min") (value "0.4")
L 06/09/2021 - 17:57:53: [basecommands.smx] "Console<0><Console><Console>" changed cvar (cvar "versus_boss_flow_max") (value "0.6")
L 06/09/2021 - 17:57:53: [basecommands.smx] "Console<0><Console><Console>" changed cvar (cvar "versus_boss_flow_min_intro") (value "0.1")
L 06/09/2021 - 17:57:53: [basecommands.smx] "Console<0><Console><Console>" changed cvar (cvar "versus_boss_flow_max_intro") (value "0.2")
L 06/09/2021 - 17:57:53: [basecommands.smx] "Console<0><Console><Console>" changed cvar (cvar "versus_boss_flow_min_finale") (value "0.1")
L 06/09/2021 - 17:57:53: [basecommands.smx] "Console<0><Console><Console>" changed cvar (cvar "versus_boss_flow_max_finale") (value "0.2")
L 06/09/2021 - 17:57:53: [basecommands.smx] "Console<0><Console><Console>" changed cvar (cvar "boomer_vomit_delay") (value "0.1")
L 06/09/2021 - 17:57:53: [basecommands.smx] "Console<0><Console><Console>" changed cvar (cvar "smoker_tongue_delay") (value "0.1")
L 06/09/2021 - 17:57:53: [basecommands.smx] "Console<0><Console><Console>" changed cvar (cvar "vs_survival_bonus") (value "35")
L 06/09/2021 - 17:57:53: [basecommands.smx] "Console<0><Console><Console>" changed cvar (cvar "z_tank_throw_health") (value "10")
L 06/09/2021 - 17:57:53: [basecommands.smx] "Console<0><Console><Console>" changed cvar (cvar "sv_client_min_interp_ratio") (value "-1")
L 06/09/2021 - 17:57:53: [basecommands.smx] "Console<0><Console><Console>" changed cvar (cvar "sv_client_max_interp_ratio") (value "0")
L 06/09/2021 - 17:57:53: [basecommands.smx] "Console<0><Console><Console>" changed cvar (cvar "sv_minrate") (value "100000")
L 06/09/2021 - 17:57:53: [basecommands.smx] "Console<0><Console><Console>" changed cvar (cvar "sv_maxrate") (value "100000")
L 06/09/2021 - 17:57:53: [basecommands.smx] "Console<0><Console><Console>" changed cvar (cvar "sv_mincmdrate") (value "100")
L 06/09/2021 - 17:57:53: [basecommands.smx] "Console<0><Console><Console>" changed cvar (cvar "sv_maxcmdrate") (value "100")
L 06/09/2021 - 17:57:53: [basecommands.smx] "Console<0><Console><Console>" changed cvar (cvar "sv_minupdaterate") (value "100")
L 06/09/2021 - 17:57:53: [basecommands.smx] "Console<0><Console><Console>" changed cvar (cvar "sv_maxupdaterate") (value "100")
L 06/09/2021 - 17:57:53: [basecommands.smx] "Console<0><Console><Console>" changed cvar (cvar "nb_update_frequency") (value "0.014")
L 06/09/2021 - 17:57:53: [basecommands.smx] "Console<0><Console><Console>" changed cvar (cvar "net_splitpacket_maxrate") (value "50000")
L 06/09/2021 - 17:57:53: [basecommands.smx] "Console<0><Console><Console>" changed cvar (cvar "fps_max") (value "0")
L 06/09/2021 - 17:57:53: [basecommands.smx] "Console<0><Console><Console>" changed cvar (cvar "hostname") (value "Versus")
L 06/09/2021 - 18:00:04: [l4d2_skill_detect.smx] Charge carry start: 8 - 3 -- time: 128.72
L 06/09/2021 - 18:00:07: [l4d2_skill_detect.smx] Checking charge victim: 8 - 3 - flags: 1 (alive? 1)
L 06/09/2021 - 18:00:08: [l4d2_skill_detect.smx] Clear: 1 freed 3 from 8: time: 2.61 / 3.36 -- class: charger (with shove? 0)
L 06/09/2021 - 18:00:27: [l4d2_skill_detect.smx] Charge carry start: 6 - 1 -- time: 151.36
L 06/09/2021 - 18:00:27: [l4d2_skill_detect.smx] Clear: 2 freed 2 from 11: time: 0.00 / -1.00 -- class: jockey (with shove? 1)
L 06/09/2021 - 18:00:29: [l4d2_skill_detect.smx] Clear: 10 freed 1 from 6: time: 1.66 / 2.52 -- class: charger (with shove? 0)
L 06/09/2021 - 18:00:30: [l4d2_skill_detect.smx] Checking charge victim: 6 - 1 - flags: 1 (alive? 1)
L 06/09/2021 - 18:00:54: [l4d2_skill_detect.smx] Clear: 1 freed 3 from 7: time: -1.00 / 1.42 -- class: smoker (with shove? 0)
L 06/09/2021 - 18:02:31: [l4d2_skill_detect.smx] Charge carry start: 5 - 6 -- time: 275.26
L 06/09/2021 - 18:02:35: [l4d2_skill_detect.smx] Checking charge victim: 5 - 6 - flags: 1 (alive? 1)
L 06/09/2021 - 18:03:08: [l4d2_skill_detect.smx] Charge carry start: 5 - 4 -- time: 312.58
L 06/09/2021 - 18:03:12: [l4d2_skill_detect.smx] Checking charge victim: 5 - 4 - flags: 1 (alive? 1)
L 06/09/2021 - 18:03:40: -------- Mapchange to c11m3_garage --------
L 06/09/2021 - 18:03:42: [basecommands.smx] "Console<0><Console><Console>" changed cvar (cvar "sv_force_time_of_day") (value "0")
L 06/09/2021 - 18:03:42: [basecommands.smx] "Console<0><Console><Console>" changed cvar (cvar "z_witch_damage_per_kill_hit") (value "120")
L 06/09/2021 - 18:03:42: [basecommands.smx] "Console<0><Console><Console>" changed cvar (cvar "z_witch_anger_rate") (value "0.4")
L 06/09/2021 - 18:03:42: [basecommands.smx] "Console<0><Console><Console>" changed cvar (cvar "z_witch_flashlight_range") (value "2000")
L 06/09/2021 - 18:03:42: [basecommands.smx] "Console<0><Console><Console>" changed cvar (cvar "z_witch_burn_time") (value "100")
L 06/09/2021 - 18:03:42: [basecommands.smx] "Console<0><Console><Console>" changed cvar (cvar "z_tank_health") (value "4000")
L 06/09/2021 - 18:03:42: [basecommands.smx] "Console<0><Console><Console>" changed cvar (cvar "z_ghost_delay_min") (value "15")
L 06/09/2021 - 18:03:42: [basecommands.smx] "Console<0><Console><Console>" changed cvar (cvar "z_ghost_delay_max") (value "15")
L 06/09/2021 - 18:03:42: [basecommands.smx] "Console<0><Console><Console>" changed cvar (cvar "z_hunter_limit") (value "1")
L 06/09/2021 - 18:03:42: [basecommands.smx] "Console<0><Console><Console>" changed cvar (cvar "z_smoker_limit") (value "1")
L 06/09/2021 - 18:03:42: [basecommands.smx] "Console<0><Console><Console>" changed cvar (cvar "z_jockey_limit") (value "1")
L 06/09/2021 - 18:03:42: [basecommands.smx] "Console<0><Console><Console>" changed cvar (cvar "versus_tank_chance_intro") (value "1")
L 06/09/2021 - 18:03:42: [basecommands.smx] "Console<0><Console><Console>" changed cvar (cvar "versus_tank_chance_finale") (value "1")
L 06/09/2021 - 18:03:42: [basecommands.smx] "Console<0><Console><Console>" changed cvar (cvar "versus_tank_chance") (value "1")
L 06/09/2021 - 18:03:43: [basecommands.smx] "Console<0><Console><Console>" changed cvar (cvar "versus_witch_chance_intro") (value "0")
L 06/09/2021 - 18:03:43: [basecommands.smx] "Console<0><Console><Console>" changed cvar (cvar "versus_witch_chance_finale") (value "0")
L 06/09/2021 - 18:03:43: [basecommands.smx] "Console<0><Console><Console>" changed cvar (cvar "versus_witch_chance") (value "1")
L 06/09/2021 - 18:03:43: [basecommands.smx] "Console<0><Console><Console>" changed cvar (cvar "director_force_tank") (value "1")
L 06/09/2021 - 18:03:43: [basecommands.smx] "Console<0><Console><Console>" changed cvar (cvar "versus_boss_flow_min") (value "0.4")
L 06/09/2021 - 18:03:43: [basecommands.smx] "Console<0><Console><Console>" changed cvar (cvar "versus_boss_flow_max") (value "0.6")
L 06/09/2021 - 18:03:43: [basecommands.smx] "Console<0><Console><Console>" changed cvar (cvar "versus_boss_flow_min_intro") (value "0.1")
L 06/09/2021 - 18:03:43: [basecommands.smx] "Console<0><Console><Console>" changed cvar (cvar "versus_boss_flow_max_intro") (value "0.2")
L 06/09/2021 - 18:03:43: [basecommands.smx] "Console<0><Console><Console>" changed cvar (cvar "versus_boss_flow_min_finale") (value "0.1")
L 06/09/2021 - 18:03:43: [basecommands.smx] "Console<0><Console><Console>" changed cvar (cvar "versus_boss_flow_max_finale") (value "0.2")
L 06/09/2021 - 18:03:43: [basecommands.smx] "Console<0><Console><Console>" changed cvar (cvar "boomer_vomit_delay") (value "0.1")
L 06/09/2021 - 18:03:43: [basecommands.smx] "Console<0><Console><Console>" changed cvar (cvar "smoker_tongue_delay") (value "0.1")
L 06/09/2021 - 18:03:43: [basecommands.smx] "Console<0><Console><Console>" changed cvar (cvar "vs_survival_bonus") (value "35")
L 06/09/2021 - 18:03:43: [basecommands.smx] "Console<0><Console><Console>" changed cvar (cvar "z_tank_throw_health") (value "10")
L 06/09/2021 - 18:03:43: [basecommands.smx] "Console<0><Console><Console>" changed cvar (cvar "sv_client_min_interp_ratio") (value "-1")
L 06/09/2021 - 18:03:43: [basecommands.smx] "Console<0><Console><Console>" changed cvar (cvar "sv_client_max_interp_ratio") (value "0")
L 06/09/2021 - 18:03:43: [basecommands.smx] "Console<0><Console><Console>" changed cvar (cvar "sv_minrate") (value "100000")
L 06/09/2021 - 18:03:43: [basecommands.smx] "Console<0><Console><Console>" changed cvar (cvar "sv_maxrate") (value "100000")
L 06/09/2021 - 18:03:43: [basecommands.smx] "Console<0><Console><Console>" changed cvar (cvar "sv_mincmdrate") (value "100")
L 06/09/2021 - 18:03:43: [basecommands.smx] "Console<0><Console><Console>" changed cvar (cvar "sv_maxcmdrate") (value "100")
L 06/09/2021 - 18:03:43: [basecommands.smx] "Console<0><Console><Console>" changed cvar (cvar "sv_minupdaterate") (value "100")
L 06/09/2021 - 18:03:43: [basecommands.smx] "Console<0><Console><Console>" changed cvar (cvar "sv_maxupdaterate") (value "100")
L 06/09/2021 - 18:03:43: [basecommands.smx] "Console<0><Console><Console>" changed cvar (cvar "nb_update_frequency") (value "0.014")
L 06/09/2021 - 18:03:43: [basecommands.smx] "Console<0><Console><Console>" changed cvar (cvar "net_splitpacket_maxrate") (value "50000")
L 06/09/2021 - 18:03:43: [basecommands.smx] "Console<0><Console><Console>" changed cvar (cvar "fps_max") (value "0")
L 06/09/2021 - 18:03:43: [basecommands.smx] "Console<0><Console><Console>" changed cvar (cvar "hostname") (value "Versus")
L 06/09/2021 - 18:05:11: [l4d2_skill_detect.smx] Charge carry start: 6 - 5 -- time: 85.04
L 06/09/2021 - 18:05:13: [l4d2_skill_detect.smx] Clear: 2 freed 5 from 6: time: 0.00 / 1.91 -- class: charger (with shove? 0)
L 06/09/2021 - 18:05:15: [l4d2_skill_detect.smx] Clear: 1 freed 2 from 7: time: 1.91 / -1.00 -- class: jockey (with shove? 0)
L 06/09/2021 - 18:05:15: [l4d2_skill_detect.smx] Checking charge victim: 6 - 5 - flags: 1 (alive? 1)
L 06/09/2021 - 18:05:45: [l4d2_skill_detect.smx] Charge carry start: 7 - 1 -- time: 119.29
L 06/09/2021 - 18:05:48: [l4d2_skill_detect.smx] Checking charge victim: 7 - 1 - flags: 1 (alive? 1)
L 06/09/2021 - 18:05:52: [l4d2_skill_detect.smx] Clear: 2 freed 1 from 7: time: 5.80 / 7.20 -- class: charger (with shove? 0)
L 06/09/2021 - 18:06:22: [l4d2_skill_detect.smx] Clear: 5 freed 2 from 11: time: 5.74 / -1.00 -- class: jockey (with shove? 0)
L 06/09/2021 - 18:06:25: [l4d2_skill_detect.smx] Clear: 10 freed 1 from 4: time: 1.00 / 3.02 -- class: smoker (with shove? 1)
L 06/09/2021 - 18:06:39: [l4d2_skill_detect.smx] Clear: 1 freed 2 from 7: time: 1.20 / -1.00 -- class: hunter (with shove? 0)
L 06/09/2021 - 18:07:00: [l4d2_skill_detect.smx] Clear: 10 freed 1 from 4: time: 0.47 / 3.12 -- class: smoker (with shove? 1)
L 06/09/2021 - 18:07:24: [l4d2_skill_detect.smx] Clear: 2 freed 10 from 4: time: -1.00 / 8.71 -- class: smoker (with shove? 0)
L 06/09/2021 - 18:07:35: [l4d2_skill_detect.smx] Witch Crown Check: crown shot: 672, harrassed: 1 (full health: 1000 / drawthresh: 500 / oneshot 0)
L 06/09/2021 - 18:09:05: [l4d2_skill_detect.smx] Clear: 10 freed 1 from 8: time: -1.00 / 1.10 -- class: smoker (with shove? 0)
L 06/09/2021 - 18:09:39: [l4d2_skill_detect.smx] Clear: 2 freed 10 from 3: time: -1.00 / 3.10 -- class: smoker (with shove? 1)
L 06/09/2021 - 18:09:44: [l4d2_skill_detect.smx] Clear: 1 freed 2 from 6: time: 1.45 / -1.00 -- class: hunter (with shove? 0)
L 06/09/2021 - 18:10:17: [l4d2_skill_detect.smx] Clear: 1 freed 2 from 6: time: 1.47 / -1.00 -- class: jockey (with shove? 0)
L 06/09/2021 - 18:11:11: [l4d2_skill_detect.smx] Charge carry start: 2 - 11 -- time: 445.81
L 06/09/2021 - 18:11:15: [l4d2_skill_detect.smx] Clear: 4 freed 6 from 1: time: 3.27 / -1.00 -- class: jockey (with shove? 0)
L 06/09/2021 - 18:11:17: [l4d2_skill_detect.smx] Checking charge victim: 2 - 11 - flags: 1 (alive? 1)
L 06/09/2021 - 18:11:17: [l4d2_skill_detect.smx] Clear: 6 freed 5 from 10: time: -1.00 / 2.52 -- class: smoker (with shove? 0)
L 06/09/2021 - 18:11:18: [l4d2_skill_detect.smx] Clear: 4 freed 11 from 2: time: 3.55 / 6.86 -- class: charger (with shove? 0)
L 06/09/2021 - 18:11:55: [l4d2_skill_detect.smx] Clear: 4 freed 6 from 3: time: 0.27 / -1.00 -- class: hunter (with shove? 1)
L 06/09/2021 - 18:11:56: [l4d2_skill_detect.smx] Clear: 4 freed 6 from 3: time: 1.42 / -1.00 -- class: hunter (with shove? 0)
L 06/09/2021 - 18:12:35: [l4d2_skill_detect.smx] Charge carry start: 1 - 4 -- time: 529.14
L 06/09/2021 - 18:12:39: [l4d2_skill_detect.smx] Checking charge victim: 1 - 4 - flags: 1 (alive? 1)
L 06/09/2021 - 18:13:06: -------- Mapchange to c11m4_terminal --------
L 06/09/2021 - 18:13:09: [basecommands.smx] "Console<0><Console><Console>" changed cvar (cvar "sv_force_time_of_day") (value "0")
L 06/09/2021 - 18:13:09: [basecommands.smx] "Console<0><Console><Console>" changed cvar (cvar "z_witch_damage_per_kill_hit") (value "120")
L 06/09/2021 - 18:13:09: [basecommands.smx] "Console<0><Console><Console>" changed cvar (cvar "z_witch_anger_rate") (value "0.4")
L 06/09/2021 - 18:13:09: [basecommands.smx] "Console<0><Console><Console>" changed cvar (cvar "z_witch_flashlight_range") (value "2000")
L 06/09/2021 - 18:13:09: [basecommands.smx] "Console<0><Console><Console>" changed cvar (cvar "z_witch_burn_time") (value "100")
L 06/09/2021 - 18:13:09: [basecommands.smx] "Console<0><Console><Console>" changed cvar (cvar "z_tank_health") (value "4000")
L 06/09/2021 - 18:13:09: [basecommands.smx] "Console<0><Console><Console>" changed cvar (cvar "z_ghost_delay_min") (value "15")
L 06/09/2021 - 18:13:09: [basecommands.smx] "Console<0><Console><Console>" changed cvar (cvar "z_ghost_delay_max") (value "15")
L 06/09/2021 - 18:13:09: [basecommands.smx] "Console<0><Console><Console>" changed cvar (cvar "z_hunter_limit") (value "1")
L 06/09/2021 - 18:13:09: [basecommands.smx] "Console<0><Console><Console>" changed cvar (cvar "z_smoker_limit") (value "1")
L 06/09/2021 - 18:13:09: [basecommands.smx] "Console<0><Console><Console>" changed cvar (cvar "z_jockey_limit") (value "1")
L 06/09/2021 - 18:13:09: [basecommands.smx] "Console<0><Console><Console>" changed cvar (cvar "versus_tank_chance_intro") (value "1")
L 06/09/2021 - 18:13:09: [basecommands.smx] "Console<0><Console><Console>" changed cvar (cvar "versus_tank_chance_finale") (value "1")
L 06/09/2021 - 18:13:09: [basecommands.smx] "Console<0><Console><Console>" changed cvar (cvar "versus_tank_chance") (value "1")
L 06/09/2021 - 18:13:09: [basecommands.smx] "Console<0><Console><Console>" changed cvar (cvar "versus_witch_chance_intro") (value "0")
L 06/09/2021 - 18:13:09: [basecommands.smx] "Console<0><Console><Console>" changed cvar (cvar "versus_witch_chance_finale") (value "0")
L 06/09/2021 - 18:13:09: [basecommands.smx] "Console<0><Console><Console>" changed cvar (cvar "versus_witch_chance") (value "1")
L 06/09/2021 - 18:13:09: [basecommands.smx] "Console<0><Console><Console>" changed cvar (cvar "director_force_tank") (value "1")
L 06/09/2021 - 18:13:09: [basecommands.smx] "Console<0><Console><Console>" changed cvar (cvar "versus_boss_flow_min") (value "0.4")
L 06/09/2021 - 18:13:09: [basecommands.smx] "Console<0><Console><Console>" changed cvar (cvar "versus_boss_flow_max") (value "0.6")
L 06/09/2021 - 18:13:09: [basecommands.smx] "Console<0><Console><Console>" changed cvar (cvar "versus_boss_flow_min_intro") (value "0.1")
L 06/09/2021 - 18:13:09: [basecommands.smx] "Console<0><Console><Console>" changed cvar (cvar "versus_boss_flow_max_intro") (value "0.2")
L 06/09/2021 - 18:13:09: [basecommands.smx] "Console<0><Console><Console>" changed cvar (cvar "versus_boss_flow_min_finale") (value "0.1")
L 06/09/2021 - 18:13:09: [basecommands.smx] "Console<0><Console><Console>" changed cvar (cvar "versus_boss_flow_max_finale") (value "0.2")
L 06/09/2021 - 18:13:09: [basecommands.smx] "Console<0><Console><Console>" changed cvar (cvar "boomer_vomit_delay") (value "0.1")
L 06/09/2021 - 18:13:09: [basecommands.smx] "Console<0><Console><Console>" changed cvar (cvar "smoker_tongue_delay") (value "0.1")
L 06/09/2021 - 18:13:09: [basecommands.smx] "Console<0><Console><Console>" changed cvar (cvar "vs_survival_bonus") (value "35")
L 06/09/2021 - 18:13:09: [basecommands.smx] "Console<0><Console><Console>" changed cvar (cvar "z_tank_throw_health") (value "10")
L 06/09/2021 - 18:13:09: [basecommands.smx] "Console<0><Console><Console>" changed cvar (cvar "sv_client_min_interp_ratio") (value "-1")
L 06/09/2021 - 18:13:09: [basecommands.smx] "Console<0><Console><Console>" changed cvar (cvar "sv_client_max_interp_ratio") (value "0")
L 06/09/2021 - 18:13:09: [basecommands.smx] "Console<0><Console><Console>" changed cvar (cvar "sv_minrate") (value "100000")
L 06/09/2021 - 18:13:09: [basecommands.smx] "Console<0><Console><Console>" changed cvar (cvar "sv_maxrate") (value "100000")
L 06/09/2021 - 18:13:09: [basecommands.smx] "Console<0><Console><Console>" changed cvar (cvar "sv_mincmdrate") (value "100")
L 06/09/2021 - 18:13:09: [basecommands.smx] "Console<0><Console><Console>" changed cvar (cvar "sv_maxcmdrate") (value "100")
L 06/09/2021 - 18:13:09: [basecommands.smx] "Console<0><Console><Console>" changed cvar (cvar "sv_minupdaterate") (value "100")
L 06/09/2021 - 18:13:09: [basecommands.smx] "Console<0><Console><Console>" changed cvar (cvar "sv_maxupdaterate") (value "100")
L 06/09/2021 - 18:13:09: [basecommands.smx] "Console<0><Console><Console>" changed cvar (cvar "nb_update_frequency") (value "0.014")
L 06/09/2021 - 18:13:09: [basecommands.smx] "Console<0><Console><Console>" changed cvar (cvar "net_splitpacket_maxrate") (value "50000")
L 06/09/2021 - 18:13:09: [basecommands.smx] "Console<0><Console><Console>" changed cvar (cvar "fps_max") (value "0")
L 06/09/2021 - 18:13:09: [basecommands.smx] "Console<0><Console><Console>" changed cvar (cvar "hostname") (value "Versus")
L 06/09/2021 - 18:15:27: [l4d2_skill_detect.smx] Clear: 10 freed 6 from 3: time: 1.43 / -1.00 -- class: hunter (with shove? 0)
L 06/09/2021 - 18:16:38: [l4d2_skill_detect.smx] Charge carry start: 3 - 6 -- time: 206.55
L 06/09/2021 - 18:16:38: [l4d2_skill_detect.smx] Clear: 2 freed 10 from 4: time: -1.00 / 2.41 -- class: smoker (with shove? 1)
L 06/09/2021 - 18:16:42: [l4d2_skill_detect.smx] Checking charge victim: 3 - 6 - flags: 1 (alive? 1)
L 06/09/2021 - 18:16:44: [l4d2_skill_detect.smx] Clear: 1 freed 6 from 3: time: 5.04 / 6.22 -- class: charger (with shove? 0)
L 06/09/2021 - 18:17:41: [l4d2_skill_detect.smx] Charge carry start: 5 - 2 -- time: 269.61
L 06/09/2021 - 18:17:42: [l4d2_skill_detect.smx] Clear: 6 freed 2 from 5: time: 0.35 / 1.10 -- class: charger (with shove? 0)
L 06/09/2021 - 18:17:44: [l4d2_skill_detect.smx] Checking charge victim: 5 - 2 - flags: 1 (alive? 1)
L 06/09/2021 - 18:18:30: [l4d2_skill_detect.smx] Clear: 2 freed 6 from 7: time: 1.25 / -1.00 -- class: hunter (with shove? 0)
L 06/09/2021 - 18:18:37: [l4d2_skill_detect.smx] Clear: 2 freed 6 from 4: time: -1.00 / 2.47 -- class: smoker (with shove? 0)
L 06/09/2021 - 18:19:26: [l4d2_skill_detect.smx] Witch Crown Check: Failed: bungled: 0 / crowntype: 0 (entity: 97)
L 06/09/2021 - 18:19:26: [l4d2_skill_detect.smx] Witch Crown Check: Further details: attacker: McLovin™, attacker dmg: 830, teamless dmg: 0
L 06/09/2021 - 18:19:59: [l4d2_skill_detect.smx] Clear: 10 freed 6 from 3: time: -1.00 / 1.98 -- class: smoker (with shove? 0)
L 06/09/2021 - 18:20:03: [basecommands.smx] "♛ Rain ♛<2><STEAM_1:0:162762726><>" changed cvar (cvar "vs_max_team_switches") (value "5")
L 06/09/2021 - 18:20:25: [l4d2_skill_detect.smx] Clear: 2 freed 10 from 3: time: 1.46 / 3.48 -- class: smoker (with shove? 1)
L 06/09/2021 - 18:20:28: [l4d2_skill_detect.smx] Clear: 10 freed 2 from 11: time: 1.79 / -1.00 -- class: jockey (with shove? 0)
L 06/09/2021 - 18:20:29: [l4d2_skill_detect.smx] Charge carry start: 5 - 2 -- time: 437.06
L 06/09/2021 - 18:20:31: [l4d2_skill_detect.smx] Checking charge victim: 5 - 2 - flags: 1 (alive? 1)
L 06/09/2021 - 18:22:09: [l4d2_skill_detect.smx] Charge carry start: 2 - 11 -- time: 537.53
L 06/09/2021 - 18:22:12: [l4d2_skill_detect.smx] Clear: 5 freed 11 from 2: time: 2.00 / 2.80 -- class: charger (with shove? 0)
L 06/09/2021 - 18:22:12: [l4d2_skill_detect.smx] Checking charge victim: 2 - 11 - flags: 1 (alive? 1)
L 06/09/2021 - 18:22:28: [l4d2_skill_detect.smx] Clear: 11 freed 3 from 6: time: 13.84 / 18.34 -- class: smoker (with shove? 0)
L 06/09/2021 - 18:22:35: [l4d2_skill_detect.smx] Clear: 3 freed 5 from 1: time: 21.64 / -1.00 -- class: hunter (with shove? 0)
L 06/09/2021 - 18:23:21: [l4d2_skill_detect.smx] Charge carry start: 1 - 4 -- time: 609.20
L 06/09/2021 - 18:23:25: [l4d2_skill_detect.smx] Checking charge victim: 1 - 4 - flags: 1 (alive? 1)
L 06/09/2021 - 18:23:26: [l4d2_skill_detect.smx] Clear: 3 freed 4 from 1: time: 3.21 / 4.84 -- class: charger (with shove? 0)
L 06/09/2021 - 18:23:30: [l4d2_skill_detect.smx] Clear: 4 freed 3 from 10: time: 3.23 / -1.00 -- class: hunter (with shove? 0)
L 06/09/2021 - 18:24:01: -------- Mapchange to c11m5_runway --------
L 06/09/2021 - 18:24:04: [basecommands.smx] "Console<0><Console><Console>" changed cvar (cvar "sv_force_time_of_day") (value "0")
L 06/09/2021 - 18:24:04: [basecommands.smx] "Console<0><Console><Console>" changed cvar (cvar "z_witch_damage_per_kill_hit") (value "120")
L 06/09/2021 - 18:24:04: [basecommands.smx] "Console<0><Console><Console>" changed cvar (cvar "z_witch_anger_rate") (value "0.4")
L 06/09/2021 - 18:24:04: [basecommands.smx] "Console<0><Console><Console>" changed cvar (cvar "z_witch_flashlight_range") (value "2000")
L 06/09/2021 - 18:24:04: [basecommands.smx] "Console<0><Console><Console>" changed cvar (cvar "z_witch_burn_time") (value "100")
L 06/09/2021 - 18:24:04: [basecommands.smx] "Console<0><Console><Console>" changed cvar (cvar "z_tank_health") (value "4000")
L 06/09/2021 - 18:24:04: [basecommands.smx] "Console<0><Console><Console>" changed cvar (cvar "z_ghost_delay_min") (value "15")
L 06/09/2021 - 18:24:04: [basecommands.smx] "Console<0><Console><Console>" changed cvar (cvar "z_ghost_delay_max") (value "15")
L 06/09/2021 - 18:24:04: [basecommands.smx] "Console<0><Console><Console>" changed cvar (cvar "z_hunter_limit") (value "1")
L 06/09/2021 - 18:24:04: [basecommands.smx] "Console<0><Console><Console>" changed cvar (cvar "z_smoker_limit") (value "1")
L 06/09/2021 - 18:24:04: [basecommands.smx] "Console<0><Console><Console>" changed cvar (cvar "z_jockey_limit") (value "1")
L 06/09/2021 - 18:24:04: [basecommands.smx] "Console<0><Console><Console>" changed cvar (cvar "versus_tank_chance_intro") (value "1")
L 06/09/2021 - 18:24:04: [basecommands.smx] "Console<0><Console><Console>" changed cvar (cvar "versus_tank_chance_finale") (value "1")
L 06/09/2021 - 18:24:04: [basecommands.smx] "Console<0><Console><Console>" changed cvar (cvar "versus_tank_chance") (value "1")
L 06/09/2021 - 18:24:04: [basecommands.smx] "Console<0><Console><Console>" changed cvar (cvar "versus_witch_chance_intro") (value "0")
L 06/09/2021 - 18:24:04: [basecommands.smx] "Console<0><Console><Console>" changed cvar (cvar "versus_witch_chance_finale") (value "0")
L 06/09/2021 - 18:24:04: [basecommands.smx] "Console<0><Console><Console>" changed cvar (cvar "versus_witch_chance") (value "1")
L 06/09/2021 - 18:24:04: [basecommands.smx] "Console<0><Console><Console>" changed cvar (cvar "director_force_tank") (value "1")
L 06/09/2021 - 18:24:04: [basecommands.smx] "Console<0><Console><Console>" changed cvar (cvar "versus_boss_flow_min") (value "0.4")
L 06/09/2021 - 18:24:04: [basecommands.smx] "Console<0><Console><Console>" changed cvar (cvar "versus_boss_flow_max") (value "0.6")
L 06/09/2021 - 18:24:04: [basecommands.smx] "Console<0><Console><Console>" changed cvar (cvar "versus_boss_flow_min_intro") (value "0.1")
L 06/09/2021 - 18:24:04: [basecommands.smx] "Console<0><Console><Console>" changed cvar (cvar "versus_boss_flow_max_intro") (value "0.2")
L 06/09/2021 - 18:24:04: [basecommands.smx] "Console<0><Console><Console>" changed cvar (cvar "versus_boss_flow_min_finale") (value "0.1")
L 06/09/2021 - 18:24:04: [basecommands.smx] "Console<0><Console><Console>" changed cvar (cvar "versus_boss_flow_max_finale") (value "0.2")
L 06/09/2021 - 18:24:04: [basecommands.smx] "Console<0><Console><Console>" changed cvar (cvar "boomer_vomit_delay") (value "0.1")
L 06/09/2021 - 18:24:04: [basecommands.smx] "Console<0><Console><Console>" changed cvar (cvar "smoker_tongue_delay") (value "0.1")
L 06/09/2021 - 18:24:04: [basecommands.smx] "Console<0><Console><Console>" changed cvar (cvar "vs_survival_bonus") (value "35")
L 06/09/2021 - 18:24:04: [basecommands.smx] "Console<0><Console><Console>" changed cvar (cvar "z_tank_throw_health") (value "10")
L 06/09/2021 - 18:24:04: [basecommands.smx] "Console<0><Console><Console>" changed cvar (cvar "sv_client_min_interp_ratio") (value "-1")
L 06/09/2021 - 18:24:04: [basecommands.smx] "Console<0><Console><Console>" changed cvar (cvar "sv_client_max_interp_ratio") (value "0")
L 06/09/2021 - 18:24:04: [basecommands.smx] "Console<0><Console><Console>" changed cvar (cvar "sv_minrate") (value "100000")
L 06/09/2021 - 18:24:04: [basecommands.smx] "Console<0><Console><Console>" changed cvar (cvar "sv_maxrate") (value "100000")
L 06/09/2021 - 18:24:04: [basecommands.smx] "Console<0><Console><Console>" changed cvar (cvar "sv_mincmdrate") (value "100")
L 06/09/2021 - 18:24:04: [basecommands.smx] "Console<0><Console><Console>" changed cvar (cvar "sv_maxcmdrate") (value "100")
L 06/09/2021 - 18:24:04: [basecommands.smx] "Console<0><Console><Console>" changed cvar (cvar "sv_minupdaterate") (value "100")
L 06/09/2021 - 18:24:04: [basecommands.smx] "Console<0><Console><Console>" changed cvar (cvar "sv_maxupdaterate") (value "100")
L 06/09/2021 - 18:24:04: [basecommands.smx] "Console<0><Console><Console>" changed cvar (cvar "nb_update_frequency") (value "0.014")
L 06/09/2021 - 18:24:04: [basecommands.smx] "Console<0><Console><Console>" changed cvar (cvar "net_splitpacket_maxrate") (value "50000")
L 06/09/2021 - 18:24:04: [basecommands.smx] "Console<0><Console><Console>" changed cvar (cvar "fps_max") (value "0")
L 06/09/2021 - 18:24:04: [basecommands.smx] "Console<0><Console><Console>" changed cvar (cvar "hostname") (value "Versus")
L 06/09/2021 - 18:25:39: [l4d2_skill_detect.smx] Clear: 2 freed 10 from 4: time: -1.00 / 1.02 -- class: smoker (with shove? 0)
L 06/09/2021 - 18:26:02: [l4d2_skill_detect.smx] Clear: 6 freed 2 from 3: time: 1.26 / -1.00 -- class: jockey (with shove? 0)
L 06/09/2021 - 18:26:07: [l4d2_skill_detect.smx] Clear: 1 freed 2 from 4: time: -1.00 / 1.80 -- class: smoker (with shove? 1)
L 06/09/2021 - 18:27:17: [l4d2_skill_detect.smx] Charge carry start: 5 - 2 -- time: 191.27
L 06/09/2021 - 18:27:20: [l4d2_skill_detect.smx] Clear: 6 freed 2 from 5: time: 0.69 / 2.30 -- class: charger (with shove? 0)
L 06/09/2021 - 18:27:21: [l4d2_skill_detect.smx] Checking charge victim: 5 - 2 - flags: 1 (alive? 1)
L 06/09/2021 - 18:27:51: [l4d2_skill_detect.smx] Clear: 10 freed 1 from 5: time: 1.36 / -1.00 -- class: jockey (with shove? 0)
L 06/09/2021 - 18:28:07: [l4d2_skill_detect.smx] Clear: 6 freed 10 from 3: time: 1.96 / -1.00 -- class: hunter (with shove? 0)
L 06/09/2021 - 18:28:37: [l4d2_skill_detect.smx] Clear: 6 freed 2 from 5: time: -1.00 / 1.50 -- class: smoker (with shove? 0)
L 06/09/2021 - 18:29:19: [l4d2_skill_detect.smx] Charge carry start: 3 - 1 -- time: 313.38
L 06/09/2021 - 18:29:21: [l4d2_skill_detect.smx] Clear: 2 freed 1 from 3: time: 0.00 / 1.60 -- class: charger (with shove? 0)
L 06/09/2021 - 18:29:24: [l4d2_skill_detect.smx] Checking charge victim: 3 - 1 - flags: 1 (alive? 1)
L 06/09/2021 - 18:29:39: [l4d2_skill_detect.smx] Clear: 2 freed 6 from 3: time: 1.68 / 6.12 -- class: smoker (with shove? 1)
L 06/09/2021 - 18:29:58: [l4d2_skill_detect.smx] Charge carry start: 3 - 8 -- time: 352.39
L 06/09/2021 - 18:30:01: [l4d2_skill_detect.smx] Clear: 10 freed 8 from 3: time: 0.76 / 2.36 -- class: charger (with shove? 0)
L 06/09/2021 - 18:30:02: [l4d2_skill_detect.smx] Checking charge victim: 3 - 8 - flags: 1 (alive? 1)
L 06/09/2021 - 18:30:02: [l4d2_skill_detect.smx] Clear: 1 freed 10 from 5: time: 0.30 / -1.00 -- class: hunter (with shove? 1)
L 06/09/2021 - 18:30:03: [l4d2_skill_detect.smx] Clear: 1 freed 10 from 5: time: 1.04 / -1.00 -- class: hunter (with shove? 0)
L 06/09/2021 - 18:30:27: [l4d2_skill_detect.smx] Clear: 1 freed 8 from 5: time: 1.42 / -1.00 -- class: jockey (with shove? 0)
L 06/09/2021 - 18:30:29: [l4d2_skill_detect.smx] Charge carry start: 6 - 1 -- time: 382.51
L 06/09/2021 - 18:30:33: [l4d2_skill_detect.smx] Checking charge victim: 6 - 8 - flags: 0 (alive? 1)
L 06/09/2021 - 18:30:34: [l4d2_skill_detect.smx] Checking charge victim: 6 - 1 - flags: 1 (alive? 1)
L 06/09/2021 - 18:30:34: [l4d2_skill_detect.smx] Clear: 10 freed 2 from 3: time: 2.69 / 4.56 -- class: smoker (with shove? 1)
L 06/09/2021 - 18:30:42: [l4d2_skill_detect.smx] Clear: 2 freed 1 from 6: time: 10.13 / 13.39 -- class: charger (with shove? 0)
L 06/09/2021 - 18:31:14: [l4d2_skill_detect.smx] Clear: 2 freed 10 from 6: time: 10.19 / -1.00 -- class: jockey (with shove? 0)
L 06/09/2021 - 18:31:23: [l4d2_skill_detect.smx] Charge carry start: 5 - 2 -- time: 437.00
L 06/09/2021 - 18:31:27: [l4d2_skill_detect.smx] Checking charge victim: 5 - 2 - flags: 1 (alive? 1)
L 06/09/2021 - 18:31:43: [basecommands.smx] "McLovin™<3><STEAM_1:1:4151444><>" changed cvar (cvar "vs_max_team_switches") (value "0")
L 06/09/2021 - 18:31:54: [basecommands.smx] "McLovin™<3><STEAM_1:1:4151444><>" changed cvar (cvar "vs_max_team_switches") (value "0")
L 06/09/2021 - 18:33:01: [l4d2_skill_detect.smx] Clear: 4 freed 5 from 9: time: 3.80 / 535.20 -- class: charger (with shove? 0)
L 06/09/2021 - 18:33:05: [l4d2_skill_detect.smx] Clear: 4 freed 6 from 2: time: 3.67 / -1.00 -- class: jockey (with shove? 0)
L 06/09/2021 - 18:33:32: [l4d2_skill_detect.smx] Charge carry start: 2 - 4 -- time: 565.97
L 06/09/2021 - 18:33:35: [l4d2_skill_detect.smx] Clear: 6 freed 4 from 2: time: 1.85 / 2.60 -- class: charger (with shove? 0)
L 06/09/2021 - 18:33:35: [l4d2_skill_detect.smx] Checking charge victim: 2 - 4 - flags: 1 (alive? 1)
L 06/09/2021 - 18:33:40: [l4d2_skill_detect.smx] Clear: 5 freed 4 from 9: time: 1.32 / 1.33 -- class: smoker (with shove? 0)
L 06/09/2021 - 18:35:05: [l4d2_skill_detect.smx] Charge carry start: 8 - 7 -- time: 658.64
L 06/09/2021 - 18:35:06: [l4d2_skill_detect.smx] Clear: 4 freed 7 from 8: time: 0.00 / 1.24 -- class: charger (with shove? 0)
L 06/09/2021 - 18:35:08: [l4d2_skill_detect.smx] Checking charge victim: 8 - 7 - flags: 1 (alive? 1)
L 06/09/2021 - 18:35:43: [l4d2_skill_detect.smx] Charge carry start: 3 - 5 -- time: 696.63
L 06/09/2021 - 18:35:46: [l4d2_skill_detect.smx] Checking charge victim: 3 - 5 - flags: 1 (alive? 1)
L 06/09/2021 - 18:35:47: [l4d2_skill_detect.smx] Checking charge victim: 3 - 6 - flags: 0 (alive? 1)
L 06/09/2021 - 18:36:35: [l4d2_skill_detect.smx] Clear: 6 freed 7 from 1: time: 1.70 / 748.41 -- class: charger (with shove? 0)
L 06/09/2021 - 18:37:10: [l4d2_skill_detect.smx] Clear: 6 freed 7 from 3: time: 3.76 / -1.00 -- class: jockey (with shove? 0)
L 06/09/2021 - 18:37:40: [l4d2_skill_detect.smx] Clear: 5 freed 7 from 10: time: 1.32 / -1.00 -- class: hunter (with shove? 1)
L 06/09/2021 - 18:37:45: [l4d2_skill_detect.smx] Clear: 5 freed 7 from 10: time: 1.31 / -1.00 -- class: hunter (with shove? 0)
L 06/09/2021 - 18:38:22: [l4d2_skill_detect.smx] Charge carry start: 10 - 6 -- time: 855.48
L 06/09/2021 - 18:38:27: [l4d2_skill_detect.smx] Checking charge victim: 10 - 6 - flags: 1 (alive? 1)
L 06/09/2021 - 18:38:28: [l4d2_skill_detect.smx] Clear: 4 freed 6 from 10: time: 3.13 / 6.19 -- class: charger (with shove? 0)
L 06/09/2021 - 18:38:39: [l4d2_skill_detect.smx] Clear: 6 freed 7 from 2: time: 1.20 / -1.00 -- class: hunter (with shove? 0)
L 06/09/2021 - 18:39:00: [l4d2_skill_detect.smx] Charge carry start: 10 - 7 -- time: 894.07
L 06/09/2021 - 18:39:03: [l4d2_skill_detect.smx] Clear: 6 freed 7 from 10: time: 0.00 / 3.04 -- class: charger (with shove? 0)
L 06/09/2021 - 18:39:05: [l4d2_skill_detect.smx] Checking charge victim: 10 - 7 - flags: 1 (alive? 1)
L 06/09/2021 - 18:40:01: [l4d2_skill_detect.smx] Charge carry start: 9 - 4 -- time: 954.67
L 06/09/2021 - 18:40:03: [l4d2_skill_detect.smx] Clear: 6 freed 4 from 9: time: 0.98 / 2.23 -- class: charger (with shove? 0)
L 06/09/2021 - 18:40:04: [l4d2_skill_detect.smx] Checking charge victim: 9 - 4 - flags: 1 (alive? 1)
L 06/09/2021 - 18:40:05: [l4d2_skill_detect.smx] Checking charge victim: 9 - 7 - flags: 0 (alive? 1)
L 06/09/2021 - 18:40:34: [l4d2_skill_detect.smx] Charge carry start: 2 - 5 -- time: 987.58
L 06/09/2021 - 18:40:38: [l4d2_skill_detect.smx] Checking charge victim: 2 - 5 - flags: 1 (alive? 1)
L 06/09/2021 - 18:41:02: -------- Mapchange to c8m1_apartment --------
L 06/09/2021 - 18:41:06: [basecommands.smx] "Console<0><Console><Console>" changed cvar (cvar "sv_force_time_of_day") (value "0")
L 06/09/2021 - 18:41:06: [basecommands.smx] "Console<0><Console><Console>" changed cvar (cvar "z_witch_damage_per_kill_hit") (value "120")
L 06/09/2021 - 18:41:06: [basecommands.smx] "Console<0><Console><Console>" changed cvar (cvar "z_witch_anger_rate") (value "0.4")
L 06/09/2021 - 18:41:06: [basecommands.smx] "Console<0><Console><Console>" changed cvar (cvar "z_witch_flashlight_range") (value "2000")
L 06/09/2021 - 18:41:06: [basecommands.smx] "Console<0><Console><Console>" changed cvar (cvar "z_witch_burn_time") (value "100")
L 06/09/2021 - 18:41:06: [basecommands.smx] "Console<0><Console><Console>" changed cvar (cvar "z_tank_health") (value "4000")
L 06/09/2021 - 18:41:07: [basecommands.smx] "Console<0><Console><Console>" changed cvar (cvar "z_ghost_delay_min") (value "15")
L 06/09/2021 - 18:41:07: [basecommands.smx] "Console<0><Console><Console>" changed cvar (cvar "z_ghost_delay_max") (value "15")
L 06/09/2021 - 18:41:07: [basecommands.smx] "Console<0><Console><Console>" changed cvar (cvar "z_hunter_limit") (value "1")
L 06/09/2021 - 18:41:07: [basecommands.smx] "Console<0><Console><Console>" changed cvar (cvar "z_smoker_limit") (value "1")
L 06/09/2021 - 18:41:07: [basecommands.smx] "Console<0><Console><Console>" changed cvar (cvar "z_jockey_limit") (value "1")
L 06/09/2021 - 18:41:07: [basecommands.smx] "Console<0><Console><Console>" changed cvar (cvar "versus_tank_chance_intro") (value "1")
L 06/09/2021 - 18:41:07: [basecommands.smx] "Console<0><Console><Console>" changed cvar (cvar "versus_tank_chance_finale") (value "1")
L 06/09/2021 - 18:41:07: [basecommands.smx] "Console<0><Console><Console>" changed cvar (cvar "versus_tank_chance") (value "1")
L 06/09/2021 - 18:41:07: [basecommands.smx] "Console<0><Console><Console>" changed cvar (cvar "versus_witch_chance_intro") (value "0")
L 06/09/2021 - 18:41:07: [basecommands.smx] "Console<0><Console><Console>" changed cvar (cvar "versus_witch_chance_finale") (value "0")
L 06/09/2021 - 18:41:07: [basecommands.smx] "Console<0><Console><Console>" changed cvar (cvar "versus_witch_chance") (value "1")
L 06/09/2021 - 18:41:07: [basecommands.smx] "Console<0><Console><Console>" changed cvar (cvar "director_force_tank") (value "1")
L 06/09/2021 - 18:41:07: [basecommands.smx] "Console<0><Console><Console>" changed cvar (cvar "versus_boss_flow_min") (value "0.4")
L 06/09/2021 - 18:41:07: [basecommands.smx] "Console<0><Console><Console>" changed cvar (cvar "versus_boss_flow_max") (value "0.6")
L 06/09/2021 - 18:41:07: [basecommands.smx] "Console<0><Console><Console>" changed cvar (cvar "versus_boss_flow_min_intro") (value "0.1")
L 06/09/2021 - 18:41:07: [basecommands.smx] "Console<0><Console><Console>" changed cvar (cvar "versus_boss_flow_max_intro") (value "0.2")
L 06/09/2021 - 18:41:07: [basecommands.smx] "Console<0><Console><Console>" changed cvar (cvar "versus_boss_flow_min_finale") (value "0.1")
L 06/09/2021 - 18:41:07: [basecommands.smx] "Console<0><Console><Console>" changed cvar (cvar "versus_boss_flow_max_finale") (value "0.2")
L 06/09/2021 - 18:41:07: [basecommands.smx] "Console<0><Console><Console>" changed cvar (cvar "boomer_vomit_delay") (value "0.1")
L 06/09/2021 - 18:41:07: [basecommands.smx] "Console<0><Console><Console>" changed cvar (cvar "smoker_tongue_delay") (value "0.1")
L 06/09/2021 - 18:41:07: [basecommands.smx] "Console<0><Console><Console>" changed cvar (cvar "vs_survival_bonus") (value "35")
L 06/09/2021 - 18:41:07: [basecommands.smx] "Console<0><Console><Console>" changed cvar (cvar "z_tank_throw_health") (value "10")
L 06/09/2021 - 18:41:07: [basecommands.smx] "Console<0><Console><Console>" changed cvar (cvar "sv_client_min_interp_ratio") (value "-1")
L 06/09/2021 - 18:41:07: [basecommands.smx] "Console<0><Console><Console>" changed cvar (cvar "sv_client_max_interp_ratio") (value "0")
L 06/09/2021 - 18:41:07: [basecommands.smx] "Console<0><Console><Console>" changed cvar (cvar "sv_minrate") (value "100000")
L 06/09/2021 - 18:41:07: [basecommands.smx] "Console<0><Console><Console>" changed cvar (cvar "sv_maxrate") (value "100000")
L 06/09/2021 - 18:41:07: [basecommands.smx] "Console<0><Console><Console>" changed cvar (cvar "sv_mincmdrate") (value "100")
L 06/09/2021 - 18:41:07: [basecommands.smx] "Console<0><Console><Console>" changed cvar (cvar "sv_maxcmdrate") (value "100")
L 06/09/2021 - 18:41:07: [basecommands.smx] "Console<0><Console><Console>" changed cvar (cvar "sv_minupdaterate") (value "100")
L 06/09/2021 - 18:41:07: [basecommands.smx] "Console<0><Console><Console>" changed cvar (cvar "sv_maxupdaterate") (value "100")
L 06/09/2021 - 18:41:07: [basecommands.smx] "Console<0><Console><Console>" changed cvar (cvar "nb_update_frequency") (value "0.014")
L 06/09/2021 - 18:41:07: [basecommands.smx] "Console<0><Console><Console>" changed cvar (cvar "net_splitpacket_maxrate") (value "50000")
L 06/09/2021 - 18:41:07: [basecommands.smx] "Console<0><Console><Console>" changed cvar (cvar "fps_max") (value "0")
L 06/09/2021 - 18:41:07: [basecommands.smx] "Console<0><Console><Console>" changed cvar (cvar "hostname") (value "Versus")
L 06/09/2021 - 18:41:23: Log file closed.
