L 06/27/2021 - 16:36:16: SourceMod log file session started (file "D:\Steam\steamapps\common\Left 4 Dead 2\left4dead2\addons\sourcemod\logs\L20210627.log") (Version "1.10.0.6492")
L 06/27/2021 - 16:36:16: [simplewelcomemsg.smx] Set the maximum number of lines of.
L 06/27/2021 - 16:36:25: [basecommands.smx] "Console<0><Console><Console>" changed cvar (cvar "sv_force_time_of_day") (value "0")
L 06/27/2021 - 16:36:25: [basecommands.smx] "Console<0><Console><Console>" changed cvar (cvar "z_witch_damage_per_kill_hit") (value "120")
L 06/27/2021 - 16:36:25: [basecommands.smx] "Console<0><Console><Console>" changed cvar (cvar "z_witch_anger_rate") (value "0.4")
L 06/27/2021 - 16:36:25: [basecommands.smx] "Console<0><Console><Console>" changed cvar (cvar "z_witch_flashlight_range") (value "2000")
L 06/27/2021 - 16:36:25: [basecommands.smx] "Console<0><Console><Console>" changed cvar (cvar "z_witch_burn_time") (value "100")
L 06/27/2021 - 16:36:25: [basecommands.smx] "Console<0><Console><Console>" changed cvar (cvar "z_tank_health") (value "4000")
L 06/27/2021 - 16:36:25: [basecommands.smx] "Console<0><Console><Console>" changed cvar (cvar "z_ghost_delay_min") (value "15")
L 06/27/2021 - 16:36:25: [basecommands.smx] "Console<0><Console><Console>" changed cvar (cvar "z_ghost_delay_max") (value "15")
L 06/27/2021 - 16:36:25: [basecommands.smx] "Console<0><Console><Console>" changed cvar (cvar "z_hunter_limit") (value "1")
L 06/27/2021 - 16:36:25: [basecommands.smx] "Console<0><Console><Console>" changed cvar (cvar "z_smoker_limit") (value "1")
L 06/27/2021 - 16:36:25: [basecommands.smx] "Console<0><Console><Console>" changed cvar (cvar "z_jockey_limit") (value "1")
L 06/27/2021 - 16:36:25: [basecommands.smx] "Console<0><Console><Console>" changed cvar (cvar "versus_tank_chance_intro") (value "1")
L 06/27/2021 - 16:36:25: [basecommands.smx] "Console<0><Console><Console>" changed cvar (cvar "versus_tank_chance_finale") (value "1")
L 06/27/2021 - 16:36:25: [basecommands.smx] "Console<0><Console><Console>" changed cvar (cvar "versus_tank_chance") (value "1")
L 06/27/2021 - 16:36:25: [basecommands.smx] "Console<0><Console><Console>" changed cvar (cvar "versus_witch_chance_intro") (value "0")
L 06/27/2021 - 16:36:25: [basecommands.smx] "Console<0><Console><Console>" changed cvar (cvar "versus_witch_chance_finale") (value "0")
L 06/27/2021 - 16:36:25: [basecommands.smx] "Console<0><Console><Console>" changed cvar (cvar "versus_witch_chance") (value "1")
L 06/27/2021 - 16:36:25: [basecommands.smx] "Console<0><Console><Console>" changed cvar (cvar "director_force_tank") (value "1")
L 06/27/2021 - 16:36:25: [basecommands.smx] "Console<0><Console><Console>" changed cvar (cvar "versus_boss_flow_min") (value "0.4")
L 06/27/2021 - 16:36:25: [basecommands.smx] "Console<0><Console><Console>" changed cvar (cvar "versus_boss_flow_max") (value "0.6")
L 06/27/2021 - 16:36:25: [basecommands.smx] "Console<0><Console><Console>" changed cvar (cvar "versus_boss_flow_min_intro") (value "0.1")
L 06/27/2021 - 16:36:25: [basecommands.smx] "Console<0><Console><Console>" changed cvar (cvar "versus_boss_flow_max_intro") (value "0.2")
L 06/27/2021 - 16:36:25: [basecommands.smx] "Console<0><Console><Console>" changed cvar (cvar "versus_boss_flow_min_finale") (value "0.1")
L 06/27/2021 - 16:36:25: [basecommands.smx] "Console<0><Console><Console>" changed cvar (cvar "versus_boss_flow_max_finale") (value "0.2")
L 06/27/2021 - 16:36:25: [basecommands.smx] "Console<0><Console><Console>" changed cvar (cvar "boomer_vomit_delay") (value "0.1")
L 06/27/2021 - 16:36:25: [basecommands.smx] "Console<0><Console><Console>" changed cvar (cvar "smoker_tongue_delay") (value "0.1")
L 06/27/2021 - 16:36:25: [basecommands.smx] "Console<0><Console><Console>" changed cvar (cvar "vs_survival_bonus") (value "35")
L 06/27/2021 - 16:36:25: [basecommands.smx] "Console<0><Console><Console>" changed cvar (cvar "z_tank_throw_health") (value "10")
L 06/27/2021 - 16:36:25: [basecommands.smx] "Console<0><Console><Console>" changed cvar (cvar "sv_client_min_interp_ratio") (value "-1")
L 06/27/2021 - 16:36:25: [basecommands.smx] "Console<0><Console><Console>" changed cvar (cvar "sv_client_max_interp_ratio") (value "0")
L 06/27/2021 - 16:36:25: [basecommands.smx] "Console<0><Console><Console>" changed cvar (cvar "sv_minrate") (value "100000")
L 06/27/2021 - 16:36:25: [basecommands.smx] "Console<0><Console><Console>" changed cvar (cvar "sv_maxrate") (value "100000")
L 06/27/2021 - 16:36:25: [basecommands.smx] "Console<0><Console><Console>" changed cvar (cvar "sv_mincmdrate") (value "100")
L 06/27/2021 - 16:36:25: [basecommands.smx] "Console<0><Console><Console>" changed cvar (cvar "sv_maxcmdrate") (value "100")
L 06/27/2021 - 16:36:25: [basecommands.smx] "Console<0><Console><Console>" changed cvar (cvar "sv_minupdaterate") (value "100")
L 06/27/2021 - 16:36:25: [basecommands.smx] "Console<0><Console><Console>" changed cvar (cvar "sv_maxupdaterate") (value "100")
L 06/27/2021 - 16:36:25: [basecommands.smx] "Console<0><Console><Console>" changed cvar (cvar "nb_update_frequency") (value "0.014")
L 06/27/2021 - 16:36:25: [basecommands.smx] "Console<0><Console><Console>" changed cvar (cvar "net_splitpacket_maxrate") (value "50000")
L 06/27/2021 - 16:36:25: [basecommands.smx] "Console<0><Console><Console>" changed cvar (cvar "fps_max") (value "0")
L 06/27/2021 - 16:36:25: [basecommands.smx] "Console<0><Console><Console>" changed cvar (cvar "hostname") (value "Versus")
L 06/27/2021 - 16:39:19: [l4d2_skill_detect.smx] Clear: 2 freed 1 from 8: time: -1.00 / 2.86 -- class: smoker (with shove? 1)
L 06/27/2021 - 16:40:21: [l4d2_skill_detect.smx] Clear: 5 freed 1 from 6: time: 0.94 / -1.00 -- class: hunter (with shove? 0)
L 06/27/2021 - 16:43:59: -------- Mapchange to c7m1_docks --------
L 06/27/2021 - 16:44:03: [basecommands.smx] "Console<0><Console><Console>" changed cvar (cvar "sv_force_time_of_day") (value "0")
L 06/27/2021 - 16:44:03: [basecommands.smx] "Console<0><Console><Console>" changed cvar (cvar "z_witch_damage_per_kill_hit") (value "120")
L 06/27/2021 - 16:44:03: [basecommands.smx] "Console<0><Console><Console>" changed cvar (cvar "z_witch_anger_rate") (value "0.4")
L 06/27/2021 - 16:44:03: [basecommands.smx] "Console<0><Console><Console>" changed cvar (cvar "z_witch_flashlight_range") (value "2000")
L 06/27/2021 - 16:44:03: [basecommands.smx] "Console<0><Console><Console>" changed cvar (cvar "z_witch_burn_time") (value "100")
L 06/27/2021 - 16:44:03: [basecommands.smx] "Console<0><Console><Console>" changed cvar (cvar "z_tank_health") (value "4000")
L 06/27/2021 - 16:44:03: [basecommands.smx] "Console<0><Console><Console>" changed cvar (cvar "z_ghost_delay_min") (value "15")
L 06/27/2021 - 16:44:03: [basecommands.smx] "Console<0><Console><Console>" changed cvar (cvar "z_ghost_delay_max") (value "15")
L 06/27/2021 - 16:44:03: [basecommands.smx] "Console<0><Console><Console>" changed cvar (cvar "z_hunter_limit") (value "1")
L 06/27/2021 - 16:44:03: [basecommands.smx] "Console<0><Console><Console>" changed cvar (cvar "z_smoker_limit") (value "1")
L 06/27/2021 - 16:44:03: [basecommands.smx] "Console<0><Console><Console>" changed cvar (cvar "z_jockey_limit") (value "1")
L 06/27/2021 - 16:44:03: [basecommands.smx] "Console<0><Console><Console>" changed cvar (cvar "versus_tank_chance_intro") (value "1")
L 06/27/2021 - 16:44:03: [basecommands.smx] "Console<0><Console><Console>" changed cvar (cvar "versus_tank_chance_finale") (value "1")
L 06/27/2021 - 16:44:03: [basecommands.smx] "Console<0><Console><Console>" changed cvar (cvar "versus_tank_chance") (value "1")
L 06/27/2021 - 16:44:03: [basecommands.smx] "Console<0><Console><Console>" changed cvar (cvar "versus_witch_chance_intro") (value "0")
L 06/27/2021 - 16:44:03: [basecommands.smx] "Console<0><Console><Console>" changed cvar (cvar "versus_witch_chance_finale") (value "0")
L 06/27/2021 - 16:44:03: [basecommands.smx] "Console<0><Console><Console>" changed cvar (cvar "versus_witch_chance") (value "1")
L 06/27/2021 - 16:44:03: [basecommands.smx] "Console<0><Console><Console>" changed cvar (cvar "director_force_tank") (value "1")
L 06/27/2021 - 16:44:03: [basecommands.smx] "Console<0><Console><Console>" changed cvar (cvar "versus_boss_flow_min") (value "0.4")
L 06/27/2021 - 16:44:03: [basecommands.smx] "Console<0><Console><Console>" changed cvar (cvar "versus_boss_flow_max") (value "0.6")
L 06/27/2021 - 16:44:03: [basecommands.smx] "Console<0><Console><Console>" changed cvar (cvar "versus_boss_flow_min_intro") (value "0.1")
L 06/27/2021 - 16:44:03: [basecommands.smx] "Console<0><Console><Console>" changed cvar (cvar "versus_boss_flow_max_intro") (value "0.2")
L 06/27/2021 - 16:44:03: [basecommands.smx] "Console<0><Console><Console>" changed cvar (cvar "versus_boss_flow_min_finale") (value "0.1")
L 06/27/2021 - 16:44:03: [basecommands.smx] "Console<0><Console><Console>" changed cvar (cvar "versus_boss_flow_max_finale") (value "0.2")
L 06/27/2021 - 16:44:03: [basecommands.smx] "Console<0><Console><Console>" changed cvar (cvar "boomer_vomit_delay") (value "0.1")
L 06/27/2021 - 16:44:03: [basecommands.smx] "Console<0><Console><Console>" changed cvar (cvar "smoker_tongue_delay") (value "0.1")
L 06/27/2021 - 16:44:03: [basecommands.smx] "Console<0><Console><Console>" changed cvar (cvar "vs_survival_bonus") (value "35")
L 06/27/2021 - 16:44:03: [basecommands.smx] "Console<0><Console><Console>" changed cvar (cvar "z_tank_throw_health") (value "10")
L 06/27/2021 - 16:44:03: [basecommands.smx] "Console<0><Console><Console>" changed cvar (cvar "sv_client_min_interp_ratio") (value "-1")
L 06/27/2021 - 16:44:03: [basecommands.smx] "Console<0><Console><Console>" changed cvar (cvar "sv_client_max_interp_ratio") (value "0")
L 06/27/2021 - 16:44:03: [basecommands.smx] "Console<0><Console><Console>" changed cvar (cvar "sv_minrate") (value "100000")
L 06/27/2021 - 16:44:03: [basecommands.smx] "Console<0><Console><Console>" changed cvar (cvar "sv_maxrate") (value "100000")
L 06/27/2021 - 16:44:03: [basecommands.smx] "Console<0><Console><Console>" changed cvar (cvar "sv_mincmdrate") (value "100")
L 06/27/2021 - 16:44:03: [basecommands.smx] "Console<0><Console><Console>" changed cvar (cvar "sv_maxcmdrate") (value "100")
L 06/27/2021 - 16:44:03: [basecommands.smx] "Console<0><Console><Console>" changed cvar (cvar "sv_minupdaterate") (value "100")
L 06/27/2021 - 16:44:03: [basecommands.smx] "Console<0><Console><Console>" changed cvar (cvar "sv_maxupdaterate") (value "100")
L 06/27/2021 - 16:44:03: [basecommands.smx] "Console<0><Console><Console>" changed cvar (cvar "nb_update_frequency") (value "0.014")
L 06/27/2021 - 16:44:03: [basecommands.smx] "Console<0><Console><Console>" changed cvar (cvar "net_splitpacket_maxrate") (value "50000")
L 06/27/2021 - 16:44:03: [basecommands.smx] "Console<0><Console><Console>" changed cvar (cvar "fps_max") (value "0")
L 06/27/2021 - 16:44:03: [basecommands.smx] "Console<0><Console><Console>" changed cvar (cvar "hostname") (value "Versus")
L 06/27/2021 - 16:46:52: [l4d2_skill_detect.smx] Clear: 2 freed 7 from 3: time: 0.97 / -1.00 -- class: jockey (with shove? 0)
L 06/27/2021 - 16:47:21: [basecommands.smx] "♛ Rain ♛<2><STEAM_1:0:162762726><>" changed cvar (cvar "vs_max_team_switches") (value "0")
L 06/27/2021 - 16:47:28: [admin_hp.smx]  
L 06/27/2021 - 16:49:19: [l4d2_skill_detect.smx] Charge carry start: 9 - 1 -- time: 315.07
L 06/27/2021 - 16:49:19: [l4d2_skill_detect.smx] Clear: 1 freed 1 from 9: time: 0.00 / 0.02 -- class: charger (with shove? 0)
L 06/27/2021 - 16:49:20: [l4d2_skill_detect.smx] Clear: 2 freed 8 from 6: time: 2.72 / -1.00 -- class: jockey (with shove? 1)
L 06/27/2021 - 16:49:22: [l4d2_skill_detect.smx] Checking charge victim: 9 - 1 - flags: 1 (alive? 1)
L 06/27/2021 - 16:49:55: [l4d2_skill_detect.smx] Clear: 4 freed 8 from 9: time: -1.00 / 1.89 -- class: smoker (with shove? 0)
L 06/27/2021 - 16:50:33: [l4d2_skill_detect.smx] Clear: 4 freed 8 from 9: time: -1.00 / 1.51 -- class: smoker (with shove? 0)
L 06/27/2021 - 16:51:50: [l4d2_skill_detect.smx] Clear: 4 freed 2 from 9: time: -1.00 / 2.13 -- class: smoker (with shove? 0)
L 06/27/2021 - 16:52:09: [l4d2_skill_detect.smx] Charge carry start: 6 - 1 -- time: 484.98
L 06/27/2021 - 16:52:09: [l4d2_skill_detect.smx] Clear: 2 freed 1 from 6: time: 0.00 / 0.60 -- class: charger (with shove? 0)
L 06/27/2021 - 16:52:12: [l4d2_skill_detect.smx] Checking charge victim: 6 - 1 - flags: 1 (alive? 1)
L 06/27/2021 - 16:52:49: [l4d2_skill_detect.smx] Charge carry start: 5 - 2 -- time: 524.84
L 06/27/2021 - 16:52:52: [l4d2_skill_detect.smx] Checking charge victim: 5 - 2 - flags: 1 (alive? 1)
L 06/27/2021 - 16:54:13: [l4d2_skill_detect.smx] Clear: 6 freed 5 from 2: time: -1.00 / 0.89 -- class: smoker (with shove? 0)
L 06/27/2021 - 16:54:33: [basecommands.smx] "♛ Rain ♛<2><STEAM_1:0:162762726><>" kicked "(☯)GasLightHun7\er<62><STEAM_1:0:119075269><>" (reason "")
L 06/27/2021 - 16:54:52: [l4d2_skill_detect.smx] Clear: 6 freed 7 from 2: time: 1.01 / -1.00 -- class: hunter (with shove? 0)
L 06/27/2021 - 16:55:20: [l4d2_skill_detect.smx] Clear: 9 freed 7 from 4: time: -1.00 / 0.28 -- class: smoker (with shove? 0)
L 06/27/2021 - 16:56:10: [l4d2_skill_detect.smx] Clear: 9 freed 7 from 4: time: 2.46 / -1.00 -- class: jockey (with shove? 0)
L 06/27/2021 - 16:57:20: [l4d2_skill_detect.smx] Charge carry start: 4 - 7 -- time: 795.91
L 06/27/2021 - 16:57:25: [l4d2_skill_detect.smx] Checking charge victim: 4 - 7 - flags: 1 (alive? 1)
L 06/27/2021 - 16:57:26: [l4d2_skill_detect.smx] Clear: 5 freed 7 from 4: time: 2.50 / 5.77 -- class: charger (with shove? 0)
L 06/27/2021 - 16:58:04: [l4d2_skill_detect.smx] Clear: 9 freed 5 from 2: time: 2.51 / 4.02 -- class: smoker (with shove? 0)
L 06/27/2021 - 16:59:01: [l4d2_skill_detect.smx] Clear: 9 freed 6 from 8: time: -1.00 / 1.96 -- class: smoker (with shove? 0)
L 06/27/2021 - 16:59:16: [l4d2_skill_detect.smx] Charge carry start: 2 - 5 -- time: 911.78
L 06/27/2021 - 16:59:18: [l4d2_skill_detect.smx] Clear: 6 freed 5 from 2: time: 0.41 / 2.38 -- class: charger (with shove? 0)
L 06/27/2021 - 16:59:20: [l4d2_skill_detect.smx] Checking charge victim: 2 - 5 - flags: 1 (alive? 1)
L 06/27/2021 - 16:59:49: [l4d2_skill_detect.smx] Charge carry start: 2 - 5 -- time: 944.96
L 06/27/2021 - 16:59:51: [l4d2_skill_detect.smx] Clear: 7 freed 5 from 2: time: 0.28 / 1.46 -- class: charger (with shove? 0)
L 06/27/2021 - 16:59:52: [l4d2_skill_detect.smx] Checking charge victim: 2 - 5 - flags: 1 (alive? 1)
L 06/27/2021 - 16:59:55: [l4d2_skill_detect.smx] Clear: 5 freed 6 from 4: time: 2.28 / 4.29 -- class: smoker (with shove? 0)
L 06/27/2021 - 17:01:13: -------- Mapchange to c7m2_barge --------
L 06/27/2021 - 17:01:15: [basecommands.smx] "Console<0><Console><Console>" changed cvar (cvar "sv_force_time_of_day") (value "0")
L 06/27/2021 - 17:01:15: [basecommands.smx] "Console<0><Console><Console>" changed cvar (cvar "z_witch_damage_per_kill_hit") (value "120")
L 06/27/2021 - 17:01:15: [basecommands.smx] "Console<0><Console><Console>" changed cvar (cvar "z_witch_anger_rate") (value "0.4")
L 06/27/2021 - 17:01:15: [basecommands.smx] "Console<0><Console><Console>" changed cvar (cvar "z_witch_flashlight_range") (value "2000")
L 06/27/2021 - 17:01:15: [basecommands.smx] "Console<0><Console><Console>" changed cvar (cvar "z_witch_burn_time") (value "100")
L 06/27/2021 - 17:01:15: [basecommands.smx] "Console<0><Console><Console>" changed cvar (cvar "z_tank_health") (value "4000")
L 06/27/2021 - 17:01:15: [basecommands.smx] "Console<0><Console><Console>" changed cvar (cvar "z_ghost_delay_min") (value "15")
L 06/27/2021 - 17:01:15: [basecommands.smx] "Console<0><Console><Console>" changed cvar (cvar "z_ghost_delay_max") (value "15")
L 06/27/2021 - 17:01:15: [basecommands.smx] "Console<0><Console><Console>" changed cvar (cvar "z_hunter_limit") (value "1")
L 06/27/2021 - 17:01:15: [basecommands.smx] "Console<0><Console><Console>" changed cvar (cvar "z_smoker_limit") (value "1")
L 06/27/2021 - 17:01:15: [basecommands.smx] "Console<0><Console><Console>" changed cvar (cvar "z_jockey_limit") (value "1")
L 06/27/2021 - 17:01:15: [basecommands.smx] "Console<0><Console><Console>" changed cvar (cvar "versus_tank_chance_intro") (value "1")
L 06/27/2021 - 17:01:15: [basecommands.smx] "Console<0><Console><Console>" changed cvar (cvar "versus_tank_chance_finale") (value "1")
L 06/27/2021 - 17:01:15: [basecommands.smx] "Console<0><Console><Console>" changed cvar (cvar "versus_tank_chance") (value "1")
L 06/27/2021 - 17:01:15: [basecommands.smx] "Console<0><Console><Console>" changed cvar (cvar "versus_witch_chance_intro") (value "0")
L 06/27/2021 - 17:01:15: [basecommands.smx] "Console<0><Console><Console>" changed cvar (cvar "versus_witch_chance_finale") (value "0")
L 06/27/2021 - 17:01:15: [basecommands.smx] "Console<0><Console><Console>" changed cvar (cvar "versus_witch_chance") (value "1")
L 06/27/2021 - 17:01:15: [basecommands.smx] "Console<0><Console><Console>" changed cvar (cvar "director_force_tank") (value "1")
L 06/27/2021 - 17:01:15: [basecommands.smx] "Console<0><Console><Console>" changed cvar (cvar "versus_boss_flow_min") (value "0.4")
L 06/27/2021 - 17:01:15: [basecommands.smx] "Console<0><Console><Console>" changed cvar (cvar "versus_boss_flow_max") (value "0.6")
L 06/27/2021 - 17:01:15: [basecommands.smx] "Console<0><Console><Console>" changed cvar (cvar "versus_boss_flow_min_intro") (value "0.1")
L 06/27/2021 - 17:01:15: [basecommands.smx] "Console<0><Console><Console>" changed cvar (cvar "versus_boss_flow_max_intro") (value "0.2")
L 06/27/2021 - 17:01:15: [basecommands.smx] "Console<0><Console><Console>" changed cvar (cvar "versus_boss_flow_min_finale") (value "0.1")
L 06/27/2021 - 17:01:15: [basecommands.smx] "Console<0><Console><Console>" changed cvar (cvar "versus_boss_flow_max_finale") (value "0.2")
L 06/27/2021 - 17:01:15: [basecommands.smx] "Console<0><Console><Console>" changed cvar (cvar "boomer_vomit_delay") (value "0.1")
L 06/27/2021 - 17:01:15: [basecommands.smx] "Console<0><Console><Console>" changed cvar (cvar "smoker_tongue_delay") (value "0.1")
L 06/27/2021 - 17:01:15: [basecommands.smx] "Console<0><Console><Console>" changed cvar (cvar "vs_survival_bonus") (value "35")
L 06/27/2021 - 17:01:15: [basecommands.smx] "Console<0><Console><Console>" changed cvar (cvar "z_tank_throw_health") (value "10")
L 06/27/2021 - 17:01:15: [basecommands.smx] "Console<0><Console><Console>" changed cvar (cvar "sv_client_min_interp_ratio") (value "-1")
L 06/27/2021 - 17:01:15: [basecommands.smx] "Console<0><Console><Console>" changed cvar (cvar "sv_client_max_interp_ratio") (value "0")
L 06/27/2021 - 17:01:15: [basecommands.smx] "Console<0><Console><Console>" changed cvar (cvar "sv_minrate") (value "100000")
L 06/27/2021 - 17:01:15: [basecommands.smx] "Console<0><Console><Console>" changed cvar (cvar "sv_maxrate") (value "100000")
L 06/27/2021 - 17:01:15: [basecommands.smx] "Console<0><Console><Console>" changed cvar (cvar "sv_mincmdrate") (value "100")
L 06/27/2021 - 17:01:15: [basecommands.smx] "Console<0><Console><Console>" changed cvar (cvar "sv_maxcmdrate") (value "100")
L 06/27/2021 - 17:01:15: [basecommands.smx] "Console<0><Console><Console>" changed cvar (cvar "sv_minupdaterate") (value "100")
L 06/27/2021 - 17:01:15: [basecommands.smx] "Console<0><Console><Console>" changed cvar (cvar "sv_maxupdaterate") (value "100")
L 06/27/2021 - 17:01:15: [basecommands.smx] "Console<0><Console><Console>" changed cvar (cvar "nb_update_frequency") (value "0.014")
L 06/27/2021 - 17:01:15: [basecommands.smx] "Console<0><Console><Console>" changed cvar (cvar "net_splitpacket_maxrate") (value "50000")
L 06/27/2021 - 17:01:15: [basecommands.smx] "Console<0><Console><Console>" changed cvar (cvar "fps_max") (value "0")
L 06/27/2021 - 17:01:15: [basecommands.smx] "Console<0><Console><Console>" changed cvar (cvar "hostname") (value "Versus")
L 06/27/2021 - 17:01:36: [basecommands.smx] "♛ Rain ♛<2><STEAM_1:0:162762726><>" changed cvar (cvar "vs_max_team_switches") (value "5")
L 06/27/2021 - 17:03:00: [l4d2_skill_detect.smx] Charge carry start: 3 - 1 -- time: 101.66
L 06/27/2021 - 17:03:03: [l4d2_skill_detect.smx] Checking charge victim: 3 - 1 - flags: 1 (alive? 1)
L 06/27/2021 - 17:03:28: [l4d2_skill_detect.smx] Clear: 8 freed 1 from 5: time: 1.69 / -1.00 -- class: jockey (with shove? 0)
L 06/27/2021 - 17:04:12: [l4d2_skill_detect.smx] Clear: 4 freed 1 from 5: time: 1.01 / -1.00 -- class: hunter (with shove? 0)
L 06/27/2021 - 17:04:47: [l4d2_skill_detect.smx] Charge carry start: 6 - 1 -- time: 208.69
L 06/27/2021 - 17:04:50: [l4d2_skill_detect.smx] Clear: 2 freed 1 from 6: time: 0.72 / 2.39 -- class: charger (with shove? 0)
L 06/27/2021 - 17:04:51: [l4d2_skill_detect.smx] Checking charge victim: 6 - 1 - flags: 1 (alive? 1)
L 06/27/2021 - 17:04:54: [l4d2_skill_detect.smx] Clear: 2 freed 4 from 7: time: -1.00 / 1.88 -- class: smoker (with shove? 0)
L 06/27/2021 - 17:05:19: [l4d2_skill_detect.smx] Charge carry start: 5 - 1 -- time: 240.39
L 06/27/2021 - 17:05:20: [l4d2_skill_detect.smx] Clear: 2 freed 1 from 5: time: 0.36 / 1.11 -- class: charger (with shove? 0)
L 06/27/2021 - 17:05:22: [l4d2_skill_detect.smx] Checking charge victim: 5 - 1 - flags: 1 (alive? 1)
L 06/27/2021 - 17:05:40: [l4d2_skill_detect.smx] Clear: 4 freed 8 from 9: time: 2.19 / -1.00 -- class: hunter (with shove? 0)
L 06/27/2021 - 17:06:33: [l4d2_skill_detect.smx] Charge carry start: 7 - 1 -- time: 314.22
L 06/27/2021 - 17:06:33: [l4d2_skill_detect.smx] Clear: 1 freed 1 from 7: time: 0.00 / 0.05 -- class: charger (with shove? 0)
L 06/27/2021 - 17:06:36: [l4d2_skill_detect.smx] Checking charge victim: 7 - 1 - flags: 1 (alive? 1)
L 06/27/2021 - 17:07:02: [l4d2_skill_detect.smx] Clear: 2 freed 4 from 9: time: 7.38 / -1.00 -- class: jockey (with shove? 0)
L 06/27/2021 - 17:09:00: [l4d2_skill_detect.smx] Clear: 2 freed 8 from 6: time: 4.38 / 6.47 -- class: smoker (with shove? 0)
L 06/27/2021 - 17:09:00: [l4d2_skill_detect.smx] Charge carry start: 9 - 2 -- time: 461.75
L 06/27/2021 - 17:09:05: [l4d2_skill_detect.smx] Checking charge victim: 9 - 2 - flags: 1 (alive? 1)
L 06/27/2021 - 17:09:17: [l4d2_skill_detect.smx] Clear: 8 freed 2 from 9: time: 13.76 / 16.73 -- class: charger (with shove? 0)
L 06/27/2021 - 17:09:29: [l4d2_skill_detect.smx] Clear: 1 freed 2 from 5: time: 2.20 / -1.00 -- class: hunter (with shove? 0)
L 06/27/2021 - 17:09:55: [l4d2_skill_detect.smx] Clear: 8 freed 1 from 9: time: 0.16 / 13.04 -- class: smoker (with shove? 0)
L 06/27/2021 - 17:10:06: [l4d2_skill_detect.smx] Charge carry start: 5 - 2 -- time: 527.75
L 06/27/2021 - 17:10:11: [l4d2_skill_detect.smx] Checking charge victim: 5 - 2 - flags: 1 (alive? 1)
L 06/27/2021 - 17:10:14: [l4d2_skill_detect.smx] Clear: 1 freed 2 from 5: time: 5.30 / 7.64 -- class: charger (with shove? 0)
L 06/27/2021 - 17:10:17: [l4d2_skill_detect.smx] Clear: 1 freed 4 from 7: time: 1.59 / -1.00 -- class: jockey (with shove? 0)
L 06/27/2021 - 17:12:17: [l4d2_skill_detect.smx] Clear: 6 freed 3 from 1: time: 0.50 / -1.00 -- class: hunter (with shove? 0)
L 06/27/2021 - 17:12:33: [l4d2_skill_detect.smx] calarm trigger: caller 1387 / activator 1387 / delay: 0.00
L 06/27/2021 - 17:13:23: [l4d2_skill_detect.smx] Charge carry start: 8 - 5 -- time: 724.13
L 06/27/2021 - 17:13:26: [l4d2_skill_detect.smx] Clear: 6 freed 5 from 8: time: 1.22 / 2.48 -- class: charger (with shove? 0)
L 06/27/2021 - 17:13:27: [l4d2_skill_detect.smx] Checking charge victim: 8 - 5 - flags: 1 (alive? 1)
L 06/27/2021 - 17:14:00: [l4d2_skill_detect.smx] Clear: 9 freed 5 from 2: time: 1.54 / -1.00 -- class: jockey (with shove? 1)
L 06/27/2021 - 17:14:25: [l4d2_skill_detect.smx] Charge carry start: 4 - 9 -- time: 786.40
L 06/27/2021 - 17:14:29: [l4d2_skill_detect.smx] Checking charge victim: 4 - 9 - flags: 1 (alive? 1)
L 06/27/2021 - 17:14:29: [l4d2_skill_detect.smx] Clear: 5 freed 9 from 4: time: 2.07 / 3.19 -- class: charger (with shove? 0)
L 06/27/2021 - 17:14:59: [l4d2_skill_detect.smx] Charge carry start: 2 - 5 -- time: 819.82
L 06/27/2021 - 17:15:02: [l4d2_skill_detect.smx] Checking charge victim: 2 - 5 - flags: 1 (alive? 1)
L 06/27/2021 - 17:15:03: [l4d2_skill_detect.smx] Checking charge victim: 2 - 7 - flags: 0 (alive? 1)
L 06/27/2021 - 17:15:07: [l4d2_skill_detect.smx] Clear: 7 freed 5 from 2: time: 6.64 / 8.21 -- class: charger (with shove? 0)
L 06/27/2021 - 17:15:10: [l4d2_skill_detect.smx] Clear: 7 freed 5 from 8: time: 1.78 / -1.00 -- class: jockey (with shove? 1)
L 06/27/2021 - 17:16:41: [l4d2_skill_detect.smx] Charge carry start: 1 - 5 -- time: 921.69
L 06/27/2021 - 17:16:41: [l4d2_skill_detect.smx] Clear: 7 freed 5 from 1: time: 0.00 / 0.33 -- class: charger (with shove? 0)
L 06/27/2021 - 17:16:42: [l4d2_skill_detect.smx] Clear: 7 freed 5 from 4: time: 0.91 / -1.00 -- class: jockey (with shove? 0)
L 06/27/2021 - 17:16:44: [l4d2_skill_detect.smx] Checking charge victim: 1 - 5 - flags: 1 (alive? 1)
L 06/27/2021 - 17:16:45: [l4d2_skill_detect.smx] Clear: 6 freed 5 from 2: time: 1.54 / -1.00 -- class: hunter (with shove? 0)
L 06/27/2021 - 17:17:59: [l4d2_skill_detect.smx] Clear: 6 freed 9 from 2: time: 1.16 / -1.00 -- class: jockey (with shove? 0)
L 06/27/2021 - 17:18:34: [l4d2_skill_detect.smx] Clear: 5 freed 6 from 2: time: -1.00 / 1.50 -- class: smoker (with shove? 0)
L 06/27/2021 - 17:18:34: [l4d2_skill_detect.smx] Charge carry start: 1 - 9 -- time: 1035.06
L 06/27/2021 - 17:18:39: [l4d2_skill_detect.smx] Checking charge victim: 1 - 9 - flags: 1 (alive? 1)
L 06/27/2021 - 17:18:50: [l4d2_tankswap.smx] ReplaceWithBot being called, client ♛ Rain ♛ boolean 1
L 06/27/2021 - 17:18:50: [l4d2_tankswap.smx] ReplaceTank being called, client ɴᴏᴏʙ™ target ♛ Rain ♛
L 06/27/2021 - 17:18:50: [l4d2_tankswap.smx] ZombieManager pointer: 0x39bec00
L 06/27/2021 - 17:18:54: [l4d2_skill_detect.smx] Clear: 6 freed 5 from 4: time: 5.00 / -1.00 -- class: hunter (with shove? 0)
L 06/27/2021 - 17:19:41: -------- Mapchange to c7m3_port --------
L 06/27/2021 - 17:19:47: [basecommands.smx] "Console<0><Console><Console>" changed cvar (cvar "sv_force_time_of_day") (value "0")
L 06/27/2021 - 17:19:47: [basecommands.smx] "Console<0><Console><Console>" changed cvar (cvar "z_witch_damage_per_kill_hit") (value "120")
L 06/27/2021 - 17:19:47: [basecommands.smx] "Console<0><Console><Console>" changed cvar (cvar "z_witch_anger_rate") (value "0.4")
L 06/27/2021 - 17:19:47: [basecommands.smx] "Console<0><Console><Console>" changed cvar (cvar "z_witch_flashlight_range") (value "2000")
L 06/27/2021 - 17:19:47: [basecommands.smx] "Console<0><Console><Console>" changed cvar (cvar "z_witch_burn_time") (value "100")
L 06/27/2021 - 17:19:47: [basecommands.smx] "Console<0><Console><Console>" changed cvar (cvar "z_tank_health") (value "4000")
L 06/27/2021 - 17:19:47: [basecommands.smx] "Console<0><Console><Console>" changed cvar (cvar "z_ghost_delay_min") (value "15")
L 06/27/2021 - 17:19:47: [basecommands.smx] "Console<0><Console><Console>" changed cvar (cvar "z_ghost_delay_max") (value "15")
L 06/27/2021 - 17:19:47: [basecommands.smx] "Console<0><Console><Console>" changed cvar (cvar "z_hunter_limit") (value "1")
L 06/27/2021 - 17:19:47: [basecommands.smx] "Console<0><Console><Console>" changed cvar (cvar "z_smoker_limit") (value "1")
L 06/27/2021 - 17:19:47: [basecommands.smx] "Console<0><Console><Console>" changed cvar (cvar "z_jockey_limit") (value "1")
L 06/27/2021 - 17:19:47: [basecommands.smx] "Console<0><Console><Console>" changed cvar (cvar "versus_tank_chance_intro") (value "1")
L 06/27/2021 - 17:19:47: [basecommands.smx] "Console<0><Console><Console>" changed cvar (cvar "versus_tank_chance_finale") (value "1")
L 06/27/2021 - 17:19:47: [basecommands.smx] "Console<0><Console><Console>" changed cvar (cvar "versus_tank_chance") (value "1")
L 06/27/2021 - 17:19:47: [basecommands.smx] "Console<0><Console><Console>" changed cvar (cvar "versus_witch_chance_intro") (value "0")
L 06/27/2021 - 17:19:47: [basecommands.smx] "Console<0><Console><Console>" changed cvar (cvar "versus_witch_chance_finale") (value "0")
L 06/27/2021 - 17:19:47: [basecommands.smx] "Console<0><Console><Console>" changed cvar (cvar "versus_witch_chance") (value "1")
L 06/27/2021 - 17:19:47: [basecommands.smx] "Console<0><Console><Console>" changed cvar (cvar "director_force_tank") (value "1")
L 06/27/2021 - 17:19:47: [basecommands.smx] "Console<0><Console><Console>" changed cvar (cvar "versus_boss_flow_min") (value "0.4")
L 06/27/2021 - 17:19:47: [basecommands.smx] "Console<0><Console><Console>" changed cvar (cvar "versus_boss_flow_max") (value "0.6")
L 06/27/2021 - 17:19:47: [basecommands.smx] "Console<0><Console><Console>" changed cvar (cvar "versus_boss_flow_min_intro") (value "0.1")
L 06/27/2021 - 17:19:47: [basecommands.smx] "Console<0><Console><Console>" changed cvar (cvar "versus_boss_flow_max_intro") (value "0.2")
L 06/27/2021 - 17:19:47: [basecommands.smx] "Console<0><Console><Console>" changed cvar (cvar "versus_boss_flow_min_finale") (value "0.1")
L 06/27/2021 - 17:19:47: [basecommands.smx] "Console<0><Console><Console>" changed cvar (cvar "versus_boss_flow_max_finale") (value "0.2")
L 06/27/2021 - 17:19:47: [basecommands.smx] "Console<0><Console><Console>" changed cvar (cvar "boomer_vomit_delay") (value "0.1")
L 06/27/2021 - 17:19:47: [basecommands.smx] "Console<0><Console><Console>" changed cvar (cvar "smoker_tongue_delay") (value "0.1")
L 06/27/2021 - 17:19:47: [basecommands.smx] "Console<0><Console><Console>" changed cvar (cvar "vs_survival_bonus") (value "35")
L 06/27/2021 - 17:19:47: [basecommands.smx] "Console<0><Console><Console>" changed cvar (cvar "z_tank_throw_health") (value "10")
L 06/27/2021 - 17:19:47: [basecommands.smx] "Console<0><Console><Console>" changed cvar (cvar "sv_client_min_interp_ratio") (value "-1")
L 06/27/2021 - 17:19:47: [basecommands.smx] "Console<0><Console><Console>" changed cvar (cvar "sv_client_max_interp_ratio") (value "0")
L 06/27/2021 - 17:19:47: [basecommands.smx] "Console<0><Console><Console>" changed cvar (cvar "sv_minrate") (value "100000")
L 06/27/2021 - 17:19:47: [basecommands.smx] "Console<0><Console><Console>" changed cvar (cvar "sv_maxrate") (value "100000")
L 06/27/2021 - 17:19:47: [basecommands.smx] "Console<0><Console><Console>" changed cvar (cvar "sv_mincmdrate") (value "100")
L 06/27/2021 - 17:19:47: [basecommands.smx] "Console<0><Console><Console>" changed cvar (cvar "sv_maxcmdrate") (value "100")
L 06/27/2021 - 17:19:47: [basecommands.smx] "Console<0><Console><Console>" changed cvar (cvar "sv_minupdaterate") (value "100")
L 06/27/2021 - 17:19:47: [basecommands.smx] "Console<0><Console><Console>" changed cvar (cvar "sv_maxupdaterate") (value "100")
L 06/27/2021 - 17:19:47: [basecommands.smx] "Console<0><Console><Console>" changed cvar (cvar "nb_update_frequency") (value "0.014")
L 06/27/2021 - 17:19:47: [basecommands.smx] "Console<0><Console><Console>" changed cvar (cvar "net_splitpacket_maxrate") (value "50000")
L 06/27/2021 - 17:19:47: [basecommands.smx] "Console<0><Console><Console>" changed cvar (cvar "fps_max") (value "0")
L 06/27/2021 - 17:19:47: [basecommands.smx] "Console<0><Console><Console>" changed cvar (cvar "hostname") (value "Versus")
L 06/27/2021 - 17:22:40: [l4d2_skill_detect.smx] Charge carry start: 5 - 4 -- time: 166.83
L 06/27/2021 - 17:22:41: [l4d2_skill_detect.smx] Clear: 1 freed 4 from 5: time: 0.62 / 1.55 -- class: charger (with shove? 0)
L 06/27/2021 - 17:22:42: [l4d2_skill_detect.smx] Checking charge victim: 5 - 4 - flags: 1 (alive? 1)
L 06/27/2021 - 17:22:43: [l4d2_skill_detect.smx] Clear: 2 freed 1 from 6: time: 1.86 / -1.00 -- class: jockey (with shove? 1)
L 06/27/2021 - 17:23:14: [l4d2_skill_detect.smx] Charge carry start: 6 - 1 -- time: 200.94
L 06/27/2021 - 17:23:16: [l4d2_skill_detect.smx] Clear: 8 freed 1 from 6: time: 0.69 / 2.20 -- class: charger (with shove? 0)
L 06/27/2021 - 17:23:17: [l4d2_skill_detect.smx] Checking charge victim: 6 - 1 - flags: 1 (alive? 1)
L 06/27/2021 - 17:23:23: [l4d2_skill_detect.smx] Clear: 4 freed 1 from 7: time: 1.55 / -1.00 -- class: jockey (with shove? 0)
L 06/27/2021 - 17:24:41: [l4d2_skill_detect.smx] Clear: 4 freed 2 from 6: time: 1.08 / -1.00 -- class: hunter (with shove? 0)
L 06/27/2021 - 17:25:01: [l4d2_skill_detect.smx] Charge carry start: 10 - 1 -- time: 308.48
L 06/27/2021 - 17:25:05: [l4d2_skill_detect.smx] Checking charge victim: 10 - 2 - flags: 0 (alive? 1)
L 06/27/2021 - 17:25:05: [l4d2_skill_detect.smx] Checking charge victim: 10 - 1 - flags: 1 (alive? 1)
L 06/27/2021 - 17:25:08: [l4d2_skill_detect.smx] Clear: 4 freed 1 from 10: time: 4.95 / 7.02 -- class: charger (with shove? 0)
L 06/27/2021 - 17:25:11: [l4d2_skill_detect.smx] Clear: 1 freed 4 from 6: time: 0.97 / 3.36 -- class: smoker (with shove? 1)
L 06/27/2021 - 17:25:12: [l4d2_skill_detect.smx] Clear: 1 freed 2 from 5: time: 6.12 / -1.00 -- class: jockey (with shove? 0)
L 06/27/2021 - 17:25:24: [l4d2_skill_detect.smx] Clear: 4 freed 8 from 7: time: 1.47 / -1.00 -- class: hunter (with shove? 0)
L 06/27/2021 - 17:26:18: [l4d2_skill_detect.smx] Clear: 1 freed 8 from 5: time: 1.51 / -1.00 -- class: hunter (with shove? 0)
L 06/27/2021 - 17:26:54: [l4d2_skill_detect.smx] Clear: 2 freed 4 from 5: time: 6.59 / -1.00 -- class: jockey (with shove? 0)
L 06/27/2021 - 17:27:06: [l4d2_skill_detect.smx] Clear: 2 freed 8 from 10: time: -1.00 / 1.22 -- class: smoker (with shove? 1)
L 06/27/2021 - 17:28:34: [l4d2_skill_detect.smx] Charge carry start: 2 - 10 -- time: 521.47
L 06/27/2021 - 17:28:39: [l4d2_skill_detect.smx] Checking charge victim: 2 - 5 - flags: 0 (alive? 1)
L 06/27/2021 - 17:28:39: [l4d2_skill_detect.smx] Checking charge victim: 2 - 10 - flags: 1 (alive? 1)
L 06/27/2021 - 17:28:39: [l4d2_skill_detect.smx] Clear: 7 freed 10 from 2: time: 2.21 / 4.85 -- class: charger (with shove? 0)
L 06/27/2021 - 17:28:40: [l4d2_skill_detect.smx] Clear: 7 freed 6 from 4: time: 1.82 / 3.83 -- class: smoker (with shove? 1)
L 06/27/2021 - 17:29:17: [l4d2_skill_detect.smx] Charge carry start: 1 - 10 -- time: 564.17
L 06/27/2021 - 17:29:19: [l4d2_skill_detect.smx] Clear: 5 freed 10 from 1: time: 0.63 / 1.38 -- class: charger (with shove? 0)
L 06/27/2021 - 17:29:20: [l4d2_skill_detect.smx] Checking charge victim: 1 - 10 - flags: 1 (alive? 1)
L 06/27/2021 - 17:29:28: [l4d2_skill_detect.smx] Clear: 6 freed 7 from 4: time: 10.14 / -1.00 -- class: jockey (with shove? 0)
L 06/27/2021 - 17:29:50: [l4d2_skill_detect.smx] Clear: 5 freed 6 from 2: time: -1.00 / 1.90 -- class: smoker (with shove? 0)
L 06/27/2021 - 17:29:55: [l4d2_skill_detect.smx] Clear: 6 freed 10 from 4: time: 1.25 / -1.00 -- class: hunter (with shove? 0)
L 06/27/2021 - 17:30:39: [l4d2_tankswap.smx] ReplaceWithBot being called, client ♛ Rain ♛ boolean 1
L 06/27/2021 - 17:30:39: [l4d2_tankswap.smx] ReplaceTank being called, client 🥐Le Facture Sensuale🎮 target ♛ Rain ♛
L 06/27/2021 - 17:30:39: [l4d2_tankswap.smx] ZombieManager pointer: 0x39bec00
L 06/27/2021 - 17:30:39: [l4d2_skill_detect.smx] Clear: 6 freed 5 from 8: time: 0.02 / 1.72 -- class: smoker (with shove? 1)
L 06/27/2021 - 17:31:24: [l4d2_skill_detect.smx] Charge carry start: 4 - 6 -- time: 690.57
L 06/27/2021 - 17:31:27: [l4d2_skill_detect.smx] Checking charge victim: 4 - 6 - flags: 1 (alive? 1)
L 06/27/2021 - 17:31:48: -------- Mapchange to c2m1_highway --------
L 06/27/2021 - 17:31:57: [basecommands.smx] "Console<0><Console><Console>" changed cvar (cvar "sv_force_time_of_day") (value "0")
L 06/27/2021 - 17:31:57: [basecommands.smx] "Console<0><Console><Console>" changed cvar (cvar "z_witch_damage_per_kill_hit") (value "120")
L 06/27/2021 - 17:31:57: [basecommands.smx] "Console<0><Console><Console>" changed cvar (cvar "z_witch_anger_rate") (value "0.4")
L 06/27/2021 - 17:31:57: [basecommands.smx] "Console<0><Console><Console>" changed cvar (cvar "z_witch_flashlight_range") (value "2000")
L 06/27/2021 - 17:31:57: [basecommands.smx] "Console<0><Console><Console>" changed cvar (cvar "z_witch_burn_time") (value "100")
L 06/27/2021 - 17:31:57: [basecommands.smx] "Console<0><Console><Console>" changed cvar (cvar "z_tank_health") (value "4000")
L 06/27/2021 - 17:31:57: [basecommands.smx] "Console<0><Console><Console>" changed cvar (cvar "z_ghost_delay_min") (value "15")
L 06/27/2021 - 17:31:57: [basecommands.smx] "Console<0><Console><Console>" changed cvar (cvar "z_ghost_delay_max") (value "15")
L 06/27/2021 - 17:31:57: [basecommands.smx] "Console<0><Console><Console>" changed cvar (cvar "z_hunter_limit") (value "1")
L 06/27/2021 - 17:31:57: [basecommands.smx] "Console<0><Console><Console>" changed cvar (cvar "z_smoker_limit") (value "1")
L 06/27/2021 - 17:31:57: [basecommands.smx] "Console<0><Console><Console>" changed cvar (cvar "z_jockey_limit") (value "1")
L 06/27/2021 - 17:31:57: [basecommands.smx] "Console<0><Console><Console>" changed cvar (cvar "versus_tank_chance_intro") (value "1")
L 06/27/2021 - 17:31:57: [basecommands.smx] "Console<0><Console><Console>" changed cvar (cvar "versus_tank_chance_finale") (value "1")
L 06/27/2021 - 17:31:57: [basecommands.smx] "Console<0><Console><Console>" changed cvar (cvar "versus_tank_chance") (value "1")
L 06/27/2021 - 17:31:57: [basecommands.smx] "Console<0><Console><Console>" changed cvar (cvar "versus_witch_chance_intro") (value "0")
L 06/27/2021 - 17:31:57: [basecommands.smx] "Console<0><Console><Console>" changed cvar (cvar "versus_witch_chance_finale") (value "0")
L 06/27/2021 - 17:31:57: [basecommands.smx] "Console<0><Console><Console>" changed cvar (cvar "versus_witch_chance") (value "1")
L 06/27/2021 - 17:31:57: [basecommands.smx] "Console<0><Console><Console>" changed cvar (cvar "director_force_tank") (value "1")
L 06/27/2021 - 17:31:57: [basecommands.smx] "Console<0><Console><Console>" changed cvar (cvar "versus_boss_flow_min") (value "0.4")
L 06/27/2021 - 17:31:57: [basecommands.smx] "Console<0><Console><Console>" changed cvar (cvar "versus_boss_flow_max") (value "0.6")
L 06/27/2021 - 17:31:57: [basecommands.smx] "Console<0><Console><Console>" changed cvar (cvar "versus_boss_flow_min_intro") (value "0.1")
L 06/27/2021 - 17:31:57: [basecommands.smx] "Console<0><Console><Console>" changed cvar (cvar "versus_boss_flow_max_intro") (value "0.2")
L 06/27/2021 - 17:31:57: [basecommands.smx] "Console<0><Console><Console>" changed cvar (cvar "versus_boss_flow_min_finale") (value "0.1")
L 06/27/2021 - 17:31:57: [basecommands.smx] "Console<0><Console><Console>" changed cvar (cvar "versus_boss_flow_max_finale") (value "0.2")
L 06/27/2021 - 17:31:57: [basecommands.smx] "Console<0><Console><Console>" changed cvar (cvar "boomer_vomit_delay") (value "0.1")
L 06/27/2021 - 17:31:57: [basecommands.smx] "Console<0><Console><Console>" changed cvar (cvar "smoker_tongue_delay") (value "0.1")
L 06/27/2021 - 17:31:57: [basecommands.smx] "Console<0><Console><Console>" changed cvar (cvar "vs_survival_bonus") (value "35")
L 06/27/2021 - 17:31:57: [basecommands.smx] "Console<0><Console><Console>" changed cvar (cvar "z_tank_throw_health") (value "10")
L 06/27/2021 - 17:31:57: [basecommands.smx] "Console<0><Console><Console>" changed cvar (cvar "sv_client_min_interp_ratio") (value "-1")
L 06/27/2021 - 17:31:57: [basecommands.smx] "Console<0><Console><Console>" changed cvar (cvar "sv_client_max_interp_ratio") (value "0")
L 06/27/2021 - 17:31:57: [basecommands.smx] "Console<0><Console><Console>" changed cvar (cvar "sv_minrate") (value "100000")
L 06/27/2021 - 17:31:57: [basecommands.smx] "Console<0><Console><Console>" changed cvar (cvar "sv_maxrate") (value "100000")
L 06/27/2021 - 17:31:57: [basecommands.smx] "Console<0><Console><Console>" changed cvar (cvar "sv_mincmdrate") (value "100")
L 06/27/2021 - 17:31:57: [basecommands.smx] "Console<0><Console><Console>" changed cvar (cvar "sv_maxcmdrate") (value "100")
L 06/27/2021 - 17:31:57: [basecommands.smx] "Console<0><Console><Console>" changed cvar (cvar "sv_minupdaterate") (value "100")
L 06/27/2021 - 17:31:57: [basecommands.smx] "Console<0><Console><Console>" changed cvar (cvar "sv_maxupdaterate") (value "100")
L 06/27/2021 - 17:31:57: [basecommands.smx] "Console<0><Console><Console>" changed cvar (cvar "nb_update_frequency") (value "0.014")
L 06/27/2021 - 17:31:57: [basecommands.smx] "Console<0><Console><Console>" changed cvar (cvar "net_splitpacket_maxrate") (value "50000")
L 06/27/2021 - 17:31:57: [basecommands.smx] "Console<0><Console><Console>" changed cvar (cvar "fps_max") (value "0")
L 06/27/2021 - 17:31:57: [basecommands.smx] "Console<0><Console><Console>" changed cvar (cvar "hostname") (value "Versus")
L 06/27/2021 - 17:33:58: [basecommands.smx] "♛ Rain ♛<2><STEAM_1:0:162762726><>" changed cvar (cvar "vs_max_team_switches") (value "5")
L 06/27/2021 - 17:34:24: [basecommands.smx] "♛ Rain ♛<2><STEAM_1:0:162762726><>" changed cvar (cvar "vs_max_team_switches") (value "5")
L 06/27/2021 - 17:36:51: [l4d2_skill_detect.smx] Clear: 2 freed 1 from 9: time: -1.00 / 1.17 -- class: smoker (with shove? 0)
L 06/27/2021 - 17:38:09: [admin_hp.smx]  
L 06/27/2021 - 17:38:28: [l4d2_skill_detect.smx] Clear: 2 freed 3 from 6: time: 2.00 / -1.00 -- class: jockey (with shove? 0)
L 06/27/2021 - 17:40:02: [l4d2_skill_detect.smx] Clear: 8 freed 1 from 4: time: 2.81 / -1.00 -- class: hunter (with shove? 0)
L 06/27/2021 - 17:41:54: [l4d2_skill_detect.smx] Clear: 1 freed 2 from 4: time: -1.00 / 1.51 -- class: smoker (with shove? 0)
L 06/27/2021 - 17:44:10: [l4d2_skill_detect.smx] Clear: 3 freed 1 from 4: time: 2.00 / -1.00 -- class: jockey (with shove? 0)
L 06/27/2021 - 17:44:12: [l4d2_skill_detect.smx] Charge carry start: 5 - 1 -- time: 718.76
L 06/27/2021 - 17:44:16: [l4d2_skill_detect.smx] Clear: 3 freed 1 from 5: time: 1.30 / 3.94 -- class: charger (with shove? 0)
L 06/27/2021 - 17:44:16: [l4d2_skill_detect.smx] Checking charge victim: 5 - 8 - flags: 0 (alive? 1)
L 06/27/2021 - 17:44:17: [l4d2_skill_detect.smx] Checking charge victim: 5 - 1 - flags: 1 (alive? 1)
L 06/27/2021 - 17:44:49: [l4d2_skill_detect.smx] Charge carry start: 6 - 1 -- time: 755.76
L 06/27/2021 - 17:44:52: [l4d2_skill_detect.smx] Clear: 3 freed 8 from 7: time: 0.42 / -1.00 -- class: jockey (with shove? 0)
L 06/27/2021 - 17:44:53: [l4d2_skill_detect.smx] Checking charge victim: 6 - 1 - flags: 1 (alive? 1)
L 06/27/2021 - 17:44:54: [l4d2_skill_detect.smx] Clear: 8 freed 1 from 6: time: 3.50 / 4.96 -- class: charger (with shove? 0)
L 06/27/2021 - 17:45:28: [l4d2_skill_detect.smx] Clear: 2 freed 1 from 4: time: 1.36 / -1.00 -- class: hunter (with shove? 0)
L 06/27/2021 - 17:45:40: [l4d2_skill_detect.smx] Clear: 3 freed 2 from 5: time: 0.41 / -1.00 -- class: jockey (with shove? 1)
L 06/27/2021 - 17:46:06: [l4d2_skill_detect.smx] Charge carry start: 4 - 2 -- time: 832.26
L 06/27/2021 - 17:46:08: [l4d2_skill_detect.smx] Clear: 3 freed 2 from 4: time: 0.61 / 2.80 -- class: charger (with shove? 0)
L 06/27/2021 - 17:46:09: [l4d2_skill_detect.smx] Checking charge victim: 4 - 8 - flags: 0 (alive? 1)
L 06/27/2021 - 17:46:10: [l4d2_skill_detect.smx] Checking charge victim: 4 - 2 - flags: 1 (alive? 1)
L 06/27/2021 - 17:46:13: [l4d2_skill_detect.smx] Clear: 2 freed 3 from 5: time: 1.83 / -1.00 -- class: hunter (with shove? 0)
L 06/27/2021 - 17:46:49: [l4d2_skill_detect.smx] Charge carry start: 5 - 3 -- time: 876.05
L 06/27/2021 - 17:46:53: [l4d2_skill_detect.smx] Checking charge victim: 5 - 8 - flags: 0 (alive? 1)
L 06/27/2021 - 17:46:53: [l4d2_skill_detect.smx] Checking charge victim: 5 - 3 - flags: 1 (alive? 1)
L 06/27/2021 - 17:48:18: [l4d2_skill_detect.smx] Clear: 5 freed 6 from 8: time: 1.13 / -1.00 -- class: jockey (with shove? 0)
L 06/27/2021 - 17:48:32: [l4d2_tankswap.smx] ReplaceTank being called, client 🥐Le Facture Sensuale🎮 target ♛ Rain ♛
L 06/27/2021 - 17:48:32: [l4d2_tankswap.smx] ZombieManager pointer: 0x39bec00
L 06/27/2021 - 17:50:38: [l4d2_skill_detect.smx] Clear: 6 freed 7 from 3: time: 1.40 / -1.00 -- class: jockey (with shove? 1)
L 06/27/2021 - 17:53:15: [l4d2_skill_detect.smx] Clear: 6 freed 7 from 3: time: 11.42 / -1.00 -- class: jockey (with shove? 1)
L 06/27/2021 - 17:53:39: [l4d2_skill_detect.smx] Charge carry start: 2 - 5 -- time: 1285.29
L 06/27/2021 - 17:53:43: [l4d2_skill_detect.smx] Checking charge victim: 2 - 5 - flags: 1 (alive? 1)
L 06/27/2021 - 17:53:54: [l4d2_skill_detect.smx] Clear: 4 freed 5 from 2: time: 13.35 / 15.55 -- class: charger (with shove? 0)
L 06/27/2021 - 17:55:10: [l4d2_skill_detect.smx] Clear: 4 freed 5 from 3: time: 0.65 / 1.67 -- class: smoker (with shove? 1)
L 06/27/2021 - 17:57:24: [l4d2_skill_detect.smx] Clear: 6 freed 5 from 2: time: -1.00 / 1.19 -- class: smoker (with shove? 0)
L 06/27/2021 - 17:57:38: [l4d2_skill_detect.smx] Clear: 5 freed 7 from 9: time: 1.81 / -1.00 -- class: hunter (with shove? 0)
L 06/27/2021 - 17:57:39: [l4d2_skill_detect.smx] Charge carry start: 1 - 4 -- time: 1525.96
L 06/27/2021 - 17:57:43: [l4d2_skill_detect.smx] Clear: 5 freed 4 from 1: time: 1.09 / 3.07 -- class: charger (with shove? 0)
L 06/27/2021 - 17:57:43: [l4d2_skill_detect.smx] Checking charge victim: 1 - 4 - flags: 1 (alive? 1)
L 06/27/2021 - 17:58:15: [l4d2_skill_detect.smx] Clear: 5 freed 4 from 8: time: 1.79 / -1.00 -- class: hunter (with shove? 0)
L 06/27/2021 - 17:58:19: [l4d2_skill_detect.smx] Clear: 5 freed 7 from 1: time: 2.32 / -1.00 -- class: jockey (with shove? 0)
L 06/27/2021 - 17:58:54: [l4d2_skill_detect.smx] Clear: 4 freed 6 from 3: time: 0.91 / 1601.00 -- class: charger (with shove? 0)
L 06/27/2021 - 17:59:23: -------- Mapchange to c2m2_fairgrounds --------
L 06/27/2021 - 17:59:29: [basecommands.smx] "Console<0><Console><Console>" changed cvar (cvar "sv_force_time_of_day") (value "0")
L 06/27/2021 - 17:59:29: [basecommands.smx] "Console<0><Console><Console>" changed cvar (cvar "z_witch_damage_per_kill_hit") (value "120")
L 06/27/2021 - 17:59:29: [basecommands.smx] "Console<0><Console><Console>" changed cvar (cvar "z_witch_anger_rate") (value "0.4")
L 06/27/2021 - 17:59:29: [basecommands.smx] "Console<0><Console><Console>" changed cvar (cvar "z_witch_flashlight_range") (value "2000")
L 06/27/2021 - 17:59:29: [basecommands.smx] "Console<0><Console><Console>" changed cvar (cvar "z_witch_burn_time") (value "100")
L 06/27/2021 - 17:59:29: [basecommands.smx] "Console<0><Console><Console>" changed cvar (cvar "z_tank_health") (value "4000")
L 06/27/2021 - 17:59:29: [basecommands.smx] "Console<0><Console><Console>" changed cvar (cvar "z_ghost_delay_min") (value "15")
L 06/27/2021 - 17:59:29: [basecommands.smx] "Console<0><Console><Console>" changed cvar (cvar "z_ghost_delay_max") (value "15")
L 06/27/2021 - 17:59:29: [basecommands.smx] "Console<0><Console><Console>" changed cvar (cvar "z_hunter_limit") (value "1")
L 06/27/2021 - 17:59:29: [basecommands.smx] "Console<0><Console><Console>" changed cvar (cvar "z_smoker_limit") (value "1")
L 06/27/2021 - 17:59:29: [basecommands.smx] "Console<0><Console><Console>" changed cvar (cvar "z_jockey_limit") (value "1")
L 06/27/2021 - 17:59:29: [basecommands.smx] "Console<0><Console><Console>" changed cvar (cvar "versus_tank_chance_intro") (value "1")
L 06/27/2021 - 17:59:29: [basecommands.smx] "Console<0><Console><Console>" changed cvar (cvar "versus_tank_chance_finale") (value "1")
L 06/27/2021 - 17:59:29: [basecommands.smx] "Console<0><Console><Console>" changed cvar (cvar "versus_tank_chance") (value "1")
L 06/27/2021 - 17:59:29: [basecommands.smx] "Console<0><Console><Console>" changed cvar (cvar "versus_witch_chance_intro") (value "0")
L 06/27/2021 - 17:59:29: [basecommands.smx] "Console<0><Console><Console>" changed cvar (cvar "versus_witch_chance_finale") (value "0")
L 06/27/2021 - 17:59:29: [basecommands.smx] "Console<0><Console><Console>" changed cvar (cvar "versus_witch_chance") (value "1")
L 06/27/2021 - 17:59:29: [basecommands.smx] "Console<0><Console><Console>" changed cvar (cvar "director_force_tank") (value "1")
L 06/27/2021 - 17:59:29: [basecommands.smx] "Console<0><Console><Console>" changed cvar (cvar "versus_boss_flow_min") (value "0.4")
L 06/27/2021 - 17:59:29: [basecommands.smx] "Console<0><Console><Console>" changed cvar (cvar "versus_boss_flow_max") (value "0.6")
L 06/27/2021 - 17:59:29: [basecommands.smx] "Console<0><Console><Console>" changed cvar (cvar "versus_boss_flow_min_intro") (value "0.1")
L 06/27/2021 - 17:59:29: [basecommands.smx] "Console<0><Console><Console>" changed cvar (cvar "versus_boss_flow_max_intro") (value "0.2")
L 06/27/2021 - 17:59:29: [basecommands.smx] "Console<0><Console><Console>" changed cvar (cvar "versus_boss_flow_min_finale") (value "0.1")
L 06/27/2021 - 17:59:29: [basecommands.smx] "Console<0><Console><Console>" changed cvar (cvar "versus_boss_flow_max_finale") (value "0.2")
L 06/27/2021 - 17:59:29: [basecommands.smx] "Console<0><Console><Console>" changed cvar (cvar "boomer_vomit_delay") (value "0.1")
L 06/27/2021 - 17:59:29: [basecommands.smx] "Console<0><Console><Console>" changed cvar (cvar "smoker_tongue_delay") (value "0.1")
L 06/27/2021 - 17:59:29: [basecommands.smx] "Console<0><Console><Console>" changed cvar (cvar "vs_survival_bonus") (value "35")
L 06/27/2021 - 17:59:29: [basecommands.smx] "Console<0><Console><Console>" changed cvar (cvar "z_tank_throw_health") (value "10")
L 06/27/2021 - 17:59:29: [basecommands.smx] "Console<0><Console><Console>" changed cvar (cvar "sv_client_min_interp_ratio") (value "-1")
L 06/27/2021 - 17:59:29: [basecommands.smx] "Console<0><Console><Console>" changed cvar (cvar "sv_client_max_interp_ratio") (value "0")
L 06/27/2021 - 17:59:29: [basecommands.smx] "Console<0><Console><Console>" changed cvar (cvar "sv_minrate") (value "100000")
L 06/27/2021 - 17:59:29: [basecommands.smx] "Console<0><Console><Console>" changed cvar (cvar "sv_maxrate") (value "100000")
L 06/27/2021 - 17:59:29: [basecommands.smx] "Console<0><Console><Console>" changed cvar (cvar "sv_mincmdrate") (value "100")
L 06/27/2021 - 17:59:29: [basecommands.smx] "Console<0><Console><Console>" changed cvar (cvar "sv_maxcmdrate") (value "100")
L 06/27/2021 - 17:59:29: [basecommands.smx] "Console<0><Console><Console>" changed cvar (cvar "sv_minupdaterate") (value "100")
L 06/27/2021 - 17:59:29: [basecommands.smx] "Console<0><Console><Console>" changed cvar (cvar "sv_maxupdaterate") (value "100")
L 06/27/2021 - 17:59:29: [basecommands.smx] "Console<0><Console><Console>" changed cvar (cvar "nb_update_frequency") (value "0.014")
L 06/27/2021 - 17:59:29: [basecommands.smx] "Console<0><Console><Console>" changed cvar (cvar "net_splitpacket_maxrate") (value "50000")
L 06/27/2021 - 17:59:29: [basecommands.smx] "Console<0><Console><Console>" changed cvar (cvar "fps_max") (value "0")
L 06/27/2021 - 17:59:29: [basecommands.smx] "Console<0><Console><Console>" changed cvar (cvar "hostname") (value "Versus")
L 06/27/2021 - 18:01:25: [l4d2_skill_detect.smx] Clear: 5 freed 7 from 2: time: 1.02 / -1.00 -- class: hunter (with shove? 0)
L 06/27/2021 - 18:01:32: [l4d2_skill_detect.smx] Charge carry start: 1 - 4 -- time: 116.65
L 06/27/2021 - 18:01:34: [l4d2_skill_detect.smx] Clear: 6 freed 4 from 1: time: 0.88 / 1.98 -- class: charger (with shove? 0)
L 06/27/2021 - 18:01:35: [l4d2_skill_detect.smx] Checking charge victim: 1 - 4 - flags: 1 (alive? 1)
L 06/27/2021 - 18:01:54: [l4d2_skill_detect.smx] Clear: 7 freed 4 from 2: time: -1.00 / 1.37 -- class: smoker (with shove? 1)
L 06/27/2021 - 18:02:14: [l4d2_skill_detect.smx] Clear: 6 freed 7 from 8: time: 2.13 / 158.22 -- class: charger (with shove? 0)
L 06/27/2021 - 18:02:32: [l4d2_skill_detect.smx] Clear: 5 freed 7 from 1: time: -1.00 / 1.09 -- class: smoker (with shove? 0)
L 06/27/2021 - 18:02:54: [l4d2_skill_detect.smx] Clear: 5 freed 4 from 10: time: 198.13 / -1.00 -- class: jockey (with shove? 0)
L 06/27/2021 - 18:03:05: [l4d2_skill_detect.smx] Clear: 6 freed 7 from 8: time: 2.66 / -1.00 -- class: hunter (with shove? 0)
L 06/27/2021 - 18:03:43: [l4d2_skill_detect.smx] Clear: 6 freed 5 from 8: time: -1.00 / 2.05 -- class: smoker (with shove? 0)
L 06/27/2021 - 18:06:55: [l4d2_skill_detect.smx] Clear: 2 freed 9 from 7: time: 1.52 / -1.00 -- class: hunter (with shove? 0)
L 06/27/2021 - 18:08:55: [l4d2_skill_detect.smx] Charge carry start: 5 - 2 -- time: 518.05
L 06/27/2021 - 18:08:59: [l4d2_skill_detect.smx] Clear: 3 freed 2 from 5: time: 1.84 / 3.76 -- class: charger (with shove? 0)
L 06/27/2021 - 18:09:00: [l4d2_skill_detect.smx] Checking charge victim: 5 - 2 - flags: 1 (alive? 1)
L 06/27/2021 - 18:09:05: [l4d2_skill_detect.smx] Clear: 1 freed 8 from 4: time: -1.00 / 2.60 -- class: smoker (with shove? 0)
L 06/27/2021 - 18:09:53: [l4d2_skill_detect.smx] Clear: 8 freed 3 from 9: time: -1.00 / 2.69 -- class: smoker (with shove? 0)
L 06/27/2021 - 18:09:54: [l4d2_skill_detect.smx] Clear: 3 freed 2 from 4: time: 0.77 / -1.00 -- class: hunter (with shove? 0)
L 06/27/2021 - 18:10:59: [l4d2_skill_detect.smx] Clear: 2 freed 8 from 6: time: 0.60 / -1.00 -- class: hunter (with shove? 1)
L 06/27/2021 - 18:11:16: [l4d2_skill_detect.smx] Clear: 8 freed 3 from 7: time: -1.00 / 0.29 -- class: smoker (with shove? 0)
L 06/27/2021 - 18:13:10: [l4d2_skill_detect.smx] Clear: 2 freed 1 from 6: time: 4.28 / 773.32 -- class: charger (with shove? 0)
L 06/27/2021 - 18:13:22: [l4d2_skill_detect.smx] Clear: 3 freed 8 from 5: time: 12.53 / -1.00 -- class: jockey (with shove? 0)
L 06/27/2021 - 18:13:51: [l4d2_skill_detect.smx] Clear: 1 freed 2 from 4: time: 1.76 / -1.00 -- class: hunter (with shove? 0)
L 06/27/2021 - 18:14:41: [l4d2_skill_detect.smx] Charge carry start: 5 - 2 -- time: 864.14
L 06/27/2021 - 18:14:47: [l4d2_skill_detect.smx] Checking charge victim: 5 - 2 - flags: 1 (alive? 0)
L 06/27/2021 - 18:15:13: -------- Mapchange to c2m3_coaster --------
L 06/27/2021 - 18:15:18: [basecommands.smx] "Console<0><Console><Console>" changed cvar (cvar "sv_force_time_of_day") (value "0")
L 06/27/2021 - 18:15:18: [basecommands.smx] "Console<0><Console><Console>" changed cvar (cvar "z_witch_damage_per_kill_hit") (value "120")
L 06/27/2021 - 18:15:18: [basecommands.smx] "Console<0><Console><Console>" changed cvar (cvar "z_witch_anger_rate") (value "0.4")
L 06/27/2021 - 18:15:18: [basecommands.smx] "Console<0><Console><Console>" changed cvar (cvar "z_witch_flashlight_range") (value "2000")
L 06/27/2021 - 18:15:18: [basecommands.smx] "Console<0><Console><Console>" changed cvar (cvar "z_witch_burn_time") (value "100")
L 06/27/2021 - 18:15:18: [basecommands.smx] "Console<0><Console><Console>" changed cvar (cvar "z_tank_health") (value "4000")
L 06/27/2021 - 18:15:18: [basecommands.smx] "Console<0><Console><Console>" changed cvar (cvar "z_ghost_delay_min") (value "15")
L 06/27/2021 - 18:15:18: [basecommands.smx] "Console<0><Console><Console>" changed cvar (cvar "z_ghost_delay_max") (value "15")
L 06/27/2021 - 18:15:18: [basecommands.smx] "Console<0><Console><Console>" changed cvar (cvar "z_hunter_limit") (value "1")
L 06/27/2021 - 18:15:18: [basecommands.smx] "Console<0><Console><Console>" changed cvar (cvar "z_smoker_limit") (value "1")
L 06/27/2021 - 18:15:18: [basecommands.smx] "Console<0><Console><Console>" changed cvar (cvar "z_jockey_limit") (value "1")
L 06/27/2021 - 18:15:18: [basecommands.smx] "Console<0><Console><Console>" changed cvar (cvar "versus_tank_chance_intro") (value "1")
L 06/27/2021 - 18:15:18: [basecommands.smx] "Console<0><Console><Console>" changed cvar (cvar "versus_tank_chance_finale") (value "1")
L 06/27/2021 - 18:15:18: [basecommands.smx] "Console<0><Console><Console>" changed cvar (cvar "versus_tank_chance") (value "1")
L 06/27/2021 - 18:15:18: [basecommands.smx] "Console<0><Console><Console>" changed cvar (cvar "versus_witch_chance_intro") (value "0")
L 06/27/2021 - 18:15:18: [basecommands.smx] "Console<0><Console><Console>" changed cvar (cvar "versus_witch_chance_finale") (value "0")
L 06/27/2021 - 18:15:18: [basecommands.smx] "Console<0><Console><Console>" changed cvar (cvar "versus_witch_chance") (value "1")
L 06/27/2021 - 18:15:18: [basecommands.smx] "Console<0><Console><Console>" changed cvar (cvar "director_force_tank") (value "1")
L 06/27/2021 - 18:15:18: [basecommands.smx] "Console<0><Console><Console>" changed cvar (cvar "versus_boss_flow_min") (value "0.4")
L 06/27/2021 - 18:15:18: [basecommands.smx] "Console<0><Console><Console>" changed cvar (cvar "versus_boss_flow_max") (value "0.6")
L 06/27/2021 - 18:15:18: [basecommands.smx] "Console<0><Console><Console>" changed cvar (cvar "versus_boss_flow_min_intro") (value "0.1")
L 06/27/2021 - 18:15:18: [basecommands.smx] "Console<0><Console><Console>" changed cvar (cvar "versus_boss_flow_max_intro") (value "0.2")
L 06/27/2021 - 18:15:18: [basecommands.smx] "Console<0><Console><Console>" changed cvar (cvar "versus_boss_flow_min_finale") (value "0.1")
L 06/27/2021 - 18:15:18: [basecommands.smx] "Console<0><Console><Console>" changed cvar (cvar "versus_boss_flow_max_finale") (value "0.2")
L 06/27/2021 - 18:15:18: [basecommands.smx] "Console<0><Console><Console>" changed cvar (cvar "boomer_vomit_delay") (value "0.1")
L 06/27/2021 - 18:15:18: [basecommands.smx] "Console<0><Console><Console>" changed cvar (cvar "smoker_tongue_delay") (value "0.1")
L 06/27/2021 - 18:15:18: [basecommands.smx] "Console<0><Console><Console>" changed cvar (cvar "vs_survival_bonus") (value "35")
L 06/27/2021 - 18:15:18: [basecommands.smx] "Console<0><Console><Console>" changed cvar (cvar "z_tank_throw_health") (value "10")
L 06/27/2021 - 18:15:18: [basecommands.smx] "Console<0><Console><Console>" changed cvar (cvar "sv_client_min_interp_ratio") (value "-1")
L 06/27/2021 - 18:15:18: [basecommands.smx] "Console<0><Console><Console>" changed cvar (cvar "sv_client_max_interp_ratio") (value "0")
L 06/27/2021 - 18:15:18: [basecommands.smx] "Console<0><Console><Console>" changed cvar (cvar "sv_minrate") (value "100000")
L 06/27/2021 - 18:15:18: [basecommands.smx] "Console<0><Console><Console>" changed cvar (cvar "sv_maxrate") (value "100000")
L 06/27/2021 - 18:15:18: [basecommands.smx] "Console<0><Console><Console>" changed cvar (cvar "sv_mincmdrate") (value "100")
L 06/27/2021 - 18:15:18: [basecommands.smx] "Console<0><Console><Console>" changed cvar (cvar "sv_maxcmdrate") (value "100")
L 06/27/2021 - 18:15:18: [basecommands.smx] "Console<0><Console><Console>" changed cvar (cvar "sv_minupdaterate") (value "100")
L 06/27/2021 - 18:15:18: [basecommands.smx] "Console<0><Console><Console>" changed cvar (cvar "sv_maxupdaterate") (value "100")
L 06/27/2021 - 18:15:18: [basecommands.smx] "Console<0><Console><Console>" changed cvar (cvar "nb_update_frequency") (value "0.014")
L 06/27/2021 - 18:15:18: [basecommands.smx] "Console<0><Console><Console>" changed cvar (cvar "net_splitpacket_maxrate") (value "50000")
L 06/27/2021 - 18:15:18: [basecommands.smx] "Console<0><Console><Console>" changed cvar (cvar "fps_max") (value "0")
L 06/27/2021 - 18:15:18: [basecommands.smx] "Console<0><Console><Console>" changed cvar (cvar "hostname") (value "Versus")
L 06/27/2021 - 18:16:24: [l4d2_skill_detect.smx] Clear: 4 freed 5 from 8: time: 0.86 / 59.68 -- class: charger (with shove? 0)
L 06/27/2021 - 18:16:26: [l4d2_skill_detect.smx] Clear: 4 freed 5 from 3: time: 2.45 / -1.00 -- class: jockey (with shove? 0)
L 06/27/2021 - 18:17:38: [l4d2_skill_detect.smx] Charge carry start: 3 - 5 -- time: 134.25
L 06/27/2021 - 18:17:41: [l4d2_skill_detect.smx] Checking charge victim: 3 - 5 - flags: 1 (alive? 1)
L 06/27/2021 - 18:17:43: [l4d2_skill_detect.smx] Clear: 4 freed 5 from 3: time: 3.60 / 4.52 -- class: charger (with shove? 0)
L 06/27/2021 - 18:17:46: [l4d2_skill_detect.smx] Clear: 4 freed 6 from 8: time: 8.17 / -1.00 -- class: jockey (with shove? 0)
L 06/27/2021 - 18:18:12: [l4d2_skill_detect.smx] Clear: 4 freed 7 from 2: time: 0.78 / -1.00 -- class: hunter (with shove? 0)
L 06/27/2021 - 18:18:44: [l4d2_skill_detect.smx] Clear: 5 freed 7 from 2: time: 3.34 / 200.12 -- class: charger (with shove? 0)
L 06/27/2021 - 18:18:50: [l4d2_skill_detect.smx] Clear: 5 freed 6 from 1: time: 4.13 / 4.13 -- class: smoker (with shove? 1)
L 06/27/2021 - 18:20:15: [l4d2_skill_detect.smx] Witch Crown Check: Failed: bungled: 1 / crowntype: 0 (entity: 565)
L 06/27/2021 - 18:20:15: [l4d2_skill_detect.smx] Witch Crown Check: Further details: attacker: Aledragneel, attacker dmg: 699, teamless dmg: 8
L 06/27/2021 - 18:20:40: [l4d2_skill_detect.smx] Clear: 5 freed 4 from 2: time: 2.20 / -1.00 -- class: jockey (with shove? 0)
L 06/27/2021 - 18:21:40: [l4d2_tankswap.smx] ReplaceTank being called, client 🥐Le Facture Sensuale🎮 target ♛ Rain ♛
L 06/27/2021 - 18:21:40: [l4d2_tankswap.smx] ZombieManager pointer: 0x39bec00
L 06/27/2021 - 18:21:49: [l4d2_skill_detect.smx] Charge carry start: 2 - 6 -- time: 385.51
L 06/27/2021 - 18:21:53: [l4d2_skill_detect.smx] Clear: 5 freed 6 from 2: time: 1.79 / 4.05 -- class: charger (with shove? 0)
L 06/27/2021 - 18:21:54: [l4d2_skill_detect.smx] Checking charge victim: 2 - 6 - flags: 1 (alive? 1)
L 06/27/2021 - 18:22:26: [l4d2_skill_detect.smx] Clear: 5 freed 6 from 3: time: 1.69 / -1.00 -- class: jockey (with shove? 0)
L 06/27/2021 - 18:24:56: [l4d2_skill_detect.smx] Clear: 3 freed 8 from 7: time: 3.82 / 7.67 -- class: smoker (with shove? 0)
L 06/27/2021 - 18:24:57: [l4d2_skill_detect.smx] Charge carry start: 6 - 3 -- time: 573.04
L 06/27/2021 - 18:25:01: [l4d2_skill_detect.smx] Checking charge victim: 6 - 3 - flags: 1 (alive? 1)
L 06/27/2021 - 18:25:05: [l4d2_skill_detect.smx] Clear: 8 freed 3 from 6: time: 5.37 / 7.71 -- class: charger (with shove? 0)
L 06/27/2021 - 18:25:05: [l4d2_skill_detect.smx] Clear: 2 freed 1 from 5: time: 9.88 / -1.00 -- class: jockey (with shove? 0)
L 06/27/2021 - 18:25:34: [l4d2_skill_detect.smx] Clear: 2 freed 8 from 6: time: -1.00 / 0.00 -- class: smoker (with shove? 0)
L 06/27/2021 - 18:25:43: [l4d2_skill_detect.smx] Clear: 8 freed 2 from 6: time: -1.00 / 5.55 -- class: smoker (with shove? 0)
L 06/27/2021 - 18:26:26: [l4d2_skill_detect.smx] Clear: 3 freed 1 from 4: time: 0.84 / -1.00 -- class: jockey (with shove? 1)
L 06/27/2021 - 18:26:48: [l4d2_skill_detect.smx] Clear: 3 freed 1 from 6: time: -1.00 / 0.09 -- class: smoker (with shove? 0)
L 06/27/2021 - 18:26:48: [l4d2_skill_detect.smx] Witch Crown Check: crown shot: 923, harrassed: 1 (full health: 1000 / drawthresh: 500 / oneshot 0)
L 06/27/2021 - 18:26:59: [l4d2_skill_detect.smx] Charge carry start: 4 - 8 -- time: 694.95
L 06/27/2021 - 18:27:00: [l4d2_skill_detect.smx] Clear: 3 freed 8 from 4: time: 0.53 / 1.37 -- class: charger (with shove? 0)
L 06/27/2021 - 18:27:02: [l4d2_skill_detect.smx] Checking charge victim: 4 - 8 - flags: 1 (alive? 1)
L 06/27/2021 - 18:27:54: [l4d2_skill_detect.smx] Clear: 2 freed 8 from 10: time: 1.58 / -1.00 -- class: jockey (with shove? 0)
L 06/27/2021 - 18:27:55: [l4d2_skill_detect.smx] Charge carry start: 7 - 1 -- time: 750.60
L 06/27/2021 - 18:27:58: [l4d2_skill_detect.smx] Checking charge victim: 7 - 1 - flags: 1 (alive? 1)
L 06/27/2021 - 18:27:58: [l4d2_skill_detect.smx] Clear: 8 freed 2 from 4: time: -1.00 / 1.20 -- class: smoker (with shove? 1)
L 06/27/2021 - 18:28:12: [l4d2_skill_detect.smx] Clear: 8 freed 1 from 7: time: 16.55 / 17.94 -- class: charger (with shove? 0)
L 06/27/2021 - 18:29:01: -------- Mapchange to c2m4_barns --------
L 06/27/2021 - 18:29:03: [basecommands.smx] "Console<0><Console><Console>" changed cvar (cvar "sv_force_time_of_day") (value "0")
L 06/27/2021 - 18:29:03: [basecommands.smx] "Console<0><Console><Console>" changed cvar (cvar "z_witch_damage_per_kill_hit") (value "120")
L 06/27/2021 - 18:29:03: [basecommands.smx] "Console<0><Console><Console>" changed cvar (cvar "z_witch_anger_rate") (value "0.4")
L 06/27/2021 - 18:29:03: [basecommands.smx] "Console<0><Console><Console>" changed cvar (cvar "z_witch_flashlight_range") (value "2000")
L 06/27/2021 - 18:29:03: [basecommands.smx] "Console<0><Console><Console>" changed cvar (cvar "z_witch_burn_time") (value "100")
L 06/27/2021 - 18:29:03: [basecommands.smx] "Console<0><Console><Console>" changed cvar (cvar "z_tank_health") (value "4000")
L 06/27/2021 - 18:29:03: [basecommands.smx] "Console<0><Console><Console>" changed cvar (cvar "z_ghost_delay_min") (value "15")
L 06/27/2021 - 18:29:03: [basecommands.smx] "Console<0><Console><Console>" changed cvar (cvar "z_ghost_delay_max") (value "15")
L 06/27/2021 - 18:29:03: [basecommands.smx] "Console<0><Console><Console>" changed cvar (cvar "z_hunter_limit") (value "1")
L 06/27/2021 - 18:29:03: [basecommands.smx] "Console<0><Console><Console>" changed cvar (cvar "z_smoker_limit") (value "1")
L 06/27/2021 - 18:29:03: [basecommands.smx] "Console<0><Console><Console>" changed cvar (cvar "z_jockey_limit") (value "1")
L 06/27/2021 - 18:29:03: [basecommands.smx] "Console<0><Console><Console>" changed cvar (cvar "versus_tank_chance_intro") (value "1")
L 06/27/2021 - 18:29:03: [basecommands.smx] "Console<0><Console><Console>" changed cvar (cvar "versus_tank_chance_finale") (value "1")
L 06/27/2021 - 18:29:03: [basecommands.smx] "Console<0><Console><Console>" changed cvar (cvar "versus_tank_chance") (value "1")
L 06/27/2021 - 18:29:03: [basecommands.smx] "Console<0><Console><Console>" changed cvar (cvar "versus_witch_chance_intro") (value "0")
L 06/27/2021 - 18:29:03: [basecommands.smx] "Console<0><Console><Console>" changed cvar (cvar "versus_witch_chance_finale") (value "0")
L 06/27/2021 - 18:29:03: [basecommands.smx] "Console<0><Console><Console>" changed cvar (cvar "versus_witch_chance") (value "1")
L 06/27/2021 - 18:29:03: [basecommands.smx] "Console<0><Console><Console>" changed cvar (cvar "director_force_tank") (value "1")
L 06/27/2021 - 18:29:03: [basecommands.smx] "Console<0><Console><Console>" changed cvar (cvar "versus_boss_flow_min") (value "0.4")
L 06/27/2021 - 18:29:03: [basecommands.smx] "Console<0><Console><Console>" changed cvar (cvar "versus_boss_flow_max") (value "0.6")
L 06/27/2021 - 18:29:03: [basecommands.smx] "Console<0><Console><Console>" changed cvar (cvar "versus_boss_flow_min_intro") (value "0.1")
L 06/27/2021 - 18:29:03: [basecommands.smx] "Console<0><Console><Console>" changed cvar (cvar "versus_boss_flow_max_intro") (value "0.2")
L 06/27/2021 - 18:29:03: [basecommands.smx] "Console<0><Console><Console>" changed cvar (cvar "versus_boss_flow_min_finale") (value "0.1")
L 06/27/2021 - 18:29:03: [basecommands.smx] "Console<0><Console><Console>" changed cvar (cvar "versus_boss_flow_max_finale") (value "0.2")
L 06/27/2021 - 18:29:03: [basecommands.smx] "Console<0><Console><Console>" changed cvar (cvar "boomer_vomit_delay") (value "0.1")
L 06/27/2021 - 18:29:03: [basecommands.smx] "Console<0><Console><Console>" changed cvar (cvar "smoker_tongue_delay") (value "0.1")
L 06/27/2021 - 18:29:03: [basecommands.smx] "Console<0><Console><Console>" changed cvar (cvar "vs_survival_bonus") (value "35")
L 06/27/2021 - 18:29:03: [basecommands.smx] "Console<0><Console><Console>" changed cvar (cvar "z_tank_throw_health") (value "10")
L 06/27/2021 - 18:29:03: [basecommands.smx] "Console<0><Console><Console>" changed cvar (cvar "sv_client_min_interp_ratio") (value "-1")
L 06/27/2021 - 18:29:03: [basecommands.smx] "Console<0><Console><Console>" changed cvar (cvar "sv_client_max_interp_ratio") (value "0")
L 06/27/2021 - 18:29:03: [basecommands.smx] "Console<0><Console><Console>" changed cvar (cvar "sv_minrate") (value "100000")
L 06/27/2021 - 18:29:03: [basecommands.smx] "Console<0><Console><Console>" changed cvar (cvar "sv_maxrate") (value "100000")
L 06/27/2021 - 18:29:03: [basecommands.smx] "Console<0><Console><Console>" changed cvar (cvar "sv_mincmdrate") (value "100")
L 06/27/2021 - 18:29:03: [basecommands.smx] "Console<0><Console><Console>" changed cvar (cvar "sv_maxcmdrate") (value "100")
L 06/27/2021 - 18:29:03: [basecommands.smx] "Console<0><Console><Console>" changed cvar (cvar "sv_minupdaterate") (value "100")
L 06/27/2021 - 18:29:03: [basecommands.smx] "Console<0><Console><Console>" changed cvar (cvar "sv_maxupdaterate") (value "100")
L 06/27/2021 - 18:29:03: [basecommands.smx] "Console<0><Console><Console>" changed cvar (cvar "nb_update_frequency") (value "0.014")
L 06/27/2021 - 18:29:03: [basecommands.smx] "Console<0><Console><Console>" changed cvar (cvar "net_splitpacket_maxrate") (value "50000")
L 06/27/2021 - 18:29:03: [basecommands.smx] "Console<0><Console><Console>" changed cvar (cvar "fps_max") (value "0")
L 06/27/2021 - 18:29:03: [basecommands.smx] "Console<0><Console><Console>" changed cvar (cvar "hostname") (value "Versus")
L 06/27/2021 - 18:31:47: [l4d2_skill_detect.smx] Clear: 6 freed 9 from 3: time: 0.61 / -1.00 -- class: hunter (with shove? 0)
L 06/27/2021 - 18:32:59: [l4d2_skill_detect.smx] Clear: 7 freed 6 from 8: time: 0.97 / -1.00 -- class: jockey (with shove? 1)
L 06/27/2021 - 18:33:01: [l4d2_skill_detect.smx] Charge carry start: 1 - 5 -- time: 234.92
L 06/27/2021 - 18:33:06: [l4d2_skill_detect.smx] Checking charge victim: 1 - 5 - flags: 1 (alive? 1)
L 06/27/2021 - 18:33:13: [l4d2_skill_detect.smx] Clear: 7 freed 5 from 1: time: 8.92 / 12.11 -- class: charger (with shove? 0)
L 06/27/2021 - 18:33:57: [l4d2_skill_detect.smx] Clear: 6 freed 7 from 3: time: 3.42 / -1.00 -- class: jockey (with shove? 0)
L 06/27/2021 - 18:34:11: [l4d2_skill_detect.smx] Charge carry start: 2 - 9 -- time: 304.69
L 06/27/2021 - 18:34:14: [l4d2_skill_detect.smx] Checking charge victim: 2 - 9 - flags: 1 (alive? 1)
L 06/27/2021 - 18:34:14: [l4d2_skill_detect.smx] Checking charge victim: 2 - 6 - flags: 0 (alive? 1)
L 06/27/2021 - 18:34:14: [l4d2_skill_detect.smx] Clear: 4 freed 9 from 2: time: 2.41 / 3.57 -- class: charger (with shove? 0)
L 06/27/2021 - 18:34:19: [l4d2_skill_detect.smx] Clear: 9 freed 7 from 1: time: 1.66 / -1.00 -- class: hunter (with shove? 1)
L 06/27/2021 - 18:35:01: [l4d2_skill_detect.smx] Clear: 9 freed 4 from 1: time: 0.09 / 3.22 -- class: smoker (with shove? 1)
L 06/27/2021 - 18:35:27: [l4d2_skill_detect.smx] Clear: 7 freed 6 from 2: time: 0.91 / -1.00 -- class: hunter (with shove? 0)
L 06/27/2021 - 18:35:54: [l4d2_skill_detect.smx] Clear: 5 freed 7 from 1: time: 0.63 / -1.00 -- class: jockey (with shove? 0)
L 06/27/2021 - 18:37:24: [l4d2_skill_detect.smx] Clear: 7 freed 6 from 8: time: -1.00 / 1.42 -- class: smoker (with shove? 1)
L 06/27/2021 - 18:37:40: [l4d2_skill_detect.smx] Witch Crown Check: crown shot: 914, harrassed: 0 (full health: 1000 / drawthresh: 500 / oneshot 1)
L 06/27/2021 - 18:37:50: [l4d2_skill_detect.smx] Charge carry start: 2 - 7 -- time: 524.38
L 06/27/2021 - 18:37:56: [l4d2_skill_detect.smx] Checking charge victim: 2 - 7 - flags: 1 (alive? 1)
L 06/27/2021 - 18:38:01: [l4d2_skill_detect.smx] Clear: 6 freed 7 from 2: time: 7.04 / 10.52 -- class: charger (with shove? 0)
L 06/27/2021 - 18:38:26: [l4d2_skill_detect.smx] Clear: 6 freed 6 from 3: time: -1.00 / 0.14 -- class: smoker (with shove? 0)
L 06/27/2021 - 18:38:39: [l4d2_skill_detect.smx] Clear: 7 freed 6 from 2: time: 5.23 / -1.00 -- class: hunter (with shove? 0)
L 06/27/2021 - 18:38:48: [l4d2_skill_detect.smx] Charge carry start: 1 - 6 -- time: 582.01
L 06/27/2021 - 18:38:53: [l4d2_skill_detect.smx] Checking charge victim: 1 - 6 - flags: 1 (alive? 1)
L 06/27/2021 - 18:40:45: [l4d2_skill_detect.smx] Clear: 8 freed 2 from 6: time: 1.00 / -1.00 -- class: hunter (with shove? 0)
L 06/27/2021 - 18:42:37: [l4d2_skill_detect.smx] Clear: 3 freed 1 from 4: time: 1.28 / -1.00 -- class: hunter (with shove? 0)
L 06/27/2021 - 18:43:18: -------- Mapchange to c2m5_concert --------
L 06/27/2021 - 18:43:19: [basecommands.smx] "Console<0><Console><Console>" changed cvar (cvar "sv_force_time_of_day") (value "0")
L 06/27/2021 - 18:43:19: [basecommands.smx] "Console<0><Console><Console>" changed cvar (cvar "z_witch_damage_per_kill_hit") (value "120")
L 06/27/2021 - 18:43:19: [basecommands.smx] "Console<0><Console><Console>" changed cvar (cvar "z_witch_anger_rate") (value "0.4")
L 06/27/2021 - 18:43:19: [basecommands.smx] "Console<0><Console><Console>" changed cvar (cvar "z_witch_flashlight_range") (value "2000")
L 06/27/2021 - 18:43:19: [basecommands.smx] "Console<0><Console><Console>" changed cvar (cvar "z_witch_burn_time") (value "100")
L 06/27/2021 - 18:43:19: [basecommands.smx] "Console<0><Console><Console>" changed cvar (cvar "z_tank_health") (value "4000")
L 06/27/2021 - 18:43:19: [basecommands.smx] "Console<0><Console><Console>" changed cvar (cvar "z_ghost_delay_min") (value "15")
L 06/27/2021 - 18:43:19: [basecommands.smx] "Console<0><Console><Console>" changed cvar (cvar "z_ghost_delay_max") (value "15")
L 06/27/2021 - 18:43:19: [basecommands.smx] "Console<0><Console><Console>" changed cvar (cvar "z_hunter_limit") (value "1")
L 06/27/2021 - 18:43:19: [basecommands.smx] "Console<0><Console><Console>" changed cvar (cvar "z_smoker_limit") (value "1")
L 06/27/2021 - 18:43:19: [basecommands.smx] "Console<0><Console><Console>" changed cvar (cvar "z_jockey_limit") (value "1")
L 06/27/2021 - 18:43:19: [basecommands.smx] "Console<0><Console><Console>" changed cvar (cvar "versus_tank_chance_intro") (value "1")
L 06/27/2021 - 18:43:19: [basecommands.smx] "Console<0><Console><Console>" changed cvar (cvar "versus_tank_chance_finale") (value "1")
L 06/27/2021 - 18:43:19: [basecommands.smx] "Console<0><Console><Console>" changed cvar (cvar "versus_tank_chance") (value "1")
L 06/27/2021 - 18:43:19: [basecommands.smx] "Console<0><Console><Console>" changed cvar (cvar "versus_witch_chance_intro") (value "0")
L 06/27/2021 - 18:43:19: [basecommands.smx] "Console<0><Console><Console>" changed cvar (cvar "versus_witch_chance_finale") (value "0")
L 06/27/2021 - 18:43:19: [basecommands.smx] "Console<0><Console><Console>" changed cvar (cvar "versus_witch_chance") (value "1")
L 06/27/2021 - 18:43:19: [basecommands.smx] "Console<0><Console><Console>" changed cvar (cvar "director_force_tank") (value "1")
L 06/27/2021 - 18:43:19: [basecommands.smx] "Console<0><Console><Console>" changed cvar (cvar "versus_boss_flow_min") (value "0.4")
L 06/27/2021 - 18:43:19: [basecommands.smx] "Console<0><Console><Console>" changed cvar (cvar "versus_boss_flow_max") (value "0.6")
L 06/27/2021 - 18:43:19: [basecommands.smx] "Console<0><Console><Console>" changed cvar (cvar "versus_boss_flow_min_intro") (value "0.1")
L 06/27/2021 - 18:43:19: [basecommands.smx] "Console<0><Console><Console>" changed cvar (cvar "versus_boss_flow_max_intro") (value "0.2")
L 06/27/2021 - 18:43:19: [basecommands.smx] "Console<0><Console><Console>" changed cvar (cvar "versus_boss_flow_min_finale") (value "0.1")
L 06/27/2021 - 18:43:19: [basecommands.smx] "Console<0><Console><Console>" changed cvar (cvar "versus_boss_flow_max_finale") (value "0.2")
L 06/27/2021 - 18:43:20: [basecommands.smx] "Console<0><Console><Console>" changed cvar (cvar "boomer_vomit_delay") (value "0.1")
L 06/27/2021 - 18:43:20: [basecommands.smx] "Console<0><Console><Console>" changed cvar (cvar "smoker_tongue_delay") (value "0.1")
L 06/27/2021 - 18:43:20: [basecommands.smx] "Console<0><Console><Console>" changed cvar (cvar "vs_survival_bonus") (value "35")
L 06/27/2021 - 18:43:20: [basecommands.smx] "Console<0><Console><Console>" changed cvar (cvar "z_tank_throw_health") (value "10")
L 06/27/2021 - 18:43:20: [basecommands.smx] "Console<0><Console><Console>" changed cvar (cvar "sv_client_min_interp_ratio") (value "-1")
L 06/27/2021 - 18:43:20: [basecommands.smx] "Console<0><Console><Console>" changed cvar (cvar "sv_client_max_interp_ratio") (value "0")
L 06/27/2021 - 18:43:20: [basecommands.smx] "Console<0><Console><Console>" changed cvar (cvar "sv_minrate") (value "100000")
L 06/27/2021 - 18:43:20: [basecommands.smx] "Console<0><Console><Console>" changed cvar (cvar "sv_maxrate") (value "100000")
L 06/27/2021 - 18:43:20: [basecommands.smx] "Console<0><Console><Console>" changed cvar (cvar "sv_mincmdrate") (value "100")
L 06/27/2021 - 18:43:20: [basecommands.smx] "Console<0><Console><Console>" changed cvar (cvar "sv_maxcmdrate") (value "100")
L 06/27/2021 - 18:43:20: [basecommands.smx] "Console<0><Console><Console>" changed cvar (cvar "sv_minupdaterate") (value "100")
L 06/27/2021 - 18:43:20: [basecommands.smx] "Console<0><Console><Console>" changed cvar (cvar "sv_maxupdaterate") (value "100")
L 06/27/2021 - 18:43:20: [basecommands.smx] "Console<0><Console><Console>" changed cvar (cvar "nb_update_frequency") (value "0.014")
L 06/27/2021 - 18:43:20: [basecommands.smx] "Console<0><Console><Console>" changed cvar (cvar "net_splitpacket_maxrate") (value "50000")
L 06/27/2021 - 18:43:20: [basecommands.smx] "Console<0><Console><Console>" changed cvar (cvar "fps_max") (value "0")
L 06/27/2021 - 18:43:20: [basecommands.smx] "Console<0><Console><Console>" changed cvar (cvar "hostname") (value "Versus")
L 06/27/2021 - 18:43:44: [basecommands.smx] "♛ Rain ♛<2><STEAM_1:0:162762726><>" changed cvar (cvar "vs_max_team_switches") (value "5")
L 06/27/2021 - 18:45:20: [l4d2_tankswap.smx] TakeTank Command used while client menu was active, shutting down client menu
L 06/27/2021 - 18:45:20: [l4d2_tankswap.smx] ReplaceTank being called, client 🥐Le Facture Sensuale🎮 target ♛ Rain ♛
L 06/27/2021 - 18:45:20: [l4d2_tankswap.smx] ZombieManager pointer: 0x39bec00
L 06/27/2021 - 18:47:19: [l4d2_skill_detect.smx] Clear: 3 freed 8 from 6: time: -1.00 / 1.05 -- class: smoker (with shove? 1)
L 06/27/2021 - 18:47:23: [l4d2_skill_detect.smx] Charge carry start: 4 - 3 -- time: 241.01
L 06/27/2021 - 18:47:25: [l4d2_skill_detect.smx] Clear: 2 freed 3 from 4: time: 0.85 / 1.93 -- class: charger (with shove? 0)
L 06/27/2021 - 18:47:27: [l4d2_skill_detect.smx] Checking charge victim: 4 - 3 - flags: 1 (alive? 1)
L 06/27/2021 - 18:47:34: [l4d2_skill_detect.smx] Clear: 2 freed 3 from 5: time: 4.55 / -1.00 -- class: hunter (with shove? 1)
L 06/27/2021 - 18:48:18: [l4d2_skill_detect.smx] Charge carry start: 7 - 8 -- time: 296.07
L 06/27/2021 - 18:48:22: [l4d2_skill_detect.smx] Checking charge victim: 7 - 8 - flags: 1 (alive? 1)
L 06/27/2021 - 18:48:30: [l4d2_skill_detect.smx] Clear: 2 freed 3 from 7: time: 11.20 / 12.17 -- class: charger (with shove? 0)
L 06/27/2021 - 18:48:45: -------- Mapchange to c5m1_waterfront --------
L 06/27/2021 - 18:48:47: [basecommands.smx] "Console<0><Console><Console>" changed cvar (cvar "sv_force_time_of_day") (value "0")
L 06/27/2021 - 18:48:47: [basecommands.smx] "Console<0><Console><Console>" changed cvar (cvar "z_witch_damage_per_kill_hit") (value "120")
L 06/27/2021 - 18:48:47: [basecommands.smx] "Console<0><Console><Console>" changed cvar (cvar "z_witch_anger_rate") (value "0.4")
L 06/27/2021 - 18:48:47: [basecommands.smx] "Console<0><Console><Console>" changed cvar (cvar "z_witch_flashlight_range") (value "2000")
L 06/27/2021 - 18:48:47: [basecommands.smx] "Console<0><Console><Console>" changed cvar (cvar "z_witch_burn_time") (value "100")
L 06/27/2021 - 18:48:47: [basecommands.smx] "Console<0><Console><Console>" changed cvar (cvar "z_tank_health") (value "4000")
L 06/27/2021 - 18:48:47: [basecommands.smx] "Console<0><Console><Console>" changed cvar (cvar "z_ghost_delay_min") (value "15")
L 06/27/2021 - 18:48:47: [basecommands.smx] "Console<0><Console><Console>" changed cvar (cvar "z_ghost_delay_max") (value "15")
L 06/27/2021 - 18:48:47: [basecommands.smx] "Console<0><Console><Console>" changed cvar (cvar "z_hunter_limit") (value "1")
L 06/27/2021 - 18:48:47: [basecommands.smx] "Console<0><Console><Console>" changed cvar (cvar "z_smoker_limit") (value "1")
L 06/27/2021 - 18:48:47: [basecommands.smx] "Console<0><Console><Console>" changed cvar (cvar "z_jockey_limit") (value "1")
L 06/27/2021 - 18:48:47: [basecommands.smx] "Console<0><Console><Console>" changed cvar (cvar "versus_tank_chance_intro") (value "1")
L 06/27/2021 - 18:48:47: [basecommands.smx] "Console<0><Console><Console>" changed cvar (cvar "versus_tank_chance_finale") (value "1")
L 06/27/2021 - 18:48:47: [basecommands.smx] "Console<0><Console><Console>" changed cvar (cvar "versus_tank_chance") (value "1")
L 06/27/2021 - 18:48:47: [basecommands.smx] "Console<0><Console><Console>" changed cvar (cvar "versus_witch_chance_intro") (value "0")
L 06/27/2021 - 18:48:47: [basecommands.smx] "Console<0><Console><Console>" changed cvar (cvar "versus_witch_chance_finale") (value "0")
L 06/27/2021 - 18:48:47: [basecommands.smx] "Console<0><Console><Console>" changed cvar (cvar "versus_witch_chance") (value "1")
L 06/27/2021 - 18:48:47: [basecommands.smx] "Console<0><Console><Console>" changed cvar (cvar "director_force_tank") (value "1")
L 06/27/2021 - 18:48:47: [basecommands.smx] "Console<0><Console><Console>" changed cvar (cvar "versus_boss_flow_min") (value "0.4")
L 06/27/2021 - 18:48:47: [basecommands.smx] "Console<0><Console><Console>" changed cvar (cvar "versus_boss_flow_max") (value "0.6")
L 06/27/2021 - 18:48:47: [basecommands.smx] "Console<0><Console><Console>" changed cvar (cvar "versus_boss_flow_min_intro") (value "0.1")
L 06/27/2021 - 18:48:47: [basecommands.smx] "Console<0><Console><Console>" changed cvar (cvar "versus_boss_flow_max_intro") (value "0.2")
L 06/27/2021 - 18:48:47: [basecommands.smx] "Console<0><Console><Console>" changed cvar (cvar "versus_boss_flow_min_finale") (value "0.1")
L 06/27/2021 - 18:48:47: [basecommands.smx] "Console<0><Console><Console>" changed cvar (cvar "versus_boss_flow_max_finale") (value "0.2")
L 06/27/2021 - 18:48:47: [basecommands.smx] "Console<0><Console><Console>" changed cvar (cvar "boomer_vomit_delay") (value "0.1")
L 06/27/2021 - 18:48:47: [basecommands.smx] "Console<0><Console><Console>" changed cvar (cvar "smoker_tongue_delay") (value "0.1")
L 06/27/2021 - 18:48:47: [basecommands.smx] "Console<0><Console><Console>" changed cvar (cvar "vs_survival_bonus") (value "35")
L 06/27/2021 - 18:48:47: [basecommands.smx] "Console<0><Console><Console>" changed cvar (cvar "z_tank_throw_health") (value "10")
L 06/27/2021 - 18:48:47: [basecommands.smx] "Console<0><Console><Console>" changed cvar (cvar "sv_client_min_interp_ratio") (value "-1")
L 06/27/2021 - 18:48:47: [basecommands.smx] "Console<0><Console><Console>" changed cvar (cvar "sv_client_max_interp_ratio") (value "0")
L 06/27/2021 - 18:48:47: [basecommands.smx] "Console<0><Console><Console>" changed cvar (cvar "sv_minrate") (value "100000")
L 06/27/2021 - 18:48:47: [basecommands.smx] "Console<0><Console><Console>" changed cvar (cvar "sv_maxrate") (value "100000")
L 06/27/2021 - 18:48:47: [basecommands.smx] "Console<0><Console><Console>" changed cvar (cvar "sv_mincmdrate") (value "100")
L 06/27/2021 - 18:48:47: [basecommands.smx] "Console<0><Console><Console>" changed cvar (cvar "sv_maxcmdrate") (value "100")
L 06/27/2021 - 18:48:47: [basecommands.smx] "Console<0><Console><Console>" changed cvar (cvar "sv_minupdaterate") (value "100")
L 06/27/2021 - 18:48:47: [basecommands.smx] "Console<0><Console><Console>" changed cvar (cvar "sv_maxupdaterate") (value "100")
L 06/27/2021 - 18:48:47: [basecommands.smx] "Console<0><Console><Console>" changed cvar (cvar "nb_update_frequency") (value "0.014")
L 06/27/2021 - 18:48:47: [basecommands.smx] "Console<0><Console><Console>" changed cvar (cvar "net_splitpacket_maxrate") (value "50000")
L 06/27/2021 - 18:48:47: [basecommands.smx] "Console<0><Console><Console>" changed cvar (cvar "fps_max") (value "0")
L 06/27/2021 - 18:48:47: [basecommands.smx] "Console<0><Console><Console>" changed cvar (cvar "hostname") (value "Versus")
L 06/27/2021 - 18:48:51: Log file closed.
