L 11/29/2020 - 07:45:03: SourceMod log file session started (file "D:\Steam\steamapps\common\Left 4 Dead 2\left4dead2\addons\sourcemod\logs\L20201129.log") (Version "1.10.0.6492")
L 11/29/2020 - 07:45:03: [simplewelcomemsg.smx] Set the maximum number of lines of.
L 11/29/2020 - 07:45:10: [basecommands.smx] "Console<0><Console><Console>" changed cvar (cvar "sv_force_time_of_day") (value "0")
L 11/29/2020 - 07:45:10: [basecommands.smx] "Console<0><Console><Console>" changed cvar (cvar "z_witch_damage_per_kill_hit") (value "120")
L 11/29/2020 - 07:45:10: [basecommands.smx] "Console<0><Console><Console>" changed cvar (cvar "z_witch_anger_rate") (value "0.4")
L 11/29/2020 - 07:45:10: [basecommands.smx] "Console<0><Console><Console>" changed cvar (cvar "z_witch_flashlight_range") (value "2000")
L 11/29/2020 - 07:45:10: [basecommands.smx] "Console<0><Console><Console>" changed cvar (cvar "z_witch_burn_time") (value "100")
L 11/29/2020 - 07:45:10: [basecommands.smx] "Console<0><Console><Console>" changed cvar (cvar "z_tank_health") (value "4000")
L 11/29/2020 - 07:45:10: [basecommands.smx] "Console<0><Console><Console>" changed cvar (cvar "z_ghost_delay_min") (value "15")
L 11/29/2020 - 07:45:10: [basecommands.smx] "Console<0><Console><Console>" changed cvar (cvar "z_ghost_delay_max") (value "15")
L 11/29/2020 - 07:45:10: [basecommands.smx] "Console<0><Console><Console>" changed cvar (cvar "z_hunter_limit") (value "1")
L 11/29/2020 - 07:45:10: [basecommands.smx] "Console<0><Console><Console>" changed cvar (cvar "z_smoker_limit") (value "1")
L 11/29/2020 - 07:45:10: [basecommands.smx] "Console<0><Console><Console>" changed cvar (cvar "z_jockey_limit") (value "1")
L 11/29/2020 - 07:45:10: [basecommands.smx] "Console<0><Console><Console>" changed cvar (cvar "versus_tank_chance_intro") (value "1")
L 11/29/2020 - 07:45:10: [basecommands.smx] "Console<0><Console><Console>" changed cvar (cvar "versus_tank_chance_finale") (value "1")
L 11/29/2020 - 07:45:10: [basecommands.smx] "Console<0><Console><Console>" changed cvar (cvar "versus_tank_chance") (value "1")
L 11/29/2020 - 07:45:10: [basecommands.smx] "Console<0><Console><Console>" changed cvar (cvar "versus_witch_chance_intro") (value "0")
L 11/29/2020 - 07:45:10: [basecommands.smx] "Console<0><Console><Console>" changed cvar (cvar "versus_witch_chance_finale") (value "0")
L 11/29/2020 - 07:45:10: [basecommands.smx] "Console<0><Console><Console>" changed cvar (cvar "versus_witch_chance") (value "1")
L 11/29/2020 - 07:45:10: [basecommands.smx] "Console<0><Console><Console>" changed cvar (cvar "director_force_tank") (value "1")
L 11/29/2020 - 07:45:10: [basecommands.smx] "Console<0><Console><Console>" changed cvar (cvar "versus_boss_flow_min") (value "0.4")
L 11/29/2020 - 07:45:10: [basecommands.smx] "Console<0><Console><Console>" changed cvar (cvar "versus_boss_flow_max") (value "0.6")
L 11/29/2020 - 07:45:10: [basecommands.smx] "Console<0><Console><Console>" changed cvar (cvar "versus_boss_flow_min_intro") (value "0.1")
L 11/29/2020 - 07:45:10: [basecommands.smx] "Console<0><Console><Console>" changed cvar (cvar "versus_boss_flow_max_intro") (value "0.2")
L 11/29/2020 - 07:45:10: [basecommands.smx] "Console<0><Console><Console>" changed cvar (cvar "versus_boss_flow_min_finale") (value "0.1")
L 11/29/2020 - 07:45:10: [basecommands.smx] "Console<0><Console><Console>" changed cvar (cvar "versus_boss_flow_max_finale") (value "0.2")
L 11/29/2020 - 07:45:10: [basecommands.smx] "Console<0><Console><Console>" changed cvar (cvar "boomer_vomit_delay") (value "0.1")
L 11/29/2020 - 07:45:10: [basecommands.smx] "Console<0><Console><Console>" changed cvar (cvar "smoker_tongue_delay") (value "0.1")
L 11/29/2020 - 07:45:10: [basecommands.smx] "Console<0><Console><Console>" changed cvar (cvar "vs_survival_bonus") (value "35")
L 11/29/2020 - 07:45:10: [basecommands.smx] "Console<0><Console><Console>" changed cvar (cvar "z_tank_throw_health") (value "10")
L 11/29/2020 - 07:45:10: [basecommands.smx] "Console<0><Console><Console>" changed cvar (cvar "sv_client_min_interp_ratio") (value "-1")
L 11/29/2020 - 07:45:10: [basecommands.smx] "Console<0><Console><Console>" changed cvar (cvar "sv_client_max_interp_ratio") (value "0")
L 11/29/2020 - 07:45:10: [basecommands.smx] "Console<0><Console><Console>" changed cvar (cvar "sv_minrate") (value "64000")
L 11/29/2020 - 07:45:10: [basecommands.smx] "Console<0><Console><Console>" changed cvar (cvar "sv_maxrate") (value "64000")
L 11/29/2020 - 07:45:10: [basecommands.smx] "Console<0><Console><Console>" changed cvar (cvar "sv_mincmdrate") (value "64")
L 11/29/2020 - 07:45:10: [basecommands.smx] "Console<0><Console><Console>" changed cvar (cvar "sv_maxcmdrate") (value "64")
L 11/29/2020 - 07:45:10: [basecommands.smx] "Console<0><Console><Console>" changed cvar (cvar "sv_minupdaterate") (value "64")
L 11/29/2020 - 07:45:10: [basecommands.smx] "Console<0><Console><Console>" changed cvar (cvar "sv_maxupdaterate") (value "64")
L 11/29/2020 - 07:45:10: [basecommands.smx] "Console<0><Console><Console>" changed cvar (cvar "nb_update_frequency") (value "0.014")
L 11/29/2020 - 07:45:10: [basecommands.smx] "Console<0><Console><Console>" changed cvar (cvar "net_splitpacket_maxrate") (value "50000")
L 11/29/2020 - 07:45:10: [basecommands.smx] "Console<0><Console><Console>" changed cvar (cvar "fps_max") (value "64")
L 11/29/2020 - 07:45:10: [basecommands.smx] "Console<0><Console><Console>" changed cvar (cvar "hostname") (value "Versus")
L 11/29/2020 - 07:52:30: [l4d2_skill_detect.smx] Clear: 4 freed 3 from 7: time: 0.26 / -1.00 -- class: jockey (with shove? 1)
L 11/29/2020 - 07:53:26: [l4d2_skill_detect.smx] Clear: 3 freed 2 from 7: time: -1.00 / 2.00 -- class: smoker (with shove? 0)
L 11/29/2020 - 07:54:21: [l4d2_skill_detect.smx] Clear: 2 freed 1 from 5: time: 0.31 / -1.00 -- class: jockey (with shove? 1)
L 11/29/2020 - 07:56:54: -------- Mapchange to c1m2_streets --------
L 11/29/2020 - 07:56:56: [basecommands.smx] "Console<0><Console><Console>" changed cvar (cvar "sv_force_time_of_day") (value "0")
L 11/29/2020 - 07:56:56: [basecommands.smx] "Console<0><Console><Console>" changed cvar (cvar "z_witch_damage_per_kill_hit") (value "120")
L 11/29/2020 - 07:56:56: [basecommands.smx] "Console<0><Console><Console>" changed cvar (cvar "z_witch_anger_rate") (value "0.4")
L 11/29/2020 - 07:56:56: [basecommands.smx] "Console<0><Console><Console>" changed cvar (cvar "z_witch_flashlight_range") (value "2000")
L 11/29/2020 - 07:56:56: [basecommands.smx] "Console<0><Console><Console>" changed cvar (cvar "z_witch_burn_time") (value "100")
L 11/29/2020 - 07:56:56: [basecommands.smx] "Console<0><Console><Console>" changed cvar (cvar "z_tank_health") (value "4000")
L 11/29/2020 - 07:56:56: [basecommands.smx] "Console<0><Console><Console>" changed cvar (cvar "z_ghost_delay_min") (value "15")
L 11/29/2020 - 07:56:56: [basecommands.smx] "Console<0><Console><Console>" changed cvar (cvar "z_ghost_delay_max") (value "15")
L 11/29/2020 - 07:56:56: [basecommands.smx] "Console<0><Console><Console>" changed cvar (cvar "z_hunter_limit") (value "1")
L 11/29/2020 - 07:56:56: [basecommands.smx] "Console<0><Console><Console>" changed cvar (cvar "z_smoker_limit") (value "1")
L 11/29/2020 - 07:56:56: [basecommands.smx] "Console<0><Console><Console>" changed cvar (cvar "z_jockey_limit") (value "1")
L 11/29/2020 - 07:56:56: [basecommands.smx] "Console<0><Console><Console>" changed cvar (cvar "versus_tank_chance_intro") (value "1")
L 11/29/2020 - 07:56:56: [basecommands.smx] "Console<0><Console><Console>" changed cvar (cvar "versus_tank_chance_finale") (value "1")
L 11/29/2020 - 07:56:56: [basecommands.smx] "Console<0><Console><Console>" changed cvar (cvar "versus_tank_chance") (value "1")
L 11/29/2020 - 07:56:56: [basecommands.smx] "Console<0><Console><Console>" changed cvar (cvar "versus_witch_chance_intro") (value "0")
L 11/29/2020 - 07:56:56: [basecommands.smx] "Console<0><Console><Console>" changed cvar (cvar "versus_witch_chance_finale") (value "0")
L 11/29/2020 - 07:56:56: [basecommands.smx] "Console<0><Console><Console>" changed cvar (cvar "versus_witch_chance") (value "1")
L 11/29/2020 - 07:56:56: [basecommands.smx] "Console<0><Console><Console>" changed cvar (cvar "director_force_tank") (value "1")
L 11/29/2020 - 07:56:56: [basecommands.smx] "Console<0><Console><Console>" changed cvar (cvar "versus_boss_flow_min") (value "0.4")
L 11/29/2020 - 07:56:56: [basecommands.smx] "Console<0><Console><Console>" changed cvar (cvar "versus_boss_flow_max") (value "0.6")
L 11/29/2020 - 07:56:56: [basecommands.smx] "Console<0><Console><Console>" changed cvar (cvar "versus_boss_flow_min_intro") (value "0.1")
L 11/29/2020 - 07:56:56: [basecommands.smx] "Console<0><Console><Console>" changed cvar (cvar "versus_boss_flow_max_intro") (value "0.2")
L 11/29/2020 - 07:56:56: [basecommands.smx] "Console<0><Console><Console>" changed cvar (cvar "versus_boss_flow_min_finale") (value "0.1")
L 11/29/2020 - 07:56:56: [basecommands.smx] "Console<0><Console><Console>" changed cvar (cvar "versus_boss_flow_max_finale") (value "0.2")
L 11/29/2020 - 07:56:56: [basecommands.smx] "Console<0><Console><Console>" changed cvar (cvar "boomer_vomit_delay") (value "0.1")
L 11/29/2020 - 07:56:56: [basecommands.smx] "Console<0><Console><Console>" changed cvar (cvar "smoker_tongue_delay") (value "0.1")
L 11/29/2020 - 07:56:56: [basecommands.smx] "Console<0><Console><Console>" changed cvar (cvar "vs_survival_bonus") (value "35")
L 11/29/2020 - 07:56:56: [basecommands.smx] "Console<0><Console><Console>" changed cvar (cvar "z_tank_throw_health") (value "10")
L 11/29/2020 - 07:56:56: [basecommands.smx] "Console<0><Console><Console>" changed cvar (cvar "sv_client_min_interp_ratio") (value "-1")
L 11/29/2020 - 07:56:56: [basecommands.smx] "Console<0><Console><Console>" changed cvar (cvar "sv_client_max_interp_ratio") (value "0")
L 11/29/2020 - 07:56:56: [basecommands.smx] "Console<0><Console><Console>" changed cvar (cvar "sv_minrate") (value "64000")
L 11/29/2020 - 07:56:56: [basecommands.smx] "Console<0><Console><Console>" changed cvar (cvar "sv_maxrate") (value "64000")
L 11/29/2020 - 07:56:56: [basecommands.smx] "Console<0><Console><Console>" changed cvar (cvar "sv_mincmdrate") (value "64")
L 11/29/2020 - 07:56:56: [basecommands.smx] "Console<0><Console><Console>" changed cvar (cvar "sv_maxcmdrate") (value "64")
L 11/29/2020 - 07:56:56: [basecommands.smx] "Console<0><Console><Console>" changed cvar (cvar "sv_minupdaterate") (value "64")
L 11/29/2020 - 07:56:56: [basecommands.smx] "Console<0><Console><Console>" changed cvar (cvar "sv_maxupdaterate") (value "64")
L 11/29/2020 - 07:56:57: [basecommands.smx] "Console<0><Console><Console>" changed cvar (cvar "nb_update_frequency") (value "0.014")
L 11/29/2020 - 07:56:57: [basecommands.smx] "Console<0><Console><Console>" changed cvar (cvar "net_splitpacket_maxrate") (value "50000")
L 11/29/2020 - 07:56:57: [basecommands.smx] "Console<0><Console><Console>" changed cvar (cvar "fps_max") (value "64")
L 11/29/2020 - 07:56:57: [basecommands.smx] "Console<0><Console><Console>" changed cvar (cvar "hostname") (value "Versus")
L 11/29/2020 - 08:01:24: [l4d2_skill_detect.smx] Charge carry start: 5 - 2 -- time: 264.98
L 11/29/2020 - 08:01:26: [l4d2_skill_detect.smx] Clear: 3 freed 2 from 5: time: 0.95 / 1.82 -- class: charger (with shove? 0)
L 11/29/2020 - 08:01:26: [l4d2_skill_detect.smx] Checking charge victim: 5 - 2 - flags: 1 (alive? 1)
L 11/29/2020 - 08:03:27: [l4d2_skill_detect.smx] Clear: 4 freed 1 from 6: time: 2.93 / 3.35 -- class: smoker (with shove? 0)
L 11/29/2020 - 08:05:26: [l4d2_skill_detect.smx] Clear: 2 freed 1 from 5: time: 3.70 / -1.00 -- class: hunter (with shove? 1)
L 11/29/2020 - 08:07:03: [admin_hp.smx]  
L 11/29/2020 - 08:07:14: -------- Mapchange to c1m2_streets --------
L 11/29/2020 - 08:07:16: [basecommands.smx] "Console<0><Console><Console>" changed cvar (cvar "sv_force_time_of_day") (value "0")
L 11/29/2020 - 08:07:16: [basecommands.smx] "Console<0><Console><Console>" changed cvar (cvar "z_witch_damage_per_kill_hit") (value "120")
L 11/29/2020 - 08:07:16: [basecommands.smx] "Console<0><Console><Console>" changed cvar (cvar "z_witch_anger_rate") (value "0.4")
L 11/29/2020 - 08:07:16: [basecommands.smx] "Console<0><Console><Console>" changed cvar (cvar "z_witch_flashlight_range") (value "2000")
L 11/29/2020 - 08:07:16: [basecommands.smx] "Console<0><Console><Console>" changed cvar (cvar "z_witch_burn_time") (value "100")
L 11/29/2020 - 08:07:16: [basecommands.smx] "Console<0><Console><Console>" changed cvar (cvar "z_tank_health") (value "4000")
L 11/29/2020 - 08:07:16: [basecommands.smx] "Console<0><Console><Console>" changed cvar (cvar "z_ghost_delay_min") (value "15")
L 11/29/2020 - 08:07:16: [basecommands.smx] "Console<0><Console><Console>" changed cvar (cvar "z_ghost_delay_max") (value "15")
L 11/29/2020 - 08:07:16: [basecommands.smx] "Console<0><Console><Console>" changed cvar (cvar "z_hunter_limit") (value "1")
L 11/29/2020 - 08:07:16: [basecommands.smx] "Console<0><Console><Console>" changed cvar (cvar "z_smoker_limit") (value "1")
L 11/29/2020 - 08:07:16: [basecommands.smx] "Console<0><Console><Console>" changed cvar (cvar "z_jockey_limit") (value "1")
L 11/29/2020 - 08:07:16: [basecommands.smx] "Console<0><Console><Console>" changed cvar (cvar "versus_tank_chance_intro") (value "1")
L 11/29/2020 - 08:07:16: [basecommands.smx] "Console<0><Console><Console>" changed cvar (cvar "versus_tank_chance_finale") (value "1")
L 11/29/2020 - 08:07:16: [basecommands.smx] "Console<0><Console><Console>" changed cvar (cvar "versus_tank_chance") (value "1")
L 11/29/2020 - 08:07:16: [basecommands.smx] "Console<0><Console><Console>" changed cvar (cvar "versus_witch_chance_intro") (value "0")
L 11/29/2020 - 08:07:16: [basecommands.smx] "Console<0><Console><Console>" changed cvar (cvar "versus_witch_chance_finale") (value "0")
L 11/29/2020 - 08:07:16: [basecommands.smx] "Console<0><Console><Console>" changed cvar (cvar "versus_witch_chance") (value "1")
L 11/29/2020 - 08:07:16: [basecommands.smx] "Console<0><Console><Console>" changed cvar (cvar "director_force_tank") (value "1")
L 11/29/2020 - 08:07:16: [basecommands.smx] "Console<0><Console><Console>" changed cvar (cvar "versus_boss_flow_min") (value "0.4")
L 11/29/2020 - 08:07:16: [basecommands.smx] "Console<0><Console><Console>" changed cvar (cvar "versus_boss_flow_max") (value "0.6")
L 11/29/2020 - 08:07:16: [basecommands.smx] "Console<0><Console><Console>" changed cvar (cvar "versus_boss_flow_min_intro") (value "0.1")
L 11/29/2020 - 08:07:16: [basecommands.smx] "Console<0><Console><Console>" changed cvar (cvar "versus_boss_flow_max_intro") (value "0.2")
L 11/29/2020 - 08:07:16: [basecommands.smx] "Console<0><Console><Console>" changed cvar (cvar "versus_boss_flow_min_finale") (value "0.1")
L 11/29/2020 - 08:07:16: [basecommands.smx] "Console<0><Console><Console>" changed cvar (cvar "versus_boss_flow_max_finale") (value "0.2")
L 11/29/2020 - 08:07:16: [basecommands.smx] "Console<0><Console><Console>" changed cvar (cvar "boomer_vomit_delay") (value "0.1")
L 11/29/2020 - 08:07:16: [basecommands.smx] "Console<0><Console><Console>" changed cvar (cvar "smoker_tongue_delay") (value "0.1")
L 11/29/2020 - 08:07:16: [basecommands.smx] "Console<0><Console><Console>" changed cvar (cvar "vs_survival_bonus") (value "35")
L 11/29/2020 - 08:07:16: [basecommands.smx] "Console<0><Console><Console>" changed cvar (cvar "z_tank_throw_health") (value "10")
L 11/29/2020 - 08:07:16: [basecommands.smx] "Console<0><Console><Console>" changed cvar (cvar "sv_client_min_interp_ratio") (value "-1")
L 11/29/2020 - 08:07:16: [basecommands.smx] "Console<0><Console><Console>" changed cvar (cvar "sv_client_max_interp_ratio") (value "0")
L 11/29/2020 - 08:07:16: [basecommands.smx] "Console<0><Console><Console>" changed cvar (cvar "sv_minrate") (value "64000")
L 11/29/2020 - 08:07:16: [basecommands.smx] "Console<0><Console><Console>" changed cvar (cvar "sv_maxrate") (value "64000")
L 11/29/2020 - 08:07:16: [basecommands.smx] "Console<0><Console><Console>" changed cvar (cvar "sv_mincmdrate") (value "64")
L 11/29/2020 - 08:07:16: [basecommands.smx] "Console<0><Console><Console>" changed cvar (cvar "sv_maxcmdrate") (value "64")
L 11/29/2020 - 08:07:16: [basecommands.smx] "Console<0><Console><Console>" changed cvar (cvar "sv_minupdaterate") (value "64")
L 11/29/2020 - 08:07:16: [basecommands.smx] "Console<0><Console><Console>" changed cvar (cvar "sv_maxupdaterate") (value "64")
L 11/29/2020 - 08:07:16: [basecommands.smx] "Console<0><Console><Console>" changed cvar (cvar "nb_update_frequency") (value "0.014")
L 11/29/2020 - 08:07:16: [basecommands.smx] "Console<0><Console><Console>" changed cvar (cvar "net_splitpacket_maxrate") (value "50000")
L 11/29/2020 - 08:07:16: [basecommands.smx] "Console<0><Console><Console>" changed cvar (cvar "fps_max") (value "64")
L 11/29/2020 - 08:07:16: [basecommands.smx] "Console<0><Console><Console>" changed cvar (cvar "hostname") (value "Versus")
L 11/29/2020 - 08:09:24: [l4d2_skill_detect.smx] Charge carry start: 7 - 4 -- time: 126.48
L 11/29/2020 - 08:09:26: [l4d2_skill_detect.smx] Clear: 2 freed 4 from 7: time: 0.15 / 1.98 -- class: charger (with shove? 0)
L 11/29/2020 - 08:09:28: [l4d2_skill_detect.smx] Checking charge victim: 7 - 4 - flags: 1 (alive? 1)
L 11/29/2020 - 08:10:59: [l4d2_skill_detect.smx] Clear: 2 freed 3 from 6: time: 10.85 / -1.00 -- class: jockey (with shove? 0)
L 11/29/2020 - 08:12:50: [l4d2_skill_detect.smx] Clear: 3 freed 4 from 6: time: 0.14 / -1.00 -- class: jockey (with shove? 1)
L 11/29/2020 - 08:13:53: [l4d2_skill_detect.smx] Clear: 2 freed 1 from 5: time: 7.07 / 392.73 -- class: charger (with shove? 0)
L 11/29/2020 - 08:13:55: [admin_hp.smx]  
L 11/29/2020 - 08:14:00: [l4d2_skill_detect.smx] Clear: 3 freed 1 from 7: time: 4.06 / -1.00 -- class: jockey (with shove? 0)
L 11/29/2020 - 08:15:27: [l4d2_skill_detect.smx] Charge carry start: 6 - 2 -- time: 487.53
L 11/29/2020 - 08:15:31: [l4d2_skill_detect.smx] Clear: 3 freed 2 from 6: time: 1.54 / 3.18 -- class: charger (with shove? 0)
L 11/29/2020 - 08:15:31: [l4d2_skill_detect.smx] Checking charge victim: 6 - 2 - flags: 1 (alive? 1)
L 11/29/2020 - 08:15:31: [l4d2_skill_detect.smx] Checking charge victim: 6 - 4 - flags: 0 (alive? 1)
L 11/29/2020 - 08:15:49: Log file closed.
L 11/29/2020 - 11:36:40: SourceMod log file session started (file "D:\Steam\steamapps\common\Left 4 Dead 2\left4dead2\addons\sourcemod\logs\L20201129.log") (Version "1.10.0.6492")
L 11/29/2020 - 11:36:40: [simplewelcomemsg.smx] Set the maximum number of lines of.
L 11/29/2020 - 11:36:46: [basecommands.smx] "Console<0><Console><Console>" changed cvar (cvar "sv_force_time_of_day") (value "0")
L 11/29/2020 - 11:36:46: [basecommands.smx] "Console<0><Console><Console>" changed cvar (cvar "z_witch_damage_per_kill_hit") (value "120")
L 11/29/2020 - 11:36:46: [basecommands.smx] "Console<0><Console><Console>" changed cvar (cvar "z_witch_anger_rate") (value "0.4")
L 11/29/2020 - 11:36:46: [basecommands.smx] "Console<0><Console><Console>" changed cvar (cvar "z_witch_flashlight_range") (value "2000")
L 11/29/2020 - 11:36:46: [basecommands.smx] "Console<0><Console><Console>" changed cvar (cvar "z_witch_burn_time") (value "100")
L 11/29/2020 - 11:36:46: [basecommands.smx] "Console<0><Console><Console>" changed cvar (cvar "z_tank_health") (value "4000")
L 11/29/2020 - 11:36:46: [basecommands.smx] "Console<0><Console><Console>" changed cvar (cvar "z_ghost_delay_min") (value "15")
L 11/29/2020 - 11:36:46: [basecommands.smx] "Console<0><Console><Console>" changed cvar (cvar "z_ghost_delay_max") (value "15")
L 11/29/2020 - 11:36:46: [basecommands.smx] "Console<0><Console><Console>" changed cvar (cvar "z_hunter_limit") (value "1")
L 11/29/2020 - 11:36:46: [basecommands.smx] "Console<0><Console><Console>" changed cvar (cvar "z_smoker_limit") (value "1")
L 11/29/2020 - 11:36:46: [basecommands.smx] "Console<0><Console><Console>" changed cvar (cvar "z_jockey_limit") (value "1")
L 11/29/2020 - 11:36:46: [basecommands.smx] "Console<0><Console><Console>" changed cvar (cvar "versus_tank_chance_intro") (value "1")
L 11/29/2020 - 11:36:46: [basecommands.smx] "Console<0><Console><Console>" changed cvar (cvar "versus_tank_chance_finale") (value "1")
L 11/29/2020 - 11:36:46: [basecommands.smx] "Console<0><Console><Console>" changed cvar (cvar "versus_tank_chance") (value "1")
L 11/29/2020 - 11:36:46: [basecommands.smx] "Console<0><Console><Console>" changed cvar (cvar "versus_witch_chance_intro") (value "0")
L 11/29/2020 - 11:36:46: [basecommands.smx] "Console<0><Console><Console>" changed cvar (cvar "versus_witch_chance_finale") (value "0")
L 11/29/2020 - 11:36:46: [basecommands.smx] "Console<0><Console><Console>" changed cvar (cvar "versus_witch_chance") (value "1")
L 11/29/2020 - 11:36:46: [basecommands.smx] "Console<0><Console><Console>" changed cvar (cvar "director_force_tank") (value "1")
L 11/29/2020 - 11:36:46: [basecommands.smx] "Console<0><Console><Console>" changed cvar (cvar "versus_boss_flow_min") (value "0.4")
L 11/29/2020 - 11:36:46: [basecommands.smx] "Console<0><Console><Console>" changed cvar (cvar "versus_boss_flow_max") (value "0.6")
L 11/29/2020 - 11:36:46: [basecommands.smx] "Console<0><Console><Console>" changed cvar (cvar "versus_boss_flow_min_intro") (value "0.1")
L 11/29/2020 - 11:36:46: [basecommands.smx] "Console<0><Console><Console>" changed cvar (cvar "versus_boss_flow_max_intro") (value "0.2")
L 11/29/2020 - 11:36:46: [basecommands.smx] "Console<0><Console><Console>" changed cvar (cvar "versus_boss_flow_min_finale") (value "0.1")
L 11/29/2020 - 11:36:46: [basecommands.smx] "Console<0><Console><Console>" changed cvar (cvar "versus_boss_flow_max_finale") (value "0.2")
L 11/29/2020 - 11:36:46: [basecommands.smx] "Console<0><Console><Console>" changed cvar (cvar "boomer_vomit_delay") (value "0.1")
L 11/29/2020 - 11:36:46: [basecommands.smx] "Console<0><Console><Console>" changed cvar (cvar "smoker_tongue_delay") (value "0.1")
L 11/29/2020 - 11:36:46: [basecommands.smx] "Console<0><Console><Console>" changed cvar (cvar "vs_survival_bonus") (value "35")
L 11/29/2020 - 11:36:46: [basecommands.smx] "Console<0><Console><Console>" changed cvar (cvar "z_tank_throw_health") (value "10")
L 11/29/2020 - 11:36:46: [basecommands.smx] "Console<0><Console><Console>" changed cvar (cvar "sv_client_min_interp_ratio") (value "-1")
L 11/29/2020 - 11:36:46: [basecommands.smx] "Console<0><Console><Console>" changed cvar (cvar "sv_client_max_interp_ratio") (value "0")
L 11/29/2020 - 11:36:46: [basecommands.smx] "Console<0><Console><Console>" changed cvar (cvar "sv_minrate") (value "64000")
L 11/29/2020 - 11:36:46: [basecommands.smx] "Console<0><Console><Console>" changed cvar (cvar "sv_maxrate") (value "64000")
L 11/29/2020 - 11:36:46: [basecommands.smx] "Console<0><Console><Console>" changed cvar (cvar "sv_mincmdrate") (value "64")
L 11/29/2020 - 11:36:46: [basecommands.smx] "Console<0><Console><Console>" changed cvar (cvar "sv_maxcmdrate") (value "64")
L 11/29/2020 - 11:36:46: [basecommands.smx] "Console<0><Console><Console>" changed cvar (cvar "sv_minupdaterate") (value "64")
L 11/29/2020 - 11:36:46: [basecommands.smx] "Console<0><Console><Console>" changed cvar (cvar "sv_maxupdaterate") (value "64")
L 11/29/2020 - 11:36:46: [basecommands.smx] "Console<0><Console><Console>" changed cvar (cvar "nb_update_frequency") (value "0.014")
L 11/29/2020 - 11:36:46: [basecommands.smx] "Console<0><Console><Console>" changed cvar (cvar "net_splitpacket_maxrate") (value "50000")
L 11/29/2020 - 11:36:46: [basecommands.smx] "Console<0><Console><Console>" changed cvar (cvar "fps_max") (value "64")
L 11/29/2020 - 11:36:46: [basecommands.smx] "Console<0><Console><Console>" changed cvar (cvar "hostname") (value "Versus")
L 11/29/2020 - 11:37:53: [l4d2_skill_detect.smx] Clear: 2 freed 1 from 5: time: 1.92 / -1.00 -- class: jockey (with shove? 1)
L 11/29/2020 - 11:38:49: [l4d2_skill_detect.smx] Clear: 4 freed 4 from 5: time: -1.00 / 0.26 -- class: smoker (with shove? 0)
L 11/29/2020 - 11:38:54: [l4d2_skill_detect.smx] Charge carry start: 7 - 1 -- time: 124.87
L 11/29/2020 - 11:38:54: [l4d2_skill_detect.smx] Clear: 1 freed 1 from 7: time: 0.00 / 0.04 -- class: charger (with shove? 0)
L 11/29/2020 - 11:38:57: [l4d2_skill_detect.smx] Checking charge victim: 7 - 1 - flags: 1 (alive? 1)
L 11/29/2020 - 11:39:53: [l4d2_skill_detect.smx] Clear: 2 freed 1 from 7: time: -1.00 / 0.45 -- class: smoker (with shove? 0)
L 11/29/2020 - 11:41:05: [l4d2_skill_detect.smx] Charge carry start: 6 - 2 -- time: 255.51
L 11/29/2020 - 11:41:07: [l4d2_skill_detect.smx] Clear: 3 freed 2 from 6: time: 0.96 / 2.04 -- class: charger (with shove? 0)
L 11/29/2020 - 11:41:08: [l4d2_skill_detect.smx] Checking charge victim: 6 - 2 - flags: 1 (alive? 1)
L 11/29/2020 - 11:43:33: [l4d2_skill_detect.smx] Charge carry start: 6 - 3 -- time: 403.59
L 11/29/2020 - 11:43:34: [l4d2_skill_detect.smx] Clear: 2 freed 3 from 6: time: 0.01 / 0.87 -- class: charger (with shove? 0)
L 11/29/2020 - 11:43:36: [l4d2_skill_detect.smx] Checking charge victim: 6 - 3 - flags: 1 (alive? 1)
L 11/29/2020 - 11:46:46: [l4d2_skill_detect.smx] Clear: 2 freed 3 from 5: time: 0.32 / -1.00 -- class: hunter (with shove? 0)
L 11/29/2020 - 11:47:44: -------- Mapchange to c2m3_coaster --------
L 11/29/2020 - 11:47:45: [basecommands.smx] "Console<0><Console><Console>" changed cvar (cvar "sv_force_time_of_day") (value "0")
L 11/29/2020 - 11:47:45: [basecommands.smx] "Console<0><Console><Console>" changed cvar (cvar "z_witch_damage_per_kill_hit") (value "120")
L 11/29/2020 - 11:47:45: [basecommands.smx] "Console<0><Console><Console>" changed cvar (cvar "z_witch_anger_rate") (value "0.4")
L 11/29/2020 - 11:47:45: [basecommands.smx] "Console<0><Console><Console>" changed cvar (cvar "z_witch_flashlight_range") (value "2000")
L 11/29/2020 - 11:47:45: [basecommands.smx] "Console<0><Console><Console>" changed cvar (cvar "z_witch_burn_time") (value "100")
L 11/29/2020 - 11:47:45: [basecommands.smx] "Console<0><Console><Console>" changed cvar (cvar "z_tank_health") (value "4000")
L 11/29/2020 - 11:47:45: [basecommands.smx] "Console<0><Console><Console>" changed cvar (cvar "z_ghost_delay_min") (value "15")
L 11/29/2020 - 11:47:45: [basecommands.smx] "Console<0><Console><Console>" changed cvar (cvar "z_ghost_delay_max") (value "15")
L 11/29/2020 - 11:47:45: [basecommands.smx] "Console<0><Console><Console>" changed cvar (cvar "z_hunter_limit") (value "1")
L 11/29/2020 - 11:47:45: [basecommands.smx] "Console<0><Console><Console>" changed cvar (cvar "z_smoker_limit") (value "1")
L 11/29/2020 - 11:47:45: [basecommands.smx] "Console<0><Console><Console>" changed cvar (cvar "z_jockey_limit") (value "1")
L 11/29/2020 - 11:47:45: [basecommands.smx] "Console<0><Console><Console>" changed cvar (cvar "versus_tank_chance_intro") (value "1")
L 11/29/2020 - 11:47:45: [basecommands.smx] "Console<0><Console><Console>" changed cvar (cvar "versus_tank_chance_finale") (value "1")
L 11/29/2020 - 11:47:45: [basecommands.smx] "Console<0><Console><Console>" changed cvar (cvar "versus_tank_chance") (value "1")
L 11/29/2020 - 11:47:45: [basecommands.smx] "Console<0><Console><Console>" changed cvar (cvar "versus_witch_chance_intro") (value "0")
L 11/29/2020 - 11:47:45: [basecommands.smx] "Console<0><Console><Console>" changed cvar (cvar "versus_witch_chance_finale") (value "0")
L 11/29/2020 - 11:47:45: [basecommands.smx] "Console<0><Console><Console>" changed cvar (cvar "versus_witch_chance") (value "1")
L 11/29/2020 - 11:47:45: [basecommands.smx] "Console<0><Console><Console>" changed cvar (cvar "director_force_tank") (value "1")
L 11/29/2020 - 11:47:45: [basecommands.smx] "Console<0><Console><Console>" changed cvar (cvar "versus_boss_flow_min") (value "0.4")
L 11/29/2020 - 11:47:45: [basecommands.smx] "Console<0><Console><Console>" changed cvar (cvar "versus_boss_flow_max") (value "0.6")
L 11/29/2020 - 11:47:45: [basecommands.smx] "Console<0><Console><Console>" changed cvar (cvar "versus_boss_flow_min_intro") (value "0.1")
L 11/29/2020 - 11:47:45: [basecommands.smx] "Console<0><Console><Console>" changed cvar (cvar "versus_boss_flow_max_intro") (value "0.2")
L 11/29/2020 - 11:47:45: [basecommands.smx] "Console<0><Console><Console>" changed cvar (cvar "versus_boss_flow_min_finale") (value "0.1")
L 11/29/2020 - 11:47:45: [basecommands.smx] "Console<0><Console><Console>" changed cvar (cvar "versus_boss_flow_max_finale") (value "0.2")
L 11/29/2020 - 11:47:45: [basecommands.smx] "Console<0><Console><Console>" changed cvar (cvar "boomer_vomit_delay") (value "0.1")
L 11/29/2020 - 11:47:45: [basecommands.smx] "Console<0><Console><Console>" changed cvar (cvar "smoker_tongue_delay") (value "0.1")
L 11/29/2020 - 11:47:45: [basecommands.smx] "Console<0><Console><Console>" changed cvar (cvar "vs_survival_bonus") (value "35")
L 11/29/2020 - 11:47:45: [basecommands.smx] "Console<0><Console><Console>" changed cvar (cvar "z_tank_throw_health") (value "10")
L 11/29/2020 - 11:47:45: [basecommands.smx] "Console<0><Console><Console>" changed cvar (cvar "sv_client_min_interp_ratio") (value "-1")
L 11/29/2020 - 11:47:45: [basecommands.smx] "Console<0><Console><Console>" changed cvar (cvar "sv_client_max_interp_ratio") (value "0")
L 11/29/2020 - 11:47:45: [basecommands.smx] "Console<0><Console><Console>" changed cvar (cvar "sv_minrate") (value "64000")
L 11/29/2020 - 11:47:45: [basecommands.smx] "Console<0><Console><Console>" changed cvar (cvar "sv_maxrate") (value "64000")
L 11/29/2020 - 11:47:45: [basecommands.smx] "Console<0><Console><Console>" changed cvar (cvar "sv_mincmdrate") (value "64")
L 11/29/2020 - 11:47:45: [basecommands.smx] "Console<0><Console><Console>" changed cvar (cvar "sv_maxcmdrate") (value "64")
L 11/29/2020 - 11:47:45: [basecommands.smx] "Console<0><Console><Console>" changed cvar (cvar "sv_minupdaterate") (value "64")
L 11/29/2020 - 11:47:45: [basecommands.smx] "Console<0><Console><Console>" changed cvar (cvar "sv_maxupdaterate") (value "64")
L 11/29/2020 - 11:47:45: [basecommands.smx] "Console<0><Console><Console>" changed cvar (cvar "nb_update_frequency") (value "0.014")
L 11/29/2020 - 11:47:45: [basecommands.smx] "Console<0><Console><Console>" changed cvar (cvar "net_splitpacket_maxrate") (value "50000")
L 11/29/2020 - 11:47:45: [basecommands.smx] "Console<0><Console><Console>" changed cvar (cvar "fps_max") (value "64")
L 11/29/2020 - 11:47:45: [basecommands.smx] "Console<0><Console><Console>" changed cvar (cvar "hostname") (value "Versus")
L 11/29/2020 - 11:50:43: [l4d2_skill_detect.smx] Clear: 2 freed 5 from 7: time: -1.00 / 0.20 -- class: smoker (with shove? 0)
L 11/29/2020 - 11:52:26: [l4d2_skill_detect.smx] Clear: 5 freed 3 from 8: time: 0.53 / -1.00 -- class: jockey (with shove? 0)
L 11/29/2020 - 11:53:11: [l4d2_skill_detect.smx] Charge carry start: 7 - 5 -- time: 324.95
L 11/29/2020 - 11:53:14: [l4d2_skill_detect.smx] Checking charge victim: 7 - 5 - flags: 1 (alive? 1)
L 11/29/2020 - 11:53:46: [l4d2_skill_detect.smx] Clear: 5 freed 2 from 7: time: 9.75 / 12.28 -- class: smoker (with shove? 1)
L 11/29/2020 - 11:56:27: [l4d2_skill_detect.smx] Clear: 4 freed 3 from 6: time: 0.85 / 3.39 -- class: smoker (with shove? 1)
L 11/29/2020 - 11:57:02: [l4d2_skill_detect.smx] Clear: 5 freed 2 from 6: time: 0.07 / 2.60 -- class: smoker (with shove? 1)
L 11/29/2020 - 11:58:07: [l4d2_skill_detect.smx] Clear: 3 freed 3 from 8: time: -1.00 / 0.70 -- class: smoker (with shove? 0)
L 11/29/2020 - 11:58:41: [admin_hp.smx]  
L 11/29/2020 - 11:59:18: [l4d2_skill_detect.smx] Clear: 5 freed 4 from 7: time: -1.00 / 3.81 -- class: smoker (with shove? 1)
L 11/29/2020 - 12:00:10: [admin_hp.smx]  
L 11/29/2020 - 12:03:03: [basecommands.smx] "Console<0><Console><Console>" changed cvar (cvar "vs_max_team_switches") (value "5")
L 11/29/2020 - 12:03:19: -------- Mapchange to c5m3_cemetery --------
L 11/29/2020 - 12:03:21: [basecommands.smx] "Console<0><Console><Console>" changed cvar (cvar "sv_force_time_of_day") (value "0")
L 11/29/2020 - 12:03:21: [basecommands.smx] "Console<0><Console><Console>" changed cvar (cvar "z_witch_damage_per_kill_hit") (value "120")
L 11/29/2020 - 12:03:21: [basecommands.smx] "Console<0><Console><Console>" changed cvar (cvar "z_witch_anger_rate") (value "0.4")
L 11/29/2020 - 12:03:21: [basecommands.smx] "Console<0><Console><Console>" changed cvar (cvar "z_witch_flashlight_range") (value "2000")
L 11/29/2020 - 12:03:21: [basecommands.smx] "Console<0><Console><Console>" changed cvar (cvar "z_witch_burn_time") (value "100")
L 11/29/2020 - 12:03:21: [basecommands.smx] "Console<0><Console><Console>" changed cvar (cvar "z_tank_health") (value "4000")
L 11/29/2020 - 12:03:21: [basecommands.smx] "Console<0><Console><Console>" changed cvar (cvar "z_ghost_delay_min") (value "15")
L 11/29/2020 - 12:03:21: [basecommands.smx] "Console<0><Console><Console>" changed cvar (cvar "z_ghost_delay_max") (value "15")
L 11/29/2020 - 12:03:21: [basecommands.smx] "Console<0><Console><Console>" changed cvar (cvar "z_hunter_limit") (value "1")
L 11/29/2020 - 12:03:21: [basecommands.smx] "Console<0><Console><Console>" changed cvar (cvar "z_smoker_limit") (value "1")
L 11/29/2020 - 12:03:21: [basecommands.smx] "Console<0><Console><Console>" changed cvar (cvar "z_jockey_limit") (value "1")
L 11/29/2020 - 12:03:21: [basecommands.smx] "Console<0><Console><Console>" changed cvar (cvar "versus_tank_chance_intro") (value "1")
L 11/29/2020 - 12:03:21: [basecommands.smx] "Console<0><Console><Console>" changed cvar (cvar "versus_tank_chance_finale") (value "1")
L 11/29/2020 - 12:03:21: [basecommands.smx] "Console<0><Console><Console>" changed cvar (cvar "versus_tank_chance") (value "1")
L 11/29/2020 - 12:03:21: [basecommands.smx] "Console<0><Console><Console>" changed cvar (cvar "versus_witch_chance_intro") (value "0")
L 11/29/2020 - 12:03:21: [basecommands.smx] "Console<0><Console><Console>" changed cvar (cvar "versus_witch_chance_finale") (value "0")
L 11/29/2020 - 12:03:21: [basecommands.smx] "Console<0><Console><Console>" changed cvar (cvar "versus_witch_chance") (value "1")
L 11/29/2020 - 12:03:21: [basecommands.smx] "Console<0><Console><Console>" changed cvar (cvar "director_force_tank") (value "1")
L 11/29/2020 - 12:03:21: [basecommands.smx] "Console<0><Console><Console>" changed cvar (cvar "versus_boss_flow_min") (value "0.4")
L 11/29/2020 - 12:03:21: [basecommands.smx] "Console<0><Console><Console>" changed cvar (cvar "versus_boss_flow_max") (value "0.6")
L 11/29/2020 - 12:03:21: [basecommands.smx] "Console<0><Console><Console>" changed cvar (cvar "versus_boss_flow_min_intro") (value "0.1")
L 11/29/2020 - 12:03:21: [basecommands.smx] "Console<0><Console><Console>" changed cvar (cvar "versus_boss_flow_max_intro") (value "0.2")
L 11/29/2020 - 12:03:21: [basecommands.smx] "Console<0><Console><Console>" changed cvar (cvar "versus_boss_flow_min_finale") (value "0.1")
L 11/29/2020 - 12:03:21: [basecommands.smx] "Console<0><Console><Console>" changed cvar (cvar "versus_boss_flow_max_finale") (value "0.2")
L 11/29/2020 - 12:03:21: [basecommands.smx] "Console<0><Console><Console>" changed cvar (cvar "boomer_vomit_delay") (value "0.1")
L 11/29/2020 - 12:03:21: [basecommands.smx] "Console<0><Console><Console>" changed cvar (cvar "smoker_tongue_delay") (value "0.1")
L 11/29/2020 - 12:03:21: [basecommands.smx] "Console<0><Console><Console>" changed cvar (cvar "vs_survival_bonus") (value "35")
L 11/29/2020 - 12:03:21: [basecommands.smx] "Console<0><Console><Console>" changed cvar (cvar "z_tank_throw_health") (value "10")
L 11/29/2020 - 12:03:21: [basecommands.smx] "Console<0><Console><Console>" changed cvar (cvar "sv_client_min_interp_ratio") (value "-1")
L 11/29/2020 - 12:03:21: [basecommands.smx] "Console<0><Console><Console>" changed cvar (cvar "sv_client_max_interp_ratio") (value "0")
L 11/29/2020 - 12:03:21: [basecommands.smx] "Console<0><Console><Console>" changed cvar (cvar "sv_minrate") (value "64000")
L 11/29/2020 - 12:03:21: [basecommands.smx] "Console<0><Console><Console>" changed cvar (cvar "sv_maxrate") (value "64000")
L 11/29/2020 - 12:03:21: [basecommands.smx] "Console<0><Console><Console>" changed cvar (cvar "sv_mincmdrate") (value "64")
L 11/29/2020 - 12:03:21: [basecommands.smx] "Console<0><Console><Console>" changed cvar (cvar "sv_maxcmdrate") (value "64")
L 11/29/2020 - 12:03:21: [basecommands.smx] "Console<0><Console><Console>" changed cvar (cvar "sv_minupdaterate") (value "64")
L 11/29/2020 - 12:03:21: [basecommands.smx] "Console<0><Console><Console>" changed cvar (cvar "sv_maxupdaterate") (value "64")
L 11/29/2020 - 12:03:21: [basecommands.smx] "Console<0><Console><Console>" changed cvar (cvar "nb_update_frequency") (value "0.014")
L 11/29/2020 - 12:03:21: [basecommands.smx] "Console<0><Console><Console>" changed cvar (cvar "net_splitpacket_maxrate") (value "50000")
L 11/29/2020 - 12:03:21: [basecommands.smx] "Console<0><Console><Console>" changed cvar (cvar "fps_max") (value "64")
L 11/29/2020 - 12:03:21: [basecommands.smx] "Console<0><Console><Console>" changed cvar (cvar "hostname") (value "Versus")
L 11/29/2020 - 12:04:24: [l4d2_skill_detect.smx] Charge carry start: 6 - 1 -- time: 61.09
L 11/29/2020 - 12:04:29: [l4d2_skill_detect.smx] Checking charge victim: 6 - 1 - flags: 1 (alive? 1)
L 11/29/2020 - 12:05:11: [l4d2_skill_detect.smx] Clear: 1 freed 1 from 5: time: -1.00 / 0.21 -- class: smoker (with shove? 1)
L 11/29/2020 - 12:05:19: [l4d2_skill_detect.smx] Clear: 2 freed 1 from 6: time: 0.98 / -1.00 -- class: jockey (with shove? 1)
L 11/29/2020 - 12:07:37: [l4d2_skill_detect.smx] Clear: 2 freed 4 from 5: time: 0.73 / -1.00 -- class: hunter (with shove? 0)
L 11/29/2020 - 12:16:29: Log file closed.
