L 06/09/2020 - 20:28:26: SourceMod log file session started (file "L20200609.log") (Version "1.8.0.6041")
L 06/09/2020 - 20:28:26: -------- Mapchange to c1m2_streets --------
L 06/09/2020 - 20:28:28: [GEOIP] GeoIP database info: GEO-106FREE 20180206 Build 1 Copyright (c) 2018 MaxMind Inc All Rights Reserved
L 06/09/2020 - 20:28:30: [simplewelcomemsg.smx] Set the maximum number of lines of.
L 06/09/2020 - 20:28:35: [SM] Changed map to "c1m2_streets"
L 06/09/2020 - 20:28:38: -------- Mapchange to c1m2_streets --------
L 06/09/2020 - 20:29:01: [allsurvivorsmod.smx] AllSurvivors: Player spawned 6 seconds ago, checking all models now
L 06/09/2020 - 20:29:01: [allsurvivorsmod.smx] AllSurvivors: Spots player Rain❤Delta wearing 2, model models/survivors/survivor_coach.mdl
L 06/09/2020 - 20:29:01: [allsurvivorsmod.smx] AllSurvivors: player Rain❤Delta is an original!
L 06/09/2020 - 20:29:01: [allsurvivorsmod.smx] AllSurvivors: Spots player Rochelle wearing 1, model models/survivors/survivor_producer.mdl
L 06/09/2020 - 20:29:01: [allsurvivorsmod.smx] AllSurvivors: player Rochelle is an original!
L 06/09/2020 - 20:29:01: [allsurvivorsmod.smx] AllSurvivors: Spots player Ellis wearing 3, model models/survivors/survivor_mechanic.mdl
L 06/09/2020 - 20:29:01: [allsurvivorsmod.smx] AllSurvivors: player Ellis is an original!
L 06/09/2020 - 20:29:01: [allsurvivorsmod.smx] AllSurvivors: Spots player Nick wearing 0, model models/survivors/survivor_gambler.mdl
L 06/09/2020 - 20:29:01: [allsurvivorsmod.smx] AllSurvivors: player Nick is an original!
L 06/09/2020 - 20:29:01: [allsurvivorsmod.smx] AllSurvivors: Player spawned 6 seconds ago, checking all models now
L 06/09/2020 - 20:29:01: [allsurvivorsmod.smx] AllSurvivors: Spots player Rain❤Delta wearing 2, model models/survivors/survivor_coach.mdl
L 06/09/2020 - 20:29:01: [allsurvivorsmod.smx] AllSurvivors: player Rain❤Delta is an original!
L 06/09/2020 - 20:29:01: [allsurvivorsmod.smx] AllSurvivors: Spots player Rochelle wearing 1, model models/survivors/survivor_producer.mdl
L 06/09/2020 - 20:29:01: [allsurvivorsmod.smx] AllSurvivors: player Rochelle is an original!
L 06/09/2020 - 20:29:01: [allsurvivorsmod.smx] AllSurvivors: Spots player Ellis wearing 3, model models/survivors/survivor_mechanic.mdl
L 06/09/2020 - 20:29:01: [allsurvivorsmod.smx] AllSurvivors: player Ellis is an original!
L 06/09/2020 - 20:29:01: [allsurvivorsmod.smx] AllSurvivors: Spots player Nick wearing 0, model models/survivors/survivor_gambler.mdl
L 06/09/2020 - 20:29:01: [allsurvivorsmod.smx] AllSurvivors: player Nick is an original!
L 06/09/2020 - 20:29:01: [allsurvivorsmod.smx] AllSurvivors: Player spawned 6 seconds ago, checking all models now
L 06/09/2020 - 20:29:01: [allsurvivorsmod.smx] AllSurvivors: Spots player Rain❤Delta wearing 2, model models/survivors/survivor_coach.mdl
L 06/09/2020 - 20:29:01: [allsurvivorsmod.smx] AllSurvivors: player Rain❤Delta is an original!
L 06/09/2020 - 20:29:01: [allsurvivorsmod.smx] AllSurvivors: Spots player Rochelle wearing 1, model models/survivors/survivor_producer.mdl
L 06/09/2020 - 20:29:01: [allsurvivorsmod.smx] AllSurvivors: player Rochelle is an original!
L 06/09/2020 - 20:29:01: [allsurvivorsmod.smx] AllSurvivors: Spots player Ellis wearing 3, model models/survivors/survivor_mechanic.mdl
L 06/09/2020 - 20:29:01: [allsurvivorsmod.smx] AllSurvivors: player Ellis is an original!
L 06/09/2020 - 20:29:01: [allsurvivorsmod.smx] AllSurvivors: Spots player Nick wearing 0, model models/survivors/survivor_gambler.mdl
L 06/09/2020 - 20:29:01: [allsurvivorsmod.smx] AllSurvivors: player Nick is an original!
L 06/09/2020 - 20:29:01: [allsurvivorsmod.smx] AllSurvivors: Player spawned 6 seconds ago, checking all models now
L 06/09/2020 - 20:29:01: [allsurvivorsmod.smx] AllSurvivors: Spots player Rain❤Delta wearing 2, model models/survivors/survivor_coach.mdl
L 06/09/2020 - 20:29:01: [allsurvivorsmod.smx] AllSurvivors: player Rain❤Delta is an original!
L 06/09/2020 - 20:29:01: [allsurvivorsmod.smx] AllSurvivors: Spots player Rochelle wearing 1, model models/survivors/survivor_producer.mdl
L 06/09/2020 - 20:29:01: [allsurvivorsmod.smx] AllSurvivors: player Rochelle is an original!
L 06/09/2020 - 20:29:01: [allsurvivorsmod.smx] AllSurvivors: Spots player Ellis wearing 3, model models/survivors/survivor_mechanic.mdl
L 06/09/2020 - 20:29:01: [allsurvivorsmod.smx] AllSurvivors: player Ellis is an original!
L 06/09/2020 - 20:29:01: [allsurvivorsmod.smx] AllSurvivors: Spots player Nick wearing 0, model models/survivors/survivor_gambler.mdl
L 06/09/2020 - 20:29:01: [allsurvivorsmod.smx] AllSurvivors: player Nick is an original!
L 06/09/2020 - 20:29:04: [allsurvivorsmod.smx] AllSurvivors: Player spawned 6 seconds ago, checking all models now
L 06/09/2020 - 20:29:04: [allsurvivorsmod.smx] AllSurvivors: Spots player Rain❤Delta wearing 2, model models/survivors/survivor_coach.mdl
L 06/09/2020 - 20:29:04: [allsurvivorsmod.smx] AllSurvivors: player Rain❤Delta is an original!
L 06/09/2020 - 20:29:04: [allsurvivorsmod.smx] AllSurvivors: Spots player Rochelle wearing 1, model models/survivors/survivor_producer.mdl
L 06/09/2020 - 20:29:04: [allsurvivorsmod.smx] AllSurvivors: player Rochelle is an original!
L 06/09/2020 - 20:29:04: [allsurvivorsmod.smx] AllSurvivors: Spots player Ellis wearing 3, model models/survivors/survivor_mechanic.mdl
L 06/09/2020 - 20:29:04: [allsurvivorsmod.smx] AllSurvivors: player Ellis is an original!
L 06/09/2020 - 20:29:04: [allsurvivorsmod.smx] AllSurvivors: Spots player Nick wearing 0, model models/survivors/survivor_gambler.mdl
L 06/09/2020 - 20:29:04: [allsurvivorsmod.smx] AllSurvivors: player Nick is an original!
L 06/09/2020 - 20:29:05: [allsurvivorsmod.smx] AllSurvivors: Player spawned 6 seconds ago, checking all models now
L 06/09/2020 - 20:29:05: [allsurvivorsmod.smx] AllSurvivors: Spots player Rain❤Delta wearing 2, model models/survivors/survivor_coach.mdl
L 06/09/2020 - 20:29:05: [allsurvivorsmod.smx] AllSurvivors: player Rain❤Delta is an original!
L 06/09/2020 - 20:29:05: [allsurvivorsmod.smx] AllSurvivors: Spots player Rochelle wearing 1, model models/survivors/survivor_producer.mdl
L 06/09/2020 - 20:29:05: [allsurvivorsmod.smx] AllSurvivors: player Rochelle is an original!
L 06/09/2020 - 20:29:05: [allsurvivorsmod.smx] AllSurvivors: Spots player Ellis wearing 3, model models/survivors/survivor_mechanic.mdl
L 06/09/2020 - 20:29:05: [allsurvivorsmod.smx] AllSurvivors: player Ellis is an original!
L 06/09/2020 - 20:29:05: [allsurvivorsmod.smx] AllSurvivors: Spots player Nick wearing 0, model models/survivors/survivor_gambler.mdl
L 06/09/2020 - 20:29:05: [allsurvivorsmod.smx] AllSurvivors: player Nick is an original!
L 06/09/2020 - 20:29:06: [allsurvivorsmod.smx] AllSurvivors: Player spawned 6 seconds ago, checking all models now
L 06/09/2020 - 20:29:06: [allsurvivorsmod.smx] AllSurvivors: Spots player Rain❤Delta wearing 2, model models/survivors/survivor_coach.mdl
L 06/09/2020 - 20:29:06: [allsurvivorsmod.smx] AllSurvivors: player Rain❤Delta is an original!
L 06/09/2020 - 20:29:06: [allsurvivorsmod.smx] AllSurvivors: Spots player Rochelle wearing 1, model models/survivors/survivor_producer.mdl
L 06/09/2020 - 20:29:06: [allsurvivorsmod.smx] AllSurvivors: player Rochelle is an original!
L 06/09/2020 - 20:29:06: [allsurvivorsmod.smx] AllSurvivors: Spots player Ellis wearing 3, model models/survivors/survivor_mechanic.mdl
L 06/09/2020 - 20:29:06: [allsurvivorsmod.smx] AllSurvivors: player Ellis is an original!
L 06/09/2020 - 20:29:06: [allsurvivorsmod.smx] AllSurvivors: Spots player Nick wearing 0, model models/survivors/survivor_gambler.mdl
L 06/09/2020 - 20:29:06: [allsurvivorsmod.smx] AllSurvivors: player Nick is an original!
L 06/09/2020 - 20:29:06: [allsurvivorsmod.smx] AllSurvivors: Player spawned 6 seconds ago, checking all models now
L 06/09/2020 - 20:29:06: [allsurvivorsmod.smx] AllSurvivors: Spots player Rain❤Delta wearing 2, model models/survivors/survivor_coach.mdl
L 06/09/2020 - 20:29:06: [allsurvivorsmod.smx] AllSurvivors: player Rain❤Delta is an original!
L 06/09/2020 - 20:29:06: [allsurvivorsmod.smx] AllSurvivors: Spots player Rochelle wearing 1, model models/survivors/survivor_producer.mdl
L 06/09/2020 - 20:29:06: [allsurvivorsmod.smx] AllSurvivors: player Rochelle is an original!
L 06/09/2020 - 20:29:06: [allsurvivorsmod.smx] AllSurvivors: Spots player Ellis wearing 3, model models/survivors/survivor_mechanic.mdl
L 06/09/2020 - 20:29:06: [allsurvivorsmod.smx] AllSurvivors: player Ellis is an original!
L 06/09/2020 - 20:29:06: [allsurvivorsmod.smx] AllSurvivors: Spots player Nick wearing 0, model models/survivors/survivor_gambler.mdl
L 06/09/2020 - 20:29:06: [allsurvivorsmod.smx] AllSurvivors: player Nick is an original!
L 06/09/2020 - 20:29:06: [allsurvivorsmod.smx] AllSurvivors: Player spawned 6 seconds ago, checking all models now
L 06/09/2020 - 20:29:06: [allsurvivorsmod.smx] AllSurvivors: Spots player Rain❤Delta wearing 2, model models/survivors/survivor_coach.mdl
L 06/09/2020 - 20:29:06: [allsurvivorsmod.smx] AllSurvivors: player Rain❤Delta is an original!
L 06/09/2020 - 20:29:06: [allsurvivorsmod.smx] AllSurvivors: Spots player Rochelle wearing 1, model models/survivors/survivor_producer.mdl
L 06/09/2020 - 20:29:06: [allsurvivorsmod.smx] AllSurvivors: player Rochelle is an original!
L 06/09/2020 - 20:29:06: [allsurvivorsmod.smx] AllSurvivors: Spots player Ellis wearing 3, model models/survivors/survivor_mechanic.mdl
L 06/09/2020 - 20:29:06: [allsurvivorsmod.smx] AllSurvivors: player Ellis is an original!
L 06/09/2020 - 20:29:06: [allsurvivorsmod.smx] AllSurvivors: Spots player Nick wearing 0, model models/survivors/survivor_gambler.mdl
L 06/09/2020 - 20:29:06: [allsurvivorsmod.smx] AllSurvivors: player Nick is an original!
L 06/09/2020 - 20:29:07: [allsurvivorsmod.smx] AllSurvivors: Player spawned 6 seconds ago, checking all models now
L 06/09/2020 - 20:29:07: [allsurvivorsmod.smx] AllSurvivors: Spots player Rain❤Delta wearing 2, model models/survivors/survivor_coach.mdl
L 06/09/2020 - 20:29:07: [allsurvivorsmod.smx] AllSurvivors: player Rain❤Delta is an original!
L 06/09/2020 - 20:29:07: [allsurvivorsmod.smx] AllSurvivors: Spots player Rochelle wearing 1, model models/survivors/survivor_producer.mdl
L 06/09/2020 - 20:29:07: [allsurvivorsmod.smx] AllSurvivors: player Rochelle is an original!
L 06/09/2020 - 20:29:07: [allsurvivorsmod.smx] AllSurvivors: Spots player Ellis wearing 3, model models/survivors/survivor_mechanic.mdl
L 06/09/2020 - 20:29:07: [allsurvivorsmod.smx] AllSurvivors: player Ellis is an original!
L 06/09/2020 - 20:29:07: [allsurvivorsmod.smx] AllSurvivors: Spots player Nick wearing 0, model models/survivors/survivor_gambler.mdl
L 06/09/2020 - 20:29:07: [allsurvivorsmod.smx] AllSurvivors: player Nick is an original!
L 06/09/2020 - 20:29:10: [allsurvivorsmod.smx] AllSurvivors: Player spawned 6 seconds ago, checking all models now
L 06/09/2020 - 20:29:10: [allsurvivorsmod.smx] AllSurvivors: Spots player Rain❤Delta wearing 2, model models/survivors/survivor_coach.mdl
L 06/09/2020 - 20:29:10: [allsurvivorsmod.smx] AllSurvivors: player Rain❤Delta is an original!
L 06/09/2020 - 20:29:10: [allsurvivorsmod.smx] AllSurvivors: Spots player Rochelle wearing 1, model models/survivors/survivor_producer.mdl
L 06/09/2020 - 20:29:10: [allsurvivorsmod.smx] AllSurvivors: player Rochelle is an original!
L 06/09/2020 - 20:29:10: [allsurvivorsmod.smx] AllSurvivors: Spots player Ellis wearing 3, model models/survivors/survivor_mechanic.mdl
L 06/09/2020 - 20:29:10: [allsurvivorsmod.smx] AllSurvivors: player Ellis is an original!
L 06/09/2020 - 20:29:10: [allsurvivorsmod.smx] AllSurvivors: Spots player Nick wearing 0, model models/survivors/survivor_gambler.mdl
L 06/09/2020 - 20:29:10: [allsurvivorsmod.smx] AllSurvivors: player Nick is an original!
L 06/09/2020 - 20:29:50: [allsurvivorsmod.smx] AllSurvivors: Player spawned 6 seconds ago, checking all models now
L 06/09/2020 - 20:29:50: [allsurvivorsmod.smx] AllSurvivors: Spots player Rain❤Delta wearing 2, model models/survivors/survivor_coach.mdl
L 06/09/2020 - 20:29:50: [allsurvivorsmod.smx] AllSurvivors: player Rain❤Delta is an original!
L 06/09/2020 - 20:29:50: [allsurvivorsmod.smx] AllSurvivors: Spots player Rochelle wearing 1, model models/survivors/survivor_producer.mdl
L 06/09/2020 - 20:29:50: [allsurvivorsmod.smx] AllSurvivors: player Rochelle is an original!
L 06/09/2020 - 20:29:50: [allsurvivorsmod.smx] AllSurvivors: Spots player Ellis wearing 3, model models/survivors/survivor_mechanic.mdl
L 06/09/2020 - 20:29:50: [allsurvivorsmod.smx] AllSurvivors: player Ellis is an original!
L 06/09/2020 - 20:29:50: [allsurvivorsmod.smx] AllSurvivors: Spots player Nick wearing 0, model models/survivors/survivor_gambler.mdl
L 06/09/2020 - 20:29:50: [allsurvivorsmod.smx] AllSurvivors: player Nick is an original!
L 06/09/2020 - 20:29:50: [allsurvivorsmod.smx] AllSurvivors: Spots player (1)Ellis wearing 3, model models/survivors/survivor_mechanic.mdl
L 06/09/2020 - 20:29:50: [allsurvivorsmod.smx] AllSurvivors: Thinks (1)Ellis should rather be 4, setting model models/survivors/survivor_namvet.mdl
L 06/09/2020 - 20:29:50: [allsurvivorsmod.smx] AllSurvivors: Player spawned 6 seconds ago, checking all models now
L 06/09/2020 - 20:29:50: [allsurvivorsmod.smx] AllSurvivors: Spots player Rain❤Delta wearing 2, model models/survivors/survivor_coach.mdl
L 06/09/2020 - 20:29:50: [allsurvivorsmod.smx] AllSurvivors: player Rain❤Delta is an original!
L 06/09/2020 - 20:29:50: [allsurvivorsmod.smx] AllSurvivors: Spots player Rochelle wearing 1, model models/survivors/survivor_producer.mdl
L 06/09/2020 - 20:29:50: [allsurvivorsmod.smx] AllSurvivors: player Rochelle is an original!
L 06/09/2020 - 20:29:50: [allsurvivorsmod.smx] AllSurvivors: Spots player Ellis wearing 3, model models/survivors/survivor_mechanic.mdl
L 06/09/2020 - 20:29:50: [allsurvivorsmod.smx] AllSurvivors: player Ellis is an original!
L 06/09/2020 - 20:29:50: [allsurvivorsmod.smx] AllSurvivors: Spots player Nick wearing 0, model models/survivors/survivor_gambler.mdl
L 06/09/2020 - 20:29:50: [allsurvivorsmod.smx] AllSurvivors: player Nick is an original!
L 06/09/2020 - 20:29:50: [allsurvivorsmod.smx] AllSurvivors: Spots player (1)Ellis wearing 4, model models/survivors/survivor_namvet.mdl
L 06/09/2020 - 20:29:50: [allsurvivorsmod.smx] AllSurvivors: player (1)Ellis is an original!
L 06/09/2020 - 20:29:51: [allsurvivorsmod.smx] AllSurvivors: Player spawned 6 seconds ago, checking all models now
L 06/09/2020 - 20:29:51: [allsurvivorsmod.smx] AllSurvivors: Spots player Rain❤Delta wearing 2, model models/survivors/survivor_coach.mdl
L 06/09/2020 - 20:29:51: [allsurvivorsmod.smx] AllSurvivors: player Rain❤Delta is an original!
L 06/09/2020 - 20:29:51: [allsurvivorsmod.smx] AllSurvivors: Spots player Rochelle wearing 1, model models/survivors/survivor_producer.mdl
L 06/09/2020 - 20:29:51: [allsurvivorsmod.smx] AllSurvivors: player Rochelle is an original!
L 06/09/2020 - 20:29:51: [allsurvivorsmod.smx] AllSurvivors: Spots player Ellis wearing 3, model models/survivors/survivor_mechanic.mdl
L 06/09/2020 - 20:29:51: [allsurvivorsmod.smx] AllSurvivors: player Ellis is an original!
L 06/09/2020 - 20:29:51: [allsurvivorsmod.smx] AllSurvivors: Spots player Nick wearing 0, model models/survivors/survivor_gambler.mdl
L 06/09/2020 - 20:29:51: [allsurvivorsmod.smx] AllSurvivors: player Nick is an original!
L 06/09/2020 - 20:29:51: [allsurvivorsmod.smx] AllSurvivors: Spots player (1)Ellis wearing 4, model models/survivors/survivor_namvet.mdl
L 06/09/2020 - 20:29:51: [allsurvivorsmod.smx] AllSurvivors: player (1)Ellis is an original!
L 06/09/2020 - 20:29:55: [allsurvivorsmod.smx] AllSurvivors: Player spawned 6 seconds ago, checking all models now
L 06/09/2020 - 20:29:55: [allsurvivorsmod.smx] AllSurvivors: Spots player Rain❤Delta wearing 2, model models/survivors/survivor_coach.mdl
L 06/09/2020 - 20:29:55: [allsurvivorsmod.smx] AllSurvivors: player Rain❤Delta is an original!
L 06/09/2020 - 20:29:55: [allsurvivorsmod.smx] AllSurvivors: Spots player Rochelle wearing 1, model models/survivors/survivor_producer.mdl
L 06/09/2020 - 20:29:55: [allsurvivorsmod.smx] AllSurvivors: player Rochelle is an original!
L 06/09/2020 - 20:29:55: [allsurvivorsmod.smx] AllSurvivors: Spots player Ellis wearing 3, model models/survivors/survivor_mechanic.mdl
L 06/09/2020 - 20:29:55: [allsurvivorsmod.smx] AllSurvivors: player Ellis is an original!
L 06/09/2020 - 20:29:55: [allsurvivorsmod.smx] AllSurvivors: Spots player Nick wearing 0, model models/survivors/survivor_gambler.mdl
L 06/09/2020 - 20:29:55: [allsurvivorsmod.smx] AllSurvivors: player Nick is an original!
L 06/09/2020 - 20:29:55: [allsurvivorsmod.smx] AllSurvivors: Spots player (1)Ellis wearing 4, model models/survivors/survivor_namvet.mdl
L 06/09/2020 - 20:29:55: [allsurvivorsmod.smx] AllSurvivors: player (1)Ellis is an original!
L 06/09/2020 - 20:30:50: [basecommands.smx] "Rain❤Delta<2><STEAM_1:0:162762726><>" kicked "(1)Ellis<7><BOT><>" (reason "")
L 06/09/2020 - 20:31:10: [allsurvivorsmod.smx] AllSurvivors: Player spawned 6 seconds ago, checking all models now
L 06/09/2020 - 20:31:10: [allsurvivorsmod.smx] AllSurvivors: Spots player Rain❤Delta wearing 2, model models/survivors/survivor_coach.mdl
L 06/09/2020 - 20:31:10: [allsurvivorsmod.smx] AllSurvivors: player Rain❤Delta is an original!
L 06/09/2020 - 20:31:10: [allsurvivorsmod.smx] AllSurvivors: Spots player Rochelle wearing 1, model models/survivors/survivor_producer.mdl
L 06/09/2020 - 20:31:10: [allsurvivorsmod.smx] AllSurvivors: player Rochelle is an original!
L 06/09/2020 - 20:31:10: [allsurvivorsmod.smx] AllSurvivors: Spots player Ellis wearing 3, model models/survivors/survivor_mechanic.mdl
L 06/09/2020 - 20:31:10: [allsurvivorsmod.smx] AllSurvivors: player Ellis is an original!
L 06/09/2020 - 20:31:10: [allsurvivorsmod.smx] AllSurvivors: Spots player Nick wearing 0, model models/survivors/survivor_gambler.mdl
L 06/09/2020 - 20:31:10: [allsurvivorsmod.smx] AllSurvivors: player Nick is an original!
L 06/09/2020 - 20:31:41: Log file closed.
L 06/09/2020 - 20:35:03: SourceMod log file session started (file "L20200609.log") (Version "1.8.0.6041")
L 06/09/2020 - 20:35:03: -------- Mapchange to c1m2_streets --------
L 06/09/2020 - 20:35:04: [GEOIP] GeoIP database info: GEO-106FREE 20180206 Build 1 Copyright (c) 2018 MaxMind Inc All Rights Reserved
L 06/09/2020 - 20:35:04: [simplewelcomemsg.smx] Set the maximum number of lines of.
L 06/09/2020 - 20:35:09: [SM] Changed map to "c1m2_streets"
L 06/09/2020 - 20:35:12: -------- Mapchange to c1m2_streets --------
L 06/09/2020 - 20:35:35: [allsurvivorsmod.smx] AllSurvivors: Player spawned 6 seconds ago, checking all models now
L 06/09/2020 - 20:35:35: [allsurvivorsmod.smx] AllSurvivors: Spots player Rain❤Delta wearing 2, model models/survivors/survivor_coach.mdl
L 06/09/2020 - 20:35:35: [allsurvivorsmod.smx] AllSurvivors: player Rain❤Delta is an original!
L 06/09/2020 - 20:35:35: [allsurvivorsmod.smx] AllSurvivors: Spots player Rochelle wearing 1, model models/survivors/survivor_producer.mdl
L 06/09/2020 - 20:35:35: [allsurvivorsmod.smx] AllSurvivors: player Rochelle is an original!
L 06/09/2020 - 20:35:35: [allsurvivorsmod.smx] AllSurvivors: Spots player Ellis wearing 3, model models/survivors/survivor_mechanic.mdl
L 06/09/2020 - 20:35:35: [allsurvivorsmod.smx] AllSurvivors: player Ellis is an original!
L 06/09/2020 - 20:35:35: [allsurvivorsmod.smx] AllSurvivors: Spots player Nick wearing 0, model models/survivors/survivor_gambler.mdl
L 06/09/2020 - 20:35:35: [allsurvivorsmod.smx] AllSurvivors: player Nick is an original!
L 06/09/2020 - 20:35:35: [allsurvivorsmod.smx] AllSurvivors: Spots player (1)Nick wearing 0, model models/survivors/survivor_gambler.mdl
L 06/09/2020 - 20:35:35: [allsurvivorsmod.smx] AllSurvivors: Thinks (1)Nick should rather be 4, setting model models/survivors/survivor_namvet.mdl
L 06/09/2020 - 20:35:35: [allsurvivorsmod.smx] AllSurvivors: Player spawned 6 seconds ago, checking all models now
L 06/09/2020 - 20:35:35: [allsurvivorsmod.smx] AllSurvivors: Spots player Rain❤Delta wearing 2, model models/survivors/survivor_coach.mdl
L 06/09/2020 - 20:35:35: [allsurvivorsmod.smx] AllSurvivors: player Rain❤Delta is an original!
L 06/09/2020 - 20:35:35: [allsurvivorsmod.smx] AllSurvivors: Spots player Rochelle wearing 1, model models/survivors/survivor_producer.mdl
L 06/09/2020 - 20:35:35: [allsurvivorsmod.smx] AllSurvivors: player Rochelle is an original!
L 06/09/2020 - 20:35:35: [allsurvivorsmod.smx] AllSurvivors: Spots player Ellis wearing 3, model models/survivors/survivor_mechanic.mdl
L 06/09/2020 - 20:35:35: [allsurvivorsmod.smx] AllSurvivors: player Ellis is an original!
L 06/09/2020 - 20:35:35: [allsurvivorsmod.smx] AllSurvivors: Spots player Nick wearing 0, model models/survivors/survivor_gambler.mdl
L 06/09/2020 - 20:35:35: [allsurvivorsmod.smx] AllSurvivors: player Nick is an original!
L 06/09/2020 - 20:35:35: [allsurvivorsmod.smx] AllSurvivors: Spots player (1)Nick wearing 4, model models/survivors/survivor_namvet.mdl
L 06/09/2020 - 20:35:35: [allsurvivorsmod.smx] AllSurvivors: player (1)Nick is an original!
L 06/09/2020 - 20:35:35: [allsurvivorsmod.smx] AllSurvivors: Player spawned 6 seconds ago, checking all models now
L 06/09/2020 - 20:35:35: [allsurvivorsmod.smx] AllSurvivors: Spots player Rain❤Delta wearing 2, model models/survivors/survivor_coach.mdl
L 06/09/2020 - 20:35:35: [allsurvivorsmod.smx] AllSurvivors: player Rain❤Delta is an original!
L 06/09/2020 - 20:35:35: [allsurvivorsmod.smx] AllSurvivors: Spots player Rochelle wearing 1, model models/survivors/survivor_producer.mdl
L 06/09/2020 - 20:35:35: [allsurvivorsmod.smx] AllSurvivors: player Rochelle is an original!
L 06/09/2020 - 20:35:35: [allsurvivorsmod.smx] AllSurvivors: Spots player Ellis wearing 3, model models/survivors/survivor_mechanic.mdl
L 06/09/2020 - 20:35:35: [allsurvivorsmod.smx] AllSurvivors: player Ellis is an original!
L 06/09/2020 - 20:35:35: [allsurvivorsmod.smx] AllSurvivors: Spots player Nick wearing 0, model models/survivors/survivor_gambler.mdl
L 06/09/2020 - 20:35:35: [allsurvivorsmod.smx] AllSurvivors: player Nick is an original!
L 06/09/2020 - 20:35:35: [allsurvivorsmod.smx] AllSurvivors: Spots player (1)Nick wearing 4, model models/survivors/survivor_namvet.mdl
L 06/09/2020 - 20:35:35: [allsurvivorsmod.smx] AllSurvivors: player (1)Nick is an original!
L 06/09/2020 - 20:35:35: [allsurvivorsmod.smx] AllSurvivors: Player spawned 6 seconds ago, checking all models now
L 06/09/2020 - 20:35:35: [allsurvivorsmod.smx] AllSurvivors: Spots player Rain❤Delta wearing 2, model models/survivors/survivor_coach.mdl
L 06/09/2020 - 20:35:35: [allsurvivorsmod.smx] AllSurvivors: player Rain❤Delta is an original!
L 06/09/2020 - 20:35:35: [allsurvivorsmod.smx] AllSurvivors: Spots player Rochelle wearing 1, model models/survivors/survivor_producer.mdl
L 06/09/2020 - 20:35:35: [allsurvivorsmod.smx] AllSurvivors: player Rochelle is an original!
L 06/09/2020 - 20:35:35: [allsurvivorsmod.smx] AllSurvivors: Spots player Ellis wearing 3, model models/survivors/survivor_mechanic.mdl
L 06/09/2020 - 20:35:35: [allsurvivorsmod.smx] AllSurvivors: player Ellis is an original!
L 06/09/2020 - 20:35:35: [allsurvivorsmod.smx] AllSurvivors: Spots player Nick wearing 0, model models/survivors/survivor_gambler.mdl
L 06/09/2020 - 20:35:35: [allsurvivorsmod.smx] AllSurvivors: player Nick is an original!
L 06/09/2020 - 20:35:35: [allsurvivorsmod.smx] AllSurvivors: Spots player (1)Nick wearing 4, model models/survivors/survivor_namvet.mdl
L 06/09/2020 - 20:35:35: [allsurvivorsmod.smx] AllSurvivors: player (1)Nick is an original!
L 06/09/2020 - 20:35:36: [allsurvivorsmod.smx] AllSurvivors: Player spawned 6 seconds ago, checking all models now
L 06/09/2020 - 20:35:36: [allsurvivorsmod.smx] AllSurvivors: Spots player Rain❤Delta wearing 2, model models/survivors/survivor_coach.mdl
L 06/09/2020 - 20:35:36: [allsurvivorsmod.smx] AllSurvivors: player Rain❤Delta is an original!
L 06/09/2020 - 20:35:36: [allsurvivorsmod.smx] AllSurvivors: Spots player Rochelle wearing 1, model models/survivors/survivor_producer.mdl
L 06/09/2020 - 20:35:36: [allsurvivorsmod.smx] AllSurvivors: player Rochelle is an original!
L 06/09/2020 - 20:35:36: [allsurvivorsmod.smx] AllSurvivors: Spots player Ellis wearing 3, model models/survivors/survivor_mechanic.mdl
L 06/09/2020 - 20:35:36: [allsurvivorsmod.smx] AllSurvivors: player Ellis is an original!
L 06/09/2020 - 20:35:36: [allsurvivorsmod.smx] AllSurvivors: Spots player Nick wearing 0, model models/survivors/survivor_gambler.mdl
L 06/09/2020 - 20:35:36: [allsurvivorsmod.smx] AllSurvivors: player Nick is an original!
L 06/09/2020 - 20:35:36: [allsurvivorsmod.smx] AllSurvivors: Spots player (1)Nick wearing 4, model models/survivors/survivor_namvet.mdl
L 06/09/2020 - 20:35:36: [allsurvivorsmod.smx] AllSurvivors: player (1)Nick is an original!
L 06/09/2020 - 20:35:36: [allsurvivorsmod.smx] AllSurvivors: Player spawned 6 seconds ago, checking all models now
L 06/09/2020 - 20:35:36: [allsurvivorsmod.smx] AllSurvivors: Spots player Rain❤Delta wearing 2, model models/survivors/survivor_coach.mdl
L 06/09/2020 - 20:35:36: [allsurvivorsmod.smx] AllSurvivors: player Rain❤Delta is an original!
L 06/09/2020 - 20:35:36: [allsurvivorsmod.smx] AllSurvivors: Spots player Rochelle wearing 1, model models/survivors/survivor_producer.mdl
L 06/09/2020 - 20:35:36: [allsurvivorsmod.smx] AllSurvivors: player Rochelle is an original!
L 06/09/2020 - 20:35:36: [allsurvivorsmod.smx] AllSurvivors: Spots player Ellis wearing 3, model models/survivors/survivor_mechanic.mdl
L 06/09/2020 - 20:35:36: [allsurvivorsmod.smx] AllSurvivors: player Ellis is an original!
L 06/09/2020 - 20:35:36: [allsurvivorsmod.smx] AllSurvivors: Spots player Nick wearing 0, model models/survivors/survivor_gambler.mdl
L 06/09/2020 - 20:35:36: [allsurvivorsmod.smx] AllSurvivors: player Nick is an original!
L 06/09/2020 - 20:35:36: [allsurvivorsmod.smx] AllSurvivors: Spots player (1)Nick wearing 4, model models/survivors/survivor_namvet.mdl
L 06/09/2020 - 20:35:36: [allsurvivorsmod.smx] AllSurvivors: player (1)Nick is an original!
L 06/09/2020 - 20:35:37: [allsurvivorsmod.smx] AllSurvivors: Player spawned 6 seconds ago, checking all models now
L 06/09/2020 - 20:35:37: [allsurvivorsmod.smx] AllSurvivors: Spots player Rain❤Delta wearing 2, model models/survivors/survivor_coach.mdl
L 06/09/2020 - 20:35:37: [allsurvivorsmod.smx] AllSurvivors: player Rain❤Delta is an original!
L 06/09/2020 - 20:35:37: [allsurvivorsmod.smx] AllSurvivors: Spots player Rochelle wearing 1, model models/survivors/survivor_producer.mdl
L 06/09/2020 - 20:35:37: [allsurvivorsmod.smx] AllSurvivors: player Rochelle is an original!
L 06/09/2020 - 20:35:37: [allsurvivorsmod.smx] AllSurvivors: Spots player Ellis wearing 3, model models/survivors/survivor_mechanic.mdl
L 06/09/2020 - 20:35:37: [allsurvivorsmod.smx] AllSurvivors: player Ellis is an original!
L 06/09/2020 - 20:35:37: [allsurvivorsmod.smx] AllSurvivors: Spots player Nick wearing 0, model models/survivors/survivor_gambler.mdl
L 06/09/2020 - 20:35:37: [allsurvivorsmod.smx] AllSurvivors: player Nick is an original!
L 06/09/2020 - 20:35:37: [allsurvivorsmod.smx] AllSurvivors: Spots player (1)Nick wearing 4, model models/survivors/survivor_namvet.mdl
L 06/09/2020 - 20:35:37: [allsurvivorsmod.smx] AllSurvivors: player (1)Nick is an original!
L 06/09/2020 - 20:35:38: [allsurvivorsmod.smx] AllSurvivors: Player spawned 6 seconds ago, checking all models now
L 06/09/2020 - 20:35:38: [allsurvivorsmod.smx] AllSurvivors: Spots player Rain❤Delta wearing 2, model models/survivors/survivor_coach.mdl
L 06/09/2020 - 20:35:38: [allsurvivorsmod.smx] AllSurvivors: player Rain❤Delta is an original!
L 06/09/2020 - 20:35:38: [allsurvivorsmod.smx] AllSurvivors: Spots player Rochelle wearing 1, model models/survivors/survivor_producer.mdl
L 06/09/2020 - 20:35:38: [allsurvivorsmod.smx] AllSurvivors: player Rochelle is an original!
L 06/09/2020 - 20:35:38: [allsurvivorsmod.smx] AllSurvivors: Spots player Ellis wearing 3, model models/survivors/survivor_mechanic.mdl
L 06/09/2020 - 20:35:38: [allsurvivorsmod.smx] AllSurvivors: player Ellis is an original!
L 06/09/2020 - 20:35:38: [allsurvivorsmod.smx] AllSurvivors: Spots player Nick wearing 0, model models/survivors/survivor_gambler.mdl
L 06/09/2020 - 20:35:38: [allsurvivorsmod.smx] AllSurvivors: player Nick is an original!
L 06/09/2020 - 20:35:38: [allsurvivorsmod.smx] AllSurvivors: Spots player (1)Nick wearing 4, model models/survivors/survivor_namvet.mdl
L 06/09/2020 - 20:35:38: [allsurvivorsmod.smx] AllSurvivors: player (1)Nick is an original!
L 06/09/2020 - 20:35:38: [allsurvivorsmod.smx] AllSurvivors: Player spawned 6 seconds ago, checking all models now
L 06/09/2020 - 20:35:38: [allsurvivorsmod.smx] AllSurvivors: Spots player Rain❤Delta wearing 2, model models/survivors/survivor_coach.mdl
L 06/09/2020 - 20:35:38: [allsurvivorsmod.smx] AllSurvivors: player Rain❤Delta is an original!
L 06/09/2020 - 20:35:38: [allsurvivorsmod.smx] AllSurvivors: Spots player Rochelle wearing 1, model models/survivors/survivor_producer.mdl
L 06/09/2020 - 20:35:38: [allsurvivorsmod.smx] AllSurvivors: player Rochelle is an original!
L 06/09/2020 - 20:35:38: [allsurvivorsmod.smx] AllSurvivors: Spots player Ellis wearing 3, model models/survivors/survivor_mechanic.mdl
L 06/09/2020 - 20:35:38: [allsurvivorsmod.smx] AllSurvivors: player Ellis is an original!
L 06/09/2020 - 20:35:38: [allsurvivorsmod.smx] AllSurvivors: Spots player Nick wearing 0, model models/survivors/survivor_gambler.mdl
L 06/09/2020 - 20:35:38: [allsurvivorsmod.smx] AllSurvivors: player Nick is an original!
L 06/09/2020 - 20:35:38: [allsurvivorsmod.smx] AllSurvivors: Spots player (1)Nick wearing 4, model models/survivors/survivor_namvet.mdl
L 06/09/2020 - 20:35:38: [allsurvivorsmod.smx] AllSurvivors: player (1)Nick is an original!
L 06/09/2020 - 20:35:38: [allsurvivorsmod.smx] AllSurvivors: Player spawned 6 seconds ago, checking all models now
L 06/09/2020 - 20:35:38: [allsurvivorsmod.smx] AllSurvivors: Spots player Rain❤Delta wearing 2, model models/survivors/survivor_coach.mdl
L 06/09/2020 - 20:35:38: [allsurvivorsmod.smx] AllSurvivors: player Rain❤Delta is an original!
L 06/09/2020 - 20:35:38: [allsurvivorsmod.smx] AllSurvivors: Spots player Rochelle wearing 1, model models/survivors/survivor_producer.mdl
L 06/09/2020 - 20:35:38: [allsurvivorsmod.smx] AllSurvivors: player Rochelle is an original!
L 06/09/2020 - 20:35:38: [allsurvivorsmod.smx] AllSurvivors: Spots player Ellis wearing 3, model models/survivors/survivor_mechanic.mdl
L 06/09/2020 - 20:35:38: [allsurvivorsmod.smx] AllSurvivors: player Ellis is an original!
L 06/09/2020 - 20:35:38: [allsurvivorsmod.smx] AllSurvivors: Spots player Nick wearing 0, model models/survivors/survivor_gambler.mdl
L 06/09/2020 - 20:35:38: [allsurvivorsmod.smx] AllSurvivors: player Nick is an original!
L 06/09/2020 - 20:35:38: [allsurvivorsmod.smx] AllSurvivors: Spots player (1)Nick wearing 4, model models/survivors/survivor_namvet.mdl
L 06/09/2020 - 20:35:38: [allsurvivorsmod.smx] AllSurvivors: player (1)Nick is an original!
L 06/09/2020 - 20:35:39: [allsurvivorsmod.smx] AllSurvivors: Player spawned 6 seconds ago, checking all models now
L 06/09/2020 - 20:35:39: [allsurvivorsmod.smx] AllSurvivors: Spots player Rain❤Delta wearing 2, model models/survivors/survivor_coach.mdl
L 06/09/2020 - 20:35:39: [allsurvivorsmod.smx] AllSurvivors: player Rain❤Delta is an original!
L 06/09/2020 - 20:35:39: [allsurvivorsmod.smx] AllSurvivors: Spots player Rochelle wearing 1, model models/survivors/survivor_producer.mdl
L 06/09/2020 - 20:35:39: [allsurvivorsmod.smx] AllSurvivors: player Rochelle is an original!
L 06/09/2020 - 20:35:39: [allsurvivorsmod.smx] AllSurvivors: Spots player Ellis wearing 3, model models/survivors/survivor_mechanic.mdl
L 06/09/2020 - 20:35:39: [allsurvivorsmod.smx] AllSurvivors: player Ellis is an original!
L 06/09/2020 - 20:35:39: [allsurvivorsmod.smx] AllSurvivors: Spots player Nick wearing 0, model models/survivors/survivor_gambler.mdl
L 06/09/2020 - 20:35:39: [allsurvivorsmod.smx] AllSurvivors: player Nick is an original!
L 06/09/2020 - 20:35:39: [allsurvivorsmod.smx] AllSurvivors: Spots player (1)Nick wearing 4, model models/survivors/survivor_namvet.mdl
L 06/09/2020 - 20:35:39: [allsurvivorsmod.smx] AllSurvivors: player (1)Nick is an original!
L 06/09/2020 - 20:35:40: [allsurvivorsmod.smx] AllSurvivors: Player spawned 6 seconds ago, checking all models now
L 06/09/2020 - 20:35:40: [allsurvivorsmod.smx] AllSurvivors: Spots player Rain❤Delta wearing 2, model models/survivors/survivor_coach.mdl
L 06/09/2020 - 20:35:40: [allsurvivorsmod.smx] AllSurvivors: player Rain❤Delta is an original!
L 06/09/2020 - 20:35:40: [allsurvivorsmod.smx] AllSurvivors: Spots player Rochelle wearing 1, model models/survivors/survivor_producer.mdl
L 06/09/2020 - 20:35:40: [allsurvivorsmod.smx] AllSurvivors: player Rochelle is an original!
L 06/09/2020 - 20:35:40: [allsurvivorsmod.smx] AllSurvivors: Spots player Ellis wearing 3, model models/survivors/survivor_mechanic.mdl
L 06/09/2020 - 20:35:40: [allsurvivorsmod.smx] AllSurvivors: player Ellis is an original!
L 06/09/2020 - 20:35:40: [allsurvivorsmod.smx] AllSurvivors: Spots player Nick wearing 0, model models/survivors/survivor_gambler.mdl
L 06/09/2020 - 20:35:40: [allsurvivorsmod.smx] AllSurvivors: player Nick is an original!
L 06/09/2020 - 20:35:40: [allsurvivorsmod.smx] AllSurvivors: Spots player (1)Nick wearing 4, model models/survivors/survivor_namvet.mdl
L 06/09/2020 - 20:35:40: [allsurvivorsmod.smx] AllSurvivors: player (1)Nick is an original!
L 06/09/2020 - 20:35:41: [allsurvivorsmod.smx] AllSurvivors: Player spawned 6 seconds ago, checking all models now
L 06/09/2020 - 20:35:41: [allsurvivorsmod.smx] AllSurvivors: Spots player Rain❤Delta wearing 2, model models/survivors/survivor_coach.mdl
L 06/09/2020 - 20:35:41: [allsurvivorsmod.smx] AllSurvivors: player Rain❤Delta is an original!
L 06/09/2020 - 20:35:41: [allsurvivorsmod.smx] AllSurvivors: Spots player Rochelle wearing 1, model models/survivors/survivor_producer.mdl
L 06/09/2020 - 20:35:41: [allsurvivorsmod.smx] AllSurvivors: player Rochelle is an original!
L 06/09/2020 - 20:35:41: [allsurvivorsmod.smx] AllSurvivors: Spots player Ellis wearing 3, model models/survivors/survivor_mechanic.mdl
L 06/09/2020 - 20:35:41: [allsurvivorsmod.smx] AllSurvivors: player Ellis is an original!
L 06/09/2020 - 20:35:41: [allsurvivorsmod.smx] AllSurvivors: Spots player Nick wearing 0, model models/survivors/survivor_gambler.mdl
L 06/09/2020 - 20:35:41: [allsurvivorsmod.smx] AllSurvivors: player Nick is an original!
L 06/09/2020 - 20:35:41: [allsurvivorsmod.smx] AllSurvivors: Spots player (1)Nick wearing 4, model models/survivors/survivor_namvet.mdl
L 06/09/2020 - 20:35:41: [allsurvivorsmod.smx] AllSurvivors: player (1)Nick is an original!
L 06/09/2020 - 20:35:43: [allsurvivorsmod.smx] AllSurvivors: Player spawned 6 seconds ago, checking all models now
L 06/09/2020 - 20:35:43: [allsurvivorsmod.smx] AllSurvivors: Spots player Rain❤Delta wearing 2, model models/survivors/survivor_coach.mdl
L 06/09/2020 - 20:35:43: [allsurvivorsmod.smx] AllSurvivors: player Rain❤Delta is an original!
L 06/09/2020 - 20:35:43: [allsurvivorsmod.smx] AllSurvivors: Spots player Rochelle wearing 1, model models/survivors/survivor_producer.mdl
L 06/09/2020 - 20:35:43: [allsurvivorsmod.smx] AllSurvivors: player Rochelle is an original!
L 06/09/2020 - 20:35:43: [allsurvivorsmod.smx] AllSurvivors: Spots player Ellis wearing 3, model models/survivors/survivor_mechanic.mdl
L 06/09/2020 - 20:35:43: [allsurvivorsmod.smx] AllSurvivors: player Ellis is an original!
L 06/09/2020 - 20:35:43: [allsurvivorsmod.smx] AllSurvivors: Spots player Nick wearing 0, model models/survivors/survivor_gambler.mdl
L 06/09/2020 - 20:35:43: [allsurvivorsmod.smx] AllSurvivors: player Nick is an original!
L 06/09/2020 - 20:35:43: [allsurvivorsmod.smx] AllSurvivors: Spots player (1)Nick wearing 4, model models/survivors/survivor_namvet.mdl
L 06/09/2020 - 20:35:43: [allsurvivorsmod.smx] AllSurvivors: player (1)Nick is an original!
L 06/09/2020 - 20:35:44: [allsurvivorsmod.smx] AllSurvivors: Player spawned 6 seconds ago, checking all models now
L 06/09/2020 - 20:35:44: [allsurvivorsmod.smx] AllSurvivors: Spots player Rain❤Delta wearing 2, model models/survivors/survivor_coach.mdl
L 06/09/2020 - 20:35:44: [allsurvivorsmod.smx] AllSurvivors: player Rain❤Delta is an original!
L 06/09/2020 - 20:35:44: [allsurvivorsmod.smx] AllSurvivors: Spots player Rochelle wearing 1, model models/survivors/survivor_producer.mdl
L 06/09/2020 - 20:35:44: [allsurvivorsmod.smx] AllSurvivors: player Rochelle is an original!
L 06/09/2020 - 20:35:44: [allsurvivorsmod.smx] AllSurvivors: Spots player Ellis wearing 3, model models/survivors/survivor_mechanic.mdl
L 06/09/2020 - 20:35:44: [allsurvivorsmod.smx] AllSurvivors: player Ellis is an original!
L 06/09/2020 - 20:35:44: [allsurvivorsmod.smx] AllSurvivors: Spots player Nick wearing 0, model models/survivors/survivor_gambler.mdl
L 06/09/2020 - 20:35:44: [allsurvivorsmod.smx] AllSurvivors: player Nick is an original!
L 06/09/2020 - 20:35:44: [allsurvivorsmod.smx] AllSurvivors: Spots player (1)Nick wearing 4, model models/survivors/survivor_namvet.mdl
L 06/09/2020 - 20:35:44: [allsurvivorsmod.smx] AllSurvivors: player (1)Nick is an original!
L 06/09/2020 - 20:36:15: Log file closed.
L 06/09/2020 - 20:39:53: SourceMod log file session started (file "L20200609.log") (Version "1.8.0.6041")
L 06/09/2020 - 20:39:53: -------- Mapchange to c1m2_streets --------
L 06/09/2020 - 20:39:54: [GEOIP] GeoIP database info: GEO-106FREE 20180206 Build 1 Copyright (c) 2018 MaxMind Inc All Rights Reserved
L 06/09/2020 - 20:39:54: [simplewelcomemsg.smx] Set the maximum number of lines of.
L 06/09/2020 - 20:40:03: [SM] Changed map to "c1m2_streets"
L 06/09/2020 - 20:40:06: -------- Mapchange to c1m2_streets --------
L 06/09/2020 - 20:40:31: [allsurvivorsmod.smx] AllSurvivors: Player spawned 6 seconds ago, checking all models now
L 06/09/2020 - 20:40:31: [allsurvivorsmod.smx] AllSurvivors: Spots player Rain❤Delta wearing 0, model models/survivors/survivor_gambler.mdl
L 06/09/2020 - 20:40:31: [allsurvivorsmod.smx] AllSurvivors: player Rain❤Delta is an original!
L 06/09/2020 - 20:40:31: [allsurvivorsmod.smx] AllSurvivors: Spots player Coach wearing 2, model models/survivors/survivor_coach.mdl
L 06/09/2020 - 20:40:31: [allsurvivorsmod.smx] AllSurvivors: player Coach is an original!
L 06/09/2020 - 20:40:31: [allsurvivorsmod.smx] AllSurvivors: Spots player Ellis wearing 3, model models/survivors/survivor_mechanic.mdl
L 06/09/2020 - 20:40:31: [allsurvivorsmod.smx] AllSurvivors: player Ellis is an original!
L 06/09/2020 - 20:40:31: [allsurvivorsmod.smx] AllSurvivors: Spots player Rochelle wearing 1, model models/survivors/survivor_producer.mdl
L 06/09/2020 - 20:40:31: [allsurvivorsmod.smx] AllSurvivors: player Rochelle is an original!
L 06/09/2020 - 20:40:31: [allsurvivorsmod.smx] AllSurvivors: Spots player Nick wearing 0, model models/survivors/survivor_gambler.mdl
L 06/09/2020 - 20:40:31: [allsurvivorsmod.smx] AllSurvivors: Thinks Nick should rather be 4, setting model models/survivors/survivor_namvet.mdl
L 06/09/2020 - 20:40:31: [allsurvivorsmod.smx] AllSurvivors: Player spawned 6 seconds ago, checking all models now
L 06/09/2020 - 20:40:31: [allsurvivorsmod.smx] AllSurvivors: Spots player Rain❤Delta wearing 0, model models/survivors/survivor_gambler.mdl
L 06/09/2020 - 20:40:31: [allsurvivorsmod.smx] AllSurvivors: player Rain❤Delta is an original!
L 06/09/2020 - 20:40:31: [allsurvivorsmod.smx] AllSurvivors: Spots player Coach wearing 2, model models/survivors/survivor_coach.mdl
L 06/09/2020 - 20:40:31: [allsurvivorsmod.smx] AllSurvivors: player Coach is an original!
L 06/09/2020 - 20:40:31: [allsurvivorsmod.smx] AllSurvivors: Spots player Ellis wearing 3, model models/survivors/survivor_mechanic.mdl
L 06/09/2020 - 20:40:31: [allsurvivorsmod.smx] AllSurvivors: player Ellis is an original!
L 06/09/2020 - 20:40:31: [allsurvivorsmod.smx] AllSurvivors: Spots player Rochelle wearing 1, model models/survivors/survivor_producer.mdl
L 06/09/2020 - 20:40:31: [allsurvivorsmod.smx] AllSurvivors: player Rochelle is an original!
L 06/09/2020 - 20:40:31: [allsurvivorsmod.smx] AllSurvivors: Spots player Nick wearing 4, model models/survivors/survivor_namvet.mdl
L 06/09/2020 - 20:40:31: [allsurvivorsmod.smx] AllSurvivors: player Nick is an original!
L 06/09/2020 - 20:40:31: [allsurvivorsmod.smx] AllSurvivors: Player spawned 6 seconds ago, checking all models now
L 06/09/2020 - 20:40:31: [allsurvivorsmod.smx] AllSurvivors: Spots player Rain❤Delta wearing 0, model models/survivors/survivor_gambler.mdl
L 06/09/2020 - 20:40:32: [allsurvivorsmod.smx] AllSurvivors: player Rain❤Delta is an original!
L 06/09/2020 - 20:40:32: [allsurvivorsmod.smx] AllSurvivors: Spots player Coach wearing 2, model models/survivors/survivor_coach.mdl
L 06/09/2020 - 20:40:32: [allsurvivorsmod.smx] AllSurvivors: player Coach is an original!
L 06/09/2020 - 20:40:32: [allsurvivorsmod.smx] AllSurvivors: Spots player Ellis wearing 3, model models/survivors/survivor_mechanic.mdl
L 06/09/2020 - 20:40:32: [allsurvivorsmod.smx] AllSurvivors: player Ellis is an original!
L 06/09/2020 - 20:40:32: [allsurvivorsmod.smx] AllSurvivors: Spots player Rochelle wearing 1, model models/survivors/survivor_producer.mdl
L 06/09/2020 - 20:40:32: [allsurvivorsmod.smx] AllSurvivors: player Rochelle is an original!
L 06/09/2020 - 20:40:32: [allsurvivorsmod.smx] AllSurvivors: Spots player Nick wearing 4, model models/survivors/survivor_namvet.mdl
L 06/09/2020 - 20:40:32: [allsurvivorsmod.smx] AllSurvivors: player Nick is an original!
L 06/09/2020 - 20:40:32: [allsurvivorsmod.smx] AllSurvivors: Player spawned 6 seconds ago, checking all models now
L 06/09/2020 - 20:40:32: [allsurvivorsmod.smx] AllSurvivors: Spots player Rain❤Delta wearing 0, model models/survivors/survivor_gambler.mdl
L 06/09/2020 - 20:40:32: [allsurvivorsmod.smx] AllSurvivors: player Rain❤Delta is an original!
L 06/09/2020 - 20:40:32: [allsurvivorsmod.smx] AllSurvivors: Spots player Coach wearing 2, model models/survivors/survivor_coach.mdl
L 06/09/2020 - 20:40:32: [allsurvivorsmod.smx] AllSurvivors: player Coach is an original!
L 06/09/2020 - 20:40:32: [allsurvivorsmod.smx] AllSurvivors: Spots player Ellis wearing 3, model models/survivors/survivor_mechanic.mdl
L 06/09/2020 - 20:40:32: [allsurvivorsmod.smx] AllSurvivors: player Ellis is an original!
L 06/09/2020 - 20:40:32: [allsurvivorsmod.smx] AllSurvivors: Spots player Rochelle wearing 1, model models/survivors/survivor_producer.mdl
L 06/09/2020 - 20:40:32: [allsurvivorsmod.smx] AllSurvivors: player Rochelle is an original!
L 06/09/2020 - 20:40:32: [allsurvivorsmod.smx] AllSurvivors: Spots player Nick wearing 4, model models/survivors/survivor_namvet.mdl
L 06/09/2020 - 20:40:32: [allsurvivorsmod.smx] AllSurvivors: player Nick is an original!
L 06/09/2020 - 20:40:33: [allsurvivorsmod.smx] AllSurvivors: Player spawned 6 seconds ago, checking all models now
L 06/09/2020 - 20:40:33: [allsurvivorsmod.smx] AllSurvivors: Spots player Rain❤Delta wearing 0, model models/survivors/survivor_gambler.mdl
L 06/09/2020 - 20:40:33: [allsurvivorsmod.smx] AllSurvivors: player Rain❤Delta is an original!
L 06/09/2020 - 20:40:33: [allsurvivorsmod.smx] AllSurvivors: Spots player Coach wearing 2, model models/survivors/survivor_coach.mdl
L 06/09/2020 - 20:40:33: [allsurvivorsmod.smx] AllSurvivors: player Coach is an original!
L 06/09/2020 - 20:40:33: [allsurvivorsmod.smx] AllSurvivors: Spots player Ellis wearing 3, model models/survivors/survivor_mechanic.mdl
L 06/09/2020 - 20:40:33: [allsurvivorsmod.smx] AllSurvivors: player Ellis is an original!
L 06/09/2020 - 20:40:33: [allsurvivorsmod.smx] AllSurvivors: Spots player Rochelle wearing 1, model models/survivors/survivor_producer.mdl
L 06/09/2020 - 20:40:33: [allsurvivorsmod.smx] AllSurvivors: player Rochelle is an original!
L 06/09/2020 - 20:40:33: [allsurvivorsmod.smx] AllSurvivors: Spots player Nick wearing 4, model models/survivors/survivor_namvet.mdl
L 06/09/2020 - 20:40:33: [allsurvivorsmod.smx] AllSurvivors: player Nick is an original!
L 06/09/2020 - 20:40:33: [allsurvivorsmod.smx] AllSurvivors: Player spawned 6 seconds ago, checking all models now
L 06/09/2020 - 20:40:33: [allsurvivorsmod.smx] AllSurvivors: Spots player Rain❤Delta wearing 0, model models/survivors/survivor_gambler.mdl
L 06/09/2020 - 20:40:33: [allsurvivorsmod.smx] AllSurvivors: player Rain❤Delta is an original!
L 06/09/2020 - 20:40:33: [allsurvivorsmod.smx] AllSurvivors: Spots player Coach wearing 2, model models/survivors/survivor_coach.mdl
L 06/09/2020 - 20:40:33: [allsurvivorsmod.smx] AllSurvivors: player Coach is an original!
L 06/09/2020 - 20:40:33: [allsurvivorsmod.smx] AllSurvivors: Spots player Ellis wearing 3, model models/survivors/survivor_mechanic.mdl
L 06/09/2020 - 20:40:33: [allsurvivorsmod.smx] AllSurvivors: player Ellis is an original!
L 06/09/2020 - 20:40:33: [allsurvivorsmod.smx] AllSurvivors: Spots player Rochelle wearing 1, model models/survivors/survivor_producer.mdl
L 06/09/2020 - 20:40:33: [allsurvivorsmod.smx] AllSurvivors: player Rochelle is an original!
L 06/09/2020 - 20:40:33: [allsurvivorsmod.smx] AllSurvivors: Spots player Nick wearing 4, model models/survivors/survivor_namvet.mdl
L 06/09/2020 - 20:40:33: [allsurvivorsmod.smx] AllSurvivors: player Nick is an original!
L 06/09/2020 - 20:40:36: [allsurvivorsmod.smx] AllSurvivors: Player spawned 6 seconds ago, checking all models now
L 06/09/2020 - 20:40:36: [allsurvivorsmod.smx] AllSurvivors: Spots player Rain❤Delta wearing 0, model models/survivors/survivor_gambler.mdl
L 06/09/2020 - 20:40:36: [allsurvivorsmod.smx] AllSurvivors: player Rain❤Delta is an original!
L 06/09/2020 - 20:40:36: [allsurvivorsmod.smx] AllSurvivors: Spots player Coach wearing 2, model models/survivors/survivor_coach.mdl
L 06/09/2020 - 20:40:36: [allsurvivorsmod.smx] AllSurvivors: player Coach is an original!
L 06/09/2020 - 20:40:36: [allsurvivorsmod.smx] AllSurvivors: Spots player Ellis wearing 3, model models/survivors/survivor_mechanic.mdl
L 06/09/2020 - 20:40:36: [allsurvivorsmod.smx] AllSurvivors: player Ellis is an original!
L 06/09/2020 - 20:40:36: [allsurvivorsmod.smx] AllSurvivors: Spots player Rochelle wearing 1, model models/survivors/survivor_producer.mdl
L 06/09/2020 - 20:40:36: [allsurvivorsmod.smx] AllSurvivors: player Rochelle is an original!
L 06/09/2020 - 20:40:36: [allsurvivorsmod.smx] AllSurvivors: Spots player Nick wearing 4, model models/survivors/survivor_namvet.mdl
L 06/09/2020 - 20:40:36: [allsurvivorsmod.smx] AllSurvivors: player Nick is an original!
L 06/09/2020 - 20:40:36: [allsurvivorsmod.smx] AllSurvivors: Player spawned 6 seconds ago, checking all models now
L 06/09/2020 - 20:40:36: [allsurvivorsmod.smx] AllSurvivors: Spots player Rain❤Delta wearing 0, model models/survivors/survivor_gambler.mdl
L 06/09/2020 - 20:40:36: [allsurvivorsmod.smx] AllSurvivors: player Rain❤Delta is an original!
L 06/09/2020 - 20:40:36: [allsurvivorsmod.smx] AllSurvivors: Spots player Coach wearing 2, model models/survivors/survivor_coach.mdl
L 06/09/2020 - 20:40:36: [allsurvivorsmod.smx] AllSurvivors: player Coach is an original!
L 06/09/2020 - 20:40:36: [allsurvivorsmod.smx] AllSurvivors: Spots player Ellis wearing 3, model models/survivors/survivor_mechanic.mdl
L 06/09/2020 - 20:40:36: [allsurvivorsmod.smx] AllSurvivors: player Ellis is an original!
L 06/09/2020 - 20:40:36: [allsurvivorsmod.smx] AllSurvivors: Spots player Rochelle wearing 1, model models/survivors/survivor_producer.mdl
L 06/09/2020 - 20:40:36: [allsurvivorsmod.smx] AllSurvivors: player Rochelle is an original!
L 06/09/2020 - 20:40:36: [allsurvivorsmod.smx] AllSurvivors: Spots player Nick wearing 4, model models/survivors/survivor_namvet.mdl
L 06/09/2020 - 20:40:36: [allsurvivorsmod.smx] AllSurvivors: player Nick is an original!
L 06/09/2020 - 20:40:37: [allsurvivorsmod.smx] AllSurvivors: Player spawned 6 seconds ago, checking all models now
L 06/09/2020 - 20:40:37: [allsurvivorsmod.smx] AllSurvivors: Spots player Rain❤Delta wearing 0, model models/survivors/survivor_gambler.mdl
L 06/09/2020 - 20:40:37: [allsurvivorsmod.smx] AllSurvivors: player Rain❤Delta is an original!
L 06/09/2020 - 20:40:37: [allsurvivorsmod.smx] AllSurvivors: Spots player Coach wearing 2, model models/survivors/survivor_coach.mdl
L 06/09/2020 - 20:40:37: [allsurvivorsmod.smx] AllSurvivors: player Coach is an original!
L 06/09/2020 - 20:40:37: [allsurvivorsmod.smx] AllSurvivors: Spots player Ellis wearing 3, model models/survivors/survivor_mechanic.mdl
L 06/09/2020 - 20:40:37: [allsurvivorsmod.smx] AllSurvivors: player Ellis is an original!
L 06/09/2020 - 20:40:37: [allsurvivorsmod.smx] AllSurvivors: Spots player Rochelle wearing 1, model models/survivors/survivor_producer.mdl
L 06/09/2020 - 20:40:37: [allsurvivorsmod.smx] AllSurvivors: player Rochelle is an original!
L 06/09/2020 - 20:40:37: [allsurvivorsmod.smx] AllSurvivors: Spots player Nick wearing 4, model models/survivors/survivor_namvet.mdl
L 06/09/2020 - 20:40:37: [allsurvivorsmod.smx] AllSurvivors: player Nick is an original!
L 06/09/2020 - 20:40:37: [allsurvivorsmod.smx] AllSurvivors: Player spawned 6 seconds ago, checking all models now
L 06/09/2020 - 20:40:37: [allsurvivorsmod.smx] AllSurvivors: Spots player Rain❤Delta wearing 0, model models/survivors/survivor_gambler.mdl
L 06/09/2020 - 20:40:37: [allsurvivorsmod.smx] AllSurvivors: player Rain❤Delta is an original!
L 06/09/2020 - 20:40:37: [allsurvivorsmod.smx] AllSurvivors: Spots player Coach wearing 2, model models/survivors/survivor_coach.mdl
L 06/09/2020 - 20:40:37: [allsurvivorsmod.smx] AllSurvivors: player Coach is an original!
L 06/09/2020 - 20:40:37: [allsurvivorsmod.smx] AllSurvivors: Spots player Ellis wearing 3, model models/survivors/survivor_mechanic.mdl
L 06/09/2020 - 20:40:37: [allsurvivorsmod.smx] AllSurvivors: player Ellis is an original!
L 06/09/2020 - 20:40:37: [allsurvivorsmod.smx] AllSurvivors: Spots player Rochelle wearing 1, model models/survivors/survivor_producer.mdl
L 06/09/2020 - 20:40:37: [allsurvivorsmod.smx] AllSurvivors: player Rochelle is an original!
L 06/09/2020 - 20:40:37: [allsurvivorsmod.smx] AllSurvivors: Spots player Nick wearing 4, model models/survivors/survivor_namvet.mdl
L 06/09/2020 - 20:40:37: [allsurvivorsmod.smx] AllSurvivors: player Nick is an original!
L 06/09/2020 - 20:40:38: [allsurvivorsmod.smx] AllSurvivors: Player spawned 6 seconds ago, checking all models now
L 06/09/2020 - 20:40:38: [allsurvivorsmod.smx] AllSurvivors: Spots player Rain❤Delta wearing 0, model models/survivors/survivor_gambler.mdl
L 06/09/2020 - 20:40:38: [allsurvivorsmod.smx] AllSurvivors: player Rain❤Delta is an original!
L 06/09/2020 - 20:40:38: [allsurvivorsmod.smx] AllSurvivors: Spots player Coach wearing 2, model models/survivors/survivor_coach.mdl
L 06/09/2020 - 20:40:38: [allsurvivorsmod.smx] AllSurvivors: player Coach is an original!
L 06/09/2020 - 20:40:38: [allsurvivorsmod.smx] AllSurvivors: Spots player Ellis wearing 3, model models/survivors/survivor_mechanic.mdl
L 06/09/2020 - 20:40:38: [allsurvivorsmod.smx] AllSurvivors: player Ellis is an original!
L 06/09/2020 - 20:40:38: [allsurvivorsmod.smx] AllSurvivors: Spots player Rochelle wearing 1, model models/survivors/survivor_producer.mdl
L 06/09/2020 - 20:40:38: [allsurvivorsmod.smx] AllSurvivors: player Rochelle is an original!
L 06/09/2020 - 20:40:38: [allsurvivorsmod.smx] AllSurvivors: Spots player Nick wearing 4, model models/survivors/survivor_namvet.mdl
L 06/09/2020 - 20:40:38: [allsurvivorsmod.smx] AllSurvivors: player Nick is an original!
L 06/09/2020 - 20:40:38: [allsurvivorsmod.smx] AllSurvivors: Player spawned 6 seconds ago, checking all models now
L 06/09/2020 - 20:40:38: [allsurvivorsmod.smx] AllSurvivors: Spots player Rain❤Delta wearing 0, model models/survivors/survivor_gambler.mdl
L 06/09/2020 - 20:40:38: [allsurvivorsmod.smx] AllSurvivors: player Rain❤Delta is an original!
L 06/09/2020 - 20:40:38: [allsurvivorsmod.smx] AllSurvivors: Spots player Coach wearing 2, model models/survivors/survivor_coach.mdl
L 06/09/2020 - 20:40:38: [allsurvivorsmod.smx] AllSurvivors: player Coach is an original!
L 06/09/2020 - 20:40:38: [allsurvivorsmod.smx] AllSurvivors: Spots player Ellis wearing 3, model models/survivors/survivor_mechanic.mdl
L 06/09/2020 - 20:40:38: [allsurvivorsmod.smx] AllSurvivors: player Ellis is an original!
L 06/09/2020 - 20:40:38: [allsurvivorsmod.smx] AllSurvivors: Spots player Rochelle wearing 1, model models/survivors/survivor_producer.mdl
L 06/09/2020 - 20:40:38: [allsurvivorsmod.smx] AllSurvivors: player Rochelle is an original!
L 06/09/2020 - 20:40:38: [allsurvivorsmod.smx] AllSurvivors: Spots player Nick wearing 4, model models/survivors/survivor_namvet.mdl
L 06/09/2020 - 20:40:38: [allsurvivorsmod.smx] AllSurvivors: player Nick is an original!
L 06/09/2020 - 20:40:39: [allsurvivorsmod.smx] AllSurvivors: Player spawned 6 seconds ago, checking all models now
L 06/09/2020 - 20:40:39: [allsurvivorsmod.smx] AllSurvivors: Spots player Rain❤Delta wearing 0, model models/survivors/survivor_gambler.mdl
L 06/09/2020 - 20:40:39: [allsurvivorsmod.smx] AllSurvivors: player Rain❤Delta is an original!
L 06/09/2020 - 20:40:39: [allsurvivorsmod.smx] AllSurvivors: Spots player Coach wearing 2, model models/survivors/survivor_coach.mdl
L 06/09/2020 - 20:40:39: [allsurvivorsmod.smx] AllSurvivors: player Coach is an original!
L 06/09/2020 - 20:40:39: [allsurvivorsmod.smx] AllSurvivors: Spots player Ellis wearing 3, model models/survivors/survivor_mechanic.mdl
L 06/09/2020 - 20:40:39: [allsurvivorsmod.smx] AllSurvivors: player Ellis is an original!
L 06/09/2020 - 20:40:39: [allsurvivorsmod.smx] AllSurvivors: Spots player Rochelle wearing 1, model models/survivors/survivor_producer.mdl
L 06/09/2020 - 20:40:39: [allsurvivorsmod.smx] AllSurvivors: player Rochelle is an original!
L 06/09/2020 - 20:40:39: [allsurvivorsmod.smx] AllSurvivors: Spots player Nick wearing 4, model models/survivors/survivor_namvet.mdl
L 06/09/2020 - 20:40:39: [allsurvivorsmod.smx] AllSurvivors: player Nick is an original!
L 06/09/2020 - 20:40:42: [allsurvivorsmod.smx] AllSurvivors: Player spawned 6 seconds ago, checking all models now
L 06/09/2020 - 20:40:42: [allsurvivorsmod.smx] AllSurvivors: Spots player Rain❤Delta wearing 0, model models/survivors/survivor_gambler.mdl
L 06/09/2020 - 20:40:42: [allsurvivorsmod.smx] AllSurvivors: player Rain❤Delta is an original!
L 06/09/2020 - 20:40:42: [allsurvivorsmod.smx] AllSurvivors: Spots player Coach wearing 2, model models/survivors/survivor_coach.mdl
L 06/09/2020 - 20:40:42: [allsurvivorsmod.smx] AllSurvivors: player Coach is an original!
L 06/09/2020 - 20:40:42: [allsurvivorsmod.smx] AllSurvivors: Spots player Ellis wearing 3, model models/survivors/survivor_mechanic.mdl
L 06/09/2020 - 20:40:42: [allsurvivorsmod.smx] AllSurvivors: player Ellis is an original!
L 06/09/2020 - 20:40:42: [allsurvivorsmod.smx] AllSurvivors: Spots player Rochelle wearing 1, model models/survivors/survivor_producer.mdl
L 06/09/2020 - 20:40:42: [allsurvivorsmod.smx] AllSurvivors: player Rochelle is an original!
L 06/09/2020 - 20:40:42: [allsurvivorsmod.smx] AllSurvivors: Spots player Nick wearing 4, model models/survivors/survivor_namvet.mdl
L 06/09/2020 - 20:40:42: [allsurvivorsmod.smx] AllSurvivors: player Nick is an original!
L 06/09/2020 - 20:40:43: [allsurvivorsmod.smx] AllSurvivors: Player spawned 6 seconds ago, checking all models now
L 06/09/2020 - 20:40:43: [allsurvivorsmod.smx] AllSurvivors: Spots player Rain❤Delta wearing 0, model models/survivors/survivor_gambler.mdl
L 06/09/2020 - 20:40:43: [allsurvivorsmod.smx] AllSurvivors: player Rain❤Delta is an original!
L 06/09/2020 - 20:40:43: [allsurvivorsmod.smx] AllSurvivors: Spots player Coach wearing 2, model models/survivors/survivor_coach.mdl
L 06/09/2020 - 20:40:43: [allsurvivorsmod.smx] AllSurvivors: player Coach is an original!
L 06/09/2020 - 20:40:43: [allsurvivorsmod.smx] AllSurvivors: Spots player Ellis wearing 3, model models/survivors/survivor_mechanic.mdl
L 06/09/2020 - 20:40:43: [allsurvivorsmod.smx] AllSurvivors: player Ellis is an original!
L 06/09/2020 - 20:40:43: [allsurvivorsmod.smx] AllSurvivors: Spots player Rochelle wearing 1, model models/survivors/survivor_producer.mdl
L 06/09/2020 - 20:40:43: [allsurvivorsmod.smx] AllSurvivors: player Rochelle is an original!
L 06/09/2020 - 20:40:43: [allsurvivorsmod.smx] AllSurvivors: Spots player Nick wearing 4, model models/survivors/survivor_namvet.mdl
L 06/09/2020 - 20:40:43: [allsurvivorsmod.smx] AllSurvivors: player Nick is an original!
L 06/09/2020 - 20:40:46: [allsurvivorsmod.smx] AllSurvivors: Player spawned 6 seconds ago, checking all models now
L 06/09/2020 - 20:40:46: [allsurvivorsmod.smx] AllSurvivors: Spots player Rain❤Delta wearing 0, model models/survivors/survivor_gambler.mdl
L 06/09/2020 - 20:40:46: [allsurvivorsmod.smx] AllSurvivors: player Rain❤Delta is an original!
L 06/09/2020 - 20:40:46: [allsurvivorsmod.smx] AllSurvivors: Spots player Coach wearing 2, model models/survivors/survivor_coach.mdl
L 06/09/2020 - 20:40:46: [allsurvivorsmod.smx] AllSurvivors: player Coach is an original!
L 06/09/2020 - 20:40:46: [allsurvivorsmod.smx] AllSurvivors: Spots player Ellis wearing 3, model models/survivors/survivor_mechanic.mdl
L 06/09/2020 - 20:40:46: [allsurvivorsmod.smx] AllSurvivors: player Ellis is an original!
L 06/09/2020 - 20:40:46: [allsurvivorsmod.smx] AllSurvivors: Spots player Rochelle wearing 1, model models/survivors/survivor_producer.mdl
L 06/09/2020 - 20:40:46: [allsurvivorsmod.smx] AllSurvivors: player Rochelle is an original!
L 06/09/2020 - 20:40:46: [allsurvivorsmod.smx] AllSurvivors: Spots player Nick wearing 4, model models/survivors/survivor_namvet.mdl
L 06/09/2020 - 20:40:46: [allsurvivorsmod.smx] AllSurvivors: player Nick is an original!
L 06/09/2020 - 20:41:03: [allsurvivorsmod.smx] AllSurvivors: Player spawned 6 seconds ago, checking all models now
L 06/09/2020 - 20:41:03: [allsurvivorsmod.smx] AllSurvivors: Spots player Rain❤Delta wearing 0, model models/survivors/survivor_gambler.mdl
L 06/09/2020 - 20:41:03: [allsurvivorsmod.smx] AllSurvivors: player Rain❤Delta is an original!
L 06/09/2020 - 20:41:03: [allsurvivorsmod.smx] AllSurvivors: Spots player Coach wearing 2, model models/survivors/survivor_coach.mdl
L 06/09/2020 - 20:41:03: [allsurvivorsmod.smx] AllSurvivors: player Coach is an original!
L 06/09/2020 - 20:41:03: [allsurvivorsmod.smx] AllSurvivors: Spots player Ellis wearing 3, model models/survivors/survivor_mechanic.mdl
L 06/09/2020 - 20:41:03: [allsurvivorsmod.smx] AllSurvivors: player Ellis is an original!
L 06/09/2020 - 20:41:03: [allsurvivorsmod.smx] AllSurvivors: Spots player Rochelle wearing 1, model models/survivors/survivor_producer.mdl
L 06/09/2020 - 20:41:03: [allsurvivorsmod.smx] AllSurvivors: player Rochelle is an original!
L 06/09/2020 - 20:41:03: [allsurvivorsmod.smx] AllSurvivors: Spots player Nick wearing 4, model models/survivors/survivor_namvet.mdl
L 06/09/2020 - 20:41:03: [allsurvivorsmod.smx] AllSurvivors: player Nick is an original!
L 06/09/2020 - 20:41:35: Log file closed.
L 06/09/2020 - 22:17:15: SourceMod log file session started (file "L20200609.log") (Version "1.8.0.6041")
L 06/09/2020 - 22:17:15: -------- Mapchange to c1m2_streets --------
L 06/09/2020 - 22:17:19: [GEOIP] GeoIP database info: GEO-106FREE 20180206 Build 1 Copyright (c) 2018 MaxMind Inc All Rights Reserved
L 06/09/2020 - 22:17:23: [simplewelcomemsg.smx] Set the maximum number of lines of.
L 06/09/2020 - 22:17:39: [SM] Changed map to "c1m2_streets"
L 06/09/2020 - 22:17:50: -------- Mapchange to c1m2_streets --------
L 06/09/2020 - 22:18:33: [allsurvivorsmod.smx] AllSurvivors: Player spawned 6 seconds ago, checking all models now
L 06/09/2020 - 22:18:33: [allsurvivorsmod.smx] AllSurvivors: Spots player Rain❤Delta wearing 0, model models/survivors/survivor_gambler.mdl
L 06/09/2020 - 22:18:33: [allsurvivorsmod.smx] AllSurvivors: player Rain❤Delta is an original!
L 06/09/2020 - 22:18:33: [allsurvivorsmod.smx] AllSurvivors: Spots player Ellis wearing 3, model models/survivors/survivor_mechanic.mdl
L 06/09/2020 - 22:18:33: [allsurvivorsmod.smx] AllSurvivors: player Ellis is an original!
L 06/09/2020 - 22:18:33: [allsurvivorsmod.smx] AllSurvivors: Spots player Rochelle wearing 1, model models/survivors/survivor_producer.mdl
L 06/09/2020 - 22:18:33: [allsurvivorsmod.smx] AllSurvivors: player Rochelle is an original!
L 06/09/2020 - 22:18:33: [allsurvivorsmod.smx] AllSurvivors: Spots player Coach wearing 2, model models/survivors/survivor_coach.mdl
L 06/09/2020 - 22:18:33: [allsurvivorsmod.smx] AllSurvivors: player Coach is an original!
L 06/09/2020 - 22:18:33: [allsurvivorsmod.smx] AllSurvivors: Spots player (1)Ellis wearing 3, model models/survivors/survivor_mechanic.mdl
L 06/09/2020 - 22:18:33: [allsurvivorsmod.smx] AllSurvivors: Thinks (1)Ellis should rather be 4, setting model models/survivors/survivor_namvet.mdl
L 06/09/2020 - 22:18:33: [allsurvivorsmod.smx] AllSurvivors: Player spawned 6 seconds ago, checking all models now
L 06/09/2020 - 22:18:33: [allsurvivorsmod.smx] AllSurvivors: Spots player Rain❤Delta wearing 0, model models/survivors/survivor_gambler.mdl
L 06/09/2020 - 22:18:33: [allsurvivorsmod.smx] AllSurvivors: player Rain❤Delta is an original!
L 06/09/2020 - 22:18:33: [allsurvivorsmod.smx] AllSurvivors: Spots player Ellis wearing 3, model models/survivors/survivor_mechanic.mdl
L 06/09/2020 - 22:18:33: [allsurvivorsmod.smx] AllSurvivors: player Ellis is an original!
L 06/09/2020 - 22:18:33: [allsurvivorsmod.smx] AllSurvivors: Spots player Rochelle wearing 1, model models/survivors/survivor_producer.mdl
L 06/09/2020 - 22:18:33: [allsurvivorsmod.smx] AllSurvivors: player Rochelle is an original!
L 06/09/2020 - 22:18:33: [allsurvivorsmod.smx] AllSurvivors: Spots player Coach wearing 2, model models/survivors/survivor_coach.mdl
L 06/09/2020 - 22:18:33: [allsurvivorsmod.smx] AllSurvivors: player Coach is an original!
L 06/09/2020 - 22:18:33: [allsurvivorsmod.smx] AllSurvivors: Spots player (1)Ellis wearing 4, model models/survivors/survivor_namvet.mdl
L 06/09/2020 - 22:18:33: [allsurvivorsmod.smx] AllSurvivors: player (1)Ellis is an original!
L 06/09/2020 - 22:18:33: [allsurvivorsmod.smx] AllSurvivors: Player spawned 6 seconds ago, checking all models now
L 06/09/2020 - 22:18:33: [allsurvivorsmod.smx] AllSurvivors: Spots player Rain❤Delta wearing 0, model models/survivors/survivor_gambler.mdl
L 06/09/2020 - 22:18:33: [allsurvivorsmod.smx] AllSurvivors: player Rain❤Delta is an original!
L 06/09/2020 - 22:18:33: [allsurvivorsmod.smx] AllSurvivors: Spots player Ellis wearing 3, model models/survivors/survivor_mechanic.mdl
L 06/09/2020 - 22:18:33: [allsurvivorsmod.smx] AllSurvivors: player Ellis is an original!
L 06/09/2020 - 22:18:33: [allsurvivorsmod.smx] AllSurvivors: Spots player Rochelle wearing 1, model models/survivors/survivor_producer.mdl
L 06/09/2020 - 22:18:33: [allsurvivorsmod.smx] AllSurvivors: player Rochelle is an original!
L 06/09/2020 - 22:18:33: [allsurvivorsmod.smx] AllSurvivors: Spots player Coach wearing 2, model models/survivors/survivor_coach.mdl
L 06/09/2020 - 22:18:33: [allsurvivorsmod.smx] AllSurvivors: player Coach is an original!
L 06/09/2020 - 22:18:33: [allsurvivorsmod.smx] AllSurvivors: Spots player (1)Ellis wearing 4, model models/survivors/survivor_namvet.mdl
L 06/09/2020 - 22:18:33: [allsurvivorsmod.smx] AllSurvivors: player (1)Ellis is an original!
L 06/09/2020 - 22:18:33: [allsurvivorsmod.smx] AllSurvivors: Player spawned 6 seconds ago, checking all models now
L 06/09/2020 - 22:18:33: [allsurvivorsmod.smx] AllSurvivors: Spots player Rain❤Delta wearing 0, model models/survivors/survivor_gambler.mdl
L 06/09/2020 - 22:18:33: [allsurvivorsmod.smx] AllSurvivors: player Rain❤Delta is an original!
L 06/09/2020 - 22:18:33: [allsurvivorsmod.smx] AllSurvivors: Spots player Ellis wearing 3, model models/survivors/survivor_mechanic.mdl
L 06/09/2020 - 22:18:33: [allsurvivorsmod.smx] AllSurvivors: player Ellis is an original!
L 06/09/2020 - 22:18:33: [allsurvivorsmod.smx] AllSurvivors: Spots player Rochelle wearing 1, model models/survivors/survivor_producer.mdl
L 06/09/2020 - 22:18:33: [allsurvivorsmod.smx] AllSurvivors: player Rochelle is an original!
L 06/09/2020 - 22:18:33: [allsurvivorsmod.smx] AllSurvivors: Spots player Coach wearing 2, model models/survivors/survivor_coach.mdl
L 06/09/2020 - 22:18:33: [allsurvivorsmod.smx] AllSurvivors: player Coach is an original!
L 06/09/2020 - 22:18:33: [allsurvivorsmod.smx] AllSurvivors: Spots player (1)Ellis wearing 4, model models/survivors/survivor_namvet.mdl
L 06/09/2020 - 22:18:33: [allsurvivorsmod.smx] AllSurvivors: player (1)Ellis is an original!
L 06/09/2020 - 22:18:34: [allsurvivorsmod.smx] AllSurvivors: Player spawned 6 seconds ago, checking all models now
L 06/09/2020 - 22:18:35: [allsurvivorsmod.smx] AllSurvivors: Spots player Rain❤Delta wearing 0, model models/survivors/survivor_gambler.mdl
L 06/09/2020 - 22:18:35: [allsurvivorsmod.smx] AllSurvivors: player Rain❤Delta is an original!
L 06/09/2020 - 22:18:35: [allsurvivorsmod.smx] AllSurvivors: Spots player Ellis wearing 3, model models/survivors/survivor_mechanic.mdl
L 06/09/2020 - 22:18:35: [allsurvivorsmod.smx] AllSurvivors: player Ellis is an original!
L 06/09/2020 - 22:18:35: [allsurvivorsmod.smx] AllSurvivors: Spots player Rochelle wearing 1, model models/survivors/survivor_producer.mdl
L 06/09/2020 - 22:18:35: [allsurvivorsmod.smx] AllSurvivors: player Rochelle is an original!
L 06/09/2020 - 22:18:35: [allsurvivorsmod.smx] AllSurvivors: Spots player Coach wearing 2, model models/survivors/survivor_coach.mdl
L 06/09/2020 - 22:18:35: [allsurvivorsmod.smx] AllSurvivors: player Coach is an original!
L 06/09/2020 - 22:18:35: [allsurvivorsmod.smx] AllSurvivors: Spots player (1)Ellis wearing 4, model models/survivors/survivor_namvet.mdl
L 06/09/2020 - 22:18:35: [allsurvivorsmod.smx] AllSurvivors: player (1)Ellis is an original!
L 06/09/2020 - 22:18:35: [allsurvivorsmod.smx] AllSurvivors: Player spawned 6 seconds ago, checking all models now
L 06/09/2020 - 22:18:35: [allsurvivorsmod.smx] AllSurvivors: Spots player Rain❤Delta wearing 0, model models/survivors/survivor_gambler.mdl
L 06/09/2020 - 22:18:35: [allsurvivorsmod.smx] AllSurvivors: player Rain❤Delta is an original!
L 06/09/2020 - 22:18:35: [allsurvivorsmod.smx] AllSurvivors: Spots player Ellis wearing 3, model models/survivors/survivor_mechanic.mdl
L 06/09/2020 - 22:18:35: [allsurvivorsmod.smx] AllSurvivors: player Ellis is an original!
L 06/09/2020 - 22:18:35: [allsurvivorsmod.smx] AllSurvivors: Spots player Rochelle wearing 1, model models/survivors/survivor_producer.mdl
L 06/09/2020 - 22:18:35: [allsurvivorsmod.smx] AllSurvivors: player Rochelle is an original!
L 06/09/2020 - 22:18:35: [allsurvivorsmod.smx] AllSurvivors: Spots player Coach wearing 2, model models/survivors/survivor_coach.mdl
L 06/09/2020 - 22:18:35: [allsurvivorsmod.smx] AllSurvivors: player Coach is an original!
L 06/09/2020 - 22:18:35: [allsurvivorsmod.smx] AllSurvivors: Spots player (1)Ellis wearing 4, model models/survivors/survivor_namvet.mdl
L 06/09/2020 - 22:18:35: [allsurvivorsmod.smx] AllSurvivors: player (1)Ellis is an original!
L 06/09/2020 - 22:18:37: [allsurvivorsmod.smx] AllSurvivors: Player spawned 6 seconds ago, checking all models now
L 06/09/2020 - 22:18:37: [allsurvivorsmod.smx] AllSurvivors: Spots player Rain❤Delta wearing 0, model models/survivors/survivor_gambler.mdl
L 06/09/2020 - 22:18:37: [allsurvivorsmod.smx] AllSurvivors: player Rain❤Delta is an original!
L 06/09/2020 - 22:18:37: [allsurvivorsmod.smx] AllSurvivors: Spots player Ellis wearing 3, model models/survivors/survivor_mechanic.mdl
L 06/09/2020 - 22:18:37: [allsurvivorsmod.smx] AllSurvivors: player Ellis is an original!
L 06/09/2020 - 22:18:37: [allsurvivorsmod.smx] AllSurvivors: Spots player Rochelle wearing 1, model models/survivors/survivor_producer.mdl
L 06/09/2020 - 22:18:37: [allsurvivorsmod.smx] AllSurvivors: player Rochelle is an original!
L 06/09/2020 - 22:18:37: [allsurvivorsmod.smx] AllSurvivors: Spots player Coach wearing 2, model models/survivors/survivor_coach.mdl
L 06/09/2020 - 22:18:37: [allsurvivorsmod.smx] AllSurvivors: player Coach is an original!
L 06/09/2020 - 22:18:37: [allsurvivorsmod.smx] AllSurvivors: Spots player (1)Ellis wearing 4, model models/survivors/survivor_namvet.mdl
L 06/09/2020 - 22:18:37: [allsurvivorsmod.smx] AllSurvivors: player (1)Ellis is an original!
L 06/09/2020 - 22:18:37: [allsurvivorsmod.smx] AllSurvivors: Player spawned 6 seconds ago, checking all models now
L 06/09/2020 - 22:18:37: [allsurvivorsmod.smx] AllSurvivors: Spots player Rain❤Delta wearing 0, model models/survivors/survivor_gambler.mdl
L 06/09/2020 - 22:18:37: [allsurvivorsmod.smx] AllSurvivors: player Rain❤Delta is an original!
L 06/09/2020 - 22:18:37: [allsurvivorsmod.smx] AllSurvivors: Spots player Ellis wearing 3, model models/survivors/survivor_mechanic.mdl
L 06/09/2020 - 22:18:37: [allsurvivorsmod.smx] AllSurvivors: player Ellis is an original!
L 06/09/2020 - 22:18:37: [allsurvivorsmod.smx] AllSurvivors: Spots player Rochelle wearing 1, model models/survivors/survivor_producer.mdl
L 06/09/2020 - 22:18:37: [allsurvivorsmod.smx] AllSurvivors: player Rochelle is an original!
L 06/09/2020 - 22:18:37: [allsurvivorsmod.smx] AllSurvivors: Spots player Coach wearing 2, model models/survivors/survivor_coach.mdl
L 06/09/2020 - 22:18:37: [allsurvivorsmod.smx] AllSurvivors: player Coach is an original!
L 06/09/2020 - 22:18:37: [allsurvivorsmod.smx] AllSurvivors: Spots player (1)Ellis wearing 4, model models/survivors/survivor_namvet.mdl
L 06/09/2020 - 22:18:37: [allsurvivorsmod.smx] AllSurvivors: player (1)Ellis is an original!
L 06/09/2020 - 22:18:38: [allsurvivorsmod.smx] AllSurvivors: Player spawned 6 seconds ago, checking all models now
L 06/09/2020 - 22:18:38: [allsurvivorsmod.smx] AllSurvivors: Spots player Rain❤Delta wearing 0, model models/survivors/survivor_gambler.mdl
L 06/09/2020 - 22:18:38: [allsurvivorsmod.smx] AllSurvivors: player Rain❤Delta is an original!
L 06/09/2020 - 22:18:38: [allsurvivorsmod.smx] AllSurvivors: Spots player Ellis wearing 3, model models/survivors/survivor_mechanic.mdl
L 06/09/2020 - 22:18:38: [allsurvivorsmod.smx] AllSurvivors: player Ellis is an original!
L 06/09/2020 - 22:18:38: [allsurvivorsmod.smx] AllSurvivors: Spots player Rochelle wearing 1, model models/survivors/survivor_producer.mdl
L 06/09/2020 - 22:18:38: [allsurvivorsmod.smx] AllSurvivors: player Rochelle is an original!
L 06/09/2020 - 22:18:38: [allsurvivorsmod.smx] AllSurvivors: Spots player Coach wearing 2, model models/survivors/survivor_coach.mdl
L 06/09/2020 - 22:18:38: [allsurvivorsmod.smx] AllSurvivors: player Coach is an original!
L 06/09/2020 - 22:18:38: [allsurvivorsmod.smx] AllSurvivors: Spots player (1)Ellis wearing 4, model models/survivors/survivor_namvet.mdl
L 06/09/2020 - 22:18:38: [allsurvivorsmod.smx] AllSurvivors: player (1)Ellis is an original!
L 06/09/2020 - 22:18:39: [allsurvivorsmod.smx] AllSurvivors: Player spawned 6 seconds ago, checking all models now
L 06/09/2020 - 22:18:39: [allsurvivorsmod.smx] AllSurvivors: Spots player Rain❤Delta wearing 0, model models/survivors/survivor_gambler.mdl
L 06/09/2020 - 22:18:39: [allsurvivorsmod.smx] AllSurvivors: player Rain❤Delta is an original!
L 06/09/2020 - 22:18:39: [allsurvivorsmod.smx] AllSurvivors: Spots player Ellis wearing 3, model models/survivors/survivor_mechanic.mdl
L 06/09/2020 - 22:18:39: [allsurvivorsmod.smx] AllSurvivors: player Ellis is an original!
L 06/09/2020 - 22:18:39: [allsurvivorsmod.smx] AllSurvivors: Spots player Rochelle wearing 1, model models/survivors/survivor_producer.mdl
L 06/09/2020 - 22:18:39: [allsurvivorsmod.smx] AllSurvivors: player Rochelle is an original!
L 06/09/2020 - 22:18:39: [allsurvivorsmod.smx] AllSurvivors: Spots player Coach wearing 2, model models/survivors/survivor_coach.mdl
L 06/09/2020 - 22:18:39: [allsurvivorsmod.smx] AllSurvivors: player Coach is an original!
L 06/09/2020 - 22:18:39: [allsurvivorsmod.smx] AllSurvivors: Spots player (1)Ellis wearing 4, model models/survivors/survivor_namvet.mdl
L 06/09/2020 - 22:18:39: [allsurvivorsmod.smx] AllSurvivors: player (1)Ellis is an original!
L 06/09/2020 - 22:18:40: [allsurvivorsmod.smx] AllSurvivors: Player spawned 6 seconds ago, checking all models now
L 06/09/2020 - 22:18:40: [allsurvivorsmod.smx] AllSurvivors: Spots player Rain❤Delta wearing 0, model models/survivors/survivor_gambler.mdl
L 06/09/2020 - 22:18:40: [allsurvivorsmod.smx] AllSurvivors: player Rain❤Delta is an original!
L 06/09/2020 - 22:18:40: [allsurvivorsmod.smx] AllSurvivors: Spots player Ellis wearing 3, model models/survivors/survivor_mechanic.mdl
L 06/09/2020 - 22:18:40: [allsurvivorsmod.smx] AllSurvivors: player Ellis is an original!
L 06/09/2020 - 22:18:40: [allsurvivorsmod.smx] AllSurvivors: Spots player Rochelle wearing 1, model models/survivors/survivor_producer.mdl
L 06/09/2020 - 22:18:40: [allsurvivorsmod.smx] AllSurvivors: player Rochelle is an original!
L 06/09/2020 - 22:18:40: [allsurvivorsmod.smx] AllSurvivors: Spots player Coach wearing 2, model models/survivors/survivor_coach.mdl
L 06/09/2020 - 22:18:40: [allsurvivorsmod.smx] AllSurvivors: player Coach is an original!
L 06/09/2020 - 22:18:40: [allsurvivorsmod.smx] AllSurvivors: Spots player (1)Ellis wearing 4, model models/survivors/survivor_namvet.mdl
L 06/09/2020 - 22:18:40: [allsurvivorsmod.smx] AllSurvivors: player (1)Ellis is an original!
L 06/09/2020 - 22:18:40: [allsurvivorsmod.smx] AllSurvivors: Player spawned 6 seconds ago, checking all models now
L 06/09/2020 - 22:18:40: [allsurvivorsmod.smx] AllSurvivors: Spots player Rain❤Delta wearing 0, model models/survivors/survivor_gambler.mdl
L 06/09/2020 - 22:18:40: [allsurvivorsmod.smx] AllSurvivors: player Rain❤Delta is an original!
L 06/09/2020 - 22:18:40: [allsurvivorsmod.smx] AllSurvivors: Spots player Ellis wearing 3, model models/survivors/survivor_mechanic.mdl
L 06/09/2020 - 22:18:40: [allsurvivorsmod.smx] AllSurvivors: player Ellis is an original!
L 06/09/2020 - 22:18:40: [allsurvivorsmod.smx] AllSurvivors: Spots player Rochelle wearing 1, model models/survivors/survivor_producer.mdl
L 06/09/2020 - 22:18:40: [allsurvivorsmod.smx] AllSurvivors: player Rochelle is an original!
L 06/09/2020 - 22:18:40: [allsurvivorsmod.smx] AllSurvivors: Spots player Coach wearing 2, model models/survivors/survivor_coach.mdl
L 06/09/2020 - 22:18:40: [allsurvivorsmod.smx] AllSurvivors: player Coach is an original!
L 06/09/2020 - 22:18:40: [allsurvivorsmod.smx] AllSurvivors: Spots player (1)Ellis wearing 4, model models/survivors/survivor_namvet.mdl
L 06/09/2020 - 22:18:40: [allsurvivorsmod.smx] AllSurvivors: player (1)Ellis is an original!
L 06/09/2020 - 22:18:44: [allsurvivorsmod.smx] AllSurvivors: Player spawned 6 seconds ago, checking all models now
L 06/09/2020 - 22:18:44: [allsurvivorsmod.smx] AllSurvivors: Spots player Rain❤Delta wearing 0, model models/survivors/survivor_gambler.mdl
L 06/09/2020 - 22:18:44: [allsurvivorsmod.smx] AllSurvivors: player Rain❤Delta is an original!
L 06/09/2020 - 22:18:44: [allsurvivorsmod.smx] AllSurvivors: Spots player Ellis wearing 3, model models/survivors/survivor_mechanic.mdl
L 06/09/2020 - 22:18:44: [allsurvivorsmod.smx] AllSurvivors: player Ellis is an original!
L 06/09/2020 - 22:18:44: [allsurvivorsmod.smx] AllSurvivors: Spots player Rochelle wearing 1, model models/survivors/survivor_producer.mdl
L 06/09/2020 - 22:18:44: [allsurvivorsmod.smx] AllSurvivors: player Rochelle is an original!
L 06/09/2020 - 22:18:44: [allsurvivorsmod.smx] AllSurvivors: Spots player Coach wearing 2, model models/survivors/survivor_coach.mdl
L 06/09/2020 - 22:18:44: [allsurvivorsmod.smx] AllSurvivors: player Coach is an original!
L 06/09/2020 - 22:18:44: [allsurvivorsmod.smx] AllSurvivors: Spots player (1)Ellis wearing 4, model models/survivors/survivor_namvet.mdl
L 06/09/2020 - 22:18:44: [allsurvivorsmod.smx] AllSurvivors: player (1)Ellis is an original!
L 06/09/2020 - 22:18:44: [allsurvivorsmod.smx] AllSurvivors: Player spawned 6 seconds ago, checking all models now
L 06/09/2020 - 22:18:44: [allsurvivorsmod.smx] AllSurvivors: Spots player Rain❤Delta wearing 0, model models/survivors/survivor_gambler.mdl
L 06/09/2020 - 22:18:44: [allsurvivorsmod.smx] AllSurvivors: player Rain❤Delta is an original!
L 06/09/2020 - 22:18:44: [allsurvivorsmod.smx] AllSurvivors: Spots player Ellis wearing 3, model models/survivors/survivor_mechanic.mdl
L 06/09/2020 - 22:18:44: [allsurvivorsmod.smx] AllSurvivors: player Ellis is an original!
L 06/09/2020 - 22:18:44: [allsurvivorsmod.smx] AllSurvivors: Spots player Rochelle wearing 1, model models/survivors/survivor_producer.mdl
L 06/09/2020 - 22:18:44: [allsurvivorsmod.smx] AllSurvivors: player Rochelle is an original!
L 06/09/2020 - 22:18:44: [allsurvivorsmod.smx] AllSurvivors: Spots player Coach wearing 2, model models/survivors/survivor_coach.mdl
L 06/09/2020 - 22:18:44: [allsurvivorsmod.smx] AllSurvivors: player Coach is an original!
L 06/09/2020 - 22:18:44: [allsurvivorsmod.smx] AllSurvivors: Spots player (1)Ellis wearing 4, model models/survivors/survivor_namvet.mdl
L 06/09/2020 - 22:18:44: [allsurvivorsmod.smx] AllSurvivors: player (1)Ellis is an original!
L 06/09/2020 - 22:18:45: [allsurvivorsmod.smx] AllSurvivors: Player spawned 6 seconds ago, checking all models now
L 06/09/2020 - 22:18:45: [allsurvivorsmod.smx] AllSurvivors: Spots player Rain❤Delta wearing 0, model models/survivors/survivor_gambler.mdl
L 06/09/2020 - 22:18:45: [allsurvivorsmod.smx] AllSurvivors: player Rain❤Delta is an original!
L 06/09/2020 - 22:18:45: [allsurvivorsmod.smx] AllSurvivors: Spots player Ellis wearing 3, model models/survivors/survivor_mechanic.mdl
L 06/09/2020 - 22:18:45: [allsurvivorsmod.smx] AllSurvivors: player Ellis is an original!
L 06/09/2020 - 22:18:45: [allsurvivorsmod.smx] AllSurvivors: Spots player Rochelle wearing 1, model models/survivors/survivor_producer.mdl
L 06/09/2020 - 22:18:45: [allsurvivorsmod.smx] AllSurvivors: player Rochelle is an original!
L 06/09/2020 - 22:18:45: [allsurvivorsmod.smx] AllSurvivors: Spots player Coach wearing 2, model models/survivors/survivor_coach.mdl
L 06/09/2020 - 22:18:45: [allsurvivorsmod.smx] AllSurvivors: player Coach is an original!
L 06/09/2020 - 22:18:45: [allsurvivorsmod.smx] AllSurvivors: Spots player (1)Ellis wearing 4, model models/survivors/survivor_namvet.mdl
L 06/09/2020 - 22:18:46: [allsurvivorsmod.smx] AllSurvivors: player (1)Ellis is an original!
L 06/09/2020 - 22:18:54: [allsurvivorsmod.smx] AllSurvivors: Player spawned 6 seconds ago, checking all models now
L 06/09/2020 - 22:18:54: [allsurvivorsmod.smx] AllSurvivors: Spots player Rain❤Delta wearing 0, model models/survivors/survivor_gambler.mdl
L 06/09/2020 - 22:18:54: [allsurvivorsmod.smx] AllSurvivors: player Rain❤Delta is an original!
L 06/09/2020 - 22:18:54: [allsurvivorsmod.smx] AllSurvivors: Spots player Ellis wearing 3, model models/survivors/survivor_mechanic.mdl
L 06/09/2020 - 22:18:54: [allsurvivorsmod.smx] AllSurvivors: player Ellis is an original!
L 06/09/2020 - 22:18:54: [allsurvivorsmod.smx] AllSurvivors: Spots player Rochelle wearing 1, model models/survivors/survivor_producer.mdl
L 06/09/2020 - 22:18:55: [allsurvivorsmod.smx] AllSurvivors: player Rochelle is an original!
L 06/09/2020 - 22:18:55: [allsurvivorsmod.smx] AllSurvivors: Spots player Coach wearing 2, model models/survivors/survivor_coach.mdl
L 06/09/2020 - 22:18:55: [allsurvivorsmod.smx] AllSurvivors: player Coach is an original!
L 06/09/2020 - 22:18:55: [allsurvivorsmod.smx] AllSurvivors: Spots player (1)Ellis wearing 4, model models/survivors/survivor_namvet.mdl
L 06/09/2020 - 22:18:55: [allsurvivorsmod.smx] AllSurvivors: player (1)Ellis is an original!
L 06/09/2020 - 22:19:41: Log file closed.
L 06/09/2020 - 23:27:52: SourceMod log file session started (file "L20200609.log") (Version "1.8.0.6041")
L 06/09/2020 - 23:27:52: Log file closed.
