L 11/07/2020 - 09:04:31: SourceMod log file session started (file "D:\Steam\steamapps\common\Left 4 Dead 2\left4dead2\addons\sourcemod\logs\L20201107.log") (Version "1.10.0.6492")
L 11/07/2020 - 09:04:31: [simplewelcomemsg.smx] Set the maximum number of lines of.
L 11/07/2020 - 09:04:39: [basecommands.smx] "Console<0><Console><Console>" changed cvar (cvar "sv_force_time_of_day") (value "0")
L 11/07/2020 - 09:04:39: [basecommands.smx] "Console<0><Console><Console>" changed cvar (cvar "z_witch_damage_per_kill_hit") (value "120")
L 11/07/2020 - 09:04:39: [basecommands.smx] "Console<0><Console><Console>" changed cvar (cvar "z_witch_anger_rate") (value "0.6")
L 11/07/2020 - 09:04:39: [basecommands.smx] "Console<0><Console><Console>" changed cvar (cvar "z_witch_flashlight_range") (value "2000")
L 11/07/2020 - 09:04:39: [basecommands.smx] "Console<0><Console><Console>" changed cvar (cvar "z_witch_burn_time") (value "100")
L 11/07/2020 - 09:04:39: [basecommands.smx] "Console<0><Console><Console>" changed cvar (cvar "z_tank_health") (value "4000")
L 11/07/2020 - 09:04:39: [basecommands.smx] "Console<0><Console><Console>" changed cvar (cvar "z_ghost_delay_min") (value "16")
L 11/07/2020 - 09:04:39: [basecommands.smx] "Console<0><Console><Console>" changed cvar (cvar "z_ghost_delay_max") (value "16")
L 11/07/2020 - 09:04:39: [basecommands.smx] "Console<0><Console><Console>" changed cvar (cvar "versus_tank_chance_intro") (value "1")
L 11/07/2020 - 09:04:39: [basecommands.smx] "Console<0><Console><Console>" changed cvar (cvar "versus_tank_chance_finale") (value "1")
L 11/07/2020 - 09:04:39: [basecommands.smx] "Console<0><Console><Console>" changed cvar (cvar "versus_tank_chance") (value "1")
L 11/07/2020 - 09:04:39: [basecommands.smx] "Console<0><Console><Console>" changed cvar (cvar "versus_witch_chance_intro") (value "0")
L 11/07/2020 - 09:04:39: [basecommands.smx] "Console<0><Console><Console>" changed cvar (cvar "versus_witch_chance_finale") (value "0")
L 11/07/2020 - 09:04:39: [basecommands.smx] "Console<0><Console><Console>" changed cvar (cvar "versus_witch_chance") (value "1")
L 11/07/2020 - 09:04:39: [basecommands.smx] "Console<0><Console><Console>" changed cvar (cvar "boomer_vomit_delay") (value "0.1")
L 11/07/2020 - 09:04:39: [basecommands.smx] "Console<0><Console><Console>" changed cvar (cvar "smoker_tongue_delay") (value "0.1")
L 11/07/2020 - 09:04:39: [basecommands.smx] "Console<0><Console><Console>" changed cvar (cvar "vs_survival_bonus") (value "35")
L 11/07/2020 - 09:04:39: [basecommands.smx] "Console<0><Console><Console>" changed cvar (cvar "z_tank_throw_health") (value "10")
L 11/07/2020 - 09:04:39: [basecommands.smx] "Console<0><Console><Console>" changed cvar (cvar "sv_client_min_interp_ratio") (value "-1")
L 11/07/2020 - 09:04:39: [basecommands.smx] "Console<0><Console><Console>" changed cvar (cvar "sv_client_max_interp_ratio") (value "0")
L 11/07/2020 - 09:04:39: [basecommands.smx] "Console<0><Console><Console>" changed cvar (cvar "sv_minrate") (value "80000")
L 11/07/2020 - 09:04:39: [basecommands.smx] "Console<0><Console><Console>" changed cvar (cvar "sv_maxrate") (value "80000")
L 11/07/2020 - 09:04:39: [basecommands.smx] "Console<0><Console><Console>" changed cvar (cvar "sv_mincmdrate") (value "64")
L 11/07/2020 - 09:04:39: [basecommands.smx] "Console<0><Console><Console>" changed cvar (cvar "sv_maxcmdrate") (value "64")
L 11/07/2020 - 09:04:39: [basecommands.smx] "Console<0><Console><Console>" changed cvar (cvar "sv_minupdaterate") (value "64")
L 11/07/2020 - 09:04:39: [basecommands.smx] "Console<0><Console><Console>" changed cvar (cvar "sv_maxupdaterate") (value "64")
L 11/07/2020 - 09:04:39: [basecommands.smx] "Console<0><Console><Console>" changed cvar (cvar "fps_max") (value "0")
L 11/07/2020 - 09:04:39: [basecommands.smx] "Console<0><Console><Console>" changed cvar (cvar "hostname") (value "Versus")
L 11/07/2020 - 09:04:49: [l4d_profile_checker_v12.smx] [l4d_profile_checker] #DEBUG: sFriendID 76561198285791180
L 11/07/2020 - 09:04:49: [l4d_profile_checker_v12.smx] [l4d_profile_checker] #DEBUG: begin search in whitelist 76561198285791180
L 11/07/2020 - 09:04:49: [l4d_profile_checker_v12.smx] [l4d_profile_checker] #DEBUG: link profiles/76561198285791180/?xml=1
L 11/07/2020 - 09:16:55: [l4d2_skill_detect.smx] Clear: 5 freed 4 from 6: time: 0.14 / -1.00 -- class: jockey (with shove? 1)
L 11/07/2020 - 09:16:55: [l4d2_skill_detect.smx] Charge carry start: 7 - 2 -- time: 438.90
L 11/07/2020 - 09:16:58: [l4d2_skill_detect.smx] Checking charge victim: 7 - 2 - flags: 1 (alive? 1)
L 11/07/2020 - 09:16:58: [l4d2_skill_detect.smx] Clear: 4 freed 2 from 7: time: 2.43 / 3.25 -- class: charger (with shove? 0)
L 11/07/2020 - 09:16:59: [l4d2_skill_detect.smx] Checking charge victim: 7 - 3 - flags: 0 (alive? 1)
L 11/07/2020 - 09:21:45: Log file closed.
L 11/07/2020 - 15:21:59: SourceMod log file session started (file "D:\Steam\steamapps\common\Left 4 Dead 2\left4dead2\addons\sourcemod\logs\L20201107.log") (Version "1.10.0.6492")
L 11/07/2020 - 15:21:59: [simplewelcomemsg.smx] Set the maximum number of lines of.
L 11/07/2020 - 15:22:08: [basecommands.smx] "Console<0><Console><Console>" changed cvar (cvar "sv_force_time_of_day") (value "0")
L 11/07/2020 - 15:22:08: [basecommands.smx] "Console<0><Console><Console>" changed cvar (cvar "z_witch_damage_per_kill_hit") (value "120")
L 11/07/2020 - 15:22:08: [basecommands.smx] "Console<0><Console><Console>" changed cvar (cvar "z_witch_anger_rate") (value "0.6")
L 11/07/2020 - 15:22:08: [basecommands.smx] "Console<0><Console><Console>" changed cvar (cvar "z_witch_flashlight_range") (value "2000")
L 11/07/2020 - 15:22:08: [basecommands.smx] "Console<0><Console><Console>" changed cvar (cvar "z_witch_burn_time") (value "100")
L 11/07/2020 - 15:22:08: [basecommands.smx] "Console<0><Console><Console>" changed cvar (cvar "z_tank_health") (value "4000")
L 11/07/2020 - 15:22:08: [basecommands.smx] "Console<0><Console><Console>" changed cvar (cvar "z_ghost_delay_min") (value "16")
L 11/07/2020 - 15:22:08: [basecommands.smx] "Console<0><Console><Console>" changed cvar (cvar "z_ghost_delay_max") (value "16")
L 11/07/2020 - 15:22:08: [basecommands.smx] "Console<0><Console><Console>" changed cvar (cvar "versus_tank_chance_intro") (value "1")
L 11/07/2020 - 15:22:08: [basecommands.smx] "Console<0><Console><Console>" changed cvar (cvar "versus_tank_chance_finale") (value "1")
L 11/07/2020 - 15:22:08: [basecommands.smx] "Console<0><Console><Console>" changed cvar (cvar "versus_tank_chance") (value "1")
L 11/07/2020 - 15:22:08: [basecommands.smx] "Console<0><Console><Console>" changed cvar (cvar "versus_witch_chance_intro") (value "0")
L 11/07/2020 - 15:22:08: [basecommands.smx] "Console<0><Console><Console>" changed cvar (cvar "versus_witch_chance_finale") (value "0")
L 11/07/2020 - 15:22:08: [basecommands.smx] "Console<0><Console><Console>" changed cvar (cvar "versus_witch_chance") (value "1")
L 11/07/2020 - 15:22:08: [basecommands.smx] "Console<0><Console><Console>" changed cvar (cvar "boomer_vomit_delay") (value "0.1")
L 11/07/2020 - 15:22:08: [basecommands.smx] "Console<0><Console><Console>" changed cvar (cvar "smoker_tongue_delay") (value "0.1")
L 11/07/2020 - 15:22:08: [basecommands.smx] "Console<0><Console><Console>" changed cvar (cvar "vs_survival_bonus") (value "35")
L 11/07/2020 - 15:22:08: [basecommands.smx] "Console<0><Console><Console>" changed cvar (cvar "z_tank_throw_health") (value "10")
L 11/07/2020 - 15:22:08: [basecommands.smx] "Console<0><Console><Console>" changed cvar (cvar "sv_client_min_interp_ratio") (value "-1")
L 11/07/2020 - 15:22:08: [basecommands.smx] "Console<0><Console><Console>" changed cvar (cvar "sv_client_max_interp_ratio") (value "0")
L 11/07/2020 - 15:22:08: [basecommands.smx] "Console<0><Console><Console>" changed cvar (cvar "sv_minrate") (value "80000")
L 11/07/2020 - 15:22:08: [basecommands.smx] "Console<0><Console><Console>" changed cvar (cvar "sv_maxrate") (value "80000")
L 11/07/2020 - 15:22:08: [basecommands.smx] "Console<0><Console><Console>" changed cvar (cvar "sv_mincmdrate") (value "64")
L 11/07/2020 - 15:22:08: [basecommands.smx] "Console<0><Console><Console>" changed cvar (cvar "sv_maxcmdrate") (value "64")
L 11/07/2020 - 15:22:08: [basecommands.smx] "Console<0><Console><Console>" changed cvar (cvar "sv_minupdaterate") (value "64")
L 11/07/2020 - 15:22:08: [basecommands.smx] "Console<0><Console><Console>" changed cvar (cvar "sv_maxupdaterate") (value "64")
L 11/07/2020 - 15:22:08: [basecommands.smx] "Console<0><Console><Console>" changed cvar (cvar "fps_max") (value "0")
L 11/07/2020 - 15:22:08: [basecommands.smx] "Console<0><Console><Console>" changed cvar (cvar "hostname") (value "Versus")
L 11/07/2020 - 15:22:19: [l4d_profile_checker_v12.smx] [l4d_profile_checker] #DEBUG: sFriendID 76561198285791180
L 11/07/2020 - 15:22:19: [l4d_profile_checker_v12.smx] [l4d_profile_checker] #DEBUG: begin search in whitelist 76561198285791180
L 11/07/2020 - 15:22:19: [l4d_profile_checker_v12.smx] [l4d_profile_checker] #DEBUG: link profiles/76561198285791180/?xml=1
L 11/07/2020 - 15:25:24: [l4d2_skill_detect.smx] Charge carry start: 5 - 2 -- time: 173.84
L 11/07/2020 - 15:25:24: [l4d2_skill_detect.smx] Clear: 4 freed 2 from 5: time: 0.00 / 0.04 -- class: charger (with shove? 0)
L 11/07/2020 - 15:25:29: [l4d2_skill_detect.smx] Checking charge victim: 5 - 2 - flags: 1 (alive? 1)
L 11/07/2020 - 15:26:44: [l4d2_skill_detect.smx] Clear: 4 freed 2 from 6: time: 1.64 / 5.87 -- class: smoker (with shove? 0)
L 11/07/2020 - 15:28:36: [l4d2_skill_detect.smx] Charge carry start: 5 - 1 -- time: 360.01
L 11/07/2020 - 15:28:36: [l4d2_skill_detect.smx] Clear: 1 freed 1 from 5: time: 0.00 / 0.10 -- class: charger (with shove? 0)
L 11/07/2020 - 15:28:39: [l4d2_skill_detect.smx] Checking charge victim: 5 - 1 - flags: 1 (alive? 1)
L 11/07/2020 - 15:30:17: [l4d2_skill_detect.smx] Clear: 2 freed 1 from 7: time: 0.95 / -1.00 -- class: jockey (with shove? 0)
L 11/07/2020 - 15:32:25: [l4d2_skill_detect.smx] Clear: 4 freed 3 from 7: time: 0.18 / -1.00 -- class: hunter (with shove? 0)
L 11/07/2020 - 15:32:50: Log file closed.
