L 09/11/2020 - 01:38:37: SourceMod log file session started (file "E:\Steam\steamapps\common\Left 4 Dead 2\left4dead2\addons\sourcemod\logs\L20200911.log") (Version "1.10.0.6492")
L 09/11/2020 - 01:38:37: [simplewelcomemsg.smx] Set the maximum number of lines of.
L 09/11/2020 - 01:38:55: [SM] Changed map to "c2m5_concert"
L 09/11/2020 - 01:38:55: -------- Mapchange to c2m5_concert --------
L 09/11/2020 - 01:40:05: [basecommands.smx] "Console<0><Console><Console>" changed cvar (cvar "sv_force_time_of_day") (value "0")
L 09/11/2020 - 01:40:05: [basecommands.smx] "Console<0><Console><Console>" changed cvar (cvar "z_witch_damage_per_kill_hit") (value "75")
L 09/11/2020 - 01:40:05: [basecommands.smx] "Console<0><Console><Console>" changed cvar (cvar "z_tank_health") (value "6666")
L 09/11/2020 - 01:40:05: [basecommands.smx] "Console<0><Console><Console>" changed cvar (cvar "tank_burn_duration") (value "999999")
L 09/11/2020 - 01:40:05: [basecommands.smx] "Console<0><Console><Console>" changed cvar (cvar "z_ghost_delay_min") (value "20")
L 09/11/2020 - 01:40:05: [basecommands.smx] "Console<0><Console><Console>" changed cvar (cvar "z_ghost_delay_max") (value "24")
L 09/11/2020 - 01:40:05: [basecommands.smx] "Console<0><Console><Console>" changed cvar (cvar "versus_tank_chance_intro") (value "1")
L 09/11/2020 - 01:40:05: [basecommands.smx] "Console<0><Console><Console>" changed cvar (cvar "versus_tank_chance_finale") (value "0")
L 09/11/2020 - 01:40:05: [basecommands.smx] "Console<0><Console><Console>" changed cvar (cvar "versus_tank_chance") (value "1")
L 09/11/2020 - 01:40:05: [basecommands.smx] "Console<0><Console><Console>" changed cvar (cvar "versus_witch_chance_intro") (value "0")
L 09/11/2020 - 01:40:05: [basecommands.smx] "Console<0><Console><Console>" changed cvar (cvar "versus_witch_chance_finale") (value "1")
L 09/11/2020 - 01:40:05: [basecommands.smx] "Console<0><Console><Console>" changed cvar (cvar "versus_witch_chance") (value "1")
L 09/11/2020 - 01:44:53: [basecommands.smx] "♛ Rain ♛<2><STEAM_1:0:162762726><>" changed map to "c1m2_streets"
L 09/11/2020 - 01:44:56: [SM] Changed map to "c1m2_streets"
L 09/11/2020 - 01:45:01: -------- Mapchange to c1m2_streets --------
L 09/11/2020 - 01:45:18: [funcommands.smx] "♛ Rain ♛<2><STEAM_1:0:162762726><>" toggled noclip on "♛ Rain ♛<2><STEAM_1:0:162762726><>"
L 09/11/2020 - 01:45:31: [funcommands.smx] "♛ Rain ♛<2><STEAM_1:0:162762726><>" toggled noclip on "♛ Rain ♛<2><STEAM_1:0:162762726><>"
L 09/11/2020 - 01:45:44: [funcommands.smx] "♛ Rain ♛<2><STEAM_1:0:162762726><>" toggled noclip on "♛ Rain ♛<2><STEAM_1:0:162762726><>"
L 09/11/2020 - 01:45:48: [funcommands.smx] "♛ Rain ♛<2><STEAM_1:0:162762726><>" toggled noclip on "♛ Rain ♛<2><STEAM_1:0:162762726><>"
L 09/11/2020 - 01:47:17: Log file closed.
L 09/11/2020 - 02:53:00: SourceMod log file session started (file "E:\Steam\steamapps\common\Left 4 Dead 2\left4dead2\addons\sourcemod\logs\L20200911.log") (Version "1.10.0.6492")
L 09/11/2020 - 02:53:00: [simplewelcomemsg.smx] Set the maximum number of lines of.
L 09/11/2020 - 02:53:17: [SM] Changed map to "c5m1_waterfront"
L 09/11/2020 - 02:53:17: -------- Mapchange to c5m1_waterfront --------
L 09/11/2020 - 02:55:44: [basecommands.smx] "Console<0><Console><Console>" changed cvar (cvar "sv_force_time_of_day") (value "0")
L 09/11/2020 - 02:55:44: [basecommands.smx] "Console<0><Console><Console>" changed cvar (cvar "z_witch_damage_per_kill_hit") (value "75")
L 09/11/2020 - 02:55:44: [basecommands.smx] "Console<0><Console><Console>" changed cvar (cvar "z_tank_health") (value "6666")
L 09/11/2020 - 02:55:44: [basecommands.smx] "Console<0><Console><Console>" changed cvar (cvar "tank_burn_duration") (value "999999")
L 09/11/2020 - 02:55:44: [basecommands.smx] "Console<0><Console><Console>" changed cvar (cvar "z_ghost_delay_min") (value "20")
L 09/11/2020 - 02:55:44: [basecommands.smx] "Console<0><Console><Console>" changed cvar (cvar "z_ghost_delay_max") (value "24")
L 09/11/2020 - 02:55:44: [basecommands.smx] "Console<0><Console><Console>" changed cvar (cvar "versus_tank_chance_intro") (value "1")
L 09/11/2020 - 02:55:45: [basecommands.smx] "Console<0><Console><Console>" changed cvar (cvar "versus_tank_chance_finale") (value "1")
L 09/11/2020 - 02:55:45: [basecommands.smx] "Console<0><Console><Console>" changed cvar (cvar "versus_tank_chance") (value "1")
L 09/11/2020 - 02:55:45: [basecommands.smx] "Console<0><Console><Console>" changed cvar (cvar "versus_witch_chance_intro") (value "0")
L 09/11/2020 - 02:55:45: [basecommands.smx] "Console<0><Console><Console>" changed cvar (cvar "versus_witch_chance_finale") (value "1")
L 09/11/2020 - 02:55:45: [basecommands.smx] "Console<0><Console><Console>" changed cvar (cvar "versus_witch_chance") (value "1")
L 09/11/2020 - 02:56:31: -------- Mapchange to c5m1_waterfront --------
L 09/11/2020 - 02:56:47: [basecommands.smx] "Console<0><Console><Console>" changed cvar (cvar "sv_force_time_of_day") (value "0")
L 09/11/2020 - 02:56:47: [basecommands.smx] "Console<0><Console><Console>" changed cvar (cvar "z_witch_damage_per_kill_hit") (value "75")
L 09/11/2020 - 02:56:47: [basecommands.smx] "Console<0><Console><Console>" changed cvar (cvar "z_tank_health") (value "6666")
L 09/11/2020 - 02:56:47: [basecommands.smx] "Console<0><Console><Console>" changed cvar (cvar "tank_burn_duration") (value "999999")
L 09/11/2020 - 02:56:47: [basecommands.smx] "Console<0><Console><Console>" changed cvar (cvar "z_ghost_delay_min") (value "20")
L 09/11/2020 - 02:56:47: [basecommands.smx] "Console<0><Console><Console>" changed cvar (cvar "z_ghost_delay_max") (value "24")
L 09/11/2020 - 02:56:47: [basecommands.smx] "Console<0><Console><Console>" changed cvar (cvar "versus_tank_chance_intro") (value "1")
L 09/11/2020 - 02:56:47: [basecommands.smx] "Console<0><Console><Console>" changed cvar (cvar "versus_tank_chance_finale") (value "1")
L 09/11/2020 - 02:56:47: [basecommands.smx] "Console<0><Console><Console>" changed cvar (cvar "versus_tank_chance") (value "1")
L 09/11/2020 - 02:56:47: [basecommands.smx] "Console<0><Console><Console>" changed cvar (cvar "versus_witch_chance_intro") (value "0")
L 09/11/2020 - 02:56:47: [basecommands.smx] "Console<0><Console><Console>" changed cvar (cvar "versus_witch_chance_finale") (value "1")
L 09/11/2020 - 02:56:47: [basecommands.smx] "Console<0><Console><Console>" changed cvar (cvar "versus_witch_chance") (value "1")
L 09/11/2020 - 03:00:18: [basecommands.smx] "♛ Rain ♛<20><STEAM_1:0:162762726><>" changed map to "c8m1_apartment"
L 09/11/2020 - 03:00:21: [SM] Changed map to "c8m1_apartment"
L 09/11/2020 - 03:00:26: -------- Mapchange to c8m1_apartment --------
L 09/11/2020 - 03:04:01: Log file closed.
L 09/11/2020 - 07:27:24: SourceMod log file session started (file "E:\Steam\steamapps\common\Left 4 Dead 2\left4dead2\addons\sourcemod\logs\L20200911.log") (Version "1.10.0.6492")
L 09/11/2020 - 07:27:24: [simplewelcomemsg.smx] Set the maximum number of lines of.
L 09/11/2020 - 07:27:37: [SM] Changed map to "c1m2_streets"
L 09/11/2020 - 07:27:37: -------- Mapchange to c1m2_streets --------
L 09/11/2020 - 07:29:02: [l4d2_skill_detect.smx] Clear: 1 freed 3 from 7: time: -1.00 / 3.50 -- class: smoker (with shove? 0)
L 09/11/2020 - 07:30:05: [l4d2_skill_detect.smx] Witch Crown Check: Failed: bungled: 0 / crowntype: 0 (entity: 247)
L 09/11/2020 - 07:30:05: [l4d2_skill_detect.smx] Witch Crown Check: Further details: attacker: Ellis, attacker dmg: 399, teamless dmg: 0
L 09/11/2020 - 07:30:37: [funcommands.smx] "♛ Rain ♛<2><STEAM_1:0:162762726><>" toggled noclip on "♛ Rain ♛<2><STEAM_1:0:162762726><>"
L 09/11/2020 - 07:30:41: [funcommands.smx] "♛ Rain ♛<2><STEAM_1:0:162762726><>" toggled noclip on "♛ Rain ♛<2><STEAM_1:0:162762726><>"
L 09/11/2020 - 07:32:10: [l4d2_skill_detect.smx] Clear: 3 freed 4 from 5: time: 0.33 / -1.00 -- class: jockey (with shove? 1)
L 09/11/2020 - 07:33:48: Log file closed.
L 09/11/2020 - 07:40:39: SourceMod log file session started (file "E:\Steam\steamapps\common\Left 4 Dead 2\left4dead2\addons\sourcemod\logs\L20200911.log") (Version "1.10.0.6492")
L 09/11/2020 - 07:40:39: [simplewelcomemsg.smx] Set the maximum number of lines of.
L 09/11/2020 - 07:40:45: [SM] Changed map to "c1m4_atrium"
L 09/11/2020 - 07:40:45: -------- Mapchange to c1m4_atrium --------
L 09/11/2020 - 07:42:53: [l4d2_skill_detect.smx] Clear: 5 freed 3 from 2: time: 2.26 / -1.00 -- class: jockey (with shove? 1)
L 09/11/2020 - 07:44:03: [l4d2_skill_detect.smx] Witch Crown Check: crown shot: 880, harrassed: 1 (full health: 1000 / drawthresh: 500 / oneshot 0)
L 09/11/2020 - 07:45:46: [l4d2_skill_detect.smx] Charge carry start: 9 - 4 -- time: 297.50
L 09/11/2020 - 07:45:46: [l4d2_skill_detect.smx] Clear: 3 freed 4 from 9: time: 0.00 / 0.23 -- class: charger (with shove? 0)
L 09/11/2020 - 07:45:49: [l4d2_skill_detect.smx] Checking charge victim: 9 - 4 - flags: 1 (alive? 1)
L 09/11/2020 - 07:45:50: [l4d2_skill_detect.smx] Checking charge victim: 9 - 5 - flags: 0 (alive? 1)
L 09/11/2020 - 07:46:13: [l4d2_skill_detect.smx] Clear: 4 freed 5 from 8: time: 0.93 / -1.00 -- class: hunter (with shove? 0)
L 09/11/2020 - 07:47:04: [playercommands.smx] "♛ Rain ♛<2><STEAM_1:0:162762726><>" slayed "Rochelle<14><BOT><>"
L 09/11/2020 - 07:47:04: [playercommands.smx] "♛ Rain ♛<2><STEAM_1:0:162762726><>" slayed "Coach<4><BOT><>"
L 09/11/2020 - 07:47:04: [playercommands.smx] "♛ Rain ♛<2><STEAM_1:0:162762726><>" slayed "Ellis<5><BOT><>"
L 09/11/2020 - 07:47:04: [playercommands.smx] "♛ Rain ♛<2><STEAM_1:0:162762726><>" slayed "Nick<6><BOT><>"
L 09/11/2020 - 07:47:05: [playercommands.smx] "♛ Rain ♛<2><STEAM_1:0:162762726><>" slayed "Smoker<19><BOT><>"
L 09/11/2020 - 07:47:05: [playercommands.smx] "♛ Rain ♛<2><STEAM_1:0:162762726><>" slayed "Hunter<15><BOT><>"
L 09/11/2020 - 07:47:05: [playercommands.smx] "♛ Rain ♛<2><STEAM_1:0:162762726><>" slayed "Jockey<27><BOT><>"
L 09/11/2020 - 07:47:05: [l4d2_skill_detect.smx] Clear: 8 freed 5 from 8: time: 376.46 / -1.00 -- class: jockey (with shove? 0)
L 09/11/2020 - 07:47:05: [playercommands.smx] "♛ Rain ♛<2><STEAM_1:0:162762726><>" slayed "(1)Smoker<26><BOT><>"
L 09/11/2020 - 07:47:25: [playercommands.smx] "♛ Rain ♛<2><STEAM_1:0:162762726><>" slayed "Coach<28><BOT><>"
L 09/11/2020 - 07:47:26: [playercommands.smx] "♛ Rain ♛<2><STEAM_1:0:162762726><>" slayed "Rochelle<29><BOT><>"
L 09/11/2020 - 07:47:26: [playercommands.smx] "♛ Rain ♛<2><STEAM_1:0:162762726><>" slayed "Ellis<30><BOT><>"
L 09/11/2020 - 07:47:26: [playercommands.smx] "♛ Rain ♛<2><STEAM_1:0:162762726><>" slayed "Nick<31><BOT><>"
L 09/11/2020 - 07:47:47: -------- Mapchange to c2m1_highway --------
L 09/11/2020 - 07:47:59: Log file closed.
L 09/11/2020 - 07:52:24: SourceMod log file session started (file "E:\Steam\steamapps\common\Left 4 Dead 2\left4dead2\addons\sourcemod\logs\L20200911.log") (Version "1.10.0.6492")
L 09/11/2020 - 07:52:24: [simplewelcomemsg.smx] Set the maximum number of lines of.
L 09/11/2020 - 07:52:32: [SM] Changed map to "c2m5_concert"
L 09/11/2020 - 07:52:33: -------- Mapchange to c2m5_concert --------
L 09/11/2020 - 07:53:16: [l4d2_skill_detect.smx] Clear: 2 freed 5 from 8: time: -1.00 / 2.00 -- class: smoker (with shove? 1)
L 09/11/2020 - 07:57:27: [l4d2_skill_detect.smx] Clear: 5 freed 4 from 7: time: 7.23 / 8.76 -- class: smoker (with shove? 1)
L 09/11/2020 - 07:58:35: [playercommands.smx] "♛ Rain ♛<2><STEAM_1:0:162762726><>" slayed "Rochelle<25><BOT><>"
L 09/11/2020 - 07:58:35: [playercommands.smx] "♛ Rain ♛<2><STEAM_1:0:162762726><>" slayed "Nick<26><BOT><>"
L 09/11/2020 - 07:58:35: [playercommands.smx] "♛ Rain ♛<2><STEAM_1:0:162762726><>" slayed "Coach<27><BOT><>"
L 09/11/2020 - 07:58:36: [playercommands.smx] "♛ Rain ♛<2><STEAM_1:0:162762726><>" slayed "♛ Rain ♛<2><STEAM_1:0:162762726><>"
L 09/11/2020 - 07:58:55: -------- Mapchange to c3m1_plankcountry --------
L 09/11/2020 - 07:59:08: Log file closed.
L 09/11/2020 - 08:01:19: SourceMod log file session started (file "E:\Steam\steamapps\common\Left 4 Dead 2\left4dead2\addons\sourcemod\logs\L20200911.log") (Version "1.10.0.6492")
L 09/11/2020 - 08:01:19: [simplewelcomemsg.smx] Set the maximum number of lines of.
L 09/11/2020 - 08:01:25: [SM] Changed map to "c1m2_streets"
L 09/11/2020 - 08:01:25: -------- Mapchange to c1m2_streets --------
L 09/11/2020 - 08:03:17: [l4d2_skill_detect.smx] Clear: 2 freed 5 from 8: time: -1.00 / 8.83 -- class: smoker (with shove? 1)
L 09/11/2020 - 08:03:25: [l4d2_skill_detect.smx] Clear: 2 freed 3 from 9: time: 9.56 / -1.00 -- class: hunter (with shove? 0)
L 09/11/2020 - 08:03:32: [l4d2_skill_detect.smx] Clear: 5 freed 4 from 7: time: 20.69 / 23.00 -- class: smoker (with shove? 1)
L 09/11/2020 - 08:04:21: Log file closed.
L 09/11/2020 - 08:05:19: SourceMod log file session started (file "E:\Steam\steamapps\common\Left 4 Dead 2\left4dead2\addons\sourcemod\logs\L20200911.log") (Version "1.10.0.6492")
L 09/11/2020 - 08:05:19: [simplewelcomemsg.smx] Set the maximum number of lines of.
L 09/11/2020 - 08:05:26: [SM] Changed map to "c2m5_concert"
L 09/11/2020 - 08:05:26: -------- Mapchange to c2m5_concert --------
L 09/11/2020 - 08:06:40: [l4d2_skill_detect.smx] Charge carry start: 6 - 3 -- time: 71.63
L 09/11/2020 - 08:06:41: [l4d2_skill_detect.smx] Clear: 4 freed 3 from 6: time: 0.53 / 1.63 -- class: charger (with shove? 0)
L 09/11/2020 - 08:06:43: [l4d2_skill_detect.smx] Clear: 5 freed 2 from 8: time: 2.93 / -1.00 -- class: jockey (with shove? 0)
L 09/11/2020 - 08:06:43: [l4d2_skill_detect.smx] Checking charge victim: 6 - 3 - flags: 1 (alive? 1)
L 09/11/2020 - 08:06:47: [l4d2_skill_detect.smx] Clear: 2 freed 4 from 9: time: 1.26 / -1.00 -- class: hunter (with shove? 0)
L 09/11/2020 - 08:07:07: [l4d2_skill_detect.smx] Clear: 3 freed 5 from 7: time: -1.00 / 1.76 -- class: smoker (with shove? 1)
L 09/11/2020 - 08:07:40: [l4d2_skill_detect.smx] Clear: 3 freed 2 from 6: time: -1.00 / 1.76 -- class: smoker (with shove? 1)
L 09/11/2020 - 08:10:09: [l4d2_skill_detect.smx] Charge carry start: 7 - 4 -- time: 276.80
L 09/11/2020 - 08:10:13: [l4d2_skill_detect.smx] Checking charge victim: 7 - 4 - flags: 1 (alive? 1)
L 09/11/2020 - 08:10:13: [l4d2_skill_detect.smx] Checking charge victim: 7 - 5 - flags: 0 (alive? 1)
L 09/11/2020 - 08:10:13: [l4d2_skill_detect.smx] Checking charge victim: 7 - 2 - flags: 0 (alive? 1)
L 09/11/2020 - 08:11:05: Log file closed.
L 09/11/2020 - 08:12:53: SourceMod log file session started (file "E:\Steam\steamapps\common\Left 4 Dead 2\left4dead2\addons\sourcemod\logs\L20200911.log") (Version "1.10.0.6492")
L 09/11/2020 - 08:12:53: [simplewelcomemsg.smx] Set the maximum number of lines of.
L 09/11/2020 - 08:13:02: [SM] Changed map to "c1m4_atrium"
L 09/11/2020 - 08:13:02: -------- Mapchange to c1m4_atrium --------
L 09/11/2020 - 08:14:35: Log file closed.
L 09/11/2020 - 08:15:25: SourceMod log file session started (file "E:\Steam\steamapps\common\Left 4 Dead 2\left4dead2\addons\sourcemod\logs\L20200911.log") (Version "1.10.0.6492")
L 09/11/2020 - 08:15:25: [simplewelcomemsg.smx] Set the maximum number of lines of.
L 09/11/2020 - 08:15:31: [SM] Changed map to "c1m1_hotel"
L 09/11/2020 - 08:15:32: -------- Mapchange to c1m1_hotel --------
L 09/11/2020 - 08:17:12: Log file closed.
L 09/11/2020 - 08:42:49: SourceMod log file session started (file "E:\Steam\steamapps\common\Left 4 Dead 2\left4dead2\addons\sourcemod\logs\L20200911.log") (Version "1.10.0.6492")
L 09/11/2020 - 08:42:49: [simplewelcomemsg.smx] Set the maximum number of lines of.
L 09/11/2020 - 08:42:55: [SM] Changed map to "c1m4_atrium"
L 09/11/2020 - 08:42:55: -------- Mapchange to c1m4_atrium --------
L 09/11/2020 - 08:44:36: [l4d2_skill_detect.smx] Charge carry start: 6 - 5 -- time: 98.03
L 09/11/2020 - 08:44:36: [funcommands.smx] "♛ Rain ♛<2><STEAM_1:0:162762726><>" toggled noclip on "♛ Rain ♛<2><STEAM_1:0:162762726><>"
L 09/11/2020 - 08:44:39: [l4d2_skill_detect.smx] Checking charge victim: 6 - 5 - flags: 1 (alive? 1)
L 09/11/2020 - 08:44:40: [l4d2_skill_detect.smx] Checking charge victim: 6 - 4 - flags: 0 (alive? 1)
L 09/11/2020 - 08:44:41: [l4d2_skill_detect.smx] Clear: 4 freed 5 from 6: time: 4.09 / 5.19 -- class: charger (with shove? 0)
L 09/11/2020 - 08:44:46: [l4d2_skill_detect.smx] Clear: 5 freed 4 from 7: time: 1.53 / -1.00 -- class: hunter (with shove? 0)
L 09/11/2020 - 08:45:10: [l4d2_skill_detect.smx] Charge carry start: 6 - 4 -- time: 131.73
L 09/11/2020 - 08:45:13: [l4d2_skill_detect.smx] Checking charge victim: 6 - 4 - flags: 1 (alive? 1)
L 09/11/2020 - 08:45:13: [funcommands.smx] "♛ Rain ♛<2><STEAM_1:0:162762726><>" toggled noclip on "♛ Rain ♛<2><STEAM_1:0:162762726><>"
L 09/11/2020 - 08:45:28: [admin_hp.smx]  
L 09/11/2020 - 08:45:53: [funcommands.smx] "♛ Rain ♛<2><STEAM_1:0:162762726><>" toggled noclip on "♛ Rain ♛<2><STEAM_1:0:162762726><>"
L 09/11/2020 - 08:46:38: [playercommands.smx] "♛ Rain ♛<2><STEAM_1:0:162762726><>" slayed "Boomer<11><BOT><>"
L 09/11/2020 - 08:46:38: [playercommands.smx] "♛ Rain ♛<2><STEAM_1:0:162762726><>" slayed "Nick<4><BOT><>"
L 09/11/2020 - 08:46:38: [playercommands.smx] "♛ Rain ♛<2><STEAM_1:0:162762726><>" slayed "Charger<12><BOT><>"
L 09/11/2020 - 08:46:38: [l4d2_skill_detect.smx] Clear: 6 freed 4 from 6: time: 86.66 / 87.96 -- class: charger (with shove? 0)
L 09/11/2020 - 08:46:38: [playercommands.smx] "♛ Rain ♛<2><STEAM_1:0:162762726><>" slayed "Hunter<13><BOT><>"
L 09/11/2020 - 08:46:38: [playercommands.smx] "♛ Rain ♛<2><STEAM_1:0:162762726><>" slayed "(1)Hunter<14><BOT><>"
L 09/11/2020 - 08:46:39: [playercommands.smx] "♛ Rain ♛<2><STEAM_1:0:162762726><>" slayed "♛ Rain ♛<2><STEAM_1:0:162762726><>"
L 09/11/2020 - 08:47:00: [playercommands.smx] "♛ Rain ♛<2><STEAM_1:0:162762726><>" slayed "Coach<15><BOT><>"
L 09/11/2020 - 08:47:01: [playercommands.smx] "♛ Rain ♛<2><STEAM_1:0:162762726><>" slayed "Rochelle<16><BOT><>"
L 09/11/2020 - 08:47:01: [playercommands.smx] "♛ Rain ♛<2><STEAM_1:0:162762726><>" slayed "Ellis<17><BOT><>"
L 09/11/2020 - 08:47:01: [playercommands.smx] "♛ Rain ♛<2><STEAM_1:0:162762726><>" slayed "Nick<18><BOT><>"
L 09/11/2020 - 08:47:21: -------- Mapchange to c2m1_highway --------
L 09/11/2020 - 08:48:37: -------- Mapchange to c1m2_streets --------
L 09/11/2020 - 08:48:59: [funcommands.smx] "♛ Rain ♛<2><STEAM_1:0:162762726><>" toggled noclip on "♛ Rain ♛<2><STEAM_1:0:162762726><>"
L 09/11/2020 - 08:49:16: [l4d2_skill_detect.smx] Charge carry start: 5 - 4 -- time: 35.43
L 09/11/2020 - 08:49:20: [l4d2_skill_detect.smx] Checking charge victim: 5 - 4 - flags: 1 (alive? 1)
L 09/11/2020 - 08:49:30: [l4d2_skill_detect.smx] Clear: 3 freed 4 from 5: time: 12.40 / 13.93 -- class: charger (with shove? 0)
L 09/11/2020 - 08:49:45: -------- Mapchange to c5m5_bridge --------
L 09/11/2020 - 08:51:22: Log file closed.
L 09/11/2020 - 09:25:27: SourceMod log file session started (file "E:\Steam\steamapps\common\Left 4 Dead 2\left4dead2\addons\sourcemod\logs\L20200911.log") (Version "1.10.0.6492")
L 09/11/2020 - 09:25:27: [simplewelcomemsg.smx] Set the maximum number of lines of.
L 09/11/2020 - 09:25:33: [SM] Changed map to "c1m4_atrium"
L 09/11/2020 - 09:25:34: -------- Mapchange to c1m4_atrium --------
L 09/11/2020 - 09:27:15: [l4d2_skill_detect.smx] Charge carry start: 5 - 2 -- time: 97.93
L 09/11/2020 - 09:27:18: [l4d2_skill_detect.smx] Checking charge victim: 5 - 2 - flags: 1 (alive? 1)
L 09/11/2020 - 09:27:23: [l4d2_skill_detect.smx] Clear: 3 freed 4 from 7: time: 1.43 / -1.00 -- class: hunter (with shove? 0)
L 09/11/2020 - 09:27:33: [l4d2_skill_detect.smx] Clear: 3 freed 1 from 6: time: 1.43 / -1.00 -- class: hunter (with shove? 0)
L 09/11/2020 - 09:28:04: [l4d2_skill_detect.smx] Clear: 3 freed 4 from 7: time: 1.26 / -1.00 -- class: hunter (with shove? 0)
L 09/11/2020 - 09:28:29: [l4d2_skill_detect.smx] Clear: 3 freed 4 from 7: time: 1.90 / -1.00 -- class: jockey (with shove? 0)
L 09/11/2020 - 09:28:52: [l4d2_skill_detect.smx] Clear: 3 freed 4 from 5: time: 0.16 / 195.43 -- class: charger (with shove? 0)
L 09/11/2020 - 09:28:58: [l4d2_skill_detect.smx] Clear: 4 freed 2 from 8: time: 1.80 / -1.00 -- class: jockey (with shove? 0)
L 09/11/2020 - 09:29:05: Log file closed.
L 09/11/2020 - 09:31:34: SourceMod log file session started (file "E:\Steam\steamapps\common\Left 4 Dead 2\left4dead2\addons\sourcemod\logs\L20200911.log") (Version "1.10.0.6492")
L 09/11/2020 - 09:31:34: [simplewelcomemsg.smx] Set the maximum number of lines of.
L 09/11/2020 - 09:31:40: [SM] Changed map to "c1m1_hotel"
L 09/11/2020 - 09:31:40: -------- Mapchange to c1m1_hotel --------
L 09/11/2020 - 09:33:09: Log file closed.
L 09/11/2020 - 09:34:56: SourceMod log file session started (file "E:\Steam\steamapps\common\Left 4 Dead 2\left4dead2\addons\sourcemod\logs\L20200911.log") (Version "1.10.0.6492")
L 09/11/2020 - 09:34:56: [simplewelcomemsg.smx] Set the maximum number of lines of.
L 09/11/2020 - 09:35:02: [SM] Changed map to "c1m1_hotel"
L 09/11/2020 - 09:35:02: -------- Mapchange to c1m1_hotel --------
L 09/11/2020 - 09:35:47: Log file closed.
L 09/11/2020 - 09:37:31: SourceMod log file session started (file "E:\Steam\steamapps\common\Left 4 Dead 2\left4dead2\addons\sourcemod\logs\L20200911.log") (Version "1.10.0.6492")
L 09/11/2020 - 09:37:31: [simplewelcomemsg.smx] Set the maximum number of lines of.
L 09/11/2020 - 09:37:36: [SM] Changed map to "c1m1_hotel"
L 09/11/2020 - 09:37:36: -------- Mapchange to c1m1_hotel --------
L 09/11/2020 - 09:38:43: Log file closed.
L 09/11/2020 - 09:47:33: SourceMod log file session started (file "E:\Steam\steamapps\common\Left 4 Dead 2\left4dead2\addons\sourcemod\logs\L20200911.log") (Version "1.10.0.6492")
L 09/11/2020 - 09:47:33: [simplewelcomemsg.smx] Set the maximum number of lines of.
L 09/11/2020 - 09:47:38: [SM] Changed map to "c1m1_hotel"
L 09/11/2020 - 09:47:38: -------- Mapchange to c1m1_hotel --------
L 09/11/2020 - 09:49:22: Log file closed.
L 09/11/2020 - 09:51:11: SourceMod log file session started (file "E:\Steam\steamapps\common\Left 4 Dead 2\left4dead2\addons\sourcemod\logs\L20200911.log") (Version "1.10.0.6492")
L 09/11/2020 - 09:51:11: [simplewelcomemsg.smx] Set the maximum number of lines of.
L 09/11/2020 - 09:51:16: [SM] Changed map to "c1m1_hotel"
L 09/11/2020 - 09:51:16: -------- Mapchange to c1m1_hotel --------
L 09/11/2020 - 09:51:54: -------- Mapchange to c1m4_atrium --------
L 09/11/2020 - 09:52:22: -------- Mapchange to c1m4_atrium --------
L 09/11/2020 - 09:53:13: [playercommands.smx] "♛ Rain ♛<9><STEAM_1:0:162762726><>" slayed "Coach<10><BOT><>"
L 09/11/2020 - 09:53:13: [playercommands.smx] "♛ Rain ♛<9><STEAM_1:0:162762726><>" slayed "Ellis<11><BOT><>"
L 09/11/2020 - 09:53:14: [playercommands.smx] "♛ Rain ♛<9><STEAM_1:0:162762726><>" slayed "Rochelle<12><BOT><>"
L 09/11/2020 - 09:53:14: [playercommands.smx] "♛ Rain ♛<9><STEAM_1:0:162762726><>" slayed "Boomer<13><BOT><>"
L 09/11/2020 - 09:53:14: [playercommands.smx] "♛ Rain ♛<9><STEAM_1:0:162762726><>" slayed "♛ Rain ♛<9><STEAM_1:0:162762726><>"
L 09/11/2020 - 09:53:35: [playercommands.smx] "♛ Rain ♛<9><STEAM_1:0:162762726><>" slayed "Ellis<14><BOT><>"
L 09/11/2020 - 09:53:35: [playercommands.smx] "♛ Rain ♛<9><STEAM_1:0:162762726><>" slayed "Nick<15><BOT><>"
L 09/11/2020 - 09:53:35: [playercommands.smx] "♛ Rain ♛<9><STEAM_1:0:162762726><>" slayed "Coach<16><BOT><>"
L 09/11/2020 - 09:53:36: [playercommands.smx] "♛ Rain ♛<9><STEAM_1:0:162762726><>" slayed "Rochelle<17><BOT><>"
L 09/11/2020 - 09:53:36: [playercommands.smx] "♛ Rain ♛<9><STEAM_1:0:162762726><>" slayed "♛ Rain ♛<9><STEAM_1:0:162762726><>"
L 09/11/2020 - 09:53:56: -------- Mapchange to c2m1_highway --------
L 09/11/2020 - 09:54:23: Log file closed.
L 09/11/2020 - 19:32:31: SourceMod log file session started (file "E:\Steam\steamapps\common\Left 4 Dead 2\left4dead2\addons\sourcemod\logs\L20200911.log") (Version "1.10.0.6492")
L 09/11/2020 - 19:32:31: [simplewelcomemsg.smx] Set the maximum number of lines of.
L 09/11/2020 - 19:32:57: [SM] Changed map to "c2m1_highway"
L 09/11/2020 - 19:32:58: -------- Mapchange to c2m1_highway --------
L 09/11/2020 - 19:34:13: [basecommands.smx] "♛ Rain ♛<2><STEAM_1:0:162762726><>" changed cvar (cvar "sv_force_time_of_day") (value "0")
L 09/11/2020 - 19:34:13: [basecommands.smx] "♛ Rain ♛<2><STEAM_1:0:162762726><>" changed cvar (cvar "z_witch_damage_per_kill_hit") (value "75")
L 09/11/2020 - 19:34:13: [basecommands.smx] "♛ Rain ♛<2><STEAM_1:0:162762726><>" changed cvar (cvar "z_tank_health") (value "6666")
L 09/11/2020 - 19:34:13: [basecommands.smx] "♛ Rain ♛<2><STEAM_1:0:162762726><>" changed cvar (cvar "tank_burn_duration") (value "999999")
L 09/11/2020 - 19:34:13: [basecommands.smx] "♛ Rain ♛<2><STEAM_1:0:162762726><>" changed cvar (cvar "z_ghost_delay_min") (value "20")
L 09/11/2020 - 19:34:13: [basecommands.smx] "♛ Rain ♛<2><STEAM_1:0:162762726><>" changed cvar (cvar "z_ghost_delay_max") (value "24")
L 09/11/2020 - 19:34:13: [basecommands.smx] "♛ Rain ♛<2><STEAM_1:0:162762726><>" changed cvar (cvar "versus_tank_chance_intro") (value "1")
L 09/11/2020 - 19:34:13: [basecommands.smx] "♛ Rain ♛<2><STEAM_1:0:162762726><>" changed cvar (cvar "versus_tank_chance_finale") (value "1")
L 09/11/2020 - 19:34:13: [basecommands.smx] "♛ Rain ♛<2><STEAM_1:0:162762726><>" changed cvar (cvar "versus_tank_chance") (value "1")
L 09/11/2020 - 19:34:13: [basecommands.smx] "♛ Rain ♛<2><STEAM_1:0:162762726><>" changed cvar (cvar "versus_witch_chance_intro") (value "0")
L 09/11/2020 - 19:34:13: [basecommands.smx] "♛ Rain ♛<2><STEAM_1:0:162762726><>" changed cvar (cvar "versus_witch_chance_finale") (value "1")
L 09/11/2020 - 19:34:13: [basecommands.smx] "♛ Rain ♛<2><STEAM_1:0:162762726><>" changed cvar (cvar "versus_witch_chance") (value "1")
L 09/11/2020 - 19:37:06: [l4d2_skill_detect.smx] Clear: 1 freed 5 from 7: time: 0.93 / -1.00 -- class: jockey (with shove? 0)
L 09/11/2020 - 19:37:08: [l4d2_skill_detect.smx] Clear: 1 freed 4 from 3: time: 0.00 / 2.63 -- class: smoker (with shove? 0)
L 09/11/2020 - 19:38:17: [l4d2_skill_detect.smx] Clear: 5 freed 1 from 7: time: 0.53 / -1.00 -- class: hunter (with shove? 0)
L 09/11/2020 - 19:38:25: [l4d2_skill_detect.smx] Clear: 9 freed 5 from 6: time: 1.20 / -1.00 -- class: hunter (with shove? 0)
L 09/11/2020 - 19:39:59: [l4d2_skill_detect.smx] Clear: 4 freed 5 from 7: time: 0.33 / -1.00 -- class: hunter (with shove? 0)
L 09/11/2020 - 19:40:35: [l4d2_skill_detect.smx] Clear: 1 freed 5 from 2: time: 0.76 / -1.00 -- class: hunter (with shove? 0)
L 09/11/2020 - 19:40:40: [l4d2_skill_detect.smx] Charge carry start: 3 - 1 -- time: 449.73
L 09/11/2020 - 19:40:40: [l4d2_skill_detect.smx] Clear: 1 freed 1 from 3: time: 0.00 / 0.13 -- class: charger (with shove? 0)
L 09/11/2020 - 19:40:43: [l4d2_skill_detect.smx] Checking charge victim: 3 - 1 - flags: 1 (alive? 1)
L 09/11/2020 - 19:40:44: [l4d2_skill_detect.smx] Checking charge victim: 3 - 5 - flags: 0 (alive? 1)
L 09/11/2020 - 19:41:05: [l4d2_skill_detect.smx] Witch Crown Check: crown shot: 1232, harrassed: 0 (full health: 1000 / drawthresh: 500 / oneshot 0)
L 09/11/2020 - 19:41:20: [l4d2_skill_detect.smx] Clear: 8 freed 9 from 2: time: 3.39 / -1.00 -- class: jockey (with shove? 0)
L 09/11/2020 - 19:43:34: [l4d2_skill_detect.smx] Clear: 1 freed 4 from 2: time: -1.00 / 3.16 -- class: smoker (with shove? 0)
L 09/11/2020 - 19:44:09: [l4d2_skill_detect.smx] calarm trigger: caller 833 / activator 833 / delay: 0.00
L 09/11/2020 - 19:45:27: [l4d2_skill_detect.smx] Clear: 2 freed 7 from 1: time: 0.03 / 3.93 -- class: smoker (with shove? 0)
L 09/11/2020 - 19:46:10: [l4d2_skill_detect.smx] Clear: 2 freed 7 from 4: time: 1.46 / -1.00 -- class: hunter (with shove? 0)
L 09/11/2020 - 19:47:17: [l4d2_skill_detect.smx] Charge carry start: 4 - 6 -- time: 846.40
L 09/11/2020 - 19:47:20: [l4d2_skill_detect.smx] Checking charge victim: 4 - 6 - flags: 1 (alive? 1)
L 09/11/2020 - 19:47:21: [l4d2_skill_detect.smx] Checking charge victim: 4 - 3 - flags: 0 (alive? 1)
L 09/11/2020 - 19:47:27: [l4d2_skill_detect.smx] Clear: 3 freed 6 from 4: time: 8.46 / 9.43 -- class: charger (with shove? 0)
L 09/11/2020 - 19:47:46: [l4d2_skill_detect.smx] Clear: 3 freed 6 from 10: time: 3.83 / -1.00 -- class: hunter (with shove? 0)
L 09/11/2020 - 19:48:47: [l4d2_skill_detect.smx] calarm trigger: caller 834 / activator 834 / delay: 0.00
L 09/11/2020 - 19:48:48: [l4d2_skill_detect.smx] Clear: 7 freed 3 from 9: time: -1.00 / 1.83 -- class: smoker (with shove? 1)
L 09/11/2020 - 19:49:31: [l4d2_skill_detect.smx] Clear: 6 freed 7 from 4: time: 5.93 / 979.66 -- class: charger (with shove? 0)
L 09/11/2020 - 19:49:50: [l4d2_skill_detect.smx] Clear: 3 freed 2 from 9: time: 1.83 / -1.00 -- class: hunter (with shove? 1)
L 09/11/2020 - 19:49:55: [l4d2_skill_detect.smx] Clear: 2 freed 7 from 9: time: 2.40 / -1.00 -- class: hunter (with shove? 1)
L 09/11/2020 - 19:50:11: [l4d2_skill_detect.smx] Clear: 3 freed 2 from 9: time: 2.79 / -1.00 -- class: hunter (with shove? 1)
L 09/11/2020 - 19:50:20: [l4d2_skill_detect.smx] Clear: 3 freed 6 from 1: time: 0.23 / 3.59 -- class: smoker (with shove? 0)
L 09/11/2020 - 19:50:48: [l4d2_skill_detect.smx] Charge carry start: 10 - 6 -- time: 1057.30
L 09/11/2020 - 19:50:50: [l4d2_skill_detect.smx] Clear: 2 freed 6 from 10: time: 0.23 / 1.53 -- class: charger (with shove? 0)
L 09/11/2020 - 19:50:52: [l4d2_skill_detect.smx] Checking charge victim: 10 - 6 - flags: 1 (alive? 1)
L 09/11/2020 - 19:50:53: [l4d2_skill_detect.smx] Clear: 6 freed 2 from 1: time: 1.76 / -1.00 -- class: hunter (with shove? 1)
L 09/11/2020 - 19:51:34: [l4d2_skill_detect.smx] Clear: 2 freed 6 from 4: time: 4.40 / -1.00 -- class: jockey (with shove? 0)
L 09/11/2020 - 19:51:36: [l4d2_skill_detect.smx] Charge carry start: 1 - 6 -- time: 1104.90
L 09/11/2020 - 19:51:38: [l4d2_skill_detect.smx] Checking charge victim: 1 - 6 - flags: 33 (alive? 0)
L 09/11/2020 - 19:51:51: [l4d2_skill_detect.smx] Clear: 3 freed 2 from 9: time: -1.00 / 6.80 -- class: smoker (with shove? 0)
L 09/11/2020 - 19:52:36: -------- Mapchange to c2m2_fairgrounds --------
L 09/11/2020 - 19:52:52: Log file closed.
L 09/11/2020 - 19:55:58: SourceMod log file session started (file "E:\Steam\steamapps\common\Left 4 Dead 2\left4dead2\addons\sourcemod\logs\L20200911.log") (Version "1.10.0.6492")
L 09/11/2020 - 19:55:58: [simplewelcomemsg.smx] Set the maximum number of lines of.
L 09/11/2020 - 19:56:10: [SM] Changed map to "c8m1_apartment"
L 09/11/2020 - 19:56:10: -------- Mapchange to c8m1_apartment --------
L 09/11/2020 - 19:56:43: [basecommands.smx] "♛ Rain ♛<2><STEAM_1:0:162762726><>" changed cvar (cvar "sv_force_time_of_day") (value "0")
L 09/11/2020 - 19:56:43: [basecommands.smx] "♛ Rain ♛<2><STEAM_1:0:162762726><>" changed cvar (cvar "z_witch_damage_per_kill_hit") (value "75")
L 09/11/2020 - 19:56:43: [basecommands.smx] "♛ Rain ♛<2><STEAM_1:0:162762726><>" changed cvar (cvar "z_tank_health") (value "6666")
L 09/11/2020 - 19:56:43: [basecommands.smx] "♛ Rain ♛<2><STEAM_1:0:162762726><>" changed cvar (cvar "tank_burn_duration") (value "999999")
L 09/11/2020 - 19:56:43: [basecommands.smx] "♛ Rain ♛<2><STEAM_1:0:162762726><>" changed cvar (cvar "z_ghost_delay_min") (value "20")
L 09/11/2020 - 19:56:43: [basecommands.smx] "♛ Rain ♛<2><STEAM_1:0:162762726><>" changed cvar (cvar "z_ghost_delay_max") (value "24")
L 09/11/2020 - 19:56:43: [basecommands.smx] "♛ Rain ♛<2><STEAM_1:0:162762726><>" changed cvar (cvar "versus_tank_chance_intro") (value "1")
L 09/11/2020 - 19:56:43: [basecommands.smx] "♛ Rain ♛<2><STEAM_1:0:162762726><>" changed cvar (cvar "versus_tank_chance_finale") (value "1")
L 09/11/2020 - 19:56:43: [basecommands.smx] "♛ Rain ♛<2><STEAM_1:0:162762726><>" changed cvar (cvar "versus_tank_chance") (value "1")
L 09/11/2020 - 19:56:43: [basecommands.smx] "♛ Rain ♛<2><STEAM_1:0:162762726><>" changed cvar (cvar "versus_witch_chance_intro") (value "0")
L 09/11/2020 - 19:56:43: [basecommands.smx] "♛ Rain ♛<2><STEAM_1:0:162762726><>" changed cvar (cvar "versus_witch_chance_finale") (value "1")
L 09/11/2020 - 19:56:43: [basecommands.smx] "♛ Rain ♛<2><STEAM_1:0:162762726><>" changed cvar (cvar "versus_witch_chance") (value "1")
L 09/11/2020 - 19:58:00: [l4d2_skill_detect.smx] Clear: 5 freed 3 from 6: time: 1.33 / -1.00 -- class: jockey (with shove? 1)
L 09/11/2020 - 19:58:51: [l4d2_skill_detect.smx] Clear: 4 freed 3 from 7: time: 1.00 / -1.00 -- class: jockey (with shove? 0)
L 09/11/2020 - 19:59:15: -------- Mapchange to c2m1_highway --------
L 09/11/2020 - 20:00:57: [l4d2_skill_detect.smx] Clear: 3 freed 4 from 8: time: 0.66 / -1.00 -- class: hunter (with shove? 1)
L 09/11/2020 - 20:01:00: [l4d2_skill_detect.smx] Charge carry start: 7 - 4 -- time: 100.63
L 09/11/2020 - 20:01:02: [l4d2_skill_detect.smx] Clear: 5 freed 4 from 7: time: 0.33 / 2.13 -- class: charger (with shove? 0)
L 09/11/2020 - 20:01:03: [l4d2_skill_detect.smx] Checking charge victim: 7 - 4 - flags: 1 (alive? 1)
L 09/11/2020 - 20:01:32: [basecommands.smx] "♛ Rain ♛<2><STEAM_1:0:162762726><>" changed cvar (cvar "vs_max_team_switches") (value "0")
L 09/11/2020 - 20:01:33: [l4d2_skill_detect.smx] Charge carry start: 10 - 4 -- time: 134.06
L 09/11/2020 - 20:01:34: [basecommands.smx] "♛ Rain ♛<2><STEAM_1:0:162762726><>" changed cvar (cvar "vs_max_team_switches") (value "100")
L 09/11/2020 - 20:01:37: [l4d2_skill_detect.smx] Checking charge victim: 10 - 4 - flags: 1 (alive? 1)
L 09/11/2020 - 20:01:37: [l4d2_skill_detect.smx] Clear: 1 freed 4 from 10: time: 2.23 / 4.00 -- class: charger (with shove? 0)
L 09/11/2020 - 20:01:37: [l4d2_skill_detect.smx] Checking charge victim: 10 - 3 - flags: 0 (alive? 1)
L 09/11/2020 - 20:01:58: [l4d2_skill_detect.smx] Clear: 5 freed 1 from 6: time: 1.13 / -1.00 -- class: hunter (with shove? 0)
L 09/11/2020 - 20:02:07: [l4d2_skill_detect.smx] Clear: 1 freed 5 from 7: time: 0.50 / -1.00 -- class: hunter (with shove? 0)
L 09/11/2020 - 20:02:50: [l4d2_skill_detect.smx] Charge carry start: 6 - 4 -- time: 211.13
L 09/11/2020 - 20:02:52: [l4d2_skill_detect.smx] Clear: 5 freed 4 from 6: time: 0.66 / 1.43 -- class: charger (with shove? 0)
L 09/11/2020 - 20:02:53: [l4d2_skill_detect.smx] Checking charge victim: 6 - 4 - flags: 1 (alive? 1)
L 09/11/2020 - 20:03:31: [l4d2_skill_detect.smx] Clear: 1 freed 3 from 8: time: -1.00 / 1.53 -- class: smoker (with shove? 1)
L 09/11/2020 - 20:04:10: -------- Mapchange to c11m1_greenhouse --------
L 09/11/2020 - 20:05:43: Log file closed.
L 09/11/2020 - 20:08:59: SourceMod log file session started (file "E:\Steam\steamapps\common\Left 4 Dead 2\left4dead2\addons\sourcemod\logs\L20200911.log") (Version "1.10.0.6492")
L 09/11/2020 - 20:08:59: [simplewelcomemsg.smx] Set the maximum number of lines of.
L 09/11/2020 - 20:09:10: [SM] Changed map to "c1m2_streets"
L 09/11/2020 - 20:09:10: -------- Mapchange to c1m2_streets --------
L 09/11/2020 - 20:10:01: Log file closed.
L 09/11/2020 - 20:11:17: SourceMod log file session started (file "E:\Steam\steamapps\common\Left 4 Dead 2\left4dead2\addons\sourcemod\logs\L20200911.log") (Version "1.10.0.6492")
L 09/11/2020 - 20:11:17: [simplewelcomemsg.smx] Set the maximum number of lines of.
L 09/11/2020 - 20:11:23: [SM] Changed map to "c1m2_streets"
L 09/11/2020 - 20:11:23: -------- Mapchange to c1m2_streets --------
L 09/11/2020 - 20:12:21: Log file closed.
L 09/11/2020 - 20:15:01: SourceMod log file session started (file "E:\Steam\steamapps\common\Left 4 Dead 2\left4dead2\addons\sourcemod\logs\L20200911.log") (Version "1.10.0.6492")
L 09/11/2020 - 20:15:01: [simplewelcomemsg.smx] Set the maximum number of lines of.
L 09/11/2020 - 20:15:07: [SM] Changed map to "c1m2_streets"
L 09/11/2020 - 20:15:07: -------- Mapchange to c1m2_streets --------
L 09/11/2020 - 20:15:39: [funcommands.smx] "♛ Rain ♛<2><STEAM_1:0:162762726><>" toggled noclip on "♛ Rain ♛<2><STEAM_1:0:162762726><>"
L 09/11/2020 - 20:16:13: Log file closed.
L 09/11/2020 - 20:17:08: SourceMod log file session started (file "E:\Steam\steamapps\common\Left 4 Dead 2\left4dead2\addons\sourcemod\logs\L20200911.log") (Version "1.10.0.6492")
L 09/11/2020 - 20:17:08: [simplewelcomemsg.smx] Set the maximum number of lines of.
L 09/11/2020 - 20:17:13: [SM] Changed map to "c1m2_streets"
L 09/11/2020 - 20:17:13: -------- Mapchange to c1m2_streets --------
L 09/11/2020 - 20:17:46: Log file closed.
L 09/11/2020 - 20:18:21: SourceMod log file session started (file "E:\Steam\steamapps\common\Left 4 Dead 2\left4dead2\addons\sourcemod\logs\L20200911.log") (Version "1.10.0.6492")
L 09/11/2020 - 20:18:21: [simplewelcomemsg.smx] Set the maximum number of lines of.
L 09/11/2020 - 20:18:26: [SM] Changed map to "c1m2_streets"
L 09/11/2020 - 20:18:27: -------- Mapchange to c1m2_streets --------
L 09/11/2020 - 20:18:52: [funcommands.smx] "♛ Rain ♛<2><STEAM_1:0:162762726><>" toggled noclip on "♛ Rain ♛<2><STEAM_1:0:162762726><>"
L 09/11/2020 - 20:19:13: [l4d2_skill_detect.smx] Clear: 3 freed 4 from 8: time: 2.30 / -1.00 -- class: hunter (with shove? 1)
L 09/11/2020 - 20:19:19: [l4d2_skill_detect.smx] Clear: 3 freed 4 from 8: time: 1.40 / -1.00 -- class: hunter (with shove? 1)
L 09/11/2020 - 20:19:22: [l4d2_skill_detect.smx] Clear: 3 freed 4 from 8: time: 4.20 / -1.00 -- class: hunter (with shove? 1)
L 09/11/2020 - 20:19:22: [l4d2_skill_detect.smx] Clear: 3 freed 4 from 8: time: 4.20 / -1.00 -- class: hunter (with shove? 0)
L 09/11/2020 - 20:19:26: -------- Mapchange to c1m1_hotel --------
L 09/11/2020 - 20:20:10: -------- Mapchange to c2m5_concert --------
L 09/11/2020 - 20:20:22: [funcommands.smx] "♛ Rain ♛<2><STEAM_1:0:162762726><>" toggled noclip on "♛ Rain ♛<2><STEAM_1:0:162762726><>"
L 09/11/2020 - 20:20:47: [l4d2_skill_detect.smx] Charge carry start: 5 - 4 -- time: 35.30
L 09/11/2020 - 20:20:52: -------- Mapchange to c8m1_apartment --------
L 09/11/2020 - 20:23:20: -------- Mapchange to c2m1_highway --------
L 09/11/2020 - 20:24:19: [basecommands.smx] "♛ Rain ♛<26><STEAM_1:0:162762726><>" changed cvar (cvar "sv_force_time_of_day") (value "0")
L 09/11/2020 - 20:24:19: [basecommands.smx] "♛ Rain ♛<26><STEAM_1:0:162762726><>" changed cvar (cvar "z_witch_damage_per_kill_hit") (value "75")
L 09/11/2020 - 20:24:19: [basecommands.smx] "♛ Rain ♛<26><STEAM_1:0:162762726><>" changed cvar (cvar "z_tank_health") (value "6666")
L 09/11/2020 - 20:24:19: [basecommands.smx] "♛ Rain ♛<26><STEAM_1:0:162762726><>" changed cvar (cvar "tank_burn_duration") (value "999999")
L 09/11/2020 - 20:24:19: [basecommands.smx] "♛ Rain ♛<26><STEAM_1:0:162762726><>" changed cvar (cvar "z_ghost_delay_min") (value "20")
L 09/11/2020 - 20:24:19: [basecommands.smx] "♛ Rain ♛<26><STEAM_1:0:162762726><>" changed cvar (cvar "z_ghost_delay_max") (value "24")
L 09/11/2020 - 20:24:19: [basecommands.smx] "♛ Rain ♛<26><STEAM_1:0:162762726><>" changed cvar (cvar "versus_tank_chance_intro") (value "1")
L 09/11/2020 - 20:24:19: [basecommands.smx] "♛ Rain ♛<26><STEAM_1:0:162762726><>" changed cvar (cvar "versus_tank_chance_finale") (value "1")
L 09/11/2020 - 20:24:19: [basecommands.smx] "♛ Rain ♛<26><STEAM_1:0:162762726><>" changed cvar (cvar "versus_tank_chance") (value "1")
L 09/11/2020 - 20:24:19: [basecommands.smx] "♛ Rain ♛<26><STEAM_1:0:162762726><>" changed cvar (cvar "versus_witch_chance_intro") (value "0")
L 09/11/2020 - 20:24:19: [basecommands.smx] "♛ Rain ♛<26><STEAM_1:0:162762726><>" changed cvar (cvar "versus_witch_chance_finale") (value "1")
L 09/11/2020 - 20:24:19: [basecommands.smx] "♛ Rain ♛<26><STEAM_1:0:162762726><>" changed cvar (cvar "versus_witch_chance") (value "1")
L 09/11/2020 - 20:24:23: [basecommands.smx] "♛ Rain ♛<26><STEAM_1:0:162762726><>" changed cvar (cvar "vs_max_team_switches") (value "100")
L 09/11/2020 - 20:25:22: [l4d2_skill_detect.smx] Clear: 1 freed 4 from 6: time: 1.06 / -1.00 -- class: jockey (with shove? 0)
L 09/11/2020 - 20:25:56: [l4d2_skill_detect.smx] Clear: 1 freed 5 from 6: time: 0.06 / -1.00 -- class: hunter (with shove? 0)
L 09/11/2020 - 20:26:47: [l4d2_skill_detect.smx] Clear: 10 freed 6 from 7: time: 2.30 / -1.00 -- class: hunter (with shove? 0)
L 09/11/2020 - 20:26:58: [l4d2_skill_detect.smx] Clear: 10 freed 6 from 3: time: 1.83 / 2.56 -- class: smoker (with shove? 1)
L 09/11/2020 - 20:27:18: [l4d2_skill_detect.smx] Clear: 1 freed 6 from 7: time: 1.90 / -1.00 -- class: jockey (with shove? 0)
L 09/11/2020 - 20:28:28: [l4d2_skill_detect.smx] Clear: 1 freed 6 from 7: time: 0.86 / -1.00 -- class: hunter (with shove? 0)
L 09/11/2020 - 20:29:47: [l4d2_skill_detect.smx] Witch Crown Check: crown shot: 1053, harrassed: 0 (full health: 1000 / drawthresh: 500 / oneshot 1)
L 09/11/2020 - 20:29:56: [l4d2_skill_detect.smx] Clear: 2 freed 1 from 3: time: 0.03 / -1.00 -- class: hunter (with shove? 0)
L 09/11/2020 - 20:30:22: [l4d2_skill_detect.smx] Charge carry start: 3 - 6 -- time: 406.40
L 09/11/2020 - 20:30:25: [l4d2_skill_detect.smx] Checking charge victim: 3 - 6 - flags: 1 (alive? 1)
L 09/11/2020 - 20:31:27: [l4d2_skill_detect.smx] Clear: 1 freed 10 from 8: time: 1.69 / 471.20 -- class: charger (with shove? 0)
L 09/11/2020 - 20:32:27: [l4d2_skill_detect.smx] calarm trigger: caller 833 / activator 833 / delay: 0.00
L 09/11/2020 - 20:34:03: [l4d2_skill_detect.smx] Clear: 5 freed 3 from 1: time: 6.70 / -1.00 -- class: hunter (with shove? 0)
L 09/11/2020 - 20:34:39: [l4d2_skill_detect.smx] Clear: 5 freed 4 from 2: time: 11.76 / -1.00 -- class: jockey (with shove? 0)
L 09/11/2020 - 20:34:45: [l4d2_skill_detect.smx] Clear: 5 freed 7 from 10: time: 21.20 / 22.73 -- class: smoker (with shove? 1)
L 09/11/2020 - 20:35:17: [l4d2_skill_detect.smx] Clear: 7 freed 4 from 2: time: 3.33 / -1.00 -- class: hunter (with shove? 0)
L 09/11/2020 - 20:36:01: -------- Mapchange to c2m2_fairgrounds --------
L 09/11/2020 - 20:37:32: [l4d2_skill_detect.smx] Clear: 1 freed 6 from 4: time: 1.26 / -1.00 -- class: hunter (with shove? 0)
L 09/11/2020 - 20:38:22: [l4d2_skill_detect.smx] Clear: 1 freed 10 from 4: time: 5.30 / -1.00 -- class: jockey (with shove? 0)
L 09/11/2020 - 20:39:00: [l4d2_skill_detect.smx] Charge carry start: 5 - 6 -- time: 171.56
L 09/11/2020 - 20:39:01: [l4d2_skill_detect.smx] Clear: 1 freed 6 from 5: time: 0.40 / 1.69 -- class: charger (with shove? 0)
L 09/11/2020 - 20:39:03: [l4d2_skill_detect.smx] Checking charge victim: 5 - 6 - flags: 1 (alive? 1)
L 09/11/2020 - 20:39:29: [l4d2_skill_detect.smx] Clear: 10 freed 6 from 3: time: 1.53 / -1.00 -- class: hunter (with shove? 0)
L 09/11/2020 - 20:40:01: [l4d2_skill_detect.smx] Clear: 2 freed 6 from 3: time: 0.90 / 1.46 -- class: smoker (with shove? 0)
L 09/11/2020 - 20:41:56: [l4d2_skill_detect.smx] Charge carry start: 3 - 6 -- time: 348.20
L 09/11/2020 - 20:41:58: [l4d2_skill_detect.smx] Clear: 2 freed 6 from 3: time: 0.50 / 1.53 -- class: charger (with shove? 0)
L 09/11/2020 - 20:42:00: [l4d2_skill_detect.smx] Checking charge victim: 3 - 6 - flags: 1 (alive? 1)
L 09/11/2020 - 20:42:35: [l4d2_skill_detect.smx] Clear: 1 freed 6 from 4: time: 4.66 / -1.00 -- class: jockey (with shove? 0)
L 09/11/2020 - 20:43:06: [l4d2_skill_detect.smx] Clear: 2 freed 6 from 3: time: -1.00 / 0.76 -- class: smoker (with shove? 0)
L 09/11/2020 - 20:43:34: [l4d2_skill_detect.smx] Clear: 1 freed 6 from 4: time: 1.93 / 446.10 -- class: charger (with shove? 0)
L 09/11/2020 - 20:43:37: [l4d2_skill_detect.smx] Clear: 2 freed 6 from 3: time: 1.00 / -1.00 -- class: jockey (with shove? 0)
L 09/11/2020 - 20:43:44: [l4d2_skill_detect.smx] Witch Crown Check: crown shot: 1222, harrassed: 0 (full health: 1000 / drawthresh: 500 / oneshot 1)
L 09/11/2020 - 20:43:46: [l4d2_skill_detect.smx] Clear: 6 freed 2 from 7: time: -1.00 / 1.03 -- class: smoker (with shove? 0)
L 09/11/2020 - 20:45:50: [l4d2_skill_detect.smx] Charge carry start: 1 - 8 -- time: 580.56
L 09/11/2020 - 20:45:54: [l4d2_skill_detect.smx] Checking charge victim: 1 - 8 - flags: 1 (alive? 1)
L 09/11/2020 - 20:45:54: [l4d2_skill_detect.smx] Checking charge victim: 1 - 12 - flags: 0 (alive? 1)
L 09/11/2020 - 20:45:54: [l4d2_skill_detect.smx] Clear: 11 freed 9 from 2: time: 3.66 / -1.00 -- class: hunter (with shove? 0)
L 09/11/2020 - 20:45:59: [l4d2_skill_detect.smx] Clear: 12 freed 8 from 1: time: 7.13 / 9.46 -- class: charger (with shove? 0)
L 09/11/2020 - 20:46:46: [l4d2_skill_detect.smx] Clear: 11 freed 9 from 10: time: 1.00 / -1.00 -- class: hunter (with shove? 0)
L 09/11/2020 - 20:46:55: [l4d2_skill_detect.smx] Clear: 11 freed 8 from 6: time: 11.76 / -1.00 -- class: jockey (with shove? 1)
L 09/11/2020 - 20:47:52: [l4d2_skill_detect.smx] Charge carry start: 10 - 9 -- time: 703.03
L 09/11/2020 - 20:47:54: [l4d2_skill_detect.smx] Clear: 8 freed 9 from 10: time: 1.13 / 1.96 -- class: charger (with shove? 0)
L 09/11/2020 - 20:47:55: [l4d2_skill_detect.smx] Checking charge victim: 10 - 9 - flags: 1 (alive? 1)
L 09/11/2020 - 20:47:56: [l4d2_skill_detect.smx] Checking charge victim: 10 - 12 - flags: 0 (alive? 1)
L 09/11/2020 - 20:47:56: [l4d2_skill_detect.smx] Clear: 8 freed 3 from 6: time: 1.23 / 2.80 -- class: smoker (with shove? 1)
L 09/11/2020 - 20:48:29: Log file closed.
L 09/11/2020 - 20:54:47: SourceMod log file session started (file "E:\Steam\steamapps\common\Left 4 Dead 2\left4dead2\addons\sourcemod\logs\L20200911.log") (Version "1.10.0.6492")
L 09/11/2020 - 20:54:47: [l4d2_itemgiver.smx] Detected Left4Dead2!
L 09/11/2020 - 20:54:47: [simplewelcomemsg.smx] Set the maximum number of lines of.
L 09/11/2020 - 20:54:58: [SM] Changed map to "c1m1_hotel"
L 09/11/2020 - 20:54:58: -------- Mapchange to c1m1_hotel --------
L 09/11/2020 - 20:55:35: -------- Mapchange to c1m1_hotel --------
L 09/11/2020 - 20:56:03: [playercommands.smx] "♛ Rain ♛<6><STEAM_1:0:162762726><>" slayed "Nick<7><BOT><>"
L 09/11/2020 - 20:56:03: [playercommands.smx] "♛ Rain ♛<6><STEAM_1:0:162762726><>" slayed "Coach<8><BOT><>"
L 09/11/2020 - 20:56:03: [playercommands.smx] "♛ Rain ♛<6><STEAM_1:0:162762726><>" slayed "Rochelle<9><BOT><>"
L 09/11/2020 - 20:56:03: [playercommands.smx] "♛ Rain ♛<6><STEAM_1:0:162762726><>" slayed "Ellis<10><BOT><>"
L 09/11/2020 - 20:56:50: Log file closed.
L 09/11/2020 - 21:02:39: SourceMod log file session started (file "E:\Steam\steamapps\common\Left 4 Dead 2\left4dead2\addons\sourcemod\logs\L20200911.log") (Version "1.10.0.6492")
L 09/11/2020 - 21:02:39: [l4d2_itemgiver.smx] Detected Left4Dead2!
L 09/11/2020 - 21:02:40: [simplewelcomemsg.smx] Set the maximum number of lines of.
L 09/11/2020 - 21:02:45: [SM] Changed map to "c1m1_hotel"
L 09/11/2020 - 21:02:45: -------- Mapchange to c1m1_hotel --------
L 09/11/2020 - 21:03:24: [playercommands.smx] "♛ Rain ♛<2><STEAM_1:0:162762726><>" slayed "Coach<3><BOT><>"
L 09/11/2020 - 21:03:24: [playercommands.smx] "♛ Rain ♛<2><STEAM_1:0:162762726><>" slayed "Ellis<4><BOT><>"
L 09/11/2020 - 21:03:25: [playercommands.smx] "♛ Rain ♛<2><STEAM_1:0:162762726><>" slayed "Rochelle<5><BOT><>"
L 09/11/2020 - 21:03:25: [playercommands.smx] "♛ Rain ♛<2><STEAM_1:0:162762726><>" slayed "♛ Rain ♛<2><STEAM_1:0:162762726><>"
L 09/11/2020 - 21:04:25: [l4d2_skill_detect.smx] Clear: 8 freed 5 from 2: time: 1.36 / -1.00 -- class: hunter (with shove? 0)
L 09/11/2020 - 21:04:28: [l4d2_skill_detect.smx] Clear: 5 freed 7 from 3: time: 1.66 / -1.00 -- class: hunter (with shove? 0)
L 09/11/2020 - 21:05:06: Log file closed.
L 09/11/2020 - 21:06:46: SourceMod log file session started (file "E:\Steam\steamapps\common\Left 4 Dead 2\left4dead2\addons\sourcemod\logs\L20200911.log") (Version "1.10.0.6492")
L 09/11/2020 - 21:06:46: [l4d2_itemgiver.smx] Detected Left4Dead2!
L 09/11/2020 - 21:06:47: [simplewelcomemsg.smx] Set the maximum number of lines of.
L 09/11/2020 - 21:06:54: [SM] Changed map to "c2m5_concert"
L 09/11/2020 - 21:06:54: -------- Mapchange to c2m5_concert --------
L 09/11/2020 - 21:08:15: [funcommands.smx] "♛ Rain ♛<2><STEAM_1:0:162762726><>" toggled noclip on "♛ Rain ♛<2><STEAM_1:0:162762726><>"
L 09/11/2020 - 21:08:17: [funcommands.smx] "♛ Rain ♛<2><STEAM_1:0:162762726><>" toggled noclip on "♛ Rain ♛<2><STEAM_1:0:162762726><>"
L 09/11/2020 - 21:08:31: [l4d2_skill_detect.smx] Clear: 4 freed 3 from 8: time: 2.76 / -1.00 -- class: hunter (with shove? 1)
L 09/11/2020 - 21:09:12: Log file closed.
L 09/11/2020 - 21:11:44: SourceMod log file session started (file "E:\Steam\steamapps\common\Left 4 Dead 2\left4dead2\addons\sourcemod\logs\L20200911.log") (Version "1.10.0.6492")
L 09/11/2020 - 21:11:44: [l4d2_itemgiver.smx] Detected Left4Dead2!
L 09/11/2020 - 21:11:44: [simplewelcomemsg.smx] Set the maximum number of lines of.
L 09/11/2020 - 21:11:50: [SM] Changed map to "c1m1_hotel"
L 09/11/2020 - 21:11:50: -------- Mapchange to c1m1_hotel --------
L 09/11/2020 - 21:12:24: Log file closed.
L 09/11/2020 - 21:17:01: SourceMod log file session started (file "E:\Steam\steamapps\common\Left 4 Dead 2\left4dead2\addons\sourcemod\logs\L20200911.log") (Version "1.10.0.6492")
L 09/11/2020 - 21:17:01: [l4d2_itemgiver.smx] Detected Left4Dead2!
L 09/11/2020 - 21:17:01: [simplewelcomemsg.smx] Set the maximum number of lines of.
L 09/11/2020 - 21:17:07: [SM] Changed map to "c1m1_hotel"
L 09/11/2020 - 21:17:07: -------- Mapchange to c1m1_hotel --------
L 09/11/2020 - 21:18:06: [l4d2_skill_detect.smx] Clear: 4 freed 5 from 6: time: 2.33 / -1.00 -- class: hunter (with shove? 0)
L 09/11/2020 - 21:18:10: Log file closed.
L 09/11/2020 - 21:20:07: SourceMod log file session started (file "E:\Steam\steamapps\common\Left 4 Dead 2\left4dead2\addons\sourcemod\logs\L20200911.log") (Version "1.10.0.6492")
L 09/11/2020 - 21:20:07: [l4d2_itemgiver.smx] Detected Left4Dead2!
L 09/11/2020 - 21:20:07: [simplewelcomemsg.smx] Set the maximum number of lines of.
L 09/11/2020 - 21:20:13: [SM] Changed map to "c1m1_hotel"
L 09/11/2020 - 21:20:13: -------- Mapchange to c1m1_hotel --------
L 09/11/2020 - 21:21:17: Log file closed.
L 09/11/2020 - 21:24:47: SourceMod log file session started (file "E:\Steam\steamapps\common\Left 4 Dead 2\left4dead2\addons\sourcemod\logs\L20200911.log") (Version "1.10.0.6492")
L 09/11/2020 - 21:24:47: [l4d2_itemgiver.smx] Detected Left4Dead2!
L 09/11/2020 - 21:24:47: [simplewelcomemsg.smx] Set the maximum number of lines of.
L 09/11/2020 - 21:25:01: [SM] Changed map to "c2m1_highway"
L 09/11/2020 - 21:25:02: -------- Mapchange to c2m1_highway --------
L 09/11/2020 - 21:27:31: [l4d2_skill_detect.smx] Clear: 1 freed 5 from 3: time: 0.93 / -1.00 -- class: jockey (with shove? 0)
L 09/11/2020 - 21:27:45: [basecommands.smx] "♛ Rain ♛<2><STEAM_1:0:162762726><>" changed cvar (cvar "sv_force_time_of_day") (value "0")
L 09/11/2020 - 21:27:45: [basecommands.smx] "♛ Rain ♛<2><STEAM_1:0:162762726><>" changed cvar (cvar "z_witch_damage_per_kill_hit") (value "75")
L 09/11/2020 - 21:27:46: [basecommands.smx] "♛ Rain ♛<2><STEAM_1:0:162762726><>" changed cvar (cvar "z_tank_health") (value "6666")
L 09/11/2020 - 21:27:46: [basecommands.smx] "♛ Rain ♛<2><STEAM_1:0:162762726><>" changed cvar (cvar "tank_burn_duration") (value "999999")
L 09/11/2020 - 21:27:46: [basecommands.smx] "♛ Rain ♛<2><STEAM_1:0:162762726><>" changed cvar (cvar "z_ghost_delay_min") (value "20")
L 09/11/2020 - 21:27:46: [basecommands.smx] "♛ Rain ♛<2><STEAM_1:0:162762726><>" changed cvar (cvar "z_ghost_delay_max") (value "24")
L 09/11/2020 - 21:27:46: [basecommands.smx] "♛ Rain ♛<2><STEAM_1:0:162762726><>" changed cvar (cvar "versus_tank_chance_intro") (value "1")
L 09/11/2020 - 21:27:46: [basecommands.smx] "♛ Rain ♛<2><STEAM_1:0:162762726><>" changed cvar (cvar "versus_tank_chance_finale") (value "1")
L 09/11/2020 - 21:27:46: [basecommands.smx] "♛ Rain ♛<2><STEAM_1:0:162762726><>" changed cvar (cvar "versus_tank_chance") (value "1")
L 09/11/2020 - 21:27:46: [basecommands.smx] "♛ Rain ♛<2><STEAM_1:0:162762726><>" changed cvar (cvar "versus_witch_chance_intro") (value "0")
L 09/11/2020 - 21:27:46: [basecommands.smx] "♛ Rain ♛<2><STEAM_1:0:162762726><>" changed cvar (cvar "versus_witch_chance_finale") (value "1")
L 09/11/2020 - 21:27:46: [basecommands.smx] "♛ Rain ♛<2><STEAM_1:0:162762726><>" changed cvar (cvar "versus_witch_chance") (value "1")
L 09/11/2020 - 21:28:06: [l4d2_skill_detect.smx] Clear: 1 freed 2 from 8: time: 1.03 / -1.00 -- class: hunter (with shove? 0)
L 09/11/2020 - 21:28:08: [l4d2_skill_detect.smx] Charge carry start: 7 - 2 -- time: 177.86
L 09/11/2020 - 21:28:11: [l4d2_skill_detect.smx] Clear: 1 freed 2 from 7: time: 0.83 / 2.33 -- class: charger (with shove? 0)
L 09/11/2020 - 21:28:12: [l4d2_skill_detect.smx] Checking charge victim: 7 - 2 - flags: 1 (alive? 1)
L 09/11/2020 - 21:29:22: [l4d2_skill_detect.smx] Clear: 5 freed 1 from 7: time: 2.36 / 3.50 -- class: smoker (with shove? 0)
L 09/11/2020 - 21:30:22: [l4d2_skill_detect.smx] Clear: 2 freed 5 from 8: time: 0.46 / -1.00 -- class: hunter (with shove? 0)
L 09/11/2020 - 21:30:40: [l4d2_skill_detect.smx] Clear: 1 freed 5 from 4: time: 5.56 / 328.93 -- class: charger (with shove? 0)
L 09/11/2020 - 21:31:06: [l4d2_skill_detect.smx] calarm trigger: caller 849 / activator 849 / delay: 0.00
L 09/11/2020 - 21:31:12: [l4d2_skill_detect.smx] Clear: 2 freed 6 from 9: time: 6.09 / 9.36 -- class: smoker (with shove? 0)
L 09/11/2020 - 21:31:44: [l4d2_skill_detect.smx] Clear: 6 freed 1 from 9: time: 7.43 / -1.00 -- class: jockey (with shove? 1)
L 09/11/2020 - 21:32:27: [l4d2_skill_detect.smx] Clear: 2 freed 5 from 3: time: -1.00 / 0.60 -- class: smoker (with shove? 0)
L 09/11/2020 - 21:32:59: [l4d2_skill_detect.smx] Clear: 1 freed 2 from 4: time: 3.36 / -1.00 -- class: hunter (with shove? 0)
L 09/11/2020 - 21:33:00: [l4d2_skill_detect.smx] Charge carry start: 9 - 5 -- time: 468.93
L 09/11/2020 - 21:33:04: [l4d2_skill_detect.smx] Checking charge victim: 9 - 5 - flags: 1 (alive? 1)
L 09/11/2020 - 21:33:09: [l4d2_skill_detect.smx] Clear: 1 freed 5 from 9: time: 6.93 / 8.89 -- class: charger (with shove? 0)
L 09/11/2020 - 21:33:28: [l4d2_skill_detect.smx] Clear: 1 freed 2 from 3: time: 2.23 / 6.30 -- class: smoker (with shove? 1)
L 09/11/2020 - 21:33:43: [l4d2_skill_detect.smx] Witch Crown Check: Failed: bungled: 1 / crowntype: 1 (entity: 216)
L 09/11/2020 - 21:33:43: [l4d2_skill_detect.smx] Witch Crown Check: Further details: attacker: ♛ Rain ♛, attacker dmg: 1530, teamless dmg: 0
L 09/11/2020 - 21:34:03: [l4d2_skill_detect.smx] Clear: 1 freed 10 from 4: time: 3.46 / 7.03 -- class: smoker (with shove? 1)
L 09/11/2020 - 21:34:28: [l4d2_skill_detect.smx] Clear: 1 freed 11 from 9: time: 0.93 / -1.00 -- class: hunter (with shove? 0)
L 09/11/2020 - 21:35:13: [l4d2_skill_detect.smx] calarm trigger: caller 833 / activator 833 / delay: 0.00
L 09/11/2020 - 21:36:23: [l4d2_skill_detect.smx] Clear: 9 freed 3 from 2: time: 1.50 / -1.00 -- class: jockey (with shove? 1)
L 09/11/2020 - 21:36:59: [l4d2_skill_detect.smx] Clear: 3 freed 7 from 4: time: 0.56 / -1.00 -- class: hunter (with shove? 0)
L 09/11/2020 - 21:37:04: [l4d2_skill_detect.smx] Charge carry start: 1 - 8 -- time: 712.83
L 09/11/2020 - 21:37:07: [l4d2_skill_detect.smx] Clear: 3 freed 9 from 2: time: 9.66 / 11.53 -- class: smoker (with shove? 0)
L 09/11/2020 - 21:37:09: [l4d2_skill_detect.smx] Checking charge victim: 1 - 8 - flags: 1 (alive? 1)
L 09/11/2020 - 21:37:16: [l4d2_skill_detect.smx] Clear: 7 freed 8 from 1: time: 9.39 / 11.29 -- class: charger (with shove? 0)
L 09/11/2020 - 21:37:29: [l4d2_skill_detect.smx] Clear: 8 freed 7 from 10: time: 3.66 / -1.00 -- class: jockey (with shove? 0)
L 09/11/2020 - 21:38:00: [l4d2_skill_detect.smx] Clear: 9 freed 8 from 2: time: 2.16 / -1.00 -- class: hunter (with shove? 0)
L 09/11/2020 - 21:39:12: [l4d2_skill_detect.smx] calarm trigger: caller 854 / activator 854 / delay: 0.00
L 09/11/2020 - 21:39:14: [l4d2_skill_detect.smx] Clear: 8 freed 3 from 1: time: 1.06 / 3.66 -- class: smoker (with shove? 0)
L 09/11/2020 - 21:39:33: [l4d2_skill_detect.smx] Clear: 3 freed 7 from 4: time: 1.93 / -1.00 -- class: jockey (with shove? 0)
L 09/11/2020 - 21:39:42: [l4d2_skill_detect.smx] Clear: 3 freed 7 from 6: time: 1.00 / 870.13 -- class: charger (with shove? 0)
L 09/11/2020 - 21:41:03: [l4d2_skill_detect.smx] Clear: 3 freed 9 from 2: time: 0.79 / -1.00 -- class: hunter (with shove? 0)
L 09/11/2020 - 21:41:18: [l4d2_skill_detect.smx] calarm trigger: caller 808 / activator 808 / delay: 0.00
L 09/11/2020 - 21:41:49: -------- Mapchange to c2m2_fairgrounds --------
L 09/11/2020 - 21:44:11: [basebans.smx] "♛ Rain ♛<2><STEAM_1:0:162762726><>" banned "trolexmafia<70><STEAM_1:1:553705969><>" (minutes "0") (reason "lag")
L 09/11/2020 - 21:44:20: [l4d2_skill_detect.smx] Clear: 2 freed 6 from 3: time: 1.53 / -1.00 -- class: hunter (with shove? 0)
L 09/11/2020 - 21:44:43: [l4d2_skill_detect.smx] Charge carry start: 9 - 5 -- time: 154.76
L 09/11/2020 - 21:44:46: [l4d2_skill_detect.smx] Clear: 1 freed 5 from 9: time: 0.66 / 2.56 -- class: charger (with shove? 0)
L 09/11/2020 - 21:44:46: [l4d2_skill_detect.smx] Checking charge victim: 9 - 6 - flags: 0 (alive? 1)
L 09/11/2020 - 21:44:47: [l4d2_skill_detect.smx] Checking charge victim: 9 - 5 - flags: 1 (alive? 1)
L 09/11/2020 - 21:45:31: [l4d2_skill_detect.smx] Clear: 1 freed 4 from 8: time: 1.16 / -1.00 -- class: hunter (with shove? 0)
L 09/11/2020 - 21:46:31: [l4d2_skill_detect.smx] Clear: 1 freed 2 from 7: time: 1.26 / -1.00 -- class: hunter (with shove? 0)
L 09/11/2020 - 21:47:12: [l4d2_skill_detect.smx] Charge carry start: 3 - 2 -- time: 303.23
L 09/11/2020 - 21:47:16: [l4d2_skill_detect.smx] Checking charge victim: 3 - 2 - flags: 1 (alive? 1)
L 09/11/2020 - 21:47:40: [l4d2_skill_detect.smx] Clear: 9 freed 2 from 3: time: 24.93 / 27.96 -- class: charger (with shove? 0)
L 09/11/2020 - 21:50:51: [l4d2_skill_detect.smx] Charge carry start: 2 - 7 -- time: 521.90
L 09/11/2020 - 21:50:54: [l4d2_skill_detect.smx] Checking charge victim: 2 - 7 - flags: 1 (alive? 1)
L 09/11/2020 - 21:50:55: [l4d2_skill_detect.smx] Checking charge victim: 2 - 3 - flags: 0 (alive? 1)
L 09/11/2020 - 21:52:04: -------- Mapchange to c2m3_coaster --------
L 09/11/2020 - 21:54:10: [l4d2_skill_detect.smx] Clear: 2 freed 4 from 7: time: 1.06 / -1.00 -- class: jockey (with shove? 1)
L 09/11/2020 - 21:54:38: [l4d2_skill_detect.smx] Clear: 1 freed 4 from 3: time: 0.53 / 148.73 -- class: charger (with shove? 0)
L 09/11/2020 - 21:54:56: [l4d2_skill_detect.smx] Clear: 2 freed 1 from 9: time: 1.10 / -1.00 -- class: hunter (with shove? 0)
L 09/11/2020 - 21:55:20: [l4d2_skill_detect.smx] Clear: 2 freed 4 from 8: time: 0.53 / -1.00 -- class: jockey (with shove? 1)
L 09/11/2020 - 21:56:40: [basecommands.smx] "♛ Rain ♛<2><STEAM_1:0:162762726><>" kicked "franciscondori1128<79><STEAM_1:0:537218118><>" (reason "")
L 09/11/2020 - 21:56:51: [basecommands.smx] "♛ Rain ♛<2><STEAM_1:0:162762726><>" changed cvar (cvar "vs_max_team_switches") (value "0")
L 09/11/2020 - 21:57:45: [l4d2_skill_detect.smx] Clear: 5 freed 2 from 9: time: 0.90 / 334.86 -- class: charger (with shove? 0)
L 09/11/2020 - 21:57:47: [l4d2_skill_detect.smx] Clear: 4 freed 5 from 8: time: -1.00 / 1.90 -- class: smoker (with shove? 1)
L 09/11/2020 - 21:57:57: [basecommands.smx] "♛ Rain ♛<2><STEAM_1:0:162762726><>" changed cvar (cvar "vs_max_team_switches") (value "100")
L 09/11/2020 - 21:58:49: [l4d2_skill_detect.smx] Clear: 5 freed 4 from 11: time: 1.03 / -1.00 -- class: jockey (with shove? 1)
L 09/11/2020 - 21:59:25: [l4d2_skill_detect.smx] Charge carry start: 7 - 5 -- time: 434.53
L 09/11/2020 - 21:59:27: [l4d2_skill_detect.smx] Clear: 1 freed 5 from 7: time: 1.26 / 2.03 -- class: charger (with shove? 0)
L 09/11/2020 - 21:59:28: [l4d2_skill_detect.smx] Checking charge victim: 7 - 5 - flags: 1 (alive? 1)
L 09/11/2020 - 22:01:37: [l4d2_skill_detect.smx] Charge carry start: 4 - 3 -- time: 566.33
L 09/11/2020 - 22:01:38: [l4d2_skill_detect.smx] Clear: 6 freed 3 from 4: time: 0.00 / 1.20 -- class: charger (with shove? 0)
L 09/11/2020 - 22:01:40: [l4d2_skill_detect.smx] Checking charge victim: 4 - 3 - flags: 1 (alive? 1)
L 09/11/2020 - 22:02:35: [l4d2_skill_detect.smx] Clear: 6 freed 3 from 4: time: 0.76 / 0.83 -- class: smoker (with shove? 1)
L 09/11/2020 - 22:03:37: [l4d2_skill_detect.smx] Clear: 6 freed 7 from 10: time: 0.40 / -1.00 -- class: hunter (with shove? 0)
L 09/11/2020 - 22:03:42: [l4d2_skill_detect.smx] Clear: 7 freed 8 from 4: time: -1.00 / 1.39 -- class: smoker (with shove? 1)
L 09/11/2020 - 22:04:51: -------- Mapchange to c2m4_barns --------
L 09/11/2020 - 22:05:23: [basecommands.smx] "♛ Rain ♛<2><STEAM_1:0:162762726><>" changed cvar (cvar "vs_max_team_switches") (value "0")
L 09/11/2020 - 22:05:43: [basebans.smx] "♛ Rain ♛<2><STEAM_1:0:162762726><>" banned "oh wachi m<76><STEAM_1:1:166168349><>" (minutes "0") (reason "afk")
L 09/11/2020 - 22:06:36: [basecommands.smx] "♛ Rain ♛<2><STEAM_1:0:162762726><>" kicked "TheCurse LQ<107><STEAM_1:1:430240998><>" (reason "")
L 09/11/2020 - 22:07:29: [basecommands.smx] "♛ Rain ♛<2><STEAM_1:0:162762726><>" kicked "TheCurse LQ<108><STEAM_1:1:430240998><>" (reason "")
L 09/11/2020 - 22:08:52: -------- Mapchange to c5m1_waterfront --------
L 09/11/2020 - 22:09:52: [basecommands.smx] "♛ Rain ♛<111><STEAM_1:0:162762726><>" changed cvar (cvar "sv_force_time_of_day") (value "0")
L 09/11/2020 - 22:09:52: [basecommands.smx] "♛ Rain ♛<111><STEAM_1:0:162762726><>" changed cvar (cvar "z_witch_damage_per_kill_hit") (value "75")
L 09/11/2020 - 22:09:52: [basecommands.smx] "♛ Rain ♛<111><STEAM_1:0:162762726><>" changed cvar (cvar "z_tank_health") (value "6666")
L 09/11/2020 - 22:09:52: [basecommands.smx] "♛ Rain ♛<111><STEAM_1:0:162762726><>" changed cvar (cvar "tank_burn_duration") (value "999999")
L 09/11/2020 - 22:09:52: [basecommands.smx] "♛ Rain ♛<111><STEAM_1:0:162762726><>" changed cvar (cvar "z_ghost_delay_min") (value "20")
L 09/11/2020 - 22:09:52: [basecommands.smx] "♛ Rain ♛<111><STEAM_1:0:162762726><>" changed cvar (cvar "z_ghost_delay_max") (value "24")
L 09/11/2020 - 22:09:53: [basecommands.smx] "♛ Rain ♛<111><STEAM_1:0:162762726><>" changed cvar (cvar "versus_tank_chance_intro") (value "1")
L 09/11/2020 - 22:09:53: [basecommands.smx] "♛ Rain ♛<111><STEAM_1:0:162762726><>" changed cvar (cvar "versus_tank_chance_finale") (value "1")
L 09/11/2020 - 22:09:53: [basecommands.smx] "♛ Rain ♛<111><STEAM_1:0:162762726><>" changed cvar (cvar "versus_tank_chance") (value "1")
L 09/11/2020 - 22:09:53: [basecommands.smx] "♛ Rain ♛<111><STEAM_1:0:162762726><>" changed cvar (cvar "versus_witch_chance_intro") (value "0")
L 09/11/2020 - 22:09:53: [basecommands.smx] "♛ Rain ♛<111><STEAM_1:0:162762726><>" changed cvar (cvar "versus_witch_chance_finale") (value "1")
L 09/11/2020 - 22:09:53: [basecommands.smx] "♛ Rain ♛<111><STEAM_1:0:162762726><>" changed cvar (cvar "versus_witch_chance") (value "1")
L 09/11/2020 - 22:10:28: [basecommands.smx] "♛ Rain ♛<111><STEAM_1:0:162762726><>" changed cvar (cvar "vs_max_team_switches") (value "100")
L 09/11/2020 - 22:11:06: [l4d2_skill_detect.smx] Charge carry start: 9 - 2 -- time: 123.13
L 09/11/2020 - 22:11:07: [l4d2_skill_detect.smx] Clear: 1 freed 2 from 9: time: 0.13 / 1.13 -- class: charger (with shove? 0)
L 09/11/2020 - 22:11:09: [l4d2_skill_detect.smx] Checking charge victim: 9 - 2 - flags: 1 (alive? 1)
L 09/11/2020 - 22:11:10: [l4d2_skill_detect.smx] Checking charge victim: 9 - 4 - flags: 0 (alive? 1)
L 09/11/2020 - 22:11:39: [l4d2_skill_detect.smx] Clear: 1 freed 3 from 8: time: 0.63 / -1.00 -- class: hunter (with shove? 0)
L 09/11/2020 - 22:11:46: [l4d2_skill_detect.smx] Clear: 1 freed 4 from 5: time: 1.59 / -1.00 -- class: hunter (with shove? 0)
L 09/11/2020 - 22:12:11: [l4d2_skill_detect.smx] Clear: 1 freed 4 from 9: time: -1.00 / 1.96 -- class: smoker (with shove? 0)
L 09/11/2020 - 22:12:26: [l4d2_skill_detect.smx] Clear: 1 freed 3 from 8: time: 1.53 / -1.00 -- class: jockey (with shove? 0)
L 09/11/2020 - 22:13:59: [basecomm.smx] "♛ Rain ♛<111><STEAM_1:0:162762726><>" gagged "marcelo1933<130><STEAM_1:1:548665663><>"
L 09/11/2020 - 22:14:19: [l4d2_skill_detect.smx] Clear: 3 freed 4 from 5: time: 3.53 / -1.00 -- class: hunter (with shove? 0)
L 09/11/2020 - 22:15:18: [l4d2_skill_detect.smx] Clear: 1 freed 3 from 7: time: 2.36 / -1.00 -- class: hunter (with shove? 0)
L 09/11/2020 - 22:15:30: [l4d2_skill_detect.smx] Charge carry start: 5 - 1 -- time: 385.33
L 09/11/2020 - 22:15:32: [l4d2_skill_detect.smx] Clear: 4 freed 1 from 5: time: 0.46 / 1.83 -- class: charger (with shove? 0)
L 09/11/2020 - 22:15:33: [l4d2_skill_detect.smx] Checking charge victim: 5 - 1 - flags: 1 (alive? 1)
L 09/11/2020 - 22:15:34: [l4d2_skill_detect.smx] Checking charge victim: 5 - 3 - flags: 0 (alive? 1)
L 09/11/2020 - 22:16:03: [l4d2_skill_detect.smx] Clear: 4 freed 2 from 8: time: 1.50 / 3.00 -- class: smoker (with shove? 0)
L 09/11/2020 - 22:16:53: [l4d2_skill_detect.smx] Clear: 4 freed 1 from 5: time: 1.63 / 1.66 -- class: smoker (with shove? 0)
L 09/11/2020 - 22:17:40: [l4d2_skill_detect.smx] Clear: 3 freed 2 from 8: time: 2.19 / -1.00 -- class: jockey (with shove? 0)
L 09/11/2020 - 22:17:55: [l4d2_skill_detect.smx] calarm trigger: caller 575 / activator 575 / delay: 0.00
L 09/11/2020 - 22:20:15: [l4d2_skill_detect.smx] Charge carry start: 3 - 7 -- time: 669.80
L 09/11/2020 - 22:20:17: [l4d2_skill_detect.smx] Clear: 5 freed 8 from 2: time: 3.23 / -1.00 -- class: jockey (with shove? 0)
L 09/11/2020 - 22:20:18: [l4d2_skill_detect.smx] Checking charge victim: 3 - 7 - flags: 189 (alive? 0)
L 09/11/2020 - 22:21:45: [l4d2_skill_detect.smx] Clear: 6 freed 8 from 4: time: 14.40 / 16.83 -- class: smoker (with shove? 1)
L 09/11/2020 - 22:22:06: [l4d2_skill_detect.smx] Charge carry start: 2 - 5 -- time: 779.96
L 09/11/2020 - 22:22:12: [l4d2_skill_detect.smx] Clear: 3 freed 6 from 2: time: 3.40 / 6.09 -- class: charger (with shove? 0)
L 09/11/2020 - 22:22:47: -------- Mapchange to c5m2_park --------
L 09/11/2020 - 22:24:42: -------- Mapchange to c11m1_greenhouse --------
L 09/11/2020 - 22:29:20: [l4d2_skill_detect.smx] Clear: 3 freed 4 from 6: time: 0.13 / 1.33 -- class: smoker (with shove? 0)
L 09/11/2020 - 22:32:37: [l4d2_skill_detect.smx] Clear: 4 freed 2 from 5: time: 1.16 / -1.00 -- class: hunter (with shove? 0)
L 09/11/2020 - 22:33:11: [l4d2_skill_detect.smx] Witch Crown Check: Failed: bungled: 0 / crowntype: 0 (entity: 188)
L 09/11/2020 - 22:33:11: [l4d2_skill_detect.smx] Witch Crown Check: Further details: attacker: ♛ Rain ♛, attacker dmg: 1148, teamless dmg: 4
L 09/11/2020 - 22:36:37: [l4d2_skill_detect.smx] Clear: 6 freed 5 from 4: time: 5.86 / -1.00 -- class: hunter (with shove? 0)
L 09/11/2020 - 22:38:07: [l4d2_skill_detect.smx] Charge carry start: 4 - 6 -- time: 795.50
L 09/11/2020 - 22:38:11: [l4d2_skill_detect.smx] Checking charge victim: 4 - 6 - flags: 1 (alive? 1)
L 09/11/2020 - 22:38:12: [l4d2_skill_detect.smx] Clear: 7 freed 6 from 4: time: 3.79 / 5.86 -- class: charger (with shove? 0)
L 09/11/2020 - 22:38:26: [l4d2_skill_detect.smx] Clear: 6 freed 7 from 2: time: -1.00 / 0.46 -- class: smoker (with shove? 0)
L 09/11/2020 - 22:38:37: [l4d2_skill_detect.smx] Clear: 7 freed 6 from 2: time: 3.96 / 5.50 -- class: smoker (with shove? 0)
L 09/11/2020 - 22:39:10: [basebans.smx] "♛ Rain ♛<111><STEAM_1:0:162762726><>" banned "DarkLord_MAF<192><STEAM_1:1:4753791><>" (minutes "0") (reason "Troll de Mierda")
L 09/11/2020 - 22:39:30: [admin_hp.smx]  
L 09/11/2020 - 22:39:33: [l4d2_skill_detect.smx] Clear: 11 freed 7 from 1: time: 6.50 / -1.00 -- class: hunter (with shove? 0)
L 09/11/2020 - 22:40:18: [l4d2_skill_detect.smx] Clear: 7 freed 11 from 4: time: 1.36 / -1.00 -- class: hunter (with shove? 1)
L 09/11/2020 - 22:40:57: [l4d2_skill_detect.smx] Charge carry start: 4 - 5 -- time: 965.50
L 09/11/2020 - 22:40:59: [l4d2_skill_detect.smx] Clear: 11 freed 5 from 4: time: 1.46 / 2.36 -- class: charger (with shove? 0)
L 09/11/2020 - 22:40:59: [l4d2_skill_detect.smx] Checking charge victim: 4 - 5 - flags: 1 (alive? 1)
L 09/11/2020 - 22:42:00: [l4d2_skill_detect.smx] Clear: 5 freed 6 from 3: time: 2.03 / -1.00 -- class: hunter (with shove? 1)
L 09/11/2020 - 22:42:18: [l4d2_skill_detect.smx] Clear: 5 freed 7 from 1: time: 8.76 / -1.00 -- class: jockey (with shove? 0)
L 09/11/2020 - 22:43:19: -------- Mapchange to c11m2_offices --------
L 09/11/2020 - 22:45:04: [basecommands.smx] "♛ Rain ♛<111><STEAM_1:0:162762726><>" changed cvar (cvar "vs_max_team_switches") (value "0")
L 09/11/2020 - 22:45:20: [l4d2_skill_detect.smx] Clear: 3 freed 4 from 2: time: 1.56 / 113.70 -- class: charger (with shove? 0)
L 09/11/2020 - 22:45:22: [l4d2_skill_detect.smx] Clear: 1 freed 4 from 9: time: 1.03 / -1.00 -- class: hunter (with shove? 0)
L 09/11/2020 - 22:46:17: [l4d2_skill_detect.smx] Clear: 1 freed 4 from 6: time: -1.00 / 1.23 -- class: smoker (with shove? 0)
L 09/11/2020 - 22:47:19: [l4d2_skill_detect.smx] Clear: 3 freed 4 from 10: time: 1.06 / -1.00 -- class: jockey (with shove? 1)
L 09/11/2020 - 22:47:53: [l4d2_skill_detect.smx] Clear: 3 freed 1 from 2: time: 2.83 / -1.00 -- class: hunter (with shove? 1)
L 09/11/2020 - 22:47:59: [l4d2_skill_detect.smx] Charge carry start: 7 - 3 -- time: 271.93
L 09/11/2020 - 22:48:04: [l4d2_skill_detect.smx] Checking charge victim: 7 - 3 - flags: 1 (alive? 1)
L 09/11/2020 - 22:51:58: -------- Mapchange to c11m3_garage --------
L 09/11/2020 - 22:54:07: [l4d2_skill_detect.smx] Clear: 3 freed 9 from 7: time: 6.90 / -1.00 -- class: jockey (with shove? 0)
L 09/11/2020 - 22:54:15: [basecommands.smx] "♛ Rain ♛<111><STEAM_1:0:162762726><>" changed cvar (cvar "vs_max_team_switches") (value "100")
L 09/11/2020 - 22:55:01: [basecomm.smx] "♛ Rain ♛<111><STEAM_1:0:162762726><>" muted "(-=NB-ARG=-) BoKita paSioN<257><STEAM_1:0:554927290><>"
L 09/11/2020 - 22:55:48: [l4d2_skill_detect.smx] Clear: 4 freed 3 from 7: time: 0.86 / 3.63 -- class: smoker (with shove? 0)
L 09/11/2020 - 22:56:17: [l4d2_skill_detect.smx] Charge carry start: 9 - 4 -- time: 240.23
L 09/11/2020 - 22:56:18: [l4d2_skill_detect.smx] Clear: 8 freed 4 from 9: time: 0.66 / 1.46 -- class: charger (with shove? 0)
L 09/11/2020 - 22:56:20: [l4d2_skill_detect.smx] Checking charge victim: 9 - 4 - flags: 1 (alive? 1)
L 09/11/2020 - 22:56:31: [l4d2_skill_detect.smx] Clear: 3 freed 8 from 2: time: 1.90 / -1.00 -- class: jockey (with shove? 0)
L 09/11/2020 - 22:58:16: [l4d2_skill_detect.smx] Charge carry start: 7 - 8 -- time: 359.13
L 09/11/2020 - 22:58:19: [l4d2_skill_detect.smx] Checking charge victim: 7 - 8 - flags: 1 (alive? 1)
L 09/11/2020 - 22:58:19: [l4d2_skill_detect.smx] Clear: 4 freed 8 from 7: time: 2.50 / 3.36 -- class: charger (with shove? 0)
L 09/11/2020 - 22:59:06: [l4d2_skill_detect.smx] Charge carry start: 5 - 1 -- time: 409.40
L 09/11/2020 - 22:59:09: [l4d2_skill_detect.smx] Clear: 4 freed 1 from 5: time: 0.79 / 2.66 -- class: charger (with shove? 0)
L 09/11/2020 - 22:59:10: [l4d2_skill_detect.smx] Checking charge victim: 5 - 1 - flags: 1 (alive? 1)
L 09/11/2020 - 22:59:15: [l4d2_skill_detect.smx] Clear: 3 freed 1 from 9: time: 1.56 / -1.00 -- class: jockey (with shove? 1)
L 09/11/2020 - 23:00:22: [l4d2_skill_detect.smx] calarm trigger: caller 1245 / activator 1245 / delay: 0.00
L 09/11/2020 - 23:00:30: [l4d2_skill_detect.smx] Clear: 4 freed 3 from 6: time: 1.13 / -1.00 -- class: hunter (with shove? 0)
L 09/11/2020 - 23:01:18: [l4d2_skill_detect.smx] Clear: 1 freed 3 from 7: time: 1.16 / -1.00 -- class: hunter (with shove? 0)
L 09/11/2020 - 23:01:28: [l4d2_skill_detect.smx] Clear: 3 freed 4 from 2: time: 4.20 / -1.00 -- class: jockey (with shove? 1)
L 09/11/2020 - 23:01:30: [l4d2_skill_detect.smx] Clear: 1 freed 3 from 5: time: 0.39 / 552.20 -- class: charger (with shove? 0)
L 09/11/2020 - 23:04:46: [l4d2_skill_detect.smx] Clear: 2 freed 13 from 8: time: 0.93 / -1.00 -- class: hunter (with shove? 0)
L 09/11/2020 - 23:04:51: [l4d2_skill_detect.smx] Clear: 5 freed 13 from 3: time: 0.89 / -1.00 -- class: hunter (with shove? 0)
L 09/11/2020 - 23:04:52: [l4d2_skill_detect.smx] Clear: 5 freed 2 from 4: time: 1.10 / -1.00 -- class: hunter (with shove? 0)
L 09/11/2020 - 23:05:30: [l4d2_skill_detect.smx] Clear: 7 freed 5 from 3: time: 1.03 / 4.39 -- class: smoker (with shove? 0)
L 09/11/2020 - 23:05:48: [l4d2_skill_detect.smx] Charge carry start: 8 - 6 -- time: 809.43
L 09/11/2020 - 23:05:50: [l4d2_skill_detect.smx] Clear: 7 freed 6 from 8: time: 0.70 / 2.60 -- class: charger (with shove? 0)
L 09/11/2020 - 23:05:52: [l4d2_skill_detect.smx] Checking charge victim: 8 - 6 - flags: 1 (alive? 1)
L 09/11/2020 - 23:05:53: [l4d2_skill_detect.smx] Clear: 5 freed 2 from 1: time: 1.79 / -1.00 -- class: hunter (with shove? 0)
L 09/11/2020 - 23:06:18: [l4d2_skill_detect.smx] Clear: 7 freed 5 from 3: time: 2.36 / -1.00 -- class: jockey (with shove? 1)
L 09/11/2020 - 23:06:45: [l4d2_skill_detect.smx] Clear: 5 freed 2 from 8: time: -1.00 / 2.96 -- class: smoker (with shove? 0)
L 09/11/2020 - 23:07:31: [l4d2_skill_detect.smx] Clear: 2 freed 7 from 1: time: 6.63 / -1.00 -- class: jockey (with shove? 0)
L 09/11/2020 - 23:07:34: [l4d2_skill_detect.smx] Charge carry start: 8 - 2 -- time: 915.93
L 09/11/2020 - 23:07:37: [l4d2_skill_detect.smx] Clear: 7 freed 2 from 8: time: 1.36 / 2.76 -- class: charger (with shove? 0)
L 09/11/2020 - 23:07:38: [l4d2_skill_detect.smx] Checking charge victim: 8 - 2 - flags: 1 (alive? 1)
L 09/11/2020 - 23:08:16: [l4d2_skill_detect.smx] Charge carry start: 3 - 7 -- time: 957.96
L 09/11/2020 - 23:08:20: [l4d2_skill_detect.smx] Clear: 6 freed 7 from 3: time: 2.26 / 3.13 -- class: charger (with shove? 0)
L 09/11/2020 - 23:08:20: [l4d2_skill_detect.smx] Checking charge victim: 3 - 7 - flags: 1 (alive? 1)
L 09/11/2020 - 23:08:32: [l4d2_skill_detect.smx] Clear: 7 freed 2 from 1: time: -1.00 / 3.06 -- class: smoker (with shove? 1)
L 09/11/2020 - 23:09:12: [l4d2_skill_detect.smx] Charge carry start: 4 - 7 -- time: 1011.20
L 09/11/2020 - 23:09:17: [l4d2_skill_detect.smx] Checking charge victim: 4 - 7 - flags: 1 (alive? 1)
L 09/11/2020 - 23:09:17: [l4d2_skill_detect.smx] Clear: 2 freed 7 from 4: time: 2.66 / 5.50 -- class: charger (with shove? 0)
L 09/11/2020 - 23:09:27: [l4d2_skill_detect.smx] Clear: 7 freed 2 from 1: time: 5.76 / 6.76 -- class: smoker (with shove? 0)
L 09/11/2020 - 23:09:57: [l4d2_skill_detect.smx] Clear: 6 freed 2 from 8: time: 0.76 / -1.00 -- class: jockey (with shove? 0)
L 09/11/2020 - 23:10:10: [l4d2_skill_detect.smx] Clear: 6 freed 2 from 1: time: 1.79 / 4.46 -- class: smoker (with shove? 1)
L 09/11/2020 - 23:11:09: -------- Mapchange to c11m4_terminal --------
L 09/11/2020 - 23:11:41: [basecommands.smx] "♛ Rain ♛<111><STEAM_1:0:162762726><>" changed cvar (cvar "vs_max_team_switches") (value "100")
L 09/11/2020 - 23:12:18: [basecommands.smx] "♛ Rain ♛<111><STEAM_1:0:162762726><>" changed cvar (cvar "vs_max_team_switches") (value "0")
L 09/11/2020 - 23:13:01: [l4d2_skill_detect.smx] Charge carry start: 7 - 8 -- time: 104.90
L 09/11/2020 - 23:13:03: [l4d2_skill_detect.smx] Clear: 3 freed 8 from 7: time: 1.33 / 2.23 -- class: charger (with shove? 0)
L 09/11/2020 - 23:13:04: [l4d2_skill_detect.smx] Checking charge victim: 7 - 8 - flags: 1 (alive? 1)
L 09/11/2020 - 23:13:46: [l4d2_skill_detect.smx] Clear: 3 freed 8 from 2: time: 0.50 / -1.00 -- class: hunter (with shove? 1)
L 09/11/2020 - 23:14:06: [l4d2_skill_detect.smx] Clear: 4 freed 1 from 9: time: 3.06 / -1.00 -- class: jockey (with shove? 0)
L 09/11/2020 - 23:14:46: [l4d2_skill_detect.smx] Clear: 1 freed 8 from 2: time: 0.26 / 210.10 -- class: charger (with shove? 0)
L 09/11/2020 - 23:15:26: [l4d2_skill_detect.smx] Clear: 4 freed 3 from 6: time: 2.90 / -1.00 -- class: hunter (with shove? 0)
L 09/11/2020 - 23:15:57: [l4d2_skill_detect.smx] Clear: 3 freed 1 from 6: time: -1.00 / 1.63 -- class: smoker (with shove? 0)
L 09/11/2020 - 23:15:59: [l4d2_skill_detect.smx] Witch Crown Check: Failed: bungled: 1 / crowntype: 0 (entity: 179)
L 09/11/2020 - 23:15:59: [l4d2_skill_detect.smx] Witch Crown Check: Further details: attacker: ♛ Rain ♛, attacker dmg: 985, teamless dmg: 0
L 09/11/2020 - 23:16:49: [l4d2_skill_detect.smx] Clear: 1 freed 3 from 5: time: 12.20 / -1.00 -- class: jockey (with shove? 0)
L 09/11/2020 - 23:17:04: [l4d2_skill_detect.smx] Charge carry start: 6 - 8 -- time: 347.26
L 09/11/2020 - 23:17:07: [l4d2_skill_detect.smx] Clear: 1 freed 8 from 6: time: 1.39 / 2.89 -- class: charger (with shove? 0)
L 09/11/2020 - 23:17:07: [l4d2_skill_detect.smx] Checking charge victim: 6 - 8 - flags: 1 (alive? 1)
L 09/11/2020 - 23:17:56: [l4d2_skill_detect.smx] Clear: 8 freed 3 from 6: time: 2.36 / -1.00 -- class: hunter (with shove? 0)
L 09/11/2020 - 23:18:06: [l4d2_skill_detect.smx] Clear: 3 freed 4 from 2: time: 2.66 / -1.00 -- class: hunter (with shove? 0)
L 09/11/2020 - 23:19:07: -------- Mapchange to c8m1_apartment --------
L 09/11/2020 - 23:21:01: [l4d2_skill_detect.smx] Clear: 4 freed 1 from 7: time: 4.29 / 6.36 -- class: smoker (with shove? 0)
L 09/11/2020 - 23:21:44: [l4d2_skill_detect.smx] Charge carry start: 6 - 3 -- time: 150.00
L 09/11/2020 - 23:21:46: [l4d2_skill_detect.smx] Clear: 8 freed 3 from 6: time: 0.89 / 1.93 -- class: charger (with shove? 0)
L 09/11/2020 - 23:21:48: [l4d2_skill_detect.smx] Checking charge victim: 6 - 3 - flags: 1 (alive? 1)
L 09/11/2020 - 23:23:09: [l4d2_skill_detect.smx] Clear: 3 freed 8 from 6: time: 1.23 / -1.00 -- class: hunter (with shove? 0)
L 09/11/2020 - 23:24:00: [l4d2_skill_detect.smx] Clear: 1 freed 7 from 2: time: 0.93 / -1.00 -- class: hunter (with shove? 0)
L 09/11/2020 - 23:24:07: [basecommands.smx] "♛ Rain ♛<111><STEAM_1:0:162762726><>" changed cvar (cvar "vs_max_team_switches") (value "100")
L 09/11/2020 - 23:24:12: [basecommands.smx] "♛ Rain ♛<111><STEAM_1:0:162762726><>" changed cvar (cvar "vs_max_team_switches") (value "0")
L 09/11/2020 - 23:24:48: [l4d2_skill_detect.smx] Clear: 1 freed 4 from 7: time: 0.20 / 333.03 -- class: charger (with shove? 0)
L 09/11/2020 - 23:24:57: [l4d2_skill_detect.smx] Clear: 1 freed 3 from 2: time: 4.03 / -1.00 -- class: jockey (with shove? 1)
L 09/11/2020 - 23:25:04: [l4d2_skill_detect.smx] Clear: 3 freed 9 from 7: time: 1.66 / -1.00 -- class: hunter (with shove? 0)
L 09/11/2020 - 23:26:29: [l4d2_skill_detect.smx] Clear: 8 freed 6 from 4: time: 1.79 / 4.06 -- class: smoker (with shove? 0)
L 09/11/2020 - 23:26:50: [l4d2_skill_detect.smx] Clear: 8 freed 5 from 1: time: 7.26 / -1.00 -- class: jockey (with shove? 1)
L 09/11/2020 - 23:27:26: [l4d2_skill_detect.smx] Clear: 5 freed 6 from 4: time: 1.66 / 6.30 -- class: smoker (with shove? 1)
L 09/11/2020 - 23:27:42: [l4d2_skill_detect.smx] Witch Crown Check: Failed: bungled: 1 / crowntype: 0 (entity: 347)
L 09/11/2020 - 23:27:42: [l4d2_skill_detect.smx] Witch Crown Check: Further details: attacker: GTR nismo, attacker dmg: 839, teamless dmg: 0
L 09/11/2020 - 23:27:50: [l4d2_skill_detect.smx] Clear: 6 freed 8 from 9: time: 3.33 / -1.00 -- class: hunter (with shove? 0)
L 09/11/2020 - 23:28:02: [l4d2_skill_detect.smx] Charge carry start: 4 - 8 -- time: 525.80
L 09/11/2020 - 23:28:04: [l4d2_skill_detect.smx] Clear: 2 freed 8 from 4: time: 1.00 / 2.53 -- class: charger (with shove? 0)
L 09/11/2020 - 23:28:05: [l4d2_skill_detect.smx] Checking charge victim: 4 - 5 - flags: 0 (alive? 1)
L 09/11/2020 - 23:28:05: [l4d2_skill_detect.smx] Checking charge victim: 4 - 8 - flags: 1 (alive? 1)
L 09/11/2020 - 23:28:07: [l4d2_skill_detect.smx] Clear: 6 freed 2 from 3: time: 2.03 / -1.00 -- class: jockey (with shove? 0)
L 09/11/2020 - 23:28:24: [l4d2_skill_detect.smx] Clear: 5 freed 2 from 1: time: 1.89 / 3.79 -- class: smoker (with shove? 1)
L 09/11/2020 - 23:29:06: -------- Mapchange to c8m2_subway --------
L 09/11/2020 - 23:30:38: [l4d2_skill_detect.smx] Clear: 1 freed 4 from 8: time: 1.56 / 3.36 -- class: smoker (with shove? 0)
L 09/11/2020 - 23:31:08: [l4d2_skill_detect.smx] Clear: 3 freed 9 from 2: time: 8.09 / 116.30 -- class: charger (with shove? 0)
L 09/11/2020 - 23:31:54: [l4d2_skill_detect.smx] Clear: 9 freed 9 from 2: time: -1.00 / 0.13 -- class: smoker (with shove? 0)
L 09/11/2020 - 23:31:57: [l4d2_skill_detect.smx] Charge carry start: 6 - 3 -- time: 165.23
L 09/11/2020 - 23:32:01: [l4d2_skill_detect.smx] Checking charge victim: 6 - 3 - flags: 1 (alive? 1)
L 09/11/2020 - 23:32:36: [l4d2_skill_detect.smx] Clear: 4 freed 1 from 6: time: -1.00 / 2.56 -- class: smoker (with shove? 0)
L 09/11/2020 - 23:32:44: [l4d2_skill_detect.smx] Charge carry start: 5 - 3 -- time: 211.53
L 09/11/2020 - 23:32:47: [l4d2_skill_detect.smx] Checking charge victim: 5 - 3 - flags: 1 (alive? 1)
L 09/11/2020 - 23:32:52: [l4d2_skill_detect.smx] Clear: 1 freed 9 from 7: time: 1.46 / -1.00 -- class: jockey (with shove? 0)
L 09/11/2020 - 23:32:56: [l4d2_skill_detect.smx] Clear: 4 freed 3 from 5: time: 11.53 / 12.56 -- class: charger (with shove? 0)
L 09/11/2020 - 23:33:09: [l4d2_skill_detect.smx] Clear: 1 freed 9 from 6: time: 2.23 / -1.00 -- class: hunter (with shove? 0)
L 09/11/2020 - 23:33:36: [l4d2_skill_detect.smx] Clear: 1 freed 9 from 8: time: 1.56 / -1.00 -- class: jockey (with shove? 1)
L 09/11/2020 - 23:34:44: [l4d2_skill_detect.smx] Clear: 4 freed 3 from 2: time: 2.00 / -1.00 -- class: hunter (with shove? 0)
L 09/11/2020 - 23:35:00: [l4d2_skill_detect.smx] Clear: 4 freed 1 from 6: time: -1.00 / 2.53 -- class: smoker (with shove? 0)
L 09/11/2020 - 23:35:52: [l4d2_skill_detect.smx] Clear: 1 freed 4 from 6: time: -1.00 / 0.50 -- class: smoker (with shove? 0)
L 09/11/2020 - 23:35:55: [l4d2_skill_detect.smx] calarm trigger: caller 1569 / activator 1569 / delay: 0.00
L 09/11/2020 - 23:38:09: [l4d2_skill_detect.smx] Clear: 8 freed 5 from 3: time: 0.16 / 0.20 -- class: smoker (with shove? 0)
L 09/11/2020 - 23:38:14: [l4d2_skill_detect.smx] Charge carry start: 1 - 6 -- time: 541.06
L 09/11/2020 - 23:38:18: [l4d2_skill_detect.smx] Checking charge victim: 1 - 6 - flags: 1 (alive? 1)
L 09/11/2020 - 23:38:21: [l4d2_skill_detect.smx] Clear: 7 freed 6 from 1: time: 5.56 / 6.96 -- class: charger (with shove? 0)
L 09/11/2020 - 23:39:17: [l4d2_skill_detect.smx] Clear: 8 freed 6 from 1: time: 1.46 / -1.00 -- class: hunter (with shove? 0)
L 09/11/2020 - 23:39:48: [l4d2_skill_detect.smx] Charge carry start: 9 - 6 -- time: 634.76
L 09/11/2020 - 23:39:50: [l4d2_skill_detect.smx] Clear: 8 freed 6 from 9: time: 0.26 / 2.09 -- class: charger (with shove? 0)
L 09/11/2020 - 23:39:52: [l4d2_skill_detect.smx] Checking charge victim: 9 - 7 - flags: 0 (alive? 1)
L 09/11/2020 - 23:39:53: [l4d2_skill_detect.smx] Checking charge victim: 9 - 6 - flags: 1 (alive? 1)
L 09/11/2020 - 23:40:05: [l4d2_skill_detect.smx] Clear: 8 freed 6 from 4: time: 6.66 / -1.00 -- class: hunter (with shove? 1)
L 09/11/2020 - 23:40:17: [l4d2_skill_detect.smx] Clear: 6 freed 8 from 4: time: 0.83 / -1.00 -- class: hunter (with shove? 0)
L 09/11/2020 - 23:41:05: [l4d2_skill_detect.smx] Charge carry start: 3 - 6 -- time: 711.26
L 09/11/2020 - 23:41:08: [l4d2_skill_detect.smx] Checking charge victim: 3 - 6 - flags: 1 (alive? 1)
L 09/11/2020 - 23:41:09: [l4d2_skill_detect.smx] Clear: 7 freed 6 from 3: time: 2.76 / 3.93 -- class: charger (with shove? 0)
L 09/11/2020 - 23:41:51: [l4d2_skill_detect.smx] Charge carry start: 4 - 7 -- time: 757.23
L 09/11/2020 - 23:41:54: [l4d2_skill_detect.smx] Checking charge victim: 4 - 5 - flags: 0 (alive? 1)
L 09/11/2020 - 23:41:55: [l4d2_skill_detect.smx] Checking charge victim: 4 - 6 - flags: 0 (alive? 0)
L 09/11/2020 - 23:41:55: [l4d2_skill_detect.smx] Checking charge victim: 4 - 7 - flags: 1 (alive? 1)
L 09/11/2020 - 23:41:55: [l4d2_skill_detect.smx] Clear: 8 freed 7 from 4: time: 2.66 / 4.69 -- class: charger (with shove? 0)
L 09/11/2020 - 23:42:26: [l4d2_skill_detect.smx] Clear: 7 freed 5 from 3: time: -1.00 / 1.29 -- class: smoker (with shove? 1)
L 09/11/2020 - 23:42:53: [l4d2_skill_detect.smx] Clear: 7 freed 5 from 1: time: 0.70 / -1.00 -- class: jockey (with shove? 0)
L 09/11/2020 - 23:43:33: [l4d2_skill_detect.smx] Clear: 7 freed 5 from 3: time: 0.56 / 859.20 -- class: charger (with shove? 0)
L 09/11/2020 - 23:43:42: [l4d2_skill_detect.smx] Clear: 5 freed 7 from 9: time: 1.00 / -1.00 -- class: jockey (with shove? 1)
L 09/11/2020 - 23:44:41: -------- Mapchange to c8m3_sewers --------
L 09/11/2020 - 23:46:14: [basecommands.smx] "♛ Rain ♛<111><STEAM_1:0:162762726><>" changed cvar (cvar "vs_max_team_switches") (value "100")
L 09/11/2020 - 23:46:20: [basecommands.smx] "♛ Rain ♛<111><STEAM_1:0:162762726><>" changed cvar (cvar "vs_max_team_switches") (value "0")
L 09/11/2020 - 23:47:00: [l4d2_skill_detect.smx] Charge carry start: 2 - 1 -- time: 131.43
L 09/11/2020 - 23:47:03: [l4d2_skill_detect.smx] Checking charge victim: 2 - 1 - flags: 1 (alive? 1)
L 09/11/2020 - 23:47:08: [l4d2_skill_detect.smx] Clear: 3 freed 1 from 2: time: 6.69 / 7.66 -- class: charger (with shove? 0)
L 09/11/2020 - 23:47:11: [basebans.smx] "♛ Rain ♛<111><STEAM_1:0:162762726><>" banned "Sabri Shügar<371><STEAM_1:1:459595859><>" (minutes "0") (reason "Troll de Mierda")
L 09/11/2020 - 23:48:44: [l4d2_skill_detect.smx] Clear: 10 freed 4 from 6: time: 1.06 / -1.00 -- class: jockey (with shove? 1)
L 09/11/2020 - 23:52:04: [l4d2_skill_detect.smx] Clear: 2 freed 7 from 10: time: 2.96 / -1.00 -- class: jockey (with shove? 1)
L 09/11/2020 - 23:52:45: [l4d2_skill_detect.smx] Clear: 6 freed 7 from 3: time: 1.20 / -1.00 -- class: hunter (with shove? 1)
L 09/11/2020 - 23:53:53: [l4d2_skill_detect.smx] Clear: 8 freed 7 from 10: time: 5.79 / -1.00 -- class: hunter (with shove? 0)
L 09/11/2020 - 23:54:13: [l4d2_skill_detect.smx] Clear: 8 freed 7 from 3: time: 1.20 / -1.00 -- class: jockey (with shove? 0)
L 09/11/2020 - 23:54:37: [l4d2_skill_detect.smx] Clear: 2 freed 6 from 4: time: 2.59 / -1.00 -- class: hunter (with shove? 0)
L 09/11/2020 - 23:55:11: [l4d2_skill_detect.smx] Charge carry start: 1 - 2 -- time: 620.86
L 09/11/2020 - 23:55:13: [l4d2_skill_detect.smx] Checking charge victim: 1 - 2 - flags: 1 (alive? 1)
L 09/11/2020 - 23:55:20: [l4d2_skill_detect.smx] Clear: 6 freed 2 from 1: time: 8.03 / 8.83 -- class: charger (with shove? 0)
L 09/11/2020 - 23:55:59: [l4d2_skill_detect.smx] Clear: 8 freed 6 from 1: time: 2.93 / -1.00 -- class: hunter (with shove? 0)
L 09/11/2020 - 23:56:21: -------- Mapchange to c8m4_interior --------
L 09/11/2020 - 23:57:23: [basecommands.smx] "♛ Rain ♛<111><STEAM_1:0:162762726><>" changed cvar (cvar "vs_max_team_switches") (value "100")
L 09/11/2020 - 23:58:02: [l4d2_skill_detect.smx] Clear: 10 freed 1 from 8: time: 6.13 / -1.00 -- class: jockey (with shove? 1)
L 09/11/2020 - 23:58:39: [l4d2_skill_detect.smx] Clear: 1 freed 3 from 2: time: -1.00 / 1.43 -- class: smoker (with shove? 1)
L 09/11/2020 - 23:58:59: [l4d2_skill_detect.smx] Clear: 4 freed 3 from 6: time: 1.63 / -1.00 -- class: hunter (with shove? 0)
L 09/11/2020 - 23:59:00: [l4d2_skill_detect.smx] Charge carry start: 8 - 10 -- time: 151.03
L 09/11/2020 - 23:59:03: [l4d2_skill_detect.smx] Clear: 3 freed 10 from 8: time: 0.16 / 2.16 -- class: charger (with shove? 0)
L 09/11/2020 - 23:59:04: [l4d2_skill_detect.smx] Checking charge victim: 8 - 10 - flags: 1 (alive? 1)
L 09/12/2020 - 00:00:02: Log file closed.
