L 06/11/2021 - 14:34:47: SourceMod log file session started (file "D:\Steam\steamapps\common\Left 4 Dead 2\left4dead2\addons\sourcemod\logs\L20210611.log") (Version "1.10.0.6492")
L 06/11/2021 - 14:34:47: [simplewelcomemsg.smx] Set the maximum number of lines of.
L 06/11/2021 - 14:34:55: [basecommands.smx] "Console<0><Console><Console>" changed cvar (cvar "sv_force_time_of_day") (value "0")
L 06/11/2021 - 14:34:55: [basecommands.smx] "Console<0><Console><Console>" changed cvar (cvar "z_witch_damage_per_kill_hit") (value "120")
L 06/11/2021 - 14:34:55: [basecommands.smx] "Console<0><Console><Console>" changed cvar (cvar "z_witch_anger_rate") (value "0.4")
L 06/11/2021 - 14:34:55: [basecommands.smx] "Console<0><Console><Console>" changed cvar (cvar "z_witch_flashlight_range") (value "2000")
L 06/11/2021 - 14:34:55: [basecommands.smx] "Console<0><Console><Console>" changed cvar (cvar "z_witch_burn_time") (value "100")
L 06/11/2021 - 14:34:55: [basecommands.smx] "Console<0><Console><Console>" changed cvar (cvar "z_tank_health") (value "4000")
L 06/11/2021 - 14:34:55: [basecommands.smx] "Console<0><Console><Console>" changed cvar (cvar "z_ghost_delay_min") (value "15")
L 06/11/2021 - 14:34:55: [basecommands.smx] "Console<0><Console><Console>" changed cvar (cvar "z_ghost_delay_max") (value "15")
L 06/11/2021 - 14:34:55: [basecommands.smx] "Console<0><Console><Console>" changed cvar (cvar "z_hunter_limit") (value "1")
L 06/11/2021 - 14:34:55: [basecommands.smx] "Console<0><Console><Console>" changed cvar (cvar "z_smoker_limit") (value "1")
L 06/11/2021 - 14:34:55: [basecommands.smx] "Console<0><Console><Console>" changed cvar (cvar "z_jockey_limit") (value "1")
L 06/11/2021 - 14:34:55: [basecommands.smx] "Console<0><Console><Console>" changed cvar (cvar "versus_tank_chance_intro") (value "1")
L 06/11/2021 - 14:34:55: [basecommands.smx] "Console<0><Console><Console>" changed cvar (cvar "versus_tank_chance_finale") (value "1")
L 06/11/2021 - 14:34:55: [basecommands.smx] "Console<0><Console><Console>" changed cvar (cvar "versus_tank_chance") (value "1")
L 06/11/2021 - 14:34:55: [basecommands.smx] "Console<0><Console><Console>" changed cvar (cvar "versus_witch_chance_intro") (value "0")
L 06/11/2021 - 14:34:56: [basecommands.smx] "Console<0><Console><Console>" changed cvar (cvar "versus_witch_chance_finale") (value "0")
L 06/11/2021 - 14:34:56: [basecommands.smx] "Console<0><Console><Console>" changed cvar (cvar "versus_witch_chance") (value "1")
L 06/11/2021 - 14:34:56: [basecommands.smx] "Console<0><Console><Console>" changed cvar (cvar "director_force_tank") (value "1")
L 06/11/2021 - 14:34:56: [basecommands.smx] "Console<0><Console><Console>" changed cvar (cvar "versus_boss_flow_min") (value "0.4")
L 06/11/2021 - 14:34:56: [basecommands.smx] "Console<0><Console><Console>" changed cvar (cvar "versus_boss_flow_max") (value "0.6")
L 06/11/2021 - 14:34:56: [basecommands.smx] "Console<0><Console><Console>" changed cvar (cvar "versus_boss_flow_min_intro") (value "0.1")
L 06/11/2021 - 14:34:56: [basecommands.smx] "Console<0><Console><Console>" changed cvar (cvar "versus_boss_flow_max_intro") (value "0.2")
L 06/11/2021 - 14:34:56: [basecommands.smx] "Console<0><Console><Console>" changed cvar (cvar "versus_boss_flow_min_finale") (value "0.1")
L 06/11/2021 - 14:34:56: [basecommands.smx] "Console<0><Console><Console>" changed cvar (cvar "versus_boss_flow_max_finale") (value "0.2")
L 06/11/2021 - 14:34:56: [basecommands.smx] "Console<0><Console><Console>" changed cvar (cvar "boomer_vomit_delay") (value "0.1")
L 06/11/2021 - 14:34:56: [basecommands.smx] "Console<0><Console><Console>" changed cvar (cvar "smoker_tongue_delay") (value "0.1")
L 06/11/2021 - 14:34:56: [basecommands.smx] "Console<0><Console><Console>" changed cvar (cvar "vs_survival_bonus") (value "35")
L 06/11/2021 - 14:34:56: [basecommands.smx] "Console<0><Console><Console>" changed cvar (cvar "z_tank_throw_health") (value "10")
L 06/11/2021 - 14:34:56: [basecommands.smx] "Console<0><Console><Console>" changed cvar (cvar "sv_client_min_interp_ratio") (value "-1")
L 06/11/2021 - 14:34:56: [basecommands.smx] "Console<0><Console><Console>" changed cvar (cvar "sv_client_max_interp_ratio") (value "0")
L 06/11/2021 - 14:34:56: [basecommands.smx] "Console<0><Console><Console>" changed cvar (cvar "sv_minrate") (value "100000")
L 06/11/2021 - 14:34:56: [basecommands.smx] "Console<0><Console><Console>" changed cvar (cvar "sv_maxrate") (value "100000")
L 06/11/2021 - 14:34:56: [basecommands.smx] "Console<0><Console><Console>" changed cvar (cvar "sv_mincmdrate") (value "100")
L 06/11/2021 - 14:34:56: [basecommands.smx] "Console<0><Console><Console>" changed cvar (cvar "sv_maxcmdrate") (value "100")
L 06/11/2021 - 14:34:56: [basecommands.smx] "Console<0><Console><Console>" changed cvar (cvar "sv_minupdaterate") (value "100")
L 06/11/2021 - 14:34:56: [basecommands.smx] "Console<0><Console><Console>" changed cvar (cvar "sv_maxupdaterate") (value "100")
L 06/11/2021 - 14:34:56: [basecommands.smx] "Console<0><Console><Console>" changed cvar (cvar "nb_update_frequency") (value "0.014")
L 06/11/2021 - 14:34:56: [basecommands.smx] "Console<0><Console><Console>" changed cvar (cvar "net_splitpacket_maxrate") (value "50000")
L 06/11/2021 - 14:34:56: [basecommands.smx] "Console<0><Console><Console>" changed cvar (cvar "fps_max") (value "0")
L 06/11/2021 - 14:34:56: [basecommands.smx] "Console<0><Console><Console>" changed cvar (cvar "hostname") (value "Versus")
L 06/11/2021 - 14:36:20: [l4d2_skill_detect.smx] Clear: 3 freed 2 from 7: time: 2.31 / -1.00 -- class: jockey (with shove? 0)
L 06/11/2021 - 14:36:23: [l4d2_skill_detect.smx] Clear: 3 freed 1 from 8: time: 1.05 / -1.00 -- class: hunter (with shove? 1)
L 06/11/2021 - 14:36:35: [basecommands.smx] "McLovin™<3><STEAM_1:1:4151444><>" changed cvar (cvar "vs_max_team_switches") (value "5")
L 06/11/2021 - 14:36:37: [basecommands.smx] "McLovin™<3><STEAM_1:1:4151444><>" changed cvar (cvar "vs_max_team_switches") (value "0")
L 06/11/2021 - 14:37:26: [l4d2_skill_detect.smx] Clear: 7 freed 3 from 4: time: 1.13 / -1.00 -- class: jockey (with shove? 0)
L 06/11/2021 - 14:38:01: [l4d2_skill_detect.smx] Clear: 6 freed 3 from 2: time: 11.41 / -1.00 -- class: hunter (with shove? 0)
L 06/11/2021 - 14:38:52: SourceMod log file session started (file "D:\Steam\steamapps\common\Left 4 Dead 2\left4dead2\addons\sourcemod\logs\L20210611.log") (Version "1.10.0.6492")
L 06/11/2021 - 14:38:52: [simplewelcomemsg.smx] Set the maximum number of lines of.
L 06/11/2021 - 14:38:54: [basecommands.smx] "Console<0><Console><Console>" changed cvar (cvar "sv_force_time_of_day") (value "0")
L 06/11/2021 - 14:38:54: [basecommands.smx] "Console<0><Console><Console>" changed cvar (cvar "z_witch_damage_per_kill_hit") (value "120")
L 06/11/2021 - 14:38:54: [basecommands.smx] "Console<0><Console><Console>" changed cvar (cvar "z_witch_anger_rate") (value "0.4")
L 06/11/2021 - 14:38:54: [basecommands.smx] "Console<0><Console><Console>" changed cvar (cvar "z_witch_flashlight_range") (value "2000")
L 06/11/2021 - 14:38:54: [basecommands.smx] "Console<0><Console><Console>" changed cvar (cvar "z_witch_burn_time") (value "100")
L 06/11/2021 - 14:38:54: [basecommands.smx] "Console<0><Console><Console>" changed cvar (cvar "z_tank_health") (value "4000")
L 06/11/2021 - 14:38:54: [basecommands.smx] "Console<0><Console><Console>" changed cvar (cvar "z_ghost_delay_min") (value "15")
L 06/11/2021 - 14:38:54: [basecommands.smx] "Console<0><Console><Console>" changed cvar (cvar "z_ghost_delay_max") (value "15")
L 06/11/2021 - 14:38:54: [basecommands.smx] "Console<0><Console><Console>" changed cvar (cvar "z_hunter_limit") (value "1")
L 06/11/2021 - 14:38:54: [basecommands.smx] "Console<0><Console><Console>" changed cvar (cvar "z_smoker_limit") (value "1")
L 06/11/2021 - 14:38:54: [basecommands.smx] "Console<0><Console><Console>" changed cvar (cvar "z_jockey_limit") (value "1")
L 06/11/2021 - 14:38:54: [basecommands.smx] "Console<0><Console><Console>" changed cvar (cvar "versus_tank_chance_intro") (value "1")
L 06/11/2021 - 14:38:54: [basecommands.smx] "Console<0><Console><Console>" changed cvar (cvar "versus_tank_chance_finale") (value "1")
L 06/11/2021 - 14:38:54: [basecommands.smx] "Console<0><Console><Console>" changed cvar (cvar "versus_tank_chance") (value "1")
L 06/11/2021 - 14:38:55: [basecommands.smx] "Console<0><Console><Console>" changed cvar (cvar "versus_witch_chance_intro") (value "0")
L 06/11/2021 - 14:38:55: [basecommands.smx] "Console<0><Console><Console>" changed cvar (cvar "versus_witch_chance_finale") (value "0")
L 06/11/2021 - 14:38:55: [basecommands.smx] "Console<0><Console><Console>" changed cvar (cvar "versus_witch_chance") (value "1")
L 06/11/2021 - 14:38:55: [basecommands.smx] "Console<0><Console><Console>" changed cvar (cvar "director_force_tank") (value "1")
L 06/11/2021 - 14:38:55: [basecommands.smx] "Console<0><Console><Console>" changed cvar (cvar "versus_boss_flow_min") (value "0.4")
L 06/11/2021 - 14:38:55: [basecommands.smx] "Console<0><Console><Console>" changed cvar (cvar "versus_boss_flow_max") (value "0.6")
L 06/11/2021 - 14:38:55: [basecommands.smx] "Console<0><Console><Console>" changed cvar (cvar "versus_boss_flow_min_intro") (value "0.1")
L 06/11/2021 - 14:38:55: [basecommands.smx] "Console<0><Console><Console>" changed cvar (cvar "versus_boss_flow_max_intro") (value "0.2")
L 06/11/2021 - 14:38:55: [basecommands.smx] "Console<0><Console><Console>" changed cvar (cvar "versus_boss_flow_min_finale") (value "0.1")
L 06/11/2021 - 14:38:55: [basecommands.smx] "Console<0><Console><Console>" changed cvar (cvar "versus_boss_flow_max_finale") (value "0.2")
L 06/11/2021 - 14:38:55: [basecommands.smx] "Console<0><Console><Console>" changed cvar (cvar "boomer_vomit_delay") (value "0.1")
L 06/11/2021 - 14:38:55: [basecommands.smx] "Console<0><Console><Console>" changed cvar (cvar "smoker_tongue_delay") (value "0.1")
L 06/11/2021 - 14:38:55: [basecommands.smx] "Console<0><Console><Console>" changed cvar (cvar "vs_survival_bonus") (value "35")
L 06/11/2021 - 14:38:55: [basecommands.smx] "Console<0><Console><Console>" changed cvar (cvar "z_tank_throw_health") (value "10")
L 06/11/2021 - 14:38:55: [basecommands.smx] "Console<0><Console><Console>" changed cvar (cvar "sv_client_min_interp_ratio") (value "-1")
L 06/11/2021 - 14:38:55: [basecommands.smx] "Console<0><Console><Console>" changed cvar (cvar "sv_client_max_interp_ratio") (value "0")
L 06/11/2021 - 14:38:55: [basecommands.smx] "Console<0><Console><Console>" changed cvar (cvar "sv_minrate") (value "100000")
L 06/11/2021 - 14:38:55: [basecommands.smx] "Console<0><Console><Console>" changed cvar (cvar "sv_maxrate") (value "100000")
L 06/11/2021 - 14:38:55: [basecommands.smx] "Console<0><Console><Console>" changed cvar (cvar "sv_mincmdrate") (value "100")
L 06/11/2021 - 14:38:55: [basecommands.smx] "Console<0><Console><Console>" changed cvar (cvar "sv_maxcmdrate") (value "100")
L 06/11/2021 - 14:38:55: [basecommands.smx] "Console<0><Console><Console>" changed cvar (cvar "sv_minupdaterate") (value "100")
L 06/11/2021 - 14:38:55: [basecommands.smx] "Console<0><Console><Console>" changed cvar (cvar "sv_maxupdaterate") (value "100")
L 06/11/2021 - 14:38:55: [basecommands.smx] "Console<0><Console><Console>" changed cvar (cvar "nb_update_frequency") (value "0.014")
L 06/11/2021 - 14:38:55: [basecommands.smx] "Console<0><Console><Console>" changed cvar (cvar "net_splitpacket_maxrate") (value "50000")
L 06/11/2021 - 14:38:55: [basecommands.smx] "Console<0><Console><Console>" changed cvar (cvar "fps_max") (value "0")
L 06/11/2021 - 14:38:55: [basecommands.smx] "Console<0><Console><Console>" changed cvar (cvar "hostname") (value "Versus")
L 06/11/2021 - 14:40:18: [basecommands.smx] "♛ Rain ♛<2><STEAM_1:0:162762726><>" changed cvar (cvar "vs_max_team_switches") (value "0")
L 06/11/2021 - 14:40:47: [l4d2_skill_detect.smx] Clear: 3 freed 7 from 4: time: -1.00 / 2.02 -- class: smoker (with shove? 1)
L 06/11/2021 - 14:41:02: [l4d2_skill_detect.smx] Clear: 7 freed 1 from 4: time: 0.46 / -1.00 -- class: jockey (with shove? 0)
L 06/11/2021 - 14:41:10: [l4d2_skill_detect.smx] Clear: 6 freed 7 from 2: time: -1.00 / 3.19 -- class: smoker (with shove? 1)
L 06/11/2021 - 14:41:31: [l4d2_skill_detect.smx] Charge carry start: 4 - 1 -- time: 177.55
L 06/11/2021 - 14:41:34: [l4d2_skill_detect.smx] Checking charge victim: 4 - 1 - flags: 1 (alive? 1)
L 06/11/2021 - 14:41:43: Log file closed.
L 06/11/2021 - 14:42:31: SourceMod log file session started (file "D:\Steam\steamapps\common\Left 4 Dead 2\left4dead2\addons\sourcemod\logs\L20210611.log") (Version "1.10.0.6492")
L 06/11/2021 - 14:42:31: [simplewelcomemsg.smx] Set the maximum number of lines of.
L 06/11/2021 - 14:42:35: [basecommands.smx] "Console<0><Console><Console>" changed cvar (cvar "sv_force_time_of_day") (value "0")
L 06/11/2021 - 14:42:35: [basecommands.smx] "Console<0><Console><Console>" changed cvar (cvar "z_witch_damage_per_kill_hit") (value "120")
L 06/11/2021 - 14:42:35: [basecommands.smx] "Console<0><Console><Console>" changed cvar (cvar "z_witch_anger_rate") (value "0.4")
L 06/11/2021 - 14:42:35: [basecommands.smx] "Console<0><Console><Console>" changed cvar (cvar "z_witch_flashlight_range") (value "2000")
L 06/11/2021 - 14:42:35: [basecommands.smx] "Console<0><Console><Console>" changed cvar (cvar "z_witch_burn_time") (value "100")
L 06/11/2021 - 14:42:35: [basecommands.smx] "Console<0><Console><Console>" changed cvar (cvar "z_tank_health") (value "4000")
L 06/11/2021 - 14:42:35: [basecommands.smx] "Console<0><Console><Console>" changed cvar (cvar "z_ghost_delay_min") (value "15")
L 06/11/2021 - 14:42:35: [basecommands.smx] "Console<0><Console><Console>" changed cvar (cvar "z_ghost_delay_max") (value "15")
L 06/11/2021 - 14:42:35: [basecommands.smx] "Console<0><Console><Console>" changed cvar (cvar "z_hunter_limit") (value "1")
L 06/11/2021 - 14:42:35: [basecommands.smx] "Console<0><Console><Console>" changed cvar (cvar "z_smoker_limit") (value "1")
L 06/11/2021 - 14:42:35: [basecommands.smx] "Console<0><Console><Console>" changed cvar (cvar "z_jockey_limit") (value "1")
L 06/11/2021 - 14:42:35: [basecommands.smx] "Console<0><Console><Console>" changed cvar (cvar "versus_tank_chance_intro") (value "1")
L 06/11/2021 - 14:42:35: [basecommands.smx] "Console<0><Console><Console>" changed cvar (cvar "versus_tank_chance_finale") (value "1")
L 06/11/2021 - 14:42:35: [basecommands.smx] "Console<0><Console><Console>" changed cvar (cvar "versus_tank_chance") (value "1")
L 06/11/2021 - 14:42:35: [basecommands.smx] "Console<0><Console><Console>" changed cvar (cvar "versus_witch_chance_intro") (value "0")
L 06/11/2021 - 14:42:35: [basecommands.smx] "Console<0><Console><Console>" changed cvar (cvar "versus_witch_chance_finale") (value "0")
L 06/11/2021 - 14:42:35: [basecommands.smx] "Console<0><Console><Console>" changed cvar (cvar "versus_witch_chance") (value "1")
L 06/11/2021 - 14:42:35: [basecommands.smx] "Console<0><Console><Console>" changed cvar (cvar "director_force_tank") (value "1")
L 06/11/2021 - 14:42:35: [basecommands.smx] "Console<0><Console><Console>" changed cvar (cvar "versus_boss_flow_min") (value "0.4")
L 06/11/2021 - 14:42:35: [basecommands.smx] "Console<0><Console><Console>" changed cvar (cvar "versus_boss_flow_max") (value "0.6")
L 06/11/2021 - 14:42:35: [basecommands.smx] "Console<0><Console><Console>" changed cvar (cvar "versus_boss_flow_min_intro") (value "0.1")
L 06/11/2021 - 14:42:35: [basecommands.smx] "Console<0><Console><Console>" changed cvar (cvar "versus_boss_flow_max_intro") (value "0.2")
L 06/11/2021 - 14:42:35: [basecommands.smx] "Console<0><Console><Console>" changed cvar (cvar "versus_boss_flow_min_finale") (value "0.1")
L 06/11/2021 - 14:42:35: [basecommands.smx] "Console<0><Console><Console>" changed cvar (cvar "versus_boss_flow_max_finale") (value "0.2")
L 06/11/2021 - 14:42:35: [basecommands.smx] "Console<0><Console><Console>" changed cvar (cvar "boomer_vomit_delay") (value "0.1")
L 06/11/2021 - 14:42:35: [basecommands.smx] "Console<0><Console><Console>" changed cvar (cvar "smoker_tongue_delay") (value "0.1")
L 06/11/2021 - 14:42:35: [basecommands.smx] "Console<0><Console><Console>" changed cvar (cvar "vs_survival_bonus") (value "35")
L 06/11/2021 - 14:42:35: [basecommands.smx] "Console<0><Console><Console>" changed cvar (cvar "z_tank_throw_health") (value "10")
L 06/11/2021 - 14:42:35: [basecommands.smx] "Console<0><Console><Console>" changed cvar (cvar "sv_client_min_interp_ratio") (value "-1")
L 06/11/2021 - 14:42:35: [basecommands.smx] "Console<0><Console><Console>" changed cvar (cvar "sv_client_max_interp_ratio") (value "0")
L 06/11/2021 - 14:42:35: [basecommands.smx] "Console<0><Console><Console>" changed cvar (cvar "sv_minrate") (value "100000")
L 06/11/2021 - 14:42:35: [basecommands.smx] "Console<0><Console><Console>" changed cvar (cvar "sv_maxrate") (value "100000")
L 06/11/2021 - 14:42:35: [basecommands.smx] "Console<0><Console><Console>" changed cvar (cvar "sv_mincmdrate") (value "100")
L 06/11/2021 - 14:42:35: [basecommands.smx] "Console<0><Console><Console>" changed cvar (cvar "sv_maxcmdrate") (value "100")
L 06/11/2021 - 14:42:35: [basecommands.smx] "Console<0><Console><Console>" changed cvar (cvar "sv_minupdaterate") (value "100")
L 06/11/2021 - 14:42:35: [basecommands.smx] "Console<0><Console><Console>" changed cvar (cvar "sv_maxupdaterate") (value "100")
L 06/11/2021 - 14:42:35: [basecommands.smx] "Console<0><Console><Console>" changed cvar (cvar "nb_update_frequency") (value "0.014")
L 06/11/2021 - 14:42:36: [basecommands.smx] "Console<0><Console><Console>" changed cvar (cvar "net_splitpacket_maxrate") (value "50000")
L 06/11/2021 - 14:42:36: [basecommands.smx] "Console<0><Console><Console>" changed cvar (cvar "fps_max") (value "0")
L 06/11/2021 - 14:42:36: [basecommands.smx] "Console<0><Console><Console>" changed cvar (cvar "hostname") (value "Versus")
L 06/11/2021 - 14:44:26: [l4d2_skill_detect.smx] Clear: 3 freed 7 from 2: time: -1.00 / 3.08 -- class: smoker (with shove? 1)
L 06/11/2021 - 14:44:34: [l4d2_skill_detect.smx] Clear: 4 freed 5 from 8: time: 9.38 / -1.00 -- class: hunter (with shove? 0)
L 06/11/2021 - 14:44:43: [admin_hp.smx]  
L 06/11/2021 - 14:45:03: [l4d2_skill_detect.smx] Clear: 3 freed 5 from 6: time: -1.00 / 2.45 -- class: smoker (with shove? 0)
L 06/11/2021 - 14:45:59: [l4d2_skill_detect.smx] Clear: 8 freed 7 from 2: time: 4.08 / -1.00 -- class: hunter (with shove? 0)
L 06/11/2021 - 14:46:21: [l4d2_skill_detect.smx] Clear: 5 freed 7 from 2: time: 0.08 / -1.00 -- class: jockey (with shove? 1)
L 06/11/2021 - 14:46:52: [l4d2_skill_detect.smx] Clear: 10 freed 5 from 6: time: 12.99 / 16.86 -- class: smoker (with shove? 0)
L 06/11/2021 - 14:47:02: -------- Mapchange to c10m1_caves --------
L 06/11/2021 - 14:47:04: [basecommands.smx] "Console<0><Console><Console>" changed cvar (cvar "sv_force_time_of_day") (value "0")
L 06/11/2021 - 14:47:04: [basecommands.smx] "Console<0><Console><Console>" changed cvar (cvar "z_witch_damage_per_kill_hit") (value "120")
L 06/11/2021 - 14:47:04: [basecommands.smx] "Console<0><Console><Console>" changed cvar (cvar "z_witch_anger_rate") (value "0.4")
L 06/11/2021 - 14:47:04: [basecommands.smx] "Console<0><Console><Console>" changed cvar (cvar "z_witch_flashlight_range") (value "2000")
L 06/11/2021 - 14:47:04: [basecommands.smx] "Console<0><Console><Console>" changed cvar (cvar "z_witch_burn_time") (value "100")
L 06/11/2021 - 14:47:04: [basecommands.smx] "Console<0><Console><Console>" changed cvar (cvar "z_tank_health") (value "4000")
L 06/11/2021 - 14:47:04: [basecommands.smx] "Console<0><Console><Console>" changed cvar (cvar "z_ghost_delay_min") (value "15")
L 06/11/2021 - 14:47:04: [basecommands.smx] "Console<0><Console><Console>" changed cvar (cvar "z_ghost_delay_max") (value "15")
L 06/11/2021 - 14:47:04: [basecommands.smx] "Console<0><Console><Console>" changed cvar (cvar "z_hunter_limit") (value "1")
L 06/11/2021 - 14:47:04: [basecommands.smx] "Console<0><Console><Console>" changed cvar (cvar "z_smoker_limit") (value "1")
L 06/11/2021 - 14:47:04: [basecommands.smx] "Console<0><Console><Console>" changed cvar (cvar "z_jockey_limit") (value "1")
L 06/11/2021 - 14:47:04: [basecommands.smx] "Console<0><Console><Console>" changed cvar (cvar "versus_tank_chance_intro") (value "1")
L 06/11/2021 - 14:47:04: [basecommands.smx] "Console<0><Console><Console>" changed cvar (cvar "versus_tank_chance_finale") (value "1")
L 06/11/2021 - 14:47:04: [basecommands.smx] "Console<0><Console><Console>" changed cvar (cvar "versus_tank_chance") (value "1")
L 06/11/2021 - 14:47:04: [basecommands.smx] "Console<0><Console><Console>" changed cvar (cvar "versus_witch_chance_intro") (value "0")
L 06/11/2021 - 14:47:04: [basecommands.smx] "Console<0><Console><Console>" changed cvar (cvar "versus_witch_chance_finale") (value "0")
L 06/11/2021 - 14:47:04: [basecommands.smx] "Console<0><Console><Console>" changed cvar (cvar "versus_witch_chance") (value "1")
L 06/11/2021 - 14:47:04: [basecommands.smx] "Console<0><Console><Console>" changed cvar (cvar "director_force_tank") (value "1")
L 06/11/2021 - 14:47:04: [basecommands.smx] "Console<0><Console><Console>" changed cvar (cvar "versus_boss_flow_min") (value "0.4")
L 06/11/2021 - 14:47:04: [basecommands.smx] "Console<0><Console><Console>" changed cvar (cvar "versus_boss_flow_max") (value "0.6")
L 06/11/2021 - 14:47:04: [basecommands.smx] "Console<0><Console><Console>" changed cvar (cvar "versus_boss_flow_min_intro") (value "0.1")
L 06/11/2021 - 14:47:04: [basecommands.smx] "Console<0><Console><Console>" changed cvar (cvar "versus_boss_flow_max_intro") (value "0.2")
L 06/11/2021 - 14:47:04: [basecommands.smx] "Console<0><Console><Console>" changed cvar (cvar "versus_boss_flow_min_finale") (value "0.1")
L 06/11/2021 - 14:47:04: [basecommands.smx] "Console<0><Console><Console>" changed cvar (cvar "versus_boss_flow_max_finale") (value "0.2")
L 06/11/2021 - 14:47:04: [basecommands.smx] "Console<0><Console><Console>" changed cvar (cvar "boomer_vomit_delay") (value "0.1")
L 06/11/2021 - 14:47:04: [basecommands.smx] "Console<0><Console><Console>" changed cvar (cvar "smoker_tongue_delay") (value "0.1")
L 06/11/2021 - 14:47:04: [basecommands.smx] "Console<0><Console><Console>" changed cvar (cvar "vs_survival_bonus") (value "35")
L 06/11/2021 - 14:47:04: [basecommands.smx] "Console<0><Console><Console>" changed cvar (cvar "z_tank_throw_health") (value "10")
L 06/11/2021 - 14:47:04: [basecommands.smx] "Console<0><Console><Console>" changed cvar (cvar "sv_client_min_interp_ratio") (value "-1")
L 06/11/2021 - 14:47:04: [basecommands.smx] "Console<0><Console><Console>" changed cvar (cvar "sv_client_max_interp_ratio") (value "0")
L 06/11/2021 - 14:47:04: [basecommands.smx] "Console<0><Console><Console>" changed cvar (cvar "sv_minrate") (value "100000")
L 06/11/2021 - 14:47:04: [basecommands.smx] "Console<0><Console><Console>" changed cvar (cvar "sv_maxrate") (value "100000")
L 06/11/2021 - 14:47:04: [basecommands.smx] "Console<0><Console><Console>" changed cvar (cvar "sv_mincmdrate") (value "100")
L 06/11/2021 - 14:47:04: [basecommands.smx] "Console<0><Console><Console>" changed cvar (cvar "sv_maxcmdrate") (value "100")
L 06/11/2021 - 14:47:04: [basecommands.smx] "Console<0><Console><Console>" changed cvar (cvar "sv_minupdaterate") (value "100")
L 06/11/2021 - 14:47:04: [basecommands.smx] "Console<0><Console><Console>" changed cvar (cvar "sv_maxupdaterate") (value "100")
L 06/11/2021 - 14:47:04: [basecommands.smx] "Console<0><Console><Console>" changed cvar (cvar "nb_update_frequency") (value "0.014")
L 06/11/2021 - 14:47:04: [basecommands.smx] "Console<0><Console><Console>" changed cvar (cvar "net_splitpacket_maxrate") (value "50000")
L 06/11/2021 - 14:47:04: [basecommands.smx] "Console<0><Console><Console>" changed cvar (cvar "fps_max") (value "0")
L 06/11/2021 - 14:47:04: [basecommands.smx] "Console<0><Console><Console>" changed cvar (cvar "hostname") (value "Versus")
L 06/11/2021 - 14:48:25: [basecommands.smx] "McLovin™<3><STEAM_1:1:4151444><>" changed cvar (cvar "vs_max_team_switches") (value "5")
L 06/11/2021 - 14:48:34: [basecommands.smx] "McLovin™<3><STEAM_1:1:4151444><>" changed cvar (cvar "vs_max_team_switches") (value "0")
L 06/11/2021 - 14:49:52: [l4d2_skill_detect.smx] Clear: 5 freed 3 from 6: time: 4.93 / -1.00 -- class: hunter (with shove? 0)
L 06/11/2021 - 14:49:54: [l4d2_skill_detect.smx] Clear: 5 freed 10 from 1: time: 10.84 / 12.72 -- class: smoker (with shove? 0)
L 06/11/2021 - 14:50:33: [l4d2_skill_detect.smx] Clear: 5 freed 4 from 1: time: 2.30 / -1.00 -- class: hunter (with shove? 1)
L 06/11/2021 - 14:51:05: [l4d2_skill_detect.smx] Clear: 3 freed 4 from 2: time: 2.52 / -1.00 -- class: jockey (with shove? 0)
L 06/11/2021 - 14:52:04: [l4d2_skill_detect.smx] Charge carry start: 2 - 10 -- time: 298.79
L 06/11/2021 - 14:52:07: [l4d2_skill_detect.smx] Clear: 3 freed 10 from 2: time: 1.94 / 2.69 -- class: charger (with shove? 0)
L 06/11/2021 - 14:52:07: [l4d2_skill_detect.smx] Checking charge victim: 2 - 10 - flags: 1 (alive? 1)
L 06/11/2021 - 14:52:32: [l4d2_skill_detect.smx] Clear: 4 freed 3 from 8: time: 2.01 / -1.00 -- class: hunter (with shove? 0)
L 06/11/2021 - 14:52:44: [l4d2_skill_detect.smx] Clear: 5 freed 4 from 2: time: 1.66 / 2.09 -- class: smoker (with shove? 1)
L 06/11/2021 - 14:55:19: [l4d2_skill_detect.smx] Clear: 1 freed 2 from 3: time: -1.00 / 0.64 -- class: smoker (with shove? 0)
L 06/11/2021 - 14:55:25: [l4d2_skill_detect.smx] Clear: 8 freed 6 from 3: time: -1.00 / 1.17 -- class: smoker (with shove? 0)
L 06/11/2021 - 14:55:41: [l4d2_skill_detect.smx] Clear: 6 freed 8 from 5: time: 2.54 / -1.00 -- class: hunter (with shove? 0)
L 06/11/2021 - 14:55:45: [l4d2_skill_detect.smx] Clear: 6 freed 2 from 3: time: 2.16 / 4.79 -- class: smoker (with shove? 1)
L 06/11/2021 - 14:56:34: [l4d2_skill_detect.smx] Clear: 8 freed 2 from 4: time: 1.34 / 3.02 -- class: smoker (with shove? 0)
L 06/11/2021 - 14:56:42: [l4d2_skill_detect.smx] Clear: 8 freed 6 from 7: time: 1.32 / -1.00 -- class: jockey (with shove? 0)
L 06/11/2021 - 14:56:53: [l4d2_skill_detect.smx] Clear: 1 freed 1 from 4: time: 0.61 / -1.00 -- class: hunter (with shove? 0)
L 06/11/2021 - 14:57:13: Log file closed.
L 06/11/2021 - 15:14:27: SourceMod log file session started (file "D:\Steam\steamapps\common\Left 4 Dead 2\left4dead2\addons\sourcemod\logs\L20210611.log") (Version "1.10.0.6492")
L 06/11/2021 - 15:14:27: [simplewelcomemsg.smx] Set the maximum number of lines of.
L 06/11/2021 - 15:14:34: [basecommands.smx] "Console<0><Console><Console>" changed cvar (cvar "sv_force_time_of_day") (value "0")
L 06/11/2021 - 15:14:34: [basecommands.smx] "Console<0><Console><Console>" changed cvar (cvar "z_witch_damage_per_kill_hit") (value "120")
L 06/11/2021 - 15:14:34: [basecommands.smx] "Console<0><Console><Console>" changed cvar (cvar "z_witch_anger_rate") (value "0.4")
L 06/11/2021 - 15:14:34: [basecommands.smx] "Console<0><Console><Console>" changed cvar (cvar "z_witch_flashlight_range") (value "2000")
L 06/11/2021 - 15:14:34: [basecommands.smx] "Console<0><Console><Console>" changed cvar (cvar "z_witch_burn_time") (value "100")
L 06/11/2021 - 15:14:34: [basecommands.smx] "Console<0><Console><Console>" changed cvar (cvar "z_tank_health") (value "4000")
L 06/11/2021 - 15:14:34: [basecommands.smx] "Console<0><Console><Console>" changed cvar (cvar "z_ghost_delay_min") (value "15")
L 06/11/2021 - 15:14:34: [basecommands.smx] "Console<0><Console><Console>" changed cvar (cvar "z_ghost_delay_max") (value "15")
L 06/11/2021 - 15:14:34: [basecommands.smx] "Console<0><Console><Console>" changed cvar (cvar "z_hunter_limit") (value "1")
L 06/11/2021 - 15:14:34: [basecommands.smx] "Console<0><Console><Console>" changed cvar (cvar "z_smoker_limit") (value "1")
L 06/11/2021 - 15:14:34: [basecommands.smx] "Console<0><Console><Console>" changed cvar (cvar "z_jockey_limit") (value "1")
L 06/11/2021 - 15:14:34: [basecommands.smx] "Console<0><Console><Console>" changed cvar (cvar "versus_tank_chance_intro") (value "1")
L 06/11/2021 - 15:14:34: [basecommands.smx] "Console<0><Console><Console>" changed cvar (cvar "versus_tank_chance_finale") (value "1")
L 06/11/2021 - 15:14:34: [basecommands.smx] "Console<0><Console><Console>" changed cvar (cvar "versus_tank_chance") (value "1")
L 06/11/2021 - 15:14:34: [basecommands.smx] "Console<0><Console><Console>" changed cvar (cvar "versus_witch_chance_intro") (value "0")
L 06/11/2021 - 15:14:34: [basecommands.smx] "Console<0><Console><Console>" changed cvar (cvar "versus_witch_chance_finale") (value "0")
L 06/11/2021 - 15:14:34: [basecommands.smx] "Console<0><Console><Console>" changed cvar (cvar "versus_witch_chance") (value "1")
L 06/11/2021 - 15:14:34: [basecommands.smx] "Console<0><Console><Console>" changed cvar (cvar "director_force_tank") (value "1")
L 06/11/2021 - 15:14:34: [basecommands.smx] "Console<0><Console><Console>" changed cvar (cvar "versus_boss_flow_min") (value "0.4")
L 06/11/2021 - 15:14:34: [basecommands.smx] "Console<0><Console><Console>" changed cvar (cvar "versus_boss_flow_max") (value "0.6")
L 06/11/2021 - 15:14:34: [basecommands.smx] "Console<0><Console><Console>" changed cvar (cvar "versus_boss_flow_min_intro") (value "0.1")
L 06/11/2021 - 15:14:34: [basecommands.smx] "Console<0><Console><Console>" changed cvar (cvar "versus_boss_flow_max_intro") (value "0.2")
L 06/11/2021 - 15:14:34: [basecommands.smx] "Console<0><Console><Console>" changed cvar (cvar "versus_boss_flow_min_finale") (value "0.1")
L 06/11/2021 - 15:14:34: [basecommands.smx] "Console<0><Console><Console>" changed cvar (cvar "versus_boss_flow_max_finale") (value "0.2")
L 06/11/2021 - 15:14:34: [basecommands.smx] "Console<0><Console><Console>" changed cvar (cvar "boomer_vomit_delay") (value "0.1")
L 06/11/2021 - 15:14:34: [basecommands.smx] "Console<0><Console><Console>" changed cvar (cvar "smoker_tongue_delay") (value "0.1")
L 06/11/2021 - 15:14:34: [basecommands.smx] "Console<0><Console><Console>" changed cvar (cvar "vs_survival_bonus") (value "35")
L 06/11/2021 - 15:14:34: [basecommands.smx] "Console<0><Console><Console>" changed cvar (cvar "z_tank_throw_health") (value "10")
L 06/11/2021 - 15:14:34: [basecommands.smx] "Console<0><Console><Console>" changed cvar (cvar "sv_client_min_interp_ratio") (value "-1")
L 06/11/2021 - 15:14:34: [basecommands.smx] "Console<0><Console><Console>" changed cvar (cvar "sv_client_max_interp_ratio") (value "0")
L 06/11/2021 - 15:14:34: [basecommands.smx] "Console<0><Console><Console>" changed cvar (cvar "sv_minrate") (value "100000")
L 06/11/2021 - 15:14:34: [basecommands.smx] "Console<0><Console><Console>" changed cvar (cvar "sv_maxrate") (value "100000")
L 06/11/2021 - 15:14:34: [basecommands.smx] "Console<0><Console><Console>" changed cvar (cvar "sv_mincmdrate") (value "100")
L 06/11/2021 - 15:14:34: [basecommands.smx] "Console<0><Console><Console>" changed cvar (cvar "sv_maxcmdrate") (value "100")
L 06/11/2021 - 15:14:34: [basecommands.smx] "Console<0><Console><Console>" changed cvar (cvar "sv_minupdaterate") (value "100")
L 06/11/2021 - 15:14:34: [basecommands.smx] "Console<0><Console><Console>" changed cvar (cvar "sv_maxupdaterate") (value "100")
L 06/11/2021 - 15:14:34: [basecommands.smx] "Console<0><Console><Console>" changed cvar (cvar "nb_update_frequency") (value "0.014")
L 06/11/2021 - 15:14:34: [basecommands.smx] "Console<0><Console><Console>" changed cvar (cvar "net_splitpacket_maxrate") (value "50000")
L 06/11/2021 - 15:14:34: [basecommands.smx] "Console<0><Console><Console>" changed cvar (cvar "fps_max") (value "0")
L 06/11/2021 - 15:14:34: [basecommands.smx] "Console<0><Console><Console>" changed cvar (cvar "hostname") (value "Versus")
L 06/11/2021 - 15:16:28: [basecommands.smx] "McLovin™<5><STEAM_1:1:4151444><>" changed cvar (cvar "vs_max_team_switches") (value "0")
L 06/11/2021 - 15:16:58: [l4d2_skill_detect.smx] Charge carry start: 7 - 1 -- time: 142.97
L 06/11/2021 - 15:17:00: [l4d2_skill_detect.smx] Clear: 2 freed 1 from 7: time: 0.51 / 2.22 -- class: charger (with shove? 0)
L 06/11/2021 - 15:17:01: [l4d2_skill_detect.smx] Checking charge victim: 7 - 1 - flags: 1 (alive? 1)
L 06/11/2021 - 15:18:43: [l4d2_skill_detect.smx] Clear: 2 freed 4 from 8: time: -1.00 / 0.58 -- class: smoker (with shove? 0)
L 06/11/2021 - 15:19:27: [l4d2_skill_detect.smx] Clear: 2 freed 4 from 8: time: -1.00 / 0.72 -- class: smoker (with shove? 0)
L 06/11/2021 - 15:19:44: [l4d2_skill_detect.smx] Clear: 4 freed 2 from 7: time: 1.45 / -1.00 -- class: hunter (with shove? 0)
L 06/11/2021 - 15:20:03: [l4d2_skill_detect.smx] Clear: 3 freed 2 from 5: time: 1.69 / -1.00 -- class: jockey (with shove? 0)
L 06/11/2021 - 15:20:40: [l4d2_skill_detect.smx] Clear: 2 freed 1 from 6: time: 3.86 / -1.00 -- class: jockey (with shove? 0)
L 06/11/2021 - 15:20:44: -------- Mapchange to c8m1_apartment --------
L 06/11/2021 - 15:20:48: [basecommands.smx] "Console<0><Console><Console>" changed cvar (cvar "sv_force_time_of_day") (value "0")
L 06/11/2021 - 15:20:48: [basecommands.smx] "Console<0><Console><Console>" changed cvar (cvar "z_witch_damage_per_kill_hit") (value "120")
L 06/11/2021 - 15:20:48: [basecommands.smx] "Console<0><Console><Console>" changed cvar (cvar "z_witch_anger_rate") (value "0.4")
L 06/11/2021 - 15:20:48: [basecommands.smx] "Console<0><Console><Console>" changed cvar (cvar "z_witch_flashlight_range") (value "2000")
L 06/11/2021 - 15:20:48: [basecommands.smx] "Console<0><Console><Console>" changed cvar (cvar "z_witch_burn_time") (value "100")
L 06/11/2021 - 15:20:48: [basecommands.smx] "Console<0><Console><Console>" changed cvar (cvar "z_tank_health") (value "4000")
L 06/11/2021 - 15:20:48: [basecommands.smx] "Console<0><Console><Console>" changed cvar (cvar "z_ghost_delay_min") (value "15")
L 06/11/2021 - 15:20:48: [basecommands.smx] "Console<0><Console><Console>" changed cvar (cvar "z_ghost_delay_max") (value "15")
L 06/11/2021 - 15:20:48: [basecommands.smx] "Console<0><Console><Console>" changed cvar (cvar "z_hunter_limit") (value "1")
L 06/11/2021 - 15:20:48: [basecommands.smx] "Console<0><Console><Console>" changed cvar (cvar "z_smoker_limit") (value "1")
L 06/11/2021 - 15:20:48: [basecommands.smx] "Console<0><Console><Console>" changed cvar (cvar "z_jockey_limit") (value "1")
L 06/11/2021 - 15:20:48: [basecommands.smx] "Console<0><Console><Console>" changed cvar (cvar "versus_tank_chance_intro") (value "1")
L 06/11/2021 - 15:20:48: [basecommands.smx] "Console<0><Console><Console>" changed cvar (cvar "versus_tank_chance_finale") (value "1")
L 06/11/2021 - 15:20:48: [basecommands.smx] "Console<0><Console><Console>" changed cvar (cvar "versus_tank_chance") (value "1")
L 06/11/2021 - 15:20:48: [basecommands.smx] "Console<0><Console><Console>" changed cvar (cvar "versus_witch_chance_intro") (value "0")
L 06/11/2021 - 15:20:48: [basecommands.smx] "Console<0><Console><Console>" changed cvar (cvar "versus_witch_chance_finale") (value "0")
L 06/11/2021 - 15:20:48: [basecommands.smx] "Console<0><Console><Console>" changed cvar (cvar "versus_witch_chance") (value "1")
L 06/11/2021 - 15:20:48: [basecommands.smx] "Console<0><Console><Console>" changed cvar (cvar "director_force_tank") (value "1")
L 06/11/2021 - 15:20:48: [basecommands.smx] "Console<0><Console><Console>" changed cvar (cvar "versus_boss_flow_min") (value "0.4")
L 06/11/2021 - 15:20:48: [basecommands.smx] "Console<0><Console><Console>" changed cvar (cvar "versus_boss_flow_max") (value "0.6")
L 06/11/2021 - 15:20:48: [basecommands.smx] "Console<0><Console><Console>" changed cvar (cvar "versus_boss_flow_min_intro") (value "0.1")
L 06/11/2021 - 15:20:48: [basecommands.smx] "Console<0><Console><Console>" changed cvar (cvar "versus_boss_flow_max_intro") (value "0.2")
L 06/11/2021 - 15:20:48: [basecommands.smx] "Console<0><Console><Console>" changed cvar (cvar "versus_boss_flow_min_finale") (value "0.1")
L 06/11/2021 - 15:20:48: [basecommands.smx] "Console<0><Console><Console>" changed cvar (cvar "versus_boss_flow_max_finale") (value "0.2")
L 06/11/2021 - 15:20:48: [basecommands.smx] "Console<0><Console><Console>" changed cvar (cvar "boomer_vomit_delay") (value "0.1")
L 06/11/2021 - 15:20:48: [basecommands.smx] "Console<0><Console><Console>" changed cvar (cvar "smoker_tongue_delay") (value "0.1")
L 06/11/2021 - 15:20:48: [basecommands.smx] "Console<0><Console><Console>" changed cvar (cvar "vs_survival_bonus") (value "35")
L 06/11/2021 - 15:20:48: [basecommands.smx] "Console<0><Console><Console>" changed cvar (cvar "z_tank_throw_health") (value "10")
L 06/11/2021 - 15:20:48: [basecommands.smx] "Console<0><Console><Console>" changed cvar (cvar "sv_client_min_interp_ratio") (value "-1")
L 06/11/2021 - 15:20:48: [basecommands.smx] "Console<0><Console><Console>" changed cvar (cvar "sv_client_max_interp_ratio") (value "0")
L 06/11/2021 - 15:20:48: [basecommands.smx] "Console<0><Console><Console>" changed cvar (cvar "sv_minrate") (value "100000")
L 06/11/2021 - 15:20:48: [basecommands.smx] "Console<0><Console><Console>" changed cvar (cvar "sv_maxrate") (value "100000")
L 06/11/2021 - 15:20:48: [basecommands.smx] "Console<0><Console><Console>" changed cvar (cvar "sv_mincmdrate") (value "100")
L 06/11/2021 - 15:20:48: [basecommands.smx] "Console<0><Console><Console>" changed cvar (cvar "sv_maxcmdrate") (value "100")
L 06/11/2021 - 15:20:48: [basecommands.smx] "Console<0><Console><Console>" changed cvar (cvar "sv_minupdaterate") (value "100")
L 06/11/2021 - 15:20:48: [basecommands.smx] "Console<0><Console><Console>" changed cvar (cvar "sv_maxupdaterate") (value "100")
L 06/11/2021 - 15:20:48: [basecommands.smx] "Console<0><Console><Console>" changed cvar (cvar "nb_update_frequency") (value "0.014")
L 06/11/2021 - 15:20:48: [basecommands.smx] "Console<0><Console><Console>" changed cvar (cvar "net_splitpacket_maxrate") (value "50000")
L 06/11/2021 - 15:20:48: [basecommands.smx] "Console<0><Console><Console>" changed cvar (cvar "fps_max") (value "0")
L 06/11/2021 - 15:20:48: [basecommands.smx] "Console<0><Console><Console>" changed cvar (cvar "hostname") (value "Versus")
L 06/11/2021 - 15:22:58: [l4d2_skill_detect.smx] Clear: 3 freed 3 from 7: time: -1.00 / 0.55 -- class: smoker (with shove? 1)
L 06/11/2021 - 15:23:15: [l4d2_skill_detect.smx] Clear: 3 freed 4 from 8: time: 0.66 / -1.00 -- class: hunter (with shove? 0)
L 06/11/2021 - 15:23:20: [l4d2_skill_detect.smx] Clear: 4 freed 2 from 5: time: 7.00 / -1.00 -- class: jockey (with shove? 0)
L 06/11/2021 - 15:23:46: [l4d2_skill_detect.smx] Witch Crown Check: Failed: bungled: 1 / crowntype: 0 (entity: 642)
L 06/11/2021 - 15:23:46: [l4d2_skill_detect.smx] Witch Crown Check: Further details: attacker: 🥐Le Facture Sensuale🎮, attacker dmg: 0, teamless dmg: 0
L 06/11/2021 - 15:23:52: [l4d2_skill_detect.smx] Charge carry start: 7 - 4 -- time: 182.22
L 06/11/2021 - 15:23:54: [l4d2_skill_detect.smx] Clear: 2 freed 4 from 7: time: 0.48 / 2.53 -- class: charger (with shove? 0)
L 06/11/2021 - 15:23:56: [l4d2_skill_detect.smx] Checking charge victim: 7 - 4 - flags: 1 (alive? 1)
L 06/11/2021 - 15:24:28: [l4d2_skill_detect.smx] calarm trigger: caller 1171 / activator 1171 / delay: 0.00
L 06/11/2021 - 15:24:29: [l4d2_skill_detect.smx] Clear: 4 freed 2 from 7: time: 4.70 / -1.00 -- class: hunter (with shove? 0)
L 06/11/2021 - 15:26:36: [l4d2_skill_detect.smx] Charge carry start: 1 - 13 -- time: 346.73
L 06/11/2021 - 15:27:07: -------- Mapchange to c8m2_subway --------
L 06/11/2021 - 15:27:10: [basecommands.smx] "Console<0><Console><Console>" changed cvar (cvar "sv_force_time_of_day") (value "0")
L 06/11/2021 - 15:27:10: [basecommands.smx] "Console<0><Console><Console>" changed cvar (cvar "z_witch_damage_per_kill_hit") (value "120")
L 06/11/2021 - 15:27:10: [basecommands.smx] "Console<0><Console><Console>" changed cvar (cvar "z_witch_anger_rate") (value "0.4")
L 06/11/2021 - 15:27:10: [basecommands.smx] "Console<0><Console><Console>" changed cvar (cvar "z_witch_flashlight_range") (value "2000")
L 06/11/2021 - 15:27:10: [basecommands.smx] "Console<0><Console><Console>" changed cvar (cvar "z_witch_burn_time") (value "100")
L 06/11/2021 - 15:27:10: [basecommands.smx] "Console<0><Console><Console>" changed cvar (cvar "z_tank_health") (value "4000")
L 06/11/2021 - 15:27:10: [basecommands.smx] "Console<0><Console><Console>" changed cvar (cvar "z_ghost_delay_min") (value "15")
L 06/11/2021 - 15:27:10: [basecommands.smx] "Console<0><Console><Console>" changed cvar (cvar "z_ghost_delay_max") (value "15")
L 06/11/2021 - 15:27:10: [basecommands.smx] "Console<0><Console><Console>" changed cvar (cvar "z_hunter_limit") (value "1")
L 06/11/2021 - 15:27:10: [basecommands.smx] "Console<0><Console><Console>" changed cvar (cvar "z_smoker_limit") (value "1")
L 06/11/2021 - 15:27:10: [basecommands.smx] "Console<0><Console><Console>" changed cvar (cvar "z_jockey_limit") (value "1")
L 06/11/2021 - 15:27:10: [basecommands.smx] "Console<0><Console><Console>" changed cvar (cvar "versus_tank_chance_intro") (value "1")
L 06/11/2021 - 15:27:10: [basecommands.smx] "Console<0><Console><Console>" changed cvar (cvar "versus_tank_chance_finale") (value "1")
L 06/11/2021 - 15:27:10: [basecommands.smx] "Console<0><Console><Console>" changed cvar (cvar "versus_tank_chance") (value "1")
L 06/11/2021 - 15:27:10: [basecommands.smx] "Console<0><Console><Console>" changed cvar (cvar "versus_witch_chance_intro") (value "0")
L 06/11/2021 - 15:27:10: [basecommands.smx] "Console<0><Console><Console>" changed cvar (cvar "versus_witch_chance_finale") (value "0")
L 06/11/2021 - 15:27:10: [basecommands.smx] "Console<0><Console><Console>" changed cvar (cvar "versus_witch_chance") (value "1")
L 06/11/2021 - 15:27:10: [basecommands.smx] "Console<0><Console><Console>" changed cvar (cvar "director_force_tank") (value "1")
L 06/11/2021 - 15:27:10: [basecommands.smx] "Console<0><Console><Console>" changed cvar (cvar "versus_boss_flow_min") (value "0.4")
L 06/11/2021 - 15:27:10: [basecommands.smx] "Console<0><Console><Console>" changed cvar (cvar "versus_boss_flow_max") (value "0.6")
L 06/11/2021 - 15:27:10: [basecommands.smx] "Console<0><Console><Console>" changed cvar (cvar "versus_boss_flow_min_intro") (value "0.1")
L 06/11/2021 - 15:27:10: [basecommands.smx] "Console<0><Console><Console>" changed cvar (cvar "versus_boss_flow_max_intro") (value "0.2")
L 06/11/2021 - 15:27:10: [basecommands.smx] "Console<0><Console><Console>" changed cvar (cvar "versus_boss_flow_min_finale") (value "0.1")
L 06/11/2021 - 15:27:10: [basecommands.smx] "Console<0><Console><Console>" changed cvar (cvar "versus_boss_flow_max_finale") (value "0.2")
L 06/11/2021 - 15:27:10: [basecommands.smx] "Console<0><Console><Console>" changed cvar (cvar "boomer_vomit_delay") (value "0.1")
L 06/11/2021 - 15:27:10: [basecommands.smx] "Console<0><Console><Console>" changed cvar (cvar "smoker_tongue_delay") (value "0.1")
L 06/11/2021 - 15:27:10: [basecommands.smx] "Console<0><Console><Console>" changed cvar (cvar "vs_survival_bonus") (value "35")
L 06/11/2021 - 15:27:10: [basecommands.smx] "Console<0><Console><Console>" changed cvar (cvar "z_tank_throw_health") (value "10")
L 06/11/2021 - 15:27:10: [basecommands.smx] "Console<0><Console><Console>" changed cvar (cvar "sv_client_min_interp_ratio") (value "-1")
L 06/11/2021 - 15:27:10: [basecommands.smx] "Console<0><Console><Console>" changed cvar (cvar "sv_client_max_interp_ratio") (value "0")
L 06/11/2021 - 15:27:10: [basecommands.smx] "Console<0><Console><Console>" changed cvar (cvar "sv_minrate") (value "100000")
L 06/11/2021 - 15:27:10: [basecommands.smx] "Console<0><Console><Console>" changed cvar (cvar "sv_maxrate") (value "100000")
L 06/11/2021 - 15:27:10: [basecommands.smx] "Console<0><Console><Console>" changed cvar (cvar "sv_mincmdrate") (value "100")
L 06/11/2021 - 15:27:10: [basecommands.smx] "Console<0><Console><Console>" changed cvar (cvar "sv_maxcmdrate") (value "100")
L 06/11/2021 - 15:27:10: [basecommands.smx] "Console<0><Console><Console>" changed cvar (cvar "sv_minupdaterate") (value "100")
L 06/11/2021 - 15:27:10: [basecommands.smx] "Console<0><Console><Console>" changed cvar (cvar "sv_maxupdaterate") (value "100")
L 06/11/2021 - 15:27:10: [basecommands.smx] "Console<0><Console><Console>" changed cvar (cvar "nb_update_frequency") (value "0.014")
L 06/11/2021 - 15:27:10: [basecommands.smx] "Console<0><Console><Console>" changed cvar (cvar "net_splitpacket_maxrate") (value "50000")
L 06/11/2021 - 15:27:10: [basecommands.smx] "Console<0><Console><Console>" changed cvar (cvar "fps_max") (value "0")
L 06/11/2021 - 15:27:10: [basecommands.smx] "Console<0><Console><Console>" changed cvar (cvar "hostname") (value "Versus")
L 06/11/2021 - 15:27:48: -------- Mapchange to c10m1_caves --------
L 06/11/2021 - 15:27:50: [basecommands.smx] "Console<0><Console><Console>" changed cvar (cvar "sv_force_time_of_day") (value "0")
L 06/11/2021 - 15:27:50: [basecommands.smx] "Console<0><Console><Console>" changed cvar (cvar "z_witch_damage_per_kill_hit") (value "120")
L 06/11/2021 - 15:27:50: [basecommands.smx] "Console<0><Console><Console>" changed cvar (cvar "z_witch_anger_rate") (value "0.4")
L 06/11/2021 - 15:27:50: [basecommands.smx] "Console<0><Console><Console>" changed cvar (cvar "z_witch_flashlight_range") (value "2000")
L 06/11/2021 - 15:27:50: [basecommands.smx] "Console<0><Console><Console>" changed cvar (cvar "z_witch_burn_time") (value "100")
L 06/11/2021 - 15:27:50: [basecommands.smx] "Console<0><Console><Console>" changed cvar (cvar "z_tank_health") (value "4000")
L 06/11/2021 - 15:27:50: [basecommands.smx] "Console<0><Console><Console>" changed cvar (cvar "z_ghost_delay_min") (value "15")
L 06/11/2021 - 15:27:50: [basecommands.smx] "Console<0><Console><Console>" changed cvar (cvar "z_ghost_delay_max") (value "15")
L 06/11/2021 - 15:27:50: [basecommands.smx] "Console<0><Console><Console>" changed cvar (cvar "z_hunter_limit") (value "1")
L 06/11/2021 - 15:27:50: [basecommands.smx] "Console<0><Console><Console>" changed cvar (cvar "z_smoker_limit") (value "1")
L 06/11/2021 - 15:27:50: [basecommands.smx] "Console<0><Console><Console>" changed cvar (cvar "z_jockey_limit") (value "1")
L 06/11/2021 - 15:27:50: [basecommands.smx] "Console<0><Console><Console>" changed cvar (cvar "versus_tank_chance_intro") (value "1")
L 06/11/2021 - 15:27:50: [basecommands.smx] "Console<0><Console><Console>" changed cvar (cvar "versus_tank_chance_finale") (value "1")
L 06/11/2021 - 15:27:50: [basecommands.smx] "Console<0><Console><Console>" changed cvar (cvar "versus_tank_chance") (value "1")
L 06/11/2021 - 15:27:50: [basecommands.smx] "Console<0><Console><Console>" changed cvar (cvar "versus_witch_chance_intro") (value "0")
L 06/11/2021 - 15:27:50: [basecommands.smx] "Console<0><Console><Console>" changed cvar (cvar "versus_witch_chance_finale") (value "0")
L 06/11/2021 - 15:27:50: [basecommands.smx] "Console<0><Console><Console>" changed cvar (cvar "versus_witch_chance") (value "1")
L 06/11/2021 - 15:27:50: [basecommands.smx] "Console<0><Console><Console>" changed cvar (cvar "director_force_tank") (value "1")
L 06/11/2021 - 15:27:50: [basecommands.smx] "Console<0><Console><Console>" changed cvar (cvar "versus_boss_flow_min") (value "0.4")
L 06/11/2021 - 15:27:50: [basecommands.smx] "Console<0><Console><Console>" changed cvar (cvar "versus_boss_flow_max") (value "0.6")
L 06/11/2021 - 15:27:50: [basecommands.smx] "Console<0><Console><Console>" changed cvar (cvar "versus_boss_flow_min_intro") (value "0.1")
L 06/11/2021 - 15:27:50: [basecommands.smx] "Console<0><Console><Console>" changed cvar (cvar "versus_boss_flow_max_intro") (value "0.2")
L 06/11/2021 - 15:27:50: [basecommands.smx] "Console<0><Console><Console>" changed cvar (cvar "versus_boss_flow_min_finale") (value "0.1")
L 06/11/2021 - 15:27:50: [basecommands.smx] "Console<0><Console><Console>" changed cvar (cvar "versus_boss_flow_max_finale") (value "0.2")
L 06/11/2021 - 15:27:50: [basecommands.smx] "Console<0><Console><Console>" changed cvar (cvar "boomer_vomit_delay") (value "0.1")
L 06/11/2021 - 15:27:50: [basecommands.smx] "Console<0><Console><Console>" changed cvar (cvar "smoker_tongue_delay") (value "0.1")
L 06/11/2021 - 15:27:50: [basecommands.smx] "Console<0><Console><Console>" changed cvar (cvar "vs_survival_bonus") (value "35")
L 06/11/2021 - 15:27:50: [basecommands.smx] "Console<0><Console><Console>" changed cvar (cvar "z_tank_throw_health") (value "10")
L 06/11/2021 - 15:27:50: [basecommands.smx] "Console<0><Console><Console>" changed cvar (cvar "sv_client_min_interp_ratio") (value "-1")
L 06/11/2021 - 15:27:50: [basecommands.smx] "Console<0><Console><Console>" changed cvar (cvar "sv_client_max_interp_ratio") (value "0")
L 06/11/2021 - 15:27:50: [basecommands.smx] "Console<0><Console><Console>" changed cvar (cvar "sv_minrate") (value "100000")
L 06/11/2021 - 15:27:50: [basecommands.smx] "Console<0><Console><Console>" changed cvar (cvar "sv_maxrate") (value "100000")
L 06/11/2021 - 15:27:50: [basecommands.smx] "Console<0><Console><Console>" changed cvar (cvar "sv_mincmdrate") (value "100")
L 06/11/2021 - 15:27:50: [basecommands.smx] "Console<0><Console><Console>" changed cvar (cvar "sv_maxcmdrate") (value "100")
L 06/11/2021 - 15:27:50: [basecommands.smx] "Console<0><Console><Console>" changed cvar (cvar "sv_minupdaterate") (value "100")
L 06/11/2021 - 15:27:50: [basecommands.smx] "Console<0><Console><Console>" changed cvar (cvar "sv_maxupdaterate") (value "100")
L 06/11/2021 - 15:27:50: [basecommands.smx] "Console<0><Console><Console>" changed cvar (cvar "nb_update_frequency") (value "0.014")
L 06/11/2021 - 15:27:50: [basecommands.smx] "Console<0><Console><Console>" changed cvar (cvar "net_splitpacket_maxrate") (value "50000")
L 06/11/2021 - 15:27:50: [basecommands.smx] "Console<0><Console><Console>" changed cvar (cvar "fps_max") (value "0")
L 06/11/2021 - 15:27:50: [basecommands.smx] "Console<0><Console><Console>" changed cvar (cvar "hostname") (value "Versus")
L 06/11/2021 - 15:29:31: [l4d2_skill_detect.smx] Clear: 4 freed 2 from 5: time: -1.00 / 3.54 -- class: smoker (with shove? 0)
L 06/11/2021 - 15:30:00: [l4d2_skill_detect.smx] Clear: 1 freed 2 from 6: time: 0.27 / -1.00 -- class: jockey (with shove? 0)
L 06/11/2021 - 15:31:20: [l4d2_skill_detect.smx] Clear: 1 freed 4 from 5: time: 1.33 / -1.00 -- class: jockey (with shove? 0)
L 06/11/2021 - 15:31:32: [l4d2_skill_detect.smx] Clear: 1 freed 2 from 6: time: -1.00 / 2.75 -- class: smoker (with shove? 0)
L 06/11/2021 - 15:31:36: -------- Mapchange to c1m1_hotel --------
L 06/11/2021 - 15:31:38: [basecommands.smx] "Console<0><Console><Console>" changed cvar (cvar "sv_force_time_of_day") (value "0")
L 06/11/2021 - 15:31:38: [basecommands.smx] "Console<0><Console><Console>" changed cvar (cvar "z_witch_damage_per_kill_hit") (value "120")
L 06/11/2021 - 15:31:38: [basecommands.smx] "Console<0><Console><Console>" changed cvar (cvar "z_witch_anger_rate") (value "0.4")
L 06/11/2021 - 15:31:38: [basecommands.smx] "Console<0><Console><Console>" changed cvar (cvar "z_witch_flashlight_range") (value "2000")
L 06/11/2021 - 15:31:38: [basecommands.smx] "Console<0><Console><Console>" changed cvar (cvar "z_witch_burn_time") (value "100")
L 06/11/2021 - 15:31:38: [basecommands.smx] "Console<0><Console><Console>" changed cvar (cvar "z_tank_health") (value "4000")
L 06/11/2021 - 15:31:38: [basecommands.smx] "Console<0><Console><Console>" changed cvar (cvar "z_ghost_delay_min") (value "15")
L 06/11/2021 - 15:31:38: [basecommands.smx] "Console<0><Console><Console>" changed cvar (cvar "z_ghost_delay_max") (value "15")
L 06/11/2021 - 15:31:38: [basecommands.smx] "Console<0><Console><Console>" changed cvar (cvar "z_hunter_limit") (value "1")
L 06/11/2021 - 15:31:38: [basecommands.smx] "Console<0><Console><Console>" changed cvar (cvar "z_smoker_limit") (value "1")
L 06/11/2021 - 15:31:38: [basecommands.smx] "Console<0><Console><Console>" changed cvar (cvar "z_jockey_limit") (value "1")
L 06/11/2021 - 15:31:38: [basecommands.smx] "Console<0><Console><Console>" changed cvar (cvar "versus_tank_chance_intro") (value "1")
L 06/11/2021 - 15:31:38: [basecommands.smx] "Console<0><Console><Console>" changed cvar (cvar "versus_tank_chance_finale") (value "1")
L 06/11/2021 - 15:31:38: [basecommands.smx] "Console<0><Console><Console>" changed cvar (cvar "versus_tank_chance") (value "1")
L 06/11/2021 - 15:31:38: [basecommands.smx] "Console<0><Console><Console>" changed cvar (cvar "versus_witch_chance_intro") (value "0")
L 06/11/2021 - 15:31:38: [basecommands.smx] "Console<0><Console><Console>" changed cvar (cvar "versus_witch_chance_finale") (value "0")
L 06/11/2021 - 15:31:38: [basecommands.smx] "Console<0><Console><Console>" changed cvar (cvar "versus_witch_chance") (value "1")
L 06/11/2021 - 15:31:38: [basecommands.smx] "Console<0><Console><Console>" changed cvar (cvar "director_force_tank") (value "1")
L 06/11/2021 - 15:31:38: [basecommands.smx] "Console<0><Console><Console>" changed cvar (cvar "versus_boss_flow_min") (value "0.4")
L 06/11/2021 - 15:31:38: [basecommands.smx] "Console<0><Console><Console>" changed cvar (cvar "versus_boss_flow_max") (value "0.6")
L 06/11/2021 - 15:31:38: [basecommands.smx] "Console<0><Console><Console>" changed cvar (cvar "versus_boss_flow_min_intro") (value "0.1")
L 06/11/2021 - 15:31:38: [basecommands.smx] "Console<0><Console><Console>" changed cvar (cvar "versus_boss_flow_max_intro") (value "0.2")
L 06/11/2021 - 15:31:38: [basecommands.smx] "Console<0><Console><Console>" changed cvar (cvar "versus_boss_flow_min_finale") (value "0.1")
L 06/11/2021 - 15:31:38: [basecommands.smx] "Console<0><Console><Console>" changed cvar (cvar "versus_boss_flow_max_finale") (value "0.2")
L 06/11/2021 - 15:31:38: [basecommands.smx] "Console<0><Console><Console>" changed cvar (cvar "boomer_vomit_delay") (value "0.1")
L 06/11/2021 - 15:31:38: [basecommands.smx] "Console<0><Console><Console>" changed cvar (cvar "smoker_tongue_delay") (value "0.1")
L 06/11/2021 - 15:31:38: [basecommands.smx] "Console<0><Console><Console>" changed cvar (cvar "vs_survival_bonus") (value "35")
L 06/11/2021 - 15:31:38: [basecommands.smx] "Console<0><Console><Console>" changed cvar (cvar "z_tank_throw_health") (value "10")
L 06/11/2021 - 15:31:38: [basecommands.smx] "Console<0><Console><Console>" changed cvar (cvar "sv_client_min_interp_ratio") (value "-1")
L 06/11/2021 - 15:31:38: [basecommands.smx] "Console<0><Console><Console>" changed cvar (cvar "sv_client_max_interp_ratio") (value "0")
L 06/11/2021 - 15:31:38: [basecommands.smx] "Console<0><Console><Console>" changed cvar (cvar "sv_minrate") (value "100000")
L 06/11/2021 - 15:31:38: [basecommands.smx] "Console<0><Console><Console>" changed cvar (cvar "sv_maxrate") (value "100000")
L 06/11/2021 - 15:31:38: [basecommands.smx] "Console<0><Console><Console>" changed cvar (cvar "sv_mincmdrate") (value "100")
L 06/11/2021 - 15:31:38: [basecommands.smx] "Console<0><Console><Console>" changed cvar (cvar "sv_maxcmdrate") (value "100")
L 06/11/2021 - 15:31:38: [basecommands.smx] "Console<0><Console><Console>" changed cvar (cvar "sv_minupdaterate") (value "100")
L 06/11/2021 - 15:31:38: [basecommands.smx] "Console<0><Console><Console>" changed cvar (cvar "sv_maxupdaterate") (value "100")
L 06/11/2021 - 15:31:38: [basecommands.smx] "Console<0><Console><Console>" changed cvar (cvar "nb_update_frequency") (value "0.014")
L 06/11/2021 - 15:31:38: [basecommands.smx] "Console<0><Console><Console>" changed cvar (cvar "net_splitpacket_maxrate") (value "50000")
L 06/11/2021 - 15:31:38: [basecommands.smx] "Console<0><Console><Console>" changed cvar (cvar "fps_max") (value "0")
L 06/11/2021 - 15:31:38: [basecommands.smx] "Console<0><Console><Console>" changed cvar (cvar "hostname") (value "Versus")
L 06/11/2021 - 15:33:27: [l4d2_skill_detect.smx] Clear: 3 freed 4 from 8: time: -1.00 / 1.58 -- class: smoker (with shove? 1)
L 06/11/2021 - 15:33:38: [l4d2_skill_detect.smx] Clear: 1 freed 3 from 9: time: 2.34 / -1.00 -- class: hunter (with shove? 0)
L 06/11/2021 - 15:53:19: [basecommands.smx] "Console<0><Console><Console>" changed cvar (cvar "vs_max_team_switches") (value "5")
L 06/11/2021 - 15:53:21: [basecommands.smx] "Console<0><Console><Console>" changed cvar (cvar "vs_max_team_switches") (value "5")
L 06/11/2021 - 16:30:57: [basecommands.smx] "Console<0><Console><Console>" changed cvar (cvar "vs_max_team_switches") (value "5")
