L 06/05/2021 - 22:45:41: SourceMod log file session started (file "D:\Steam\steamapps\common\Left 4 Dead 2\left4dead2\addons\sourcemod\logs\L20210605.log") (Version "1.10.0.6492")
L 06/05/2021 - 22:45:41: [simplewelcomemsg.smx] Set the maximum number of lines of.
L 06/05/2021 - 22:45:48: [basecommands.smx] "Console<0><Console><Console>" changed cvar (cvar "sv_force_time_of_day") (value "0")
L 06/05/2021 - 22:45:48: [basecommands.smx] "Console<0><Console><Console>" changed cvar (cvar "z_witch_damage_per_kill_hit") (value "120")
L 06/05/2021 - 22:45:48: [basecommands.smx] "Console<0><Console><Console>" changed cvar (cvar "z_witch_anger_rate") (value "0.4")
L 06/05/2021 - 22:45:48: [basecommands.smx] "Console<0><Console><Console>" changed cvar (cvar "z_witch_flashlight_range") (value "2000")
L 06/05/2021 - 22:45:48: [basecommands.smx] "Console<0><Console><Console>" changed cvar (cvar "z_witch_burn_time") (value "100")
L 06/05/2021 - 22:45:48: [basecommands.smx] "Console<0><Console><Console>" changed cvar (cvar "z_tank_health") (value "4000")
L 06/05/2021 - 22:45:48: [basecommands.smx] "Console<0><Console><Console>" changed cvar (cvar "z_ghost_delay_min") (value "15")
L 06/05/2021 - 22:45:48: [basecommands.smx] "Console<0><Console><Console>" changed cvar (cvar "z_ghost_delay_max") (value "15")
L 06/05/2021 - 22:45:48: [basecommands.smx] "Console<0><Console><Console>" changed cvar (cvar "z_hunter_limit") (value "1")
L 06/05/2021 - 22:45:48: [basecommands.smx] "Console<0><Console><Console>" changed cvar (cvar "z_smoker_limit") (value "1")
L 06/05/2021 - 22:45:48: [basecommands.smx] "Console<0><Console><Console>" changed cvar (cvar "z_jockey_limit") (value "1")
L 06/05/2021 - 22:45:48: [basecommands.smx] "Console<0><Console><Console>" changed cvar (cvar "versus_tank_chance_intro") (value "1")
L 06/05/2021 - 22:45:48: [basecommands.smx] "Console<0><Console><Console>" changed cvar (cvar "versus_tank_chance_finale") (value "1")
L 06/05/2021 - 22:45:48: [basecommands.smx] "Console<0><Console><Console>" changed cvar (cvar "versus_tank_chance") (value "1")
L 06/05/2021 - 22:45:48: [basecommands.smx] "Console<0><Console><Console>" changed cvar (cvar "versus_witch_chance_intro") (value "0")
L 06/05/2021 - 22:45:48: [basecommands.smx] "Console<0><Console><Console>" changed cvar (cvar "versus_witch_chance_finale") (value "0")
L 06/05/2021 - 22:45:48: [basecommands.smx] "Console<0><Console><Console>" changed cvar (cvar "versus_witch_chance") (value "1")
L 06/05/2021 - 22:45:48: [basecommands.smx] "Console<0><Console><Console>" changed cvar (cvar "director_force_tank") (value "1")
L 06/05/2021 - 22:45:49: [basecommands.smx] "Console<0><Console><Console>" changed cvar (cvar "versus_boss_flow_min") (value "0.4")
L 06/05/2021 - 22:45:49: [basecommands.smx] "Console<0><Console><Console>" changed cvar (cvar "versus_boss_flow_max") (value "0.6")
L 06/05/2021 - 22:45:49: [basecommands.smx] "Console<0><Console><Console>" changed cvar (cvar "versus_boss_flow_min_intro") (value "0.1")
L 06/05/2021 - 22:45:49: [basecommands.smx] "Console<0><Console><Console>" changed cvar (cvar "versus_boss_flow_max_intro") (value "0.2")
L 06/05/2021 - 22:45:49: [basecommands.smx] "Console<0><Console><Console>" changed cvar (cvar "versus_boss_flow_min_finale") (value "0.1")
L 06/05/2021 - 22:45:49: [basecommands.smx] "Console<0><Console><Console>" changed cvar (cvar "versus_boss_flow_max_finale") (value "0.2")
L 06/05/2021 - 22:45:49: [basecommands.smx] "Console<0><Console><Console>" changed cvar (cvar "boomer_vomit_delay") (value "0.1")
L 06/05/2021 - 22:45:49: [basecommands.smx] "Console<0><Console><Console>" changed cvar (cvar "smoker_tongue_delay") (value "0.1")
L 06/05/2021 - 22:45:49: [basecommands.smx] "Console<0><Console><Console>" changed cvar (cvar "vs_survival_bonus") (value "35")
L 06/05/2021 - 22:45:49: [basecommands.smx] "Console<0><Console><Console>" changed cvar (cvar "z_tank_throw_health") (value "10")
L 06/05/2021 - 22:45:49: [basecommands.smx] "Console<0><Console><Console>" changed cvar (cvar "sv_client_min_interp_ratio") (value "-1")
L 06/05/2021 - 22:45:49: [basecommands.smx] "Console<0><Console><Console>" changed cvar (cvar "sv_client_max_interp_ratio") (value "0")
L 06/05/2021 - 22:45:49: [basecommands.smx] "Console<0><Console><Console>" changed cvar (cvar "sv_minrate") (value "100000")
L 06/05/2021 - 22:45:49: [basecommands.smx] "Console<0><Console><Console>" changed cvar (cvar "sv_maxrate") (value "100000")
L 06/05/2021 - 22:45:49: [basecommands.smx] "Console<0><Console><Console>" changed cvar (cvar "sv_mincmdrate") (value "100")
L 06/05/2021 - 22:45:49: [basecommands.smx] "Console<0><Console><Console>" changed cvar (cvar "sv_maxcmdrate") (value "100")
L 06/05/2021 - 22:45:49: [basecommands.smx] "Console<0><Console><Console>" changed cvar (cvar "sv_minupdaterate") (value "100")
L 06/05/2021 - 22:45:49: [basecommands.smx] "Console<0><Console><Console>" changed cvar (cvar "sv_maxupdaterate") (value "100")
L 06/05/2021 - 22:45:49: [basecommands.smx] "Console<0><Console><Console>" changed cvar (cvar "nb_update_frequency") (value "0.014")
L 06/05/2021 - 22:45:49: [basecommands.smx] "Console<0><Console><Console>" changed cvar (cvar "net_splitpacket_maxrate") (value "50000")
L 06/05/2021 - 22:45:49: [basecommands.smx] "Console<0><Console><Console>" changed cvar (cvar "fps_max") (value "0")
L 06/05/2021 - 22:45:49: [basecommands.smx] "Console<0><Console><Console>" changed cvar (cvar "hostname") (value "Versus")
L 06/05/2021 - 22:47:07: [basecommands.smx] "McLovin™<4><STEAM_1:1:4151444><>" changed cvar (cvar "vs_max_team_switches") (value "5")
L 06/05/2021 - 22:47:11: [basecommands.smx] "McLovin™<4><STEAM_1:1:4151444><>" changed cvar (cvar "vs_max_team_switches") (value "0")
L 06/05/2021 - 22:47:33: [l4d2_skill_detect.smx] Clear: 4 freed 5 from 3: time: 1.13 / -1.00 -- class: hunter (with shove? 0)
L 06/05/2021 - 22:48:02: [l4d2_skill_detect.smx] Clear: 6 freed 4 from 7: time: -1.00 / 2.72 -- class: smoker (with shove? 0)
L 06/05/2021 - 22:48:15: [l4d2_skill_detect.smx] Clear: 6 freed 9 from 3: time: 11.50 / -1.00 -- class: jockey (with shove? 1)
L 06/05/2021 - 22:48:50: [l4d2_skill_detect.smx] Clear: 2 freed 6 from 1: time: 3.64 / -1.00 -- class: hunter (with shove? 0)
L 06/05/2021 - 22:49:21: -------- Mapchange to c2m1_highway --------
L 06/05/2021 - 22:49:23: [basecommands.smx] "Console<0><Console><Console>" changed cvar (cvar "sv_force_time_of_day") (value "0")
L 06/05/2021 - 22:49:23: [basecommands.smx] "Console<0><Console><Console>" changed cvar (cvar "z_witch_damage_per_kill_hit") (value "120")
L 06/05/2021 - 22:49:23: [basecommands.smx] "Console<0><Console><Console>" changed cvar (cvar "z_witch_anger_rate") (value "0.4")
L 06/05/2021 - 22:49:23: [basecommands.smx] "Console<0><Console><Console>" changed cvar (cvar "z_witch_flashlight_range") (value "2000")
L 06/05/2021 - 22:49:23: [basecommands.smx] "Console<0><Console><Console>" changed cvar (cvar "z_witch_burn_time") (value "100")
L 06/05/2021 - 22:49:23: [basecommands.smx] "Console<0><Console><Console>" changed cvar (cvar "z_tank_health") (value "4000")
L 06/05/2021 - 22:49:23: [basecommands.smx] "Console<0><Console><Console>" changed cvar (cvar "z_ghost_delay_min") (value "15")
L 06/05/2021 - 22:49:23: [basecommands.smx] "Console<0><Console><Console>" changed cvar (cvar "z_ghost_delay_max") (value "15")
L 06/05/2021 - 22:49:23: [basecommands.smx] "Console<0><Console><Console>" changed cvar (cvar "z_hunter_limit") (value "1")
L 06/05/2021 - 22:49:23: [basecommands.smx] "Console<0><Console><Console>" changed cvar (cvar "z_smoker_limit") (value "1")
L 06/05/2021 - 22:49:23: [basecommands.smx] "Console<0><Console><Console>" changed cvar (cvar "z_jockey_limit") (value "1")
L 06/05/2021 - 22:49:23: [basecommands.smx] "Console<0><Console><Console>" changed cvar (cvar "versus_tank_chance_intro") (value "1")
L 06/05/2021 - 22:49:23: [basecommands.smx] "Console<0><Console><Console>" changed cvar (cvar "versus_tank_chance_finale") (value "1")
L 06/05/2021 - 22:49:23: [basecommands.smx] "Console<0><Console><Console>" changed cvar (cvar "versus_tank_chance") (value "1")
L 06/05/2021 - 22:49:23: [basecommands.smx] "Console<0><Console><Console>" changed cvar (cvar "versus_witch_chance_intro") (value "0")
L 06/05/2021 - 22:49:23: [basecommands.smx] "Console<0><Console><Console>" changed cvar (cvar "versus_witch_chance_finale") (value "0")
L 06/05/2021 - 22:49:23: [basecommands.smx] "Console<0><Console><Console>" changed cvar (cvar "versus_witch_chance") (value "1")
L 06/05/2021 - 22:49:23: [basecommands.smx] "Console<0><Console><Console>" changed cvar (cvar "director_force_tank") (value "1")
L 06/05/2021 - 22:49:23: [basecommands.smx] "Console<0><Console><Console>" changed cvar (cvar "versus_boss_flow_min") (value "0.4")
L 06/05/2021 - 22:49:23: [basecommands.smx] "Console<0><Console><Console>" changed cvar (cvar "versus_boss_flow_max") (value "0.6")
L 06/05/2021 - 22:49:23: [basecommands.smx] "Console<0><Console><Console>" changed cvar (cvar "versus_boss_flow_min_intro") (value "0.1")
L 06/05/2021 - 22:49:23: [basecommands.smx] "Console<0><Console><Console>" changed cvar (cvar "versus_boss_flow_max_intro") (value "0.2")
L 06/05/2021 - 22:49:23: [basecommands.smx] "Console<0><Console><Console>" changed cvar (cvar "versus_boss_flow_min_finale") (value "0.1")
L 06/05/2021 - 22:49:23: [basecommands.smx] "Console<0><Console><Console>" changed cvar (cvar "versus_boss_flow_max_finale") (value "0.2")
L 06/05/2021 - 22:49:23: [basecommands.smx] "Console<0><Console><Console>" changed cvar (cvar "boomer_vomit_delay") (value "0.1")
L 06/05/2021 - 22:49:23: [basecommands.smx] "Console<0><Console><Console>" changed cvar (cvar "smoker_tongue_delay") (value "0.1")
L 06/05/2021 - 22:49:23: [basecommands.smx] "Console<0><Console><Console>" changed cvar (cvar "vs_survival_bonus") (value "35")
L 06/05/2021 - 22:49:23: [basecommands.smx] "Console<0><Console><Console>" changed cvar (cvar "z_tank_throw_health") (value "10")
L 06/05/2021 - 22:49:23: [basecommands.smx] "Console<0><Console><Console>" changed cvar (cvar "sv_client_min_interp_ratio") (value "-1")
L 06/05/2021 - 22:49:23: [basecommands.smx] "Console<0><Console><Console>" changed cvar (cvar "sv_client_max_interp_ratio") (value "0")
L 06/05/2021 - 22:49:23: [basecommands.smx] "Console<0><Console><Console>" changed cvar (cvar "sv_minrate") (value "100000")
L 06/05/2021 - 22:49:23: [basecommands.smx] "Console<0><Console><Console>" changed cvar (cvar "sv_maxrate") (value "100000")
L 06/05/2021 - 22:49:23: [basecommands.smx] "Console<0><Console><Console>" changed cvar (cvar "sv_mincmdrate") (value "100")
L 06/05/2021 - 22:49:23: [basecommands.smx] "Console<0><Console><Console>" changed cvar (cvar "sv_maxcmdrate") (value "100")
L 06/05/2021 - 22:49:23: [basecommands.smx] "Console<0><Console><Console>" changed cvar (cvar "sv_minupdaterate") (value "100")
L 06/05/2021 - 22:49:23: [basecommands.smx] "Console<0><Console><Console>" changed cvar (cvar "sv_maxupdaterate") (value "100")
L 06/05/2021 - 22:49:23: [basecommands.smx] "Console<0><Console><Console>" changed cvar (cvar "nb_update_frequency") (value "0.014")
L 06/05/2021 - 22:49:23: [basecommands.smx] "Console<0><Console><Console>" changed cvar (cvar "net_splitpacket_maxrate") (value "50000")
L 06/05/2021 - 22:49:23: [basecommands.smx] "Console<0><Console><Console>" changed cvar (cvar "fps_max") (value "0")
L 06/05/2021 - 22:49:23: [basecommands.smx] "Console<0><Console><Console>" changed cvar (cvar "hostname") (value "Versus")
L 06/05/2021 - 22:50:53: [l4d2_skill_detect.smx] Clear: 7 freed 2 from 1: time: 4.40 / -1.00 -- class: jockey (with shove? 0)
L 06/05/2021 - 22:51:03: [l4d2_skill_detect.smx] Clear: 7 freed 9 from 6: time: 8.65 / 14.34 -- class: smoker (with shove? 1)
L 06/05/2021 - 22:51:17: [l4d2_skill_detect.smx] Charge carry start: 1 - 9 -- time: 113.72
L 06/05/2021 - 22:51:21: [l4d2_skill_detect.smx] Checking charge victim: 1 - 9 - flags: 1 (alive? 1)
L 06/05/2021 - 22:51:42: [l4d2_skill_detect.smx] Clear: 2 freed 9 from 1: time: 24.33 / 25.13 -- class: charger (with shove? 0)
L 06/05/2021 - 22:58:13: [l4d2_skill_detect.smx] Clear: 1 freed 6 from 2: time: -1.00 / 4.47 -- class: smoker (with shove? 0)
L 06/05/2021 - 23:00:31: [l4d2_skill_detect.smx] Clear: 5 freed 3 from 7: time: 0.71 / 2.22 -- class: smoker (with shove? 1)
L 06/05/2021 - 23:00:49: [l4d2_skill_detect.smx] Clear: 6 freed 5 from 2: time: 0.79 / -1.00 -- class: hunter (with shove? 1)
L 06/05/2021 - 23:00:50: [l4d2_skill_detect.smx] Clear: 6 freed 5 from 2: time: 1.45 / -1.00 -- class: hunter (with shove? 0)
L 06/05/2021 - 23:01:17: [l4d2_skill_detect.smx] Charge carry start: 9 - 1 -- time: 713.83
L 06/05/2021 - 23:01:17: [l4d2_skill_detect.smx] Clear: 1 freed 1 from 9: time: 0.00 / 0.04 -- class: charger (with shove? 0)
L 06/05/2021 - 23:01:20: [l4d2_skill_detect.smx] Checking charge victim: 9 - 1 - flags: 1 (alive? 1)
L 06/05/2021 - 23:02:03: -------- Mapchange to c2m2_fairgrounds --------
L 06/05/2021 - 23:02:05: [basecommands.smx] "Console<0><Console><Console>" changed cvar (cvar "sv_force_time_of_day") (value "0")
L 06/05/2021 - 23:02:05: [basecommands.smx] "Console<0><Console><Console>" changed cvar (cvar "z_witch_damage_per_kill_hit") (value "120")
L 06/05/2021 - 23:02:05: [basecommands.smx] "Console<0><Console><Console>" changed cvar (cvar "z_witch_anger_rate") (value "0.4")
L 06/05/2021 - 23:02:05: [basecommands.smx] "Console<0><Console><Console>" changed cvar (cvar "z_witch_flashlight_range") (value "2000")
L 06/05/2021 - 23:02:05: [basecommands.smx] "Console<0><Console><Console>" changed cvar (cvar "z_witch_burn_time") (value "100")
L 06/05/2021 - 23:02:05: [basecommands.smx] "Console<0><Console><Console>" changed cvar (cvar "z_tank_health") (value "4000")
L 06/05/2021 - 23:02:05: [basecommands.smx] "Console<0><Console><Console>" changed cvar (cvar "z_ghost_delay_min") (value "15")
L 06/05/2021 - 23:02:05: [basecommands.smx] "Console<0><Console><Console>" changed cvar (cvar "z_ghost_delay_max") (value "15")
L 06/05/2021 - 23:02:05: [basecommands.smx] "Console<0><Console><Console>" changed cvar (cvar "z_hunter_limit") (value "1")
L 06/05/2021 - 23:02:05: [basecommands.smx] "Console<0><Console><Console>" changed cvar (cvar "z_smoker_limit") (value "1")
L 06/05/2021 - 23:02:05: [basecommands.smx] "Console<0><Console><Console>" changed cvar (cvar "z_jockey_limit") (value "1")
L 06/05/2021 - 23:02:05: [basecommands.smx] "Console<0><Console><Console>" changed cvar (cvar "versus_tank_chance_intro") (value "1")
L 06/05/2021 - 23:02:05: [basecommands.smx] "Console<0><Console><Console>" changed cvar (cvar "versus_tank_chance_finale") (value "1")
L 06/05/2021 - 23:02:05: [basecommands.smx] "Console<0><Console><Console>" changed cvar (cvar "versus_tank_chance") (value "1")
L 06/05/2021 - 23:02:05: [basecommands.smx] "Console<0><Console><Console>" changed cvar (cvar "versus_witch_chance_intro") (value "0")
L 06/05/2021 - 23:02:05: [basecommands.smx] "Console<0><Console><Console>" changed cvar (cvar "versus_witch_chance_finale") (value "0")
L 06/05/2021 - 23:02:05: [basecommands.smx] "Console<0><Console><Console>" changed cvar (cvar "versus_witch_chance") (value "1")
L 06/05/2021 - 23:02:05: [basecommands.smx] "Console<0><Console><Console>" changed cvar (cvar "director_force_tank") (value "1")
L 06/05/2021 - 23:02:05: [basecommands.smx] "Console<0><Console><Console>" changed cvar (cvar "versus_boss_flow_min") (value "0.4")
L 06/05/2021 - 23:02:05: [basecommands.smx] "Console<0><Console><Console>" changed cvar (cvar "versus_boss_flow_max") (value "0.6")
L 06/05/2021 - 23:02:05: [basecommands.smx] "Console<0><Console><Console>" changed cvar (cvar "versus_boss_flow_min_intro") (value "0.1")
L 06/05/2021 - 23:02:05: [basecommands.smx] "Console<0><Console><Console>" changed cvar (cvar "versus_boss_flow_max_intro") (value "0.2")
L 06/05/2021 - 23:02:05: [basecommands.smx] "Console<0><Console><Console>" changed cvar (cvar "versus_boss_flow_min_finale") (value "0.1")
L 06/05/2021 - 23:02:05: [basecommands.smx] "Console<0><Console><Console>" changed cvar (cvar "versus_boss_flow_max_finale") (value "0.2")
L 06/05/2021 - 23:02:05: [basecommands.smx] "Console<0><Console><Console>" changed cvar (cvar "boomer_vomit_delay") (value "0.1")
L 06/05/2021 - 23:02:05: [basecommands.smx] "Console<0><Console><Console>" changed cvar (cvar "smoker_tongue_delay") (value "0.1")
L 06/05/2021 - 23:02:05: [basecommands.smx] "Console<0><Console><Console>" changed cvar (cvar "vs_survival_bonus") (value "35")
L 06/05/2021 - 23:02:05: [basecommands.smx] "Console<0><Console><Console>" changed cvar (cvar "z_tank_throw_health") (value "10")
L 06/05/2021 - 23:02:05: [basecommands.smx] "Console<0><Console><Console>" changed cvar (cvar "sv_client_min_interp_ratio") (value "-1")
L 06/05/2021 - 23:02:05: [basecommands.smx] "Console<0><Console><Console>" changed cvar (cvar "sv_client_max_interp_ratio") (value "0")
L 06/05/2021 - 23:02:05: [basecommands.smx] "Console<0><Console><Console>" changed cvar (cvar "sv_minrate") (value "100000")
L 06/05/2021 - 23:02:05: [basecommands.smx] "Console<0><Console><Console>" changed cvar (cvar "sv_maxrate") (value "100000")
L 06/05/2021 - 23:02:05: [basecommands.smx] "Console<0><Console><Console>" changed cvar (cvar "sv_mincmdrate") (value "100")
L 06/05/2021 - 23:02:05: [basecommands.smx] "Console<0><Console><Console>" changed cvar (cvar "sv_maxcmdrate") (value "100")
L 06/05/2021 - 23:02:05: [basecommands.smx] "Console<0><Console><Console>" changed cvar (cvar "sv_minupdaterate") (value "100")
L 06/05/2021 - 23:02:05: [basecommands.smx] "Console<0><Console><Console>" changed cvar (cvar "sv_maxupdaterate") (value "100")
L 06/05/2021 - 23:02:05: [basecommands.smx] "Console<0><Console><Console>" changed cvar (cvar "nb_update_frequency") (value "0.014")
L 06/05/2021 - 23:02:05: [basecommands.smx] "Console<0><Console><Console>" changed cvar (cvar "net_splitpacket_maxrate") (value "50000")
L 06/05/2021 - 23:02:05: [basecommands.smx] "Console<0><Console><Console>" changed cvar (cvar "fps_max") (value "0")
L 06/05/2021 - 23:02:05: [basecommands.smx] "Console<0><Console><Console>" changed cvar (cvar "hostname") (value "Versus")
L 06/05/2021 - 23:02:54: [basecommands.smx] "McLovin™<4><STEAM_1:1:4151444><>" changed cvar (cvar "vs_max_team_switches") (value "0")
L 06/05/2021 - 23:03:58: [l4d2_skill_detect.smx] Clear: 6 freed 6 from 8: time: 0.00 / -1.00 -- class: jockey (with shove? 1)
L 06/05/2021 - 23:04:20: [l4d2_skill_detect.smx] Charge carry start: 7 - 6 -- time: 132.12
L 06/05/2021 - 23:04:20: [l4d2_skill_detect.smx] Clear: 3 freed 2 from 9: time: 1.36 / -1.00 -- class: hunter (with shove? 0)
L 06/05/2021 - 23:04:22: [l4d2_skill_detect.smx] Clear: 3 freed 1 from 4: time: -1.00 / 2.11 -- class: smoker (with shove? 0)
L 06/05/2021 - 23:04:23: [l4d2_skill_detect.smx] Checking charge victim: 7 - 6 - flags: 1 (alive? 1)
L 06/05/2021 - 23:04:25: [l4d2_skill_detect.smx] Clear: 2 freed 6 from 7: time: 3.94 / 5.24 -- class: charger (with shove? 0)
L 06/05/2021 - 23:04:52: [l4d2_skill_detect.smx] Charge carry start: 9 - 1 -- time: 164.30
L 06/05/2021 - 23:04:56: [l4d2_skill_detect.smx] Checking charge victim: 9 - 1 - flags: 1 (alive? 1)
L 06/05/2021 - 23:06:05: [l4d2_skill_detect.smx] Clear: 7 freed 1 from 5: time: 0.89 / -1.00 -- class: hunter (with shove? 0)
L 06/05/2021 - 23:06:19: [basecommands.smx] "♛ Rain ♛<2><STEAM_1:0:162762726><>" changed cvar (cvar "vs_max_team_switches") (value "5")
L 06/05/2021 - 23:06:22: [basecommands.smx] "♛ Rain ♛<2><STEAM_1:0:162762726><>" changed cvar (cvar "vs_max_team_switches") (value "0")
L 06/05/2021 - 23:06:29: [l4d2_skill_detect.smx] Clear: 3 freed 1 from 2: time: 0.40 / -1.00 -- class: jockey (with shove? 0)
L 06/05/2021 - 23:07:06: [l4d2_skill_detect.smx] Clear: 1 freed 8 from 4: time: 0.72 / -1.00 -- class: jockey (with shove? 0)
L 06/05/2021 - 23:07:56: [l4d2_skill_detect.smx] Clear: 1 freed 8 from 5: time: 1.39 / -1.00 -- class: hunter (with shove? 0)
L 06/05/2021 - 23:08:22: [l4d2_skill_detect.smx] Clear: 3 freed 1 from 2: time: 1.04 / -1.00 -- class: jockey (with shove? 1)
L 06/05/2021 - 23:08:59: [l4d2_skill_detect.smx] Clear: 3 freed 10 from 4: time: 2.08 / 2.09 -- class: smoker (with shove? 1)
L 06/05/2021 - 23:09:01: [l4d2_skill_detect.smx] Clear: 1 freed 3 from 5: time: 1.01 / -1.00 -- class: jockey (with shove? 0)
L 06/05/2021 - 23:09:04: [l4d2_skill_detect.smx] Clear: 3 freed 1 from 9: time: 1.20 / -1.00 -- class: hunter (with shove? 0)
L 06/05/2021 - 23:09:17: [l4d2_skill_detect.smx] Clear: 8 freed 3 from 4: time: -1.00 / 1.01 -- class: smoker (with shove? 0)
L 06/05/2021 - 23:09:29: [l4d2_skill_detect.smx] Witch Crown Check: Failed: bungled: 1 / crowntype: 0 (entity: 884)
L 06/05/2021 - 23:09:29: [l4d2_skill_detect.smx] Witch Crown Check: Further details: attacker: dn, attacker dmg: 52, teamless dmg: 0
L 06/05/2021 - 23:09:50: [l4d2_skill_detect.smx] Clear: 1 freed 10 from 6: time: 2.39 / -1.00 -- class: hunter (with shove? 0)
L 06/05/2021 - 23:10:50: [l4d2_skill_detect.smx] Charge carry start: 9 - 8 -- time: 522.20
L 06/05/2021 - 23:10:50: [l4d2_skill_detect.smx] Clear: 1 freed 10 from 2: time: 1.47 / -1.00 -- class: hunter (with shove? 0)
L 06/05/2021 - 23:10:52: [l4d2_skill_detect.smx] Clear: 1 freed 8 from 9: time: 1.75 / 2.68 -- class: charger (with shove? 0)
L 06/05/2021 - 23:10:53: [l4d2_skill_detect.smx] Checking charge victim: 9 - 8 - flags: 1 (alive? 1)
L 06/05/2021 - 23:10:54: [l4d2_skill_detect.smx] Clear: 10 freed 1 from 6: time: 1.27 / -1.00 -- class: jockey (with shove? 1)
L 06/05/2021 - 23:11:28: [l4d2_skill_detect.smx] Clear: 3 freed 10 from 6: time: 2.22 / -1.00 -- class: hunter (with shove? 0)
L 06/05/2021 - 23:14:32: [l4d2_skill_detect.smx] Charge carry start: 8 - 9 -- time: 744.76
L 06/05/2021 - 23:14:36: [l4d2_skill_detect.smx] Clear: 2 freed 9 from 8: time: 1.65 / 3.02 -- class: charger (with shove? 0)
L 06/05/2021 - 23:14:36: [l4d2_skill_detect.smx] Checking charge victim: 8 - 9 - flags: 1 (alive? 1)
L 06/05/2021 - 23:14:51: [l4d2_skill_detect.smx] Clear: 4 freed 5 from 10: time: 2.05 / 4.94 -- class: smoker (with shove? 1)
L 06/05/2021 - 23:15:04: [basecommands.smx] "McLovin™<4><STEAM_1:1:4151444><>" changed cvar (cvar "vs_max_team_switches") (value "5")
L 06/05/2021 - 23:15:19: [basecommands.smx] "McLovin™<4><STEAM_1:1:4151444><>" changed cvar (cvar "vs_max_team_switches") (value "5")
L 06/05/2021 - 23:15:27: [basecommands.smx] "McLovin™<4><STEAM_1:1:4151444><>" changed cvar (cvar "vs_max_team_switches") (value "0")
L 06/05/2021 - 23:15:37: [l4d2_skill_detect.smx] Clear: 4 freed 7 from 8: time: 2.90 / -1.00 -- class: jockey (with shove? 1)
L 06/05/2021 - 23:15:54: [l4d2_skill_detect.smx] Charge carry start: 3 - 4 -- time: 826.00
L 06/05/2021 - 23:15:59: [l4d2_skill_detect.smx] Checking charge victim: 3 - 4 - flags: 1 (alive? 1)
L 06/05/2021 - 23:16:06: [l4d2_skill_detect.smx] Clear: 7 freed 4 from 3: time: 9.01 / 12.29 -- class: charger (with shove? 0)
L 06/05/2021 - 23:16:16: [l4d2_skill_detect.smx] Clear: 4 freed 7 from 8: time: 0.88 / 2.39 -- class: smoker (with shove? 1)
L 06/05/2021 - 23:16:54: [l4d2_skill_detect.smx] Clear: 7 freed 4 from 6: time: 1.26 / -1.00 -- class: hunter (with shove? 0)
L 06/05/2021 - 23:17:02: [l4d2_skill_detect.smx] Clear: 2 freed 4 from 1: time: 3.65 / 894.34 -- class: charger (with shove? 0)
L 06/05/2021 - 23:17:27: [l4d2_skill_detect.smx] Clear: 7 freed 2 from 3: time: 0.00 / 3.60 -- class: smoker (with shove? 1)
L 06/05/2021 - 23:17:45: [l4d2_skill_detect.smx] Clear: 2 freed 5 from 8: time: 1.17 / -1.00 -- class: hunter (with shove? 1)
L 06/05/2021 - 23:18:01: [l4d2_skill_detect.smx] Charge carry start: 6 - 2 -- time: 952.84
L 06/05/2021 - 23:18:05: [l4d2_skill_detect.smx] Clear: 5 freed 2 from 6: time: 0.65 / 4.10 -- class: charger (with shove? 0)
L 06/05/2021 - 23:18:05: [l4d2_skill_detect.smx] Checking charge victim: 6 - 4 - flags: 0 (alive? 1)
L 06/05/2021 - 23:18:07: [l4d2_skill_detect.smx] Checking charge victim: 6 - 2 - flags: 1 (alive? 1)
L 06/05/2021 - 23:18:47: [l4d2_skill_detect.smx] Clear: 5 freed 4 from 8: time: 1.96 / -1.00 -- class: hunter (with shove? 0)
L 06/05/2021 - 23:20:20: -------- Mapchange to c2m3_coaster --------
L 06/05/2021 - 23:20:23: [basecommands.smx] "Console<0><Console><Console>" changed cvar (cvar "sv_force_time_of_day") (value "0")
L 06/05/2021 - 23:20:23: [basecommands.smx] "Console<0><Console><Console>" changed cvar (cvar "z_witch_damage_per_kill_hit") (value "120")
L 06/05/2021 - 23:20:23: [basecommands.smx] "Console<0><Console><Console>" changed cvar (cvar "z_witch_anger_rate") (value "0.4")
L 06/05/2021 - 23:20:23: [basecommands.smx] "Console<0><Console><Console>" changed cvar (cvar "z_witch_flashlight_range") (value "2000")
L 06/05/2021 - 23:20:23: [basecommands.smx] "Console<0><Console><Console>" changed cvar (cvar "z_witch_burn_time") (value "100")
L 06/05/2021 - 23:20:23: [basecommands.smx] "Console<0><Console><Console>" changed cvar (cvar "z_tank_health") (value "4000")
L 06/05/2021 - 23:20:23: [basecommands.smx] "Console<0><Console><Console>" changed cvar (cvar "z_ghost_delay_min") (value "15")
L 06/05/2021 - 23:20:23: [basecommands.smx] "Console<0><Console><Console>" changed cvar (cvar "z_ghost_delay_max") (value "15")
L 06/05/2021 - 23:20:23: [basecommands.smx] "Console<0><Console><Console>" changed cvar (cvar "z_hunter_limit") (value "1")
L 06/05/2021 - 23:20:23: [basecommands.smx] "Console<0><Console><Console>" changed cvar (cvar "z_smoker_limit") (value "1")
L 06/05/2021 - 23:20:23: [basecommands.smx] "Console<0><Console><Console>" changed cvar (cvar "z_jockey_limit") (value "1")
L 06/05/2021 - 23:20:23: [basecommands.smx] "Console<0><Console><Console>" changed cvar (cvar "versus_tank_chance_intro") (value "1")
L 06/05/2021 - 23:20:23: [basecommands.smx] "Console<0><Console><Console>" changed cvar (cvar "versus_tank_chance_finale") (value "1")
L 06/05/2021 - 23:20:23: [basecommands.smx] "Console<0><Console><Console>" changed cvar (cvar "versus_tank_chance") (value "1")
L 06/05/2021 - 23:20:23: [basecommands.smx] "Console<0><Console><Console>" changed cvar (cvar "versus_witch_chance_intro") (value "0")
L 06/05/2021 - 23:20:23: [basecommands.smx] "Console<0><Console><Console>" changed cvar (cvar "versus_witch_chance_finale") (value "0")
L 06/05/2021 - 23:20:23: [basecommands.smx] "Console<0><Console><Console>" changed cvar (cvar "versus_witch_chance") (value "1")
L 06/05/2021 - 23:20:23: [basecommands.smx] "Console<0><Console><Console>" changed cvar (cvar "director_force_tank") (value "1")
L 06/05/2021 - 23:20:23: [basecommands.smx] "Console<0><Console><Console>" changed cvar (cvar "versus_boss_flow_min") (value "0.4")
L 06/05/2021 - 23:20:23: [basecommands.smx] "Console<0><Console><Console>" changed cvar (cvar "versus_boss_flow_max") (value "0.6")
L 06/05/2021 - 23:20:23: [basecommands.smx] "Console<0><Console><Console>" changed cvar (cvar "versus_boss_flow_min_intro") (value "0.1")
L 06/05/2021 - 23:20:23: [basecommands.smx] "Console<0><Console><Console>" changed cvar (cvar "versus_boss_flow_max_intro") (value "0.2")
L 06/05/2021 - 23:20:23: [basecommands.smx] "Console<0><Console><Console>" changed cvar (cvar "versus_boss_flow_min_finale") (value "0.1")
L 06/05/2021 - 23:20:23: [basecommands.smx] "Console<0><Console><Console>" changed cvar (cvar "versus_boss_flow_max_finale") (value "0.2")
L 06/05/2021 - 23:20:23: [basecommands.smx] "Console<0><Console><Console>" changed cvar (cvar "boomer_vomit_delay") (value "0.1")
L 06/05/2021 - 23:20:23: [basecommands.smx] "Console<0><Console><Console>" changed cvar (cvar "smoker_tongue_delay") (value "0.1")
L 06/05/2021 - 23:20:23: [basecommands.smx] "Console<0><Console><Console>" changed cvar (cvar "vs_survival_bonus") (value "35")
L 06/05/2021 - 23:20:23: [basecommands.smx] "Console<0><Console><Console>" changed cvar (cvar "z_tank_throw_health") (value "10")
L 06/05/2021 - 23:20:23: [basecommands.smx] "Console<0><Console><Console>" changed cvar (cvar "sv_client_min_interp_ratio") (value "-1")
L 06/05/2021 - 23:20:23: [basecommands.smx] "Console<0><Console><Console>" changed cvar (cvar "sv_client_max_interp_ratio") (value "0")
L 06/05/2021 - 23:20:23: [basecommands.smx] "Console<0><Console><Console>" changed cvar (cvar "sv_minrate") (value "100000")
L 06/05/2021 - 23:20:23: [basecommands.smx] "Console<0><Console><Console>" changed cvar (cvar "sv_maxrate") (value "100000")
L 06/05/2021 - 23:20:23: [basecommands.smx] "Console<0><Console><Console>" changed cvar (cvar "sv_mincmdrate") (value "100")
L 06/05/2021 - 23:20:23: [basecommands.smx] "Console<0><Console><Console>" changed cvar (cvar "sv_maxcmdrate") (value "100")
L 06/05/2021 - 23:20:23: [basecommands.smx] "Console<0><Console><Console>" changed cvar (cvar "sv_minupdaterate") (value "100")
L 06/05/2021 - 23:20:23: [basecommands.smx] "Console<0><Console><Console>" changed cvar (cvar "sv_maxupdaterate") (value "100")
L 06/05/2021 - 23:20:23: [basecommands.smx] "Console<0><Console><Console>" changed cvar (cvar "nb_update_frequency") (value "0.014")
L 06/05/2021 - 23:20:23: [basecommands.smx] "Console<0><Console><Console>" changed cvar (cvar "net_splitpacket_maxrate") (value "50000")
L 06/05/2021 - 23:20:23: [basecommands.smx] "Console<0><Console><Console>" changed cvar (cvar "fps_max") (value "0")
L 06/05/2021 - 23:20:23: [basecommands.smx] "Console<0><Console><Console>" changed cvar (cvar "hostname") (value "Versus")
L 06/05/2021 - 23:22:06: [l4d2_skill_detect.smx] Clear: 3 freed 8 from 7: time: -1.00 / 2.43 -- class: smoker (with shove? 0)
L 06/05/2021 - 23:22:12: -------- Mapchange to c8m1_apartment --------
L 06/05/2021 - 23:22:17: [basecommands.smx] "Console<0><Console><Console>" changed cvar (cvar "sv_force_time_of_day") (value "0")
L 06/05/2021 - 23:22:17: [basecommands.smx] "Console<0><Console><Console>" changed cvar (cvar "z_witch_damage_per_kill_hit") (value "120")
L 06/05/2021 - 23:22:17: [basecommands.smx] "Console<0><Console><Console>" changed cvar (cvar "z_witch_anger_rate") (value "0.4")
L 06/05/2021 - 23:22:17: [basecommands.smx] "Console<0><Console><Console>" changed cvar (cvar "z_witch_flashlight_range") (value "2000")
L 06/05/2021 - 23:22:17: [basecommands.smx] "Console<0><Console><Console>" changed cvar (cvar "z_witch_burn_time") (value "100")
L 06/05/2021 - 23:22:17: [basecommands.smx] "Console<0><Console><Console>" changed cvar (cvar "z_tank_health") (value "4000")
L 06/05/2021 - 23:22:17: [basecommands.smx] "Console<0><Console><Console>" changed cvar (cvar "z_ghost_delay_min") (value "15")
L 06/05/2021 - 23:22:17: [basecommands.smx] "Console<0><Console><Console>" changed cvar (cvar "z_ghost_delay_max") (value "15")
L 06/05/2021 - 23:22:17: [basecommands.smx] "Console<0><Console><Console>" changed cvar (cvar "z_hunter_limit") (value "1")
L 06/05/2021 - 23:22:17: [basecommands.smx] "Console<0><Console><Console>" changed cvar (cvar "z_smoker_limit") (value "1")
L 06/05/2021 - 23:22:17: [basecommands.smx] "Console<0><Console><Console>" changed cvar (cvar "z_jockey_limit") (value "1")
L 06/05/2021 - 23:22:17: [basecommands.smx] "Console<0><Console><Console>" changed cvar (cvar "versus_tank_chance_intro") (value "1")
L 06/05/2021 - 23:22:17: [basecommands.smx] "Console<0><Console><Console>" changed cvar (cvar "versus_tank_chance_finale") (value "1")
L 06/05/2021 - 23:22:17: [basecommands.smx] "Console<0><Console><Console>" changed cvar (cvar "versus_tank_chance") (value "1")
L 06/05/2021 - 23:22:17: [basecommands.smx] "Console<0><Console><Console>" changed cvar (cvar "versus_witch_chance_intro") (value "0")
L 06/05/2021 - 23:22:17: [basecommands.smx] "Console<0><Console><Console>" changed cvar (cvar "versus_witch_chance_finale") (value "0")
L 06/05/2021 - 23:22:17: [basecommands.smx] "Console<0><Console><Console>" changed cvar (cvar "versus_witch_chance") (value "1")
L 06/05/2021 - 23:22:17: [basecommands.smx] "Console<0><Console><Console>" changed cvar (cvar "director_force_tank") (value "1")
L 06/05/2021 - 23:22:17: [basecommands.smx] "Console<0><Console><Console>" changed cvar (cvar "versus_boss_flow_min") (value "0.4")
L 06/05/2021 - 23:22:17: [basecommands.smx] "Console<0><Console><Console>" changed cvar (cvar "versus_boss_flow_max") (value "0.6")
L 06/05/2021 - 23:22:17: [basecommands.smx] "Console<0><Console><Console>" changed cvar (cvar "versus_boss_flow_min_intro") (value "0.1")
L 06/05/2021 - 23:22:17: [basecommands.smx] "Console<0><Console><Console>" changed cvar (cvar "versus_boss_flow_max_intro") (value "0.2")
L 06/05/2021 - 23:22:17: [basecommands.smx] "Console<0><Console><Console>" changed cvar (cvar "versus_boss_flow_min_finale") (value "0.1")
L 06/05/2021 - 23:22:17: [basecommands.smx] "Console<0><Console><Console>" changed cvar (cvar "versus_boss_flow_max_finale") (value "0.2")
L 06/05/2021 - 23:22:17: [basecommands.smx] "Console<0><Console><Console>" changed cvar (cvar "boomer_vomit_delay") (value "0.1")
L 06/05/2021 - 23:22:17: [basecommands.smx] "Console<0><Console><Console>" changed cvar (cvar "smoker_tongue_delay") (value "0.1")
L 06/05/2021 - 23:22:17: [basecommands.smx] "Console<0><Console><Console>" changed cvar (cvar "vs_survival_bonus") (value "35")
L 06/05/2021 - 23:22:17: [basecommands.smx] "Console<0><Console><Console>" changed cvar (cvar "z_tank_throw_health") (value "10")
L 06/05/2021 - 23:22:17: [basecommands.smx] "Console<0><Console><Console>" changed cvar (cvar "sv_client_min_interp_ratio") (value "-1")
L 06/05/2021 - 23:22:17: [basecommands.smx] "Console<0><Console><Console>" changed cvar (cvar "sv_client_max_interp_ratio") (value "0")
L 06/05/2021 - 23:22:17: [basecommands.smx] "Console<0><Console><Console>" changed cvar (cvar "sv_minrate") (value "100000")
L 06/05/2021 - 23:22:17: [basecommands.smx] "Console<0><Console><Console>" changed cvar (cvar "sv_maxrate") (value "100000")
L 06/05/2021 - 23:22:17: [basecommands.smx] "Console<0><Console><Console>" changed cvar (cvar "sv_mincmdrate") (value "100")
L 06/05/2021 - 23:22:17: [basecommands.smx] "Console<0><Console><Console>" changed cvar (cvar "sv_maxcmdrate") (value "100")
L 06/05/2021 - 23:22:17: [basecommands.smx] "Console<0><Console><Console>" changed cvar (cvar "sv_minupdaterate") (value "100")
L 06/05/2021 - 23:22:17: [basecommands.smx] "Console<0><Console><Console>" changed cvar (cvar "sv_maxupdaterate") (value "100")
L 06/05/2021 - 23:22:17: [basecommands.smx] "Console<0><Console><Console>" changed cvar (cvar "nb_update_frequency") (value "0.014")
L 06/05/2021 - 23:22:17: [basecommands.smx] "Console<0><Console><Console>" changed cvar (cvar "net_splitpacket_maxrate") (value "50000")
L 06/05/2021 - 23:22:17: [basecommands.smx] "Console<0><Console><Console>" changed cvar (cvar "fps_max") (value "0")
L 06/05/2021 - 23:22:17: [basecommands.smx] "Console<0><Console><Console>" changed cvar (cvar "hostname") (value "Versus")
L 06/05/2021 - 23:25:01: [l4d2_skill_detect.smx] Clear: 9 freed 4 from 8: time: 2.80 / -1.00 -- class: hunter (with shove? 1)
L 06/05/2021 - 23:25:17: [basebans.smx] "♛ Rain ♛<2><STEAM_1:0:162762726><>" banned "FraniX<131><STEAM_1:0:39643094><>" (minutes "0") (reason "Rageador de Mierda")
L 06/05/2021 - 23:25:52: [l4d2_skill_detect.smx] Clear: 10 freed 5 from 6: time: 6.60 / -1.00 -- class: hunter (with shove? 0)
L 06/05/2021 - 23:25:54: [l4d2_skill_detect.smx] Clear: 10 freed 9 from 1: time: 8.60 / 214.66 -- class: charger (with shove? 0)
L 06/05/2021 - 23:26:27: [l4d2_skill_detect.smx] Clear: 4 freed 2 from 6: time: -1.00 / 1.92 -- class: smoker (with shove? 0)
L 06/05/2021 - 23:26:30: [l4d2_skill_detect.smx] Charge carry start: 3 - 10 -- time: 250.97
L 06/05/2021 - 23:26:33: [l4d2_skill_detect.smx] Checking charge victim: 3 - 4 - flags: 0 (alive? 1)
L 06/05/2021 - 23:26:33: [l4d2_skill_detect.smx] Checking charge victim: 3 - 10 - flags: 1 (alive? 1)
L 06/05/2021 - 23:26:37: [l4d2_skill_detect.smx] Clear: 4 freed 10 from 3: time: 5.49 / 6.90 -- class: charger (with shove? 0)
L 06/05/2021 - 23:26:52: [l4d2_skill_detect.smx] Clear: 4 freed 10 from 1: time: 4.10 / -1.00 -- class: hunter (with shove? 0)
L 06/05/2021 - 23:27:06: [l4d2_skill_detect.smx] Clear: 10 freed 2 from 6: time: 1.39 / -1.00 -- class: jockey (with shove? 1)
L 06/05/2021 - 23:28:05: [l4d2_skill_detect.smx] Clear: 2 freed 10 from 3: time: 3.00 / -1.00 -- class: hunter (with shove? 0)
L 06/05/2021 - 23:28:15: [l4d2_skill_detect.smx] Clear: 10 freed 2 from 8: time: 8.67 / -1.00 -- class: jockey (with shove? 0)
L 06/05/2021 - 23:30:19: [l4d2_skill_detect.smx] Charge carry start: 2 - 1 -- time: 480.28
L 06/05/2021 - 23:30:21: [l4d2_skill_detect.smx] Clear: 6 freed 1 from 2: time: 0.63 / 1.72 -- class: charger (with shove? 0)
L 06/05/2021 - 23:30:22: [l4d2_skill_detect.smx] Clear: 8 freed 3 from 10: time: -1.00 / 1.88 -- class: smoker (with shove? 1)
L 06/05/2021 - 23:30:22: [l4d2_skill_detect.smx] Checking charge victim: 2 - 3 - flags: 0 (alive? 1)
L 06/05/2021 - 23:30:22: [l4d2_skill_detect.smx] Checking charge victim: 2 - 1 - flags: 1 (alive? 1)
L 06/05/2021 - 23:31:12: [l4d2_skill_detect.smx] Charge carry start: 10 - 6 -- time: 532.69
L 06/05/2021 - 23:31:13: [l4d2_skill_detect.smx] Clear: 3 freed 6 from 10: time: 0.00 / 0.92 -- class: charger (with shove? 0)
L 06/05/2021 - 23:31:15: [l4d2_skill_detect.smx] Checking charge victim: 10 - 6 - flags: 1 (alive? 1)
L 06/05/2021 - 23:31:17: [l4d2_skill_detect.smx] Witch Crown Check: Failed: bungled: 1 / crowntype: 1 (entity: 194)
L 06/05/2021 - 23:31:17: [l4d2_skill_detect.smx] Witch Crown Check: Further details: attacker: dn, attacker dmg: 660, teamless dmg: 0
L 06/05/2021 - 23:31:17: [l4d2_skill_detect.smx] Clear: 6 freed 3 from 2: time: -1.00 / 0.09 -- class: smoker (with shove? 0)
L 06/05/2021 - 23:31:26: [l4d2_skill_detect.smx] Clear: 3 freed 8 from 2: time: 1.21 / 2.91 -- class: smoker (with shove? 0)
L 06/05/2021 - 23:31:58: -------- Mapchange to c8m2_subway --------
L 06/05/2021 - 23:32:01: [basecommands.smx] "Console<0><Console><Console>" changed cvar (cvar "sv_force_time_of_day") (value "0")
L 06/05/2021 - 23:32:01: [basecommands.smx] "Console<0><Console><Console>" changed cvar (cvar "z_witch_damage_per_kill_hit") (value "120")
L 06/05/2021 - 23:32:01: [basecommands.smx] "Console<0><Console><Console>" changed cvar (cvar "z_witch_anger_rate") (value "0.4")
L 06/05/2021 - 23:32:01: [basecommands.smx] "Console<0><Console><Console>" changed cvar (cvar "z_witch_flashlight_range") (value "2000")
L 06/05/2021 - 23:32:01: [basecommands.smx] "Console<0><Console><Console>" changed cvar (cvar "z_witch_burn_time") (value "100")
L 06/05/2021 - 23:32:01: [basecommands.smx] "Console<0><Console><Console>" changed cvar (cvar "z_tank_health") (value "4000")
L 06/05/2021 - 23:32:01: [basecommands.smx] "Console<0><Console><Console>" changed cvar (cvar "z_ghost_delay_min") (value "15")
L 06/05/2021 - 23:32:01: [basecommands.smx] "Console<0><Console><Console>" changed cvar (cvar "z_ghost_delay_max") (value "15")
L 06/05/2021 - 23:32:01: [basecommands.smx] "Console<0><Console><Console>" changed cvar (cvar "z_hunter_limit") (value "1")
L 06/05/2021 - 23:32:01: [basecommands.smx] "Console<0><Console><Console>" changed cvar (cvar "z_smoker_limit") (value "1")
L 06/05/2021 - 23:32:01: [basecommands.smx] "Console<0><Console><Console>" changed cvar (cvar "z_jockey_limit") (value "1")
L 06/05/2021 - 23:32:01: [basecommands.smx] "Console<0><Console><Console>" changed cvar (cvar "versus_tank_chance_intro") (value "1")
L 06/05/2021 - 23:32:01: [basecommands.smx] "Console<0><Console><Console>" changed cvar (cvar "versus_tank_chance_finale") (value "1")
L 06/05/2021 - 23:32:01: [basecommands.smx] "Console<0><Console><Console>" changed cvar (cvar "versus_tank_chance") (value "1")
L 06/05/2021 - 23:32:01: [basecommands.smx] "Console<0><Console><Console>" changed cvar (cvar "versus_witch_chance_intro") (value "0")
L 06/05/2021 - 23:32:01: [basecommands.smx] "Console<0><Console><Console>" changed cvar (cvar "versus_witch_chance_finale") (value "0")
L 06/05/2021 - 23:32:01: [basecommands.smx] "Console<0><Console><Console>" changed cvar (cvar "versus_witch_chance") (value "1")
L 06/05/2021 - 23:32:01: [basecommands.smx] "Console<0><Console><Console>" changed cvar (cvar "director_force_tank") (value "1")
L 06/05/2021 - 23:32:01: [basecommands.smx] "Console<0><Console><Console>" changed cvar (cvar "versus_boss_flow_min") (value "0.4")
L 06/05/2021 - 23:32:01: [basecommands.smx] "Console<0><Console><Console>" changed cvar (cvar "versus_boss_flow_max") (value "0.6")
L 06/05/2021 - 23:32:01: [basecommands.smx] "Console<0><Console><Console>" changed cvar (cvar "versus_boss_flow_min_intro") (value "0.1")
L 06/05/2021 - 23:32:01: [basecommands.smx] "Console<0><Console><Console>" changed cvar (cvar "versus_boss_flow_max_intro") (value "0.2")
L 06/05/2021 - 23:32:01: [basecommands.smx] "Console<0><Console><Console>" changed cvar (cvar "versus_boss_flow_min_finale") (value "0.1")
L 06/05/2021 - 23:32:01: [basecommands.smx] "Console<0><Console><Console>" changed cvar (cvar "versus_boss_flow_max_finale") (value "0.2")
L 06/05/2021 - 23:32:01: [basecommands.smx] "Console<0><Console><Console>" changed cvar (cvar "boomer_vomit_delay") (value "0.1")
L 06/05/2021 - 23:32:01: [basecommands.smx] "Console<0><Console><Console>" changed cvar (cvar "smoker_tongue_delay") (value "0.1")
L 06/05/2021 - 23:32:01: [basecommands.smx] "Console<0><Console><Console>" changed cvar (cvar "vs_survival_bonus") (value "35")
L 06/05/2021 - 23:32:01: [basecommands.smx] "Console<0><Console><Console>" changed cvar (cvar "z_tank_throw_health") (value "10")
L 06/05/2021 - 23:32:01: [basecommands.smx] "Console<0><Console><Console>" changed cvar (cvar "sv_client_min_interp_ratio") (value "-1")
L 06/05/2021 - 23:32:01: [basecommands.smx] "Console<0><Console><Console>" changed cvar (cvar "sv_client_max_interp_ratio") (value "0")
L 06/05/2021 - 23:32:01: [basecommands.smx] "Console<0><Console><Console>" changed cvar (cvar "sv_minrate") (value "100000")
L 06/05/2021 - 23:32:01: [basecommands.smx] "Console<0><Console><Console>" changed cvar (cvar "sv_maxrate") (value "100000")
L 06/05/2021 - 23:32:01: [basecommands.smx] "Console<0><Console><Console>" changed cvar (cvar "sv_mincmdrate") (value "100")
L 06/05/2021 - 23:32:01: [basecommands.smx] "Console<0><Console><Console>" changed cvar (cvar "sv_maxcmdrate") (value "100")
L 06/05/2021 - 23:32:01: [basecommands.smx] "Console<0><Console><Console>" changed cvar (cvar "sv_minupdaterate") (value "100")
L 06/05/2021 - 23:32:01: [basecommands.smx] "Console<0><Console><Console>" changed cvar (cvar "sv_maxupdaterate") (value "100")
L 06/05/2021 - 23:32:01: [basecommands.smx] "Console<0><Console><Console>" changed cvar (cvar "nb_update_frequency") (value "0.014")
L 06/05/2021 - 23:32:01: [basecommands.smx] "Console<0><Console><Console>" changed cvar (cvar "net_splitpacket_maxrate") (value "50000")
L 06/05/2021 - 23:32:01: [basecommands.smx] "Console<0><Console><Console>" changed cvar (cvar "fps_max") (value "0")
L 06/05/2021 - 23:32:01: [basecommands.smx] "Console<0><Console><Console>" changed cvar (cvar "hostname") (value "Versus")
L 06/05/2021 - 23:34:01: [l4d2_skill_detect.smx] Clear: 8 freed 3 from 4: time: 1.16 / -1.00 -- class: hunter (with shove? 0)
L 06/05/2021 - 23:34:12: [l4d2_skill_detect.smx] Clear: 3 freed 1 from 5: time: 2.38 / -1.00 -- class: jockey (with shove? 0)
L 06/05/2021 - 23:35:40: [l4d2_skill_detect.smx] Clear: 6 freed 8 from 4: time: 4.03 / -1.00 -- class: jockey (with shove? 1)
L 06/05/2021 - 23:36:30: [l4d2_skill_detect.smx] Witch Crown Check: crown shot: 930, harrassed: 1 (full health: 1000 / drawthresh: 500 / oneshot 0)
L 06/05/2021 - 23:36:35: [l4d2_skill_detect.smx] Clear: 8 freed 3 from 2: time: 2.07 / -1.00 -- class: jockey (with shove? 0)
L 06/05/2021 - 23:37:00: [l4d2_skill_detect.smx] Charge carry start: 4 - 3 -- time: 295.88
L 06/05/2021 - 23:37:03: [l4d2_skill_detect.smx] Checking charge victim: 4 - 6 - flags: 0 (alive? 1)
L 06/05/2021 - 23:37:03: [l4d2_skill_detect.smx] Clear: 1 freed 3 from 4: time: 1.44 / 3.37 -- class: charger (with shove? 0)
L 06/05/2021 - 23:37:04: [l4d2_skill_detect.smx] Checking charge victim: 4 - 3 - flags: 1 (alive? 1)
L 06/05/2021 - 23:37:43: [l4d2_skill_detect.smx] Charge carry start: 2 - 3 -- time: 338.89
L 06/05/2021 - 23:37:45: [l4d2_skill_detect.smx] Clear: 1 freed 3 from 2: time: 0.74 / 2.17 -- class: charger (with shove? 0)
L 06/05/2021 - 23:37:46: [l4d2_skill_detect.smx] Checking charge victim: 2 - 3 - flags: 1 (alive? 1)
L 06/05/2021 - 23:38:19: [l4d2_skill_detect.smx] Clear: 8 freed 1 from 2: time: 3.99 / 7.07 -- class: smoker (with shove? 0)
L 06/05/2021 - 23:38:55: [l4d2_skill_detect.smx] Clear: 3 freed 6 from 4: time: 1.16 / -1.00 -- class: hunter (with shove? 0)
L 06/05/2021 - 23:39:27: [l4d2_skill_detect.smx] Clear: 6 freed 8 from 4: time: -1.00 / 1.13 -- class: smoker (with shove? 0)
L 06/05/2021 - 23:39:53: [l4d2_skill_detect.smx] calarm trigger: caller 1571 / activator 1571 / delay: 0.00
L 06/05/2021 - 23:39:53: [l4d2_skill_detect.smx] Charge carry start: 4 - 1 -- time: 469.77
L 06/05/2021 - 23:39:54: [l4d2_skill_detect.smx] Clear: 6 freed 1 from 4: time: 0.00 / 1.00 -- class: charger (with shove? 0)
L 06/05/2021 - 23:39:57: [l4d2_skill_detect.smx] Checking charge victim: 4 - 1 - flags: 1 (alive? 1)
L 06/05/2021 - 23:40:07: [l4d2_skill_detect.smx] Clear: 8 freed 6 from 2: time: 3.10 / -1.00 -- class: hunter (with shove? 0)
L 06/05/2021 - 23:40:22: [l4d2_skill_detect.smx] Clear: 3 freed 8 from 4: time: -1.00 / 1.57 -- class: smoker (with shove? 1)
L 06/05/2021 - 23:42:23: [l4d2_skill_detect.smx] Clear: 9 freed 2 from 3: time: 3.46 / -1.00 -- class: hunter (with shove? 1)
L 06/05/2021 - 23:42:32: [l4d2_skill_detect.smx] Clear: 5 freed 9 from 8: time: 7.73 / -1.00 -- class: jockey (with shove? 0)
L 06/05/2021 - 23:42:35: [l4d2_skill_detect.smx] Clear: 5 freed 4 from 3: time: 3.69 / -1.00 -- class: hunter (with shove? 0)
L 06/05/2021 - 23:43:14: [l4d2_skill_detect.smx] Charge carry start: 1 - 2 -- time: 670.41
L 06/05/2021 - 23:43:18: [l4d2_skill_detect.smx] Checking charge victim: 1 - 2 - flags: 1 (alive? 1)
L 06/05/2021 - 23:43:35: [l4d2_skill_detect.smx] Charge carry start: 1 - 5 -- time: 690.75
L 06/05/2021 - 23:43:39: [l4d2_skill_detect.smx] Checking charge victim: 1 - 5 - flags: 1 (alive? 1)
L 06/05/2021 - 23:44:04: -------- Mapchange to c8m3_sewers --------
L 06/05/2021 - 23:44:08: [basecommands.smx] "Console<0><Console><Console>" changed cvar (cvar "sv_force_time_of_day") (value "0")
L 06/05/2021 - 23:44:08: [basecommands.smx] "Console<0><Console><Console>" changed cvar (cvar "z_witch_damage_per_kill_hit") (value "120")
L 06/05/2021 - 23:44:08: [basecommands.smx] "Console<0><Console><Console>" changed cvar (cvar "z_witch_anger_rate") (value "0.4")
L 06/05/2021 - 23:44:08: [basecommands.smx] "Console<0><Console><Console>" changed cvar (cvar "z_witch_flashlight_range") (value "2000")
L 06/05/2021 - 23:44:08: [basecommands.smx] "Console<0><Console><Console>" changed cvar (cvar "z_witch_burn_time") (value "100")
L 06/05/2021 - 23:44:08: [basecommands.smx] "Console<0><Console><Console>" changed cvar (cvar "z_tank_health") (value "4000")
L 06/05/2021 - 23:44:08: [basecommands.smx] "Console<0><Console><Console>" changed cvar (cvar "z_ghost_delay_min") (value "15")
L 06/05/2021 - 23:44:08: [basecommands.smx] "Console<0><Console><Console>" changed cvar (cvar "z_ghost_delay_max") (value "15")
L 06/05/2021 - 23:44:08: [basecommands.smx] "Console<0><Console><Console>" changed cvar (cvar "z_hunter_limit") (value "1")
L 06/05/2021 - 23:44:08: [basecommands.smx] "Console<0><Console><Console>" changed cvar (cvar "z_smoker_limit") (value "1")
L 06/05/2021 - 23:44:08: [basecommands.smx] "Console<0><Console><Console>" changed cvar (cvar "z_jockey_limit") (value "1")
L 06/05/2021 - 23:44:08: [basecommands.smx] "Console<0><Console><Console>" changed cvar (cvar "versus_tank_chance_intro") (value "1")
L 06/05/2021 - 23:44:08: [basecommands.smx] "Console<0><Console><Console>" changed cvar (cvar "versus_tank_chance_finale") (value "1")
L 06/05/2021 - 23:44:08: [basecommands.smx] "Console<0><Console><Console>" changed cvar (cvar "versus_tank_chance") (value "1")
L 06/05/2021 - 23:44:08: [basecommands.smx] "Console<0><Console><Console>" changed cvar (cvar "versus_witch_chance_intro") (value "0")
L 06/05/2021 - 23:44:08: [basecommands.smx] "Console<0><Console><Console>" changed cvar (cvar "versus_witch_chance_finale") (value "0")
L 06/05/2021 - 23:44:08: [basecommands.smx] "Console<0><Console><Console>" changed cvar (cvar "versus_witch_chance") (value "1")
L 06/05/2021 - 23:44:08: [basecommands.smx] "Console<0><Console><Console>" changed cvar (cvar "director_force_tank") (value "1")
L 06/05/2021 - 23:44:08: [basecommands.smx] "Console<0><Console><Console>" changed cvar (cvar "versus_boss_flow_min") (value "0.4")
L 06/05/2021 - 23:44:08: [basecommands.smx] "Console<0><Console><Console>" changed cvar (cvar "versus_boss_flow_max") (value "0.6")
L 06/05/2021 - 23:44:08: [basecommands.smx] "Console<0><Console><Console>" changed cvar (cvar "versus_boss_flow_min_intro") (value "0.1")
L 06/05/2021 - 23:44:08: [basecommands.smx] "Console<0><Console><Console>" changed cvar (cvar "versus_boss_flow_max_intro") (value "0.2")
L 06/05/2021 - 23:44:08: [basecommands.smx] "Console<0><Console><Console>" changed cvar (cvar "versus_boss_flow_min_finale") (value "0.1")
L 06/05/2021 - 23:44:08: [basecommands.smx] "Console<0><Console><Console>" changed cvar (cvar "versus_boss_flow_max_finale") (value "0.2")
L 06/05/2021 - 23:44:08: [basecommands.smx] "Console<0><Console><Console>" changed cvar (cvar "boomer_vomit_delay") (value "0.1")
L 06/05/2021 - 23:44:08: [basecommands.smx] "Console<0><Console><Console>" changed cvar (cvar "smoker_tongue_delay") (value "0.1")
L 06/05/2021 - 23:44:08: [basecommands.smx] "Console<0><Console><Console>" changed cvar (cvar "vs_survival_bonus") (value "35")
L 06/05/2021 - 23:44:08: [basecommands.smx] "Console<0><Console><Console>" changed cvar (cvar "z_tank_throw_health") (value "10")
L 06/05/2021 - 23:44:08: [basecommands.smx] "Console<0><Console><Console>" changed cvar (cvar "sv_client_min_interp_ratio") (value "-1")
L 06/05/2021 - 23:44:08: [basecommands.smx] "Console<0><Console><Console>" changed cvar (cvar "sv_client_max_interp_ratio") (value "0")
L 06/05/2021 - 23:44:08: [basecommands.smx] "Console<0><Console><Console>" changed cvar (cvar "sv_minrate") (value "100000")
L 06/05/2021 - 23:44:08: [basecommands.smx] "Console<0><Console><Console>" changed cvar (cvar "sv_maxrate") (value "100000")
L 06/05/2021 - 23:44:08: [basecommands.smx] "Console<0><Console><Console>" changed cvar (cvar "sv_mincmdrate") (value "100")
L 06/05/2021 - 23:44:08: [basecommands.smx] "Console<0><Console><Console>" changed cvar (cvar "sv_maxcmdrate") (value "100")
L 06/05/2021 - 23:44:08: [basecommands.smx] "Console<0><Console><Console>" changed cvar (cvar "sv_minupdaterate") (value "100")
L 06/05/2021 - 23:44:08: [basecommands.smx] "Console<0><Console><Console>" changed cvar (cvar "sv_maxupdaterate") (value "100")
L 06/05/2021 - 23:44:08: [basecommands.smx] "Console<0><Console><Console>" changed cvar (cvar "nb_update_frequency") (value "0.014")
L 06/05/2021 - 23:44:08: [basecommands.smx] "Console<0><Console><Console>" changed cvar (cvar "net_splitpacket_maxrate") (value "50000")
L 06/05/2021 - 23:44:08: [basecommands.smx] "Console<0><Console><Console>" changed cvar (cvar "fps_max") (value "0")
L 06/05/2021 - 23:44:08: [basecommands.smx] "Console<0><Console><Console>" changed cvar (cvar "hostname") (value "Versus")
L 06/05/2021 - 23:45:38: [l4d2_skill_detect.smx] Clear: 8 freed 3 from 5: time: 1.74 / -1.00 -- class: jockey (with shove? 0)
L 06/05/2021 - 23:45:42: [l4d2_skill_detect.smx] Clear: 8 freed 1 from 2: time: 4.81 / -1.00 -- class: hunter (with shove? 0)
L 06/05/2021 - 23:45:47: [l4d2_skill_detect.smx] Charge carry start: 7 - 8 -- time: 96.04
L 06/05/2021 - 23:45:49: [l4d2_skill_detect.smx] Clear: 6 freed 8 from 7: time: 0.90 / 2.16 -- class: charger (with shove? 0)
L 06/05/2021 - 23:45:50: [l4d2_skill_detect.smx] Checking charge victim: 7 - 8 - flags: 1 (alive? 1)
L 06/05/2021 - 23:46:47: [l4d2_skill_detect.smx] Clear: 3 freed 6 from 2: time: 6.88 / -1.00 -- class: jockey (with shove? 0)
L 06/05/2021 - 23:48:34: [l4d2_skill_detect.smx] Clear: 6 freed 3 from 7: time: 2.83 / -1.00 -- class: jockey (with shove? 1)
L 06/05/2021 - 23:48:51: [l4d2_skill_detect.smx] Charge carry start: 4 - 6 -- time: 280.23
L 06/05/2021 - 23:48:54: [l4d2_skill_detect.smx] Checking charge victim: 4 - 6 - flags: 1 (alive? 1)
L 06/05/2021 - 23:49:04: [l4d2_skill_detect.smx] Clear: 3 freed 6 from 4: time: 12.07 / 13.33 -- class: charger (with shove? 0)
L 06/05/2021 - 23:51:05: [l4d2_skill_detect.smx] Charge carry start: 8 - 9 -- time: 414.23
L 06/05/2021 - 23:51:09: [l4d2_skill_detect.smx] Checking charge victim: 8 - 9 - flags: 1 (alive? 1)
L 06/05/2021 - 23:51:09: [l4d2_skill_detect.smx] Clear: 2 freed 5 from 6: time: 1.19 / -1.00 -- class: jockey (with shove? 1)
L 06/05/2021 - 23:51:13: [l4d2_skill_detect.smx] Clear: 7 freed 5 from 1: time: 1.52 / -1.00 -- class: hunter (with shove? 0)
L 06/05/2021 - 23:51:17: [l4d2_skill_detect.smx] Clear: 7 freed 9 from 8: time: 10.28 / 11.64 -- class: charger (with shove? 0)
L 06/05/2021 - 23:52:04: [l4d2_skill_detect.smx] Clear: 7 freed 9 from 6: time: 1.80 / 3.82 -- class: smoker (with shove? 1)
L 06/05/2021 - 23:53:37: [l4d2_skill_detect.smx] Clear: 7 freed 5 from 3: time: 6.73 / -1.00 -- class: jockey (with shove? 0)
L 06/05/2021 - 23:53:38: [l4d2_skill_detect.smx] Clear: 2 freed 7 from 8: time: 1.40 / -1.00 -- class: hunter (with shove? 1)
L 06/05/2021 - 23:55:05: [l4d2_skill_detect.smx] Clear: 9 freed 2 from 6: time: 1.09 / -1.00 -- class: hunter (with shove? 0)
L 06/05/2021 - 23:55:32: [l4d2_skill_detect.smx] Charge carry start: 1 - 7 -- time: 680.50
L 06/05/2021 - 23:55:37: [l4d2_skill_detect.smx] Checking charge victim: 1 - 7 - flags: 1 (alive? 1)
L 06/05/2021 - 23:56:02: -------- Mapchange to c8m4_interior --------
L 06/05/2021 - 23:56:05: [basecommands.smx] "Console<0><Console><Console>" changed cvar (cvar "sv_force_time_of_day") (value "0")
L 06/05/2021 - 23:56:05: [basecommands.smx] "Console<0><Console><Console>" changed cvar (cvar "z_witch_damage_per_kill_hit") (value "120")
L 06/05/2021 - 23:56:05: [basecommands.smx] "Console<0><Console><Console>" changed cvar (cvar "z_witch_anger_rate") (value "0.4")
L 06/05/2021 - 23:56:05: [basecommands.smx] "Console<0><Console><Console>" changed cvar (cvar "z_witch_flashlight_range") (value "2000")
L 06/05/2021 - 23:56:05: [basecommands.smx] "Console<0><Console><Console>" changed cvar (cvar "z_witch_burn_time") (value "100")
L 06/05/2021 - 23:56:05: [basecommands.smx] "Console<0><Console><Console>" changed cvar (cvar "z_tank_health") (value "4000")
L 06/05/2021 - 23:56:05: [basecommands.smx] "Console<0><Console><Console>" changed cvar (cvar "z_ghost_delay_min") (value "15")
L 06/05/2021 - 23:56:05: [basecommands.smx] "Console<0><Console><Console>" changed cvar (cvar "z_ghost_delay_max") (value "15")
L 06/05/2021 - 23:56:05: [basecommands.smx] "Console<0><Console><Console>" changed cvar (cvar "z_hunter_limit") (value "1")
L 06/05/2021 - 23:56:05: [basecommands.smx] "Console<0><Console><Console>" changed cvar (cvar "z_smoker_limit") (value "1")
L 06/05/2021 - 23:56:05: [basecommands.smx] "Console<0><Console><Console>" changed cvar (cvar "z_jockey_limit") (value "1")
L 06/05/2021 - 23:56:05: [basecommands.smx] "Console<0><Console><Console>" changed cvar (cvar "versus_tank_chance_intro") (value "1")
L 06/05/2021 - 23:56:05: [basecommands.smx] "Console<0><Console><Console>" changed cvar (cvar "versus_tank_chance_finale") (value "1")
L 06/05/2021 - 23:56:05: [basecommands.smx] "Console<0><Console><Console>" changed cvar (cvar "versus_tank_chance") (value "1")
L 06/05/2021 - 23:56:05: [basecommands.smx] "Console<0><Console><Console>" changed cvar (cvar "versus_witch_chance_intro") (value "0")
L 06/05/2021 - 23:56:05: [basecommands.smx] "Console<0><Console><Console>" changed cvar (cvar "versus_witch_chance_finale") (value "0")
L 06/05/2021 - 23:56:05: [basecommands.smx] "Console<0><Console><Console>" changed cvar (cvar "versus_witch_chance") (value "1")
L 06/05/2021 - 23:56:05: [basecommands.smx] "Console<0><Console><Console>" changed cvar (cvar "director_force_tank") (value "1")
L 06/05/2021 - 23:56:05: [basecommands.smx] "Console<0><Console><Console>" changed cvar (cvar "versus_boss_flow_min") (value "0.4")
L 06/05/2021 - 23:56:05: [basecommands.smx] "Console<0><Console><Console>" changed cvar (cvar "versus_boss_flow_max") (value "0.6")
L 06/05/2021 - 23:56:05: [basecommands.smx] "Console<0><Console><Console>" changed cvar (cvar "versus_boss_flow_min_intro") (value "0.1")
L 06/05/2021 - 23:56:05: [basecommands.smx] "Console<0><Console><Console>" changed cvar (cvar "versus_boss_flow_max_intro") (value "0.2")
L 06/05/2021 - 23:56:05: [basecommands.smx] "Console<0><Console><Console>" changed cvar (cvar "versus_boss_flow_min_finale") (value "0.1")
L 06/05/2021 - 23:56:05: [basecommands.smx] "Console<0><Console><Console>" changed cvar (cvar "versus_boss_flow_max_finale") (value "0.2")
L 06/05/2021 - 23:56:05: [basecommands.smx] "Console<0><Console><Console>" changed cvar (cvar "boomer_vomit_delay") (value "0.1")
L 06/05/2021 - 23:56:05: [basecommands.smx] "Console<0><Console><Console>" changed cvar (cvar "smoker_tongue_delay") (value "0.1")
L 06/05/2021 - 23:56:05: [basecommands.smx] "Console<0><Console><Console>" changed cvar (cvar "vs_survival_bonus") (value "35")
L 06/05/2021 - 23:56:05: [basecommands.smx] "Console<0><Console><Console>" changed cvar (cvar "z_tank_throw_health") (value "10")
L 06/05/2021 - 23:56:05: [basecommands.smx] "Console<0><Console><Console>" changed cvar (cvar "sv_client_min_interp_ratio") (value "-1")
L 06/05/2021 - 23:56:05: [basecommands.smx] "Console<0><Console><Console>" changed cvar (cvar "sv_client_max_interp_ratio") (value "0")
L 06/05/2021 - 23:56:05: [basecommands.smx] "Console<0><Console><Console>" changed cvar (cvar "sv_minrate") (value "100000")
L 06/05/2021 - 23:56:05: [basecommands.smx] "Console<0><Console><Console>" changed cvar (cvar "sv_maxrate") (value "100000")
L 06/05/2021 - 23:56:05: [basecommands.smx] "Console<0><Console><Console>" changed cvar (cvar "sv_mincmdrate") (value "100")
L 06/05/2021 - 23:56:05: [basecommands.smx] "Console<0><Console><Console>" changed cvar (cvar "sv_maxcmdrate") (value "100")
L 06/05/2021 - 23:56:05: [basecommands.smx] "Console<0><Console><Console>" changed cvar (cvar "sv_minupdaterate") (value "100")
L 06/05/2021 - 23:56:05: [basecommands.smx] "Console<0><Console><Console>" changed cvar (cvar "sv_maxupdaterate") (value "100")
L 06/05/2021 - 23:56:05: [basecommands.smx] "Console<0><Console><Console>" changed cvar (cvar "nb_update_frequency") (value "0.014")
L 06/05/2021 - 23:56:05: [basecommands.smx] "Console<0><Console><Console>" changed cvar (cvar "net_splitpacket_maxrate") (value "50000")
L 06/05/2021 - 23:56:05: [basecommands.smx] "Console<0><Console><Console>" changed cvar (cvar "fps_max") (value "0")
L 06/05/2021 - 23:56:05: [basecommands.smx] "Console<0><Console><Console>" changed cvar (cvar "hostname") (value "Versus")
L 06/05/2021 - 23:57:54: [l4d2_skill_detect.smx] Charge carry start: 7 - 1 -- time: 105.95
L 06/05/2021 - 23:57:55: [l4d2_skill_detect.smx] Clear: 8 freed 1 from 7: time: 0.00 / 0.84 -- class: charger (with shove? 0)
L 06/05/2021 - 23:57:58: [l4d2_skill_detect.smx] Checking charge victim: 7 - 1 - flags: 1 (alive? 1)
L 06/05/2021 - 23:58:14: [l4d2_skill_detect.smx] Clear: 8 freed 6 from 2: time: 0.93 / 1.95 -- class: smoker (with shove? 1)
L 06/05/2021 - 23:58:17: [l4d2_skill_detect.smx] Clear: 8 freed 6 from 5: time: 1.18 / -1.00 -- class: jockey (with shove? 1)
L 06/05/2021 - 23:58:23: [l4d2_skill_detect.smx] Clear: 8 freed 6 from 7: time: 1.33 / -1.00 -- class: hunter (with shove? 1)
L 06/05/2021 - 23:58:25: [l4d2_skill_detect.smx] Clear: 1 freed 8 from 7: time: 0.63 / -1.00 -- class: hunter (with shove? 0)
L 06/05/2021 - 23:59:58: [l4d2_skill_detect.smx] Charge carry start: 5 - 6 -- time: 229.44
L 06/06/2021 - 00:00:00: Log file closed.
