L 10/01/2020 - 00:38:20: SourceMod log file session started (file "E:\Steam\steamapps\common\Left 4 Dead 2\left4dead2\addons\sourcemod\logs\L20201001.log") (Version "1.10.0.6492")
L 10/01/2020 - 00:38:20: [simplewelcomemsg.smx] Set the maximum number of lines of.
L 10/01/2020 - 00:38:33: [basecommands.smx] "Console<0><Console><Console>" changed cvar (cvar "sv_force_time_of_day") (value "0")
L 10/01/2020 - 00:38:33: [basecommands.smx] "Console<0><Console><Console>" changed cvar (cvar "z_witch_damage_per_kill_hit") (value "120")
L 10/01/2020 - 00:38:33: [basecommands.smx] "Console<0><Console><Console>" changed cvar (cvar "z_witch_anger_rate") (value "0.5")
L 10/01/2020 - 00:38:33: [basecommands.smx] "Console<0><Console><Console>" changed cvar (cvar "z_witch_flashlight_range") (value "2000")
L 10/01/2020 - 00:38:33: [basecommands.smx] "Console<0><Console><Console>" changed cvar (cvar "z_witch_burn_time") (value "100")
L 10/01/2020 - 00:38:33: [basecommands.smx] "Console<0><Console><Console>" changed cvar (cvar "z_tank_health") (value "4333")
L 10/01/2020 - 00:38:33: [basecommands.smx] "Console<0><Console><Console>" changed cvar (cvar "tank_burn_duration") (value "999999")
L 10/01/2020 - 00:38:33: [basecommands.smx] "Console<0><Console><Console>" changed cvar (cvar "z_ghost_delay_min") (value "20")
L 10/01/2020 - 00:38:33: [basecommands.smx] "Console<0><Console><Console>" changed cvar (cvar "z_ghost_delay_max") (value "20")
L 10/01/2020 - 00:38:33: [basecommands.smx] "Console<0><Console><Console>" changed cvar (cvar "versus_tank_chance_intro") (value "1")
L 10/01/2020 - 00:38:33: [basecommands.smx] "Console<0><Console><Console>" changed cvar (cvar "versus_tank_chance_finale") (value "1")
L 10/01/2020 - 00:38:33: [basecommands.smx] "Console<0><Console><Console>" changed cvar (cvar "versus_tank_chance") (value "1")
L 10/01/2020 - 00:38:33: [basecommands.smx] "Console<0><Console><Console>" changed cvar (cvar "versus_witch_chance_intro") (value "0")
L 10/01/2020 - 00:38:33: [basecommands.smx] "Console<0><Console><Console>" changed cvar (cvar "versus_witch_chance_finale") (value "0")
L 10/01/2020 - 00:38:33: [basecommands.smx] "Console<0><Console><Console>" changed cvar (cvar "versus_witch_chance") (value "1")
L 10/01/2020 - 00:38:33: [basecommands.smx] "Console<0><Console><Console>" changed cvar (cvar "boomer_vomit_delay") (value "0.1")
L 10/01/2020 - 00:38:33: [basecommands.smx] "Console<0><Console><Console>" changed cvar (cvar "smoker_tongue_delay") (value "0.1")
L 10/01/2020 - 00:38:35: [SM] Changed map to "c1m1_hotel"
L 10/01/2020 - 00:38:38: -------- Mapchange to c1m1_hotel --------
L 10/01/2020 - 00:38:41: [basecommands.smx] "Console<0><Console><Console>" changed cvar (cvar "sv_force_time_of_day") (value "0")
L 10/01/2020 - 00:38:41: [basecommands.smx] "Console<0><Console><Console>" changed cvar (cvar "z_witch_damage_per_kill_hit") (value "120")
L 10/01/2020 - 00:38:41: [basecommands.smx] "Console<0><Console><Console>" changed cvar (cvar "z_witch_anger_rate") (value "0.5")
L 10/01/2020 - 00:38:41: [basecommands.smx] "Console<0><Console><Console>" changed cvar (cvar "z_witch_flashlight_range") (value "2000")
L 10/01/2020 - 00:38:41: [basecommands.smx] "Console<0><Console><Console>" changed cvar (cvar "z_witch_burn_time") (value "100")
L 10/01/2020 - 00:38:41: [basecommands.smx] "Console<0><Console><Console>" changed cvar (cvar "z_tank_health") (value "4333")
L 10/01/2020 - 00:38:41: [basecommands.smx] "Console<0><Console><Console>" changed cvar (cvar "tank_burn_duration") (value "999999")
L 10/01/2020 - 00:38:41: [basecommands.smx] "Console<0><Console><Console>" changed cvar (cvar "z_ghost_delay_min") (value "20")
L 10/01/2020 - 00:38:41: [basecommands.smx] "Console<0><Console><Console>" changed cvar (cvar "z_ghost_delay_max") (value "20")
L 10/01/2020 - 00:38:41: [basecommands.smx] "Console<0><Console><Console>" changed cvar (cvar "versus_tank_chance_intro") (value "1")
L 10/01/2020 - 00:38:41: [basecommands.smx] "Console<0><Console><Console>" changed cvar (cvar "versus_tank_chance_finale") (value "1")
L 10/01/2020 - 00:38:41: [basecommands.smx] "Console<0><Console><Console>" changed cvar (cvar "versus_tank_chance") (value "1")
L 10/01/2020 - 00:38:41: [basecommands.smx] "Console<0><Console><Console>" changed cvar (cvar "versus_witch_chance_intro") (value "0")
L 10/01/2020 - 00:38:41: [basecommands.smx] "Console<0><Console><Console>" changed cvar (cvar "versus_witch_chance_finale") (value "0")
L 10/01/2020 - 00:38:41: [basecommands.smx] "Console<0><Console><Console>" changed cvar (cvar "versus_witch_chance") (value "1")
L 10/01/2020 - 00:38:41: [basecommands.smx] "Console<0><Console><Console>" changed cvar (cvar "boomer_vomit_delay") (value "0.1")
L 10/01/2020 - 00:38:41: [basecommands.smx] "Console<0><Console><Console>" changed cvar (cvar "smoker_tongue_delay") (value "0.1")
L 10/01/2020 - 00:44:18: Log file closed.
L 10/01/2020 - 06:16:01: SourceMod log file session started (file "E:\Steam\steamapps\common\Left 4 Dead 2\left4dead2\addons\sourcemod\logs\L20201001.log") (Version "1.10.0.6492")
L 10/01/2020 - 06:16:01: [simplewelcomemsg.smx] Set the maximum number of lines of.
L 10/01/2020 - 06:25:41: SourceMod log file session started (file "E:\Steam\steamapps\common\Left 4 Dead 2\left4dead2\addons\sourcemod\logs\L20201001.log") (Version "1.10.0.6492")
L 10/01/2020 - 06:25:41: [simplewelcomemsg.smx] Set the maximum number of lines of.
L 10/01/2020 - 06:25:54: [basecommands.smx] "Console<0><Console><Console>" changed cvar (cvar "sv_force_time_of_day") (value "0")
L 10/01/2020 - 06:25:54: [basecommands.smx] "Console<0><Console><Console>" changed cvar (cvar "z_witch_damage_per_kill_hit") (value "120")
L 10/01/2020 - 06:25:54: [basecommands.smx] "Console<0><Console><Console>" changed cvar (cvar "z_witch_anger_rate") (value "0.5")
L 10/01/2020 - 06:25:54: [basecommands.smx] "Console<0><Console><Console>" changed cvar (cvar "z_witch_flashlight_range") (value "2000")
L 10/01/2020 - 06:25:54: [basecommands.smx] "Console<0><Console><Console>" changed cvar (cvar "z_witch_burn_time") (value "100")
L 10/01/2020 - 06:25:54: [basecommands.smx] "Console<0><Console><Console>" changed cvar (cvar "z_tank_health") (value "4333")
L 10/01/2020 - 06:25:54: [basecommands.smx] "Console<0><Console><Console>" changed cvar (cvar "tank_burn_duration") (value "999999")
L 10/01/2020 - 06:25:54: [basecommands.smx] "Console<0><Console><Console>" changed cvar (cvar "z_ghost_delay_min") (value "20")
L 10/01/2020 - 06:25:54: [basecommands.smx] "Console<0><Console><Console>" changed cvar (cvar "z_ghost_delay_max") (value "20")
L 10/01/2020 - 06:25:54: [basecommands.smx] "Console<0><Console><Console>" changed cvar (cvar "versus_tank_chance_intro") (value "1")
L 10/01/2020 - 06:25:54: [basecommands.smx] "Console<0><Console><Console>" changed cvar (cvar "versus_tank_chance_finale") (value "1")
L 10/01/2020 - 06:25:54: [basecommands.smx] "Console<0><Console><Console>" changed cvar (cvar "versus_tank_chance") (value "1")
L 10/01/2020 - 06:25:54: [basecommands.smx] "Console<0><Console><Console>" changed cvar (cvar "versus_witch_chance_intro") (value "0")
L 10/01/2020 - 06:25:54: [basecommands.smx] "Console<0><Console><Console>" changed cvar (cvar "versus_witch_chance_finale") (value "0")
L 10/01/2020 - 06:25:54: [basecommands.smx] "Console<0><Console><Console>" changed cvar (cvar "versus_witch_chance") (value "1")
L 10/01/2020 - 06:25:54: [basecommands.smx] "Console<0><Console><Console>" changed cvar (cvar "boomer_vomit_delay") (value "0.1")
L 10/01/2020 - 06:25:54: [basecommands.smx] "Console<0><Console><Console>" changed cvar (cvar "smoker_tongue_delay") (value "0.1")
L 10/01/2020 - 06:25:54: [basecommands.smx] "Console<0><Console><Console>" changed cvar (cvar "sv_pausable") (value "0")
L 10/01/2020 - 06:25:56: [SM] Changed map to "c1m2_streets"
L 10/01/2020 - 06:25:59: -------- Mapchange to c1m2_streets --------
L 10/01/2020 - 06:26:03: [basecommands.smx] "Console<0><Console><Console>" changed cvar (cvar "sv_force_time_of_day") (value "0")
L 10/01/2020 - 06:26:03: [basecommands.smx] "Console<0><Console><Console>" changed cvar (cvar "z_witch_damage_per_kill_hit") (value "120")
L 10/01/2020 - 06:26:03: [basecommands.smx] "Console<0><Console><Console>" changed cvar (cvar "z_witch_anger_rate") (value "0.5")
L 10/01/2020 - 06:26:03: [basecommands.smx] "Console<0><Console><Console>" changed cvar (cvar "z_witch_flashlight_range") (value "2000")
L 10/01/2020 - 06:26:03: [basecommands.smx] "Console<0><Console><Console>" changed cvar (cvar "z_witch_burn_time") (value "100")
L 10/01/2020 - 06:26:03: [basecommands.smx] "Console<0><Console><Console>" changed cvar (cvar "z_tank_health") (value "4333")
L 10/01/2020 - 06:26:03: [basecommands.smx] "Console<0><Console><Console>" changed cvar (cvar "tank_burn_duration") (value "999999")
L 10/01/2020 - 06:26:03: [basecommands.smx] "Console<0><Console><Console>" changed cvar (cvar "z_ghost_delay_min") (value "20")
L 10/01/2020 - 06:26:03: [basecommands.smx] "Console<0><Console><Console>" changed cvar (cvar "z_ghost_delay_max") (value "20")
L 10/01/2020 - 06:26:03: [basecommands.smx] "Console<0><Console><Console>" changed cvar (cvar "versus_tank_chance_intro") (value "1")
L 10/01/2020 - 06:26:03: [basecommands.smx] "Console<0><Console><Console>" changed cvar (cvar "versus_tank_chance_finale") (value "1")
L 10/01/2020 - 06:26:03: [basecommands.smx] "Console<0><Console><Console>" changed cvar (cvar "versus_tank_chance") (value "1")
L 10/01/2020 - 06:26:03: [basecommands.smx] "Console<0><Console><Console>" changed cvar (cvar "versus_witch_chance_intro") (value "0")
L 10/01/2020 - 06:26:03: [basecommands.smx] "Console<0><Console><Console>" changed cvar (cvar "versus_witch_chance_finale") (value "0")
L 10/01/2020 - 06:26:03: [basecommands.smx] "Console<0><Console><Console>" changed cvar (cvar "versus_witch_chance") (value "1")
L 10/01/2020 - 06:26:03: [basecommands.smx] "Console<0><Console><Console>" changed cvar (cvar "boomer_vomit_delay") (value "0.1")
L 10/01/2020 - 06:26:03: [basecommands.smx] "Console<0><Console><Console>" changed cvar (cvar "smoker_tongue_delay") (value "0.1")
L 10/01/2020 - 06:26:03: [basecommands.smx] "Console<0><Console><Console>" changed cvar (cvar "sv_pausable") (value "0")
L 10/01/2020 - 06:26:38: [playercommands.smx] "Talos<2><STEAM_1:0:162762726><>" slayed "Coach<4><BOT><>"
L 10/01/2020 - 06:26:38: [playercommands.smx] "Talos<2><STEAM_1:0:162762726><>" slayed "Rochelle<5><BOT><>"
L 10/01/2020 - 06:26:38: [playercommands.smx] "Talos<2><STEAM_1:0:162762726><>" slayed "Ellis<6><BOT><>"
L 10/01/2020 - 06:29:11: -------- Mapchange to c1m1_hotel --------
L 10/01/2020 - 06:36:29: SourceMod log file session started (file "E:\Steam\steamapps\common\Left 4 Dead 2\left4dead2\addons\sourcemod\logs\L20201001.log") (Version "1.10.0.6492")
L 10/01/2020 - 06:36:29: [simplewelcomemsg.smx] Set the maximum number of lines of.
L 10/01/2020 - 06:36:44: [basecommands.smx] "Console<0><Console><Console>" changed cvar (cvar "sv_force_time_of_day") (value "0")
L 10/01/2020 - 06:36:44: [basecommands.smx] "Console<0><Console><Console>" changed cvar (cvar "z_witch_damage_per_kill_hit") (value "120")
L 10/01/2020 - 06:36:44: [basecommands.smx] "Console<0><Console><Console>" changed cvar (cvar "z_witch_anger_rate") (value "0.5")
L 10/01/2020 - 06:36:44: [basecommands.smx] "Console<0><Console><Console>" changed cvar (cvar "z_witch_flashlight_range") (value "2000")
L 10/01/2020 - 06:36:44: [basecommands.smx] "Console<0><Console><Console>" changed cvar (cvar "z_witch_burn_time") (value "100")
L 10/01/2020 - 06:36:44: [basecommands.smx] "Console<0><Console><Console>" changed cvar (cvar "z_tank_health") (value "4333")
L 10/01/2020 - 06:36:44: [basecommands.smx] "Console<0><Console><Console>" changed cvar (cvar "tank_burn_duration") (value "999999")
L 10/01/2020 - 06:36:44: [basecommands.smx] "Console<0><Console><Console>" changed cvar (cvar "z_ghost_delay_min") (value "20")
L 10/01/2020 - 06:36:44: [basecommands.smx] "Console<0><Console><Console>" changed cvar (cvar "z_ghost_delay_max") (value "20")
L 10/01/2020 - 06:36:44: [basecommands.smx] "Console<0><Console><Console>" changed cvar (cvar "versus_tank_chance_intro") (value "1")
L 10/01/2020 - 06:36:44: [basecommands.smx] "Console<0><Console><Console>" changed cvar (cvar "versus_tank_chance_finale") (value "1")
L 10/01/2020 - 06:36:44: [basecommands.smx] "Console<0><Console><Console>" changed cvar (cvar "versus_tank_chance") (value "1")
L 10/01/2020 - 06:36:44: [basecommands.smx] "Console<0><Console><Console>" changed cvar (cvar "versus_witch_chance_intro") (value "0")
L 10/01/2020 - 06:36:44: [basecommands.smx] "Console<0><Console><Console>" changed cvar (cvar "versus_witch_chance_finale") (value "0")
L 10/01/2020 - 06:36:44: [basecommands.smx] "Console<0><Console><Console>" changed cvar (cvar "versus_witch_chance") (value "1")
L 10/01/2020 - 06:36:45: [basecommands.smx] "Console<0><Console><Console>" changed cvar (cvar "boomer_vomit_delay") (value "0.1")
L 10/01/2020 - 06:36:45: [basecommands.smx] "Console<0><Console><Console>" changed cvar (cvar "smoker_tongue_delay") (value "0.1")
L 10/01/2020 - 06:36:45: [basecommands.smx] "Console<0><Console><Console>" changed cvar (cvar "sv_pausable") (value "0")
L 10/01/2020 - 06:36:50: [SM] Changed map to "c14m1_junkyard"
L 10/01/2020 - 06:36:50: -------- Mapchange to c14m1_junkyard --------
L 10/01/2020 - 06:36:54: [basecommands.smx] "Console<0><Console><Console>" changed cvar (cvar "sv_force_time_of_day") (value "0")
L 10/01/2020 - 06:36:54: [basecommands.smx] "Console<0><Console><Console>" changed cvar (cvar "z_witch_damage_per_kill_hit") (value "120")
L 10/01/2020 - 06:36:54: [basecommands.smx] "Console<0><Console><Console>" changed cvar (cvar "z_witch_anger_rate") (value "0.5")
L 10/01/2020 - 06:36:54: [basecommands.smx] "Console<0><Console><Console>" changed cvar (cvar "z_witch_flashlight_range") (value "2000")
L 10/01/2020 - 06:36:54: [basecommands.smx] "Console<0><Console><Console>" changed cvar (cvar "z_witch_burn_time") (value "100")
L 10/01/2020 - 06:36:54: [basecommands.smx] "Console<0><Console><Console>" changed cvar (cvar "z_tank_health") (value "4333")
L 10/01/2020 - 06:36:54: [basecommands.smx] "Console<0><Console><Console>" changed cvar (cvar "tank_burn_duration") (value "999999")
L 10/01/2020 - 06:36:54: [basecommands.smx] "Console<0><Console><Console>" changed cvar (cvar "z_ghost_delay_min") (value "20")
L 10/01/2020 - 06:36:54: [basecommands.smx] "Console<0><Console><Console>" changed cvar (cvar "z_ghost_delay_max") (value "20")
L 10/01/2020 - 06:36:54: [basecommands.smx] "Console<0><Console><Console>" changed cvar (cvar "versus_tank_chance_intro") (value "1")
L 10/01/2020 - 06:36:54: [basecommands.smx] "Console<0><Console><Console>" changed cvar (cvar "versus_tank_chance_finale") (value "1")
L 10/01/2020 - 06:36:54: [basecommands.smx] "Console<0><Console><Console>" changed cvar (cvar "versus_tank_chance") (value "1")
L 10/01/2020 - 06:36:54: [basecommands.smx] "Console<0><Console><Console>" changed cvar (cvar "versus_witch_chance_intro") (value "0")
L 10/01/2020 - 06:36:54: [basecommands.smx] "Console<0><Console><Console>" changed cvar (cvar "versus_witch_chance_finale") (value "0")
L 10/01/2020 - 06:36:54: [basecommands.smx] "Console<0><Console><Console>" changed cvar (cvar "versus_witch_chance") (value "1")
L 10/01/2020 - 06:36:54: [basecommands.smx] "Console<0><Console><Console>" changed cvar (cvar "boomer_vomit_delay") (value "0.1")
L 10/01/2020 - 06:36:54: [basecommands.smx] "Console<0><Console><Console>" changed cvar (cvar "smoker_tongue_delay") (value "0.1")
L 10/01/2020 - 06:36:54: [basecommands.smx] "Console<0><Console><Console>" changed cvar (cvar "sv_pausable") (value "0")
L 10/01/2020 - 06:37:26: [funcommands.smx] "Talos<2><STEAM_1:0:162762726><>" toggled noclip on "Talos<2><STEAM_1:0:162762726><>"
L 10/01/2020 - 06:37:41: [admin_hp.smx]  
L 10/01/2020 - 06:38:11: [funcommands.smx] "Talos<2><STEAM_1:0:162762726><>" toggled noclip on "Talos<2><STEAM_1:0:162762726><>"
L 10/01/2020 - 06:38:33: [funcommands.smx] "Talos<2><STEAM_1:0:162762726><>" toggled noclip on "Talos<2><STEAM_1:0:162762726><>"
L 10/01/2020 - 06:39:04: -------- Mapchange to c14m2_lighthouse --------
L 10/01/2020 - 06:39:11: [basecommands.smx] "Console<0><Console><Console>" changed cvar (cvar "sv_force_time_of_day") (value "0")
L 10/01/2020 - 06:39:11: [basecommands.smx] "Console<0><Console><Console>" changed cvar (cvar "z_witch_damage_per_kill_hit") (value "120")
L 10/01/2020 - 06:39:11: [basecommands.smx] "Console<0><Console><Console>" changed cvar (cvar "z_witch_anger_rate") (value "0.5")
L 10/01/2020 - 06:39:11: [basecommands.smx] "Console<0><Console><Console>" changed cvar (cvar "z_witch_flashlight_range") (value "2000")
L 10/01/2020 - 06:39:11: [basecommands.smx] "Console<0><Console><Console>" changed cvar (cvar "z_witch_burn_time") (value "100")
L 10/01/2020 - 06:39:11: [basecommands.smx] "Console<0><Console><Console>" changed cvar (cvar "z_tank_health") (value "4333")
L 10/01/2020 - 06:39:11: [basecommands.smx] "Console<0><Console><Console>" changed cvar (cvar "tank_burn_duration") (value "999999")
L 10/01/2020 - 06:39:11: [basecommands.smx] "Console<0><Console><Console>" changed cvar (cvar "z_ghost_delay_min") (value "20")
L 10/01/2020 - 06:39:11: [basecommands.smx] "Console<0><Console><Console>" changed cvar (cvar "z_ghost_delay_max") (value "20")
L 10/01/2020 - 06:39:11: [basecommands.smx] "Console<0><Console><Console>" changed cvar (cvar "versus_tank_chance_intro") (value "1")
L 10/01/2020 - 06:39:11: [basecommands.smx] "Console<0><Console><Console>" changed cvar (cvar "versus_tank_chance_finale") (value "1")
L 10/01/2020 - 06:39:11: [basecommands.smx] "Console<0><Console><Console>" changed cvar (cvar "versus_tank_chance") (value "1")
L 10/01/2020 - 06:39:11: [basecommands.smx] "Console<0><Console><Console>" changed cvar (cvar "versus_witch_chance_intro") (value "0")
L 10/01/2020 - 06:39:11: [basecommands.smx] "Console<0><Console><Console>" changed cvar (cvar "versus_witch_chance_finale") (value "0")
L 10/01/2020 - 06:39:11: [basecommands.smx] "Console<0><Console><Console>" changed cvar (cvar "versus_witch_chance") (value "1")
L 10/01/2020 - 06:39:11: [basecommands.smx] "Console<0><Console><Console>" changed cvar (cvar "boomer_vomit_delay") (value "0.1")
L 10/01/2020 - 06:39:11: [basecommands.smx] "Console<0><Console><Console>" changed cvar (cvar "smoker_tongue_delay") (value "0.1")
L 10/01/2020 - 06:39:11: [basecommands.smx] "Console<0><Console><Console>" changed cvar (cvar "sv_pausable") (value "0")
L 10/01/2020 - 06:39:17: [funcommands.smx] "Talos<2><STEAM_1:0:162762726><>" toggled noclip on "Talos<2><STEAM_1:0:162762726><>"
L 10/01/2020 - 06:39:25: [funcommands.smx] "Talos<2><STEAM_1:0:162762726><>" toggled noclip on "Talos<2><STEAM_1:0:162762726><>"
L 10/01/2020 - 06:39:33: [playercommands.smx] "Talos<2><STEAM_1:0:162762726><>" slayed "Tank<11><BOT><>"
L 10/01/2020 - 06:41:22: [admin_hp.smx]  
L 10/01/2020 - 06:41:46: [playercommands.smx] "Talos<2><STEAM_1:0:162762726><>" slayed "Spitter<23><BOT><>"
L 10/01/2020 - 06:41:46: [playercommands.smx] "Talos<2><STEAM_1:0:162762726><>" slayed "Tank<24><BOT><>"
L 10/01/2020 - 06:42:54: [admin_hp.smx]  
L 10/01/2020 - 06:44:13: [admin_hp.smx]  
L 10/01/2020 - 06:44:43: [admin_hp.smx]  
L 10/01/2020 - 06:45:44: [playercommands.smx] "Talos<2><STEAM_1:0:162762726><>" slayed "Smoker<39><BOT><>"
L 10/01/2020 - 06:45:44: [playercommands.smx] "Talos<2><STEAM_1:0:162762726><>" slayed "Jockey<40><BOT><>"
L 10/01/2020 - 06:45:44: [playercommands.smx] "Talos<2><STEAM_1:0:162762726><>" slayed "Tank<41><BOT><>"
L 10/01/2020 - 06:47:00: -------- Mapchange to c6m1_riverbank --------
L 10/01/2020 - 06:47:05: [basecommands.smx] "Console<0><Console><Console>" changed cvar (cvar "sv_force_time_of_day") (value "0")
L 10/01/2020 - 06:47:05: [basecommands.smx] "Console<0><Console><Console>" changed cvar (cvar "z_witch_damage_per_kill_hit") (value "120")
L 10/01/2020 - 06:47:05: [basecommands.smx] "Console<0><Console><Console>" changed cvar (cvar "z_witch_anger_rate") (value "0.5")
L 10/01/2020 - 06:47:05: [basecommands.smx] "Console<0><Console><Console>" changed cvar (cvar "z_witch_flashlight_range") (value "2000")
L 10/01/2020 - 06:47:05: [basecommands.smx] "Console<0><Console><Console>" changed cvar (cvar "z_witch_burn_time") (value "100")
L 10/01/2020 - 06:47:05: [basecommands.smx] "Console<0><Console><Console>" changed cvar (cvar "z_tank_health") (value "4333")
L 10/01/2020 - 06:47:05: [basecommands.smx] "Console<0><Console><Console>" changed cvar (cvar "tank_burn_duration") (value "999999")
L 10/01/2020 - 06:47:05: [basecommands.smx] "Console<0><Console><Console>" changed cvar (cvar "z_ghost_delay_min") (value "20")
L 10/01/2020 - 06:47:05: [basecommands.smx] "Console<0><Console><Console>" changed cvar (cvar "z_ghost_delay_max") (value "20")
L 10/01/2020 - 06:47:05: [basecommands.smx] "Console<0><Console><Console>" changed cvar (cvar "versus_tank_chance_intro") (value "1")
L 10/01/2020 - 06:47:05: [basecommands.smx] "Console<0><Console><Console>" changed cvar (cvar "versus_tank_chance_finale") (value "1")
L 10/01/2020 - 06:47:05: [basecommands.smx] "Console<0><Console><Console>" changed cvar (cvar "versus_tank_chance") (value "1")
L 10/01/2020 - 06:47:05: [basecommands.smx] "Console<0><Console><Console>" changed cvar (cvar "versus_witch_chance_intro") (value "0")
L 10/01/2020 - 06:47:05: [basecommands.smx] "Console<0><Console><Console>" changed cvar (cvar "versus_witch_chance_finale") (value "0")
L 10/01/2020 - 06:47:05: [basecommands.smx] "Console<0><Console><Console>" changed cvar (cvar "versus_witch_chance") (value "1")
L 10/01/2020 - 06:47:06: [basecommands.smx] "Console<0><Console><Console>" changed cvar (cvar "boomer_vomit_delay") (value "0.1")
L 10/01/2020 - 06:47:06: [basecommands.smx] "Console<0><Console><Console>" changed cvar (cvar "smoker_tongue_delay") (value "0.1")
L 10/01/2020 - 06:47:06: [basecommands.smx] "Console<0><Console><Console>" changed cvar (cvar "sv_pausable") (value "0")
L 10/01/2020 - 06:47:14: -------- Mapchange to c1m1_hotel --------
L 10/01/2020 - 06:47:17: [basecommands.smx] "Console<0><Console><Console>" changed cvar (cvar "sv_force_time_of_day") (value "0")
L 10/01/2020 - 06:47:17: [basecommands.smx] "Console<0><Console><Console>" changed cvar (cvar "z_witch_damage_per_kill_hit") (value "120")
L 10/01/2020 - 06:47:17: [basecommands.smx] "Console<0><Console><Console>" changed cvar (cvar "z_witch_anger_rate") (value "0.5")
L 10/01/2020 - 06:47:17: [basecommands.smx] "Console<0><Console><Console>" changed cvar (cvar "z_witch_flashlight_range") (value "2000")
L 10/01/2020 - 06:47:17: [basecommands.smx] "Console<0><Console><Console>" changed cvar (cvar "z_witch_burn_time") (value "100")
L 10/01/2020 - 06:47:17: [basecommands.smx] "Console<0><Console><Console>" changed cvar (cvar "z_tank_health") (value "4333")
L 10/01/2020 - 06:47:17: [basecommands.smx] "Console<0><Console><Console>" changed cvar (cvar "tank_burn_duration") (value "999999")
L 10/01/2020 - 06:47:17: [basecommands.smx] "Console<0><Console><Console>" changed cvar (cvar "z_ghost_delay_min") (value "20")
L 10/01/2020 - 06:47:17: [basecommands.smx] "Console<0><Console><Console>" changed cvar (cvar "z_ghost_delay_max") (value "20")
L 10/01/2020 - 06:47:17: [basecommands.smx] "Console<0><Console><Console>" changed cvar (cvar "versus_tank_chance_intro") (value "1")
L 10/01/2020 - 06:47:17: [basecommands.smx] "Console<0><Console><Console>" changed cvar (cvar "versus_tank_chance_finale") (value "1")
L 10/01/2020 - 06:47:17: [basecommands.smx] "Console<0><Console><Console>" changed cvar (cvar "versus_tank_chance") (value "1")
L 10/01/2020 - 06:47:17: [basecommands.smx] "Console<0><Console><Console>" changed cvar (cvar "versus_witch_chance_intro") (value "0")
L 10/01/2020 - 06:47:17: [basecommands.smx] "Console<0><Console><Console>" changed cvar (cvar "versus_witch_chance_finale") (value "0")
L 10/01/2020 - 06:47:17: [basecommands.smx] "Console<0><Console><Console>" changed cvar (cvar "versus_witch_chance") (value "1")
L 10/01/2020 - 06:47:17: [basecommands.smx] "Console<0><Console><Console>" changed cvar (cvar "boomer_vomit_delay") (value "0.1")
L 10/01/2020 - 06:47:17: [basecommands.smx] "Console<0><Console><Console>" changed cvar (cvar "smoker_tongue_delay") (value "0.1")
L 10/01/2020 - 06:47:17: [basecommands.smx] "Console<0><Console><Console>" changed cvar (cvar "sv_pausable") (value "0")
L 10/01/2020 - 06:48:01: -------- Mapchange to c6m1_riverbank --------
L 10/01/2020 - 06:48:03: [basecommands.smx] "Console<0><Console><Console>" changed cvar (cvar "sv_force_time_of_day") (value "0")
L 10/01/2020 - 06:48:03: [basecommands.smx] "Console<0><Console><Console>" changed cvar (cvar "z_witch_damage_per_kill_hit") (value "120")
L 10/01/2020 - 06:48:03: [basecommands.smx] "Console<0><Console><Console>" changed cvar (cvar "z_witch_anger_rate") (value "0.5")
L 10/01/2020 - 06:48:03: [basecommands.smx] "Console<0><Console><Console>" changed cvar (cvar "z_witch_flashlight_range") (value "2000")
L 10/01/2020 - 06:48:03: [basecommands.smx] "Console<0><Console><Console>" changed cvar (cvar "z_witch_burn_time") (value "100")
L 10/01/2020 - 06:48:03: [basecommands.smx] "Console<0><Console><Console>" changed cvar (cvar "z_tank_health") (value "4333")
L 10/01/2020 - 06:48:03: [basecommands.smx] "Console<0><Console><Console>" changed cvar (cvar "tank_burn_duration") (value "999999")
L 10/01/2020 - 06:48:03: [basecommands.smx] "Console<0><Console><Console>" changed cvar (cvar "z_ghost_delay_min") (value "20")
L 10/01/2020 - 06:48:03: [basecommands.smx] "Console<0><Console><Console>" changed cvar (cvar "z_ghost_delay_max") (value "20")
L 10/01/2020 - 06:48:03: [basecommands.smx] "Console<0><Console><Console>" changed cvar (cvar "versus_tank_chance_intro") (value "1")
L 10/01/2020 - 06:48:03: [basecommands.smx] "Console<0><Console><Console>" changed cvar (cvar "versus_tank_chance_finale") (value "1")
L 10/01/2020 - 06:48:03: [basecommands.smx] "Console<0><Console><Console>" changed cvar (cvar "versus_tank_chance") (value "1")
L 10/01/2020 - 06:48:03: [basecommands.smx] "Console<0><Console><Console>" changed cvar (cvar "versus_witch_chance_intro") (value "0")
L 10/01/2020 - 06:48:03: [basecommands.smx] "Console<0><Console><Console>" changed cvar (cvar "versus_witch_chance_finale") (value "0")
L 10/01/2020 - 06:48:03: [basecommands.smx] "Console<0><Console><Console>" changed cvar (cvar "versus_witch_chance") (value "1")
L 10/01/2020 - 06:48:03: [basecommands.smx] "Console<0><Console><Console>" changed cvar (cvar "boomer_vomit_delay") (value "0.1")
L 10/01/2020 - 06:48:03: [basecommands.smx] "Console<0><Console><Console>" changed cvar (cvar "smoker_tongue_delay") (value "0.1")
L 10/01/2020 - 06:48:03: [basecommands.smx] "Console<0><Console><Console>" changed cvar (cvar "sv_pausable") (value "0")
L 10/01/2020 - 06:48:47: [funcommands.smx] "Talos<57><STEAM_1:0:162762726><>" toggled noclip on "Talos<57><STEAM_1:0:162762726><>"
L 10/01/2020 - 06:48:55: [funcommands.smx] "Talos<57><STEAM_1:0:162762726><>" toggled noclip on "Talos<57><STEAM_1:0:162762726><>"
L 10/01/2020 - 06:48:55: [funcommands.smx] "Talos<57><STEAM_1:0:162762726><>" toggled noclip on "Talos<57><STEAM_1:0:162762726><>"
L 10/01/2020 - 06:48:56: [funcommands.smx] "Talos<57><STEAM_1:0:162762726><>" toggled noclip on "Talos<57><STEAM_1:0:162762726><>"
L 10/01/2020 - 06:49:01: [playercommands.smx] "Talos<57><STEAM_1:0:162762726><>" slayed "Tank<65><BOT><>"
L 10/01/2020 - 06:49:08: [playercommands.smx] "Talos<57><STEAM_1:0:162762726><>" slayed "Zoey<64><BOT><>"
L 10/01/2020 - 06:51:12: -------- Mapchange to c1m4_atrium --------
L 10/01/2020 - 06:51:15: [basecommands.smx] "Console<0><Console><Console>" changed cvar (cvar "sv_force_time_of_day") (value "0")
L 10/01/2020 - 06:51:15: [basecommands.smx] "Console<0><Console><Console>" changed cvar (cvar "z_witch_damage_per_kill_hit") (value "120")
L 10/01/2020 - 06:51:15: [basecommands.smx] "Console<0><Console><Console>" changed cvar (cvar "z_witch_anger_rate") (value "0.5")
L 10/01/2020 - 06:51:15: [basecommands.smx] "Console<0><Console><Console>" changed cvar (cvar "z_witch_flashlight_range") (value "2000")
L 10/01/2020 - 06:51:15: [basecommands.smx] "Console<0><Console><Console>" changed cvar (cvar "z_witch_burn_time") (value "100")
L 10/01/2020 - 06:51:15: [basecommands.smx] "Console<0><Console><Console>" changed cvar (cvar "z_tank_health") (value "4333")
L 10/01/2020 - 06:51:15: [basecommands.smx] "Console<0><Console><Console>" changed cvar (cvar "tank_burn_duration") (value "999999")
L 10/01/2020 - 06:51:15: [basecommands.smx] "Console<0><Console><Console>" changed cvar (cvar "z_ghost_delay_min") (value "20")
L 10/01/2020 - 06:51:15: [basecommands.smx] "Console<0><Console><Console>" changed cvar (cvar "z_ghost_delay_max") (value "20")
L 10/01/2020 - 06:51:15: [basecommands.smx] "Console<0><Console><Console>" changed cvar (cvar "versus_tank_chance_intro") (value "1")
L 10/01/2020 - 06:51:15: [basecommands.smx] "Console<0><Console><Console>" changed cvar (cvar "versus_tank_chance_finale") (value "1")
L 10/01/2020 - 06:51:15: [basecommands.smx] "Console<0><Console><Console>" changed cvar (cvar "versus_tank_chance") (value "1")
L 10/01/2020 - 06:51:15: [basecommands.smx] "Console<0><Console><Console>" changed cvar (cvar "versus_witch_chance_intro") (value "0")
L 10/01/2020 - 06:51:15: [basecommands.smx] "Console<0><Console><Console>" changed cvar (cvar "versus_witch_chance_finale") (value "0")
L 10/01/2020 - 06:51:15: [basecommands.smx] "Console<0><Console><Console>" changed cvar (cvar "versus_witch_chance") (value "1")
L 10/01/2020 - 06:51:15: [basecommands.smx] "Console<0><Console><Console>" changed cvar (cvar "boomer_vomit_delay") (value "0.1")
L 10/01/2020 - 06:51:15: [basecommands.smx] "Console<0><Console><Console>" changed cvar (cvar "smoker_tongue_delay") (value "0.1")
L 10/01/2020 - 06:51:15: [basecommands.smx] "Console<0><Console><Console>" changed cvar (cvar "sv_pausable") (value "0")
L 10/01/2020 - 06:51:37: [funcommands.smx] "Talos<68><STEAM_1:0:162762726><>" toggled noclip on "Talos<68><STEAM_1:0:162762726><>"
L 10/01/2020 - 06:51:43: [funcommands.smx] "Talos<68><STEAM_1:0:162762726><>" toggled noclip on "Talos<68><STEAM_1:0:162762726><>"
L 10/01/2020 - 06:53:55: Log file closed.
L 10/01/2020 - 06:58:40: SourceMod log file session started (file "E:\Steam\steamapps\common\Left 4 Dead 2\left4dead2\addons\sourcemod\logs\L20201001.log") (Version "1.10.0.6492")
L 10/01/2020 - 06:58:40: [simplewelcomemsg.smx] Set the maximum number of lines of.
L 10/01/2020 - 06:58:47: [basecommands.smx] "Console<0><Console><Console>" changed cvar (cvar "sv_force_time_of_day") (value "0")
L 10/01/2020 - 06:58:47: [basecommands.smx] "Console<0><Console><Console>" changed cvar (cvar "z_witch_damage_per_kill_hit") (value "120")
L 10/01/2020 - 06:58:47: [basecommands.smx] "Console<0><Console><Console>" changed cvar (cvar "z_witch_anger_rate") (value "0.5")
L 10/01/2020 - 06:58:47: [basecommands.smx] "Console<0><Console><Console>" changed cvar (cvar "z_witch_flashlight_range") (value "2000")
L 10/01/2020 - 06:58:47: [basecommands.smx] "Console<0><Console><Console>" changed cvar (cvar "z_witch_burn_time") (value "100")
L 10/01/2020 - 06:58:47: [basecommands.smx] "Console<0><Console><Console>" changed cvar (cvar "z_tank_health") (value "4333")
L 10/01/2020 - 06:58:47: [basecommands.smx] "Console<0><Console><Console>" changed cvar (cvar "tank_burn_duration") (value "999999")
L 10/01/2020 - 06:58:47: [basecommands.smx] "Console<0><Console><Console>" changed cvar (cvar "z_ghost_delay_min") (value "20")
L 10/01/2020 - 06:58:47: [basecommands.smx] "Console<0><Console><Console>" changed cvar (cvar "z_ghost_delay_max") (value "20")
L 10/01/2020 - 06:58:47: [basecommands.smx] "Console<0><Console><Console>" changed cvar (cvar "versus_tank_chance_intro") (value "1")
L 10/01/2020 - 06:58:47: [basecommands.smx] "Console<0><Console><Console>" changed cvar (cvar "versus_tank_chance_finale") (value "1")
L 10/01/2020 - 06:58:47: [basecommands.smx] "Console<0><Console><Console>" changed cvar (cvar "versus_tank_chance") (value "1")
L 10/01/2020 - 06:58:47: [basecommands.smx] "Console<0><Console><Console>" changed cvar (cvar "versus_witch_chance_intro") (value "0")
L 10/01/2020 - 06:58:47: [basecommands.smx] "Console<0><Console><Console>" changed cvar (cvar "versus_witch_chance_finale") (value "0")
L 10/01/2020 - 06:58:47: [basecommands.smx] "Console<0><Console><Console>" changed cvar (cvar "versus_witch_chance") (value "1")
L 10/01/2020 - 06:58:47: [basecommands.smx] "Console<0><Console><Console>" changed cvar (cvar "boomer_vomit_delay") (value "0.1")
L 10/01/2020 - 06:58:47: [basecommands.smx] "Console<0><Console><Console>" changed cvar (cvar "smoker_tongue_delay") (value "0.1")
L 10/01/2020 - 06:58:47: [basecommands.smx] "Console<0><Console><Console>" changed cvar (cvar "sv_pausable") (value "0")
L 10/01/2020 - 06:58:49: [SM] Changed map to "c1m4_atrium"
L 10/01/2020 - 06:58:49: -------- Mapchange to c1m4_atrium --------
L 10/01/2020 - 06:58:51: [basecommands.smx] "Console<0><Console><Console>" changed cvar (cvar "sv_force_time_of_day") (value "0")
L 10/01/2020 - 06:58:51: [basecommands.smx] "Console<0><Console><Console>" changed cvar (cvar "z_witch_damage_per_kill_hit") (value "120")
L 10/01/2020 - 06:58:51: [basecommands.smx] "Console<0><Console><Console>" changed cvar (cvar "z_witch_anger_rate") (value "0.5")
L 10/01/2020 - 06:58:51: [basecommands.smx] "Console<0><Console><Console>" changed cvar (cvar "z_witch_flashlight_range") (value "2000")
L 10/01/2020 - 06:58:51: [basecommands.smx] "Console<0><Console><Console>" changed cvar (cvar "z_witch_burn_time") (value "100")
L 10/01/2020 - 06:58:51: [basecommands.smx] "Console<0><Console><Console>" changed cvar (cvar "z_tank_health") (value "4333")
L 10/01/2020 - 06:58:51: [basecommands.smx] "Console<0><Console><Console>" changed cvar (cvar "tank_burn_duration") (value "999999")
L 10/01/2020 - 06:58:51: [basecommands.smx] "Console<0><Console><Console>" changed cvar (cvar "z_ghost_delay_min") (value "20")
L 10/01/2020 - 06:58:51: [basecommands.smx] "Console<0><Console><Console>" changed cvar (cvar "z_ghost_delay_max") (value "20")
L 10/01/2020 - 06:58:51: [basecommands.smx] "Console<0><Console><Console>" changed cvar (cvar "versus_tank_chance_intro") (value "1")
L 10/01/2020 - 06:58:51: [basecommands.smx] "Console<0><Console><Console>" changed cvar (cvar "versus_tank_chance_finale") (value "1")
L 10/01/2020 - 06:58:51: [basecommands.smx] "Console<0><Console><Console>" changed cvar (cvar "versus_tank_chance") (value "1")
L 10/01/2020 - 06:58:51: [basecommands.smx] "Console<0><Console><Console>" changed cvar (cvar "versus_witch_chance_intro") (value "0")
L 10/01/2020 - 06:58:51: [basecommands.smx] "Console<0><Console><Console>" changed cvar (cvar "versus_witch_chance_finale") (value "0")
L 10/01/2020 - 06:58:51: [basecommands.smx] "Console<0><Console><Console>" changed cvar (cvar "versus_witch_chance") (value "1")
L 10/01/2020 - 06:58:51: [basecommands.smx] "Console<0><Console><Console>" changed cvar (cvar "boomer_vomit_delay") (value "0.1")
L 10/01/2020 - 06:58:51: [basecommands.smx] "Console<0><Console><Console>" changed cvar (cvar "smoker_tongue_delay") (value "0.1")
L 10/01/2020 - 06:58:51: [basecommands.smx] "Console<0><Console><Console>" changed cvar (cvar "sv_pausable") (value "0")
L 10/01/2020 - 06:59:19: [playercommands.smx] "Talos<2><STEAM_1:0:162762726><>" slayed "Nick<3><BOT><>"
L 10/01/2020 - 06:59:19: [playercommands.smx] "Talos<2><STEAM_1:0:162762726><>" slayed "Coach<4><BOT><>"
L 10/01/2020 - 06:59:19: [playercommands.smx] "Talos<2><STEAM_1:0:162762726><>" slayed "Rochelle<5><BOT><>"
L 10/01/2020 - 07:02:02: -------- Mapchange to c2m4_barns --------
L 10/01/2020 - 07:02:05: [basecommands.smx] "Console<0><Console><Console>" changed cvar (cvar "sv_force_time_of_day") (value "0")
L 10/01/2020 - 07:02:05: [basecommands.smx] "Console<0><Console><Console>" changed cvar (cvar "z_witch_damage_per_kill_hit") (value "120")
L 10/01/2020 - 07:02:05: [basecommands.smx] "Console<0><Console><Console>" changed cvar (cvar "z_witch_anger_rate") (value "0.5")
L 10/01/2020 - 07:02:05: [basecommands.smx] "Console<0><Console><Console>" changed cvar (cvar "z_witch_flashlight_range") (value "2000")
L 10/01/2020 - 07:02:05: [basecommands.smx] "Console<0><Console><Console>" changed cvar (cvar "z_witch_burn_time") (value "100")
L 10/01/2020 - 07:02:05: [basecommands.smx] "Console<0><Console><Console>" changed cvar (cvar "z_tank_health") (value "4333")
L 10/01/2020 - 07:02:05: [basecommands.smx] "Console<0><Console><Console>" changed cvar (cvar "tank_burn_duration") (value "999999")
L 10/01/2020 - 07:02:05: [basecommands.smx] "Console<0><Console><Console>" changed cvar (cvar "z_ghost_delay_min") (value "20")
L 10/01/2020 - 07:02:05: [basecommands.smx] "Console<0><Console><Console>" changed cvar (cvar "z_ghost_delay_max") (value "20")
L 10/01/2020 - 07:02:05: [basecommands.smx] "Console<0><Console><Console>" changed cvar (cvar "versus_tank_chance_intro") (value "1")
L 10/01/2020 - 07:02:05: [basecommands.smx] "Console<0><Console><Console>" changed cvar (cvar "versus_tank_chance_finale") (value "1")
L 10/01/2020 - 07:02:05: [basecommands.smx] "Console<0><Console><Console>" changed cvar (cvar "versus_tank_chance") (value "1")
L 10/01/2020 - 07:02:05: [basecommands.smx] "Console<0><Console><Console>" changed cvar (cvar "versus_witch_chance_intro") (value "0")
L 10/01/2020 - 07:02:05: [basecommands.smx] "Console<0><Console><Console>" changed cvar (cvar "versus_witch_chance_finale") (value "0")
L 10/01/2020 - 07:02:05: [basecommands.smx] "Console<0><Console><Console>" changed cvar (cvar "versus_witch_chance") (value "1")
L 10/01/2020 - 07:02:05: [basecommands.smx] "Console<0><Console><Console>" changed cvar (cvar "boomer_vomit_delay") (value "0.1")
L 10/01/2020 - 07:02:05: [basecommands.smx] "Console<0><Console><Console>" changed cvar (cvar "smoker_tongue_delay") (value "0.1")
L 10/01/2020 - 07:02:05: [basecommands.smx] "Console<0><Console><Console>" changed cvar (cvar "sv_pausable") (value "0")
L 10/01/2020 - 07:02:19: [playercommands.smx] "Talos<2><STEAM_1:0:162762726><>" slayed "Nick<12><BOT><>"
L 10/01/2020 - 07:02:19: [playercommands.smx] "Talos<2><STEAM_1:0:162762726><>" slayed "Coach<13><BOT><>"
L 10/01/2020 - 07:02:19: [playercommands.smx] "Talos<2><STEAM_1:0:162762726><>" slayed "Rochelle<14><BOT><>"
L 10/01/2020 - 07:03:42: [basecommands.smx] "Console<0><Console><Console>" changed cvar (cvar "hostname") (value "ProMod")
L 10/01/2020 - 07:04:54: [playercommands.smx] "Talos<2><STEAM_1:0:162762726><>" slayed "Tank<18><BOT><>"
L 10/01/2020 - 07:06:08: [admin_hp.smx]  
L 10/01/2020 - 07:06:54: -------- Mapchange to c10m1_caves --------
L 10/01/2020 - 07:07:00: [basecommands.smx] "Console<0><Console><Console>" changed cvar (cvar "sv_force_time_of_day") (value "0")
L 10/01/2020 - 07:07:00: [basecommands.smx] "Console<0><Console><Console>" changed cvar (cvar "z_witch_damage_per_kill_hit") (value "120")
L 10/01/2020 - 07:07:00: [basecommands.smx] "Console<0><Console><Console>" changed cvar (cvar "z_witch_anger_rate") (value "0.5")
L 10/01/2020 - 07:07:00: [basecommands.smx] "Console<0><Console><Console>" changed cvar (cvar "z_witch_flashlight_range") (value "2000")
L 10/01/2020 - 07:07:00: [basecommands.smx] "Console<0><Console><Console>" changed cvar (cvar "z_witch_burn_time") (value "100")
L 10/01/2020 - 07:07:00: [basecommands.smx] "Console<0><Console><Console>" changed cvar (cvar "z_tank_health") (value "4333")
L 10/01/2020 - 07:07:00: [basecommands.smx] "Console<0><Console><Console>" changed cvar (cvar "tank_burn_duration") (value "999999")
L 10/01/2020 - 07:07:00: [basecommands.smx] "Console<0><Console><Console>" changed cvar (cvar "z_ghost_delay_min") (value "20")
L 10/01/2020 - 07:07:00: [basecommands.smx] "Console<0><Console><Console>" changed cvar (cvar "z_ghost_delay_max") (value "20")
L 10/01/2020 - 07:07:00: [basecommands.smx] "Console<0><Console><Console>" changed cvar (cvar "versus_tank_chance_intro") (value "1")
L 10/01/2020 - 07:07:00: [basecommands.smx] "Console<0><Console><Console>" changed cvar (cvar "versus_tank_chance_finale") (value "1")
L 10/01/2020 - 07:07:00: [basecommands.smx] "Console<0><Console><Console>" changed cvar (cvar "versus_tank_chance") (value "1")
L 10/01/2020 - 07:07:00: [basecommands.smx] "Console<0><Console><Console>" changed cvar (cvar "versus_witch_chance_intro") (value "0")
L 10/01/2020 - 07:07:00: [basecommands.smx] "Console<0><Console><Console>" changed cvar (cvar "versus_witch_chance_finale") (value "0")
L 10/01/2020 - 07:07:00: [basecommands.smx] "Console<0><Console><Console>" changed cvar (cvar "versus_witch_chance") (value "1")
L 10/01/2020 - 07:07:00: [basecommands.smx] "Console<0><Console><Console>" changed cvar (cvar "boomer_vomit_delay") (value "0.1")
L 10/01/2020 - 07:07:00: [basecommands.smx] "Console<0><Console><Console>" changed cvar (cvar "smoker_tongue_delay") (value "0.1")
L 10/01/2020 - 07:07:00: [basecommands.smx] "Console<0><Console><Console>" changed cvar (cvar "sv_pausable") (value "0")
L 10/01/2020 - 07:07:25: [playercommands.smx] "Talos<2><STEAM_1:0:162762726><>" slayed "Louis<27><BOT><>"
L 10/01/2020 - 07:07:25: [playercommands.smx] "Talos<2><STEAM_1:0:162762726><>" slayed "Zoey<28><BOT><>"
L 10/01/2020 - 07:07:25: [playercommands.smx] "Talos<2><STEAM_1:0:162762726><>" slayed "Francis<29><BOT><>"
L 10/01/2020 - 07:07:31: [funcommands.smx] "Talos<2><STEAM_1:0:162762726><>" toggled noclip on "Talos<2><STEAM_1:0:162762726><>"
L 10/01/2020 - 07:08:03: [basecommands.smx] "Console<0><Console><Console>" changed cvar (cvar "rescue_distance") (value "10")
L 10/01/2020 - 07:08:39: [funcommands.smx] "Talos<2><STEAM_1:0:162762726><>" toggled noclip on "Talos<2><STEAM_1:0:162762726><>"
L 10/01/2020 - 07:09:34: Log file closed.
L 10/01/2020 - 07:13:01: SourceMod log file session started (file "E:\Steam\steamapps\common\Left 4 Dead 2\left4dead2\addons\sourcemod\logs\L20201001.log") (Version "1.10.0.6492")
L 10/01/2020 - 07:13:01: [simplewelcomemsg.smx] Set the maximum number of lines of.
L 10/01/2020 - 07:13:07: [basecommands.smx] "Console<0><Console><Console>" changed cvar (cvar "sv_force_time_of_day") (value "0")
L 10/01/2020 - 07:13:07: [basecommands.smx] "Console<0><Console><Console>" changed cvar (cvar "z_witch_damage_per_kill_hit") (value "120")
L 10/01/2020 - 07:13:07: [basecommands.smx] "Console<0><Console><Console>" changed cvar (cvar "z_witch_anger_rate") (value "0.5")
L 10/01/2020 - 07:13:07: [basecommands.smx] "Console<0><Console><Console>" changed cvar (cvar "z_witch_flashlight_range") (value "2000")
L 10/01/2020 - 07:13:07: [basecommands.smx] "Console<0><Console><Console>" changed cvar (cvar "z_witch_burn_time") (value "100")
L 10/01/2020 - 07:13:07: [basecommands.smx] "Console<0><Console><Console>" changed cvar (cvar "z_tank_health") (value "4333")
L 10/01/2020 - 07:13:07: [basecommands.smx] "Console<0><Console><Console>" changed cvar (cvar "tank_burn_duration") (value "999999")
L 10/01/2020 - 07:13:07: [basecommands.smx] "Console<0><Console><Console>" changed cvar (cvar "z_ghost_delay_min") (value "20")
L 10/01/2020 - 07:13:07: [basecommands.smx] "Console<0><Console><Console>" changed cvar (cvar "z_ghost_delay_max") (value "20")
L 10/01/2020 - 07:13:07: [basecommands.smx] "Console<0><Console><Console>" changed cvar (cvar "versus_tank_chance_intro") (value "1")
L 10/01/2020 - 07:13:07: [basecommands.smx] "Console<0><Console><Console>" changed cvar (cvar "versus_tank_chance_finale") (value "1")
L 10/01/2020 - 07:13:07: [basecommands.smx] "Console<0><Console><Console>" changed cvar (cvar "versus_tank_chance") (value "1")
L 10/01/2020 - 07:13:07: [basecommands.smx] "Console<0><Console><Console>" changed cvar (cvar "versus_witch_chance_intro") (value "0")
L 10/01/2020 - 07:13:07: [basecommands.smx] "Console<0><Console><Console>" changed cvar (cvar "versus_witch_chance_finale") (value "0")
L 10/01/2020 - 07:13:07: [basecommands.smx] "Console<0><Console><Console>" changed cvar (cvar "versus_witch_chance") (value "1")
L 10/01/2020 - 07:13:07: [basecommands.smx] "Console<0><Console><Console>" changed cvar (cvar "boomer_vomit_delay") (value "0.1")
L 10/01/2020 - 07:13:07: [basecommands.smx] "Console<0><Console><Console>" changed cvar (cvar "smoker_tongue_delay") (value "0.1")
L 10/01/2020 - 07:13:07: [basecommands.smx] "Console<0><Console><Console>" changed cvar (cvar "hostname") (value "ProMod")
L 10/01/2020 - 07:13:09: [SM] Changed map to "c2m5_concert"
L 10/01/2020 - 07:13:12: -------- Mapchange to c2m5_concert --------
L 10/01/2020 - 07:13:15: [basecommands.smx] "Console<0><Console><Console>" changed cvar (cvar "sv_force_time_of_day") (value "0")
L 10/01/2020 - 07:13:15: [basecommands.smx] "Console<0><Console><Console>" changed cvar (cvar "z_witch_damage_per_kill_hit") (value "120")
L 10/01/2020 - 07:13:15: [basecommands.smx] "Console<0><Console><Console>" changed cvar (cvar "z_witch_anger_rate") (value "0.5")
L 10/01/2020 - 07:13:15: [basecommands.smx] "Console<0><Console><Console>" changed cvar (cvar "z_witch_flashlight_range") (value "2000")
L 10/01/2020 - 07:13:15: [basecommands.smx] "Console<0><Console><Console>" changed cvar (cvar "z_witch_burn_time") (value "100")
L 10/01/2020 - 07:13:15: [basecommands.smx] "Console<0><Console><Console>" changed cvar (cvar "z_tank_health") (value "4333")
L 10/01/2020 - 07:13:15: [basecommands.smx] "Console<0><Console><Console>" changed cvar (cvar "tank_burn_duration") (value "999999")
L 10/01/2020 - 07:13:15: [basecommands.smx] "Console<0><Console><Console>" changed cvar (cvar "z_ghost_delay_min") (value "20")
L 10/01/2020 - 07:13:15: [basecommands.smx] "Console<0><Console><Console>" changed cvar (cvar "z_ghost_delay_max") (value "20")
L 10/01/2020 - 07:13:15: [basecommands.smx] "Console<0><Console><Console>" changed cvar (cvar "versus_tank_chance_intro") (value "1")
L 10/01/2020 - 07:13:15: [basecommands.smx] "Console<0><Console><Console>" changed cvar (cvar "versus_tank_chance_finale") (value "1")
L 10/01/2020 - 07:13:15: [basecommands.smx] "Console<0><Console><Console>" changed cvar (cvar "versus_tank_chance") (value "1")
L 10/01/2020 - 07:13:15: [basecommands.smx] "Console<0><Console><Console>" changed cvar (cvar "versus_witch_chance_intro") (value "0")
L 10/01/2020 - 07:13:15: [basecommands.smx] "Console<0><Console><Console>" changed cvar (cvar "versus_witch_chance_finale") (value "0")
L 10/01/2020 - 07:13:15: [basecommands.smx] "Console<0><Console><Console>" changed cvar (cvar "versus_witch_chance") (value "1")
L 10/01/2020 - 07:13:15: [basecommands.smx] "Console<0><Console><Console>" changed cvar (cvar "boomer_vomit_delay") (value "0.1")
L 10/01/2020 - 07:13:15: [basecommands.smx] "Console<0><Console><Console>" changed cvar (cvar "smoker_tongue_delay") (value "0.1")
L 10/01/2020 - 07:13:15: [basecommands.smx] "Console<0><Console><Console>" changed cvar (cvar "hostname") (value "ProMod")
L 10/01/2020 - 07:19:01: [playercommands.smx] "Talos<2><STEAM_1:0:162762726><>" slayed "Jockey<19><BOT><>"
L 10/01/2020 - 07:19:01: [playercommands.smx] "Talos<2><STEAM_1:0:162762726><>" slayed "Tank<9><BOT><>"
L 10/01/2020 - 07:19:03: [admin_hp.smx]  
L 10/01/2020 - 07:19:15: [playercommands.smx] "Talos<2><STEAM_1:0:162762726><>" slayed "(1)Tank<33><BOT><>"
L 10/01/2020 - 07:19:18: [playercommands.smx] "Talos<2><STEAM_1:0:162762726><>" slayed "Boomer<38><BOT><>"
L 10/01/2020 - 07:19:21: [playercommands.smx] "Talos<2><STEAM_1:0:162762726><>" slayed "Tank<39><BOT><>"
L 10/01/2020 - 07:20:09: Log file closed.
L 10/01/2020 - 08:45:45: SourceMod log file session started (file "E:\Steam\steamapps\common\Left 4 Dead 2\left4dead2\addons\sourcemod\logs\L20201001.log") (Version "1.10.0.6492")
L 10/01/2020 - 08:45:45: [simplewelcomemsg.smx] Set the maximum number of lines of.
L 10/01/2020 - 08:45:59: [basecommands.smx] "Console<0><Console><Console>" changed cvar (cvar "sv_force_time_of_day") (value "0")
L 10/01/2020 - 08:45:59: [basecommands.smx] "Console<0><Console><Console>" changed cvar (cvar "z_witch_damage_per_kill_hit") (value "120")
L 10/01/2020 - 08:45:59: [basecommands.smx] "Console<0><Console><Console>" changed cvar (cvar "z_witch_anger_rate") (value "0.5")
L 10/01/2020 - 08:45:59: [basecommands.smx] "Console<0><Console><Console>" changed cvar (cvar "z_witch_flashlight_range") (value "2000")
L 10/01/2020 - 08:45:59: [basecommands.smx] "Console<0><Console><Console>" changed cvar (cvar "z_witch_burn_time") (value "100")
L 10/01/2020 - 08:45:59: [basecommands.smx] "Console<0><Console><Console>" changed cvar (cvar "z_tank_health") (value "4333")
L 10/01/2020 - 08:45:59: [basecommands.smx] "Console<0><Console><Console>" changed cvar (cvar "tank_burn_duration") (value "999999")
L 10/01/2020 - 08:45:59: [basecommands.smx] "Console<0><Console><Console>" changed cvar (cvar "z_ghost_delay_min") (value "20")
L 10/01/2020 - 08:45:59: [basecommands.smx] "Console<0><Console><Console>" changed cvar (cvar "z_ghost_delay_max") (value "20")
L 10/01/2020 - 08:45:59: [basecommands.smx] "Console<0><Console><Console>" changed cvar (cvar "versus_tank_chance_intro") (value "1")
L 10/01/2020 - 08:45:59: [basecommands.smx] "Console<0><Console><Console>" changed cvar (cvar "versus_tank_chance_finale") (value "1")
L 10/01/2020 - 08:45:59: [basecommands.smx] "Console<0><Console><Console>" changed cvar (cvar "versus_tank_chance") (value "1")
L 10/01/2020 - 08:45:59: [basecommands.smx] "Console<0><Console><Console>" changed cvar (cvar "versus_witch_chance_intro") (value "0")
L 10/01/2020 - 08:45:59: [basecommands.smx] "Console<0><Console><Console>" changed cvar (cvar "versus_witch_chance_finale") (value "0")
L 10/01/2020 - 08:45:59: [basecommands.smx] "Console<0><Console><Console>" changed cvar (cvar "versus_witch_chance") (value "1")
L 10/01/2020 - 08:45:59: [basecommands.smx] "Console<0><Console><Console>" changed cvar (cvar "boomer_vomit_delay") (value "0.1")
L 10/01/2020 - 08:45:59: [basecommands.smx] "Console<0><Console><Console>" changed cvar (cvar "smoker_tongue_delay") (value "0.1")
L 10/01/2020 - 08:45:59: [basecommands.smx] "Console<0><Console><Console>" changed cvar (cvar "hostname") (value "Versus")
L 10/01/2020 - 08:46:02: [SM] Changed map to "c1m1_hotel"
L 10/01/2020 - 08:46:05: -------- Mapchange to c1m1_hotel --------
L 10/01/2020 - 08:46:08: [basecommands.smx] "Console<0><Console><Console>" changed cvar (cvar "sv_force_time_of_day") (value "0")
L 10/01/2020 - 08:46:08: [basecommands.smx] "Console<0><Console><Console>" changed cvar (cvar "z_witch_damage_per_kill_hit") (value "120")
L 10/01/2020 - 08:46:08: [basecommands.smx] "Console<0><Console><Console>" changed cvar (cvar "z_witch_anger_rate") (value "0.5")
L 10/01/2020 - 08:46:08: [basecommands.smx] "Console<0><Console><Console>" changed cvar (cvar "z_witch_flashlight_range") (value "2000")
L 10/01/2020 - 08:46:08: [basecommands.smx] "Console<0><Console><Console>" changed cvar (cvar "z_witch_burn_time") (value "100")
L 10/01/2020 - 08:46:08: [basecommands.smx] "Console<0><Console><Console>" changed cvar (cvar "z_tank_health") (value "4333")
L 10/01/2020 - 08:46:08: [basecommands.smx] "Console<0><Console><Console>" changed cvar (cvar "tank_burn_duration") (value "999999")
L 10/01/2020 - 08:46:08: [basecommands.smx] "Console<0><Console><Console>" changed cvar (cvar "z_ghost_delay_min") (value "20")
L 10/01/2020 - 08:46:08: [basecommands.smx] "Console<0><Console><Console>" changed cvar (cvar "z_ghost_delay_max") (value "20")
L 10/01/2020 - 08:46:08: [basecommands.smx] "Console<0><Console><Console>" changed cvar (cvar "versus_tank_chance_intro") (value "1")
L 10/01/2020 - 08:46:08: [basecommands.smx] "Console<0><Console><Console>" changed cvar (cvar "versus_tank_chance_finale") (value "1")
L 10/01/2020 - 08:46:08: [basecommands.smx] "Console<0><Console><Console>" changed cvar (cvar "versus_tank_chance") (value "1")
L 10/01/2020 - 08:46:08: [basecommands.smx] "Console<0><Console><Console>" changed cvar (cvar "versus_witch_chance_intro") (value "0")
L 10/01/2020 - 08:46:08: [basecommands.smx] "Console<0><Console><Console>" changed cvar (cvar "versus_witch_chance_finale") (value "0")
L 10/01/2020 - 08:46:08: [basecommands.smx] "Console<0><Console><Console>" changed cvar (cvar "versus_witch_chance") (value "1")
L 10/01/2020 - 08:46:08: [basecommands.smx] "Console<0><Console><Console>" changed cvar (cvar "boomer_vomit_delay") (value "0.1")
L 10/01/2020 - 08:46:08: [basecommands.smx] "Console<0><Console><Console>" changed cvar (cvar "smoker_tongue_delay") (value "0.1")
L 10/01/2020 - 08:46:08: [basecommands.smx] "Console<0><Console><Console>" changed cvar (cvar "hostname") (value "Versus")
L 10/01/2020 - 08:47:18: Log file closed.
L 10/01/2020 - 08:56:55: SourceMod log file session started (file "E:\Steam\steamapps\common\Left 4 Dead 2\left4dead2\addons\sourcemod\logs\L20201001.log") (Version "1.10.0.6492")
L 10/01/2020 - 08:56:55: [simplewelcomemsg.smx] Set the maximum number of lines of.
L 10/01/2020 - 08:57:05: [basecommands.smx] "Console<0><Console><Console>" changed cvar (cvar "sv_force_time_of_day") (value "0")
L 10/01/2020 - 08:57:05: [basecommands.smx] "Console<0><Console><Console>" changed cvar (cvar "z_witch_damage_per_kill_hit") (value "120")
L 10/01/2020 - 08:57:05: [basecommands.smx] "Console<0><Console><Console>" changed cvar (cvar "z_witch_anger_rate") (value "0.5")
L 10/01/2020 - 08:57:05: [basecommands.smx] "Console<0><Console><Console>" changed cvar (cvar "z_witch_flashlight_range") (value "2000")
L 10/01/2020 - 08:57:05: [basecommands.smx] "Console<0><Console><Console>" changed cvar (cvar "z_witch_burn_time") (value "100")
L 10/01/2020 - 08:57:05: [basecommands.smx] "Console<0><Console><Console>" changed cvar (cvar "z_tank_health") (value "4333")
L 10/01/2020 - 08:57:05: [basecommands.smx] "Console<0><Console><Console>" changed cvar (cvar "tank_burn_duration") (value "999999")
L 10/01/2020 - 08:57:05: [basecommands.smx] "Console<0><Console><Console>" changed cvar (cvar "z_ghost_delay_min") (value "20")
L 10/01/2020 - 08:57:05: [basecommands.smx] "Console<0><Console><Console>" changed cvar (cvar "z_ghost_delay_max") (value "20")
L 10/01/2020 - 08:57:05: [basecommands.smx] "Console<0><Console><Console>" changed cvar (cvar "versus_tank_chance_intro") (value "1")
L 10/01/2020 - 08:57:05: [basecommands.smx] "Console<0><Console><Console>" changed cvar (cvar "versus_tank_chance_finale") (value "1")
L 10/01/2020 - 08:57:05: [basecommands.smx] "Console<0><Console><Console>" changed cvar (cvar "versus_tank_chance") (value "1")
L 10/01/2020 - 08:57:05: [basecommands.smx] "Console<0><Console><Console>" changed cvar (cvar "versus_witch_chance_intro") (value "0")
L 10/01/2020 - 08:57:05: [basecommands.smx] "Console<0><Console><Console>" changed cvar (cvar "versus_witch_chance_finale") (value "0")
L 10/01/2020 - 08:57:05: [basecommands.smx] "Console<0><Console><Console>" changed cvar (cvar "versus_witch_chance") (value "1")
L 10/01/2020 - 08:57:05: [basecommands.smx] "Console<0><Console><Console>" changed cvar (cvar "boomer_vomit_delay") (value "0.1")
L 10/01/2020 - 08:57:05: [basecommands.smx] "Console<0><Console><Console>" changed cvar (cvar "smoker_tongue_delay") (value "0.1")
L 10/01/2020 - 08:57:05: [basecommands.smx] "Console<0><Console><Console>" changed cvar (cvar "hostname") (value "Versus")
L 10/01/2020 - 08:57:07: [SM] Changed map to "c1m1_hotel"
L 10/01/2020 - 08:57:10: -------- Mapchange to c1m1_hotel --------
L 10/01/2020 - 08:57:13: [basecommands.smx] "Console<0><Console><Console>" changed cvar (cvar "sv_force_time_of_day") (value "0")
L 10/01/2020 - 08:57:13: [basecommands.smx] "Console<0><Console><Console>" changed cvar (cvar "z_witch_damage_per_kill_hit") (value "120")
L 10/01/2020 - 08:57:13: [basecommands.smx] "Console<0><Console><Console>" changed cvar (cvar "z_witch_anger_rate") (value "0.5")
L 10/01/2020 - 08:57:13: [basecommands.smx] "Console<0><Console><Console>" changed cvar (cvar "z_witch_flashlight_range") (value "2000")
L 10/01/2020 - 08:57:13: [basecommands.smx] "Console<0><Console><Console>" changed cvar (cvar "z_witch_burn_time") (value "100")
L 10/01/2020 - 08:57:13: [basecommands.smx] "Console<0><Console><Console>" changed cvar (cvar "z_tank_health") (value "4333")
L 10/01/2020 - 08:57:13: [basecommands.smx] "Console<0><Console><Console>" changed cvar (cvar "tank_burn_duration") (value "999999")
L 10/01/2020 - 08:57:13: [basecommands.smx] "Console<0><Console><Console>" changed cvar (cvar "z_ghost_delay_min") (value "20")
L 10/01/2020 - 08:57:13: [basecommands.smx] "Console<0><Console><Console>" changed cvar (cvar "z_ghost_delay_max") (value "20")
L 10/01/2020 - 08:57:13: [basecommands.smx] "Console<0><Console><Console>" changed cvar (cvar "versus_tank_chance_intro") (value "1")
L 10/01/2020 - 08:57:13: [basecommands.smx] "Console<0><Console><Console>" changed cvar (cvar "versus_tank_chance_finale") (value "1")
L 10/01/2020 - 08:57:13: [basecommands.smx] "Console<0><Console><Console>" changed cvar (cvar "versus_tank_chance") (value "1")
L 10/01/2020 - 08:57:13: [basecommands.smx] "Console<0><Console><Console>" changed cvar (cvar "versus_witch_chance_intro") (value "0")
L 10/01/2020 - 08:57:13: [basecommands.smx] "Console<0><Console><Console>" changed cvar (cvar "versus_witch_chance_finale") (value "0")
L 10/01/2020 - 08:57:13: [basecommands.smx] "Console<0><Console><Console>" changed cvar (cvar "versus_witch_chance") (value "1")
L 10/01/2020 - 08:57:13: [basecommands.smx] "Console<0><Console><Console>" changed cvar (cvar "boomer_vomit_delay") (value "0.1")
L 10/01/2020 - 08:57:13: [basecommands.smx] "Console<0><Console><Console>" changed cvar (cvar "smoker_tongue_delay") (value "0.1")
L 10/01/2020 - 08:57:13: [basecommands.smx] "Console<0><Console><Console>" changed cvar (cvar "hostname") (value "Versus")
L 10/01/2020 - 09:01:16: Log file closed.
L 10/01/2020 - 23:48:52: SourceMod log file session started (file "E:\Steam\steamapps\common\Left 4 Dead 2\left4dead2\addons\sourcemod\logs\L20201001.log") (Version "1.10.0.6492")
L 10/01/2020 - 23:48:52: [simplewelcomemsg.smx] Set the maximum number of lines of.
L 10/01/2020 - 23:49:19: [basecommands.smx] "Console<0><Console><Console>" changed cvar (cvar "sv_force_time_of_day") (value "0")
L 10/01/2020 - 23:49:19: [basecommands.smx] "Console<0><Console><Console>" changed cvar (cvar "z_witch_damage_per_kill_hit") (value "120")
L 10/01/2020 - 23:49:19: [basecommands.smx] "Console<0><Console><Console>" changed cvar (cvar "z_witch_anger_rate") (value "0.5")
L 10/01/2020 - 23:49:19: [basecommands.smx] "Console<0><Console><Console>" changed cvar (cvar "z_witch_flashlight_range") (value "2000")
L 10/01/2020 - 23:49:19: [basecommands.smx] "Console<0><Console><Console>" changed cvar (cvar "z_witch_burn_time") (value "100")
L 10/01/2020 - 23:49:19: [basecommands.smx] "Console<0><Console><Console>" changed cvar (cvar "z_tank_health") (value "4333")
L 10/01/2020 - 23:49:19: [basecommands.smx] "Console<0><Console><Console>" changed cvar (cvar "tank_burn_duration") (value "999999")
L 10/01/2020 - 23:49:19: [basecommands.smx] "Console<0><Console><Console>" changed cvar (cvar "z_ghost_delay_min") (value "20")
L 10/01/2020 - 23:49:19: [basecommands.smx] "Console<0><Console><Console>" changed cvar (cvar "z_ghost_delay_max") (value "20")
L 10/01/2020 - 23:49:19: [basecommands.smx] "Console<0><Console><Console>" changed cvar (cvar "versus_tank_chance_intro") (value "1")
L 10/01/2020 - 23:49:19: [basecommands.smx] "Console<0><Console><Console>" changed cvar (cvar "versus_tank_chance_finale") (value "1")
L 10/01/2020 - 23:49:19: [basecommands.smx] "Console<0><Console><Console>" changed cvar (cvar "versus_tank_chance") (value "1")
L 10/01/2020 - 23:49:19: [basecommands.smx] "Console<0><Console><Console>" changed cvar (cvar "versus_witch_chance_intro") (value "0")
L 10/01/2020 - 23:49:19: [basecommands.smx] "Console<0><Console><Console>" changed cvar (cvar "versus_witch_chance_finale") (value "0")
L 10/01/2020 - 23:49:19: [basecommands.smx] "Console<0><Console><Console>" changed cvar (cvar "versus_witch_chance") (value "1")
L 10/01/2020 - 23:49:19: [basecommands.smx] "Console<0><Console><Console>" changed cvar (cvar "boomer_vomit_delay") (value "0.1")
L 10/01/2020 - 23:49:19: [basecommands.smx] "Console<0><Console><Console>" changed cvar (cvar "smoker_tongue_delay") (value "0.1")
L 10/01/2020 - 23:49:19: [basecommands.smx] "Console<0><Console><Console>" changed cvar (cvar "hostname") (value "Versus")
L 10/01/2020 - 23:49:19: [basecommands.smx] "Console<0><Console><Console>" changed cvar (cvar "sv_maxplayers") (value "10")
L 10/01/2020 - 23:49:45: [SM] Changed map to "c14m1_junkyard"
L 10/01/2020 - 23:49:58: -------- Mapchange to c14m1_junkyard --------
L 10/01/2020 - 23:50:13: [basecommands.smx] "Console<0><Console><Console>" changed cvar (cvar "sv_force_time_of_day") (value "0")
L 10/01/2020 - 23:50:13: [basecommands.smx] "Console<0><Console><Console>" changed cvar (cvar "z_witch_damage_per_kill_hit") (value "120")
L 10/01/2020 - 23:50:13: [basecommands.smx] "Console<0><Console><Console>" changed cvar (cvar "z_witch_anger_rate") (value "0.5")
L 10/01/2020 - 23:50:13: [basecommands.smx] "Console<0><Console><Console>" changed cvar (cvar "z_witch_flashlight_range") (value "2000")
L 10/01/2020 - 23:50:14: [basecommands.smx] "Console<0><Console><Console>" changed cvar (cvar "z_witch_burn_time") (value "100")
L 10/01/2020 - 23:50:14: [basecommands.smx] "Console<0><Console><Console>" changed cvar (cvar "z_tank_health") (value "4333")
L 10/01/2020 - 23:50:14: [basecommands.smx] "Console<0><Console><Console>" changed cvar (cvar "tank_burn_duration") (value "999999")
L 10/01/2020 - 23:50:14: [basecommands.smx] "Console<0><Console><Console>" changed cvar (cvar "z_ghost_delay_min") (value "20")
L 10/01/2020 - 23:50:14: [basecommands.smx] "Console<0><Console><Console>" changed cvar (cvar "z_ghost_delay_max") (value "20")
L 10/01/2020 - 23:50:14: [basecommands.smx] "Console<0><Console><Console>" changed cvar (cvar "versus_tank_chance_intro") (value "1")
L 10/01/2020 - 23:50:14: [basecommands.smx] "Console<0><Console><Console>" changed cvar (cvar "versus_tank_chance_finale") (value "1")
L 10/01/2020 - 23:50:14: [basecommands.smx] "Console<0><Console><Console>" changed cvar (cvar "versus_tank_chance") (value "1")
L 10/01/2020 - 23:50:14: [basecommands.smx] "Console<0><Console><Console>" changed cvar (cvar "versus_witch_chance_intro") (value "0")
L 10/01/2020 - 23:50:14: [basecommands.smx] "Console<0><Console><Console>" changed cvar (cvar "versus_witch_chance_finale") (value "0")
L 10/01/2020 - 23:50:14: [basecommands.smx] "Console<0><Console><Console>" changed cvar (cvar "versus_witch_chance") (value "1")
L 10/01/2020 - 23:50:14: [basecommands.smx] "Console<0><Console><Console>" changed cvar (cvar "boomer_vomit_delay") (value "0.1")
L 10/01/2020 - 23:50:14: [basecommands.smx] "Console<0><Console><Console>" changed cvar (cvar "smoker_tongue_delay") (value "0.1")
L 10/01/2020 - 23:50:14: [basecommands.smx] "Console<0><Console><Console>" changed cvar (cvar "hostname") (value "Versus")
L 10/01/2020 - 23:50:14: [basecommands.smx] "Console<0><Console><Console>" changed cvar (cvar "sv_maxplayers") (value "10")
L 10/01/2020 - 23:52:14: Log file closed.
L 10/01/2020 - 23:56:16: SourceMod log file session started (file "E:\Steam\steamapps\common\Left 4 Dead 2\left4dead2\addons\sourcemod\logs\L20201001.log") (Version "1.10.0.6492")
L 10/01/2020 - 23:56:16: [simplewelcomemsg.smx] Set the maximum number of lines of.
L 10/01/2020 - 23:56:31: [basecommands.smx] "Console<0><Console><Console>" changed cvar (cvar "sv_force_time_of_day") (value "0")
L 10/01/2020 - 23:56:31: [basecommands.smx] "Console<0><Console><Console>" changed cvar (cvar "z_witch_damage_per_kill_hit") (value "120")
L 10/01/2020 - 23:56:31: [basecommands.smx] "Console<0><Console><Console>" changed cvar (cvar "z_witch_anger_rate") (value "0.5")
L 10/01/2020 - 23:56:31: [basecommands.smx] "Console<0><Console><Console>" changed cvar (cvar "z_witch_flashlight_range") (value "2000")
L 10/01/2020 - 23:56:31: [basecommands.smx] "Console<0><Console><Console>" changed cvar (cvar "z_witch_burn_time") (value "100")
L 10/01/2020 - 23:56:31: [basecommands.smx] "Console<0><Console><Console>" changed cvar (cvar "z_tank_health") (value "4333")
L 10/01/2020 - 23:56:31: [basecommands.smx] "Console<0><Console><Console>" changed cvar (cvar "tank_burn_duration") (value "999999")
L 10/01/2020 - 23:56:31: [basecommands.smx] "Console<0><Console><Console>" changed cvar (cvar "z_ghost_delay_min") (value "20")
L 10/01/2020 - 23:56:31: [basecommands.smx] "Console<0><Console><Console>" changed cvar (cvar "z_ghost_delay_max") (value "20")
L 10/01/2020 - 23:56:31: [basecommands.smx] "Console<0><Console><Console>" changed cvar (cvar "versus_tank_chance_intro") (value "1")
L 10/01/2020 - 23:56:31: [basecommands.smx] "Console<0><Console><Console>" changed cvar (cvar "versus_tank_chance_finale") (value "1")
L 10/01/2020 - 23:56:31: [basecommands.smx] "Console<0><Console><Console>" changed cvar (cvar "versus_tank_chance") (value "1")
L 10/01/2020 - 23:56:31: [basecommands.smx] "Console<0><Console><Console>" changed cvar (cvar "versus_witch_chance_intro") (value "0")
L 10/01/2020 - 23:56:31: [basecommands.smx] "Console<0><Console><Console>" changed cvar (cvar "versus_witch_chance_finale") (value "0")
L 10/01/2020 - 23:56:31: [basecommands.smx] "Console<0><Console><Console>" changed cvar (cvar "versus_witch_chance") (value "1")
L 10/01/2020 - 23:56:31: [basecommands.smx] "Console<0><Console><Console>" changed cvar (cvar "boomer_vomit_delay") (value "0.1")
L 10/01/2020 - 23:56:31: [basecommands.smx] "Console<0><Console><Console>" changed cvar (cvar "smoker_tongue_delay") (value "0.1")
L 10/01/2020 - 23:56:31: [basecommands.smx] "Console<0><Console><Console>" changed cvar (cvar "hostname") (value "Versus")
L 10/01/2020 - 23:56:31: [basecommands.smx] "Console<0><Console><Console>" changed cvar (cvar "sv_maxplayers") (value "10")
L 10/01/2020 - 23:56:34: [SM] Changed map to "c12m1_hilltop"
L 10/01/2020 - 23:56:36: -------- Mapchange to c12m1_hilltop --------
L 10/01/2020 - 23:56:41: [basecommands.smx] "Console<0><Console><Console>" changed cvar (cvar "sv_force_time_of_day") (value "0")
L 10/01/2020 - 23:56:41: [basecommands.smx] "Console<0><Console><Console>" changed cvar (cvar "z_witch_damage_per_kill_hit") (value "120")
L 10/01/2020 - 23:56:42: [basecommands.smx] "Console<0><Console><Console>" changed cvar (cvar "z_witch_anger_rate") (value "0.5")
L 10/01/2020 - 23:56:42: [basecommands.smx] "Console<0><Console><Console>" changed cvar (cvar "z_witch_flashlight_range") (value "2000")
L 10/01/2020 - 23:56:42: [basecommands.smx] "Console<0><Console><Console>" changed cvar (cvar "z_witch_burn_time") (value "100")
L 10/01/2020 - 23:56:42: [basecommands.smx] "Console<0><Console><Console>" changed cvar (cvar "z_tank_health") (value "4333")
L 10/01/2020 - 23:56:42: [basecommands.smx] "Console<0><Console><Console>" changed cvar (cvar "tank_burn_duration") (value "999999")
L 10/01/2020 - 23:56:42: [basecommands.smx] "Console<0><Console><Console>" changed cvar (cvar "z_ghost_delay_min") (value "20")
L 10/01/2020 - 23:56:42: [basecommands.smx] "Console<0><Console><Console>" changed cvar (cvar "z_ghost_delay_max") (value "20")
L 10/01/2020 - 23:56:42: [basecommands.smx] "Console<0><Console><Console>" changed cvar (cvar "versus_tank_chance_intro") (value "1")
L 10/01/2020 - 23:56:42: [basecommands.smx] "Console<0><Console><Console>" changed cvar (cvar "versus_tank_chance_finale") (value "1")
L 10/01/2020 - 23:56:42: [basecommands.smx] "Console<0><Console><Console>" changed cvar (cvar "versus_tank_chance") (value "1")
L 10/01/2020 - 23:56:42: [basecommands.smx] "Console<0><Console><Console>" changed cvar (cvar "versus_witch_chance_intro") (value "0")
L 10/01/2020 - 23:56:42: [basecommands.smx] "Console<0><Console><Console>" changed cvar (cvar "versus_witch_chance_finale") (value "0")
L 10/01/2020 - 23:56:42: [basecommands.smx] "Console<0><Console><Console>" changed cvar (cvar "versus_witch_chance") (value "1")
L 10/01/2020 - 23:56:42: [basecommands.smx] "Console<0><Console><Console>" changed cvar (cvar "boomer_vomit_delay") (value "0.1")
L 10/01/2020 - 23:56:42: [basecommands.smx] "Console<0><Console><Console>" changed cvar (cvar "smoker_tongue_delay") (value "0.1")
L 10/01/2020 - 23:56:42: [basecommands.smx] "Console<0><Console><Console>" changed cvar (cvar "hostname") (value "Versus")
L 10/01/2020 - 23:56:42: [basecommands.smx] "Console<0><Console><Console>" changed cvar (cvar "sv_maxplayers") (value "10")
L 10/01/2020 - 23:59:25: -------- Mapchange to c8m1_apartment --------
L 10/01/2020 - 23:59:34: [basecommands.smx] "Console<0><Console><Console>" changed cvar (cvar "sv_force_time_of_day") (value "0")
L 10/01/2020 - 23:59:34: [basecommands.smx] "Console<0><Console><Console>" changed cvar (cvar "z_witch_damage_per_kill_hit") (value "120")
L 10/01/2020 - 23:59:34: [basecommands.smx] "Console<0><Console><Console>" changed cvar (cvar "z_witch_anger_rate") (value "0.5")
L 10/01/2020 - 23:59:34: [basecommands.smx] "Console<0><Console><Console>" changed cvar (cvar "z_witch_flashlight_range") (value "2000")
L 10/01/2020 - 23:59:34: [basecommands.smx] "Console<0><Console><Console>" changed cvar (cvar "z_witch_burn_time") (value "100")
L 10/01/2020 - 23:59:34: [basecommands.smx] "Console<0><Console><Console>" changed cvar (cvar "z_tank_health") (value "4333")
L 10/01/2020 - 23:59:34: [basecommands.smx] "Console<0><Console><Console>" changed cvar (cvar "tank_burn_duration") (value "999999")
L 10/01/2020 - 23:59:34: [basecommands.smx] "Console<0><Console><Console>" changed cvar (cvar "z_ghost_delay_min") (value "20")
L 10/01/2020 - 23:59:34: [basecommands.smx] "Console<0><Console><Console>" changed cvar (cvar "z_ghost_delay_max") (value "20")
L 10/01/2020 - 23:59:34: [basecommands.smx] "Console<0><Console><Console>" changed cvar (cvar "versus_tank_chance_intro") (value "1")
L 10/01/2020 - 23:59:34: [basecommands.smx] "Console<0><Console><Console>" changed cvar (cvar "versus_tank_chance_finale") (value "1")
L 10/01/2020 - 23:59:34: [basecommands.smx] "Console<0><Console><Console>" changed cvar (cvar "versus_tank_chance") (value "1")
L 10/01/2020 - 23:59:34: [basecommands.smx] "Console<0><Console><Console>" changed cvar (cvar "versus_witch_chance_intro") (value "0")
L 10/01/2020 - 23:59:34: [basecommands.smx] "Console<0><Console><Console>" changed cvar (cvar "versus_witch_chance_finale") (value "0")
L 10/01/2020 - 23:59:34: [basecommands.smx] "Console<0><Console><Console>" changed cvar (cvar "versus_witch_chance") (value "1")
L 10/01/2020 - 23:59:34: [basecommands.smx] "Console<0><Console><Console>" changed cvar (cvar "boomer_vomit_delay") (value "0.1")
L 10/01/2020 - 23:59:34: [basecommands.smx] "Console<0><Console><Console>" changed cvar (cvar "smoker_tongue_delay") (value "0.1")
L 10/01/2020 - 23:59:34: [basecommands.smx] "Console<0><Console><Console>" changed cvar (cvar "hostname") (value "Versus")
L 10/01/2020 - 23:59:34: [basecommands.smx] "Console<0><Console><Console>" changed cvar (cvar "sv_maxplayers") (value "10")
L 10/02/2020 - 00:02:43: Log file closed.
