L 12/20/2020 - 19:10:21: SourceMod log file session started (file "D:\Steam\steamapps\common\Left 4 Dead 2\left4dead2\addons\sourcemod\logs\L20201220.log") (Version "1.10.0.6492")
L 12/20/2020 - 19:10:21: [simplewelcomemsg.smx] Set the maximum number of lines of.
L 12/20/2020 - 19:10:29: [basecommands.smx] "Console<0><Console><Console>" changed cvar (cvar "sv_force_time_of_day") (value "0")
L 12/20/2020 - 19:10:29: [basecommands.smx] "Console<0><Console><Console>" changed cvar (cvar "z_witch_damage_per_kill_hit") (value "120")
L 12/20/2020 - 19:10:29: [basecommands.smx] "Console<0><Console><Console>" changed cvar (cvar "z_witch_anger_rate") (value "0.4")
L 12/20/2020 - 19:10:29: [basecommands.smx] "Console<0><Console><Console>" changed cvar (cvar "z_witch_flashlight_range") (value "2000")
L 12/20/2020 - 19:10:29: [basecommands.smx] "Console<0><Console><Console>" changed cvar (cvar "z_witch_burn_time") (value "100")
L 12/20/2020 - 19:10:29: [basecommands.smx] "Console<0><Console><Console>" changed cvar (cvar "z_tank_health") (value "4000")
L 12/20/2020 - 19:10:29: [basecommands.smx] "Console<0><Console><Console>" changed cvar (cvar "z_ghost_delay_min") (value "15")
L 12/20/2020 - 19:10:29: [basecommands.smx] "Console<0><Console><Console>" changed cvar (cvar "z_ghost_delay_max") (value "15")
L 12/20/2020 - 19:10:29: [basecommands.smx] "Console<0><Console><Console>" changed cvar (cvar "z_hunter_limit") (value "1")
L 12/20/2020 - 19:10:29: [basecommands.smx] "Console<0><Console><Console>" changed cvar (cvar "z_smoker_limit") (value "1")
L 12/20/2020 - 19:10:29: [basecommands.smx] "Console<0><Console><Console>" changed cvar (cvar "z_jockey_limit") (value "1")
L 12/20/2020 - 19:10:29: [basecommands.smx] "Console<0><Console><Console>" changed cvar (cvar "versus_tank_chance_intro") (value "1")
L 12/20/2020 - 19:10:29: [basecommands.smx] "Console<0><Console><Console>" changed cvar (cvar "versus_tank_chance_finale") (value "1")
L 12/20/2020 - 19:10:29: [basecommands.smx] "Console<0><Console><Console>" changed cvar (cvar "versus_tank_chance") (value "1")
L 12/20/2020 - 19:10:29: [basecommands.smx] "Console<0><Console><Console>" changed cvar (cvar "versus_witch_chance_intro") (value "0")
L 12/20/2020 - 19:10:29: [basecommands.smx] "Console<0><Console><Console>" changed cvar (cvar "versus_witch_chance_finale") (value "0")
L 12/20/2020 - 19:10:29: [basecommands.smx] "Console<0><Console><Console>" changed cvar (cvar "versus_witch_chance") (value "1")
L 12/20/2020 - 19:10:29: [basecommands.smx] "Console<0><Console><Console>" changed cvar (cvar "director_force_tank") (value "1")
L 12/20/2020 - 19:10:29: [basecommands.smx] "Console<0><Console><Console>" changed cvar (cvar "versus_boss_flow_min") (value "0.4")
L 12/20/2020 - 19:10:29: [basecommands.smx] "Console<0><Console><Console>" changed cvar (cvar "versus_boss_flow_max") (value "0.6")
L 12/20/2020 - 19:10:29: [basecommands.smx] "Console<0><Console><Console>" changed cvar (cvar "versus_boss_flow_min_intro") (value "0.1")
L 12/20/2020 - 19:10:29: [basecommands.smx] "Console<0><Console><Console>" changed cvar (cvar "versus_boss_flow_max_intro") (value "0.2")
L 12/20/2020 - 19:10:29: [basecommands.smx] "Console<0><Console><Console>" changed cvar (cvar "versus_boss_flow_min_finale") (value "0.1")
L 12/20/2020 - 19:10:29: [basecommands.smx] "Console<0><Console><Console>" changed cvar (cvar "versus_boss_flow_max_finale") (value "0.2")
L 12/20/2020 - 19:10:29: [basecommands.smx] "Console<0><Console><Console>" changed cvar (cvar "boomer_vomit_delay") (value "0.1")
L 12/20/2020 - 19:10:29: [basecommands.smx] "Console<0><Console><Console>" changed cvar (cvar "smoker_tongue_delay") (value "0.1")
L 12/20/2020 - 19:10:29: [basecommands.smx] "Console<0><Console><Console>" changed cvar (cvar "vs_survival_bonus") (value "35")
L 12/20/2020 - 19:10:29: [basecommands.smx] "Console<0><Console><Console>" changed cvar (cvar "z_tank_throw_health") (value "10")
L 12/20/2020 - 19:10:29: [basecommands.smx] "Console<0><Console><Console>" changed cvar (cvar "sv_client_min_interp_ratio") (value "-1")
L 12/20/2020 - 19:10:29: [basecommands.smx] "Console<0><Console><Console>" changed cvar (cvar "sv_client_max_interp_ratio") (value "0")
L 12/20/2020 - 19:10:29: [basecommands.smx] "Console<0><Console><Console>" changed cvar (cvar "sv_minrate") (value "100000")
L 12/20/2020 - 19:10:29: [basecommands.smx] "Console<0><Console><Console>" changed cvar (cvar "sv_maxrate") (value "100000")
L 12/20/2020 - 19:10:29: [basecommands.smx] "Console<0><Console><Console>" changed cvar (cvar "sv_mincmdrate") (value "100")
L 12/20/2020 - 19:10:29: [basecommands.smx] "Console<0><Console><Console>" changed cvar (cvar "sv_maxcmdrate") (value "100")
L 12/20/2020 - 19:10:29: [basecommands.smx] "Console<0><Console><Console>" changed cvar (cvar "sv_minupdaterate") (value "100")
L 12/20/2020 - 19:10:29: [basecommands.smx] "Console<0><Console><Console>" changed cvar (cvar "sv_maxupdaterate") (value "100")
L 12/20/2020 - 19:10:29: [basecommands.smx] "Console<0><Console><Console>" changed cvar (cvar "nb_update_frequency") (value "0.014")
L 12/20/2020 - 19:10:29: [basecommands.smx] "Console<0><Console><Console>" changed cvar (cvar "net_splitpacket_maxrate") (value "50000")
L 12/20/2020 - 19:10:29: [basecommands.smx] "Console<0><Console><Console>" changed cvar (cvar "fps_max") (value "0")
L 12/20/2020 - 19:10:29: [basecommands.smx] "Console<0><Console><Console>" changed cvar (cvar "hostname") (value "Versus")
L 12/20/2020 - 19:11:29: [basecommands.smx] "♛ Rain ♛<2><STEAM_1:0:162762726><>" changed cvar (cvar "vs_max_team_switches") (value "0")
L 12/20/2020 - 19:13:13: [basecommands.smx] "Duяåznlто™<3><STEAM_1:1:4151444><>" changed cvar (cvar "vs_max_team_switches") (value "0")
L 12/20/2020 - 19:14:02: [l4d2_skill_detect.smx] Clear: 2 freed 9 from 6: time: 1.22 / -1.00 -- class: hunter (with shove? 0)
L 12/20/2020 - 19:14:31: [l4d2_skill_detect.smx] Clear: 3 freed 11 from 6: time: 0.58 / 3.95 -- class: smoker (with shove? 1)
L 12/20/2020 - 19:14:35: [basecommands.smx] "♛ Rain ♛<2><STEAM_1:0:162762726><>" changed cvar (cvar "vs_max_team_switches") (value "5")
L 12/20/2020 - 19:14:36: [basecommands.smx] "♛ Rain ♛<2><STEAM_1:0:162762726><>" changed cvar (cvar "vs_max_team_switches") (value "0")
L 12/20/2020 - 19:15:12: [l4d2_skill_detect.smx] Clear: 2 freed 1 from 7: time: 1.44 / -1.00 -- class: hunter (with shove? 0)
L 12/20/2020 - 19:16:06: [l4d2_skill_detect.smx] Clear: 2 freed 8 from 7: time: -1.00 / 1.92 -- class: smoker (with shove? 0)
L 12/20/2020 - 19:16:09: [l4d2_skill_detect.smx] Clear: 1 freed 2 from 6: time: 2.02 / -1.00 -- class: jockey (with shove? 0)
L 12/20/2020 - 19:17:38: [l4d2_skill_detect.smx] Clear: 2 freed 9 from 6: time: 2.23 / -1.00 -- class: jockey (with shove? 0)
L 12/20/2020 - 19:18:02: [l4d2_skill_detect.smx] Clear: 9 freed 3 from 4: time: 0.00 / 481.44 -- class: charger (with shove? 0)
L 12/20/2020 - 19:18:11: [l4d2_skill_detect.smx] Clear: 1 freed 2 from 6: time: 7.05 / -1.00 -- class: jockey (with shove? 0)
L 12/20/2020 - 19:18:52: [l4d2_skill_detect.smx] Clear: 2 freed 1 from 4: time: -1.00 / 4.10 -- class: smoker (with shove? 0)
L 12/20/2020 - 19:21:24: [l4d2_skill_detect.smx] Charge carry start: 1 - 4 -- time: 683.70
L 12/20/2020 - 19:21:28: [l4d2_skill_detect.smx] Checking charge victim: 1 - 4 - flags: 1 (alive? 1)
L 12/20/2020 - 19:21:28: [l4d2_skill_detect.smx] Checking charge victim: 1 - 8 - flags: 0 (alive? 1)
L 12/20/2020 - 19:21:29: [l4d2_skill_detect.smx] Checking charge victim: 1 - 9 - flags: 0 (alive? 1)
L 12/20/2020 - 19:22:02: [l4d2_skill_detect.smx] Charge carry start: 6 - 5 -- time: 721.15
L 12/20/2020 - 19:22:05: [l4d2_skill_detect.smx] Clear: 4 freed 5 from 6: time: 1.65 / 2.77 -- class: charger (with shove? 0)
L 12/20/2020 - 19:22:05: [l4d2_skill_detect.smx] Checking charge victim: 6 - 5 - flags: 1 (alive? 1)
L 12/20/2020 - 19:23:05: -------- Mapchange to c2m2_fairgrounds --------
L 12/20/2020 - 19:23:08: [basecommands.smx] "Console<0><Console><Console>" changed cvar (cvar "sv_force_time_of_day") (value "0")
L 12/20/2020 - 19:23:08: [basecommands.smx] "Console<0><Console><Console>" changed cvar (cvar "z_witch_damage_per_kill_hit") (value "120")
L 12/20/2020 - 19:23:08: [basecommands.smx] "Console<0><Console><Console>" changed cvar (cvar "z_witch_anger_rate") (value "0.4")
L 12/20/2020 - 19:23:08: [basecommands.smx] "Console<0><Console><Console>" changed cvar (cvar "z_witch_flashlight_range") (value "2000")
L 12/20/2020 - 19:23:08: [basecommands.smx] "Console<0><Console><Console>" changed cvar (cvar "z_witch_burn_time") (value "100")
L 12/20/2020 - 19:23:08: [basecommands.smx] "Console<0><Console><Console>" changed cvar (cvar "z_tank_health") (value "4000")
L 12/20/2020 - 19:23:08: [basecommands.smx] "Console<0><Console><Console>" changed cvar (cvar "z_ghost_delay_min") (value "15")
L 12/20/2020 - 19:23:08: [basecommands.smx] "Console<0><Console><Console>" changed cvar (cvar "z_ghost_delay_max") (value "15")
L 12/20/2020 - 19:23:08: [basecommands.smx] "Console<0><Console><Console>" changed cvar (cvar "z_hunter_limit") (value "1")
L 12/20/2020 - 19:23:08: [basecommands.smx] "Console<0><Console><Console>" changed cvar (cvar "z_smoker_limit") (value "1")
L 12/20/2020 - 19:23:08: [basecommands.smx] "Console<0><Console><Console>" changed cvar (cvar "z_jockey_limit") (value "1")
L 12/20/2020 - 19:23:08: [basecommands.smx] "Console<0><Console><Console>" changed cvar (cvar "versus_tank_chance_intro") (value "1")
L 12/20/2020 - 19:23:08: [basecommands.smx] "Console<0><Console><Console>" changed cvar (cvar "versus_tank_chance_finale") (value "1")
L 12/20/2020 - 19:23:08: [basecommands.smx] "Console<0><Console><Console>" changed cvar (cvar "versus_tank_chance") (value "1")
L 12/20/2020 - 19:23:08: [basecommands.smx] "Console<0><Console><Console>" changed cvar (cvar "versus_witch_chance_intro") (value "0")
L 12/20/2020 - 19:23:08: [basecommands.smx] "Console<0><Console><Console>" changed cvar (cvar "versus_witch_chance_finale") (value "0")
L 12/20/2020 - 19:23:08: [basecommands.smx] "Console<0><Console><Console>" changed cvar (cvar "versus_witch_chance") (value "1")
L 12/20/2020 - 19:23:08: [basecommands.smx] "Console<0><Console><Console>" changed cvar (cvar "director_force_tank") (value "1")
L 12/20/2020 - 19:23:08: [basecommands.smx] "Console<0><Console><Console>" changed cvar (cvar "versus_boss_flow_min") (value "0.4")
L 12/20/2020 - 19:23:08: [basecommands.smx] "Console<0><Console><Console>" changed cvar (cvar "versus_boss_flow_max") (value "0.6")
L 12/20/2020 - 19:23:08: [basecommands.smx] "Console<0><Console><Console>" changed cvar (cvar "versus_boss_flow_min_intro") (value "0.1")
L 12/20/2020 - 19:23:08: [basecommands.smx] "Console<0><Console><Console>" changed cvar (cvar "versus_boss_flow_max_intro") (value "0.2")
L 12/20/2020 - 19:23:08: [basecommands.smx] "Console<0><Console><Console>" changed cvar (cvar "versus_boss_flow_min_finale") (value "0.1")
L 12/20/2020 - 19:23:08: [basecommands.smx] "Console<0><Console><Console>" changed cvar (cvar "versus_boss_flow_max_finale") (value "0.2")
L 12/20/2020 - 19:23:08: [basecommands.smx] "Console<0><Console><Console>" changed cvar (cvar "boomer_vomit_delay") (value "0.1")
L 12/20/2020 - 19:23:08: [basecommands.smx] "Console<0><Console><Console>" changed cvar (cvar "smoker_tongue_delay") (value "0.1")
L 12/20/2020 - 19:23:08: [basecommands.smx] "Console<0><Console><Console>" changed cvar (cvar "vs_survival_bonus") (value "35")
L 12/20/2020 - 19:23:08: [basecommands.smx] "Console<0><Console><Console>" changed cvar (cvar "z_tank_throw_health") (value "10")
L 12/20/2020 - 19:23:08: [basecommands.smx] "Console<0><Console><Console>" changed cvar (cvar "sv_client_min_interp_ratio") (value "-1")
L 12/20/2020 - 19:23:08: [basecommands.smx] "Console<0><Console><Console>" changed cvar (cvar "sv_client_max_interp_ratio") (value "0")
L 12/20/2020 - 19:23:08: [basecommands.smx] "Console<0><Console><Console>" changed cvar (cvar "sv_minrate") (value "100000")
L 12/20/2020 - 19:23:08: [basecommands.smx] "Console<0><Console><Console>" changed cvar (cvar "sv_maxrate") (value "100000")
L 12/20/2020 - 19:23:08: [basecommands.smx] "Console<0><Console><Console>" changed cvar (cvar "sv_mincmdrate") (value "100")
L 12/20/2020 - 19:23:08: [basecommands.smx] "Console<0><Console><Console>" changed cvar (cvar "sv_maxcmdrate") (value "100")
L 12/20/2020 - 19:23:08: [basecommands.smx] "Console<0><Console><Console>" changed cvar (cvar "sv_minupdaterate") (value "100")
L 12/20/2020 - 19:23:08: [basecommands.smx] "Console<0><Console><Console>" changed cvar (cvar "sv_maxupdaterate") (value "100")
L 12/20/2020 - 19:23:08: [basecommands.smx] "Console<0><Console><Console>" changed cvar (cvar "nb_update_frequency") (value "0.014")
L 12/20/2020 - 19:23:08: [basecommands.smx] "Console<0><Console><Console>" changed cvar (cvar "net_splitpacket_maxrate") (value "50000")
L 12/20/2020 - 19:23:08: [basecommands.smx] "Console<0><Console><Console>" changed cvar (cvar "fps_max") (value "0")
L 12/20/2020 - 19:23:08: [basecommands.smx] "Console<0><Console><Console>" changed cvar (cvar "hostname") (value "Versus")
L 12/20/2020 - 19:24:50: [l4d2_skill_detect.smx] Charge carry start: 8 - 3 -- time: 101.04
L 12/20/2020 - 19:24:53: [l4d2_skill_detect.smx] Clear: 6 freed 3 from 8: time: 1.75 / 2.59 -- class: charger (with shove? 0)
L 12/20/2020 - 19:24:54: [l4d2_skill_detect.smx] Checking charge victim: 8 - 3 - flags: 1 (alive? 1)
L 12/20/2020 - 19:26:23: [l4d2_skill_detect.smx] Clear: 6 freed 1 from 7: time: 1.72 / -1.00 -- class: hunter (with shove? 0)
L 12/20/2020 - 19:27:33: [l4d2_skill_detect.smx] Clear: 1 freed 3 from 7: time: 1.39 / -1.00 -- class: jockey (with shove? 0)
L 12/20/2020 - 19:28:13: [l4d2_skill_detect.smx] Clear: 1 freed 2 from 7: time: 1.76 / 303.70 -- class: charger (with shove? 0)
L 12/20/2020 - 19:29:30: [l4d2_skill_detect.smx] Charge carry start: 3 - 8 -- time: 380.97
L 12/20/2020 - 19:29:34: [l4d2_skill_detect.smx] Checking charge victim: 3 - 1 - flags: 0 (alive? 1)
L 12/20/2020 - 19:29:36: [l4d2_skill_detect.smx] Checking charge victim: 3 - 8 - flags: 1 (alive? 1)
L 12/20/2020 - 19:29:37: [l4d2_skill_detect.smx] Clear: 1 freed 8 from 3: time: 3.39 / 6.97 -- class: charger (with shove? 0)
L 12/20/2020 - 19:29:52: [l4d2_skill_detect.smx] Witch Crown Check: Failed: bungled: 0 / crowntype: 0 (entity: 895)
L 12/20/2020 - 19:29:52: [l4d2_skill_detect.smx] Witch Crown Check: Further details: attacker: Duяåznlто™, attacker dmg: 823, teamless dmg: 4
L 12/20/2020 - 19:30:14: [l4d2_skill_detect.smx] Clear: 6 freed 8 from 3: time: 2.22 / -1.00 -- class: hunter (with shove? 0)
L 12/20/2020 - 19:30:17: [l4d2_skill_detect.smx] Clear: 1 freed 2 from 5: time: 1.24 / 428.02 -- class: charger (with shove? 0)
L 12/20/2020 - 19:30:46: [l4d2_skill_detect.smx] Clear: 2 freed 8 from 10: time: 3.22 / -1.00 -- class: jockey (with shove? 0)
L 12/20/2020 - 19:31:34: [l4d2_skill_detect.smx] Clear: 1 freed 8 from 4: time: 0.91 / 504.69 -- class: charger (with shove? 0)
L 12/20/2020 - 19:31:36: [l4d2_skill_detect.smx] Clear: 2 freed 8 from 10: time: -1.00 / 1.24 -- class: smoker (with shove? 0)
L 12/20/2020 - 19:32:21: [l4d2_skill_detect.smx] Clear: 6 freed 8 from 5: time: 1.07 / -1.00 -- class: hunter (with shove? 0)
L 12/20/2020 - 19:34:24: [l4d2_skill_detect.smx] Clear: 10 freed 3 from 6: time: 2.50 / -1.00 -- class: jockey (with shove? 0)
L 12/20/2020 - 19:35:00: [l4d2_skill_detect.smx] Charge carry start: 2 - 5 -- time: 710.42
L 12/20/2020 - 19:35:03: [l4d2_skill_detect.smx] Clear: 3 freed 5 from 2: time: 1.26 / 3.28 -- class: charger (with shove? 0)
L 12/20/2020 - 19:35:04: [l4d2_skill_detect.smx] Checking charge victim: 2 - 5 - flags: 1 (alive? 1)
L 12/20/2020 - 19:35:07: [l4d2_skill_detect.smx] Clear: 4 freed 10 from 1: time: 3.07 / -1.00 -- class: hunter (with shove? 0)
L 12/20/2020 - 19:35:53: [l4d2_skill_detect.smx] Charge carry start: 1 - 5 -- time: 763.64
L 12/20/2020 - 19:35:56: [l4d2_skill_detect.smx] Checking charge victim: 1 - 5 - flags: 1 (alive? 1)
L 12/20/2020 - 19:35:57: [l4d2_skill_detect.smx] Checking charge victim: 1 - 4 - flags: 0 (alive? 1)
L 12/20/2020 - 19:35:59: [l4d2_skill_detect.smx] Clear: 7 freed 5 from 1: time: 4.44 / 5.48 -- class: charger (with shove? 0)
L 12/20/2020 - 19:36:26: [l4d2_skill_detect.smx] Clear: 5 freed 4 from 2: time: 4.18 / -1.00 -- class: hunter (with shove? 0)
L 12/20/2020 - 19:36:58: -------- Mapchange to c2m3_coaster --------
L 12/20/2020 - 19:37:00: [basecommands.smx] "Console<0><Console><Console>" changed cvar (cvar "sv_force_time_of_day") (value "0")
L 12/20/2020 - 19:37:00: [basecommands.smx] "Console<0><Console><Console>" changed cvar (cvar "z_witch_damage_per_kill_hit") (value "120")
L 12/20/2020 - 19:37:00: [basecommands.smx] "Console<0><Console><Console>" changed cvar (cvar "z_witch_anger_rate") (value "0.4")
L 12/20/2020 - 19:37:00: [basecommands.smx] "Console<0><Console><Console>" changed cvar (cvar "z_witch_flashlight_range") (value "2000")
L 12/20/2020 - 19:37:00: [basecommands.smx] "Console<0><Console><Console>" changed cvar (cvar "z_witch_burn_time") (value "100")
L 12/20/2020 - 19:37:00: [basecommands.smx] "Console<0><Console><Console>" changed cvar (cvar "z_tank_health") (value "4000")
L 12/20/2020 - 19:37:00: [basecommands.smx] "Console<0><Console><Console>" changed cvar (cvar "z_ghost_delay_min") (value "15")
L 12/20/2020 - 19:37:00: [basecommands.smx] "Console<0><Console><Console>" changed cvar (cvar "z_ghost_delay_max") (value "15")
L 12/20/2020 - 19:37:00: [basecommands.smx] "Console<0><Console><Console>" changed cvar (cvar "z_hunter_limit") (value "1")
L 12/20/2020 - 19:37:00: [basecommands.smx] "Console<0><Console><Console>" changed cvar (cvar "z_smoker_limit") (value "1")
L 12/20/2020 - 19:37:00: [basecommands.smx] "Console<0><Console><Console>" changed cvar (cvar "z_jockey_limit") (value "1")
L 12/20/2020 - 19:37:00: [basecommands.smx] "Console<0><Console><Console>" changed cvar (cvar "versus_tank_chance_intro") (value "1")
L 12/20/2020 - 19:37:00: [basecommands.smx] "Console<0><Console><Console>" changed cvar (cvar "versus_tank_chance_finale") (value "1")
L 12/20/2020 - 19:37:00: [basecommands.smx] "Console<0><Console><Console>" changed cvar (cvar "versus_tank_chance") (value "1")
L 12/20/2020 - 19:37:00: [basecommands.smx] "Console<0><Console><Console>" changed cvar (cvar "versus_witch_chance_intro") (value "0")
L 12/20/2020 - 19:37:00: [basecommands.smx] "Console<0><Console><Console>" changed cvar (cvar "versus_witch_chance_finale") (value "0")
L 12/20/2020 - 19:37:00: [basecommands.smx] "Console<0><Console><Console>" changed cvar (cvar "versus_witch_chance") (value "1")
L 12/20/2020 - 19:37:00: [basecommands.smx] "Console<0><Console><Console>" changed cvar (cvar "director_force_tank") (value "1")
L 12/20/2020 - 19:37:00: [basecommands.smx] "Console<0><Console><Console>" changed cvar (cvar "versus_boss_flow_min") (value "0.4")
L 12/20/2020 - 19:37:00: [basecommands.smx] "Console<0><Console><Console>" changed cvar (cvar "versus_boss_flow_max") (value "0.6")
L 12/20/2020 - 19:37:00: [basecommands.smx] "Console<0><Console><Console>" changed cvar (cvar "versus_boss_flow_min_intro") (value "0.1")
L 12/20/2020 - 19:37:00: [basecommands.smx] "Console<0><Console><Console>" changed cvar (cvar "versus_boss_flow_max_intro") (value "0.2")
L 12/20/2020 - 19:37:00: [basecommands.smx] "Console<0><Console><Console>" changed cvar (cvar "versus_boss_flow_min_finale") (value "0.1")
L 12/20/2020 - 19:37:00: [basecommands.smx] "Console<0><Console><Console>" changed cvar (cvar "versus_boss_flow_max_finale") (value "0.2")
L 12/20/2020 - 19:37:00: [basecommands.smx] "Console<0><Console><Console>" changed cvar (cvar "boomer_vomit_delay") (value "0.1")
L 12/20/2020 - 19:37:00: [basecommands.smx] "Console<0><Console><Console>" changed cvar (cvar "smoker_tongue_delay") (value "0.1")
L 12/20/2020 - 19:37:00: [basecommands.smx] "Console<0><Console><Console>" changed cvar (cvar "vs_survival_bonus") (value "35")
L 12/20/2020 - 19:37:00: [basecommands.smx] "Console<0><Console><Console>" changed cvar (cvar "z_tank_throw_health") (value "10")
L 12/20/2020 - 19:37:00: [basecommands.smx] "Console<0><Console><Console>" changed cvar (cvar "sv_client_min_interp_ratio") (value "-1")
L 12/20/2020 - 19:37:00: [basecommands.smx] "Console<0><Console><Console>" changed cvar (cvar "sv_client_max_interp_ratio") (value "0")
L 12/20/2020 - 19:37:00: [basecommands.smx] "Console<0><Console><Console>" changed cvar (cvar "sv_minrate") (value "100000")
L 12/20/2020 - 19:37:00: [basecommands.smx] "Console<0><Console><Console>" changed cvar (cvar "sv_maxrate") (value "100000")
L 12/20/2020 - 19:37:00: [basecommands.smx] "Console<0><Console><Console>" changed cvar (cvar "sv_mincmdrate") (value "100")
L 12/20/2020 - 19:37:00: [basecommands.smx] "Console<0><Console><Console>" changed cvar (cvar "sv_maxcmdrate") (value "100")
L 12/20/2020 - 19:37:00: [basecommands.smx] "Console<0><Console><Console>" changed cvar (cvar "sv_minupdaterate") (value "100")
L 12/20/2020 - 19:37:00: [basecommands.smx] "Console<0><Console><Console>" changed cvar (cvar "sv_maxupdaterate") (value "100")
L 12/20/2020 - 19:37:00: [basecommands.smx] "Console<0><Console><Console>" changed cvar (cvar "nb_update_frequency") (value "0.014")
L 12/20/2020 - 19:37:00: [basecommands.smx] "Console<0><Console><Console>" changed cvar (cvar "net_splitpacket_maxrate") (value "50000")
L 12/20/2020 - 19:37:00: [basecommands.smx] "Console<0><Console><Console>" changed cvar (cvar "fps_max") (value "0")
L 12/20/2020 - 19:37:00: [basecommands.smx] "Console<0><Console><Console>" changed cvar (cvar "hostname") (value "Versus")
L 12/20/2020 - 19:37:33: [basecommands.smx] "Duяåznlто™<3><STEAM_1:1:4151444><>" changed cvar (cvar "vs_max_team_switches") (value "0")
L 12/20/2020 - 19:39:21: [l4d2_skill_detect.smx] Charge carry start: 10 - 7 -- time: 139.02
L 12/20/2020 - 19:39:22: [l4d2_skill_detect.smx] Clear: 1 freed 7 from 10: time: 0.43 / 1.41 -- class: charger (with shove? 0)
L 12/20/2020 - 19:39:24: [l4d2_skill_detect.smx] Checking charge victim: 10 - 7 - flags: 1 (alive? 1)
L 12/20/2020 - 19:40:43: [l4d2_skill_detect.smx] Clear: 1 freed 6 from 4: time: 0.91 / -1.00 -- class: hunter (with shove? 0)
L 12/20/2020 - 19:41:10: [l4d2_skill_detect.smx] Charge carry start: 4 - 1 -- time: 248.37
L 12/20/2020 - 19:41:12: [l4d2_skill_detect.smx] Clear: 2 freed 1 from 4: time: 1.11 / 2.12 -- class: charger (with shove? 0)
L 12/20/2020 - 19:41:13: [l4d2_skill_detect.smx] Checking charge victim: 4 - 1 - flags: 1 (alive? 1)
L 12/20/2020 - 19:41:33: [basebans.smx] "♛ Rain ♛<2><STEAM_1:0:162762726><>" banned "marmon<92><STEAM_1:1:569622405><>" (minutes "0") (reason "Viejo Sin Verguenza Chupachichi")
L 12/20/2020 - 19:41:40: [l4d2_skill_detect.smx] Clear: 2 freed 6 from 10: time: 3.38 / -1.00 -- class: hunter (with shove? 0)
L 12/20/2020 - 19:41:59: [l4d2_skill_detect.smx] Charge carry start: 7 - 1 -- time: 297.41
L 12/20/2020 - 19:42:00: [l4d2_skill_detect.smx] Clear: 3 freed 1 from 7: time: 0.00 / 0.49 -- class: charger (with shove? 0)
L 12/20/2020 - 19:42:02: [l4d2_skill_detect.smx] Checking charge victim: 7 - 1 - flags: 1 (alive? 1)
L 12/20/2020 - 19:42:20: [l4d2_skill_detect.smx] Clear: 6 freed 2 from 10: time: 1.07 / 3.97 -- class: smoker (with shove? 0)
L 12/20/2020 - 19:43:33: [l4d2_skill_detect.smx] Clear: 1 freed 6 from 3: time: 2.94 / -1.00 -- class: jockey (with shove? 0)
L 12/20/2020 - 19:45:46: [l4d2_skill_detect.smx] Clear: 7 freed 6 from 3: time: 2.10 / -1.00 -- class: jockey (with shove? 0)
L 12/20/2020 - 19:46:10: [l4d2_skill_detect.smx] Charge carry start: 4 - 6 -- time: 548.29
L 12/20/2020 - 19:46:10: [l4d2_skill_detect.smx] Clear: 6 freed 6 from 4: time: 0.00 / 0.21 -- class: charger (with shove? 0)
L 12/20/2020 - 19:46:13: [l4d2_skill_detect.smx] Checking charge victim: 4 - 6 - flags: 1 (alive? 1)
L 12/20/2020 - 19:46:14: [l4d2_skill_detect.smx] Checking charge victim: 4 - 1 - flags: 0 (alive? 1)
L 12/20/2020 - 19:46:14: [l4d2_skill_detect.smx] Checking charge victim: 4 - 2 - flags: 0 (alive? 1)
L 12/20/2020 - 19:46:20: [l4d2_skill_detect.smx] Clear: 7 freed 1 from 5: time: 1.96 / -1.00 -- class: hunter (with shove? 0)
L 12/20/2020 - 19:48:53: [l4d2_skill_detect.smx] Clear: 8 freed 4 from 2: time: -1.00 / 9.77 -- class: smoker (with shove? 1)
L 12/20/2020 - 19:48:59: [l4d2_skill_detect.smx] Clear: 4 freed 10 from 1: time: 21.02 / 716.94 -- class: charger (with shove? 0)
L 12/20/2020 - 19:49:16: [admin_hp.smx]  
L 12/20/2020 - 19:49:37: [l4d2_skill_detect.smx] Clear: 10 freed 3 from 7: time: 1.69 / -1.00 -- class: hunter (with shove? 0)
L 12/20/2020 - 19:49:49: [l4d2_skill_detect.smx] Clear: 8 freed 4 from 2: time: 4.30 / 7.08 -- class: smoker (with shove? 1)
L 12/20/2020 - 19:50:07: [l4d2_skill_detect.smx] Clear: 3 freed 10 from 2: time: -1.00 / 2.48 -- class: smoker (with shove? 1)
L 12/20/2020 - 19:50:18: [l4d2_skill_detect.smx] Charge carry start: 7 - 10 -- time: 796.01
L 12/20/2020 - 19:50:21: [l4d2_skill_detect.smx] Checking charge victim: 7 - 10 - flags: 1 (alive? 1)
L 12/20/2020 - 19:50:22: [l4d2_skill_detect.smx] Clear: 3 freed 8 from 1: time: 1.86 / -1.00 -- class: hunter (with shove? 1)
L 12/20/2020 - 19:50:22: [l4d2_skill_detect.smx] Checking charge victim: 7 - 4 - flags: 0 (alive? 1)
L 12/20/2020 - 19:50:25: [l4d2_skill_detect.smx] Clear: 3 freed 10 from 1: time: 2.40 / -1.00 -- class: hunter (with shove? 0)
L 12/20/2020 - 19:50:59: [l4d2_skill_detect.smx] Clear: 10 freed 5 from 1: time: 2.95 / -1.00 -- class: jockey (with shove? 0)
L 12/20/2020 - 19:51:34: [l4d2_skill_detect.smx] Clear: 10 freed 5 from 7: time: 3.29 / -1.00 -- class: jockey (with shove? 0)
L 12/20/2020 - 19:52:02: [l4d2_skill_detect.smx] Clear: 10 freed 4 from 2: time: 3.38 / -1.00 -- class: hunter (with shove? 0)
L 12/20/2020 - 19:53:02: -------- Mapchange to c2m4_barns --------
L 12/20/2020 - 19:53:04: [basecommands.smx] "Console<0><Console><Console>" changed cvar (cvar "sv_force_time_of_day") (value "0")
L 12/20/2020 - 19:53:04: [basecommands.smx] "Console<0><Console><Console>" changed cvar (cvar "z_witch_damage_per_kill_hit") (value "120")
L 12/20/2020 - 19:53:04: [basecommands.smx] "Console<0><Console><Console>" changed cvar (cvar "z_witch_anger_rate") (value "0.4")
L 12/20/2020 - 19:53:04: [basecommands.smx] "Console<0><Console><Console>" changed cvar (cvar "z_witch_flashlight_range") (value "2000")
L 12/20/2020 - 19:53:04: [basecommands.smx] "Console<0><Console><Console>" changed cvar (cvar "z_witch_burn_time") (value "100")
L 12/20/2020 - 19:53:04: [basecommands.smx] "Console<0><Console><Console>" changed cvar (cvar "z_tank_health") (value "4000")
L 12/20/2020 - 19:53:04: [basecommands.smx] "Console<0><Console><Console>" changed cvar (cvar "z_ghost_delay_min") (value "15")
L 12/20/2020 - 19:53:04: [basecommands.smx] "Console<0><Console><Console>" changed cvar (cvar "z_ghost_delay_max") (value "15")
L 12/20/2020 - 19:53:04: [basecommands.smx] "Console<0><Console><Console>" changed cvar (cvar "z_hunter_limit") (value "1")
L 12/20/2020 - 19:53:04: [basecommands.smx] "Console<0><Console><Console>" changed cvar (cvar "z_smoker_limit") (value "1")
L 12/20/2020 - 19:53:04: [basecommands.smx] "Console<0><Console><Console>" changed cvar (cvar "z_jockey_limit") (value "1")
L 12/20/2020 - 19:53:04: [basecommands.smx] "Console<0><Console><Console>" changed cvar (cvar "versus_tank_chance_intro") (value "1")
L 12/20/2020 - 19:53:04: [basecommands.smx] "Console<0><Console><Console>" changed cvar (cvar "versus_tank_chance_finale") (value "1")
L 12/20/2020 - 19:53:04: [basecommands.smx] "Console<0><Console><Console>" changed cvar (cvar "versus_tank_chance") (value "1")
L 12/20/2020 - 19:53:04: [basecommands.smx] "Console<0><Console><Console>" changed cvar (cvar "versus_witch_chance_intro") (value "0")
L 12/20/2020 - 19:53:04: [basecommands.smx] "Console<0><Console><Console>" changed cvar (cvar "versus_witch_chance_finale") (value "0")
L 12/20/2020 - 19:53:04: [basecommands.smx] "Console<0><Console><Console>" changed cvar (cvar "versus_witch_chance") (value "1")
L 12/20/2020 - 19:53:04: [basecommands.smx] "Console<0><Console><Console>" changed cvar (cvar "director_force_tank") (value "1")
L 12/20/2020 - 19:53:04: [basecommands.smx] "Console<0><Console><Console>" changed cvar (cvar "versus_boss_flow_min") (value "0.4")
L 12/20/2020 - 19:53:04: [basecommands.smx] "Console<0><Console><Console>" changed cvar (cvar "versus_boss_flow_max") (value "0.6")
L 12/20/2020 - 19:53:04: [basecommands.smx] "Console<0><Console><Console>" changed cvar (cvar "versus_boss_flow_min_intro") (value "0.1")
L 12/20/2020 - 19:53:04: [basecommands.smx] "Console<0><Console><Console>" changed cvar (cvar "versus_boss_flow_max_intro") (value "0.2")
L 12/20/2020 - 19:53:04: [basecommands.smx] "Console<0><Console><Console>" changed cvar (cvar "versus_boss_flow_min_finale") (value "0.1")
L 12/20/2020 - 19:53:04: [basecommands.smx] "Console<0><Console><Console>" changed cvar (cvar "versus_boss_flow_max_finale") (value "0.2")
L 12/20/2020 - 19:53:04: [basecommands.smx] "Console<0><Console><Console>" changed cvar (cvar "boomer_vomit_delay") (value "0.1")
L 12/20/2020 - 19:53:04: [basecommands.smx] "Console<0><Console><Console>" changed cvar (cvar "smoker_tongue_delay") (value "0.1")
L 12/20/2020 - 19:53:04: [basecommands.smx] "Console<0><Console><Console>" changed cvar (cvar "vs_survival_bonus") (value "35")
L 12/20/2020 - 19:53:04: [basecommands.smx] "Console<0><Console><Console>" changed cvar (cvar "z_tank_throw_health") (value "10")
L 12/20/2020 - 19:53:04: [basecommands.smx] "Console<0><Console><Console>" changed cvar (cvar "sv_client_min_interp_ratio") (value "-1")
L 12/20/2020 - 19:53:04: [basecommands.smx] "Console<0><Console><Console>" changed cvar (cvar "sv_client_max_interp_ratio") (value "0")
L 12/20/2020 - 19:53:04: [basecommands.smx] "Console<0><Console><Console>" changed cvar (cvar "sv_minrate") (value "100000")
L 12/20/2020 - 19:53:04: [basecommands.smx] "Console<0><Console><Console>" changed cvar (cvar "sv_maxrate") (value "100000")
L 12/20/2020 - 19:53:04: [basecommands.smx] "Console<0><Console><Console>" changed cvar (cvar "sv_mincmdrate") (value "100")
L 12/20/2020 - 19:53:04: [basecommands.smx] "Console<0><Console><Console>" changed cvar (cvar "sv_maxcmdrate") (value "100")
L 12/20/2020 - 19:53:04: [basecommands.smx] "Console<0><Console><Console>" changed cvar (cvar "sv_minupdaterate") (value "100")
L 12/20/2020 - 19:53:04: [basecommands.smx] "Console<0><Console><Console>" changed cvar (cvar "sv_maxupdaterate") (value "100")
L 12/20/2020 - 19:53:04: [basecommands.smx] "Console<0><Console><Console>" changed cvar (cvar "nb_update_frequency") (value "0.014")
L 12/20/2020 - 19:53:04: [basecommands.smx] "Console<0><Console><Console>" changed cvar (cvar "net_splitpacket_maxrate") (value "50000")
L 12/20/2020 - 19:53:04: [basecommands.smx] "Console<0><Console><Console>" changed cvar (cvar "fps_max") (value "0")
L 12/20/2020 - 19:53:04: [basecommands.smx] "Console<0><Console><Console>" changed cvar (cvar "hostname") (value "Versus")
L 12/20/2020 - 19:54:43: [l4d2_skill_detect.smx] Clear: 3 freed 2 from 7: time: 1.69 / -1.00 -- class: jockey (with shove? 0)
L 12/20/2020 - 19:55:31: [basecommands.smx] "♛ Rain ♛<2><STEAM_1:0:162762726><>" changed cvar (cvar "vs_max_team_switches") (value "0")
L 12/20/2020 - 19:55:33: [basecommands.smx] "♛ Rain ♛<2><STEAM_1:0:162762726><>" changed cvar (cvar "vs_max_team_switches") (value "5")
L 12/20/2020 - 19:55:35: [l4d2_skill_detect.smx] Clear: 1 freed 2 from 6: time: 0.87 / -1.00 -- class: jockey (with shove? 0)
L 12/20/2020 - 19:55:41: [basecommands.smx] "♛ Rain ♛<2><STEAM_1:0:162762726><>" changed cvar (cvar "vs_max_team_switches") (value "0")
L 12/20/2020 - 19:56:27: [l4d2_skill_detect.smx] Witch Crown Check: crown shot: 970, harrassed: 0 (full health: 1000 / drawthresh: 500 / oneshot 1)
L 12/20/2020 - 19:57:55: [l4d2_skill_detect.smx] Clear: 8 freed 1 from 4: time: 2.36 / -1.00 -- class: jockey (with shove? 0)
L 12/20/2020 - 19:58:54: [l4d2_skill_detect.smx] Clear: 8 freed 2 from 9: time: 2.69 / -1.00 -- class: hunter (with shove? 0)
L 12/20/2020 - 19:58:58: [l4d2_skill_detect.smx] Clear: 8 freed 7 from 3: time: 2.23 / -1.00 -- class: hunter (with shove? 0)
L 12/20/2020 - 19:59:08: [l4d2_skill_detect.smx] Charge carry start: 5 - 8 -- time: 363.61
L 12/20/2020 - 19:59:11: [l4d2_skill_detect.smx] Clear: 2 freed 8 from 5: time: 0.92 / 2.64 -- class: charger (with shove? 0)
L 12/20/2020 - 19:59:12: [l4d2_skill_detect.smx] Checking charge victim: 5 - 8 - flags: 1 (alive? 1)
L 12/20/2020 - 19:59:12: [l4d2_skill_detect.smx] Checking charge victim: 5 - 7 - flags: 0 (alive? 1)
L 12/20/2020 - 20:01:07: -------- Mapchange to c8m1_apartment --------
L 12/20/2020 - 20:01:11: [basecommands.smx] "Console<0><Console><Console>" changed cvar (cvar "sv_force_time_of_day") (value "0")
L 12/20/2020 - 20:01:11: [basecommands.smx] "Console<0><Console><Console>" changed cvar (cvar "z_witch_damage_per_kill_hit") (value "120")
L 12/20/2020 - 20:01:11: [basecommands.smx] "Console<0><Console><Console>" changed cvar (cvar "z_witch_anger_rate") (value "0.4")
L 12/20/2020 - 20:01:11: [basecommands.smx] "Console<0><Console><Console>" changed cvar (cvar "z_witch_flashlight_range") (value "2000")
L 12/20/2020 - 20:01:11: [basecommands.smx] "Console<0><Console><Console>" changed cvar (cvar "z_witch_burn_time") (value "100")
L 12/20/2020 - 20:01:11: [basecommands.smx] "Console<0><Console><Console>" changed cvar (cvar "z_tank_health") (value "4000")
L 12/20/2020 - 20:01:11: [basecommands.smx] "Console<0><Console><Console>" changed cvar (cvar "z_ghost_delay_min") (value "15")
L 12/20/2020 - 20:01:11: [basecommands.smx] "Console<0><Console><Console>" changed cvar (cvar "z_ghost_delay_max") (value "15")
L 12/20/2020 - 20:01:11: [basecommands.smx] "Console<0><Console><Console>" changed cvar (cvar "z_hunter_limit") (value "1")
L 12/20/2020 - 20:01:11: [basecommands.smx] "Console<0><Console><Console>" changed cvar (cvar "z_smoker_limit") (value "1")
L 12/20/2020 - 20:01:11: [basecommands.smx] "Console<0><Console><Console>" changed cvar (cvar "z_jockey_limit") (value "1")
L 12/20/2020 - 20:01:11: [basecommands.smx] "Console<0><Console><Console>" changed cvar (cvar "versus_tank_chance_intro") (value "1")
L 12/20/2020 - 20:01:11: [basecommands.smx] "Console<0><Console><Console>" changed cvar (cvar "versus_tank_chance_finale") (value "1")
L 12/20/2020 - 20:01:11: [basecommands.smx] "Console<0><Console><Console>" changed cvar (cvar "versus_tank_chance") (value "1")
L 12/20/2020 - 20:01:11: [basecommands.smx] "Console<0><Console><Console>" changed cvar (cvar "versus_witch_chance_intro") (value "0")
L 12/20/2020 - 20:01:11: [basecommands.smx] "Console<0><Console><Console>" changed cvar (cvar "versus_witch_chance_finale") (value "0")
L 12/20/2020 - 20:01:11: [basecommands.smx] "Console<0><Console><Console>" changed cvar (cvar "versus_witch_chance") (value "1")
L 12/20/2020 - 20:01:11: [basecommands.smx] "Console<0><Console><Console>" changed cvar (cvar "director_force_tank") (value "1")
L 12/20/2020 - 20:01:11: [basecommands.smx] "Console<0><Console><Console>" changed cvar (cvar "versus_boss_flow_min") (value "0.4")
L 12/20/2020 - 20:01:11: [basecommands.smx] "Console<0><Console><Console>" changed cvar (cvar "versus_boss_flow_max") (value "0.6")
L 12/20/2020 - 20:01:11: [basecommands.smx] "Console<0><Console><Console>" changed cvar (cvar "versus_boss_flow_min_intro") (value "0.1")
L 12/20/2020 - 20:01:11: [basecommands.smx] "Console<0><Console><Console>" changed cvar (cvar "versus_boss_flow_max_intro") (value "0.2")
L 12/20/2020 - 20:01:11: [basecommands.smx] "Console<0><Console><Console>" changed cvar (cvar "versus_boss_flow_min_finale") (value "0.1")
L 12/20/2020 - 20:01:11: [basecommands.smx] "Console<0><Console><Console>" changed cvar (cvar "versus_boss_flow_max_finale") (value "0.2")
L 12/20/2020 - 20:01:11: [basecommands.smx] "Console<0><Console><Console>" changed cvar (cvar "boomer_vomit_delay") (value "0.1")
L 12/20/2020 - 20:01:11: [basecommands.smx] "Console<0><Console><Console>" changed cvar (cvar "smoker_tongue_delay") (value "0.1")
L 12/20/2020 - 20:01:11: [basecommands.smx] "Console<0><Console><Console>" changed cvar (cvar "vs_survival_bonus") (value "35")
L 12/20/2020 - 20:01:11: [basecommands.smx] "Console<0><Console><Console>" changed cvar (cvar "z_tank_throw_health") (value "10")
L 12/20/2020 - 20:01:11: [basecommands.smx] "Console<0><Console><Console>" changed cvar (cvar "sv_client_min_interp_ratio") (value "-1")
L 12/20/2020 - 20:01:11: [basecommands.smx] "Console<0><Console><Console>" changed cvar (cvar "sv_client_max_interp_ratio") (value "0")
L 12/20/2020 - 20:01:11: [basecommands.smx] "Console<0><Console><Console>" changed cvar (cvar "sv_minrate") (value "100000")
L 12/20/2020 - 20:01:11: [basecommands.smx] "Console<0><Console><Console>" changed cvar (cvar "sv_maxrate") (value "100000")
L 12/20/2020 - 20:01:11: [basecommands.smx] "Console<0><Console><Console>" changed cvar (cvar "sv_mincmdrate") (value "100")
L 12/20/2020 - 20:01:11: [basecommands.smx] "Console<0><Console><Console>" changed cvar (cvar "sv_maxcmdrate") (value "100")
L 12/20/2020 - 20:01:11: [basecommands.smx] "Console<0><Console><Console>" changed cvar (cvar "sv_minupdaterate") (value "100")
L 12/20/2020 - 20:01:11: [basecommands.smx] "Console<0><Console><Console>" changed cvar (cvar "sv_maxupdaterate") (value "100")
L 12/20/2020 - 20:01:11: [basecommands.smx] "Console<0><Console><Console>" changed cvar (cvar "nb_update_frequency") (value "0.014")
L 12/20/2020 - 20:01:11: [basecommands.smx] "Console<0><Console><Console>" changed cvar (cvar "net_splitpacket_maxrate") (value "50000")
L 12/20/2020 - 20:01:11: [basecommands.smx] "Console<0><Console><Console>" changed cvar (cvar "fps_max") (value "0")
L 12/20/2020 - 20:01:11: [basecommands.smx] "Console<0><Console><Console>" changed cvar (cvar "hostname") (value "Versus")
L 12/20/2020 - 20:02:12: [basecommands.smx] "♛ Rain ♛<2><STEAM_1:0:162762726><>" changed cvar (cvar "vs_max_team_switches") (value "5")
L 12/20/2020 - 20:02:13: [basecommands.smx] "♛ Rain ♛<2><STEAM_1:0:162762726><>" changed cvar (cvar "vs_max_team_switches") (value "0")
L 12/20/2020 - 20:04:06: [l4d2_skill_detect.smx] Clear: 8 freed 8 from 5: time: -1.00 / 0.52 -- class: smoker (with shove? 1)
L 12/20/2020 - 20:04:20: [l4d2_skill_detect.smx] Clear: 8 freed 10 from 7: time: 1.41 / -1.00 -- class: hunter (with shove? 0)
L 12/20/2020 - 20:04:42: [l4d2_skill_detect.smx] Charge carry start: 5 - 1 -- time: 224.65
L 12/20/2020 - 20:04:45: [l4d2_skill_detect.smx] Clear: 8 freed 1 from 5: time: 1.90 / 2.67 -- class: charger (with shove? 0)
L 12/20/2020 - 20:04:45: [l4d2_skill_detect.smx] Checking charge victim: 5 - 1 - flags: 1 (alive? 1)
L 12/20/2020 - 20:05:20: [l4d2_skill_detect.smx] Witch Crown Check: Failed: bungled: 0 / crowntype: 0 (entity: 189)
L 12/20/2020 - 20:05:20: [l4d2_skill_detect.smx] Witch Crown Check: Further details: attacker: ♛ Rain ♛, attacker dmg: 941, teamless dmg: 0
L 12/20/2020 - 20:05:47: [l4d2_skill_detect.smx] Charge carry start: 9 - 2 -- time: 289.41
L 12/20/2020 - 20:05:48: [l4d2_skill_detect.smx] Clear: 8 freed 2 from 9: time: 0.00 / 1.07 -- class: charger (with shove? 0)
L 12/20/2020 - 20:05:51: [l4d2_skill_detect.smx] Checking charge victim: 9 - 2 - flags: 1 (alive? 1)
L 12/20/2020 - 20:05:58: [l4d2_skill_detect.smx] Clear: 8 freed 2 from 7: time: 1.16 / -1.00 -- class: jockey (with shove? 1)
L 12/20/2020 - 20:06:00: [l4d2_skill_detect.smx] calarm trigger: caller 1171 / activator 1171 / delay: 0.00
L 12/20/2020 - 20:07:59: [l4d2_skill_detect.smx] Clear: 7 freed 4 from 8: time: 0.84 / -1.00 -- class: hunter (with shove? 0)
L 12/20/2020 - 20:08:29: [l4d2_skill_detect.smx] Clear: 7 freed 3 from 2: time: 1.79 / -1.00 -- class: hunter (with shove? 0)
L 12/20/2020 - 20:09:19: [l4d2_skill_detect.smx] Charge carry start: 8 - 5 -- time: 501.32
L 12/20/2020 - 20:09:23: [l4d2_skill_detect.smx] Checking charge victim: 8 - 5 - flags: 1 (alive? 1)
L 12/20/2020 - 20:09:31: [l4d2_skill_detect.smx] Charge carry start: 8 - 4 -- time: 513.33
L 12/20/2020 - 20:09:34: [l4d2_skill_detect.smx] Checking charge victim: 8 - 4 - flags: 1 (alive? 1)
L 12/20/2020 - 20:09:36: [l4d2_skill_detect.smx] Clear: 7 freed 4 from 8: time: 3.77 / 4.99 -- class: charger (with shove? 0)
L 12/20/2020 - 20:10:30: -------- Mapchange to c8m2_subway --------
L 12/20/2020 - 20:10:32: [basecommands.smx] "Console<0><Console><Console>" changed cvar (cvar "sv_force_time_of_day") (value "0")
L 12/20/2020 - 20:10:32: [basecommands.smx] "Console<0><Console><Console>" changed cvar (cvar "z_witch_damage_per_kill_hit") (value "120")
L 12/20/2020 - 20:10:32: [basecommands.smx] "Console<0><Console><Console>" changed cvar (cvar "z_witch_anger_rate") (value "0.4")
L 12/20/2020 - 20:10:32: [basecommands.smx] "Console<0><Console><Console>" changed cvar (cvar "z_witch_flashlight_range") (value "2000")
L 12/20/2020 - 20:10:32: [basecommands.smx] "Console<0><Console><Console>" changed cvar (cvar "z_witch_burn_time") (value "100")
L 12/20/2020 - 20:10:32: [basecommands.smx] "Console<0><Console><Console>" changed cvar (cvar "z_tank_health") (value "4000")
L 12/20/2020 - 20:10:32: [basecommands.smx] "Console<0><Console><Console>" changed cvar (cvar "z_ghost_delay_min") (value "15")
L 12/20/2020 - 20:10:32: [basecommands.smx] "Console<0><Console><Console>" changed cvar (cvar "z_ghost_delay_max") (value "15")
L 12/20/2020 - 20:10:32: [basecommands.smx] "Console<0><Console><Console>" changed cvar (cvar "z_hunter_limit") (value "1")
L 12/20/2020 - 20:10:32: [basecommands.smx] "Console<0><Console><Console>" changed cvar (cvar "z_smoker_limit") (value "1")
L 12/20/2020 - 20:10:32: [basecommands.smx] "Console<0><Console><Console>" changed cvar (cvar "z_jockey_limit") (value "1")
L 12/20/2020 - 20:10:32: [basecommands.smx] "Console<0><Console><Console>" changed cvar (cvar "versus_tank_chance_intro") (value "1")
L 12/20/2020 - 20:10:32: [basecommands.smx] "Console<0><Console><Console>" changed cvar (cvar "versus_tank_chance_finale") (value "1")
L 12/20/2020 - 20:10:32: [basecommands.smx] "Console<0><Console><Console>" changed cvar (cvar "versus_tank_chance") (value "1")
L 12/20/2020 - 20:10:32: [basecommands.smx] "Console<0><Console><Console>" changed cvar (cvar "versus_witch_chance_intro") (value "0")
L 12/20/2020 - 20:10:32: [basecommands.smx] "Console<0><Console><Console>" changed cvar (cvar "versus_witch_chance_finale") (value "0")
L 12/20/2020 - 20:10:32: [basecommands.smx] "Console<0><Console><Console>" changed cvar (cvar "versus_witch_chance") (value "1")
L 12/20/2020 - 20:10:32: [basecommands.smx] "Console<0><Console><Console>" changed cvar (cvar "director_force_tank") (value "1")
L 12/20/2020 - 20:10:32: [basecommands.smx] "Console<0><Console><Console>" changed cvar (cvar "versus_boss_flow_min") (value "0.4")
L 12/20/2020 - 20:10:32: [basecommands.smx] "Console<0><Console><Console>" changed cvar (cvar "versus_boss_flow_max") (value "0.6")
L 12/20/2020 - 20:10:32: [basecommands.smx] "Console<0><Console><Console>" changed cvar (cvar "versus_boss_flow_min_intro") (value "0.1")
L 12/20/2020 - 20:10:32: [basecommands.smx] "Console<0><Console><Console>" changed cvar (cvar "versus_boss_flow_max_intro") (value "0.2")
L 12/20/2020 - 20:10:32: [basecommands.smx] "Console<0><Console><Console>" changed cvar (cvar "versus_boss_flow_min_finale") (value "0.1")
L 12/20/2020 - 20:10:32: [basecommands.smx] "Console<0><Console><Console>" changed cvar (cvar "versus_boss_flow_max_finale") (value "0.2")
L 12/20/2020 - 20:10:32: [basecommands.smx] "Console<0><Console><Console>" changed cvar (cvar "boomer_vomit_delay") (value "0.1")
L 12/20/2020 - 20:10:32: [basecommands.smx] "Console<0><Console><Console>" changed cvar (cvar "smoker_tongue_delay") (value "0.1")
L 12/20/2020 - 20:10:32: [basecommands.smx] "Console<0><Console><Console>" changed cvar (cvar "vs_survival_bonus") (value "35")
L 12/20/2020 - 20:10:32: [basecommands.smx] "Console<0><Console><Console>" changed cvar (cvar "z_tank_throw_health") (value "10")
L 12/20/2020 - 20:10:32: [basecommands.smx] "Console<0><Console><Console>" changed cvar (cvar "sv_client_min_interp_ratio") (value "-1")
L 12/20/2020 - 20:10:32: [basecommands.smx] "Console<0><Console><Console>" changed cvar (cvar "sv_client_max_interp_ratio") (value "0")
L 12/20/2020 - 20:10:32: [basecommands.smx] "Console<0><Console><Console>" changed cvar (cvar "sv_minrate") (value "100000")
L 12/20/2020 - 20:10:32: [basecommands.smx] "Console<0><Console><Console>" changed cvar (cvar "sv_maxrate") (value "100000")
L 12/20/2020 - 20:10:32: [basecommands.smx] "Console<0><Console><Console>" changed cvar (cvar "sv_mincmdrate") (value "100")
L 12/20/2020 - 20:10:32: [basecommands.smx] "Console<0><Console><Console>" changed cvar (cvar "sv_maxcmdrate") (value "100")
L 12/20/2020 - 20:10:32: [basecommands.smx] "Console<0><Console><Console>" changed cvar (cvar "sv_minupdaterate") (value "100")
L 12/20/2020 - 20:10:32: [basecommands.smx] "Console<0><Console><Console>" changed cvar (cvar "sv_maxupdaterate") (value "100")
L 12/20/2020 - 20:10:32: [basecommands.smx] "Console<0><Console><Console>" changed cvar (cvar "nb_update_frequency") (value "0.014")
L 12/20/2020 - 20:10:32: [basecommands.smx] "Console<0><Console><Console>" changed cvar (cvar "net_splitpacket_maxrate") (value "50000")
L 12/20/2020 - 20:10:32: [basecommands.smx] "Console<0><Console><Console>" changed cvar (cvar "fps_max") (value "0")
L 12/20/2020 - 20:10:32: [basecommands.smx] "Console<0><Console><Console>" changed cvar (cvar "hostname") (value "Versus")
L 12/20/2020 - 20:11:51: [l4d2_skill_detect.smx] Clear: 8 freed 1 from 4: time: 1.54 / -1.00 -- class: hunter (with shove? 0)
L 12/20/2020 - 20:12:48: [basebans.smx] "Duяåznlто™<3><STEAM_1:1:4151444><>" banned "✪ghost<166><STEAM_1:1:431928310><>" (minutes "0") (reason "Viejo Sin Verguenza Chupachichi")
L 12/20/2020 - 20:13:25: [l4d2_skill_detect.smx] Clear: 8 freed 2 from 6: time: 0.90 / -1.00 -- class: jockey (with shove? 0)
L 12/20/2020 - 20:13:32: [l4d2_skill_detect.smx] Clear: 1 freed 2 from 3: time: 0.42 / 177.23 -- class: charger (with shove? 0)
L 12/20/2020 - 20:13:37: [l4d2_skill_detect.smx] Clear: 1 freed 1 from 4: time: -1.00 / 0.01 -- class: smoker (with shove? 0)
L 12/20/2020 - 20:13:59: [l4d2_skill_detect.smx] Clear: 8 freed 2 from 7: time: 0.79 / -1.00 -- class: jockey (with shove? 1)
L 12/20/2020 - 20:14:07: [l4d2_skill_detect.smx] Charge carry start: 4 - 2 -- time: 212.28
L 12/20/2020 - 20:14:08: [l4d2_skill_detect.smx] Clear: 8 freed 2 from 4: time: 0.91 / 1.66 -- class: charger (with shove? 0)
L 12/20/2020 - 20:14:09: [l4d2_skill_detect.smx] Checking charge victim: 4 - 2 - flags: 1 (alive? 1)
L 12/20/2020 - 20:15:56: [l4d2_skill_detect.smx] Clear: 2 freed 8 from 4: time: -1.00 / 0.49 -- class: smoker (with shove? 0)
L 12/20/2020 - 20:16:33: [l4d2_skill_detect.smx] Clear: 1 freed 5 from 7: time: 0.36 / 1.86 -- class: smoker (with shove? 0)
L 12/20/2020 - 20:17:40: [l4d2_skill_detect.smx] Charge carry start: 4 - 2 -- time: 426.00
L 12/20/2020 - 20:17:43: [l4d2_skill_detect.smx] Clear: 1 freed 2 from 4: time: 0.54 / 2.77 -- class: charger (with shove? 0)
L 12/20/2020 - 20:17:45: [l4d2_skill_detect.smx] Checking charge victim: 4 - 2 - flags: 1 (alive? 1)
L 12/20/2020 - 20:18:03: [l4d2_skill_detect.smx] Clear: 1 freed 2 from 4: time: 0.90 / -1.00 -- class: hunter (with shove? 0)
L 12/20/2020 - 20:18:12: [l4d2_skill_detect.smx] Charge carry start: 6 - 2 -- time: 457.94
L 12/20/2020 - 20:18:15: [l4d2_skill_detect.smx] Clear: 8 freed 2 from 6: time: 1.61 / 2.85 -- class: charger (with shove? 0)
L 12/20/2020 - 20:18:15: [l4d2_skill_detect.smx] Checking charge victim: 6 - 2 - flags: 1 (alive? 1)
L 12/20/2020 - 20:18:27: [l4d2_skill_detect.smx] Clear: 8 freed 1 from 9: time: -1.00 / 1.29 -- class: smoker (with shove? 1)
L 12/20/2020 - 20:20:27: [l4d2_skill_detect.smx] Clear: 3 freed 2 from 6: time: 1.84 / -1.00 -- class: hunter (with shove? 1)
L 12/20/2020 - 20:20:36: [l4d2_skill_detect.smx] Clear: 8 freed 2 from 6: time: 0.94 / -1.00 -- class: hunter (with shove? 0)
L 12/20/2020 - 20:21:00: [l4d2_skill_detect.smx] Clear: 2 freed 8 from 5: time: 0.61 / 4.54 -- class: smoker (with shove? 1)
L 12/20/2020 - 20:23:06: [l4d2_skill_detect.smx] Charge carry start: 1 - 10 -- time: 751.36
L 12/20/2020 - 20:23:09: [l4d2_skill_detect.smx] Checking charge victim: 1 - 10 - flags: 1 (alive? 1)
L 12/20/2020 - 20:24:29: [l4d2_skill_detect.smx] Clear: 10 freed 4 from 2: time: -1.00 / 3.85 -- class: smoker (with shove? 0)
L 12/20/2020 - 20:24:39: [l4d2_skill_detect.smx] Clear: 4 freed 10 from 3: time: 1.04 / -1.00 -- class: hunter (with shove? 1)
L 12/20/2020 - 20:24:59: [l4d2_skill_detect.smx] Charge carry start: 8 - 6 -- time: 864.44
L 12/20/2020 - 20:25:02: [l4d2_skill_detect.smx] Clear: 5 freed 6 from 8: time: 0.80 / 2.91 -- class: charger (with shove? 0)
L 12/20/2020 - 20:25:03: [l4d2_skill_detect.smx] Checking charge victim: 8 - 6 - flags: 1 (alive? 1)
L 12/20/2020 - 20:25:36: [l4d2_skill_detect.smx] Clear: 10 freed 5 from 8: time: 1.82 / -1.00 -- class: hunter (with shove? 0)
L 12/20/2020 - 20:25:39: [l4d2_skill_detect.smx] Charge carry start: 3 - 4 -- time: 904.69
L 12/20/2020 - 20:25:41: [l4d2_skill_detect.smx] Clear: 6 freed 4 from 3: time: 1.07 / 2.16 -- class: charger (with shove? 0)
L 12/20/2020 - 20:25:42: [l4d2_skill_detect.smx] Checking charge victim: 3 - 4 - flags: 1 (alive? 1)
L 12/20/2020 - 20:26:17: [l4d2_skill_detect.smx] Clear: 7 freed 10 from 8: time: 3.59 / -1.00 -- class: jockey (with shove? 1)
L 12/20/2020 - 20:26:45: [l4d2_skill_detect.smx] Charge carry start: 2 - 6 -- time: 970.13
L 12/20/2020 - 20:26:48: [l4d2_skill_detect.smx] Checking charge victim: 2 - 6 - flags: 1 (alive? 1)
L 12/20/2020 - 20:26:50: [l4d2_skill_detect.smx] Clear: 10 freed 6 from 2: time: 4.20 / 5.71 -- class: charger (with shove? 0)
L 12/20/2020 - 20:27:38: -------- Mapchange to c8m3_sewers --------
L 12/20/2020 - 20:27:40: [basecommands.smx] "Console<0><Console><Console>" changed cvar (cvar "sv_force_time_of_day") (value "0")
L 12/20/2020 - 20:27:40: [basecommands.smx] "Console<0><Console><Console>" changed cvar (cvar "z_witch_damage_per_kill_hit") (value "120")
L 12/20/2020 - 20:27:40: [basecommands.smx] "Console<0><Console><Console>" changed cvar (cvar "z_witch_anger_rate") (value "0.4")
L 12/20/2020 - 20:27:40: [basecommands.smx] "Console<0><Console><Console>" changed cvar (cvar "z_witch_flashlight_range") (value "2000")
L 12/20/2020 - 20:27:40: [basecommands.smx] "Console<0><Console><Console>" changed cvar (cvar "z_witch_burn_time") (value "100")
L 12/20/2020 - 20:27:40: [basecommands.smx] "Console<0><Console><Console>" changed cvar (cvar "z_tank_health") (value "4000")
L 12/20/2020 - 20:27:40: [basecommands.smx] "Console<0><Console><Console>" changed cvar (cvar "z_ghost_delay_min") (value "15")
L 12/20/2020 - 20:27:40: [basecommands.smx] "Console<0><Console><Console>" changed cvar (cvar "z_ghost_delay_max") (value "15")
L 12/20/2020 - 20:27:41: [basecommands.smx] "Console<0><Console><Console>" changed cvar (cvar "z_hunter_limit") (value "1")
L 12/20/2020 - 20:27:41: [basecommands.smx] "Console<0><Console><Console>" changed cvar (cvar "z_smoker_limit") (value "1")
L 12/20/2020 - 20:27:41: [basecommands.smx] "Console<0><Console><Console>" changed cvar (cvar "z_jockey_limit") (value "1")
L 12/20/2020 - 20:27:41: [basecommands.smx] "Console<0><Console><Console>" changed cvar (cvar "versus_tank_chance_intro") (value "1")
L 12/20/2020 - 20:27:41: [basecommands.smx] "Console<0><Console><Console>" changed cvar (cvar "versus_tank_chance_finale") (value "1")
L 12/20/2020 - 20:27:41: [basecommands.smx] "Console<0><Console><Console>" changed cvar (cvar "versus_tank_chance") (value "1")
L 12/20/2020 - 20:27:41: [basecommands.smx] "Console<0><Console><Console>" changed cvar (cvar "versus_witch_chance_intro") (value "0")
L 12/20/2020 - 20:27:41: [basecommands.smx] "Console<0><Console><Console>" changed cvar (cvar "versus_witch_chance_finale") (value "0")
L 12/20/2020 - 20:27:41: [basecommands.smx] "Console<0><Console><Console>" changed cvar (cvar "versus_witch_chance") (value "1")
L 12/20/2020 - 20:27:41: [basecommands.smx] "Console<0><Console><Console>" changed cvar (cvar "director_force_tank") (value "1")
L 12/20/2020 - 20:27:41: [basecommands.smx] "Console<0><Console><Console>" changed cvar (cvar "versus_boss_flow_min") (value "0.4")
L 12/20/2020 - 20:27:41: [basecommands.smx] "Console<0><Console><Console>" changed cvar (cvar "versus_boss_flow_max") (value "0.6")
L 12/20/2020 - 20:27:41: [basecommands.smx] "Console<0><Console><Console>" changed cvar (cvar "versus_boss_flow_min_intro") (value "0.1")
L 12/20/2020 - 20:27:41: [basecommands.smx] "Console<0><Console><Console>" changed cvar (cvar "versus_boss_flow_max_intro") (value "0.2")
L 12/20/2020 - 20:27:41: [basecommands.smx] "Console<0><Console><Console>" changed cvar (cvar "versus_boss_flow_min_finale") (value "0.1")
L 12/20/2020 - 20:27:41: [basecommands.smx] "Console<0><Console><Console>" changed cvar (cvar "versus_boss_flow_max_finale") (value "0.2")
L 12/20/2020 - 20:27:41: [basecommands.smx] "Console<0><Console><Console>" changed cvar (cvar "boomer_vomit_delay") (value "0.1")
L 12/20/2020 - 20:27:41: [basecommands.smx] "Console<0><Console><Console>" changed cvar (cvar "smoker_tongue_delay") (value "0.1")
L 12/20/2020 - 20:27:41: [basecommands.smx] "Console<0><Console><Console>" changed cvar (cvar "vs_survival_bonus") (value "35")
L 12/20/2020 - 20:27:41: [basecommands.smx] "Console<0><Console><Console>" changed cvar (cvar "z_tank_throw_health") (value "10")
L 12/20/2020 - 20:27:41: [basecommands.smx] "Console<0><Console><Console>" changed cvar (cvar "sv_client_min_interp_ratio") (value "-1")
L 12/20/2020 - 20:27:41: [basecommands.smx] "Console<0><Console><Console>" changed cvar (cvar "sv_client_max_interp_ratio") (value "0")
L 12/20/2020 - 20:27:41: [basecommands.smx] "Console<0><Console><Console>" changed cvar (cvar "sv_minrate") (value "100000")
L 12/20/2020 - 20:27:41: [basecommands.smx] "Console<0><Console><Console>" changed cvar (cvar "sv_maxrate") (value "100000")
L 12/20/2020 - 20:27:41: [basecommands.smx] "Console<0><Console><Console>" changed cvar (cvar "sv_mincmdrate") (value "100")
L 12/20/2020 - 20:27:41: [basecommands.smx] "Console<0><Console><Console>" changed cvar (cvar "sv_maxcmdrate") (value "100")
L 12/20/2020 - 20:27:41: [basecommands.smx] "Console<0><Console><Console>" changed cvar (cvar "sv_minupdaterate") (value "100")
L 12/20/2020 - 20:27:41: [basecommands.smx] "Console<0><Console><Console>" changed cvar (cvar "sv_maxupdaterate") (value "100")
L 12/20/2020 - 20:27:41: [basecommands.smx] "Console<0><Console><Console>" changed cvar (cvar "nb_update_frequency") (value "0.014")
L 12/20/2020 - 20:27:41: [basecommands.smx] "Console<0><Console><Console>" changed cvar (cvar "net_splitpacket_maxrate") (value "50000")
L 12/20/2020 - 20:27:41: [basecommands.smx] "Console<0><Console><Console>" changed cvar (cvar "fps_max") (value "0")
L 12/20/2020 - 20:27:41: [basecommands.smx] "Console<0><Console><Console>" changed cvar (cvar "hostname") (value "Versus")
L 12/20/2020 - 20:28:29: [basecommands.smx] "♛ Rain ♛<2><STEAM_1:0:162762726><>" changed cvar (cvar "vs_max_team_switches") (value "5")
L 12/20/2020 - 20:28:31: [basecommands.smx] "Duяåznlто™<3><STEAM_1:1:4151444><>" changed cvar (cvar "vs_max_team_switches") (value "5")
L 12/20/2020 - 20:28:44: [basecommands.smx] "Duяåznlто™<3><STEAM_1:1:4151444><>" changed cvar (cvar "vs_max_team_switches") (value "0")
L 12/20/2020 - 20:29:08: [l4d2_skill_detect.smx] Clear: 1 freed 8 from 4: time: 4.11 / -1.00 -- class: jockey (with shove? 0)
L 12/20/2020 - 20:29:17: [l4d2_skill_detect.smx] Clear: 8 freed 1 from 10: time: -1.00 / 1.26 -- class: smoker (with shove? 1)
L 12/20/2020 - 20:30:00: [l4d2_skill_detect.smx] Clear: 8 freed 1 from 5: time: 0.91 / -1.00 -- class: jockey (with shove? 0)
L 12/20/2020 - 20:30:12: [l4d2_skill_detect.smx] Clear: 2 freed 1 from 6: time: 3.50 / 6.05 -- class: smoker (with shove? 1)
L 12/20/2020 - 20:30:25: [l4d2_skill_detect.smx] Charge carry start: 5 - 8 -- time: 162.50
L 12/20/2020 - 20:30:28: [l4d2_skill_detect.smx] Clear: 3 freed 8 from 5: time: 1.44 / 2.86 -- class: charger (with shove? 0)
L 12/20/2020 - 20:30:28: [l4d2_skill_detect.smx] Checking charge victim: 5 - 8 - flags: 1 (alive? 1)
L 12/20/2020 - 20:31:07: [l4d2_skill_detect.smx] Clear: 2 freed 1 from 5: time: 2.19 / 3.04 -- class: smoker (with shove? 1)
L 12/20/2020 - 20:33:20: [l4d2_skill_detect.smx] Clear: 2 freed 1 from 10: time: 1.44 / -1.00 -- class: hunter (with shove? 0)
L 12/20/2020 - 20:33:53: [l4d2_skill_detect.smx] Clear: 1 freed 8 from 5: time: 2.60 / -1.00 -- class: jockey (with shove? 0)
L 12/20/2020 - 20:35:08: [l4d2_skill_detect.smx] Charge carry start: 5 - 8 -- time: 445.50
L 12/20/2020 - 20:35:11: [l4d2_skill_detect.smx] Checking charge victim: 5 - 8 - flags: 1 (alive? 1)
L 12/20/2020 - 20:35:59: [l4d2_skill_detect.smx] Charge carry start: 5 - 1 -- time: 496.56
L 12/20/2020 - 20:36:04: [l4d2_skill_detect.smx] Checking charge victim: 5 - 1 - flags: 1 (alive? 1)
L 12/20/2020 - 20:36:04: [l4d2_skill_detect.smx] Clear: 3 freed 1 from 5: time: 3.57 / 5.25 -- class: charger (with shove? 0)
L 12/20/2020 - 20:36:19: [l4d2_skill_detect.smx] Clear: 3 freed 1 from 6: time: 0.86 / -1.00 -- class: hunter (with shove? 0)
L 12/20/2020 - 20:36:24: [l4d2_skill_detect.smx] Clear: 3 freed 2 from 10: time: 2.48 / -1.00 -- class: jockey (with shove? 1)
L 12/20/2020 - 20:37:34: [l4d2_skill_detect.smx] Charge carry start: 3 - 7 -- time: 590.95
L 12/20/2020 - 20:37:35: [l4d2_skill_detect.smx] Clear: 6 freed 7 from 3: time: 0.04 / 1.58 -- class: charger (with shove? 0)
L 12/20/2020 - 20:37:37: [l4d2_skill_detect.smx] Checking charge victim: 3 - 7 - flags: 1 (alive? 1)
L 12/20/2020 - 20:37:38: [l4d2_skill_detect.smx] Clear: 5 freed 6 from 8: time: 0.29 / 2.50 -- class: smoker (with shove? 0)
L 12/20/2020 - 20:37:38: [l4d2_skill_detect.smx] Checking charge victim: 3 - 10 - flags: 0 (alive? 1)
L 12/20/2020 - 20:37:42: [l4d2_skill_detect.smx] Clear: 5 freed 10 from 2: time: 4.82 / -1.00 -- class: jockey (with shove? 0)
L 12/20/2020 - 20:38:22: [l4d2_skill_detect.smx] Charge carry start: 2 - 6 -- time: 639.33
L 12/20/2020 - 20:38:25: [l4d2_skill_detect.smx] Checking charge victim: 2 - 5 - flags: 0 (alive? 1)
L 12/20/2020 - 20:38:25: [l4d2_skill_detect.smx] Checking charge victim: 2 - 6 - flags: 1 (alive? 1)
L 12/20/2020 - 20:38:26: [l4d2_skill_detect.smx] Clear: 5 freed 6 from 2: time: 3.03 / 3.98 -- class: charger (with shove? 0)
L 12/20/2020 - 20:38:32: [l4d2_skill_detect.smx] Clear: 4 freed 10 from 1: time: 2.80 / 5.52 -- class: smoker (with shove? 0)
L 12/20/2020 - 20:39:19: [l4d2_skill_detect.smx] Clear: 4 freed 6 from 1: time: 3.76 / -1.00 -- class: hunter (with shove? 0)
L 12/20/2020 - 20:40:10: [l4d2_skill_detect.smx] Charge carry start: 1 - 9 -- time: 746.91
L 12/20/2020 - 20:40:14: [l4d2_skill_detect.smx] Clear: 5 freed 9 from 1: time: 1.77 / 4.46 -- class: charger (with shove? 0)
L 12/20/2020 - 20:40:14: [l4d2_skill_detect.smx] Checking charge victim: 1 - 9 - flags: 1 (alive? 1)
L 12/20/2020 - 20:40:15: [l4d2_skill_detect.smx] Checking charge victim: 1 - 6 - flags: 0 (alive? 1)
L 12/20/2020 - 20:41:21: [l4d2_skill_detect.smx] Clear: 4 freed 5 from 3: time: 1.25 / -1.00 -- class: hunter (with shove? 0)
L 12/20/2020 - 20:41:43: [l4d2_skill_detect.smx] Charge carry start: 1 - 6 -- time: 839.76
L 12/20/2020 - 20:41:44: [l4d2_skill_detect.smx] Clear: 4 freed 6 from 1: time: 0.58 / 1.55 -- class: charger (with shove? 0)
L 12/20/2020 - 20:41:46: [l4d2_skill_detect.smx] Checking charge victim: 1 - 6 - flags: 1 (alive? 1)
L 12/20/2020 - 20:42:14: [l4d2_skill_detect.smx] Clear: 5 freed 4 from 1: time: 1.03 / -1.00 -- class: jockey (with shove? 1)
L 12/20/2020 - 20:42:15: [l4d2_skill_detect.smx] Charge carry start: 8 - 4 -- time: 872.19
L 12/20/2020 - 20:42:15: [l4d2_skill_detect.smx] Clear: 5 freed 9 from 2: time: 0.97 / -1.00 -- class: hunter (with shove? 0)
L 12/20/2020 - 20:42:19: [l4d2_skill_detect.smx] Checking charge victim: 8 - 4 - flags: 1 (alive? 1)
L 12/20/2020 - 20:43:20: -------- Mapchange to c8m4_interior --------
L 12/20/2020 - 20:43:22: [basecommands.smx] "Console<0><Console><Console>" changed cvar (cvar "sv_force_time_of_day") (value "0")
L 12/20/2020 - 20:43:22: [basecommands.smx] "Console<0><Console><Console>" changed cvar (cvar "z_witch_damage_per_kill_hit") (value "120")
L 12/20/2020 - 20:43:22: [basecommands.smx] "Console<0><Console><Console>" changed cvar (cvar "z_witch_anger_rate") (value "0.4")
L 12/20/2020 - 20:43:22: [basecommands.smx] "Console<0><Console><Console>" changed cvar (cvar "z_witch_flashlight_range") (value "2000")
L 12/20/2020 - 20:43:22: [basecommands.smx] "Console<0><Console><Console>" changed cvar (cvar "z_witch_burn_time") (value "100")
L 12/20/2020 - 20:43:22: [basecommands.smx] "Console<0><Console><Console>" changed cvar (cvar "z_tank_health") (value "4000")
L 12/20/2020 - 20:43:22: [basecommands.smx] "Console<0><Console><Console>" changed cvar (cvar "z_ghost_delay_min") (value "15")
L 12/20/2020 - 20:43:22: [basecommands.smx] "Console<0><Console><Console>" changed cvar (cvar "z_ghost_delay_max") (value "15")
L 12/20/2020 - 20:43:22: [basecommands.smx] "Console<0><Console><Console>" changed cvar (cvar "z_hunter_limit") (value "1")
L 12/20/2020 - 20:43:22: [basecommands.smx] "Console<0><Console><Console>" changed cvar (cvar "z_smoker_limit") (value "1")
L 12/20/2020 - 20:43:22: [basecommands.smx] "Console<0><Console><Console>" changed cvar (cvar "z_jockey_limit") (value "1")
L 12/20/2020 - 20:43:22: [basecommands.smx] "Console<0><Console><Console>" changed cvar (cvar "versus_tank_chance_intro") (value "1")
L 12/20/2020 - 20:43:22: [basecommands.smx] "Console<0><Console><Console>" changed cvar (cvar "versus_tank_chance_finale") (value "1")
L 12/20/2020 - 20:43:22: [basecommands.smx] "Console<0><Console><Console>" changed cvar (cvar "versus_tank_chance") (value "1")
L 12/20/2020 - 20:43:22: [basecommands.smx] "Console<0><Console><Console>" changed cvar (cvar "versus_witch_chance_intro") (value "0")
L 12/20/2020 - 20:43:22: [basecommands.smx] "Console<0><Console><Console>" changed cvar (cvar "versus_witch_chance_finale") (value "0")
L 12/20/2020 - 20:43:22: [basecommands.smx] "Console<0><Console><Console>" changed cvar (cvar "versus_witch_chance") (value "1")
L 12/20/2020 - 20:43:22: [basecommands.smx] "Console<0><Console><Console>" changed cvar (cvar "director_force_tank") (value "1")
L 12/20/2020 - 20:43:22: [basecommands.smx] "Console<0><Console><Console>" changed cvar (cvar "versus_boss_flow_min") (value "0.4")
L 12/20/2020 - 20:43:22: [basecommands.smx] "Console<0><Console><Console>" changed cvar (cvar "versus_boss_flow_max") (value "0.6")
L 12/20/2020 - 20:43:22: [basecommands.smx] "Console<0><Console><Console>" changed cvar (cvar "versus_boss_flow_min_intro") (value "0.1")
L 12/20/2020 - 20:43:22: [basecommands.smx] "Console<0><Console><Console>" changed cvar (cvar "versus_boss_flow_max_intro") (value "0.2")
L 12/20/2020 - 20:43:22: [basecommands.smx] "Console<0><Console><Console>" changed cvar (cvar "versus_boss_flow_min_finale") (value "0.1")
L 12/20/2020 - 20:43:22: [basecommands.smx] "Console<0><Console><Console>" changed cvar (cvar "versus_boss_flow_max_finale") (value "0.2")
L 12/20/2020 - 20:43:22: [basecommands.smx] "Console<0><Console><Console>" changed cvar (cvar "boomer_vomit_delay") (value "0.1")
L 12/20/2020 - 20:43:22: [basecommands.smx] "Console<0><Console><Console>" changed cvar (cvar "smoker_tongue_delay") (value "0.1")
L 12/20/2020 - 20:43:22: [basecommands.smx] "Console<0><Console><Console>" changed cvar (cvar "vs_survival_bonus") (value "35")
L 12/20/2020 - 20:43:22: [basecommands.smx] "Console<0><Console><Console>" changed cvar (cvar "z_tank_throw_health") (value "10")
L 12/20/2020 - 20:43:22: [basecommands.smx] "Console<0><Console><Console>" changed cvar (cvar "sv_client_min_interp_ratio") (value "-1")
L 12/20/2020 - 20:43:22: [basecommands.smx] "Console<0><Console><Console>" changed cvar (cvar "sv_client_max_interp_ratio") (value "0")
L 12/20/2020 - 20:43:22: [basecommands.smx] "Console<0><Console><Console>" changed cvar (cvar "sv_minrate") (value "100000")
L 12/20/2020 - 20:43:22: [basecommands.smx] "Console<0><Console><Console>" changed cvar (cvar "sv_maxrate") (value "100000")
L 12/20/2020 - 20:43:22: [basecommands.smx] "Console<0><Console><Console>" changed cvar (cvar "sv_mincmdrate") (value "100")
L 12/20/2020 - 20:43:22: [basecommands.smx] "Console<0><Console><Console>" changed cvar (cvar "sv_maxcmdrate") (value "100")
L 12/20/2020 - 20:43:22: [basecommands.smx] "Console<0><Console><Console>" changed cvar (cvar "sv_minupdaterate") (value "100")
L 12/20/2020 - 20:43:22: [basecommands.smx] "Console<0><Console><Console>" changed cvar (cvar "sv_maxupdaterate") (value "100")
L 12/20/2020 - 20:43:22: [basecommands.smx] "Console<0><Console><Console>" changed cvar (cvar "nb_update_frequency") (value "0.014")
L 12/20/2020 - 20:43:22: [basecommands.smx] "Console<0><Console><Console>" changed cvar (cvar "net_splitpacket_maxrate") (value "50000")
L 12/20/2020 - 20:43:22: [basecommands.smx] "Console<0><Console><Console>" changed cvar (cvar "fps_max") (value "0")
L 12/20/2020 - 20:43:22: [basecommands.smx] "Console<0><Console><Console>" changed cvar (cvar "hostname") (value "Versus")
L 12/20/2020 - 20:45:42: [l4d2_skill_detect.smx] Clear: 1 freed 2 from 6: time: 0.91 / -1.00 -- class: hunter (with shove? 0)
L 12/20/2020 - 20:45:55: [l4d2_skill_detect.smx] Clear: 2 freed 8 from 5: time: -1.00 / 2.73 -- class: smoker (with shove? 0)
L 12/20/2020 - 20:46:27: [l4d2_skill_detect.smx] Clear: 8 freed 2 from 7: time: 0.81 / -1.00 -- class: jockey (with shove? 0)
L 12/20/2020 - 20:48:34: [l4d2_skill_detect.smx] Clear: 2 freed 1 from 4: time: 2.13 / -1.00 -- class: jockey (with shove? 1)
L 12/20/2020 - 20:49:04: [l4d2_skill_detect.smx] Charge carry start: 4 - 3 -- time: 339.45
L 12/20/2020 - 20:49:06: [l4d2_skill_detect.smx] Clear: 8 freed 8 from 5: time: 0.01 / -1.00 -- class: jockey (with shove? 1)
L 12/20/2020 - 20:49:09: [l4d2_skill_detect.smx] Checking charge victim: 4 - 3 - flags: 1 (alive? 1)
L 12/20/2020 - 20:49:09: [l4d2_skill_detect.smx] Clear: 2 freed 3 from 4: time: 2.03 / 4.73 -- class: charger (with shove? 0)
L 12/20/2020 - 20:50:39: [l4d2_skill_detect.smx] Clear: 8 freed 3 from 4: time: 0.91 / -1.00 -- class: hunter (with shove? 0)
L 12/20/2020 - 20:51:48: [l4d2_skill_detect.smx] Clear: 3 freed 8 from 6: time: -1.00 / 1.83 -- class: smoker (with shove? 0)
L 12/20/2020 - 20:51:53: [l4d2_skill_detect.smx] Clear: 1 freed 2 from 5: time: 4.18 / -1.00 -- class: jockey (with shove? 0)
L 12/20/2020 - 20:52:09: [l4d2_skill_detect.smx] Clear: 8 freed 1 from 7: time: 1.08 / -1.00 -- class: hunter (with shove? 0)
L 12/20/2020 - 20:52:30: [l4d2_skill_detect.smx] Clear: 1 freed 2 from 4: time: 2.33 / -1.00 -- class: jockey (with shove? 0)
L 12/20/2020 - 20:54:11: [l4d2_skill_detect.smx] Clear: 7 freed 5 from 1: time: 0.22 / 2.02 -- class: smoker (with shove? 0)
L 12/20/2020 - 20:54:14: [l4d2_skill_detect.smx] Clear: 5 freed 7 from 8: time: 2.26 / -1.00 -- class: jockey (with shove? 0)
L 12/20/2020 - 20:54:49: [l4d2_skill_detect.smx] Clear: 6 freed 4 from 8: time: -1.00 / 0.88 -- class: smoker (with shove? 0)
L 12/20/2020 - 20:55:53: [l4d2_skill_detect.smx] Clear: 7 freed 5 from 3: time: 0.88 / -1.00 -- class: hunter (with shove? 0)
L 12/20/2020 - 20:57:00: -------- Mapchange to c8m5_rooftop --------
L 12/20/2020 - 20:57:02: [basecommands.smx] "Console<0><Console><Console>" changed cvar (cvar "sv_force_time_of_day") (value "0")
L 12/20/2020 - 20:57:02: [basecommands.smx] "Console<0><Console><Console>" changed cvar (cvar "z_witch_damage_per_kill_hit") (value "120")
L 12/20/2020 - 20:57:02: [basecommands.smx] "Console<0><Console><Console>" changed cvar (cvar "z_witch_anger_rate") (value "0.4")
L 12/20/2020 - 20:57:02: [basecommands.smx] "Console<0><Console><Console>" changed cvar (cvar "z_witch_flashlight_range") (value "2000")
L 12/20/2020 - 20:57:02: [basecommands.smx] "Console<0><Console><Console>" changed cvar (cvar "z_witch_burn_time") (value "100")
L 12/20/2020 - 20:57:02: [basecommands.smx] "Console<0><Console><Console>" changed cvar (cvar "z_tank_health") (value "4000")
L 12/20/2020 - 20:57:02: [basecommands.smx] "Console<0><Console><Console>" changed cvar (cvar "z_ghost_delay_min") (value "15")
L 12/20/2020 - 20:57:02: [basecommands.smx] "Console<0><Console><Console>" changed cvar (cvar "z_ghost_delay_max") (value "15")
L 12/20/2020 - 20:57:02: [basecommands.smx] "Console<0><Console><Console>" changed cvar (cvar "z_hunter_limit") (value "1")
L 12/20/2020 - 20:57:02: [basecommands.smx] "Console<0><Console><Console>" changed cvar (cvar "z_smoker_limit") (value "1")
L 12/20/2020 - 20:57:02: [basecommands.smx] "Console<0><Console><Console>" changed cvar (cvar "z_jockey_limit") (value "1")
L 12/20/2020 - 20:57:02: [basecommands.smx] "Console<0><Console><Console>" changed cvar (cvar "versus_tank_chance_intro") (value "1")
L 12/20/2020 - 20:57:02: [basecommands.smx] "Console<0><Console><Console>" changed cvar (cvar "versus_tank_chance_finale") (value "1")
L 12/20/2020 - 20:57:02: [basecommands.smx] "Console<0><Console><Console>" changed cvar (cvar "versus_tank_chance") (value "1")
L 12/20/2020 - 20:57:02: [basecommands.smx] "Console<0><Console><Console>" changed cvar (cvar "versus_witch_chance_intro") (value "0")
L 12/20/2020 - 20:57:02: [basecommands.smx] "Console<0><Console><Console>" changed cvar (cvar "versus_witch_chance_finale") (value "0")
L 12/20/2020 - 20:57:02: [basecommands.smx] "Console<0><Console><Console>" changed cvar (cvar "versus_witch_chance") (value "1")
L 12/20/2020 - 20:57:02: [basecommands.smx] "Console<0><Console><Console>" changed cvar (cvar "director_force_tank") (value "1")
L 12/20/2020 - 20:57:02: [basecommands.smx] "Console<0><Console><Console>" changed cvar (cvar "versus_boss_flow_min") (value "0.4")
L 12/20/2020 - 20:57:02: [basecommands.smx] "Console<0><Console><Console>" changed cvar (cvar "versus_boss_flow_max") (value "0.6")
L 12/20/2020 - 20:57:02: [basecommands.smx] "Console<0><Console><Console>" changed cvar (cvar "versus_boss_flow_min_intro") (value "0.1")
L 12/20/2020 - 20:57:02: [basecommands.smx] "Console<0><Console><Console>" changed cvar (cvar "versus_boss_flow_max_intro") (value "0.2")
L 12/20/2020 - 20:57:02: [basecommands.smx] "Console<0><Console><Console>" changed cvar (cvar "versus_boss_flow_min_finale") (value "0.1")
L 12/20/2020 - 20:57:02: [basecommands.smx] "Console<0><Console><Console>" changed cvar (cvar "versus_boss_flow_max_finale") (value "0.2")
L 12/20/2020 - 20:57:02: [basecommands.smx] "Console<0><Console><Console>" changed cvar (cvar "boomer_vomit_delay") (value "0.1")
L 12/20/2020 - 20:57:02: [basecommands.smx] "Console<0><Console><Console>" changed cvar (cvar "smoker_tongue_delay") (value "0.1")
L 12/20/2020 - 20:57:02: [basecommands.smx] "Console<0><Console><Console>" changed cvar (cvar "vs_survival_bonus") (value "35")
L 12/20/2020 - 20:57:02: [basecommands.smx] "Console<0><Console><Console>" changed cvar (cvar "z_tank_throw_health") (value "10")
L 12/20/2020 - 20:57:02: [basecommands.smx] "Console<0><Console><Console>" changed cvar (cvar "sv_client_min_interp_ratio") (value "-1")
L 12/20/2020 - 20:57:02: [basecommands.smx] "Console<0><Console><Console>" changed cvar (cvar "sv_client_max_interp_ratio") (value "0")
L 12/20/2020 - 20:57:02: [basecommands.smx] "Console<0><Console><Console>" changed cvar (cvar "sv_minrate") (value "100000")
L 12/20/2020 - 20:57:02: [basecommands.smx] "Console<0><Console><Console>" changed cvar (cvar "sv_maxrate") (value "100000")
L 12/20/2020 - 20:57:02: [basecommands.smx] "Console<0><Console><Console>" changed cvar (cvar "sv_mincmdrate") (value "100")
L 12/20/2020 - 20:57:02: [basecommands.smx] "Console<0><Console><Console>" changed cvar (cvar "sv_maxcmdrate") (value "100")
L 12/20/2020 - 20:57:02: [basecommands.smx] "Console<0><Console><Console>" changed cvar (cvar "sv_minupdaterate") (value "100")
L 12/20/2020 - 20:57:02: [basecommands.smx] "Console<0><Console><Console>" changed cvar (cvar "sv_maxupdaterate") (value "100")
L 12/20/2020 - 20:57:02: [basecommands.smx] "Console<0><Console><Console>" changed cvar (cvar "nb_update_frequency") (value "0.014")
L 12/20/2020 - 20:57:02: [basecommands.smx] "Console<0><Console><Console>" changed cvar (cvar "net_splitpacket_maxrate") (value "50000")
L 12/20/2020 - 20:57:02: [basecommands.smx] "Console<0><Console><Console>" changed cvar (cvar "fps_max") (value "0")
L 12/20/2020 - 20:57:02: [basecommands.smx] "Console<0><Console><Console>" changed cvar (cvar "hostname") (value "Versus")
L 12/20/2020 - 20:57:49: [basecommands.smx] "Duяåznlто™<3><STEAM_1:1:4151444><>" changed cvar (cvar "vs_max_team_switches") (value "5")
L 12/20/2020 - 20:57:56: [basecommands.smx] "Duяåznlто™<3><STEAM_1:1:4151444><>" changed cvar (cvar "vs_max_team_switches") (value "0")
L 12/20/2020 - 20:58:40: [l4d2_skill_detect.smx] Witch Crown Check: crown shot: 718, harrassed: 1 (full health: 1000 / drawthresh: 500 / oneshot 0)
L 12/20/2020 - 20:58:57: [l4d2_skill_detect.smx] Clear: 1 freed 8 from 5: time: 1.73 / -1.00 -- class: hunter (with shove? 0)
L 12/20/2020 - 20:59:14: [l4d2_skill_detect.smx] Clear: 2 freed 1 from 6: time: -1.00 / 1.00 -- class: smoker (with shove? 0)
L 12/20/2020 - 21:00:03: [l4d2_skill_detect.smx] Clear: 2 freed 4 from 6: time: 3.32 / -1.00 -- class: hunter (with shove? 0)
L 12/20/2020 - 21:00:35: [l4d2_skill_detect.smx] Clear: 2 freed 2 from 6: time: 0.09 / -1.00 -- class: jockey (with shove? 1)
L 12/20/2020 - 21:00:42: [l4d2_skill_detect.smx] Clear: 2 freed 4 from 3: time: 3.27 / 218.30 -- class: charger (with shove? 0)
L 12/20/2020 - 21:00:47: [l4d2_skill_detect.smx] Clear: 1 freed 9 from 5: time: 22.97 / 25.00 -- class: smoker (with shove? 0)
L 12/20/2020 - 21:01:37: [l4d2_skill_detect.smx] Clear: 1 freed 9 from 3: time: 3.44 / -1.00 -- class: jockey (with shove? 0)
L 12/20/2020 - 21:01:46: [l4d2_skill_detect.smx] Charge carry start: 6 - 1 -- time: 282.36
L 12/20/2020 - 21:01:46: [l4d2_skill_detect.smx] Clear: 1 freed 1 from 6: time: 0.00 / 0.00 -- class: charger (with shove? 0)
L 12/20/2020 - 21:01:49: [l4d2_skill_detect.smx] Checking charge victim: 6 - 1 - flags: 1 (alive? 1)
L 12/20/2020 - 21:02:10: [l4d2_skill_detect.smx] Clear: 4 freed 1 from 7: time: 1.88 / -1.00 -- class: hunter (with shove? 0)
L 12/20/2020 - 21:02:20: [l4d2_skill_detect.smx] Clear: 4 freed 2 from 6: time: -1.00 / 0.59 -- class: smoker (with shove? 1)
L 12/20/2020 - 21:02:49: [l4d2_skill_detect.smx] Clear: 9 freed 4 from 5: time: 1.52 / -1.00 -- class: hunter (with shove? 1)
L 12/20/2020 - 21:02:59: [l4d2_skill_detect.smx] Clear: 2 freed 9 from 8: time: 1.50 / -1.00 -- class: jockey (with shove? 0)
L 12/20/2020 - 21:03:38: [l4d2_skill_detect.smx] Clear: 9 freed 4 from 5: time: 5.02 / -1.00 -- class: hunter (with shove? 1)
L 12/20/2020 - 21:03:47: [l4d2_skill_detect.smx] Clear: 1 freed 2 from 7: time: 1.07 / -1.00 -- class: jockey (with shove? 0)
L 12/20/2020 - 21:04:12: [l4d2_skill_detect.smx] Clear: 2 freed 4 from 7: time: 1.54 / -1.00 -- class: hunter (with shove? 0)
L 12/20/2020 - 21:04:55: [l4d2_skill_detect.smx] Clear: 2 freed 1 from 5: time: 2.16 / -1.00 -- class: jockey (with shove? 0)
L 12/20/2020 - 21:06:42: [l4d2_skill_detect.smx] Clear: 3 freed 5 from 1: time: 2.96 / -1.00 -- class: hunter (with shove? 1)
L 12/20/2020 - 21:06:42: [l4d2_skill_detect.smx] Clear: 7 freed 10 from 6: time: 2.33 / -1.00 -- class: jockey (with shove? 1)
L 12/20/2020 - 21:06:58: [l4d2_skill_detect.smx] Witch Crown Check: Failed: bungled: 1 / crowntype: 1 (entity: 243)
L 12/20/2020 - 21:06:58: [l4d2_skill_detect.smx] Witch Crown Check: Further details: attacker: Grot_Barba_Negra, attacker dmg: 803, teamless dmg: 0
L 12/20/2020 - 21:07:00: [l4d2_skill_detect.smx] Clear: 7 freed 10 from 2: time: 5.34 / 5.65 -- class: smoker (with shove? 0)
L 12/20/2020 - 21:07:54: [l4d2_skill_detect.smx] Charge carry start: 2 - 7 -- time: 650.58
L 12/20/2020 - 21:08:08: [l4d2_skill_detect.smx] Clear: 5 freed 3 from 6: time: 1.15 / 2.80 -- class: smoker (with shove? 1)
L 12/20/2020 - 21:08:17: [l4d2_skill_detect.smx] Clear: 3 freed 10 from 1: time: 1.86 / -1.00 -- class: jockey (with shove? 0)
L 12/20/2020 - 21:08:34: [l4d2_skill_detect.smx] Clear: 3 freed 10 from 2: time: 6.47 / -1.00 -- class: hunter (with shove? 0)
L 12/20/2020 - 21:08:36: [l4d2_skill_detect.smx] Clear: 3 freed 5 from 7: time: 8.42 / 10.56 -- class: smoker (with shove? 1)
L 12/20/2020 - 21:09:18: [l4d2_skill_detect.smx] Clear: 3 freed 10 from 2: time: 0.69 / 3.73 -- class: smoker (with shove? 1)
L 12/20/2020 - 21:09:20: [l4d2_skill_detect.smx] Charge carry start: 1 - 3 -- time: 736.79
L 12/20/2020 - 21:09:24: [l4d2_skill_detect.smx] Clear: 0 freed 3 from 1: time: 0.00 / 3.98 -- class: charger (with shove? 0)
L 12/20/2020 - 21:09:25: [l4d2_skill_detect.smx] Checking charge victim: 1 - 3 - flags: 43 (alive? 0)
L 12/20/2020 - 21:10:21: [l4d2_skill_detect.smx] Charge carry start: 6 - 10 -- time: 797.19
L 12/20/2020 - 21:10:25: [l4d2_skill_detect.smx] Checking charge victim: 6 - 10 - flags: 1 (alive? 0)
L 12/20/2020 - 21:10:40: [playercommands.smx] "♛ Rain ♛<2><STEAM_1:0:162762726><>" slayed "Duяåznlто™<3><STEAM_1:1:4151444><>"
L 12/20/2020 - 21:10:52: -------- Mapchange to c1m1_hotel --------
L 12/20/2020 - 21:10:53: [basecommands.smx] "Console<0><Console><Console>" changed cvar (cvar "sv_force_time_of_day") (value "0")
L 12/20/2020 - 21:10:53: [basecommands.smx] "Console<0><Console><Console>" changed cvar (cvar "z_witch_damage_per_kill_hit") (value "120")
L 12/20/2020 - 21:10:53: [basecommands.smx] "Console<0><Console><Console>" changed cvar (cvar "z_witch_anger_rate") (value "0.4")
L 12/20/2020 - 21:10:53: [basecommands.smx] "Console<0><Console><Console>" changed cvar (cvar "z_witch_flashlight_range") (value "2000")
L 12/20/2020 - 21:10:53: [basecommands.smx] "Console<0><Console><Console>" changed cvar (cvar "z_witch_burn_time") (value "100")
L 12/20/2020 - 21:10:53: [basecommands.smx] "Console<0><Console><Console>" changed cvar (cvar "z_tank_health") (value "4000")
L 12/20/2020 - 21:10:53: [basecommands.smx] "Console<0><Console><Console>" changed cvar (cvar "z_ghost_delay_min") (value "15")
L 12/20/2020 - 21:10:53: [basecommands.smx] "Console<0><Console><Console>" changed cvar (cvar "z_ghost_delay_max") (value "15")
L 12/20/2020 - 21:10:53: [basecommands.smx] "Console<0><Console><Console>" changed cvar (cvar "z_hunter_limit") (value "1")
L 12/20/2020 - 21:10:53: [basecommands.smx] "Console<0><Console><Console>" changed cvar (cvar "z_smoker_limit") (value "1")
L 12/20/2020 - 21:10:53: [basecommands.smx] "Console<0><Console><Console>" changed cvar (cvar "z_jockey_limit") (value "1")
L 12/20/2020 - 21:10:53: [basecommands.smx] "Console<0><Console><Console>" changed cvar (cvar "versus_tank_chance_intro") (value "1")
L 12/20/2020 - 21:10:53: [basecommands.smx] "Console<0><Console><Console>" changed cvar (cvar "versus_tank_chance_finale") (value "1")
L 12/20/2020 - 21:10:53: [basecommands.smx] "Console<0><Console><Console>" changed cvar (cvar "versus_tank_chance") (value "1")
L 12/20/2020 - 21:10:54: [basecommands.smx] "Console<0><Console><Console>" changed cvar (cvar "versus_witch_chance_intro") (value "0")
L 12/20/2020 - 21:10:54: [basecommands.smx] "Console<0><Console><Console>" changed cvar (cvar "versus_witch_chance_finale") (value "0")
L 12/20/2020 - 21:10:54: [basecommands.smx] "Console<0><Console><Console>" changed cvar (cvar "versus_witch_chance") (value "1")
L 12/20/2020 - 21:10:54: [basecommands.smx] "Console<0><Console><Console>" changed cvar (cvar "director_force_tank") (value "1")
L 12/20/2020 - 21:10:54: [basecommands.smx] "Console<0><Console><Console>" changed cvar (cvar "versus_boss_flow_min") (value "0.4")
L 12/20/2020 - 21:10:54: [basecommands.smx] "Console<0><Console><Console>" changed cvar (cvar "versus_boss_flow_max") (value "0.6")
L 12/20/2020 - 21:10:54: [basecommands.smx] "Console<0><Console><Console>" changed cvar (cvar "versus_boss_flow_min_intro") (value "0.1")
L 12/20/2020 - 21:10:54: [basecommands.smx] "Console<0><Console><Console>" changed cvar (cvar "versus_boss_flow_max_intro") (value "0.2")
L 12/20/2020 - 21:10:54: [basecommands.smx] "Console<0><Console><Console>" changed cvar (cvar "versus_boss_flow_min_finale") (value "0.1")
L 12/20/2020 - 21:10:54: [basecommands.smx] "Console<0><Console><Console>" changed cvar (cvar "versus_boss_flow_max_finale") (value "0.2")
L 12/20/2020 - 21:10:54: [basecommands.smx] "Console<0><Console><Console>" changed cvar (cvar "boomer_vomit_delay") (value "0.1")
L 12/20/2020 - 21:10:54: [basecommands.smx] "Console<0><Console><Console>" changed cvar (cvar "smoker_tongue_delay") (value "0.1")
L 12/20/2020 - 21:10:54: [basecommands.smx] "Console<0><Console><Console>" changed cvar (cvar "vs_survival_bonus") (value "35")
L 12/20/2020 - 21:10:54: [basecommands.smx] "Console<0><Console><Console>" changed cvar (cvar "z_tank_throw_health") (value "10")
L 12/20/2020 - 21:10:54: [basecommands.smx] "Console<0><Console><Console>" changed cvar (cvar "sv_client_min_interp_ratio") (value "-1")
L 12/20/2020 - 21:10:54: [basecommands.smx] "Console<0><Console><Console>" changed cvar (cvar "sv_client_max_interp_ratio") (value "0")
L 12/20/2020 - 21:10:54: [basecommands.smx] "Console<0><Console><Console>" changed cvar (cvar "sv_minrate") (value "100000")
L 12/20/2020 - 21:10:54: [basecommands.smx] "Console<0><Console><Console>" changed cvar (cvar "sv_maxrate") (value "100000")
L 12/20/2020 - 21:10:54: [basecommands.smx] "Console<0><Console><Console>" changed cvar (cvar "sv_mincmdrate") (value "100")
L 12/20/2020 - 21:10:54: [basecommands.smx] "Console<0><Console><Console>" changed cvar (cvar "sv_maxcmdrate") (value "100")
L 12/20/2020 - 21:10:54: [basecommands.smx] "Console<0><Console><Console>" changed cvar (cvar "sv_minupdaterate") (value "100")
L 12/20/2020 - 21:10:54: [basecommands.smx] "Console<0><Console><Console>" changed cvar (cvar "sv_maxupdaterate") (value "100")
L 12/20/2020 - 21:10:54: [basecommands.smx] "Console<0><Console><Console>" changed cvar (cvar "nb_update_frequency") (value "0.014")
L 12/20/2020 - 21:10:54: [basecommands.smx] "Console<0><Console><Console>" changed cvar (cvar "net_splitpacket_maxrate") (value "50000")
L 12/20/2020 - 21:10:54: [basecommands.smx] "Console<0><Console><Console>" changed cvar (cvar "fps_max") (value "0")
L 12/20/2020 - 21:10:54: [basecommands.smx] "Console<0><Console><Console>" changed cvar (cvar "hostname") (value "Versus")
L 12/20/2020 - 21:10:57: Log file closed.
