L 07/31/2020 - 00:02:37: SourceMod log file session started (file "L20200731.log") (Version "1.8.0.6041")
L 07/31/2020 - 00:02:37: -------- Mapchange to c2m5_concert --------
L 07/31/2020 - 00:04:39: [playercommands.smx] "♛ Rain ♛<51><STEAM_1:0:162762726><>" slayed "Ellis<52><BOT><>"
L 07/31/2020 - 00:04:39: [playercommands.smx] "♛ Rain ♛<51><STEAM_1:0:162762726><>" slayed "Rochelle<53><BOT><>"
L 07/31/2020 - 00:04:39: [playercommands.smx] "♛ Rain ♛<51><STEAM_1:0:162762726><>" slayed "Coach<54><BOT><>"
L 07/31/2020 - 00:04:39: [playercommands.smx] "♛ Rain ♛<51><STEAM_1:0:162762726><>" slayed "Nick<55><BOT><>"
L 07/31/2020 - 00:04:39: [playercommands.smx] "♛ Rain ♛<51><STEAM_1:0:162762726><>" slayed "Boomer<56><BOT><>"
L 07/31/2020 - 00:04:40: [playercommands.smx] "♛ Rain ♛<51><STEAM_1:0:162762726><>" slayed "Spitter<57><BOT><>"
L 07/31/2020 - 00:04:40: [playercommands.smx] "♛ Rain ♛<51><STEAM_1:0:162762726><>" slayed "Hunter<58><BOT><>"
L 07/31/2020 - 00:04:41: [playercommands.smx] "♛ Rain ♛<51><STEAM_1:0:162762726><>" slayed "♛ Rain ♛<51><STEAM_1:0:162762726><>"
L 07/31/2020 - 00:05:26: [playercommands.smx] "♛ Rain ♛<51><STEAM_1:0:162762726><>" slayed "Nick<59><BOT><>"
L 07/31/2020 - 00:05:26: [playercommands.smx] "♛ Rain ♛<51><STEAM_1:0:162762726><>" slayed "Coach<60><BOT><>"
L 07/31/2020 - 00:05:28: [playercommands.smx] "♛ Rain ♛<51><STEAM_1:0:162762726><>" slayed "Ellis<61><BOT><>"
L 07/31/2020 - 00:07:15: Log file closed.
L 07/31/2020 - 00:16:37: SourceMod log file session started (file "L20200731.log") (Version "1.8.0.6041")
L 07/31/2020 - 00:16:37: -------- Mapchange to c2m5_concert --------
L 07/31/2020 - 00:16:42: [l4d2_itemgiver.smx] Detected Left4Dead2!
L 07/31/2020 - 00:16:43: [simplewelcomemsg.smx] Set the maximum number of lines of.
L 07/31/2020 - 00:17:48: [SM] Changed map to "c2m5_concert"
L 07/31/2020 - 00:19:12: -------- Mapchange to c2m5_concert --------
L 07/31/2020 - 00:21:29: [playercommands.smx] "♛ Rain ♛<2><STEAM_1:0:162762726><>" slayed "Coach<3><BOT><>"
L 07/31/2020 - 00:21:31: [playercommands.smx] "♛ Rain ♛<2><STEAM_1:0:162762726><>" slayed "Ellis<4><BOT><>"
L 07/31/2020 - 00:21:32: [playercommands.smx] "♛ Rain ♛<2><STEAM_1:0:162762726><>" slayed "Rochelle<5><BOT><>"
L 07/31/2020 - 00:21:33: [playercommands.smx] "♛ Rain ♛<2><STEAM_1:0:162762726><>" slayed "♛ Rain ♛<2><STEAM_1:0:162762726><>"
L 07/31/2020 - 00:22:05: [playercommands.smx] "♛ Rain ♛<2><STEAM_1:0:162762726><>" slayed "Coach<6><BOT><>"
L 07/31/2020 - 00:22:05: [playercommands.smx] "♛ Rain ♛<2><STEAM_1:0:162762726><>" slayed "Nick<7><BOT><>"
L 07/31/2020 - 00:22:06: [playercommands.smx] "♛ Rain ♛<2><STEAM_1:0:162762726><>" slayed "Ellis<8><BOT><>"
L 07/31/2020 - 00:23:30: Log file closed.
L 07/31/2020 - 21:49:51: SourceMod log file session started (file "L20200731.log") (Version "1.8.0.6041")
L 07/31/2020 - 21:49:51: Log file closed.
L 07/31/2020 - 23:24:08: SourceMod log file session started (file "L20200731.log") (Version "1.8.0.6041")
L 07/31/2020 - 23:24:08: Log file closed.
L 07/31/2020 - 23:40:32: SourceMod log file session started (file "L20200731.log") (Version "1.8.0.6041")
L 07/31/2020 - 23:40:32: Log file closed.
L 07/31/2020 - 23:50:30: SourceMod log file session started (file "L20200731.log") (Version "1.8.0.6041")
L 07/31/2020 - 23:50:30: Log file closed.
