L 06/02/2020 - 00:00:16: SourceMod log file session started (file "L20200602.log") (Version "1.8.0.6041")
L 06/02/2020 - 00:00:16: -------- Mapchange to l4d2_city17_04 --------
L 06/02/2020 - 00:11:11: -------- Mapchange to l4d2_city17_05 --------
L 06/02/2020 - 00:31:22: Log file closed.
L 06/02/2020 - 00:37:12: SourceMod log file session started (file "L20200602.log") (Version "1.8.0.6041")
L 06/02/2020 - 00:37:12: -------- Mapchange to d1_trainstation_01_d --------
L 06/02/2020 - 00:37:14: [GEOIP] GeoIP database info: GEO-106FREE 20180206 Build 1 Copyright (c) 2018 MaxMind Inc All Rights Reserved
L 06/02/2020 - 00:37:15: [simplewelcomemsg.smx] Set the maximum number of lines of.
L 06/02/2020 - 00:37:31: [SM] Changed map to "d1_trainstation_01_d"
L 06/02/2020 - 00:38:32: -------- Mapchange to d1_trainstation_01_d --------
L 06/02/2020 - 00:41:16: Log file closed.
L 06/02/2020 - 16:19:37: SourceMod log file session started (file "L20200602.log") (Version "1.8.0.6041")
L 06/02/2020 - 16:19:37: Log file closed.
L 06/02/2020 - 16:35:44: SourceMod log file session started (file "L20200602.log") (Version "1.8.0.6041")
L 06/02/2020 - 16:35:44: -------- Mapchange to l4d2_coast_02 --------
L 06/02/2020 - 16:35:51: [GEOIP] GeoIP database info: GEO-106FREE 20180206 Build 1 Copyright (c) 2018 MaxMind Inc All Rights Reserved
L 06/02/2020 - 16:35:56: [simplewelcomemsg.smx] Set the maximum number of lines of.
L 06/02/2020 - 16:36:17: [SM] Changed map to "l4d2_coast_02"
L 06/02/2020 - 16:36:50: -------- Mapchange to l4d2_coast_02 --------
L 06/02/2020 - 16:54:24: -------- Mapchange to l4d2_coast_03 --------
L 06/02/2020 - 17:07:30: -------- Mapchange to l4d2_coast_04 --------
L 06/02/2020 - 17:16:18: -------- Mapchange to l4d2_coast_05 --------
L 06/02/2020 - 17:29:55: -------- Mapchange to claustrophobia4 --------
L 06/02/2020 - 17:32:48: -------- Mapchange to d1_trainstation_01_d --------
L 06/02/2020 - 17:36:27: Log file closed.
L 06/02/2020 - 17:56:37: SourceMod log file session started (file "L20200602.log") (Version "1.8.0.6041")
L 06/02/2020 - 17:56:37: Log file closed.
L 06/02/2020 - 18:00:21: SourceMod log file session started (file "L20200602.log") (Version "1.8.0.6041")
L 06/02/2020 - 18:00:21: -------- Mapchange to d1_trainstation_01_d --------
L 06/02/2020 - 18:00:24: [GEOIP] GeoIP database info: GEO-106FREE 20180206 Build 1 Copyright (c) 2018 MaxMind Inc All Rights Reserved
L 06/02/2020 - 18:00:25: [simplewelcomemsg.smx] Set the maximum number of lines of.
L 06/02/2020 - 18:00:51: [SM] Changed map to "d1_trainstation_01_d"
L 06/02/2020 - 18:01:53: -------- Mapchange to d1_trainstation_01_d --------
L 06/02/2020 - 18:07:12: -------- Mapchange to d1_trainstation_02_d --------
L 06/02/2020 - 18:34:51: Log file closed.
