L 05/22/2020 - 15:01:40: SourceMod log file session started (file "L20200522.log") (Version "1.8.0.6041")
L 05/22/2020 - 15:01:40: -------- Mapchange to c1m1_hotel --------
L 05/22/2020 - 15:01:44: [GEOIP] GeoIP database info: GEO-106FREE 20180206 Build 1 Copyright (c) 2018 MaxMind Inc All Rights Reserved
L 05/22/2020 - 15:01:48: [simplewelcomemsg.smx] Set the maximum number of lines of.
L 05/22/2020 - 15:02:18: [SM] Changed map to "c1m1_hotel"
L 05/22/2020 - 15:02:26: -------- Mapchange to c1m1_hotel --------
L 05/22/2020 - 15:05:24: -------- Mapchange to c1m4_atrium --------
L 05/22/2020 - 15:11:15: Log file closed.
L 05/22/2020 - 15:13:31: SourceMod log file session started (file "L20200522.log") (Version "1.8.0.6041")
L 05/22/2020 - 15:13:31: -------- Mapchange to c1m4_atrium --------
L 05/22/2020 - 15:13:32: [GEOIP] GeoIP database info: GEO-106FREE 20180206 Build 1 Copyright (c) 2018 MaxMind Inc All Rights Reserved
L 05/22/2020 - 15:13:33: [simplewelcomemsg.smx] Set the maximum number of lines of.
L 05/22/2020 - 15:13:48: [SM] Changed map to "c1m4_atrium"
L 05/22/2020 - 15:13:50: -------- Mapchange to c1m4_atrium --------
L 05/22/2020 - 15:18:50: Log file closed.
L 05/22/2020 - 16:34:41: SourceMod log file session started (file "L20200522.log") (Version "1.8.0.6041")
L 05/22/2020 - 16:34:41: Log file closed.
L 05/22/2020 - 16:44:03: SourceMod log file session started (file "L20200522.log") (Version "1.8.0.6041")
L 05/22/2020 - 16:44:03: -------- Mapchange to c1m4_atrium --------
L 05/22/2020 - 16:44:04: [GEOIP] GeoIP database info: GEO-106FREE 20180206 Build 1 Copyright (c) 2018 MaxMind Inc All Rights Reserved
L 05/22/2020 - 16:44:06: [simplewelcomemsg.smx] Set the maximum number of lines of.
L 05/22/2020 - 16:44:16: [SM] Changed map to "c1m4_atrium"
L 05/22/2020 - 16:44:19: -------- Mapchange to c1m4_atrium --------
L 05/22/2020 - 16:48:08: Log file closed.
L 05/22/2020 - 17:10:02: SourceMod log file session started (file "L20200522.log") (Version "1.8.0.6041")
L 05/22/2020 - 17:10:02: Log file closed.
L 05/22/2020 - 18:33:27: SourceMod log file session started (file "L20200522.log") (Version "1.8.0.6041")
L 05/22/2020 - 18:33:27: Log file closed.
