L 08/09/2021 - 05:39:41: SourceMod log file session started (file "D:\Steam\steamapps\common\Left 4 Dead 2\left4dead2\addons\sourcemod\logs\L20210809.log") (Version "1.10.0.6492")
L 08/09/2021 - 05:39:41: [simplewelcomemsg.smx] Set the maximum number of lines of.
L 08/09/2021 - 05:39:50: [basecommands.smx] "Console<0><Console><Console>" changed cvar (cvar "sv_force_time_of_day") (value "0")
L 08/09/2021 - 05:39:50: [basecommands.smx] "Console<0><Console><Console>" changed cvar (cvar "z_witch_damage_per_kill_hit") (value "120")
L 08/09/2021 - 05:39:50: [basecommands.smx] "Console<0><Console><Console>" changed cvar (cvar "z_witch_anger_rate") (value "0.4")
L 08/09/2021 - 05:39:50: [basecommands.smx] "Console<0><Console><Console>" changed cvar (cvar "z_witch_flashlight_range") (value "2000")
L 08/09/2021 - 05:39:50: [basecommands.smx] "Console<0><Console><Console>" changed cvar (cvar "z_witch_burn_time") (value "100")
L 08/09/2021 - 05:39:50: [basecommands.smx] "Console<0><Console><Console>" changed cvar (cvar "z_tank_health") (value "4000")
L 08/09/2021 - 05:39:50: [basecommands.smx] "Console<0><Console><Console>" changed cvar (cvar "z_ghost_delay_min") (value "15")
L 08/09/2021 - 05:39:50: [basecommands.smx] "Console<0><Console><Console>" changed cvar (cvar "z_ghost_delay_max") (value "15")
L 08/09/2021 - 05:39:50: [basecommands.smx] "Console<0><Console><Console>" changed cvar (cvar "z_hunter_limit") (value "1")
L 08/09/2021 - 05:39:50: [basecommands.smx] "Console<0><Console><Console>" changed cvar (cvar "z_smoker_limit") (value "1")
L 08/09/2021 - 05:39:50: [basecommands.smx] "Console<0><Console><Console>" changed cvar (cvar "z_jockey_limit") (value "1")
L 08/09/2021 - 05:39:50: [basecommands.smx] "Console<0><Console><Console>" changed cvar (cvar "versus_tank_chance_intro") (value "1")
L 08/09/2021 - 05:39:50: [basecommands.smx] "Console<0><Console><Console>" changed cvar (cvar "versus_tank_chance_finale") (value "1")
L 08/09/2021 - 05:39:50: [basecommands.smx] "Console<0><Console><Console>" changed cvar (cvar "versus_tank_chance") (value "1")
L 08/09/2021 - 05:39:50: [basecommands.smx] "Console<0><Console><Console>" changed cvar (cvar "versus_witch_chance_intro") (value "0")
L 08/09/2021 - 05:39:50: [basecommands.smx] "Console<0><Console><Console>" changed cvar (cvar "versus_witch_chance_finale") (value "0")
L 08/09/2021 - 05:39:50: [basecommands.smx] "Console<0><Console><Console>" changed cvar (cvar "versus_witch_chance") (value "1")
L 08/09/2021 - 05:39:50: [basecommands.smx] "Console<0><Console><Console>" changed cvar (cvar "director_force_tank") (value "1")
L 08/09/2021 - 05:39:50: [basecommands.smx] "Console<0><Console><Console>" changed cvar (cvar "versus_boss_flow_min") (value "0.4")
L 08/09/2021 - 05:39:50: [basecommands.smx] "Console<0><Console><Console>" changed cvar (cvar "versus_boss_flow_max") (value "0.6")
L 08/09/2021 - 05:39:50: [basecommands.smx] "Console<0><Console><Console>" changed cvar (cvar "versus_boss_flow_min_intro") (value "0.1")
L 08/09/2021 - 05:39:50: [basecommands.smx] "Console<0><Console><Console>" changed cvar (cvar "versus_boss_flow_max_intro") (value "0.2")
L 08/09/2021 - 05:39:50: [basecommands.smx] "Console<0><Console><Console>" changed cvar (cvar "versus_boss_flow_min_finale") (value "0.1")
L 08/09/2021 - 05:39:50: [basecommands.smx] "Console<0><Console><Console>" changed cvar (cvar "versus_boss_flow_max_finale") (value "0.2")
L 08/09/2021 - 05:39:50: [basecommands.smx] "Console<0><Console><Console>" changed cvar (cvar "boomer_vomit_delay") (value "0.1")
L 08/09/2021 - 05:39:50: [basecommands.smx] "Console<0><Console><Console>" changed cvar (cvar "smoker_tongue_delay") (value "0.1")
L 08/09/2021 - 05:39:50: [basecommands.smx] "Console<0><Console><Console>" changed cvar (cvar "vs_survival_bonus") (value "35")
L 08/09/2021 - 05:39:50: [basecommands.smx] "Console<0><Console><Console>" changed cvar (cvar "z_tank_throw_health") (value "10")
L 08/09/2021 - 05:39:50: [basecommands.smx] "Console<0><Console><Console>" changed cvar (cvar "sv_client_min_interp_ratio") (value "-1")
L 08/09/2021 - 05:39:50: [basecommands.smx] "Console<0><Console><Console>" changed cvar (cvar "sv_client_max_interp_ratio") (value "0")
L 08/09/2021 - 05:39:50: [basecommands.smx] "Console<0><Console><Console>" changed cvar (cvar "sv_minrate") (value "100000")
L 08/09/2021 - 05:39:50: [basecommands.smx] "Console<0><Console><Console>" changed cvar (cvar "sv_maxrate") (value "100000")
L 08/09/2021 - 05:39:50: [basecommands.smx] "Console<0><Console><Console>" changed cvar (cvar "sv_mincmdrate") (value "100")
L 08/09/2021 - 05:39:50: [basecommands.smx] "Console<0><Console><Console>" changed cvar (cvar "sv_maxcmdrate") (value "100")
L 08/09/2021 - 05:39:50: [basecommands.smx] "Console<0><Console><Console>" changed cvar (cvar "sv_minupdaterate") (value "100")
L 08/09/2021 - 05:39:50: [basecommands.smx] "Console<0><Console><Console>" changed cvar (cvar "sv_maxupdaterate") (value "100")
L 08/09/2021 - 05:39:50: [basecommands.smx] "Console<0><Console><Console>" changed cvar (cvar "nb_update_frequency") (value "0.014")
L 08/09/2021 - 05:39:50: [basecommands.smx] "Console<0><Console><Console>" changed cvar (cvar "net_splitpacket_maxrate") (value "50000")
L 08/09/2021 - 05:39:50: [basecommands.smx] "Console<0><Console><Console>" changed cvar (cvar "fps_max") (value "0")
L 08/09/2021 - 05:39:50: [basecommands.smx] "Console<0><Console><Console>" changed cvar (cvar "hostname") (value "Versus")
L 08/09/2021 - 05:40:42: Log file closed.
L 08/09/2021 - 17:54:14: SourceMod log file session started (file "D:\Steam\steamapps\common\Left 4 Dead 2\left4dead2\addons\sourcemod\logs\L20210809.log") (Version "1.10.0.6492")
L 08/09/2021 - 17:54:14: [simplewelcomemsg.smx] Set the maximum number of lines of.
L 08/09/2021 - 17:54:22: [basecommands.smx] "Console<0><Console><Console>" changed cvar (cvar "sv_force_time_of_day") (value "0")
L 08/09/2021 - 17:54:22: [basecommands.smx] "Console<0><Console><Console>" changed cvar (cvar "z_witch_damage_per_kill_hit") (value "120")
L 08/09/2021 - 17:54:22: [basecommands.smx] "Console<0><Console><Console>" changed cvar (cvar "z_witch_anger_rate") (value "0.4")
L 08/09/2021 - 17:54:22: [basecommands.smx] "Console<0><Console><Console>" changed cvar (cvar "z_witch_flashlight_range") (value "2000")
L 08/09/2021 - 17:54:22: [basecommands.smx] "Console<0><Console><Console>" changed cvar (cvar "z_witch_burn_time") (value "100")
L 08/09/2021 - 17:54:22: [basecommands.smx] "Console<0><Console><Console>" changed cvar (cvar "z_tank_health") (value "4000")
L 08/09/2021 - 17:54:22: [basecommands.smx] "Console<0><Console><Console>" changed cvar (cvar "z_ghost_delay_min") (value "15")
L 08/09/2021 - 17:54:22: [basecommands.smx] "Console<0><Console><Console>" changed cvar (cvar "z_ghost_delay_max") (value "15")
L 08/09/2021 - 17:54:22: [basecommands.smx] "Console<0><Console><Console>" changed cvar (cvar "z_hunter_limit") (value "1")
L 08/09/2021 - 17:54:22: [basecommands.smx] "Console<0><Console><Console>" changed cvar (cvar "z_smoker_limit") (value "1")
L 08/09/2021 - 17:54:22: [basecommands.smx] "Console<0><Console><Console>" changed cvar (cvar "z_jockey_limit") (value "1")
L 08/09/2021 - 17:54:22: [basecommands.smx] "Console<0><Console><Console>" changed cvar (cvar "versus_tank_chance_intro") (value "1")
L 08/09/2021 - 17:54:22: [basecommands.smx] "Console<0><Console><Console>" changed cvar (cvar "versus_tank_chance_finale") (value "1")
L 08/09/2021 - 17:54:22: [basecommands.smx] "Console<0><Console><Console>" changed cvar (cvar "versus_tank_chance") (value "1")
L 08/09/2021 - 17:54:22: [basecommands.smx] "Console<0><Console><Console>" changed cvar (cvar "versus_witch_chance_intro") (value "0")
L 08/09/2021 - 17:54:22: [basecommands.smx] "Console<0><Console><Console>" changed cvar (cvar "versus_witch_chance_finale") (value "0")
L 08/09/2021 - 17:54:22: [basecommands.smx] "Console<0><Console><Console>" changed cvar (cvar "versus_witch_chance") (value "1")
L 08/09/2021 - 17:54:22: [basecommands.smx] "Console<0><Console><Console>" changed cvar (cvar "director_force_tank") (value "1")
L 08/09/2021 - 17:54:22: [basecommands.smx] "Console<0><Console><Console>" changed cvar (cvar "versus_boss_flow_min") (value "0.4")
L 08/09/2021 - 17:54:22: [basecommands.smx] "Console<0><Console><Console>" changed cvar (cvar "versus_boss_flow_max") (value "0.6")
L 08/09/2021 - 17:54:22: [basecommands.smx] "Console<0><Console><Console>" changed cvar (cvar "versus_boss_flow_min_intro") (value "0.1")
L 08/09/2021 - 17:54:22: [basecommands.smx] "Console<0><Console><Console>" changed cvar (cvar "versus_boss_flow_max_intro") (value "0.2")
L 08/09/2021 - 17:54:22: [basecommands.smx] "Console<0><Console><Console>" changed cvar (cvar "versus_boss_flow_min_finale") (value "0.1")
L 08/09/2021 - 17:54:22: [basecommands.smx] "Console<0><Console><Console>" changed cvar (cvar "versus_boss_flow_max_finale") (value "0.2")
L 08/09/2021 - 17:54:22: [basecommands.smx] "Console<0><Console><Console>" changed cvar (cvar "boomer_vomit_delay") (value "0.1")
L 08/09/2021 - 17:54:22: [basecommands.smx] "Console<0><Console><Console>" changed cvar (cvar "smoker_tongue_delay") (value "0.1")
L 08/09/2021 - 17:54:22: [basecommands.smx] "Console<0><Console><Console>" changed cvar (cvar "vs_survival_bonus") (value "35")
L 08/09/2021 - 17:54:22: [basecommands.smx] "Console<0><Console><Console>" changed cvar (cvar "z_tank_throw_health") (value "10")
L 08/09/2021 - 17:54:22: [basecommands.smx] "Console<0><Console><Console>" changed cvar (cvar "sv_client_min_interp_ratio") (value "-1")
L 08/09/2021 - 17:54:22: [basecommands.smx] "Console<0><Console><Console>" changed cvar (cvar "sv_client_max_interp_ratio") (value "0")
L 08/09/2021 - 17:54:22: [basecommands.smx] "Console<0><Console><Console>" changed cvar (cvar "sv_minrate") (value "100000")
L 08/09/2021 - 17:54:22: [basecommands.smx] "Console<0><Console><Console>" changed cvar (cvar "sv_maxrate") (value "100000")
L 08/09/2021 - 17:54:22: [basecommands.smx] "Console<0><Console><Console>" changed cvar (cvar "sv_mincmdrate") (value "100")
L 08/09/2021 - 17:54:22: [basecommands.smx] "Console<0><Console><Console>" changed cvar (cvar "sv_maxcmdrate") (value "100")
L 08/09/2021 - 17:54:22: [basecommands.smx] "Console<0><Console><Console>" changed cvar (cvar "sv_minupdaterate") (value "100")
L 08/09/2021 - 17:54:22: [basecommands.smx] "Console<0><Console><Console>" changed cvar (cvar "sv_maxupdaterate") (value "100")
L 08/09/2021 - 17:54:22: [basecommands.smx] "Console<0><Console><Console>" changed cvar (cvar "nb_update_frequency") (value "0.014")
L 08/09/2021 - 17:54:22: [basecommands.smx] "Console<0><Console><Console>" changed cvar (cvar "net_splitpacket_maxrate") (value "50000")
L 08/09/2021 - 17:54:22: [basecommands.smx] "Console<0><Console><Console>" changed cvar (cvar "fps_max") (value "0")
L 08/09/2021 - 17:54:22: [basecommands.smx] "Console<0><Console><Console>" changed cvar (cvar "hostname") (value "Versus")
L 08/09/2021 - 17:55:50: [l4d2_skill_detect.smx] Clear: 5 freed 6 from 4: time: 3.32 / -1.00 -- class: jockey (with shove? 0)
L 08/09/2021 - 17:57:25: [l4d2_skill_detect.smx] Clear: 7 freed 9 from 10: time: 2.85 / -1.00 -- class: jockey (with shove? 0)
L 08/09/2021 - 17:58:42: [l4d2_skill_detect.smx] Clear: 5 freed 7 from 4: time: 1.85 / -1.00 -- class: hunter (with shove? 0)
L 08/09/2021 - 17:59:23: [l4d2_skill_detect.smx] Clear: 9 freed 7 from 4: time: -1.00 / 2.06 -- class: smoker (with shove? 0)
L 08/09/2021 - 17:59:40: [l4d2_skill_detect.smx] Charge carry start: 2 - 7 -- time: 335.77
L 08/09/2021 - 17:59:43: [l4d2_skill_detect.smx] Clear: 1 freed 7 from 2: time: 0.89 / 3.69 -- class: charger (with shove? 0)
L 08/09/2021 - 17:59:44: [l4d2_skill_detect.smx] Checking charge victim: 2 - 7 - flags: 1 (alive? 1)
L 08/09/2021 - 17:59:48: [l4d2_skill_detect.smx] Clear: 1 freed 5 from 4: time: -1.00 / 5.64 -- class: smoker (with shove? 0)
L 08/09/2021 - 18:00:06: [l4d2_skill_detect.smx] Clear: 1 freed 5 from 8: time: 0.91 / -1.00 -- class: hunter (with shove? 0)
L 08/09/2021 - 18:01:29: [l4d2_skill_detect.smx] Clear: 1 freed 5 from 8: time: -1.00 / 1.42 -- class: smoker (with shove? 1)
L 08/09/2021 - 18:01:32: [l4d2_skill_detect.smx] Charge carry start: 4 - 7 -- time: 448.03
L 08/09/2021 - 18:01:36: [l4d2_skill_detect.smx] Checking charge victim: 4 - 7 - flags: 1 (alive? 1)
L 08/09/2021 - 18:01:36: [l4d2_skill_detect.smx] Checking charge victim: 4 - 5 - flags: 0 (alive? 1)
L 08/09/2021 - 18:01:37: [l4d2_skill_detect.smx] Clear: 1 freed 7 from 4: time: 3.15 / 4.90 -- class: charger (with shove? 0)
L 08/09/2021 - 18:02:02: [l4d2_skill_detect.smx] Clear: 7 freed 5 from 8: time: 1.72 / -1.00 -- class: jockey (with shove? 0)
L 08/09/2021 - 18:02:39: [l4d2_skill_detect.smx] Charge carry start: 8 - 5 -- time: 515.08
L 08/09/2021 - 18:02:41: [l4d2_skill_detect.smx] Clear: 7 freed 5 from 8: time: 1.71 / 2.46 -- class: charger (with shove? 0)
L 08/09/2021 - 18:02:42: [l4d2_skill_detect.smx] Checking charge victim: 8 - 5 - flags: 1 (alive? 1)
L 08/09/2021 - 18:03:50: [l4d2_skill_detect.smx] Clear: 1 freed 9 from 3: time: -1.00 / 1.91 -- class: smoker (with shove? 0)
L 08/09/2021 - 18:06:24: [l4d2_skill_detect.smx] Clear: 3 freed 6 from 10: time: 0.52 / -1.00 -- class: hunter (with shove? 0)
L 08/09/2021 - 18:06:41: [l4d2_skill_detect.smx] Clear: 3 freed 6 from 7: time: -1.00 / 1.05 -- class: smoker (with shove? 0)
L 08/09/2021 - 18:07:15: [l4d2_skill_detect.smx] Clear: 2 freed 6 from 7: time: 1.69 / -1.00 -- class: hunter (with shove? 0)
L 08/09/2021 - 18:07:19: [l4d2_skill_detect.smx] Charge carry start: 1 - 3 -- time: 794.79
L 08/09/2021 - 18:07:20: [l4d2_skill_detect.smx] Clear: 6 freed 3 from 1: time: 0.40 / 1.27 -- class: charger (with shove? 0)
L 08/09/2021 - 18:07:22: [l4d2_skill_detect.smx] Checking charge victim: 1 - 3 - flags: 1 (alive? 1)
L 08/09/2021 - 18:07:53: [l4d2_skill_detect.smx] Clear: 3 freed 3 from 1: time: -1.00 / 0.82 -- class: smoker (with shove? 1)
L 08/09/2021 - 18:08:09: [l4d2_skill_detect.smx] Clear: 4 freed 3 from 5: time: 10.23 / -1.00 -- class: jockey (with shove? 0)
L 08/09/2021 - 18:09:10: [l4d2_skill_detect.smx] Clear: 4 freed 2 from 5: time: 1.28 / -1.00 -- class: hunter (with shove? 0)
L 08/09/2021 - 18:09:13: [l4d2_skill_detect.smx] Clear: 2 freed 3 from 8: time: -1.00 / 5.40 -- class: smoker (with shove? 0)
L 08/09/2021 - 18:10:03: [l4d2_skill_detect.smx] Charge carry start: 5 - 6 -- time: 958.70
L 08/09/2021 - 18:10:03: [l4d2_skill_detect.smx] Clear: 3 freed 6 from 5: time: 0.00 / 0.13 -- class: charger (with shove? 0)
L 08/09/2021 - 18:10:05: [l4d2_skill_detect.smx] Checking charge victim: 5 - 6 - flags: 1 (alive? 1)
L 08/09/2021 - 18:10:27: [l4d2_skill_detect.smx] Clear: 2 freed 6 from 1: time: 2.05 / -1.00 -- class: jockey (with shove? 1)
L 08/09/2021 - 18:10:59: [l4d2_skill_detect.smx] Charge carry start: 1 - 2 -- time: 1015.66
L 08/09/2021 - 18:11:04: [l4d2_skill_detect.smx] Checking charge victim: 1 - 2 - flags: 1 (alive? 1)
L 08/09/2021 - 18:11:04: [l4d2_skill_detect.smx] Clear: 6 freed 2 from 1: time: 2.61 / 4.71 -- class: charger (with shove? 0)
L 08/09/2021 - 18:11:14: [l4d2_skill_detect.smx] Clear: 2 freed 6 from 8: time: 4.30 / -1.00 -- class: hunter (with shove? 0)
L 08/09/2021 - 18:12:07: -------- Mapchange to c2m2_fairgrounds --------
L 08/09/2021 - 18:12:09: [basecommands.smx] "Console<0><Console><Console>" changed cvar (cvar "sv_force_time_of_day") (value "0")
L 08/09/2021 - 18:12:09: [basecommands.smx] "Console<0><Console><Console>" changed cvar (cvar "z_witch_damage_per_kill_hit") (value "120")
L 08/09/2021 - 18:12:09: [basecommands.smx] "Console<0><Console><Console>" changed cvar (cvar "z_witch_anger_rate") (value "0.4")
L 08/09/2021 - 18:12:09: [basecommands.smx] "Console<0><Console><Console>" changed cvar (cvar "z_witch_flashlight_range") (value "2000")
L 08/09/2021 - 18:12:09: [basecommands.smx] "Console<0><Console><Console>" changed cvar (cvar "z_witch_burn_time") (value "100")
L 08/09/2021 - 18:12:09: [basecommands.smx] "Console<0><Console><Console>" changed cvar (cvar "z_tank_health") (value "4000")
L 08/09/2021 - 18:12:09: [basecommands.smx] "Console<0><Console><Console>" changed cvar (cvar "z_ghost_delay_min") (value "15")
L 08/09/2021 - 18:12:09: [basecommands.smx] "Console<0><Console><Console>" changed cvar (cvar "z_ghost_delay_max") (value "15")
L 08/09/2021 - 18:12:09: [basecommands.smx] "Console<0><Console><Console>" changed cvar (cvar "z_hunter_limit") (value "1")
L 08/09/2021 - 18:12:09: [basecommands.smx] "Console<0><Console><Console>" changed cvar (cvar "z_smoker_limit") (value "1")
L 08/09/2021 - 18:12:09: [basecommands.smx] "Console<0><Console><Console>" changed cvar (cvar "z_jockey_limit") (value "1")
L 08/09/2021 - 18:12:09: [basecommands.smx] "Console<0><Console><Console>" changed cvar (cvar "versus_tank_chance_intro") (value "1")
L 08/09/2021 - 18:12:09: [basecommands.smx] "Console<0><Console><Console>" changed cvar (cvar "versus_tank_chance_finale") (value "1")
L 08/09/2021 - 18:12:09: [basecommands.smx] "Console<0><Console><Console>" changed cvar (cvar "versus_tank_chance") (value "1")
L 08/09/2021 - 18:12:09: [basecommands.smx] "Console<0><Console><Console>" changed cvar (cvar "versus_witch_chance_intro") (value "0")
L 08/09/2021 - 18:12:09: [basecommands.smx] "Console<0><Console><Console>" changed cvar (cvar "versus_witch_chance_finale") (value "0")
L 08/09/2021 - 18:12:09: [basecommands.smx] "Console<0><Console><Console>" changed cvar (cvar "versus_witch_chance") (value "1")
L 08/09/2021 - 18:12:09: [basecommands.smx] "Console<0><Console><Console>" changed cvar (cvar "director_force_tank") (value "1")
L 08/09/2021 - 18:12:09: [basecommands.smx] "Console<0><Console><Console>" changed cvar (cvar "versus_boss_flow_min") (value "0.4")
L 08/09/2021 - 18:12:09: [basecommands.smx] "Console<0><Console><Console>" changed cvar (cvar "versus_boss_flow_max") (value "0.6")
L 08/09/2021 - 18:12:09: [basecommands.smx] "Console<0><Console><Console>" changed cvar (cvar "versus_boss_flow_min_intro") (value "0.1")
L 08/09/2021 - 18:12:09: [basecommands.smx] "Console<0><Console><Console>" changed cvar (cvar "versus_boss_flow_max_intro") (value "0.2")
L 08/09/2021 - 18:12:09: [basecommands.smx] "Console<0><Console><Console>" changed cvar (cvar "versus_boss_flow_min_finale") (value "0.1")
L 08/09/2021 - 18:12:09: [basecommands.smx] "Console<0><Console><Console>" changed cvar (cvar "versus_boss_flow_max_finale") (value "0.2")
L 08/09/2021 - 18:12:09: [basecommands.smx] "Console<0><Console><Console>" changed cvar (cvar "boomer_vomit_delay") (value "0.1")
L 08/09/2021 - 18:12:09: [basecommands.smx] "Console<0><Console><Console>" changed cvar (cvar "smoker_tongue_delay") (value "0.1")
L 08/09/2021 - 18:12:09: [basecommands.smx] "Console<0><Console><Console>" changed cvar (cvar "vs_survival_bonus") (value "35")
L 08/09/2021 - 18:12:09: [basecommands.smx] "Console<0><Console><Console>" changed cvar (cvar "z_tank_throw_health") (value "10")
L 08/09/2021 - 18:12:09: [basecommands.smx] "Console<0><Console><Console>" changed cvar (cvar "sv_client_min_interp_ratio") (value "-1")
L 08/09/2021 - 18:12:09: [basecommands.smx] "Console<0><Console><Console>" changed cvar (cvar "sv_client_max_interp_ratio") (value "0")
L 08/09/2021 - 18:12:09: [basecommands.smx] "Console<0><Console><Console>" changed cvar (cvar "sv_minrate") (value "100000")
L 08/09/2021 - 18:12:09: [basecommands.smx] "Console<0><Console><Console>" changed cvar (cvar "sv_maxrate") (value "100000")
L 08/09/2021 - 18:12:09: [basecommands.smx] "Console<0><Console><Console>" changed cvar (cvar "sv_mincmdrate") (value "100")
L 08/09/2021 - 18:12:09: [basecommands.smx] "Console<0><Console><Console>" changed cvar (cvar "sv_maxcmdrate") (value "100")
L 08/09/2021 - 18:12:09: [basecommands.smx] "Console<0><Console><Console>" changed cvar (cvar "sv_minupdaterate") (value "100")
L 08/09/2021 - 18:12:09: [basecommands.smx] "Console<0><Console><Console>" changed cvar (cvar "sv_maxupdaterate") (value "100")
L 08/09/2021 - 18:12:09: [basecommands.smx] "Console<0><Console><Console>" changed cvar (cvar "nb_update_frequency") (value "0.014")
L 08/09/2021 - 18:12:09: [basecommands.smx] "Console<0><Console><Console>" changed cvar (cvar "net_splitpacket_maxrate") (value "50000")
L 08/09/2021 - 18:12:09: [basecommands.smx] "Console<0><Console><Console>" changed cvar (cvar "fps_max") (value "0")
L 08/09/2021 - 18:12:09: [basecommands.smx] "Console<0><Console><Console>" changed cvar (cvar "hostname") (value "Versus")
L 08/09/2021 - 18:13:58: [l4d2_skill_detect.smx] Clear: 7 freed 5 from 2: time: 1.72 / -1.00 -- class: hunter (with shove? 0)
L 08/09/2021 - 18:14:41: [l4d2_skill_detect.smx] Charge carry start: 3 - 6 -- time: 149.25
L 08/09/2021 - 18:14:43: [l4d2_skill_detect.smx] Clear: 7 freed 6 from 3: time: 0.30 / 2.06 -- class: charger (with shove? 0)
L 08/09/2021 - 18:14:45: [l4d2_skill_detect.smx] Checking charge victim: 3 - 6 - flags: 1 (alive? 1)
L 08/09/2021 - 18:14:47: [l4d2_skill_detect.smx] Clear: 1 freed 7 from 4: time: 1.83 / -1.00 -- class: hunter (with shove? 0)
L 08/09/2021 - 18:15:18: [l4d2_skill_detect.smx] Clear: 5 freed 6 from 3: time: -1.00 / 2.75 -- class: smoker (with shove? 0)
L 08/09/2021 - 18:15:19: [l4d2_skill_detect.smx] Clear: 1 freed 6 from 2: time: 0.80 / -1.00 -- class: jockey (with shove? 0)
L 08/09/2021 - 18:15:50: [l4d2_skill_detect.smx] Charge carry start: 2 - 6 -- time: 217.79
L 08/09/2021 - 18:15:53: [l4d2_skill_detect.smx] Checking charge victim: 2 - 6 - flags: 1 (alive? 1)
L 08/09/2021 - 18:15:54: [l4d2_skill_detect.smx] Clear: 1 freed 7 from 8: time: 3.66 / -1.00 -- class: hunter (with shove? 0)
L 08/09/2021 - 18:16:01: [l4d2_skill_detect.smx] Clear: 7 freed 5 from 4: time: 10.13 / -1.00 -- class: jockey (with shove? 0)
L 08/09/2021 - 18:16:01: [l4d2_skill_detect.smx] Clear: 1 freed 6 from 2: time: 9.66 / 11.18 -- class: charger (with shove? 0)
L 08/09/2021 - 18:16:35: [l4d2_skill_detect.smx] Clear: 7 freed 5 from 4: time: 2.11 / 3.82 -- class: smoker (with shove? 0)
L 08/09/2021 - 18:17:02: [l4d2_skill_detect.smx] Clear: 6 freed 7 from 3: time: 2.63 / -1.00 -- class: jockey (with shove? 0)
L 08/09/2021 - 18:17:05: [basecommands.smx] "♛ Rain Live ♛<2><STEAM_1:0:162762726><>" kicked "Patitas Suaves<31><STEAM_1:1:91690774><>" (reason "")
L 08/09/2021 - 18:17:06: [basecommands.smx] "♛ Rain Live ♛<2><STEAM_1:0:162762726><>" kicked "MrGato245<25><STEAM_1:0:458774370><>" (reason "")
L 08/09/2021 - 18:17:27: [l4d2_skill_detect.smx] Clear: 1 freed 7 from 2: time: 6.02 / 9.14 -- class: smoker (with shove? 1)
L 08/09/2021 - 18:17:44: [l4d2_skill_detect.smx] Clear: 5 freed 1 from 3: time: 9.69 / -1.00 -- class: hunter (with shove? 1)
L 08/09/2021 - 18:20:02: [l4d2_skill_detect.smx] Clear: 4 freed 8 from 7: time: 0.90 / -1.00 -- class: hunter (with shove? 0)
L 08/09/2021 - 18:20:25: [l4d2_skill_detect.smx] Clear: 4 freed 8 from 1: time: 1.60 / -1.00 -- class: jockey (with shove? 0)
L 08/09/2021 - 18:20:58: [l4d2_skill_detect.smx] Clear: 4 freed 2 from 1: time: 1.21 / -1.00 -- class: hunter (with shove? 0)
L 08/09/2021 - 18:21:05: [l4d2_skill_detect.smx] Witch Crown Check: Failed: bungled: 1 / crowntype: 1 (entity: 624)
L 08/09/2021 - 18:21:05: [l4d2_skill_detect.smx] Witch Crown Check: Further details: attacker: BlackCrow™, attacker dmg: 72, teamless dmg: 0
L 08/09/2021 - 18:21:13: [l4d2_skill_detect.smx] Clear: 4 freed 2 from 7: time: 6.51 / -1.00 -- class: jockey (with shove? 0)
L 08/09/2021 - 18:21:41: [l4d2_skill_detect.smx] Clear: 2 freed 3 from 10: time: -1.00 / 1.59 -- class: smoker (with shove? 1)
L 08/09/2021 - 18:22:23: [l4d2_skill_detect.smx] Charge carry start: 7 - 2 -- time: 611.34
L 08/09/2021 - 18:22:26: [l4d2_skill_detect.smx] Clear: 4 freed 2 from 7: time: 1.65 / 2.70 -- class: charger (with shove? 0)
L 08/09/2021 - 18:22:26: [l4d2_skill_detect.smx] Checking charge victim: 7 - 2 - flags: 1 (alive? 1)
L 08/09/2021 - 18:22:28: [l4d2_skill_detect.smx] Clear: 3 freed 2 from 9: time: 1.88 / -1.00 -- class: hunter (with shove? 0)
L 08/09/2021 - 18:22:29: [l4d2_skill_detect.smx] Clear: 3 freed 4 from 10: time: -1.00 / 2.38 -- class: smoker (with shove? 1)
L 08/09/2021 - 18:23:04: [l4d2_skill_detect.smx] Clear: 2 freed 3 from 9: time: 2.60 / -1.00 -- class: jockey (with shove? 0)
L 08/09/2021 - 18:24:25: -------- Mapchange to c2m3_coaster --------
L 08/09/2021 - 18:24:27: [basecommands.smx] "Console<0><Console><Console>" changed cvar (cvar "sv_force_time_of_day") (value "0")
L 08/09/2021 - 18:24:27: [basecommands.smx] "Console<0><Console><Console>" changed cvar (cvar "z_witch_damage_per_kill_hit") (value "120")
L 08/09/2021 - 18:24:27: [basecommands.smx] "Console<0><Console><Console>" changed cvar (cvar "z_witch_anger_rate") (value "0.4")
L 08/09/2021 - 18:24:27: [basecommands.smx] "Console<0><Console><Console>" changed cvar (cvar "z_witch_flashlight_range") (value "2000")
L 08/09/2021 - 18:24:27: [basecommands.smx] "Console<0><Console><Console>" changed cvar (cvar "z_witch_burn_time") (value "100")
L 08/09/2021 - 18:24:27: [basecommands.smx] "Console<0><Console><Console>" changed cvar (cvar "z_tank_health") (value "4000")
L 08/09/2021 - 18:24:27: [basecommands.smx] "Console<0><Console><Console>" changed cvar (cvar "z_ghost_delay_min") (value "15")
L 08/09/2021 - 18:24:27: [basecommands.smx] "Console<0><Console><Console>" changed cvar (cvar "z_ghost_delay_max") (value "15")
L 08/09/2021 - 18:24:27: [basecommands.smx] "Console<0><Console><Console>" changed cvar (cvar "z_hunter_limit") (value "1")
L 08/09/2021 - 18:24:27: [basecommands.smx] "Console<0><Console><Console>" changed cvar (cvar "z_smoker_limit") (value "1")
L 08/09/2021 - 18:24:27: [basecommands.smx] "Console<0><Console><Console>" changed cvar (cvar "z_jockey_limit") (value "1")
L 08/09/2021 - 18:24:27: [basecommands.smx] "Console<0><Console><Console>" changed cvar (cvar "versus_tank_chance_intro") (value "1")
L 08/09/2021 - 18:24:27: [basecommands.smx] "Console<0><Console><Console>" changed cvar (cvar "versus_tank_chance_finale") (value "1")
L 08/09/2021 - 18:24:27: [basecommands.smx] "Console<0><Console><Console>" changed cvar (cvar "versus_tank_chance") (value "1")
L 08/09/2021 - 18:24:27: [basecommands.smx] "Console<0><Console><Console>" changed cvar (cvar "versus_witch_chance_intro") (value "0")
L 08/09/2021 - 18:24:27: [basecommands.smx] "Console<0><Console><Console>" changed cvar (cvar "versus_witch_chance_finale") (value "0")
L 08/09/2021 - 18:24:27: [basecommands.smx] "Console<0><Console><Console>" changed cvar (cvar "versus_witch_chance") (value "1")
L 08/09/2021 - 18:24:27: [basecommands.smx] "Console<0><Console><Console>" changed cvar (cvar "director_force_tank") (value "1")
L 08/09/2021 - 18:24:27: [basecommands.smx] "Console<0><Console><Console>" changed cvar (cvar "versus_boss_flow_min") (value "0.4")
L 08/09/2021 - 18:24:27: [basecommands.smx] "Console<0><Console><Console>" changed cvar (cvar "versus_boss_flow_max") (value "0.6")
L 08/09/2021 - 18:24:27: [basecommands.smx] "Console<0><Console><Console>" changed cvar (cvar "versus_boss_flow_min_intro") (value "0.1")
L 08/09/2021 - 18:24:27: [basecommands.smx] "Console<0><Console><Console>" changed cvar (cvar "versus_boss_flow_max_intro") (value "0.2")
L 08/09/2021 - 18:24:27: [basecommands.smx] "Console<0><Console><Console>" changed cvar (cvar "versus_boss_flow_min_finale") (value "0.1")
L 08/09/2021 - 18:24:27: [basecommands.smx] "Console<0><Console><Console>" changed cvar (cvar "versus_boss_flow_max_finale") (value "0.2")
L 08/09/2021 - 18:24:27: [basecommands.smx] "Console<0><Console><Console>" changed cvar (cvar "boomer_vomit_delay") (value "0.1")
L 08/09/2021 - 18:24:27: [basecommands.smx] "Console<0><Console><Console>" changed cvar (cvar "smoker_tongue_delay") (value "0.1")
L 08/09/2021 - 18:24:27: [basecommands.smx] "Console<0><Console><Console>" changed cvar (cvar "vs_survival_bonus") (value "35")
L 08/09/2021 - 18:24:27: [basecommands.smx] "Console<0><Console><Console>" changed cvar (cvar "z_tank_throw_health") (value "10")
L 08/09/2021 - 18:24:27: [basecommands.smx] "Console<0><Console><Console>" changed cvar (cvar "sv_client_min_interp_ratio") (value "-1")
L 08/09/2021 - 18:24:27: [basecommands.smx] "Console<0><Console><Console>" changed cvar (cvar "sv_client_max_interp_ratio") (value "0")
L 08/09/2021 - 18:24:27: [basecommands.smx] "Console<0><Console><Console>" changed cvar (cvar "sv_minrate") (value "100000")
L 08/09/2021 - 18:24:27: [basecommands.smx] "Console<0><Console><Console>" changed cvar (cvar "sv_maxrate") (value "100000")
L 08/09/2021 - 18:24:27: [basecommands.smx] "Console<0><Console><Console>" changed cvar (cvar "sv_mincmdrate") (value "100")
L 08/09/2021 - 18:24:27: [basecommands.smx] "Console<0><Console><Console>" changed cvar (cvar "sv_maxcmdrate") (value "100")
L 08/09/2021 - 18:24:27: [basecommands.smx] "Console<0><Console><Console>" changed cvar (cvar "sv_minupdaterate") (value "100")
L 08/09/2021 - 18:24:27: [basecommands.smx] "Console<0><Console><Console>" changed cvar (cvar "sv_maxupdaterate") (value "100")
L 08/09/2021 - 18:24:27: [basecommands.smx] "Console<0><Console><Console>" changed cvar (cvar "nb_update_frequency") (value "0.014")
L 08/09/2021 - 18:24:27: [basecommands.smx] "Console<0><Console><Console>" changed cvar (cvar "net_splitpacket_maxrate") (value "50000")
L 08/09/2021 - 18:24:27: [basecommands.smx] "Console<0><Console><Console>" changed cvar (cvar "fps_max") (value "0")
L 08/09/2021 - 18:24:27: [basecommands.smx] "Console<0><Console><Console>" changed cvar (cvar "hostname") (value "Versus")
L 08/09/2021 - 18:27:07: [l4d2_skill_detect.smx] Clear: 2 freed 3 from 7: time: 2.88 / 6.16 -- class: smoker (with shove? 1)
L 08/09/2021 - 18:27:18: [l4d2_skill_detect.smx] Clear: 4 freed 8 from 1: time: 1.83 / -1.00 -- class: jockey (with shove? 1)
L 08/09/2021 - 18:28:02: [l4d2_skill_detect.smx] Clear: 4 freed 3 from 7: time: 1.88 / -1.00 -- class: hunter (with shove? 0)
L 08/09/2021 - 18:29:16: [l4d2_skill_detect.smx] Witch Crown Check: Failed: bungled: 0 / crowntype: 0 (entity: 553)
L 08/09/2021 - 18:29:16: [l4d2_skill_detect.smx] Witch Crown Check: Further details: attacker: Crni Bombarder, attacker dmg: 651, teamless dmg: 16
L 08/09/2021 - 18:29:17: [l4d2_skill_detect.smx] Clear: 4 freed 8 from 10: time: 1.94 / -1.00 -- class: jockey (with shove? 0)
L 08/09/2021 - 18:29:18: [l4d2_skill_detect.smx] Clear: 8 freed 3 from 9: time: 1.47 / 3.01 -- class: smoker (with shove? 1)
L 08/09/2021 - 18:29:49: [l4d2_skill_detect.smx] Charge carry start: 1 - 2 -- time: 319.22
L 08/09/2021 - 18:29:52: [l4d2_skill_detect.smx] Clear: 4 freed 2 from 1: time: 1.94 / 3.75 -- class: charger (with shove? 0)
L 08/09/2021 - 18:29:53: [l4d2_skill_detect.smx] Checking charge victim: 1 - 2 - flags: 1 (alive? 1)
L 08/09/2021 - 18:30:30: [l4d2_skill_detect.smx] Clear: 8 freed 3 from 7: time: -1.00 / 1.76 -- class: smoker (with shove? 1)
L 08/09/2021 - 18:31:03: [l4d2_skill_detect.smx] Clear: 2 freed 4 from 7: time: 0.17 / 2.58 -- class: smoker (with shove? 0)
L 08/09/2021 - 18:31:35: [l4d2_skill_detect.smx] Clear: 8 freed 2 from 7: time: 2.00 / -1.00 -- class: jockey (with shove? 0)
L 08/09/2021 - 18:31:37: [l4d2_skill_detect.smx] Clear: 2 freed 3 from 1: time: -1.00 / 1.05 -- class: smoker (with shove? 1)
L 08/09/2021 - 18:32:09: [l4d2_skill_detect.smx] Charge carry start: 10 - 3 -- time: 459.79
L 08/09/2021 - 18:32:09: [l4d2_skill_detect.smx] Clear: 3 freed 3 from 10: time: 0.00 / 0.08 -- class: charger (with shove? 0)
L 08/09/2021 - 18:32:12: [l4d2_skill_detect.smx] Checking charge victim: 10 - 3 - flags: 1 (alive? 1)
L 08/09/2021 - 18:32:25: [l4d2_skill_detect.smx] Clear: 3 freed 2 from 7: time: 4.27 / -1.00 -- class: jockey (with shove? 0)
L 08/09/2021 - 18:33:31: [l4d2_skill_detect.smx] Charge carry start: 7 - 3 -- time: 541.95
L 08/09/2021 - 18:33:33: [l4d2_skill_detect.smx] Clear: 4 freed 3 from 7: time: 0.46 / 1.71 -- class: charger (with shove? 0)
L 08/09/2021 - 18:33:35: [l4d2_skill_detect.smx] Checking charge victim: 7 - 3 - flags: 1 (alive? 1)
L 08/09/2021 - 18:34:04: [l4d2_skill_detect.smx] Charge carry start: 1 - 8 -- time: 574.76
L 08/09/2021 - 18:34:06: [l4d2_skill_detect.smx] Clear: 4 freed 8 from 1: time: 0.65 / 2.03 -- class: charger (with shove? 0)
L 08/09/2021 - 18:34:07: [l4d2_skill_detect.smx] Checking charge victim: 1 - 8 - flags: 1 (alive? 1)
L 08/09/2021 - 18:35:39: [l4d2_skill_detect.smx] Clear: 10 freed 9 from 5: time: 2.36 / -1.00 -- class: jockey (with shove? 0)
L 08/09/2021 - 18:35:43: [l4d2_skill_detect.smx] Clear: 7 freed 1 from 4: time: 0.87 / -1.00 -- class: hunter (with shove? 1)
L 08/09/2021 - 18:35:48: [l4d2_skill_detect.smx] Clear: 1 freed 10 from 2: time: -1.00 / 0.57 -- class: smoker (with shove? 0)
L 08/09/2021 - 18:36:18: [l4d2_skill_detect.smx] Clear: 9 freed 7 from 3: time: 1.70 / -1.00 -- class: hunter (with shove? 0)
L 08/09/2021 - 18:36:26: [l4d2_skill_detect.smx] Clear: 10 freed 9 from 5: time: 0.46 / 3.46 -- class: smoker (with shove? 1)
L 08/09/2021 - 18:37:23: [l4d2_skill_detect.smx] Clear: 10 freed 1 from 3: time: 1.05 / -1.00 -- class: jockey (with shove? 1)
L 08/09/2021 - 18:37:28: [l4d2_skill_detect.smx] Clear: 1 freed 10 from 4: time: -1.00 / 1.59 -- class: smoker (with shove? 0)
L 08/09/2021 - 18:37:59: [l4d2_skill_detect.smx] Clear: 7 freed 1 from 5: time: 1.30 / -1.00 -- class: hunter (with shove? 0)
L 08/09/2021 - 18:38:02: [l4d2_skill_detect.smx] Clear: 10 freed 9 from 2: time: 1.13 / 812.76 -- class: charger (with shove? 0)
L 08/09/2021 - 18:38:07: [l4d2_skill_detect.smx] Witch Crown Check: crown shot: 635, harrassed: 1 (full health: 1000 / drawthresh: 500 / oneshot 0)
L 08/09/2021 - 18:38:55: [l4d2_skill_detect.smx] Charge carry start: 4 - 9 -- time: 865.61
L 08/09/2021 - 18:38:56: [l4d2_skill_detect.smx] Clear: 7 freed 9 from 4: time: 0.00 / 1.16 -- class: charger (with shove? 0)
L 08/09/2021 - 18:38:59: [l4d2_skill_detect.smx] Checking charge victim: 4 - 9 - flags: 1 (alive? 1)
L 08/09/2021 - 18:39:05: [l4d2_skill_detect.smx] Clear: 9 freed 1 from 3: time: -1.00 / 1.01 -- class: smoker (with shove? 0)
L 08/09/2021 - 18:40:56: [l4d2_skill_detect.smx] Clear: 7 freed 10 from 2: time: 7.94 / -1.00 -- class: jockey (with shove? 0)
L 08/09/2021 - 18:40:57: [l4d2_skill_detect.smx] Charge carry start: 4 - 9 -- time: 987.88
L 08/09/2021 - 18:40:59: [l4d2_skill_detect.smx] Clear: 10 freed 9 from 4: time: 0.71 / 2.13 -- class: charger (with shove? 0)
L 08/09/2021 - 18:41:01: [l4d2_skill_detect.smx] Checking charge victim: 4 - 9 - flags: 1 (alive? 1)
L 08/09/2021 - 18:41:21: [l4d2_skill_detect.smx] Clear: 10 freed 9 from 5: time: -1.00 / 1.15 -- class: smoker (with shove? 0)
L 08/09/2021 - 18:41:24: [l4d2_skill_detect.smx] Clear: 10 freed 1 from 8: time: 2.02 / -1.00 -- class: hunter (with shove? 0)
L 08/09/2021 - 18:41:40: [l4d2_skill_detect.smx] Clear: 7 freed 10 from 4: time: 6.91 / -1.00 -- class: jockey (with shove? 1)
L 08/09/2021 - 18:41:42: [l4d2_skill_detect.smx] Clear: 7 freed 10 from 5: time: 0.03 / 1.07 -- class: smoker (with shove? 1)
L 08/09/2021 - 18:41:54: [l4d2_skill_detect.smx] Clear: 7 freed 1 from 3: time: 1.32 / -1.00 -- class: hunter (with shove? 0)
L 08/09/2021 - 18:41:55: [l4d2_skill_detect.smx] Charge carry start: 8 - 7 -- time: 1045.65
L 08/09/2021 - 18:41:57: [l4d2_skill_detect.smx] Clear: 10 freed 7 from 8: time: 1.04 / 2.34 -- class: charger (with shove? 0)
L 08/09/2021 - 18:41:58: [l4d2_skill_detect.smx] Checking charge victim: 8 - 7 - flags: 1 (alive? 1)
L 08/09/2021 - 18:42:52: [l4d2_skill_detect.smx] Clear: 10 freed 7 from 2: time: 2.38 / -1.00 -- class: hunter (with shove? 0)
L 08/09/2021 - 18:43:02: [l4d2_skill_detect.smx] Clear: 7 freed 9 from 4: time: 4.17 / 6.82 -- class: smoker (with shove? 0)
L 08/09/2021 - 18:43:48: -------- Mapchange to c2m4_barns --------
L 08/09/2021 - 18:43:50: [basecommands.smx] "Console<0><Console><Console>" changed cvar (cvar "sv_force_time_of_day") (value "0")
L 08/09/2021 - 18:43:50: [basecommands.smx] "Console<0><Console><Console>" changed cvar (cvar "z_witch_damage_per_kill_hit") (value "120")
L 08/09/2021 - 18:43:50: [basecommands.smx] "Console<0><Console><Console>" changed cvar (cvar "z_witch_anger_rate") (value "0.4")
L 08/09/2021 - 18:43:50: [basecommands.smx] "Console<0><Console><Console>" changed cvar (cvar "z_witch_flashlight_range") (value "2000")
L 08/09/2021 - 18:43:50: [basecommands.smx] "Console<0><Console><Console>" changed cvar (cvar "z_witch_burn_time") (value "100")
L 08/09/2021 - 18:43:50: [basecommands.smx] "Console<0><Console><Console>" changed cvar (cvar "z_tank_health") (value "4000")
L 08/09/2021 - 18:43:50: [basecommands.smx] "Console<0><Console><Console>" changed cvar (cvar "z_ghost_delay_min") (value "15")
L 08/09/2021 - 18:43:50: [basecommands.smx] "Console<0><Console><Console>" changed cvar (cvar "z_ghost_delay_max") (value "15")
L 08/09/2021 - 18:43:50: [basecommands.smx] "Console<0><Console><Console>" changed cvar (cvar "z_hunter_limit") (value "1")
L 08/09/2021 - 18:43:50: [basecommands.smx] "Console<0><Console><Console>" changed cvar (cvar "z_smoker_limit") (value "1")
L 08/09/2021 - 18:43:50: [basecommands.smx] "Console<0><Console><Console>" changed cvar (cvar "z_jockey_limit") (value "1")
L 08/09/2021 - 18:43:50: [basecommands.smx] "Console<0><Console><Console>" changed cvar (cvar "versus_tank_chance_intro") (value "1")
L 08/09/2021 - 18:43:50: [basecommands.smx] "Console<0><Console><Console>" changed cvar (cvar "versus_tank_chance_finale") (value "1")
L 08/09/2021 - 18:43:50: [basecommands.smx] "Console<0><Console><Console>" changed cvar (cvar "versus_tank_chance") (value "1")
L 08/09/2021 - 18:43:50: [basecommands.smx] "Console<0><Console><Console>" changed cvar (cvar "versus_witch_chance_intro") (value "0")
L 08/09/2021 - 18:43:50: [basecommands.smx] "Console<0><Console><Console>" changed cvar (cvar "versus_witch_chance_finale") (value "0")
L 08/09/2021 - 18:43:50: [basecommands.smx] "Console<0><Console><Console>" changed cvar (cvar "versus_witch_chance") (value "1")
L 08/09/2021 - 18:43:50: [basecommands.smx] "Console<0><Console><Console>" changed cvar (cvar "director_force_tank") (value "1")
L 08/09/2021 - 18:43:50: [basecommands.smx] "Console<0><Console><Console>" changed cvar (cvar "versus_boss_flow_min") (value "0.4")
L 08/09/2021 - 18:43:50: [basecommands.smx] "Console<0><Console><Console>" changed cvar (cvar "versus_boss_flow_max") (value "0.6")
L 08/09/2021 - 18:43:50: [basecommands.smx] "Console<0><Console><Console>" changed cvar (cvar "versus_boss_flow_min_intro") (value "0.1")
L 08/09/2021 - 18:43:50: [basecommands.smx] "Console<0><Console><Console>" changed cvar (cvar "versus_boss_flow_max_intro") (value "0.2")
L 08/09/2021 - 18:43:50: [basecommands.smx] "Console<0><Console><Console>" changed cvar (cvar "versus_boss_flow_min_finale") (value "0.1")
L 08/09/2021 - 18:43:50: [basecommands.smx] "Console<0><Console><Console>" changed cvar (cvar "versus_boss_flow_max_finale") (value "0.2")
L 08/09/2021 - 18:43:50: [basecommands.smx] "Console<0><Console><Console>" changed cvar (cvar "boomer_vomit_delay") (value "0.1")
L 08/09/2021 - 18:43:50: [basecommands.smx] "Console<0><Console><Console>" changed cvar (cvar "smoker_tongue_delay") (value "0.1")
L 08/09/2021 - 18:43:50: [basecommands.smx] "Console<0><Console><Console>" changed cvar (cvar "vs_survival_bonus") (value "35")
L 08/09/2021 - 18:43:50: [basecommands.smx] "Console<0><Console><Console>" changed cvar (cvar "z_tank_throw_health") (value "10")
L 08/09/2021 - 18:43:50: [basecommands.smx] "Console<0><Console><Console>" changed cvar (cvar "sv_client_min_interp_ratio") (value "-1")
L 08/09/2021 - 18:43:50: [basecommands.smx] "Console<0><Console><Console>" changed cvar (cvar "sv_client_max_interp_ratio") (value "0")
L 08/09/2021 - 18:43:50: [basecommands.smx] "Console<0><Console><Console>" changed cvar (cvar "sv_minrate") (value "100000")
L 08/09/2021 - 18:43:50: [basecommands.smx] "Console<0><Console><Console>" changed cvar (cvar "sv_maxrate") (value "100000")
L 08/09/2021 - 18:43:50: [basecommands.smx] "Console<0><Console><Console>" changed cvar (cvar "sv_mincmdrate") (value "100")
L 08/09/2021 - 18:43:50: [basecommands.smx] "Console<0><Console><Console>" changed cvar (cvar "sv_maxcmdrate") (value "100")
L 08/09/2021 - 18:43:50: [basecommands.smx] "Console<0><Console><Console>" changed cvar (cvar "sv_minupdaterate") (value "100")
L 08/09/2021 - 18:43:50: [basecommands.smx] "Console<0><Console><Console>" changed cvar (cvar "sv_maxupdaterate") (value "100")
L 08/09/2021 - 18:43:50: [basecommands.smx] "Console<0><Console><Console>" changed cvar (cvar "nb_update_frequency") (value "0.014")
L 08/09/2021 - 18:43:50: [basecommands.smx] "Console<0><Console><Console>" changed cvar (cvar "net_splitpacket_maxrate") (value "50000")
L 08/09/2021 - 18:43:50: [basecommands.smx] "Console<0><Console><Console>" changed cvar (cvar "fps_max") (value "0")
L 08/09/2021 - 18:43:50: [basecommands.smx] "Console<0><Console><Console>" changed cvar (cvar "hostname") (value "Versus")
L 08/09/2021 - 18:45:03: [l4d2_skill_detect.smx] Clear: 8 freed 2 from 1: time: 2.30 / -1.00 -- class: hunter (with shove? 0)
L 08/09/2021 - 18:45:43: [l4d2_skill_detect.smx] Charge carry start: 7 - 8 -- time: 109.98
L 08/09/2021 - 18:45:45: [l4d2_skill_detect.smx] Clear: 4 freed 8 from 7: time: 0.65 / 2.69 -- class: charger (with shove? 0)
L 08/09/2021 - 18:45:47: [l4d2_skill_detect.smx] Checking charge victim: 7 - 8 - flags: 1 (alive? 1)
L 08/09/2021 - 18:45:49: [l4d2_skill_detect.smx] Clear: 2 freed 4 from 9: time: -1.00 / 2.50 -- class: smoker (with shove? 0)
L 08/09/2021 - 18:46:09: [l4d2_skill_detect.smx] Clear: 3 freed 4 from 10: time: 1.36 / -1.00 -- class: hunter (with shove? 0)
L 08/09/2021 - 18:46:16: [l4d2_skill_detect.smx] Clear: 3 freed 4 from 7: time: 4.30 / -1.00 -- class: jockey (with shove? 0)
L 08/09/2021 - 18:46:43: [l4d2_skill_detect.smx] Witch Crown Check: Failed: bungled: 1 / crowntype: 0 (entity: 413)
L 08/09/2021 - 18:46:43: [l4d2_skill_detect.smx] Witch Crown Check: Further details: attacker: Crni Bombarder, attacker dmg: 630, teamless dmg: 0
L 08/09/2021 - 18:46:44: [l4d2_skill_detect.smx] Clear: 3 freed 2 from 7: time: 0.95 / -1.00 -- class: hunter (with shove? 1)
L 08/09/2021 - 18:47:06: [l4d2_skill_detect.smx] Charge carry start: 1 - 2 -- time: 193.73
L 08/09/2021 - 18:47:09: [l4d2_skill_detect.smx] Clear: 3 freed 2 from 1: time: 0.47 / 2.18 -- class: charger (with shove? 0)
L 08/09/2021 - 18:47:10: [l4d2_skill_detect.smx] Checking charge victim: 1 - 2 - flags: 1 (alive? 1)
L 08/09/2021 - 18:47:14: [l4d2_skill_detect.smx] Clear: 3 freed 4 from 7: time: 1.40 / -1.00 -- class: hunter (with shove? 0)
L 08/09/2021 - 18:47:33: [l4d2_skill_detect.smx] Clear: 3 freed 4 from 1: time: -1.00 / 1.50 -- class: smoker (with shove? 0)
L 08/09/2021 - 18:47:55: [l4d2_skill_detect.smx] Charge carry start: 1 - 8 -- time: 242.47
L 08/09/2021 - 18:47:59: [l4d2_skill_detect.smx] Checking charge victim: 1 - 8 - flags: 1 (alive? 1)
L 08/09/2021 - 18:48:05: [l4d2_skill_detect.smx] Clear: 2 freed 4 from 11: time: -1.00 / 251.97 -- class: smoker (with shove? 0)
L 08/09/2021 - 18:50:17: [l4d2_skill_detect.smx] Charge carry start: 8 - 1 -- time: 384.03
L 08/09/2021 - 18:50:21: [l4d2_skill_detect.smx] Checking charge victim: 8 - 1 - flags: 1 (alive? 1)
L 08/09/2021 - 18:50:21: [l4d2_skill_detect.smx] Clear: 6 freed 1 from 8: time: 2.42 / 4.16 -- class: charger (with shove? 0)
L 08/09/2021 - 18:50:23: [l4d2_skill_detect.smx] Clear: 6 freed 10 from 2: time: 4.76 / -1.00 -- class: hunter (with shove? 0)
L 08/09/2021 - 18:51:07: [l4d2_skill_detect.smx] Clear: 10 freed 7 from 2: time: 12.83 / 433.95 -- class: charger (with shove? 0)
L 08/09/2021 - 18:51:21: [l4d2_skill_detect.smx] Clear: 1 freed 5 from 8: time: 2.05 / -1.00 -- class: hunter (with shove? 0)
L 08/09/2021 - 18:51:45: [l4d2_skill_detect.smx] Charge carry start: 3 - 10 -- time: 471.92
L 08/09/2021 - 18:51:47: [l4d2_skill_detect.smx] Clear: 7 freed 10 from 3: time: 0.63 / 1.91 -- class: charger (with shove? 0)
L 08/09/2021 - 18:51:48: [l4d2_skill_detect.smx] Checking charge victim: 3 - 10 - flags: 1 (alive? 1)
L 08/09/2021 - 18:52:00: [l4d2_skill_detect.smx] Witch Crown Check: Failed: bungled: 0 / crowntype: 0 (entity: 39)
L 08/09/2021 - 18:52:00: [l4d2_skill_detect.smx] Witch Crown Check: Further details: attacker: ♛ Rain Live ♛, attacker dmg: 936, teamless dmg: 0
L 08/09/2021 - 18:52:01: [l4d2_skill_detect.smx] Clear: 10 freed 7 from 2: time: -1.00 / 1.80 -- class: smoker (with shove? 1)
L 08/09/2021 - 18:52:53: [l4d2_skill_detect.smx] Charge carry start: 4 - 10 -- time: 539.64
L 08/09/2021 - 18:52:54: [l4d2_skill_detect.smx] Clear: 7 freed 10 from 4: time: 1.02 / 1.77 -- class: charger (with shove? 0)
L 08/09/2021 - 18:52:56: [l4d2_skill_detect.smx] Checking charge victim: 4 - 10 - flags: 1 (alive? 1)
L 08/09/2021 - 18:52:59: [l4d2_skill_detect.smx] Clear: 10 freed 6 from 2: time: 2.52 / -1.00 -- class: jockey (with shove? 0)
L 08/09/2021 - 18:53:02: [l4d2_skill_detect.smx] Clear: 7 freed 1 from 3: time: 0.89 / 3.26 -- class: smoker (with shove? 0)
L 08/09/2021 - 18:54:37: -------- Mapchange to c2m5_concert --------
L 08/09/2021 - 18:54:39: [basecommands.smx] "Console<0><Console><Console>" changed cvar (cvar "sv_force_time_of_day") (value "0")
L 08/09/2021 - 18:54:39: [basecommands.smx] "Console<0><Console><Console>" changed cvar (cvar "z_witch_damage_per_kill_hit") (value "120")
L 08/09/2021 - 18:54:39: [basecommands.smx] "Console<0><Console><Console>" changed cvar (cvar "z_witch_anger_rate") (value "0.4")
L 08/09/2021 - 18:54:39: [basecommands.smx] "Console<0><Console><Console>" changed cvar (cvar "z_witch_flashlight_range") (value "2000")
L 08/09/2021 - 18:54:39: [basecommands.smx] "Console<0><Console><Console>" changed cvar (cvar "z_witch_burn_time") (value "100")
L 08/09/2021 - 18:54:39: [basecommands.smx] "Console<0><Console><Console>" changed cvar (cvar "z_tank_health") (value "4000")
L 08/09/2021 - 18:54:39: [basecommands.smx] "Console<0><Console><Console>" changed cvar (cvar "z_ghost_delay_min") (value "15")
L 08/09/2021 - 18:54:39: [basecommands.smx] "Console<0><Console><Console>" changed cvar (cvar "z_ghost_delay_max") (value "15")
L 08/09/2021 - 18:54:39: [basecommands.smx] "Console<0><Console><Console>" changed cvar (cvar "z_hunter_limit") (value "1")
L 08/09/2021 - 18:54:39: [basecommands.smx] "Console<0><Console><Console>" changed cvar (cvar "z_smoker_limit") (value "1")
L 08/09/2021 - 18:54:39: [basecommands.smx] "Console<0><Console><Console>" changed cvar (cvar "z_jockey_limit") (value "1")
L 08/09/2021 - 18:54:39: [basecommands.smx] "Console<0><Console><Console>" changed cvar (cvar "versus_tank_chance_intro") (value "1")
L 08/09/2021 - 18:54:39: [basecommands.smx] "Console<0><Console><Console>" changed cvar (cvar "versus_tank_chance_finale") (value "1")
L 08/09/2021 - 18:54:39: [basecommands.smx] "Console<0><Console><Console>" changed cvar (cvar "versus_tank_chance") (value "1")
L 08/09/2021 - 18:54:39: [basecommands.smx] "Console<0><Console><Console>" changed cvar (cvar "versus_witch_chance_intro") (value "0")
L 08/09/2021 - 18:54:39: [basecommands.smx] "Console<0><Console><Console>" changed cvar (cvar "versus_witch_chance_finale") (value "0")
L 08/09/2021 - 18:54:39: [basecommands.smx] "Console<0><Console><Console>" changed cvar (cvar "versus_witch_chance") (value "1")
L 08/09/2021 - 18:54:39: [basecommands.smx] "Console<0><Console><Console>" changed cvar (cvar "director_force_tank") (value "1")
L 08/09/2021 - 18:54:39: [basecommands.smx] "Console<0><Console><Console>" changed cvar (cvar "versus_boss_flow_min") (value "0.4")
L 08/09/2021 - 18:54:39: [basecommands.smx] "Console<0><Console><Console>" changed cvar (cvar "versus_boss_flow_max") (value "0.6")
L 08/09/2021 - 18:54:39: [basecommands.smx] "Console<0><Console><Console>" changed cvar (cvar "versus_boss_flow_min_intro") (value "0.1")
L 08/09/2021 - 18:54:39: [basecommands.smx] "Console<0><Console><Console>" changed cvar (cvar "versus_boss_flow_max_intro") (value "0.2")
L 08/09/2021 - 18:54:39: [basecommands.smx] "Console<0><Console><Console>" changed cvar (cvar "versus_boss_flow_min_finale") (value "0.1")
L 08/09/2021 - 18:54:39: [basecommands.smx] "Console<0><Console><Console>" changed cvar (cvar "versus_boss_flow_max_finale") (value "0.2")
L 08/09/2021 - 18:54:39: [basecommands.smx] "Console<0><Console><Console>" changed cvar (cvar "boomer_vomit_delay") (value "0.1")
L 08/09/2021 - 18:54:39: [basecommands.smx] "Console<0><Console><Console>" changed cvar (cvar "smoker_tongue_delay") (value "0.1")
L 08/09/2021 - 18:54:39: [basecommands.smx] "Console<0><Console><Console>" changed cvar (cvar "vs_survival_bonus") (value "35")
L 08/09/2021 - 18:54:39: [basecommands.smx] "Console<0><Console><Console>" changed cvar (cvar "z_tank_throw_health") (value "10")
L 08/09/2021 - 18:54:39: [basecommands.smx] "Console<0><Console><Console>" changed cvar (cvar "sv_client_min_interp_ratio") (value "-1")
L 08/09/2021 - 18:54:39: [basecommands.smx] "Console<0><Console><Console>" changed cvar (cvar "sv_client_max_interp_ratio") (value "0")
L 08/09/2021 - 18:54:39: [basecommands.smx] "Console<0><Console><Console>" changed cvar (cvar "sv_minrate") (value "100000")
L 08/09/2021 - 18:54:39: [basecommands.smx] "Console<0><Console><Console>" changed cvar (cvar "sv_maxrate") (value "100000")
L 08/09/2021 - 18:54:39: [basecommands.smx] "Console<0><Console><Console>" changed cvar (cvar "sv_mincmdrate") (value "100")
L 08/09/2021 - 18:54:39: [basecommands.smx] "Console<0><Console><Console>" changed cvar (cvar "sv_maxcmdrate") (value "100")
L 08/09/2021 - 18:54:39: [basecommands.smx] "Console<0><Console><Console>" changed cvar (cvar "sv_minupdaterate") (value "100")
L 08/09/2021 - 18:54:39: [basecommands.smx] "Console<0><Console><Console>" changed cvar (cvar "sv_maxupdaterate") (value "100")
L 08/09/2021 - 18:54:39: [basecommands.smx] "Console<0><Console><Console>" changed cvar (cvar "nb_update_frequency") (value "0.014")
L 08/09/2021 - 18:54:39: [basecommands.smx] "Console<0><Console><Console>" changed cvar (cvar "net_splitpacket_maxrate") (value "50000")
L 08/09/2021 - 18:54:39: [basecommands.smx] "Console<0><Console><Console>" changed cvar (cvar "fps_max") (value "0")
L 08/09/2021 - 18:54:39: [basecommands.smx] "Console<0><Console><Console>" changed cvar (cvar "hostname") (value "Versus")
L 08/09/2021 - 18:55:51: [l4d2_skill_detect.smx] Clear: 1 freed 6 from 4: time: -1.00 / 1.53 -- class: smoker (with shove? 0)
L 08/09/2021 - 18:55:56: [l4d2_skill_detect.smx] Clear: 6 freed 7 from 3: time: 6.46 / -1.00 -- class: jockey (with shove? 0)
L 08/09/2021 - 18:56:27: [l4d2_skill_detect.smx] Clear: 7 freed 6 from 4: time: -1.00 / 1.51 -- class: smoker (with shove? 1)
L 08/09/2021 - 18:56:57: [l4d2_skill_detect.smx] Charge carry start: 4 - 1 -- time: 135.52
L 08/09/2021 - 18:57:00: [l4d2_skill_detect.smx] Clear: 6 freed 1 from 4: time: 1.04 / 2.43 -- class: charger (with shove? 0)
L 08/09/2021 - 18:57:01: [l4d2_skill_detect.smx] Checking charge victim: 4 - 1 - flags: 1 (alive? 1)
L 08/09/2021 - 18:57:01: [l4d2_skill_detect.smx] Checking charge victim: 4 - 10 - flags: 0 (alive? 1)
L 08/09/2021 - 18:57:02: [l4d2_skill_detect.smx] Clear: 6 freed 7 from 2: time: 0.91 / -1.00 -- class: hunter (with shove? 0)
L 08/09/2021 - 18:57:05: [l4d2_skill_detect.smx] Clear: 7 freed 10 from 8: time: 3.88 / -1.00 -- class: jockey (with shove? 0)
L 08/09/2021 - 18:57:42: [l4d2_skill_detect.smx] Clear: 7 freed 1 from 2: time: -1.00 / 3.00 -- class: smoker (with shove? 1)
L 08/09/2021 - 18:57:47: [l4d2_skill_detect.smx] Clear: 10 freed 6 from 8: time: 4.15 / -1.00 -- class: hunter (with shove? 0)
L 08/09/2021 - 18:58:21: [l4d2_skill_detect.smx] Clear: 1 freed 7 from 4: time: 5.57 / -1.00 -- class: jockey (with shove? 0)
L 08/09/2021 - 18:58:30: [l4d2_skill_detect.smx] Clear: 1 freed 10 from 3: time: 2.19 / -1.00 -- class: hunter (with shove? 1)
L 08/09/2021 - 18:58:34: [l4d2_skill_detect.smx] Clear: 7 freed 1 from 8: time: 0.75 / 4.26 -- class: smoker (with shove? 0)
L 08/09/2021 - 18:58:36: [l4d2_skill_detect.smx] Clear: 1 freed 10 from 3: time: 1.97 / -1.00 -- class: hunter (with shove? 0)
L 08/09/2021 - 18:58:59: [l4d2_skill_detect.smx] Charge carry start: 2 - 1 -- time: 256.91
L 08/09/2021 - 18:59:03: [l4d2_skill_detect.smx] Checking charge victim: 2 - 1 - flags: 1 (alive? 1)
L 08/09/2021 - 18:59:05: [l4d2_skill_detect.smx] Clear: 10 freed 1 from 2: time: 3.21 / 6.00 -- class: charger (with shove? 0)
L 08/09/2021 - 18:59:28: [l4d2_skill_detect.smx] Clear: 10 freed 1 from 8: time: -1.00 / 5.10 -- class: smoker (with shove? 0)
L 08/09/2021 - 19:00:47: [l4d2_tankswap.smx] ReplaceTank being called, client Tank target ♛ Rain Live ♛
L 08/09/2021 - 19:00:47: [l4d2_tankswap.smx] ZombieManager pointer: 0x3b72c00
L 08/09/2021 - 19:00:47: [l4d2_tankswap.smx] ReplaceWithBot being called, client 〄♪♫ BigDaddy™ ♪♫〄 boolean 1
L 08/09/2021 - 19:00:47: [l4d2_tankswap.smx] ReplaceTank being called, client ♛ Rain Live ♛ target 〄♪♫ BigDaddy™ ♪♫〄
L 08/09/2021 - 19:00:47: [l4d2_tankswap.smx] ZombieManager pointer: 0x3b72c00
L 08/09/2021 - 19:01:52: [l4d2_skill_detect.smx] Clear: 4 freed 3 from 1: time: -1.00 / 0.44 -- class: smoker (with shove? 0)
L 08/09/2021 - 19:02:35: [l4d2_skill_detect.smx] Charge carry start: 1 - 3 -- time: 473.25
L 08/09/2021 - 19:02:38: [l4d2_skill_detect.smx] Checking charge victim: 1 - 3 - flags: 1 (alive? 1)
L 08/09/2021 - 19:02:39: [l4d2_skill_detect.smx] Clear: 2 freed 3 from 1: time: 3.11 / 3.94 -- class: charger (with shove? 0)
L 08/09/2021 - 19:03:16: [l4d2_skill_detect.smx] Clear: 3 freed 8 from 6: time: 4.71 / -1.00 -- class: hunter (with shove? 1)
L 08/09/2021 - 19:03:17: [l4d2_skill_detect.smx] Clear: 4 freed 2 from 10: time: 2.07 / -1.00 -- class: jockey (with shove? 1)
L 08/09/2021 - 19:03:21: [l4d2_skill_detect.smx] Charge carry start: 7 - 3 -- time: 519.46
L 08/09/2021 - 19:03:25: [l4d2_skill_detect.smx] Checking charge victim: 7 - 3 - flags: 1 (alive? 1)
L 08/09/2021 - 19:03:27: [l4d2_skill_detect.smx] Clear: 3 freed 2 from 10: time: 0.71 / -1.00 -- class: jockey (with shove? 0)
L 08/09/2021 - 19:04:03: [l4d2_skill_detect.smx] Charge carry start: 10 - 2 -- time: 561.53
L 08/09/2021 - 19:04:05: [l4d2_skill_detect.smx] Clear: 3 freed 2 from 10: time: 0.73 / 1.83 -- class: charger (with shove? 0)
L 08/09/2021 - 19:04:06: [l4d2_skill_detect.smx] Checking charge victim: 10 - 2 - flags: 1 (alive? 1)
L 08/09/2021 - 19:04:08: [l4d2_skill_detect.smx] Clear: 8 freed 3 from 6: time: -1.00 / 1.48 -- class: smoker (with shove? 0)
L 08/09/2021 - 19:04:45: [l4d2_skill_detect.smx] Clear: 4 freed 2 from 6: time: 0.67 / -1.00 -- class: jockey (with shove? 0)
L 08/09/2021 - 19:04:46: [l4d2_skill_detect.smx] Charge carry start: 7 - 3 -- time: 604.57
L 08/09/2021 - 19:04:49: [l4d2_skill_detect.smx] Clear: 2 freed 3 from 7: time: 1.69 / 2.74 -- class: charger (with shove? 0)
L 08/09/2021 - 19:04:50: [l4d2_skill_detect.smx] Checking charge victim: 7 - 3 - flags: 1 (alive? 1)
L 08/09/2021 - 19:04:51: [l4d2_skill_detect.smx] Checking charge victim: 7 - 8 - flags: 0 (alive? 1)
L 08/09/2021 - 19:04:53: [l4d2_skill_detect.smx] Clear: 4 freed 8 from 10: time: 1.75 / -1.00 -- class: hunter (with shove? 0)
L 08/09/2021 - 19:05:09: [l4d2_skill_detect.smx] Clear: 4 freed 3 from 1: time: -1.00 / 1.03 -- class: smoker (with shove? 0)
L 08/09/2021 - 19:05:20: [l4d2_skill_detect.smx] Clear: 4 freed 3 from 7: time: 4.13 / -1.00 -- class: jockey (with shove? 0)
L 08/09/2021 - 19:05:45: [l4d2_skill_detect.smx] Clear: 3 freed 4 from 1: time: 1.04 / -1.00 -- class: hunter (with shove? 0)
L 08/09/2021 - 19:05:55: [l4d2_skill_detect.smx] Charge carry start: 10 - 3 -- time: 673.32
L 08/09/2021 - 19:06:00: [l4d2_skill_detect.smx] Checking charge victim: 10 - 3 - flags: 1 (alive? 1)
L 08/09/2021 - 19:06:00: [l4d2_skill_detect.smx] Checking charge victim: 10 - 4 - flags: 0 (alive? 1)
L 08/09/2021 - 19:06:54: -------- Mapchange to c1m1_hotel --------
L 08/09/2021 - 19:06:57: [basecommands.smx] "Console<0><Console><Console>" changed cvar (cvar "sv_force_time_of_day") (value "0")
L 08/09/2021 - 19:06:57: [basecommands.smx] "Console<0><Console><Console>" changed cvar (cvar "z_witch_damage_per_kill_hit") (value "120")
L 08/09/2021 - 19:06:57: [basecommands.smx] "Console<0><Console><Console>" changed cvar (cvar "z_witch_anger_rate") (value "0.4")
L 08/09/2021 - 19:06:57: [basecommands.smx] "Console<0><Console><Console>" changed cvar (cvar "z_witch_flashlight_range") (value "2000")
L 08/09/2021 - 19:06:57: [basecommands.smx] "Console<0><Console><Console>" changed cvar (cvar "z_witch_burn_time") (value "100")
L 08/09/2021 - 19:06:57: [basecommands.smx] "Console<0><Console><Console>" changed cvar (cvar "z_tank_health") (value "4000")
L 08/09/2021 - 19:06:57: [basecommands.smx] "Console<0><Console><Console>" changed cvar (cvar "z_ghost_delay_min") (value "15")
L 08/09/2021 - 19:06:57: [basecommands.smx] "Console<0><Console><Console>" changed cvar (cvar "z_ghost_delay_max") (value "15")
L 08/09/2021 - 19:06:57: [basecommands.smx] "Console<0><Console><Console>" changed cvar (cvar "z_hunter_limit") (value "1")
L 08/09/2021 - 19:06:57: [basecommands.smx] "Console<0><Console><Console>" changed cvar (cvar "z_smoker_limit") (value "1")
L 08/09/2021 - 19:06:57: [basecommands.smx] "Console<0><Console><Console>" changed cvar (cvar "z_jockey_limit") (value "1")
L 08/09/2021 - 19:06:57: [basecommands.smx] "Console<0><Console><Console>" changed cvar (cvar "versus_tank_chance_intro") (value "1")
L 08/09/2021 - 19:06:57: [basecommands.smx] "Console<0><Console><Console>" changed cvar (cvar "versus_tank_chance_finale") (value "1")
L 08/09/2021 - 19:06:57: [basecommands.smx] "Console<0><Console><Console>" changed cvar (cvar "versus_tank_chance") (value "1")
L 08/09/2021 - 19:06:57: [basecommands.smx] "Console<0><Console><Console>" changed cvar (cvar "versus_witch_chance_intro") (value "0")
L 08/09/2021 - 19:06:57: [basecommands.smx] "Console<0><Console><Console>" changed cvar (cvar "versus_witch_chance_finale") (value "0")
L 08/09/2021 - 19:06:57: [basecommands.smx] "Console<0><Console><Console>" changed cvar (cvar "versus_witch_chance") (value "1")
L 08/09/2021 - 19:06:57: [basecommands.smx] "Console<0><Console><Console>" changed cvar (cvar "director_force_tank") (value "1")
L 08/09/2021 - 19:06:57: [basecommands.smx] "Console<0><Console><Console>" changed cvar (cvar "versus_boss_flow_min") (value "0.4")
L 08/09/2021 - 19:06:57: [basecommands.smx] "Console<0><Console><Console>" changed cvar (cvar "versus_boss_flow_max") (value "0.6")
L 08/09/2021 - 19:06:57: [basecommands.smx] "Console<0><Console><Console>" changed cvar (cvar "versus_boss_flow_min_intro") (value "0.1")
L 08/09/2021 - 19:06:57: [basecommands.smx] "Console<0><Console><Console>" changed cvar (cvar "versus_boss_flow_max_intro") (value "0.2")
L 08/09/2021 - 19:06:57: [basecommands.smx] "Console<0><Console><Console>" changed cvar (cvar "versus_boss_flow_min_finale") (value "0.1")
L 08/09/2021 - 19:06:57: [basecommands.smx] "Console<0><Console><Console>" changed cvar (cvar "versus_boss_flow_max_finale") (value "0.2")
L 08/09/2021 - 19:06:57: [basecommands.smx] "Console<0><Console><Console>" changed cvar (cvar "boomer_vomit_delay") (value "0.1")
L 08/09/2021 - 19:06:57: [basecommands.smx] "Console<0><Console><Console>" changed cvar (cvar "smoker_tongue_delay") (value "0.1")
L 08/09/2021 - 19:06:57: [basecommands.smx] "Console<0><Console><Console>" changed cvar (cvar "vs_survival_bonus") (value "35")
L 08/09/2021 - 19:06:57: [basecommands.smx] "Console<0><Console><Console>" changed cvar (cvar "z_tank_throw_health") (value "10")
L 08/09/2021 - 19:06:57: [basecommands.smx] "Console<0><Console><Console>" changed cvar (cvar "sv_client_min_interp_ratio") (value "-1")
L 08/09/2021 - 19:06:57: [basecommands.smx] "Console<0><Console><Console>" changed cvar (cvar "sv_client_max_interp_ratio") (value "0")
L 08/09/2021 - 19:06:57: [basecommands.smx] "Console<0><Console><Console>" changed cvar (cvar "sv_minrate") (value "100000")
L 08/09/2021 - 19:06:57: [basecommands.smx] "Console<0><Console><Console>" changed cvar (cvar "sv_maxrate") (value "100000")
L 08/09/2021 - 19:06:57: [basecommands.smx] "Console<0><Console><Console>" changed cvar (cvar "sv_mincmdrate") (value "100")
L 08/09/2021 - 19:06:57: [basecommands.smx] "Console<0><Console><Console>" changed cvar (cvar "sv_maxcmdrate") (value "100")
L 08/09/2021 - 19:06:57: [basecommands.smx] "Console<0><Console><Console>" changed cvar (cvar "sv_minupdaterate") (value "100")
L 08/09/2021 - 19:06:57: [basecommands.smx] "Console<0><Console><Console>" changed cvar (cvar "sv_maxupdaterate") (value "100")
L 08/09/2021 - 19:06:57: [basecommands.smx] "Console<0><Console><Console>" changed cvar (cvar "nb_update_frequency") (value "0.014")
L 08/09/2021 - 19:06:57: [basecommands.smx] "Console<0><Console><Console>" changed cvar (cvar "net_splitpacket_maxrate") (value "50000")
L 08/09/2021 - 19:06:57: [basecommands.smx] "Console<0><Console><Console>" changed cvar (cvar "fps_max") (value "0")
L 08/09/2021 - 19:06:57: [basecommands.smx] "Console<0><Console><Console>" changed cvar (cvar "hostname") (value "Versus")
L 08/09/2021 - 19:07:02: Log file closed.
