L 07/22/2020 - 11:26:55: SourceMod log file session started (file "L20200722.log") (Version "1.8.0.6041")
L 07/22/2020 - 11:26:55: -------- Mapchange to c8m1_apartment --------
L 07/22/2020 - 11:27:01: [l4d2_itemgiver.smx] Detected Left4Dead2!
L 07/22/2020 - 11:27:02: [simplewelcomemsg.smx] Set the maximum number of lines of.
L 07/22/2020 - 11:27:29: [SM] Changed map to "c8m1_apartment"
L 07/22/2020 - 11:27:31: -------- Mapchange to c8m1_apartment --------
L 07/22/2020 - 11:28:24: [funcommands.smx] "♛ Rain ♛<2><STEAM_1:0:162762726><>" toggled noclip on "♛ Rain ♛<2><STEAM_1:0:162762726><>"
L 07/22/2020 - 11:29:34: -------- Mapchange to c10m1_caves --------
L 07/22/2020 - 11:32:28: Log file closed.
L 07/22/2020 - 11:34:28: SourceMod log file session started (file "L20200722.log") (Version "1.8.0.6041")
L 07/22/2020 - 11:34:28: -------- Mapchange to c8m1_apartment --------
L 07/22/2020 - 11:34:29: [l4d2_itemgiver.smx] Detected Left4Dead2!
L 07/22/2020 - 11:34:30: [simplewelcomemsg.smx] Set the maximum number of lines of.
L 07/22/2020 - 11:34:39: [SM] Changed map to "c8m1_apartment"
L 07/22/2020 - 11:34:42: -------- Mapchange to c8m1_apartment --------
L 07/22/2020 - 11:35:23: [funcommands.smx] "♛ Rain ♛<2><STEAM_1:0:162762726><>" toggled noclip on "♛ Rain ♛<2><STEAM_1:0:162762726><>"
L 07/22/2020 - 11:35:35: [funcommands.smx] "♛ Rain ♛<2><STEAM_1:0:162762726><>" toggled noclip on "♛ Rain ♛<2><STEAM_1:0:162762726><>"
L 07/22/2020 - 11:37:12: Log file closed.
L 07/22/2020 - 12:21:39: SourceMod log file session started (file "L20200722.log") (Version "1.8.0.6041")
L 07/22/2020 - 12:21:39: -------- Mapchange to c8m1_apartment --------
L 07/22/2020 - 12:21:42: [l4d2_itemgiver.smx] Detected Left4Dead2!
L 07/22/2020 - 12:21:43: [simplewelcomemsg.smx] Set the maximum number of lines of.
L 07/22/2020 - 12:22:00: [SM] Changed map to "c8m1_apartment"
L 07/22/2020 - 12:22:02: -------- Mapchange to c8m1_apartment --------
L 07/22/2020 - 12:23:06: [basechat.smx] "♛ Rain ♛<2><STEAM_1:0:162762726><>" triggered sm_say (text hol)
L 07/22/2020 - 12:23:25: [basechat.smx] "♛ Rain ♛<2><STEAM_1:0:162762726><>" triggered sm_say (text hola)
L 07/22/2020 - 12:23:40: [funcommands.smx] "♛ Rain ♛<2><STEAM_1:0:162762726><>" toggled noclip on "♛ Rain ♛<2><STEAM_1:0:162762726><>"
L 07/22/2020 - 12:24:31: [funcommands.smx] "♛ Rain ♛<2><STEAM_1:0:162762726><>" toggled noclip on "♛ Rain ♛<2><STEAM_1:0:162762726><>"
L 07/22/2020 - 12:25:09: Log file closed.
L 07/22/2020 - 12:26:12: SourceMod log file session started (file "L20200722.log") (Version "1.8.0.6041")
L 07/22/2020 - 12:26:12: -------- Mapchange to c8m1_apartment --------
L 07/22/2020 - 12:26:13: [l4d2_itemgiver.smx] Detected Left4Dead2!
L 07/22/2020 - 12:26:14: [simplewelcomemsg.smx] Set the maximum number of lines of.
L 07/22/2020 - 12:26:23: [SM] Changed map to "c8m1_apartment"
L 07/22/2020 - 12:26:25: -------- Mapchange to c8m1_apartment --------
L 07/22/2020 - 12:27:11: [funcommands.smx] "♛ Rain ♛<2><STEAM_1:0:162762726><>" toggled noclip on "♛ Rain ♛<2><STEAM_1:0:162762726><>"
L 07/22/2020 - 12:28:15: Log file closed.
L 07/22/2020 - 12:37:15: SourceMod log file session started (file "L20200722.log") (Version "1.8.0.6041")
L 07/22/2020 - 12:37:15: -------- Mapchange to c1m1_hotel --------
L 07/22/2020 - 12:37:16: [GEOIP] GeoIP database info: GEO-106FREE 20180206 Build 1 Copyright (c) 2018 MaxMind Inc All Rights Reserved
L 07/22/2020 - 12:37:17: [l4d2_itemgiver.smx] Detected Left4Dead2!
L 07/22/2020 - 12:37:17: [simplewelcomemsg.smx] Set the maximum number of lines of.
L 07/22/2020 - 12:37:24: [SM] Changed map to "c1m1_hotel"
L 07/22/2020 - 12:37:27: -------- Mapchange to c1m1_hotel --------
L 07/22/2020 - 12:39:08: -------- Mapchange to c5m1_waterfront --------
L 07/22/2020 - 12:45:12: -------- Mapchange to c5m2_park --------
L 07/22/2020 - 12:48:20: -------- Mapchange to c2m1_highway --------
L 07/22/2020 - 12:51:14: Log file closed.
L 07/22/2020 - 12:59:51: SourceMod log file session started (file "L20200722.log") (Version "1.8.0.6041")
L 07/22/2020 - 12:59:51: -------- Mapchange to c2m1_highway --------
L 07/22/2020 - 12:59:54: [l4d2_itemgiver.smx] Detected Left4Dead2!
L 07/22/2020 - 12:59:55: [simplewelcomemsg.smx] Set the maximum number of lines of.
L 07/22/2020 - 13:00:03: [SM] Changed map to "c2m1_highway"
L 07/22/2020 - 13:00:06: -------- Mapchange to c2m1_highway --------
L 07/22/2020 - 13:05:14: Log file closed.
L 07/22/2020 - 14:26:49: SourceMod log file session started (file "L20200722.log") (Version "1.8.0.6041")
L 07/22/2020 - 14:26:49: -------- Mapchange to c8m1_apartment --------
L 07/22/2020 - 14:26:54: [l4d2_itemgiver.smx] Detected Left4Dead2!
L 07/22/2020 - 14:26:55: [simplewelcomemsg.smx] Set the maximum number of lines of.
L 07/22/2020 - 14:27:23: [SM] Changed map to "c8m1_apartment"
L 07/22/2020 - 14:27:25: -------- Mapchange to c8m1_apartment --------
L 07/22/2020 - 14:30:05: [funcommands.smx] "♛ Rain ♛<2><STEAM_1:0:162762726><>" toggled noclip on "♛ Rain ♛<2><STEAM_1:0:162762726><>"
L 07/22/2020 - 14:30:28: [playercommands.smx] "♛ Rain ♛<2><STEAM_1:0:162762726><>" slayed "Smoker<20><BOT><>"
L 07/22/2020 - 14:30:44: [playercommands.smx] "♛ Rain ♛<2><STEAM_1:0:162762726><>" slayed "♛ Rain ♛<2><STEAM_1:0:162762726><>"
L 07/22/2020 - 14:30:52: [playercommands.smx] "♛ Rain ♛<2><STEAM_1:0:162762726><>" slayed "Jockey<17><BOT><>"
L 07/22/2020 - 14:30:54: [playercommands.smx] "♛ Rain ♛<2><STEAM_1:0:162762726><>" slayed "Boomer<22><BOT><>"
L 07/22/2020 - 14:30:54: [playercommands.smx] "♛ Rain ♛<2><STEAM_1:0:162762726><>" slayed "Francis<15><BOT><>"
L 07/22/2020 - 14:30:55: [playercommands.smx] "♛ Rain ♛<2><STEAM_1:0:162762726><>" slayed "Bill<16><BOT><>"
L 07/22/2020 - 14:31:27: Log file closed.
L 07/22/2020 - 14:48:19: SourceMod log file session started (file "L20200722.log") (Version "1.8.0.6041")
L 07/22/2020 - 14:48:19: -------- Mapchange to c1m1_hotel --------
L 07/22/2020 - 14:48:23: [l4d2_itemgiver.smx] Detected Left4Dead2!
L 07/22/2020 - 14:48:23: [simplewelcomemsg.smx] Set the maximum number of lines of.
L 07/22/2020 - 14:48:38: [SM] Changed map to "c1m1_hotel"
L 07/22/2020 - 14:48:41: -------- Mapchange to c1m1_hotel --------
L 07/22/2020 - 15:04:57: Log file closed.
L 07/22/2020 - 15:12:36: SourceMod log file session started (file "L20200722.log") (Version "1.8.0.6041")
L 07/22/2020 - 15:12:36: Log file closed.
L 07/22/2020 - 16:00:28: SourceMod log file session started (file "L20200722.log") (Version "1.8.0.6041")
L 07/22/2020 - 16:00:28: Log file closed.
L 07/22/2020 - 16:37:57: SourceMod log file session started (file "L20200722.log") (Version "1.8.0.6041")
L 07/22/2020 - 16:37:57: Log file closed.
L 07/22/2020 - 17:06:02: SourceMod log file session started (file "L20200722.log") (Version "1.8.0.6041")
L 07/22/2020 - 17:06:02: Log file closed.
L 07/22/2020 - 18:32:21: SourceMod log file session started (file "L20200722.log") (Version "1.8.0.6041")
L 07/22/2020 - 18:32:21: Log file closed.
L 07/22/2020 - 20:58:16: SourceMod log file session started (file "L20200722.log") (Version "1.8.0.6041")
L 07/22/2020 - 20:58:16: -------- Mapchange to c8m1_apartment --------
L 07/22/2020 - 20:58:19: [GEOIP] GeoIP database info: GEO-106FREE 20180206 Build 1 Copyright (c) 2018 MaxMind Inc All Rights Reserved
L 07/22/2020 - 20:58:21: [l4d2_itemgiver.smx] Detected Left4Dead2!
L 07/22/2020 - 20:58:21: [simplewelcomemsg.smx] Set the maximum number of lines of.
L 07/22/2020 - 20:58:49: [SM] Changed map to "c8m1_apartment"
L 07/22/2020 - 20:58:51: -------- Mapchange to c8m1_apartment --------
L 07/22/2020 - 20:59:45: [funcommands.smx] "♛ Rain ♛<2><STEAM_1:0:162762726><>" toggled noclip on "♛ Rain ♛<2><STEAM_1:0:162762726><>"
L 07/22/2020 - 21:00:41: -------- Mapchange to c1m2_streets --------
L 07/22/2020 - 21:01:19: [funcommands.smx] "♛ Rain ♛<10><STEAM_1:0:162762726><>" toggled noclip on "♛ Rain ♛<10><STEAM_1:0:162762726><>"
L 07/22/2020 - 21:01:46: [playercommands.smx] "♛ Rain ♛<10><STEAM_1:0:162762726><>" slayed "♛ Rain ♛<10><STEAM_1:0:162762726><>"
L 07/22/2020 - 21:02:18: Log file closed.
L 07/22/2020 - 21:05:27: SourceMod log file session started (file "L20200722.log") (Version "1.8.0.6041")
L 07/22/2020 - 21:05:27: -------- Mapchange to c8m1_apartment --------
L 07/22/2020 - 21:05:29: [GEOIP] GeoIP database info: GEO-106FREE 20180206 Build 1 Copyright (c) 2018 MaxMind Inc All Rights Reserved
L 07/22/2020 - 21:05:31: [l4d2_itemgiver.smx] Detected Left4Dead2!
L 07/22/2020 - 21:05:31: [simplewelcomemsg.smx] Set the maximum number of lines of.
L 07/22/2020 - 21:05:48: [SM] Changed map to "c8m1_apartment"
L 07/22/2020 - 21:05:50: -------- Mapchange to c8m1_apartment --------
L 07/22/2020 - 21:06:13: [funcommands.smx] "♛ Rain ♛<2><STEAM_1:0:162762726><>" toggled noclip on "♛ Rain ♛<2><STEAM_1:0:162762726><>"
L 07/22/2020 - 21:06:54: [funcommands.smx] "♛ Rain ♛<2><STEAM_1:0:162762726><>" toggled noclip on "♛ Rain ♛<2><STEAM_1:0:162762726><>"
L 07/22/2020 - 21:08:59: [playercommands.smx] "♛ Rain ♛<2><STEAM_1:0:162762726><>" slayed "Zoey<3><BOT><>"
L 07/22/2020 - 21:08:59: [playercommands.smx] "♛ Rain ♛<2><STEAM_1:0:162762726><>" slayed "♛ Rain ♛<2><STEAM_1:0:162762726><>"
L 07/22/2020 - 21:09:00: [playercommands.smx] "♛ Rain ♛<2><STEAM_1:0:162762726><>" slayed "Francis<4><BOT><>"
L 07/22/2020 - 21:09:00: [playercommands.smx] "♛ Rain ♛<2><STEAM_1:0:162762726><>" slayed "Louis<5><BOT><>"
L 07/22/2020 - 21:09:00: [playercommands.smx] "♛ Rain ♛<2><STEAM_1:0:162762726><>" slayed "Smoker<6><BOT><>"
L 07/22/2020 - 21:09:00: [playercommands.smx] "♛ Rain ♛<2><STEAM_1:0:162762726><>" slayed "Bill<16><BOT><>"
L 07/22/2020 - 21:11:30: -------- Mapchange to c8m1_apartment --------
L 07/22/2020 - 21:19:59: -------- Mapchange to c8m2_subway --------
L 07/22/2020 - 21:21:16: SourceMod log file session started (file "L20200722.log") (Version "1.8.0.6041")
L 07/22/2020 - 21:21:16: -------- Mapchange to c5m1_waterfront --------
L 07/22/2020 - 21:21:17: [GEOIP] GeoIP database info: GEO-106FREE 20180206 Build 1 Copyright (c) 2018 MaxMind Inc All Rights Reserved
L 07/22/2020 - 21:21:18: [l4d2_itemgiver.smx] Detected Left4Dead2!
L 07/22/2020 - 21:21:18: [simplewelcomemsg.smx] Set the maximum number of lines of.
L 07/22/2020 - 21:21:24: [SM] Changed map to "c5m1_waterfront"
L 07/22/2020 - 21:21:27: -------- Mapchange to c5m1_waterfront --------
L 07/22/2020 - 21:24:08: -------- Mapchange to c5m1_waterfront --------
L 07/22/2020 - 21:26:33: [playercommands.smx] "♛ Rain ♛<16><STEAM_1:0:162762726><>" slayed "♛ Rain ♛<16><STEAM_1:0:162762726><>"
L 07/22/2020 - 21:26:35: [playercommands.smx] "♛ Rain ♛<16><STEAM_1:0:162762726><>" slayed "Coach<18><BOT><>"
L 07/22/2020 - 21:26:36: [playercommands.smx] "♛ Rain ♛<16><STEAM_1:0:162762726><>" slayed "Ellis<19><BOT><>"
L 07/22/2020 - 21:26:37: [playercommands.smx] "♛ Rain ♛<16><STEAM_1:0:162762726><>" slayed "♛ Rain ♛<16><STEAM_1:0:162762726><>"
L 07/22/2020 - 21:26:39: [playercommands.smx] "♛ Rain ♛<16><STEAM_1:0:162762726><>" slayed "♛ Rain ♛<16><STEAM_1:0:162762726><>"
L 07/22/2020 - 21:29:50: Log file closed.
L 07/22/2020 - 21:33:46: SourceMod log file session started (file "L20200722.log") (Version "1.8.0.6041")
L 07/22/2020 - 21:33:46: -------- Mapchange to c8m1_apartment --------
L 07/22/2020 - 21:33:47: [GEOIP] GeoIP database info: GEO-106FREE 20180206 Build 1 Copyright (c) 2018 MaxMind Inc All Rights Reserved
L 07/22/2020 - 21:33:48: [l4d2_itemgiver.smx] Detected Left4Dead2!
L 07/22/2020 - 21:33:48: [simplewelcomemsg.smx] Set the maximum number of lines of.
L 07/22/2020 - 21:34:01: [SM] Changed map to "c8m1_apartment"
L 07/22/2020 - 21:34:03: -------- Mapchange to c8m1_apartment --------
L 07/22/2020 - 21:36:08: Log file closed.
