L 07/04/2020 - 01:45:55: SourceMod log file session started (file "L20200704.log") (Version "1.8.0.6041")
L 07/04/2020 - 01:45:55: Log file closed.
L 07/04/2020 - 02:03:25: SourceMod log file session started (file "L20200704.log") (Version "1.8.0.6041")
L 07/04/2020 - 02:03:25: -------- Mapchange to c1m2_streets --------
L 07/04/2020 - 02:03:27: [simplewelcomemsg.smx] Set the maximum number of lines of.
L 07/04/2020 - 02:03:42: [SM] Changed map to "c1m2_streets"
L 07/04/2020 - 02:03:45: -------- Mapchange to c1m2_streets --------
L 07/04/2020 - 02:04:30: [playercommands.smx] "۩ fᵉᵃʳ ۩ Rain❤Delta<2><STEAM_1:0:162762726><>" slayed "۩ fᵉᵃʳ ۩ Rain❤Delta<2><STEAM_1:0:162762726><>"
L 07/04/2020 - 02:04:41: [playercommands.smx] "۩ fᵉᵃʳ ۩ Rain❤Delta<2><STEAM_1:0:162762726><>" slayed "Ellis<3><BOT><>"
L 07/04/2020 - 02:04:41: [playercommands.smx] "۩ fᵉᵃʳ ۩ Rain❤Delta<2><STEAM_1:0:162762726><>" slayed "۩ fᵉᵃʳ ۩ Rain❤Delta<2><STEAM_1:0:162762726><>"
L 07/04/2020 - 02:06:12: Log file closed.
L 07/04/2020 - 02:13:35: SourceMod log file session started (file "L20200704.log") (Version "1.8.0.6041")
L 07/04/2020 - 02:13:35: -------- Mapchange to c1m2_streets --------
L 07/04/2020 - 02:13:37: [simplewelcomemsg.smx] Set the maximum number of lines of.
L 07/04/2020 - 02:14:01: [SM] Changed map to "c1m2_streets"
L 07/04/2020 - 02:14:24: -------- Mapchange to c1m2_streets --------
L 07/04/2020 - 02:16:32: [funcommands.smx] "۩ fᵉᵃʳ ۩ Rain❤Delta<2><STEAM_1:0:162762726><>" toggled noclip on "۩ fᵉᵃʳ ۩ Rain❤Delta<2><STEAM_1:0:162762726><>"
L 07/04/2020 - 02:16:53: [funcommands.smx] "۩ fᵉᵃʳ ۩ Rain❤Delta<2><STEAM_1:0:162762726><>" toggled noclip on "۩ fᵉᵃʳ ۩ Rain❤Delta<2><STEAM_1:0:162762726><>"
L 07/04/2020 - 02:17:50: -------- Mapchange to c1m3_mall --------
L 07/04/2020 - 02:18:42: [funcommands.smx] "۩ fᵉᵃʳ ۩ Rain❤Delta<2><STEAM_1:0:162762726><>" toggled noclip on "۩ fᵉᵃʳ ۩ Rain❤Delta<2><STEAM_1:0:162762726><>"
L 07/04/2020 - 02:22:11: Log file closed.
L 07/04/2020 - 02:25:03: SourceMod log file session started (file "L20200704.log") (Version "1.8.0.6041")
L 07/04/2020 - 02:25:03: -------- Mapchange to c1m2_streets --------
L 07/04/2020 - 02:25:05: [simplewelcomemsg.smx] Set the maximum number of lines of.
L 07/04/2020 - 02:25:16: [SM] Changed map to "c1m2_streets"
L 07/04/2020 - 02:25:19: -------- Mapchange to c1m2_streets --------
L 07/04/2020 - 02:26:03: [playercommands.smx] "۩ fᵉᵃʳ ۩ Rain❤Delta<2><STEAM_1:0:162762726><>" slayed "۩ fᵉᵃʳ ۩ Rain❤Delta<2><STEAM_1:0:162762726><>"
L 07/04/2020 - 02:26:18: [funcommands.smx] "۩ fᵉᵃʳ ۩ Rain❤Delta<2><STEAM_1:0:162762726><>" toggled noclip on "۩ fᵉᵃʳ ۩ Rain❤Delta<2><STEAM_1:0:162762726><>"
L 07/04/2020 - 02:26:44: Log file closed.
L 07/04/2020 - 06:03:55: SourceMod log file session started (file "L20200704.log") (Version "1.8.0.6041")
L 07/04/2020 - 06:03:55: -------- Mapchange to c1m2_streets --------
L 07/04/2020 - 06:03:58: [simplewelcomemsg.smx] Set the maximum number of lines of.
L 07/04/2020 - 06:04:17: [SM] Changed map to "c1m2_streets"
L 07/04/2020 - 06:04:20: -------- Mapchange to c1m2_streets --------
L 07/04/2020 - 06:07:36: Log file closed.
L 07/04/2020 - 06:10:57: SourceMod log file session started (file "L20200704.log") (Version "1.8.0.6041")
L 07/04/2020 - 06:10:57: -------- Mapchange to c1m2_streets --------
L 07/04/2020 - 06:10:58: [simplewelcomemsg.smx] Set the maximum number of lines of.
L 07/04/2020 - 06:11:03: [SM] Changed map to "c1m2_streets"
L 07/04/2020 - 06:11:06: -------- Mapchange to c1m2_streets --------
L 07/04/2020 - 06:15:22: Log file closed.
L 07/04/2020 - 06:35:34: SourceMod log file session started (file "L20200704.log") (Version "1.8.0.6041")
L 07/04/2020 - 06:35:34: -------- Mapchange to c1m2_streets --------
L 07/04/2020 - 06:35:35: [simplewelcomemsg.smx] Set the maximum number of lines of.
L 07/04/2020 - 06:35:41: [SM] Changed map to "c1m2_streets"
L 07/04/2020 - 06:35:44: -------- Mapchange to c1m2_streets --------
L 07/04/2020 - 06:38:41: -------- Mapchange to c1m2_streets --------
L 07/04/2020 - 06:40:04: Log file closed.
L 07/04/2020 - 06:47:38: SourceMod log file session started (file "L20200704.log") (Version "1.8.0.6041")
L 07/04/2020 - 06:47:38: -------- Mapchange to c1m2_streets --------
L 07/04/2020 - 06:47:39: [simplewelcomemsg.smx] Set the maximum number of lines of.
L 07/04/2020 - 06:47:45: [SM] Changed map to "c1m2_streets"
L 07/04/2020 - 06:47:48: -------- Mapchange to c1m2_streets --------
L 07/04/2020 - 06:51:26: Log file closed.
L 07/04/2020 - 06:57:16: SourceMod log file session started (file "L20200704.log") (Version "1.8.0.6041")
L 07/04/2020 - 06:57:16: -------- Mapchange to c1m2_streets --------
L 07/04/2020 - 06:57:17: [simplewelcomemsg.smx] Set the maximum number of lines of.
L 07/04/2020 - 06:57:22: [SM] Changed map to "c1m2_streets"
L 07/04/2020 - 06:57:25: -------- Mapchange to c1m2_streets --------
L 07/04/2020 - 07:09:34: -------- Mapchange to C12m1_hilltop --------
L 07/04/2020 - 07:12:29: -------- Mapchange to c10m1_caves --------
L 07/04/2020 - 07:14:17: -------- Mapchange to c5m1_waterfront --------
L 07/04/2020 - 07:15:37: -------- Mapchange to c4m1_milltown_a --------
L 07/04/2020 - 07:16:23: [playercommands.smx] "۩ fᵉᵃʳ ۩ Rain❤Delta<2><STEAM_1:0:162762726><>" slayed "Jumper Tankㅣ점퍼탱크<46><BOT><>"
L 07/04/2020 - 07:18:06: Log file closed.
L 07/04/2020 - 18:31:30: SourceMod log file session started (file "L20200704.log") (Version "1.8.0.6041")
L 07/04/2020 - 18:31:30: -------- Mapchange to c1m2_streets --------
L 07/04/2020 - 18:31:33: [simplewelcomemsg.smx] Set the maximum number of lines of.
L 07/04/2020 - 18:31:50: [SM] Changed map to "c1m2_streets"
L 07/04/2020 - 18:31:53: -------- Mapchange to c1m2_streets --------
L 07/04/2020 - 18:36:53: [playercommands.smx] "۩ fᵉᵃʳ ۩ Rain❤Delta<2><STEAM_1:0:162762726><>" slayed "Nick<4><BOT><>"
L 07/04/2020 - 18:36:55: [playercommands.smx] "۩ fᵉᵃʳ ۩ Rain❤Delta<2><STEAM_1:0:162762726><>" slayed "۩ fᵉᵃʳ ۩ Rain❤Delta<2><STEAM_1:0:162762726><>"
L 07/04/2020 - 18:37:25: Log file closed.
L 07/04/2020 - 18:49:21: SourceMod log file session started (file "L20200704.log") (Version "1.8.0.6041")
L 07/04/2020 - 18:49:21: -------- Mapchange to c1m2_streets --------
L 07/04/2020 - 18:49:23: [simplewelcomemsg.smx] Set the maximum number of lines of.
L 07/04/2020 - 18:49:33: [SM] Changed map to "c1m2_streets"
L 07/04/2020 - 18:49:36: -------- Mapchange to c1m2_streets --------
L 07/04/2020 - 18:53:02: -------- Mapchange to c1m2_streets --------
L 07/04/2020 - 18:55:31: [playercommands.smx] "۩ fᵉᵃʳ ۩ Rain❤Delta<17><STEAM_1:0:162762726><>" slayed "۩ fᵉᵃʳ ۩ Rain❤Delta<17><STEAM_1:0:162762726><>"
L 07/04/2020 - 18:56:41: [playercommands.smx] "۩ fᵉᵃʳ ۩ Rain❤Delta<17><STEAM_1:0:162762726><>" slayed "۩ fᵉᵃʳ ۩ Rain❤Delta<17><STEAM_1:0:162762726><>"
L 07/04/2020 - 18:57:11: -------- Mapchange to c1m3_mall --------
L 07/04/2020 - 18:59:15: Log file closed.
L 07/04/2020 - 19:35:02: SourceMod log file session started (file "L20200704.log") (Version "1.8.0.6041")
L 07/04/2020 - 19:35:02: -------- Mapchange to c1m2_streets --------
L 07/04/2020 - 19:35:05: [simplewelcomemsg.smx] Set the maximum number of lines of.
L 07/04/2020 - 19:35:19: [SM] Changed map to "c1m2_streets"
L 07/04/2020 - 19:35:22: -------- Mapchange to c1m2_streets --------
L 07/04/2020 - 19:37:55: Log file closed.
L 07/04/2020 - 19:47:08: SourceMod log file session started (file "L20200704.log") (Version "1.8.0.6041")
L 07/04/2020 - 19:47:08: -------- Mapchange to c1m2_streets --------
L 07/04/2020 - 19:47:09: [simplewelcomemsg.smx] Set the maximum number of lines of.
L 07/04/2020 - 19:47:15: [SM] Changed map to "c1m2_streets"
L 07/04/2020 - 19:47:18: -------- Mapchange to c1m2_streets --------
L 07/04/2020 - 19:55:28: [playercommands.smx] "۩ fᵉᵃʳ ۩ Rain❤Delta<2><STEAM_1:0:162762726><>" slayed "۩ fᵉᵃʳ ۩ Rain❤Delta<2><STEAM_1:0:162762726><>"
L 07/04/2020 - 19:56:09: [playercommands.smx] "۩ fᵉᵃʳ ۩ Rain❤Delta<2><STEAM_1:0:162762726><>" slayed "Tank<35><BOT><>"
L 07/04/2020 - 19:56:34: -------- Mapchange to c1m3_mall --------
L 07/04/2020 - 19:59:59: Log file closed.
L 07/04/2020 - 20:05:52: SourceMod log file session started (file "L20200704.log") (Version "1.8.0.6041")
L 07/04/2020 - 20:05:52: -------- Mapchange to c1m2_streets --------
L 07/04/2020 - 20:05:55: [simplewelcomemsg.smx] Set the maximum number of lines of.
L 07/04/2020 - 20:06:02: [SM] Changed map to "c1m2_streets"
L 07/04/2020 - 20:06:06: -------- Mapchange to c1m2_streets --------
L 07/04/2020 - 20:09:37: -------- Mapchange to c1m3_mall --------
L 07/04/2020 - 20:10:23: Log file closed.
L 07/04/2020 - 20:12:10: SourceMod log file session started (file "L20200704.log") (Version "1.8.0.6041")
L 07/04/2020 - 20:12:10: -------- Mapchange to c1m2_streets --------
L 07/04/2020 - 20:12:13: [simplewelcomemsg.smx] Set the maximum number of lines of.
L 07/04/2020 - 20:12:20: [SM] Changed map to "c1m2_streets"
L 07/04/2020 - 20:12:23: -------- Mapchange to c1m2_streets --------
L 07/04/2020 - 20:13:44: Log file closed.
L 07/04/2020 - 21:15:28: SourceMod log file session started (file "L20200704.log") (Version "1.8.0.6041")
L 07/04/2020 - 21:15:28: -------- Mapchange to c1m2_streets --------
L 07/04/2020 - 21:15:30: [simplewelcomemsg.smx] Set the maximum number of lines of.
L 07/04/2020 - 21:15:45: [SM] Changed map to "c1m2_streets"
L 07/04/2020 - 21:15:48: -------- Mapchange to c1m2_streets --------
L 07/04/2020 - 21:25:53: Log file closed.
L 07/04/2020 - 21:26:45: SourceMod log file session started (file "L20200704.log") (Version "1.8.0.6041")
L 07/04/2020 - 21:26:45: -------- Mapchange to c1m2_streets --------
L 07/04/2020 - 21:26:47: [simplewelcomemsg.smx] Set the maximum number of lines of.
L 07/04/2020 - 21:26:57: [SM] Changed map to "c1m2_streets"
L 07/04/2020 - 21:27:00: -------- Mapchange to c1m2_streets --------
L 07/04/2020 - 21:31:29: [playercommands.smx] "۩ fᵉᵃʳ ۩ Rain❤Delta<2><STEAM_1:0:162762726><>" slayed "۩ fᵉᵃʳ ۩ Rain❤Delta<2><STEAM_1:0:162762726><>"
L 07/04/2020 - 21:32:08: -------- Mapchange to c1m3_mall --------
L 07/04/2020 - 21:40:48: Log file closed.
L 07/04/2020 - 21:43:19: SourceMod log file session started (file "L20200704.log") (Version "1.8.0.6041")
L 07/04/2020 - 21:43:19: -------- Mapchange to c1m2_streets --------
L 07/04/2020 - 21:43:21: [simplewelcomemsg.smx] Set the maximum number of lines of.
L 07/04/2020 - 21:43:29: [SM] Changed map to "c1m2_streets"
L 07/04/2020 - 21:43:32: -------- Mapchange to c1m2_streets --------
L 07/04/2020 - 21:48:26: Log file closed.
L 07/04/2020 - 21:58:00: SourceMod log file session started (file "L20200704.log") (Version "1.8.0.6041")
L 07/04/2020 - 21:58:00: -------- Mapchange to c1m2_streets --------
L 07/04/2020 - 21:58:02: [simplewelcomemsg.smx] Set the maximum number of lines of.
L 07/04/2020 - 21:58:12: [SM] Changed map to "c1m2_streets"
L 07/04/2020 - 21:58:15: -------- Mapchange to c1m2_streets --------
L 07/04/2020 - 22:04:55: [playercommands.smx] "۩ fᵉᵃʳ ۩ Rain❤Delta<2><STEAM_1:0:162762726><>" slayed "Jockey<30><BOT><>"
L 07/04/2020 - 22:04:56: [playercommands.smx] "۩ fᵉᵃʳ ۩ Rain❤Delta<2><STEAM_1:0:162762726><>" slayed "۩ fᵉᵃʳ ۩ Rain❤Delta<2><STEAM_1:0:162762726><>"
L 07/04/2020 - 22:05:41: Log file closed.
