L 03/06/2021 - 14:51:44: SourceMod log file session started (file "D:\Steam\steamapps\common\Left 4 Dead 2\left4dead2\addons\sourcemod\logs\L20210306.log") (Version "1.10.0.6492")
L 03/06/2021 - 14:51:44: [simplewelcomemsg.smx] Set the maximum number of lines of.
L 03/06/2021 - 14:51:52: [basecommands.smx] "Console<0><Console><Console>" changed cvar (cvar "sv_force_time_of_day") (value "0")
L 03/06/2021 - 14:51:52: [basecommands.smx] "Console<0><Console><Console>" changed cvar (cvar "z_witch_damage_per_kill_hit") (value "120")
L 03/06/2021 - 14:51:52: [basecommands.smx] "Console<0><Console><Console>" changed cvar (cvar "z_witch_anger_rate") (value "0.4")
L 03/06/2021 - 14:51:52: [basecommands.smx] "Console<0><Console><Console>" changed cvar (cvar "z_witch_flashlight_range") (value "2000")
L 03/06/2021 - 14:51:52: [basecommands.smx] "Console<0><Console><Console>" changed cvar (cvar "z_witch_burn_time") (value "100")
L 03/06/2021 - 14:51:52: [basecommands.smx] "Console<0><Console><Console>" changed cvar (cvar "z_tank_health") (value "4000")
L 03/06/2021 - 14:51:52: [basecommands.smx] "Console<0><Console><Console>" changed cvar (cvar "z_ghost_delay_min") (value "15")
L 03/06/2021 - 14:51:52: [basecommands.smx] "Console<0><Console><Console>" changed cvar (cvar "z_ghost_delay_max") (value "15")
L 03/06/2021 - 14:51:52: [basecommands.smx] "Console<0><Console><Console>" changed cvar (cvar "z_hunter_limit") (value "1")
L 03/06/2021 - 14:51:52: [basecommands.smx] "Console<0><Console><Console>" changed cvar (cvar "z_smoker_limit") (value "1")
L 03/06/2021 - 14:51:52: [basecommands.smx] "Console<0><Console><Console>" changed cvar (cvar "z_jockey_limit") (value "1")
L 03/06/2021 - 14:51:52: [basecommands.smx] "Console<0><Console><Console>" changed cvar (cvar "versus_tank_chance_intro") (value "1")
L 03/06/2021 - 14:51:52: [basecommands.smx] "Console<0><Console><Console>" changed cvar (cvar "versus_tank_chance_finale") (value "1")
L 03/06/2021 - 14:51:52: [basecommands.smx] "Console<0><Console><Console>" changed cvar (cvar "versus_tank_chance") (value "1")
L 03/06/2021 - 14:51:52: [basecommands.smx] "Console<0><Console><Console>" changed cvar (cvar "versus_witch_chance_intro") (value "0")
L 03/06/2021 - 14:51:53: [basecommands.smx] "Console<0><Console><Console>" changed cvar (cvar "versus_witch_chance_finale") (value "0")
L 03/06/2021 - 14:51:53: [basecommands.smx] "Console<0><Console><Console>" changed cvar (cvar "versus_witch_chance") (value "1")
L 03/06/2021 - 14:51:53: [basecommands.smx] "Console<0><Console><Console>" changed cvar (cvar "director_force_tank") (value "1")
L 03/06/2021 - 14:51:53: [basecommands.smx] "Console<0><Console><Console>" changed cvar (cvar "versus_boss_flow_min") (value "0.4")
L 03/06/2021 - 14:51:53: [basecommands.smx] "Console<0><Console><Console>" changed cvar (cvar "versus_boss_flow_max") (value "0.6")
L 03/06/2021 - 14:51:53: [basecommands.smx] "Console<0><Console><Console>" changed cvar (cvar "versus_boss_flow_min_intro") (value "0.1")
L 03/06/2021 - 14:51:53: [basecommands.smx] "Console<0><Console><Console>" changed cvar (cvar "versus_boss_flow_max_intro") (value "0.2")
L 03/06/2021 - 14:51:53: [basecommands.smx] "Console<0><Console><Console>" changed cvar (cvar "versus_boss_flow_min_finale") (value "0.1")
L 03/06/2021 - 14:51:53: [basecommands.smx] "Console<0><Console><Console>" changed cvar (cvar "versus_boss_flow_max_finale") (value "0.2")
L 03/06/2021 - 14:51:53: [basecommands.smx] "Console<0><Console><Console>" changed cvar (cvar "boomer_vomit_delay") (value "0.1")
L 03/06/2021 - 14:51:53: [basecommands.smx] "Console<0><Console><Console>" changed cvar (cvar "smoker_tongue_delay") (value "0.1")
L 03/06/2021 - 14:51:53: [basecommands.smx] "Console<0><Console><Console>" changed cvar (cvar "vs_survival_bonus") (value "35")
L 03/06/2021 - 14:51:53: [basecommands.smx] "Console<0><Console><Console>" changed cvar (cvar "z_tank_throw_health") (value "10")
L 03/06/2021 - 14:51:53: [basecommands.smx] "Console<0><Console><Console>" changed cvar (cvar "sv_client_min_interp_ratio") (value "-1")
L 03/06/2021 - 14:51:53: [basecommands.smx] "Console<0><Console><Console>" changed cvar (cvar "sv_client_max_interp_ratio") (value "0")
L 03/06/2021 - 14:51:53: [basecommands.smx] "Console<0><Console><Console>" changed cvar (cvar "sv_minrate") (value "100000")
L 03/06/2021 - 14:51:53: [basecommands.smx] "Console<0><Console><Console>" changed cvar (cvar "sv_maxrate") (value "100000")
L 03/06/2021 - 14:51:53: [basecommands.smx] "Console<0><Console><Console>" changed cvar (cvar "sv_mincmdrate") (value "100")
L 03/06/2021 - 14:51:53: [basecommands.smx] "Console<0><Console><Console>" changed cvar (cvar "sv_maxcmdrate") (value "100")
L 03/06/2021 - 14:51:53: [basecommands.smx] "Console<0><Console><Console>" changed cvar (cvar "sv_minupdaterate") (value "100")
L 03/06/2021 - 14:51:53: [basecommands.smx] "Console<0><Console><Console>" changed cvar (cvar "sv_maxupdaterate") (value "100")
L 03/06/2021 - 14:51:53: [basecommands.smx] "Console<0><Console><Console>" changed cvar (cvar "nb_update_frequency") (value "0.014")
L 03/06/2021 - 14:51:53: [basecommands.smx] "Console<0><Console><Console>" changed cvar (cvar "net_splitpacket_maxrate") (value "50000")
L 03/06/2021 - 14:51:53: [basecommands.smx] "Console<0><Console><Console>" changed cvar (cvar "fps_max") (value "0")
L 03/06/2021 - 14:51:53: [basecommands.smx] "Console<0><Console><Console>" changed cvar (cvar "hostname") (value "Versus")
L 03/06/2021 - 14:54:01: [l4d2_skill_detect.smx] Charge carry start: 4 - 2 -- time: 131.00
L 03/06/2021 - 14:54:04: [l4d2_skill_detect.smx] Clear: 1 freed 2 from 4: time: 1.38 / 2.72 -- class: charger (with shove? 0)
L 03/06/2021 - 14:54:04: [l4d2_skill_detect.smx] Checking charge victim: 4 - 2 - flags: 1 (alive? 1)
L 03/06/2021 - 14:54:17: [l4d2_skill_detect.smx] Clear: 1 freed 6 from 8: time: 1.33 / -1.00 -- class: hunter (with shove? 0)
L 03/06/2021 - 14:54:38: [l4d2_skill_detect.smx] Charge carry start: 4 - 5 -- time: 167.86
L 03/06/2021 - 14:54:42: [l4d2_skill_detect.smx] Clear: 1 freed 2 from 3: time: 1.76 / -1.00 -- class: jockey (with shove? 1)
L 03/06/2021 - 14:54:42: [l4d2_skill_detect.smx] Checking charge victim: 4 - 5 - flags: 1 (alive? 1)
L 03/06/2021 - 14:54:51: [admin_hp.smx]  
L 03/06/2021 - 14:55:05: [l4d2_skill_detect.smx] Clear: 1 freed 1 from 4: time: -1.00 / 0.00 -- class: smoker (with shove? 0)
L 03/06/2021 - 14:55:12: [l4d2_skill_detect.smx] Clear: 1 freed 6 from 7: time: 1.44 / -1.00 -- class: jockey (with shove? 0)
L 03/06/2021 - 14:55:15: [l4d2_skill_detect.smx] Clear: 5 freed 6 from 4: time: -1.00 / 2.92 -- class: smoker (with shove? 1)
L 03/06/2021 - 14:55:21: [l4d2_skill_detect.smx] Charge carry start: 3 - 2 -- time: 210.69
L 03/06/2021 - 14:55:25: [l4d2_skill_detect.smx] Checking charge victim: 3 - 5 - flags: 0 (alive? 1)
L 03/06/2021 - 14:55:26: [l4d2_skill_detect.smx] Checking charge victim: 3 - 2 - flags: 1 (alive? 1)
L 03/06/2021 - 14:55:27: [l4d2_skill_detect.smx] Clear: 5 freed 2 from 3: time: 2.24 / 5.72 -- class: charger (with shove? 0)
L 03/06/2021 - 14:55:32: [basecommands.smx] "♛ Rain ♛<2><STEAM_1:0:162762726><>" changed cvar (cvar "vs_max_team_switches") (value "0")
L 03/06/2021 - 14:55:50: [l4d2_skill_detect.smx] Clear: 5 freed 6 from 9: time: 8.07 / -1.00 -- class: jockey (with shove? 0)
L 03/06/2021 - 14:55:57: [l4d2_skill_detect.smx] Clear: 2 freed 1 from 3: time: 2.50 / 4.69 -- class: smoker (with shove? 0)
L 03/06/2021 - 14:56:35: [l4d2_skill_detect.smx] Charge carry start: 7 - 1 -- time: 284.94
L 03/06/2021 - 14:56:36: [l4d2_skill_detect.smx] Clear: 2 freed 6 from 4: time: -1.00 / 1.77 -- class: smoker (with shove? 1)
L 03/06/2021 - 14:56:39: [l4d2_skill_detect.smx] Clear: 2 freed 1 from 7: time: 1.87 / 3.50 -- class: charger (with shove? 0)
L 03/06/2021 - 14:56:39: [l4d2_skill_detect.smx] Checking charge victim: 7 - 1 - flags: 1 (alive? 1)
L 03/06/2021 - 14:56:43: [l4d2_skill_detect.smx] Clear: 2 freed 5 from 3: time: 5.23 / -1.00 -- class: hunter (with shove? 0)
L 03/06/2021 - 14:57:28: [l4d2_skill_detect.smx] Charge carry start: 9 - 5 -- time: 337.73
L 03/06/2021 - 14:57:31: [l4d2_skill_detect.smx] Checking charge victim: 9 - 5 - flags: 1 (alive? 1)
L 03/06/2021 - 14:57:57: [l4d2_skill_detect.smx] Clear: 2 freed 5 from 9: time: 1.20 / -1.00 -- class: hunter (with shove? 0)
L 03/06/2021 - 14:58:32: [l4d2_skill_detect.smx] Clear: 2 freed 1 from 7: time: 8.50 / -1.00 -- class: jockey (with shove? 0)
L 03/06/2021 - 14:59:05: [l4d2_skill_detect.smx] Clear: 6 freed 2 from 3: time: 2.70 / -1.00 -- class: jockey (with shove? 0)
L 03/06/2021 - 14:59:27: [l4d2_skill_detect.smx] Clear: 4 freed 2 from 9: time: 3.48 / 456.50 -- class: charger (with shove? 0)
L 03/06/2021 - 14:59:30: [l4d2_skill_detect.smx] Clear: 4 freed 4 from 3: time: -1.00 / 0.98 -- class: smoker (with shove? 1)
L 03/06/2021 - 15:00:17: [l4d2_skill_detect.smx] Charge carry start: 3 - 6 -- time: 506.75
L 03/06/2021 - 15:00:19: [l4d2_skill_detect.smx] Checking charge victim: 3 - 6 - flags: 33 (alive? 0)
L 03/06/2021 - 15:00:21: [l4d2_skill_detect.smx] Checking charge victim: 3 - 2 - flags: 0 (alive? 1)
L 03/06/2021 - 15:02:23: [l4d2_skill_detect.smx] Clear: 10 freed 3 from 2: time: 1.03 / -1.00 -- class: jockey (with shove? 0)
L 03/06/2021 - 15:02:28: [l4d2_skill_detect.smx] Clear: 3 freed 8 from 4: time: 0.14 / 6.02 -- class: smoker (with shove? 0)
L 03/06/2021 - 15:03:06: [l4d2_skill_detect.smx] Charge carry start: 1 - 10 -- time: 675.25
L 03/06/2021 - 15:03:07: [l4d2_skill_detect.smx] Clear: 3 freed 10 from 1: time: 0.17 / 1.51 -- class: charger (with shove? 0)
L 03/06/2021 - 15:03:08: [l4d2_skill_detect.smx] Clear: 8 freed 10 from 4: time: 0.97 / -1.00 -- class: jockey (with shove? 0)
L 03/06/2021 - 15:03:09: [l4d2_skill_detect.smx] Checking charge victim: 1 - 10 - flags: 1 (alive? 1)
L 03/06/2021 - 15:04:03: [l4d2_skill_detect.smx] Clear: 8 freed 3 from 4: time: 1.11 / -1.00 -- class: hunter (with shove? 0)
L 03/06/2021 - 15:04:17: [l4d2_skill_detect.smx] Clear: 10 freed 9 from 2: time: -1.00 / 1.76 -- class: smoker (with shove? 1)
L 03/06/2021 - 15:05:26: [l4d2_skill_detect.smx] Clear: 9 freed 10 from 1: time: 2.83 / 2.83 -- class: smoker (with shove? 1)
L 03/06/2021 - 15:05:53: [l4d2_skill_detect.smx] Clear: 3 freed 3 from 1: time: -1.00 / 0.76 -- class: smoker (with shove? 1)
L 03/06/2021 - 15:06:49: [l4d2_skill_detect.smx] Clear: 8 freed 5 from 2: time: 1.91 / -1.00 -- class: jockey (with shove? 0)
L 03/06/2021 - 15:06:49: [l4d2_skill_detect.smx] Charge carry start: 6 - 5 -- time: 898.95
L 03/06/2021 - 15:06:50: [l4d2_skill_detect.smx] Clear: 3 freed 5 from 6: time: 0.21 / 1.13 -- class: charger (with shove? 0)
L 03/06/2021 - 15:06:52: [l4d2_skill_detect.smx] Clear: 9 freed 3 from 4: time: -1.00 / 1.35 -- class: smoker (with shove? 1)
L 03/06/2021 - 15:06:52: [l4d2_skill_detect.smx] Checking charge victim: 6 - 5 - flags: 1 (alive? 1)
L 03/06/2021 - 15:07:19: -------- Mapchange to c2m2_fairgrounds --------
L 03/06/2021 - 15:07:22: [basecommands.smx] "Console<0><Console><Console>" changed cvar (cvar "sv_force_time_of_day") (value "0")
L 03/06/2021 - 15:07:22: [basecommands.smx] "Console<0><Console><Console>" changed cvar (cvar "z_witch_damage_per_kill_hit") (value "120")
L 03/06/2021 - 15:07:22: [basecommands.smx] "Console<0><Console><Console>" changed cvar (cvar "z_witch_anger_rate") (value "0.4")
L 03/06/2021 - 15:07:22: [basecommands.smx] "Console<0><Console><Console>" changed cvar (cvar "z_witch_flashlight_range") (value "2000")
L 03/06/2021 - 15:07:22: [basecommands.smx] "Console<0><Console><Console>" changed cvar (cvar "z_witch_burn_time") (value "100")
L 03/06/2021 - 15:07:22: [basecommands.smx] "Console<0><Console><Console>" changed cvar (cvar "z_tank_health") (value "4000")
L 03/06/2021 - 15:07:22: [basecommands.smx] "Console<0><Console><Console>" changed cvar (cvar "z_ghost_delay_min") (value "15")
L 03/06/2021 - 15:07:22: [basecommands.smx] "Console<0><Console><Console>" changed cvar (cvar "z_ghost_delay_max") (value "15")
L 03/06/2021 - 15:07:22: [basecommands.smx] "Console<0><Console><Console>" changed cvar (cvar "z_hunter_limit") (value "1")
L 03/06/2021 - 15:07:22: [basecommands.smx] "Console<0><Console><Console>" changed cvar (cvar "z_smoker_limit") (value "1")
L 03/06/2021 - 15:07:22: [basecommands.smx] "Console<0><Console><Console>" changed cvar (cvar "z_jockey_limit") (value "1")
L 03/06/2021 - 15:07:22: [basecommands.smx] "Console<0><Console><Console>" changed cvar (cvar "versus_tank_chance_intro") (value "1")
L 03/06/2021 - 15:07:22: [basecommands.smx] "Console<0><Console><Console>" changed cvar (cvar "versus_tank_chance_finale") (value "1")
L 03/06/2021 - 15:07:22: [basecommands.smx] "Console<0><Console><Console>" changed cvar (cvar "versus_tank_chance") (value "1")
L 03/06/2021 - 15:07:22: [basecommands.smx] "Console<0><Console><Console>" changed cvar (cvar "versus_witch_chance_intro") (value "0")
L 03/06/2021 - 15:07:22: [basecommands.smx] "Console<0><Console><Console>" changed cvar (cvar "versus_witch_chance_finale") (value "0")
L 03/06/2021 - 15:07:22: [basecommands.smx] "Console<0><Console><Console>" changed cvar (cvar "versus_witch_chance") (value "1")
L 03/06/2021 - 15:07:22: [basecommands.smx] "Console<0><Console><Console>" changed cvar (cvar "director_force_tank") (value "1")
L 03/06/2021 - 15:07:22: [basecommands.smx] "Console<0><Console><Console>" changed cvar (cvar "versus_boss_flow_min") (value "0.4")
L 03/06/2021 - 15:07:22: [basecommands.smx] "Console<0><Console><Console>" changed cvar (cvar "versus_boss_flow_max") (value "0.6")
L 03/06/2021 - 15:07:22: [basecommands.smx] "Console<0><Console><Console>" changed cvar (cvar "versus_boss_flow_min_intro") (value "0.1")
L 03/06/2021 - 15:07:22: [basecommands.smx] "Console<0><Console><Console>" changed cvar (cvar "versus_boss_flow_max_intro") (value "0.2")
L 03/06/2021 - 15:07:22: [basecommands.smx] "Console<0><Console><Console>" changed cvar (cvar "versus_boss_flow_min_finale") (value "0.1")
L 03/06/2021 - 15:07:22: [basecommands.smx] "Console<0><Console><Console>" changed cvar (cvar "versus_boss_flow_max_finale") (value "0.2")
L 03/06/2021 - 15:07:22: [basecommands.smx] "Console<0><Console><Console>" changed cvar (cvar "boomer_vomit_delay") (value "0.1")
L 03/06/2021 - 15:07:22: [basecommands.smx] "Console<0><Console><Console>" changed cvar (cvar "smoker_tongue_delay") (value "0.1")
L 03/06/2021 - 15:07:22: [basecommands.smx] "Console<0><Console><Console>" changed cvar (cvar "vs_survival_bonus") (value "35")
L 03/06/2021 - 15:07:22: [basecommands.smx] "Console<0><Console><Console>" changed cvar (cvar "z_tank_throw_health") (value "10")
L 03/06/2021 - 15:07:22: [basecommands.smx] "Console<0><Console><Console>" changed cvar (cvar "sv_client_min_interp_ratio") (value "-1")
L 03/06/2021 - 15:07:22: [basecommands.smx] "Console<0><Console><Console>" changed cvar (cvar "sv_client_max_interp_ratio") (value "0")
L 03/06/2021 - 15:07:22: [basecommands.smx] "Console<0><Console><Console>" changed cvar (cvar "sv_minrate") (value "100000")
L 03/06/2021 - 15:07:22: [basecommands.smx] "Console<0><Console><Console>" changed cvar (cvar "sv_maxrate") (value "100000")
L 03/06/2021 - 15:07:22: [basecommands.smx] "Console<0><Console><Console>" changed cvar (cvar "sv_mincmdrate") (value "100")
L 03/06/2021 - 15:07:22: [basecommands.smx] "Console<0><Console><Console>" changed cvar (cvar "sv_maxcmdrate") (value "100")
L 03/06/2021 - 15:07:22: [basecommands.smx] "Console<0><Console><Console>" changed cvar (cvar "sv_minupdaterate") (value "100")
L 03/06/2021 - 15:07:22: [basecommands.smx] "Console<0><Console><Console>" changed cvar (cvar "sv_maxupdaterate") (value "100")
L 03/06/2021 - 15:07:22: [basecommands.smx] "Console<0><Console><Console>" changed cvar (cvar "nb_update_frequency") (value "0.014")
L 03/06/2021 - 15:07:22: [basecommands.smx] "Console<0><Console><Console>" changed cvar (cvar "net_splitpacket_maxrate") (value "50000")
L 03/06/2021 - 15:07:22: [basecommands.smx] "Console<0><Console><Console>" changed cvar (cvar "fps_max") (value "0")
L 03/06/2021 - 15:07:22: [basecommands.smx] "Console<0><Console><Console>" changed cvar (cvar "hostname") (value "Versus")
L 03/06/2021 - 15:09:16: [l4d2_skill_detect.smx] Clear: 10 freed 9 from 1: time: 4.52 / -1.00 -- class: jockey (with shove? 0)
L 03/06/2021 - 15:09:46: [l4d2_skill_detect.smx] Charge carry start: 2 - 10 -- time: 142.61
L 03/06/2021 - 15:09:48: [l4d2_skill_detect.smx] Clear: 9 freed 3 from 1: time: 1.04 / 4.01 -- class: smoker (with shove? 0)
L 03/06/2021 - 15:09:51: [l4d2_skill_detect.smx] Clear: 8 freed 10 from 2: time: 1.90 / 4.87 -- class: charger (with shove? 0)
L 03/06/2021 - 15:09:51: [l4d2_skill_detect.smx] Checking charge victim: 2 - 10 - flags: 1 (alive? 1)
L 03/06/2021 - 15:09:52: [l4d2_skill_detect.smx] Clear: 3 freed 9 from 5: time: 3.48 / -1.00 -- class: hunter (with shove? 0)
L 03/06/2021 - 15:10:20: [l4d2_skill_detect.smx] Clear: 8 freed 9 from 1: time: 4.41 / -1.00 -- class: hunter (with shove? 0)
L 03/06/2021 - 15:10:20: [l4d2_skill_detect.smx] Clear: 3 freed 8 from 4: time: -1.00 / 0.13 -- class: smoker (with shove? 0)
L 03/06/2021 - 15:10:23: [l4d2_skill_detect.smx] Clear: 3 freed 10 from 2: time: 4.11 / -1.00 -- class: jockey (with shove? 0)
L 03/06/2021 - 15:10:53: [l4d2_skill_detect.smx] Clear: 3 freed 10 from 2: time: 1.88 / -1.00 -- class: hunter (with shove? 0)
L 03/06/2021 - 15:11:26: [l4d2_skill_detect.smx] Witch Crown Check: Failed: bungled: 1 / crowntype: 0 (entity: 250)
L 03/06/2021 - 15:11:26: [l4d2_skill_detect.smx] Witch Crown Check: Further details: attacker: Biloo, attacker dmg: 155, teamless dmg: 0
L 03/06/2021 - 15:11:27: [l4d2_skill_detect.smx] Clear: 5 freed 3 from 1: time: 0.52 / 2.53 -- class: smoker (with shove? 0)
L 03/06/2021 - 15:11:30: [l4d2_skill_detect.smx] Clear: 3 freed 5 from 4: time: 1.19 / -1.00 -- class: hunter (with shove? 0)
L 03/06/2021 - 15:11:46: [l4d2_skill_detect.smx] Clear: 3 freed 8 from 1: time: -1.00 / 1.64 -- class: smoker (with shove? 1)
L 03/06/2021 - 15:11:58: [basebans.smx] "♛ Rain ♛<2><STEAM_1:0:162762726><>" banned "You Know<52><STEAM_1:0:197265470><>" (minutes "0") (reason "afk")
L 03/06/2021 - 15:12:04: [l4d2_skill_detect.smx] Clear: 5 freed 7 from 4: time: 1.51 / -1.00 -- class: jockey (with shove? 0)
L 03/06/2021 - 15:12:15: [l4d2_skill_detect.smx] Clear: 3 freed 5 from 1: time: 0.19 / 2.51 -- class: smoker (with shove? 1)
L 03/06/2021 - 15:12:19: [l4d2_skill_detect.smx] Clear: 5 freed 3 from 6: time: 1.42 / -1.00 -- class: hunter (with shove? 0)
L 03/06/2021 - 15:12:25: [l4d2_skill_detect.smx] Charge carry start: 2 - 7 -- time: 302.07
L 03/06/2021 - 15:12:30: [l4d2_skill_detect.smx] Checking charge victim: 2 - 7 - flags: 1 (alive? 1)
L 03/06/2021 - 15:12:31: [l4d2_skill_detect.smx] Clear: 8 freed 7 from 2: time: 2.75 / 6.07 -- class: charger (with shove? 0)
L 03/06/2021 - 15:13:07: [l4d2_skill_detect.smx] Clear: 3 freed 5 from 6: time: 1.13 / -1.00 -- class: hunter (with shove? 1)
L 03/06/2021 - 15:13:20: [l4d2_skill_detect.smx] Charge carry start: 1 - 8 -- time: 356.29
L 03/06/2021 - 15:13:25: [l4d2_skill_detect.smx] Checking charge victim: 1 - 8 - flags: 1 (alive? 1)
L 03/06/2021 - 15:14:32: [l4d2_skill_detect.smx] Clear: 1 freed 4 from 3: time: 0.26 / -1.00 -- class: jockey (with shove? 1)
L 03/06/2021 - 15:15:05: [l4d2_skill_detect.smx] Charge carry start: 3 - 2 -- time: 461.63
L 03/06/2021 - 15:15:08: [l4d2_skill_detect.smx] Clear: 4 freed 2 from 3: time: 1.57 / 2.58 -- class: charger (with shove? 0)
L 03/06/2021 - 15:15:08: [l4d2_skill_detect.smx] Checking charge victim: 3 - 2 - flags: 1 (alive? 1)
L 03/06/2021 - 15:15:28: [l4d2_skill_detect.smx] Clear: 4 freed 5 from 9: time: 0.91 / -1.00 -- class: jockey (with shove? 0)
L 03/06/2021 - 15:16:55: [l4d2_skill_detect.smx] Witch Crown Check: crown shot: 853, harrassed: 1 (full health: 1000 / drawthresh: 500 / oneshot 0)
L 03/06/2021 - 15:16:57: [l4d2_skill_detect.smx] Clear: 5 freed 1 from 3: time: -1.00 / 0.71 -- class: smoker (with shove? 0)
L 03/06/2021 - 15:18:39: [basecommands.smx] "Duяåznlто™<3><STEAM_1:1:4151444><>" kicked ".............<61><STEAM_1:1:185240462><>" (reason "")
L 03/06/2021 - 15:20:36: [l4d2_skill_detect.smx] Clear: 2 freed 1 from 8: time: 1.42 / -1.00 -- class: jockey (with shove? 1)
L 03/06/2021 - 15:20:41: [l4d2_skill_detect.smx] Charge carry start: 7 - 4 -- time: 797.33
L 03/06/2021 - 15:20:44: [l4d2_skill_detect.smx] Checking charge victim: 7 - 4 - flags: 1 (alive? 1)
L 03/06/2021 - 15:20:45: [l4d2_skill_detect.smx] Clear: 1 freed 4 from 7: time: 2.57 / 4.10 -- class: charger (with shove? 0)
L 03/06/2021 - 15:22:35: -------- Mapchange to c2m3_coaster --------
L 03/06/2021 - 15:22:37: [basecommands.smx] "Console<0><Console><Console>" changed cvar (cvar "sv_force_time_of_day") (value "0")
L 03/06/2021 - 15:22:37: [basecommands.smx] "Console<0><Console><Console>" changed cvar (cvar "z_witch_damage_per_kill_hit") (value "120")
L 03/06/2021 - 15:22:37: [basecommands.smx] "Console<0><Console><Console>" changed cvar (cvar "z_witch_anger_rate") (value "0.4")
L 03/06/2021 - 15:22:37: [basecommands.smx] "Console<0><Console><Console>" changed cvar (cvar "z_witch_flashlight_range") (value "2000")
L 03/06/2021 - 15:22:37: [basecommands.smx] "Console<0><Console><Console>" changed cvar (cvar "z_witch_burn_time") (value "100")
L 03/06/2021 - 15:22:37: [basecommands.smx] "Console<0><Console><Console>" changed cvar (cvar "z_tank_health") (value "4000")
L 03/06/2021 - 15:22:37: [basecommands.smx] "Console<0><Console><Console>" changed cvar (cvar "z_ghost_delay_min") (value "15")
L 03/06/2021 - 15:22:37: [basecommands.smx] "Console<0><Console><Console>" changed cvar (cvar "z_ghost_delay_max") (value "15")
L 03/06/2021 - 15:22:37: [basecommands.smx] "Console<0><Console><Console>" changed cvar (cvar "z_hunter_limit") (value "1")
L 03/06/2021 - 15:22:37: [basecommands.smx] "Console<0><Console><Console>" changed cvar (cvar "z_smoker_limit") (value "1")
L 03/06/2021 - 15:22:37: [basecommands.smx] "Console<0><Console><Console>" changed cvar (cvar "z_jockey_limit") (value "1")
L 03/06/2021 - 15:22:37: [basecommands.smx] "Console<0><Console><Console>" changed cvar (cvar "versus_tank_chance_intro") (value "1")
L 03/06/2021 - 15:22:37: [basecommands.smx] "Console<0><Console><Console>" changed cvar (cvar "versus_tank_chance_finale") (value "1")
L 03/06/2021 - 15:22:37: [basecommands.smx] "Console<0><Console><Console>" changed cvar (cvar "versus_tank_chance") (value "1")
L 03/06/2021 - 15:22:37: [basecommands.smx] "Console<0><Console><Console>" changed cvar (cvar "versus_witch_chance_intro") (value "0")
L 03/06/2021 - 15:22:37: [basecommands.smx] "Console<0><Console><Console>" changed cvar (cvar "versus_witch_chance_finale") (value "0")
L 03/06/2021 - 15:22:37: [basecommands.smx] "Console<0><Console><Console>" changed cvar (cvar "versus_witch_chance") (value "1")
L 03/06/2021 - 15:22:37: [basecommands.smx] "Console<0><Console><Console>" changed cvar (cvar "director_force_tank") (value "1")
L 03/06/2021 - 15:22:37: [basecommands.smx] "Console<0><Console><Console>" changed cvar (cvar "versus_boss_flow_min") (value "0.4")
L 03/06/2021 - 15:22:37: [basecommands.smx] "Console<0><Console><Console>" changed cvar (cvar "versus_boss_flow_max") (value "0.6")
L 03/06/2021 - 15:22:37: [basecommands.smx] "Console<0><Console><Console>" changed cvar (cvar "versus_boss_flow_min_intro") (value "0.1")
L 03/06/2021 - 15:22:37: [basecommands.smx] "Console<0><Console><Console>" changed cvar (cvar "versus_boss_flow_max_intro") (value "0.2")
L 03/06/2021 - 15:22:37: [basecommands.smx] "Console<0><Console><Console>" changed cvar (cvar "versus_boss_flow_min_finale") (value "0.1")
L 03/06/2021 - 15:22:37: [basecommands.smx] "Console<0><Console><Console>" changed cvar (cvar "versus_boss_flow_max_finale") (value "0.2")
L 03/06/2021 - 15:22:37: [basecommands.smx] "Console<0><Console><Console>" changed cvar (cvar "boomer_vomit_delay") (value "0.1")
L 03/06/2021 - 15:22:37: [basecommands.smx] "Console<0><Console><Console>" changed cvar (cvar "smoker_tongue_delay") (value "0.1")
L 03/06/2021 - 15:22:37: [basecommands.smx] "Console<0><Console><Console>" changed cvar (cvar "vs_survival_bonus") (value "35")
L 03/06/2021 - 15:22:37: [basecommands.smx] "Console<0><Console><Console>" changed cvar (cvar "z_tank_throw_health") (value "10")
L 03/06/2021 - 15:22:37: [basecommands.smx] "Console<0><Console><Console>" changed cvar (cvar "sv_client_min_interp_ratio") (value "-1")
L 03/06/2021 - 15:22:37: [basecommands.smx] "Console<0><Console><Console>" changed cvar (cvar "sv_client_max_interp_ratio") (value "0")
L 03/06/2021 - 15:22:37: [basecommands.smx] "Console<0><Console><Console>" changed cvar (cvar "sv_minrate") (value "100000")
L 03/06/2021 - 15:22:37: [basecommands.smx] "Console<0><Console><Console>" changed cvar (cvar "sv_maxrate") (value "100000")
L 03/06/2021 - 15:22:37: [basecommands.smx] "Console<0><Console><Console>" changed cvar (cvar "sv_mincmdrate") (value "100")
L 03/06/2021 - 15:22:37: [basecommands.smx] "Console<0><Console><Console>" changed cvar (cvar "sv_maxcmdrate") (value "100")
L 03/06/2021 - 15:22:37: [basecommands.smx] "Console<0><Console><Console>" changed cvar (cvar "sv_minupdaterate") (value "100")
L 03/06/2021 - 15:22:37: [basecommands.smx] "Console<0><Console><Console>" changed cvar (cvar "sv_maxupdaterate") (value "100")
L 03/06/2021 - 15:22:37: [basecommands.smx] "Console<0><Console><Console>" changed cvar (cvar "nb_update_frequency") (value "0.014")
L 03/06/2021 - 15:22:37: [basecommands.smx] "Console<0><Console><Console>" changed cvar (cvar "net_splitpacket_maxrate") (value "50000")
L 03/06/2021 - 15:22:37: [basecommands.smx] "Console<0><Console><Console>" changed cvar (cvar "fps_max") (value "0")
L 03/06/2021 - 15:22:37: [basecommands.smx] "Console<0><Console><Console>" changed cvar (cvar "hostname") (value "Versus")
L 03/06/2021 - 15:24:21: [l4d2_skill_detect.smx] Clear: 3 freed 7 from 5: time: 2.77 / -1.00 -- class: jockey (with shove? 0)
L 03/06/2021 - 15:24:44: [l4d2_skill_detect.smx] Clear: 3 freed 8 from 5: time: -1.00 / 0.37 -- class: smoker (with shove? 0)
L 03/06/2021 - 15:24:55: [l4d2_skill_detect.smx] Clear: 7 freed 3 from 4: time: 2.29 / -1.00 -- class: hunter (with shove? 1)
L 03/06/2021 - 15:25:20: [l4d2_skill_detect.smx] Clear: 5 freed 7 from 4: time: 1.01 / -1.00 -- class: jockey (with shove? 1)
L 03/06/2021 - 15:25:30: [l4d2_skill_detect.smx] Clear: 5 freed 8 from 2: time: 1.83 / -1.00 -- class: hunter (with shove? 0)
L 03/06/2021 - 15:26:02: [l4d2_skill_detect.smx] Charge carry start: 6 - 8 -- time: 203.08
L 03/06/2021 - 15:26:03: [admin_hp.smx]  
L 03/06/2021 - 15:26:04: [l4d2_skill_detect.smx] Clear: 3 freed 8 from 6: time: 1.00 / 2.31 -- class: charger (with shove? 0)
L 03/06/2021 - 15:26:05: [l4d2_skill_detect.smx] Checking charge victim: 6 - 8 - flags: 1 (alive? 1)
L 03/06/2021 - 15:26:09: [admin_hp.smx]  
L 03/06/2021 - 15:26:59: [l4d2_skill_detect.smx] Clear: 9 freed 7 from 2: time: 1.88 / -1.00 -- class: jockey (with shove? 0)
L 03/06/2021 - 15:27:31: [l4d2_skill_detect.smx] Charge carry start: 4 - 7 -- time: 292.63
L 03/06/2021 - 15:27:35: [l4d2_skill_detect.smx] Checking charge victim: 4 - 7 - flags: 1 (alive? 1)
L 03/06/2021 - 15:27:53: [l4d2_skill_detect.smx] Clear: 3 freed 8 from 5: time: 22.25 / 24.95 -- class: smoker (with shove? 1)
L 03/06/2021 - 15:28:03: [l4d2_skill_detect.smx] Clear: 8 freed 3 from 1: time: 7.59 / -1.00 -- class: hunter (with shove? 0)
L 03/06/2021 - 15:28:42: -------- Mapchange to c5m1_waterfront --------
L 03/06/2021 - 15:28:44: [basecommands.smx] "Console<0><Console><Console>" changed cvar (cvar "sv_force_time_of_day") (value "0")
L 03/06/2021 - 15:28:44: [basecommands.smx] "Console<0><Console><Console>" changed cvar (cvar "z_witch_damage_per_kill_hit") (value "120")
L 03/06/2021 - 15:28:44: [basecommands.smx] "Console<0><Console><Console>" changed cvar (cvar "z_witch_anger_rate") (value "0.4")
L 03/06/2021 - 15:28:44: [basecommands.smx] "Console<0><Console><Console>" changed cvar (cvar "z_witch_flashlight_range") (value "2000")
L 03/06/2021 - 15:28:44: [basecommands.smx] "Console<0><Console><Console>" changed cvar (cvar "z_witch_burn_time") (value "100")
L 03/06/2021 - 15:28:44: [basecommands.smx] "Console<0><Console><Console>" changed cvar (cvar "z_tank_health") (value "4000")
L 03/06/2021 - 15:28:44: [basecommands.smx] "Console<0><Console><Console>" changed cvar (cvar "z_ghost_delay_min") (value "15")
L 03/06/2021 - 15:28:44: [basecommands.smx] "Console<0><Console><Console>" changed cvar (cvar "z_ghost_delay_max") (value "15")
L 03/06/2021 - 15:28:44: [basecommands.smx] "Console<0><Console><Console>" changed cvar (cvar "z_hunter_limit") (value "1")
L 03/06/2021 - 15:28:44: [basecommands.smx] "Console<0><Console><Console>" changed cvar (cvar "z_smoker_limit") (value "1")
L 03/06/2021 - 15:28:44: [basecommands.smx] "Console<0><Console><Console>" changed cvar (cvar "z_jockey_limit") (value "1")
L 03/06/2021 - 15:28:44: [basecommands.smx] "Console<0><Console><Console>" changed cvar (cvar "versus_tank_chance_intro") (value "1")
L 03/06/2021 - 15:28:44: [basecommands.smx] "Console<0><Console><Console>" changed cvar (cvar "versus_tank_chance_finale") (value "1")
L 03/06/2021 - 15:28:44: [basecommands.smx] "Console<0><Console><Console>" changed cvar (cvar "versus_tank_chance") (value "1")
L 03/06/2021 - 15:28:44: [basecommands.smx] "Console<0><Console><Console>" changed cvar (cvar "versus_witch_chance_intro") (value "0")
L 03/06/2021 - 15:28:44: [basecommands.smx] "Console<0><Console><Console>" changed cvar (cvar "versus_witch_chance_finale") (value "0")
L 03/06/2021 - 15:28:44: [basecommands.smx] "Console<0><Console><Console>" changed cvar (cvar "versus_witch_chance") (value "1")
L 03/06/2021 - 15:28:44: [basecommands.smx] "Console<0><Console><Console>" changed cvar (cvar "director_force_tank") (value "1")
L 03/06/2021 - 15:28:44: [basecommands.smx] "Console<0><Console><Console>" changed cvar (cvar "versus_boss_flow_min") (value "0.4")
L 03/06/2021 - 15:28:44: [basecommands.smx] "Console<0><Console><Console>" changed cvar (cvar "versus_boss_flow_max") (value "0.6")
L 03/06/2021 - 15:28:44: [basecommands.smx] "Console<0><Console><Console>" changed cvar (cvar "versus_boss_flow_min_intro") (value "0.1")
L 03/06/2021 - 15:28:44: [basecommands.smx] "Console<0><Console><Console>" changed cvar (cvar "versus_boss_flow_max_intro") (value "0.2")
L 03/06/2021 - 15:28:44: [basecommands.smx] "Console<0><Console><Console>" changed cvar (cvar "versus_boss_flow_min_finale") (value "0.1")
L 03/06/2021 - 15:28:44: [basecommands.smx] "Console<0><Console><Console>" changed cvar (cvar "versus_boss_flow_max_finale") (value "0.2")
L 03/06/2021 - 15:28:44: [basecommands.smx] "Console<0><Console><Console>" changed cvar (cvar "boomer_vomit_delay") (value "0.1")
L 03/06/2021 - 15:28:44: [basecommands.smx] "Console<0><Console><Console>" changed cvar (cvar "smoker_tongue_delay") (value "0.1")
L 03/06/2021 - 15:28:44: [basecommands.smx] "Console<0><Console><Console>" changed cvar (cvar "vs_survival_bonus") (value "35")
L 03/06/2021 - 15:28:44: [basecommands.smx] "Console<0><Console><Console>" changed cvar (cvar "z_tank_throw_health") (value "10")
L 03/06/2021 - 15:28:44: [basecommands.smx] "Console<0><Console><Console>" changed cvar (cvar "sv_client_min_interp_ratio") (value "-1")
L 03/06/2021 - 15:28:44: [basecommands.smx] "Console<0><Console><Console>" changed cvar (cvar "sv_client_max_interp_ratio") (value "0")
L 03/06/2021 - 15:28:44: [basecommands.smx] "Console<0><Console><Console>" changed cvar (cvar "sv_minrate") (value "100000")
L 03/06/2021 - 15:28:44: [basecommands.smx] "Console<0><Console><Console>" changed cvar (cvar "sv_maxrate") (value "100000")
L 03/06/2021 - 15:28:44: [basecommands.smx] "Console<0><Console><Console>" changed cvar (cvar "sv_mincmdrate") (value "100")
L 03/06/2021 - 15:28:44: [basecommands.smx] "Console<0><Console><Console>" changed cvar (cvar "sv_maxcmdrate") (value "100")
L 03/06/2021 - 15:28:44: [basecommands.smx] "Console<0><Console><Console>" changed cvar (cvar "sv_minupdaterate") (value "100")
L 03/06/2021 - 15:28:44: [basecommands.smx] "Console<0><Console><Console>" changed cvar (cvar "sv_maxupdaterate") (value "100")
L 03/06/2021 - 15:28:44: [basecommands.smx] "Console<0><Console><Console>" changed cvar (cvar "nb_update_frequency") (value "0.014")
L 03/06/2021 - 15:28:44: [basecommands.smx] "Console<0><Console><Console>" changed cvar (cvar "net_splitpacket_maxrate") (value "50000")
L 03/06/2021 - 15:28:44: [basecommands.smx] "Console<0><Console><Console>" changed cvar (cvar "fps_max") (value "0")
L 03/06/2021 - 15:28:44: [basecommands.smx] "Console<0><Console><Console>" changed cvar (cvar "hostname") (value "Versus")
L 03/06/2021 - 15:30:57: [l4d2_skill_detect.smx] Clear: 4 freed 5 from 6: time: 0.55 / -1.00 -- class: jockey (with shove? 0)
L 03/06/2021 - 15:31:25: [l4d2_skill_detect.smx] Clear: 1 freed 5 from 4: time: -1.00 / 0.66 -- class: smoker (with shove? 0)
L 03/06/2021 - 15:49:15: [basecommands.smx] "Console<0><Console><Console>" changed cvar (cvar "vs_max_team_switches") (value "5")
L 03/06/2021 - 16:57:46: Log file closed.
