L 10/25/2020 - 14:13:42: SourceMod log file session started (file "D:\Steam\steamapps\common\Left 4 Dead 2\left4dead2\addons\sourcemod\logs\L20201025.log") (Version "1.10.0.6492")
L 10/25/2020 - 14:13:42: [simplewelcomemsg.smx] Set the maximum number of lines of.
L 10/25/2020 - 14:13:50: [basecommands.smx] "Console<0><Console><Console>" changed cvar (cvar "sv_force_time_of_day") (value "0")
L 10/25/2020 - 14:13:50: [basecommands.smx] "Console<0><Console><Console>" changed cvar (cvar "z_witch_damage_per_kill_hit") (value "120")
L 10/25/2020 - 14:13:50: [basecommands.smx] "Console<0><Console><Console>" changed cvar (cvar "z_witch_anger_rate") (value "0.5")
L 10/25/2020 - 14:13:50: [basecommands.smx] "Console<0><Console><Console>" changed cvar (cvar "z_witch_flashlight_range") (value "2000")
L 10/25/2020 - 14:13:51: [basecommands.smx] "Console<0><Console><Console>" changed cvar (cvar "z_witch_burn_time") (value "100")
L 10/25/2020 - 14:13:51: [basecommands.smx] "Console<0><Console><Console>" changed cvar (cvar "z_tank_health") (value "4333")
L 10/25/2020 - 14:13:51: [basecommands.smx] "Console<0><Console><Console>" changed cvar (cvar "tank_burn_duration") (value "999999")
L 10/25/2020 - 14:13:51: [basecommands.smx] "Console<0><Console><Console>" changed cvar (cvar "z_ghost_delay_min") (value "18")
L 10/25/2020 - 14:13:51: [basecommands.smx] "Console<0><Console><Console>" changed cvar (cvar "z_ghost_delay_max") (value "18")
L 10/25/2020 - 14:13:51: [basecommands.smx] "Console<0><Console><Console>" changed cvar (cvar "versus_tank_chance_intro") (value "1")
L 10/25/2020 - 14:13:51: [basecommands.smx] "Console<0><Console><Console>" changed cvar (cvar "versus_tank_chance_finale") (value "1")
L 10/25/2020 - 14:13:51: [basecommands.smx] "Console<0><Console><Console>" changed cvar (cvar "versus_tank_chance") (value "1")
L 10/25/2020 - 14:13:51: [basecommands.smx] "Console<0><Console><Console>" changed cvar (cvar "versus_witch_chance_intro") (value "0")
L 10/25/2020 - 14:13:51: [basecommands.smx] "Console<0><Console><Console>" changed cvar (cvar "versus_witch_chance_finale") (value "0")
L 10/25/2020 - 14:13:51: [basecommands.smx] "Console<0><Console><Console>" changed cvar (cvar "versus_witch_chance") (value "1")
L 10/25/2020 - 14:13:51: [basecommands.smx] "Console<0><Console><Console>" changed cvar (cvar "boomer_vomit_delay") (value "0.1")
L 10/25/2020 - 14:13:51: [basecommands.smx] "Console<0><Console><Console>" changed cvar (cvar "smoker_tongue_delay") (value "0.1")
L 10/25/2020 - 14:13:51: [basecommands.smx] "Console<0><Console><Console>" changed cvar (cvar "vs_survival_bonus") (value "35")
L 10/25/2020 - 14:13:51: [basecommands.smx] "Console<0><Console><Console>" changed cvar (cvar "hostname") (value "Versus")
L 10/25/2020 - 14:14:04: [l4d_profile_checker_v12.smx] [l4d_profile_checker] #DEBUG: sFriendID 76561198285791180
L 10/25/2020 - 14:14:04: [l4d_profile_checker_v12.smx] [l4d_profile_checker] #DEBUG: begin search in whitelist 76561198285791180
L 10/25/2020 - 14:14:04: [l4d_profile_checker_v12.smx] [l4d_profile_checker] #DEBUG: link profiles/76561198285791180/?xml=1
L 10/25/2020 - 14:23:18: Log file closed.
L 10/25/2020 - 14:27:18: SourceMod log file session started (file "D:\Steam\steamapps\common\Left 4 Dead 2\left4dead2\addons\sourcemod\logs\L20201025.log") (Version "1.10.0.6492")
L 10/25/2020 - 14:27:18: [simplewelcomemsg.smx] Set the maximum number of lines of.
L 10/25/2020 - 14:27:23: [basecommands.smx] "Console<0><Console><Console>" changed cvar (cvar "sv_force_time_of_day") (value "0")
L 10/25/2020 - 14:27:23: [basecommands.smx] "Console<0><Console><Console>" changed cvar (cvar "z_witch_damage_per_kill_hit") (value "120")
L 10/25/2020 - 14:27:23: [basecommands.smx] "Console<0><Console><Console>" changed cvar (cvar "z_witch_anger_rate") (value "0.5")
L 10/25/2020 - 14:27:23: [basecommands.smx] "Console<0><Console><Console>" changed cvar (cvar "z_witch_flashlight_range") (value "2000")
L 10/25/2020 - 14:27:23: [basecommands.smx] "Console<0><Console><Console>" changed cvar (cvar "z_witch_burn_time") (value "100")
L 10/25/2020 - 14:27:23: [basecommands.smx] "Console<0><Console><Console>" changed cvar (cvar "z_tank_health") (value "4333")
L 10/25/2020 - 14:27:23: [basecommands.smx] "Console<0><Console><Console>" changed cvar (cvar "tank_burn_duration") (value "999999")
L 10/25/2020 - 14:27:23: [basecommands.smx] "Console<0><Console><Console>" changed cvar (cvar "z_ghost_delay_min") (value "18")
L 10/25/2020 - 14:27:23: [basecommands.smx] "Console<0><Console><Console>" changed cvar (cvar "z_ghost_delay_max") (value "18")
L 10/25/2020 - 14:27:23: [basecommands.smx] "Console<0><Console><Console>" changed cvar (cvar "versus_tank_chance_intro") (value "1")
L 10/25/2020 - 14:27:23: [basecommands.smx] "Console<0><Console><Console>" changed cvar (cvar "versus_tank_chance_finale") (value "1")
L 10/25/2020 - 14:27:23: [basecommands.smx] "Console<0><Console><Console>" changed cvar (cvar "versus_tank_chance") (value "1")
L 10/25/2020 - 14:27:23: [basecommands.smx] "Console<0><Console><Console>" changed cvar (cvar "versus_witch_chance_intro") (value "0")
L 10/25/2020 - 14:27:23: [basecommands.smx] "Console<0><Console><Console>" changed cvar (cvar "versus_witch_chance_finale") (value "0")
L 10/25/2020 - 14:27:23: [basecommands.smx] "Console<0><Console><Console>" changed cvar (cvar "versus_witch_chance") (value "1")
L 10/25/2020 - 14:27:23: [basecommands.smx] "Console<0><Console><Console>" changed cvar (cvar "boomer_vomit_delay") (value "0.1")
L 10/25/2020 - 14:27:23: [basecommands.smx] "Console<0><Console><Console>" changed cvar (cvar "smoker_tongue_delay") (value "0.1")
L 10/25/2020 - 14:27:23: [basecommands.smx] "Console<0><Console><Console>" changed cvar (cvar "vs_survival_bonus") (value "35")
L 10/25/2020 - 14:27:23: [basecommands.smx] "Console<0><Console><Console>" changed cvar (cvar "hostname") (value "Versus")
L 10/25/2020 - 14:27:35: [l4d_profile_checker_v12.smx] [l4d_profile_checker] #DEBUG: sFriendID 76561198285791180
L 10/25/2020 - 14:27:36: [l4d_profile_checker_v12.smx] [l4d_profile_checker] #DEBUG: begin search in whitelist 76561198285791180
L 10/25/2020 - 14:27:36: [l4d_profile_checker_v12.smx] [l4d_profile_checker] #DEBUG: link profiles/76561198285791180/?xml=1
L 10/25/2020 - 14:30:42: Log file closed.
L 10/25/2020 - 14:37:00: SourceMod log file session started (file "D:\Steam\steamapps\common\Left 4 Dead 2\left4dead2\addons\sourcemod\logs\L20201025.log") (Version "1.10.0.6492")
L 10/25/2020 - 14:37:00: [simplewelcomemsg.smx] Set the maximum number of lines of.
L 10/25/2020 - 14:37:04: [basecommands.smx] "Console<0><Console><Console>" changed cvar (cvar "sv_force_time_of_day") (value "0")
L 10/25/2020 - 14:37:04: [basecommands.smx] "Console<0><Console><Console>" changed cvar (cvar "z_witch_damage_per_kill_hit") (value "120")
L 10/25/2020 - 14:37:04: [basecommands.smx] "Console<0><Console><Console>" changed cvar (cvar "z_witch_anger_rate") (value "0.5")
L 10/25/2020 - 14:37:04: [basecommands.smx] "Console<0><Console><Console>" changed cvar (cvar "z_witch_flashlight_range") (value "2000")
L 10/25/2020 - 14:37:04: [basecommands.smx] "Console<0><Console><Console>" changed cvar (cvar "z_witch_burn_time") (value "100")
L 10/25/2020 - 14:37:04: [basecommands.smx] "Console<0><Console><Console>" changed cvar (cvar "z_tank_health") (value "4333")
L 10/25/2020 - 14:37:04: [basecommands.smx] "Console<0><Console><Console>" changed cvar (cvar "tank_burn_duration") (value "999999")
L 10/25/2020 - 14:37:04: [basecommands.smx] "Console<0><Console><Console>" changed cvar (cvar "z_ghost_delay_min") (value "18")
L 10/25/2020 - 14:37:04: [basecommands.smx] "Console<0><Console><Console>" changed cvar (cvar "z_ghost_delay_max") (value "18")
L 10/25/2020 - 14:37:04: [basecommands.smx] "Console<0><Console><Console>" changed cvar (cvar "versus_tank_chance_intro") (value "1")
L 10/25/2020 - 14:37:04: [basecommands.smx] "Console<0><Console><Console>" changed cvar (cvar "versus_tank_chance_finale") (value "1")
L 10/25/2020 - 14:37:04: [basecommands.smx] "Console<0><Console><Console>" changed cvar (cvar "versus_tank_chance") (value "1")
L 10/25/2020 - 14:37:04: [basecommands.smx] "Console<0><Console><Console>" changed cvar (cvar "versus_witch_chance_intro") (value "0")
L 10/25/2020 - 14:37:04: [basecommands.smx] "Console<0><Console><Console>" changed cvar (cvar "versus_witch_chance_finale") (value "0")
L 10/25/2020 - 14:37:04: [basecommands.smx] "Console<0><Console><Console>" changed cvar (cvar "versus_witch_chance") (value "1")
L 10/25/2020 - 14:37:04: [basecommands.smx] "Console<0><Console><Console>" changed cvar (cvar "boomer_vomit_delay") (value "0.1")
L 10/25/2020 - 14:37:04: [basecommands.smx] "Console<0><Console><Console>" changed cvar (cvar "smoker_tongue_delay") (value "0.1")
L 10/25/2020 - 14:37:04: [basecommands.smx] "Console<0><Console><Console>" changed cvar (cvar "vs_survival_bonus") (value "35")
L 10/25/2020 - 14:37:04: [basecommands.smx] "Console<0><Console><Console>" changed cvar (cvar "hostname") (value "Versus")
L 10/25/2020 - 14:37:16: [l4d_profile_checker_v12.smx] [l4d_profile_checker] #DEBUG: sFriendID 76561198285791180
L 10/25/2020 - 14:37:16: [l4d_profile_checker_v12.smx] [l4d_profile_checker] #DEBUG: begin search in whitelist 76561198285791180
L 10/25/2020 - 14:37:16: [l4d_profile_checker_v12.smx] [l4d_profile_checker] #DEBUG: link profiles/76561198285791180/?xml=1
L 10/25/2020 - 14:46:52: Log file closed.
L 10/25/2020 - 18:49:45: SourceMod log file session started (file "D:\Steam\steamapps\common\Left 4 Dead 2\left4dead2\addons\sourcemod\logs\L20201025.log") (Version "1.10.0.6492")
L 10/25/2020 - 18:49:45: [simplewelcomemsg.smx] Set the maximum number of lines of.
L 10/25/2020 - 18:49:53: [basecommands.smx] "Console<0><Console><Console>" changed cvar (cvar "sv_force_time_of_day") (value "0")
L 10/25/2020 - 18:49:53: [basecommands.smx] "Console<0><Console><Console>" changed cvar (cvar "z_witch_damage_per_kill_hit") (value "120")
L 10/25/2020 - 18:49:53: [basecommands.smx] "Console<0><Console><Console>" changed cvar (cvar "z_witch_anger_rate") (value "0.5")
L 10/25/2020 - 18:49:53: [basecommands.smx] "Console<0><Console><Console>" changed cvar (cvar "z_witch_flashlight_range") (value "2000")
L 10/25/2020 - 18:49:53: [basecommands.smx] "Console<0><Console><Console>" changed cvar (cvar "z_witch_burn_time") (value "100")
L 10/25/2020 - 18:49:53: [basecommands.smx] "Console<0><Console><Console>" changed cvar (cvar "z_tank_health") (value "4333")
L 10/25/2020 - 18:49:53: [basecommands.smx] "Console<0><Console><Console>" changed cvar (cvar "tank_burn_duration") (value "999999")
L 10/25/2020 - 18:49:53: [basecommands.smx] "Console<0><Console><Console>" changed cvar (cvar "z_ghost_delay_min") (value "18")
L 10/25/2020 - 18:49:53: [basecommands.smx] "Console<0><Console><Console>" changed cvar (cvar "z_ghost_delay_max") (value "18")
L 10/25/2020 - 18:49:53: [basecommands.smx] "Console<0><Console><Console>" changed cvar (cvar "versus_tank_chance_intro") (value "1")
L 10/25/2020 - 18:49:53: [basecommands.smx] "Console<0><Console><Console>" changed cvar (cvar "versus_tank_chance_finale") (value "1")
L 10/25/2020 - 18:49:53: [basecommands.smx] "Console<0><Console><Console>" changed cvar (cvar "versus_tank_chance") (value "1")
L 10/25/2020 - 18:49:53: [basecommands.smx] "Console<0><Console><Console>" changed cvar (cvar "versus_witch_chance_intro") (value "0")
L 10/25/2020 - 18:49:53: [basecommands.smx] "Console<0><Console><Console>" changed cvar (cvar "versus_witch_chance_finale") (value "0")
L 10/25/2020 - 18:49:53: [basecommands.smx] "Console<0><Console><Console>" changed cvar (cvar "versus_witch_chance") (value "1")
L 10/25/2020 - 18:49:53: [basecommands.smx] "Console<0><Console><Console>" changed cvar (cvar "boomer_vomit_delay") (value "0.1")
L 10/25/2020 - 18:49:53: [basecommands.smx] "Console<0><Console><Console>" changed cvar (cvar "smoker_tongue_delay") (value "0.1")
L 10/25/2020 - 18:49:54: [basecommands.smx] "Console<0><Console><Console>" changed cvar (cvar "vs_survival_bonus") (value "35")
L 10/25/2020 - 18:49:54: [basecommands.smx] "Console<0><Console><Console>" changed cvar (cvar "hostname") (value "Versus")
L 10/25/2020 - 18:50:14: [l4d_profile_checker_v12.smx] [l4d_profile_checker] #DEBUG: sFriendID 76561198285791180
L 10/25/2020 - 18:50:14: [l4d_profile_checker_v12.smx] [l4d_profile_checker] #DEBUG: begin search in whitelist 76561198285791180
L 10/25/2020 - 18:50:14: [l4d_profile_checker_v12.smx] [l4d_profile_checker] #DEBUG: link profiles/76561198285791180/?xml=1
L 10/25/2020 - 18:50:47: [l4d_profile_checker_v12.smx] [l4d_profile_checker] #DEBUG: sFriendID 76561199070440216
L 10/25/2020 - 18:50:47: [l4d_profile_checker_v12.smx] [l4d_profile_checker] #DEBUG: begin search in whitelist 76561199070440216
L 10/25/2020 - 18:50:47: [l4d_profile_checker_v12.smx] [l4d_profile_checker] #DEBUG: link profiles/76561199070440216/?xml=1
L 10/25/2020 - 18:51:51: [admin_hp.smx]  
L 10/25/2020 - 18:52:56: [admin_hp.smx]  
L 10/25/2020 - 18:53:32: [admin_hp.smx]  
L 10/25/2020 - 18:54:13: [l4d_profile_checker_v12.smx] [l4d_profile_checker] #DEBUG: sFriendID 76561198018607800
L 10/25/2020 - 18:54:13: [l4d_profile_checker_v12.smx] [l4d_profile_checker] #DEBUG: begin search in whitelist 76561198018607800
L 10/25/2020 - 18:54:13: [l4d_profile_checker_v12.smx] [l4d_profile_checker] #DEBUG: link profiles/76561198018607800/?xml=1
L 10/25/2020 - 19:03:22: -------- Mapchange to c5m2_park --------
L 10/25/2020 - 19:03:26: [basecommands.smx] "Console<0><Console><Console>" changed cvar (cvar "sv_force_time_of_day") (value "0")
L 10/25/2020 - 19:03:26: [basecommands.smx] "Console<0><Console><Console>" changed cvar (cvar "z_witch_damage_per_kill_hit") (value "120")
L 10/25/2020 - 19:03:26: [basecommands.smx] "Console<0><Console><Console>" changed cvar (cvar "z_witch_anger_rate") (value "0.5")
L 10/25/2020 - 19:03:26: [basecommands.smx] "Console<0><Console><Console>" changed cvar (cvar "z_witch_flashlight_range") (value "2000")
L 10/25/2020 - 19:03:26: [basecommands.smx] "Console<0><Console><Console>" changed cvar (cvar "z_witch_burn_time") (value "100")
L 10/25/2020 - 19:03:26: [basecommands.smx] "Console<0><Console><Console>" changed cvar (cvar "z_tank_health") (value "4333")
L 10/25/2020 - 19:03:26: [basecommands.smx] "Console<0><Console><Console>" changed cvar (cvar "tank_burn_duration") (value "999999")
L 10/25/2020 - 19:03:26: [basecommands.smx] "Console<0><Console><Console>" changed cvar (cvar "z_ghost_delay_min") (value "18")
L 10/25/2020 - 19:03:26: [basecommands.smx] "Console<0><Console><Console>" changed cvar (cvar "z_ghost_delay_max") (value "18")
L 10/25/2020 - 19:03:26: [basecommands.smx] "Console<0><Console><Console>" changed cvar (cvar "versus_tank_chance_intro") (value "1")
L 10/25/2020 - 19:03:26: [basecommands.smx] "Console<0><Console><Console>" changed cvar (cvar "versus_tank_chance_finale") (value "1")
L 10/25/2020 - 19:03:26: [basecommands.smx] "Console<0><Console><Console>" changed cvar (cvar "versus_tank_chance") (value "1")
L 10/25/2020 - 19:03:26: [basecommands.smx] "Console<0><Console><Console>" changed cvar (cvar "versus_witch_chance_intro") (value "0")
L 10/25/2020 - 19:03:26: [basecommands.smx] "Console<0><Console><Console>" changed cvar (cvar "versus_witch_chance_finale") (value "0")
L 10/25/2020 - 19:03:26: [basecommands.smx] "Console<0><Console><Console>" changed cvar (cvar "versus_witch_chance") (value "1")
L 10/25/2020 - 19:03:26: [basecommands.smx] "Console<0><Console><Console>" changed cvar (cvar "boomer_vomit_delay") (value "0.1")
L 10/25/2020 - 19:03:26: [basecommands.smx] "Console<0><Console><Console>" changed cvar (cvar "smoker_tongue_delay") (value "0.1")
L 10/25/2020 - 19:03:26: [basecommands.smx] "Console<0><Console><Console>" changed cvar (cvar "vs_survival_bonus") (value "35")
L 10/25/2020 - 19:03:26: [basecommands.smx] "Console<0><Console><Console>" changed cvar (cvar "hostname") (value "Versus")
L 10/25/2020 - 19:07:50: [l4d_profile_checker_v12.smx] [l4d_profile_checker] #DEBUG: sFriendID 76561199076352452
L 10/25/2020 - 19:07:50: [l4d_profile_checker_v12.smx] [l4d_profile_checker] #DEBUG: begin search in whitelist 76561199076352452
L 10/25/2020 - 19:07:50: [l4d_profile_checker_v12.smx] [l4d_profile_checker] #DEBUG: link profiles/76561199076352452/?xml=1
L 10/25/2020 - 19:09:33: [l4d_profile_checker_v12.smx] [l4d_profile_checker] #DEBUG: sFriendID 76561199078681997
L 10/25/2020 - 19:09:33: [l4d_profile_checker_v12.smx] [l4d_profile_checker] #DEBUG: begin search in whitelist 76561199078681997
L 10/25/2020 - 19:09:33: [l4d_profile_checker_v12.smx] [l4d_profile_checker] #DEBUG: link profiles/76561199078681997/?xml=1
L 10/25/2020 - 19:12:38: [l4d_profile_checker_v12.smx] [l4d_profile_checker] #DEBUG: sFriendID 76561198998829905
L 10/25/2020 - 19:12:38: [l4d_profile_checker_v12.smx] [l4d_profile_checker] #DEBUG: begin search in whitelist 76561198998829905
L 10/25/2020 - 19:12:38: [l4d_profile_checker_v12.smx] [l4d_profile_checker] #DEBUG: link profiles/76561198998829905/?xml=1
L 10/25/2020 - 19:14:22: [l4d_profile_checker_v12.smx] [l4d_profile_checker] #DEBUG: sFriendID 76561198996633215
L 10/25/2020 - 19:14:22: [l4d_profile_checker_v12.smx] [l4d_profile_checker] #DEBUG: begin search in whitelist 76561198996633215
L 10/25/2020 - 19:14:22: [l4d_profile_checker_v12.smx] [l4d_profile_checker] #DEBUG: link profiles/76561198996633215/?xml=1
L 10/25/2020 - 19:16:33: [l4d_profile_checker_v12.smx] [l4d_profile_checker] #DEBUG: sFriendID 76561198954144646
L 10/25/2020 - 19:16:33: [l4d_profile_checker_v12.smx] [l4d_profile_checker] #DEBUG: begin search in whitelist 76561198954144646
L 10/25/2020 - 19:16:33: [l4d_profile_checker_v12.smx] [l4d_profile_checker] #DEBUG: link profiles/76561198954144646/?xml=1
L 10/25/2020 - 19:19:52: [l4d_profile_checker_v12.smx] [l4d_profile_checker] #DEBUG: sFriendID 76561199088237141
L 10/25/2020 - 19:19:52: [l4d_profile_checker_v12.smx] [l4d_profile_checker] #DEBUG: begin search in whitelist 76561199088237141
L 10/25/2020 - 19:19:52: [l4d_profile_checker_v12.smx] [l4d_profile_checker] #DEBUG: link profiles/76561199088237141/?xml=1
L 10/25/2020 - 19:20:46: [l4d_profile_checker_v12.smx] [l4d_profile_checker] #DEBUG: sFriendID 76561198855300747
L 10/25/2020 - 19:20:46: [l4d_profile_checker_v12.smx] [l4d_profile_checker] #DEBUG: begin search in whitelist 76561198855300747
L 10/25/2020 - 19:20:46: [l4d_profile_checker_v12.smx] [l4d_profile_checker] #DEBUG: link profiles/76561198855300747/?xml=1
L 10/25/2020 - 19:21:11: -------- Mapchange to c5m3_cemetery --------
L 10/25/2020 - 19:21:15: [basecommands.smx] "Console<0><Console><Console>" changed cvar (cvar "sv_force_time_of_day") (value "0")
L 10/25/2020 - 19:21:15: [basecommands.smx] "Console<0><Console><Console>" changed cvar (cvar "z_witch_damage_per_kill_hit") (value "120")
L 10/25/2020 - 19:21:15: [basecommands.smx] "Console<0><Console><Console>" changed cvar (cvar "z_witch_anger_rate") (value "0.5")
L 10/25/2020 - 19:21:15: [basecommands.smx] "Console<0><Console><Console>" changed cvar (cvar "z_witch_flashlight_range") (value "2000")
L 10/25/2020 - 19:21:15: [basecommands.smx] "Console<0><Console><Console>" changed cvar (cvar "z_witch_burn_time") (value "100")
L 10/25/2020 - 19:21:15: [basecommands.smx] "Console<0><Console><Console>" changed cvar (cvar "z_tank_health") (value "4333")
L 10/25/2020 - 19:21:15: [basecommands.smx] "Console<0><Console><Console>" changed cvar (cvar "tank_burn_duration") (value "999999")
L 10/25/2020 - 19:21:15: [basecommands.smx] "Console<0><Console><Console>" changed cvar (cvar "z_ghost_delay_min") (value "18")
L 10/25/2020 - 19:21:15: [basecommands.smx] "Console<0><Console><Console>" changed cvar (cvar "z_ghost_delay_max") (value "18")
L 10/25/2020 - 19:21:15: [basecommands.smx] "Console<0><Console><Console>" changed cvar (cvar "versus_tank_chance_intro") (value "1")
L 10/25/2020 - 19:21:15: [basecommands.smx] "Console<0><Console><Console>" changed cvar (cvar "versus_tank_chance_finale") (value "1")
L 10/25/2020 - 19:21:15: [basecommands.smx] "Console<0><Console><Console>" changed cvar (cvar "versus_tank_chance") (value "1")
L 10/25/2020 - 19:21:15: [basecommands.smx] "Console<0><Console><Console>" changed cvar (cvar "versus_witch_chance_intro") (value "0")
L 10/25/2020 - 19:21:15: [basecommands.smx] "Console<0><Console><Console>" changed cvar (cvar "versus_witch_chance_finale") (value "0")
L 10/25/2020 - 19:21:15: [basecommands.smx] "Console<0><Console><Console>" changed cvar (cvar "versus_witch_chance") (value "1")
L 10/25/2020 - 19:21:15: [basecommands.smx] "Console<0><Console><Console>" changed cvar (cvar "boomer_vomit_delay") (value "0.1")
L 10/25/2020 - 19:21:15: [basecommands.smx] "Console<0><Console><Console>" changed cvar (cvar "smoker_tongue_delay") (value "0.1")
L 10/25/2020 - 19:21:15: [basecommands.smx] "Console<0><Console><Console>" changed cvar (cvar "vs_survival_bonus") (value "35")
L 10/25/2020 - 19:21:15: [basecommands.smx] "Console<0><Console><Console>" changed cvar (cvar "hostname") (value "Versus")
L 10/25/2020 - 19:24:06: [l4d_profile_checker_v12.smx] [l4d_profile_checker] #DEBUG: sFriendID 76561198393509567
L 10/25/2020 - 19:24:06: [l4d_profile_checker_v12.smx] [l4d_profile_checker] #DEBUG: begin search in whitelist 76561198393509567
L 10/25/2020 - 19:24:06: [l4d_profile_checker_v12.smx] [l4d_profile_checker] #DEBUG: link profiles/76561198393509567/?xml=1
L 10/25/2020 - 19:24:10: [l4d_profile_checker_v12.smx] [l4d_profile_checker] #DEBUG: sFriendID 76561199084508301
L 10/25/2020 - 19:24:10: [l4d_profile_checker_v12.smx] [l4d_profile_checker] #DEBUG: begin search in whitelist 76561199084508301
L 10/25/2020 - 19:24:10: [l4d_profile_checker_v12.smx] [l4d_profile_checker] #DEBUG: link profiles/76561199084508301/?xml=1
L 10/25/2020 - 19:24:36: [l4d_profile_checker_v12.smx] [l4d_profile_checker] #DEBUG: sFriendID 76561198430753962
L 10/25/2020 - 19:24:36: [l4d_profile_checker_v12.smx] [l4d_profile_checker] #DEBUG: begin search in whitelist 76561198430753962
L 10/25/2020 - 19:24:36: [l4d_profile_checker_v12.smx] [l4d_profile_checker] #DEBUG: link profiles/76561198430753962/?xml=1
L 10/25/2020 - 19:28:11: [l4d_profile_checker_v12.smx] [l4d_profile_checker] #DEBUG: sFriendID 76561198395535096
L 10/25/2020 - 19:28:11: [l4d_profile_checker_v12.smx] [l4d_profile_checker] #DEBUG: begin search in whitelist 76561198395535096
L 10/25/2020 - 19:28:11: [l4d_profile_checker_v12.smx] [l4d_profile_checker] #DEBUG: link profiles/76561198395535096/?xml=1
L 10/25/2020 - 19:33:26: [l4d_profile_checker_v12.smx] [l4d_profile_checker] #DEBUG: sFriendID 76561198966187949
L 10/25/2020 - 19:33:26: [l4d_profile_checker_v12.smx] [l4d_profile_checker] #DEBUG: begin search in whitelist 76561198966187949
L 10/25/2020 - 19:33:26: [l4d_profile_checker_v12.smx] [l4d_profile_checker] #DEBUG: link profiles/76561198966187949/?xml=1
L 10/25/2020 - 19:35:07: [l4d_profile_checker_v12.smx] [l4d_profile_checker] #DEBUG: sFriendID 76561199088237141
L 10/25/2020 - 19:35:08: [l4d_profile_checker_v12.smx] [l4d_profile_checker] #DEBUG: begin search in whitelist 76561199088237141
L 10/25/2020 - 19:35:08: [l4d_profile_checker_v12.smx] [l4d_profile_checker] #DEBUG: link profiles/76561199088237141/?xml=1
L 10/25/2020 - 19:37:03: [l4d_profile_checker_v12.smx] [l4d_profile_checker] #DEBUG: sFriendID 76561199062646442
L 10/25/2020 - 19:37:03: [l4d_profile_checker_v12.smx] [l4d_profile_checker] #DEBUG: begin search in whitelist 76561199062646442
L 10/25/2020 - 19:37:03: [l4d_profile_checker_v12.smx] [l4d_profile_checker] #DEBUG: link profiles/76561199062646442/?xml=1
L 10/25/2020 - 19:37:13: [l4d_profile_checker_v12.smx] [l4d_profile_checker] #DEBUG: sFriendID 76561199031259083
L 10/25/2020 - 19:37:13: [l4d_profile_checker_v12.smx] [l4d_profile_checker] #DEBUG: begin search in whitelist 76561199031259083
L 10/25/2020 - 19:37:13: [l4d_profile_checker_v12.smx] [l4d_profile_checker] #DEBUG: link profiles/76561199031259083/?xml=1
L 10/25/2020 - 19:37:49: -------- Mapchange to c5m4_quarter --------
L 10/25/2020 - 19:37:53: [basecommands.smx] "Console<0><Console><Console>" changed cvar (cvar "sv_force_time_of_day") (value "0")
L 10/25/2020 - 19:37:53: [basecommands.smx] "Console<0><Console><Console>" changed cvar (cvar "z_witch_damage_per_kill_hit") (value "120")
L 10/25/2020 - 19:37:53: [basecommands.smx] "Console<0><Console><Console>" changed cvar (cvar "z_witch_anger_rate") (value "0.5")
L 10/25/2020 - 19:37:53: [basecommands.smx] "Console<0><Console><Console>" changed cvar (cvar "z_witch_flashlight_range") (value "2000")
L 10/25/2020 - 19:37:53: [basecommands.smx] "Console<0><Console><Console>" changed cvar (cvar "z_witch_burn_time") (value "100")
L 10/25/2020 - 19:37:53: [basecommands.smx] "Console<0><Console><Console>" changed cvar (cvar "z_tank_health") (value "4333")
L 10/25/2020 - 19:37:53: [basecommands.smx] "Console<0><Console><Console>" changed cvar (cvar "tank_burn_duration") (value "999999")
L 10/25/2020 - 19:37:53: [basecommands.smx] "Console<0><Console><Console>" changed cvar (cvar "z_ghost_delay_min") (value "18")
L 10/25/2020 - 19:37:53: [basecommands.smx] "Console<0><Console><Console>" changed cvar (cvar "z_ghost_delay_max") (value "18")
L 10/25/2020 - 19:37:53: [basecommands.smx] "Console<0><Console><Console>" changed cvar (cvar "versus_tank_chance_intro") (value "1")
L 10/25/2020 - 19:37:53: [basecommands.smx] "Console<0><Console><Console>" changed cvar (cvar "versus_tank_chance_finale") (value "1")
L 10/25/2020 - 19:37:53: [basecommands.smx] "Console<0><Console><Console>" changed cvar (cvar "versus_tank_chance") (value "1")
L 10/25/2020 - 19:37:53: [basecommands.smx] "Console<0><Console><Console>" changed cvar (cvar "versus_witch_chance_intro") (value "0")
L 10/25/2020 - 19:37:53: [basecommands.smx] "Console<0><Console><Console>" changed cvar (cvar "versus_witch_chance_finale") (value "0")
L 10/25/2020 - 19:37:53: [basecommands.smx] "Console<0><Console><Console>" changed cvar (cvar "versus_witch_chance") (value "1")
L 10/25/2020 - 19:37:53: [basecommands.smx] "Console<0><Console><Console>" changed cvar (cvar "boomer_vomit_delay") (value "0.1")
L 10/25/2020 - 19:37:53: [basecommands.smx] "Console<0><Console><Console>" changed cvar (cvar "smoker_tongue_delay") (value "0.1")
L 10/25/2020 - 19:37:53: [basecommands.smx] "Console<0><Console><Console>" changed cvar (cvar "vs_survival_bonus") (value "35")
L 10/25/2020 - 19:37:54: [basecommands.smx] "Console<0><Console><Console>" changed cvar (cvar "hostname") (value "Versus")
L 10/25/2020 - 19:50:28: [l4d_profile_checker_v12.smx] [l4d_profile_checker] #DEBUG: sFriendID 76561198396958609
L 10/25/2020 - 19:50:28: [l4d_profile_checker_v12.smx] [l4d_profile_checker] #DEBUG: begin search in whitelist 76561198396958609
L 10/25/2020 - 19:50:28: [l4d_profile_checker_v12.smx] [l4d_profile_checker] #DEBUG: link profiles/76561198396958609/?xml=1
L 10/25/2020 - 19:55:14: -------- Mapchange to c5m5_bridge --------
L 10/25/2020 - 19:55:20: [basecommands.smx] "Console<0><Console><Console>" changed cvar (cvar "sv_force_time_of_day") (value "0")
L 10/25/2020 - 19:55:20: [basecommands.smx] "Console<0><Console><Console>" changed cvar (cvar "z_witch_damage_per_kill_hit") (value "120")
L 10/25/2020 - 19:55:20: [basecommands.smx] "Console<0><Console><Console>" changed cvar (cvar "z_witch_anger_rate") (value "0.5")
L 10/25/2020 - 19:55:20: [basecommands.smx] "Console<0><Console><Console>" changed cvar (cvar "z_witch_flashlight_range") (value "2000")
L 10/25/2020 - 19:55:20: [basecommands.smx] "Console<0><Console><Console>" changed cvar (cvar "z_witch_burn_time") (value "100")
L 10/25/2020 - 19:55:20: [basecommands.smx] "Console<0><Console><Console>" changed cvar (cvar "z_tank_health") (value "4333")
L 10/25/2020 - 19:55:20: [basecommands.smx] "Console<0><Console><Console>" changed cvar (cvar "tank_burn_duration") (value "999999")
L 10/25/2020 - 19:55:20: [basecommands.smx] "Console<0><Console><Console>" changed cvar (cvar "z_ghost_delay_min") (value "18")
L 10/25/2020 - 19:55:20: [basecommands.smx] "Console<0><Console><Console>" changed cvar (cvar "z_ghost_delay_max") (value "18")
L 10/25/2020 - 19:55:20: [basecommands.smx] "Console<0><Console><Console>" changed cvar (cvar "versus_tank_chance_intro") (value "1")
L 10/25/2020 - 19:55:20: [basecommands.smx] "Console<0><Console><Console>" changed cvar (cvar "versus_tank_chance_finale") (value "1")
L 10/25/2020 - 19:55:20: [basecommands.smx] "Console<0><Console><Console>" changed cvar (cvar "versus_tank_chance") (value "1")
L 10/25/2020 - 19:55:20: [basecommands.smx] "Console<0><Console><Console>" changed cvar (cvar "versus_witch_chance_intro") (value "0")
L 10/25/2020 - 19:55:20: [basecommands.smx] "Console<0><Console><Console>" changed cvar (cvar "versus_witch_chance_finale") (value "0")
L 10/25/2020 - 19:55:20: [basecommands.smx] "Console<0><Console><Console>" changed cvar (cvar "versus_witch_chance") (value "1")
L 10/25/2020 - 19:55:20: [basecommands.smx] "Console<0><Console><Console>" changed cvar (cvar "boomer_vomit_delay") (value "0.1")
L 10/25/2020 - 19:55:20: [basecommands.smx] "Console<0><Console><Console>" changed cvar (cvar "smoker_tongue_delay") (value "0.1")
L 10/25/2020 - 19:55:20: [basecommands.smx] "Console<0><Console><Console>" changed cvar (cvar "vs_survival_bonus") (value "35")
L 10/25/2020 - 19:55:20: [basecommands.smx] "Console<0><Console><Console>" changed cvar (cvar "hostname") (value "Versus")
L 10/25/2020 - 20:04:48: [l4d_profile_checker_v12.smx] [l4d_profile_checker] #DEBUG: sFriendID 76561199062646442
L 10/25/2020 - 20:04:48: [l4d_profile_checker_v12.smx] [l4d_profile_checker] #DEBUG: begin search in whitelist 76561199062646442
L 10/25/2020 - 20:04:48: [l4d_profile_checker_v12.smx] [l4d_profile_checker] #DEBUG: link profiles/76561199062646442/?xml=1
L 10/25/2020 - 20:08:57: -------- Mapchange to c8m1_apartment --------
L 10/25/2020 - 20:09:04: [basecommands.smx] "Console<0><Console><Console>" changed cvar (cvar "sv_force_time_of_day") (value "0")
L 10/25/2020 - 20:09:04: [basecommands.smx] "Console<0><Console><Console>" changed cvar (cvar "z_witch_damage_per_kill_hit") (value "120")
L 10/25/2020 - 20:09:04: [basecommands.smx] "Console<0><Console><Console>" changed cvar (cvar "z_witch_anger_rate") (value "0.5")
L 10/25/2020 - 20:09:04: [basecommands.smx] "Console<0><Console><Console>" changed cvar (cvar "z_witch_flashlight_range") (value "2000")
L 10/25/2020 - 20:09:04: [basecommands.smx] "Console<0><Console><Console>" changed cvar (cvar "z_witch_burn_time") (value "100")
L 10/25/2020 - 20:09:04: [basecommands.smx] "Console<0><Console><Console>" changed cvar (cvar "z_tank_health") (value "4333")
L 10/25/2020 - 20:09:04: [basecommands.smx] "Console<0><Console><Console>" changed cvar (cvar "tank_burn_duration") (value "999999")
L 10/25/2020 - 20:09:04: [basecommands.smx] "Console<0><Console><Console>" changed cvar (cvar "z_ghost_delay_min") (value "18")
L 10/25/2020 - 20:09:04: [basecommands.smx] "Console<0><Console><Console>" changed cvar (cvar "z_ghost_delay_max") (value "18")
L 10/25/2020 - 20:09:04: [basecommands.smx] "Console<0><Console><Console>" changed cvar (cvar "versus_tank_chance_intro") (value "1")
L 10/25/2020 - 20:09:04: [basecommands.smx] "Console<0><Console><Console>" changed cvar (cvar "versus_tank_chance_finale") (value "1")
L 10/25/2020 - 20:09:04: [basecommands.smx] "Console<0><Console><Console>" changed cvar (cvar "versus_tank_chance") (value "1")
L 10/25/2020 - 20:09:04: [basecommands.smx] "Console<0><Console><Console>" changed cvar (cvar "versus_witch_chance_intro") (value "0")
L 10/25/2020 - 20:09:04: [basecommands.smx] "Console<0><Console><Console>" changed cvar (cvar "versus_witch_chance_finale") (value "0")
L 10/25/2020 - 20:09:04: [basecommands.smx] "Console<0><Console><Console>" changed cvar (cvar "versus_witch_chance") (value "1")
L 10/25/2020 - 20:09:04: [basecommands.smx] "Console<0><Console><Console>" changed cvar (cvar "boomer_vomit_delay") (value "0.1")
L 10/25/2020 - 20:09:04: [basecommands.smx] "Console<0><Console><Console>" changed cvar (cvar "smoker_tongue_delay") (value "0.1")
L 10/25/2020 - 20:09:04: [basecommands.smx] "Console<0><Console><Console>" changed cvar (cvar "vs_survival_bonus") (value "35")
L 10/25/2020 - 20:09:04: [basecommands.smx] "Console<0><Console><Console>" changed cvar (cvar "hostname") (value "Versus")
L 10/25/2020 - 20:10:32: [l4d_profile_checker_v12.smx] [l4d_profile_checker] #DEBUG: sFriendID 76561198067784063
L 10/25/2020 - 20:10:32: [l4d_profile_checker_v12.smx] [l4d_profile_checker] #DEBUG: begin search in whitelist 76561198067784063
L 10/25/2020 - 20:10:32: [l4d_profile_checker_v12.smx] [l4d_profile_checker] #DEBUG: link profiles/76561198067784063/?xml=1
L 10/25/2020 - 20:13:55: [l4d_profile_checker_v12.smx] [l4d_profile_checker] #DEBUG: sFriendID 76561198089050482
L 10/25/2020 - 20:13:55: [l4d_profile_checker_v12.smx] [l4d_profile_checker] #DEBUG: begin search in whitelist 76561198089050482
L 10/25/2020 - 20:13:55: [l4d_profile_checker_v12.smx] [l4d_profile_checker] #DEBUG: link profiles/76561198089050482/?xml=1
L 10/25/2020 - 20:16:17: [l4d_profile_checker_v12.smx] [l4d_profile_checker] #DEBUG: sFriendID 76561198293059252
L 10/25/2020 - 20:16:17: [l4d_profile_checker_v12.smx] [l4d_profile_checker] #DEBUG: begin search in whitelist 76561198293059252
L 10/25/2020 - 20:16:17: [l4d_profile_checker_v12.smx] [l4d_profile_checker] #DEBUG: link profiles/76561198293059252/?xml=1
L 10/25/2020 - 20:16:23: [l4d_profile_checker_v12.smx] [l4d_profile_checker] #DEBUG: sFriendID 76561198163787548
L 10/25/2020 - 20:16:23: [l4d_profile_checker_v12.smx] [l4d_profile_checker] #DEBUG: begin search in whitelist 76561198163787548
L 10/25/2020 - 20:16:23: [l4d_profile_checker_v12.smx] [l4d_profile_checker] #DEBUG: link profiles/76561198163787548/?xml=1
L 10/25/2020 - 20:17:48: [l4d_profile_checker_v12.smx] [l4d_profile_checker] #DEBUG: sFriendID 76561198182746385
L 10/25/2020 - 20:17:48: [l4d_profile_checker_v12.smx] [l4d_profile_checker] #DEBUG: begin search in whitelist 76561198182746385
L 10/25/2020 - 20:17:48: [l4d_profile_checker_v12.smx] [l4d_profile_checker] #DEBUG: link profiles/76561198182746385/?xml=1
L 10/25/2020 - 20:17:56: [l4d_profile_checker_v12.smx] [l4d_profile_checker] #DEBUG: sFriendID 76561198073739470
L 10/25/2020 - 20:17:56: [l4d_profile_checker_v12.smx] [l4d_profile_checker] #DEBUG: begin search in whitelist 76561198073739470
L 10/25/2020 - 20:17:56: [l4d_profile_checker_v12.smx] [l4d_profile_checker] #DEBUG: link profiles/76561198073739470/?xml=1
L 10/25/2020 - 20:21:36: -------- Mapchange to c8m2_subway --------
L 10/25/2020 - 20:21:40: [basecommands.smx] "Console<0><Console><Console>" changed cvar (cvar "sv_force_time_of_day") (value "0")
L 10/25/2020 - 20:21:40: [basecommands.smx] "Console<0><Console><Console>" changed cvar (cvar "z_witch_damage_per_kill_hit") (value "120")
L 10/25/2020 - 20:21:40: [basecommands.smx] "Console<0><Console><Console>" changed cvar (cvar "z_witch_anger_rate") (value "0.5")
L 10/25/2020 - 20:21:40: [basecommands.smx] "Console<0><Console><Console>" changed cvar (cvar "z_witch_flashlight_range") (value "2000")
L 10/25/2020 - 20:21:40: [basecommands.smx] "Console<0><Console><Console>" changed cvar (cvar "z_witch_burn_time") (value "100")
L 10/25/2020 - 20:21:40: [basecommands.smx] "Console<0><Console><Console>" changed cvar (cvar "z_tank_health") (value "4333")
L 10/25/2020 - 20:21:40: [basecommands.smx] "Console<0><Console><Console>" changed cvar (cvar "tank_burn_duration") (value "999999")
L 10/25/2020 - 20:21:40: [basecommands.smx] "Console<0><Console><Console>" changed cvar (cvar "z_ghost_delay_min") (value "18")
L 10/25/2020 - 20:21:40: [basecommands.smx] "Console<0><Console><Console>" changed cvar (cvar "z_ghost_delay_max") (value "18")
L 10/25/2020 - 20:21:40: [basecommands.smx] "Console<0><Console><Console>" changed cvar (cvar "versus_tank_chance_intro") (value "1")
L 10/25/2020 - 20:21:40: [basecommands.smx] "Console<0><Console><Console>" changed cvar (cvar "versus_tank_chance_finale") (value "1")
L 10/25/2020 - 20:21:40: [basecommands.smx] "Console<0><Console><Console>" changed cvar (cvar "versus_tank_chance") (value "1")
L 10/25/2020 - 20:21:40: [basecommands.smx] "Console<0><Console><Console>" changed cvar (cvar "versus_witch_chance_intro") (value "0")
L 10/25/2020 - 20:21:40: [basecommands.smx] "Console<0><Console><Console>" changed cvar (cvar "versus_witch_chance_finale") (value "0")
L 10/25/2020 - 20:21:40: [basecommands.smx] "Console<0><Console><Console>" changed cvar (cvar "versus_witch_chance") (value "1")
L 10/25/2020 - 20:21:40: [basecommands.smx] "Console<0><Console><Console>" changed cvar (cvar "boomer_vomit_delay") (value "0.1")
L 10/25/2020 - 20:21:40: [basecommands.smx] "Console<0><Console><Console>" changed cvar (cvar "smoker_tongue_delay") (value "0.1")
L 10/25/2020 - 20:21:40: [basecommands.smx] "Console<0><Console><Console>" changed cvar (cvar "vs_survival_bonus") (value "35")
L 10/25/2020 - 20:21:40: [basecommands.smx] "Console<0><Console><Console>" changed cvar (cvar "hostname") (value "Versus")
L 10/25/2020 - 20:23:38: [l4d_profile_checker_v12.smx] [l4d_profile_checker] #DEBUG: sFriendID 76561198978457101
L 10/25/2020 - 20:23:38: [l4d_profile_checker_v12.smx] [l4d_profile_checker] #DEBUG: begin search in whitelist 76561198978457101
L 10/25/2020 - 20:23:38: [l4d_profile_checker_v12.smx] [l4d_profile_checker] #DEBUG: link profiles/76561198978457101/?xml=1
L 10/25/2020 - 20:33:44: [l4d_profile_checker_v12.smx] [l4d_profile_checker] #DEBUG: sFriendID 76561198995754430
L 10/25/2020 - 20:33:44: [l4d_profile_checker_v12.smx] [l4d_profile_checker] #DEBUG: begin search in whitelist 76561198995754430
L 10/25/2020 - 20:33:44: [l4d_profile_checker_v12.smx] [l4d_profile_checker] #DEBUG: link profiles/76561198995754430/?xml=1
L 10/25/2020 - 20:35:33: -------- Mapchange to c8m3_sewers --------
L 10/25/2020 - 20:35:37: [basecommands.smx] "Console<0><Console><Console>" changed cvar (cvar "sv_force_time_of_day") (value "0")
L 10/25/2020 - 20:35:37: [basecommands.smx] "Console<0><Console><Console>" changed cvar (cvar "z_witch_damage_per_kill_hit") (value "120")
L 10/25/2020 - 20:35:37: [basecommands.smx] "Console<0><Console><Console>" changed cvar (cvar "z_witch_anger_rate") (value "0.5")
L 10/25/2020 - 20:35:37: [basecommands.smx] "Console<0><Console><Console>" changed cvar (cvar "z_witch_flashlight_range") (value "2000")
L 10/25/2020 - 20:35:37: [basecommands.smx] "Console<0><Console><Console>" changed cvar (cvar "z_witch_burn_time") (value "100")
L 10/25/2020 - 20:35:37: [basecommands.smx] "Console<0><Console><Console>" changed cvar (cvar "z_tank_health") (value "4333")
L 10/25/2020 - 20:35:37: [basecommands.smx] "Console<0><Console><Console>" changed cvar (cvar "tank_burn_duration") (value "999999")
L 10/25/2020 - 20:35:37: [basecommands.smx] "Console<0><Console><Console>" changed cvar (cvar "z_ghost_delay_min") (value "18")
L 10/25/2020 - 20:35:37: [basecommands.smx] "Console<0><Console><Console>" changed cvar (cvar "z_ghost_delay_max") (value "18")
L 10/25/2020 - 20:35:37: [basecommands.smx] "Console<0><Console><Console>" changed cvar (cvar "versus_tank_chance_intro") (value "1")
L 10/25/2020 - 20:35:37: [basecommands.smx] "Console<0><Console><Console>" changed cvar (cvar "versus_tank_chance_finale") (value "1")
L 10/25/2020 - 20:35:37: [basecommands.smx] "Console<0><Console><Console>" changed cvar (cvar "versus_tank_chance") (value "1")
L 10/25/2020 - 20:35:37: [basecommands.smx] "Console<0><Console><Console>" changed cvar (cvar "versus_witch_chance_intro") (value "0")
L 10/25/2020 - 20:35:37: [basecommands.smx] "Console<0><Console><Console>" changed cvar (cvar "versus_witch_chance_finale") (value "0")
L 10/25/2020 - 20:35:37: [basecommands.smx] "Console<0><Console><Console>" changed cvar (cvar "versus_witch_chance") (value "1")
L 10/25/2020 - 20:35:37: [basecommands.smx] "Console<0><Console><Console>" changed cvar (cvar "boomer_vomit_delay") (value "0.1")
L 10/25/2020 - 20:35:37: [basecommands.smx] "Console<0><Console><Console>" changed cvar (cvar "smoker_tongue_delay") (value "0.1")
L 10/25/2020 - 20:35:37: [basecommands.smx] "Console<0><Console><Console>" changed cvar (cvar "vs_survival_bonus") (value "35")
L 10/25/2020 - 20:35:37: [basecommands.smx] "Console<0><Console><Console>" changed cvar (cvar "hostname") (value "Versus")
L 10/25/2020 - 20:40:30: [l4d_profile_checker_v12.smx] [l4d_profile_checker] #DEBUG: sFriendID 76561198102521329
L 10/25/2020 - 20:40:30: [l4d_profile_checker_v12.smx] [l4d_profile_checker] #DEBUG: begin search in whitelist 76561198102521329
L 10/25/2020 - 20:40:30: [l4d_profile_checker_v12.smx] [l4d_profile_checker] #DEBUG: link profiles/76561198102521329/?xml=1
L 10/25/2020 - 20:45:17: [l4d_profile_checker_v12.smx] [l4d_profile_checker] #DEBUG: sFriendID 76561198943016638
L 10/25/2020 - 20:45:17: [l4d_profile_checker_v12.smx] [l4d_profile_checker] #DEBUG: begin search in whitelist 76561198943016638
L 10/25/2020 - 20:45:17: [l4d_profile_checker_v12.smx] [l4d_profile_checker] #DEBUG: link profiles/76561198943016638/?xml=1
L 10/25/2020 - 20:46:46: [l4d_profile_checker_v12.smx] [l4d_profile_checker] #DEBUG: sFriendID 76561198381445269
L 10/25/2020 - 20:46:46: [l4d_profile_checker_v12.smx] [l4d_profile_checker] #DEBUG: begin search in whitelist 76561198381445269
L 10/25/2020 - 20:46:46: [l4d_profile_checker_v12.smx] [l4d_profile_checker] #DEBUG: link profiles/76561198381445269/?xml=1
L 10/25/2020 - 20:48:04: [l4d_profile_checker_v12.smx] [l4d_profile_checker] #DEBUG: sFriendID 76561198830011184
L 10/25/2020 - 20:48:04: [l4d_profile_checker_v12.smx] [l4d_profile_checker] #DEBUG: begin search in whitelist 76561198830011184
L 10/25/2020 - 20:48:04: [l4d_profile_checker_v12.smx] [l4d_profile_checker] #DEBUG: link profiles/76561198830011184/?xml=1
L 10/25/2020 - 20:50:46: -------- Mapchange to c8m4_interior --------
L 10/25/2020 - 20:50:51: [basecommands.smx] "Console<0><Console><Console>" changed cvar (cvar "sv_force_time_of_day") (value "0")
L 10/25/2020 - 20:50:51: [basecommands.smx] "Console<0><Console><Console>" changed cvar (cvar "z_witch_damage_per_kill_hit") (value "120")
L 10/25/2020 - 20:50:51: [basecommands.smx] "Console<0><Console><Console>" changed cvar (cvar "z_witch_anger_rate") (value "0.5")
L 10/25/2020 - 20:50:51: [basecommands.smx] "Console<0><Console><Console>" changed cvar (cvar "z_witch_flashlight_range") (value "2000")
L 10/25/2020 - 20:50:51: [basecommands.smx] "Console<0><Console><Console>" changed cvar (cvar "z_witch_burn_time") (value "100")
L 10/25/2020 - 20:50:51: [basecommands.smx] "Console<0><Console><Console>" changed cvar (cvar "z_tank_health") (value "4333")
L 10/25/2020 - 20:50:51: [basecommands.smx] "Console<0><Console><Console>" changed cvar (cvar "tank_burn_duration") (value "999999")
L 10/25/2020 - 20:50:51: [basecommands.smx] "Console<0><Console><Console>" changed cvar (cvar "z_ghost_delay_min") (value "18")
L 10/25/2020 - 20:50:51: [basecommands.smx] "Console<0><Console><Console>" changed cvar (cvar "z_ghost_delay_max") (value "18")
L 10/25/2020 - 20:50:51: [basecommands.smx] "Console<0><Console><Console>" changed cvar (cvar "versus_tank_chance_intro") (value "1")
L 10/25/2020 - 20:50:51: [basecommands.smx] "Console<0><Console><Console>" changed cvar (cvar "versus_tank_chance_finale") (value "1")
L 10/25/2020 - 20:50:51: [basecommands.smx] "Console<0><Console><Console>" changed cvar (cvar "versus_tank_chance") (value "1")
L 10/25/2020 - 20:50:51: [basecommands.smx] "Console<0><Console><Console>" changed cvar (cvar "versus_witch_chance_intro") (value "0")
L 10/25/2020 - 20:50:51: [basecommands.smx] "Console<0><Console><Console>" changed cvar (cvar "versus_witch_chance_finale") (value "0")
L 10/25/2020 - 20:50:51: [basecommands.smx] "Console<0><Console><Console>" changed cvar (cvar "versus_witch_chance") (value "1")
L 10/25/2020 - 20:50:51: [basecommands.smx] "Console<0><Console><Console>" changed cvar (cvar "boomer_vomit_delay") (value "0.1")
L 10/25/2020 - 20:50:51: [basecommands.smx] "Console<0><Console><Console>" changed cvar (cvar "smoker_tongue_delay") (value "0.1")
L 10/25/2020 - 20:50:51: [basecommands.smx] "Console<0><Console><Console>" changed cvar (cvar "vs_survival_bonus") (value "35")
L 10/25/2020 - 20:50:51: [basecommands.smx] "Console<0><Console><Console>" changed cvar (cvar "hostname") (value "Versus")
L 10/25/2020 - 20:57:13: [l4d_profile_checker_v12.smx] [l4d_profile_checker] #DEBUG: sFriendID 76561198141521946
L 10/25/2020 - 20:57:13: [l4d_profile_checker_v12.smx] [l4d_profile_checker] #DEBUG: begin search in whitelist 76561198141521946
L 10/25/2020 - 20:57:13: [l4d_profile_checker_v12.smx] [l4d_profile_checker] #DEBUG: link profiles/76561198141521946/?xml=1
L 10/25/2020 - 20:57:54: [l4d_profile_checker_v12.smx] [l4d_profile_checker] #DEBUG: sFriendID 76561198246247624
L 10/25/2020 - 20:57:54: [l4d_profile_checker_v12.smx] [l4d_profile_checker] #DEBUG: begin search in whitelist 76561198246247624
L 10/25/2020 - 20:57:54: [l4d_profile_checker_v12.smx] [l4d_profile_checker] #DEBUG: link profiles/76561198246247624/?xml=1
L 10/25/2020 - 20:59:03: [l4d_profile_checker_v12.smx] [l4d_profile_checker] #DEBUG: sFriendID 76561199071042808
L 10/25/2020 - 20:59:03: [l4d_profile_checker_v12.smx] [l4d_profile_checker] #DEBUG: begin search in whitelist 76561199071042808
L 10/25/2020 - 20:59:03: [l4d_profile_checker_v12.smx] [l4d_profile_checker] #DEBUG: link profiles/76561199071042808/?xml=1
L 10/25/2020 - 21:03:17: [l4d_profile_checker_v12.smx] [l4d_profile_checker] #DEBUG: sFriendID 76561198313782384
L 10/25/2020 - 21:03:17: [l4d_profile_checker_v12.smx] [l4d_profile_checker] #DEBUG: begin search in whitelist 76561198313782384
L 10/25/2020 - 21:03:17: [l4d_profile_checker_v12.smx] [l4d_profile_checker] #DEBUG: link profiles/76561198313782384/?xml=1
L 10/25/2020 - 21:03:38: -------- Mapchange to c8m5_rooftop --------
L 10/25/2020 - 21:03:42: [basecommands.smx] "Console<0><Console><Console>" changed cvar (cvar "sv_force_time_of_day") (value "0")
L 10/25/2020 - 21:03:42: [basecommands.smx] "Console<0><Console><Console>" changed cvar (cvar "z_witch_damage_per_kill_hit") (value "120")
L 10/25/2020 - 21:03:42: [basecommands.smx] "Console<0><Console><Console>" changed cvar (cvar "z_witch_anger_rate") (value "0.5")
L 10/25/2020 - 21:03:42: [basecommands.smx] "Console<0><Console><Console>" changed cvar (cvar "z_witch_flashlight_range") (value "2000")
L 10/25/2020 - 21:03:42: [basecommands.smx] "Console<0><Console><Console>" changed cvar (cvar "z_witch_burn_time") (value "100")
L 10/25/2020 - 21:03:42: [basecommands.smx] "Console<0><Console><Console>" changed cvar (cvar "z_tank_health") (value "4333")
L 10/25/2020 - 21:03:42: [basecommands.smx] "Console<0><Console><Console>" changed cvar (cvar "tank_burn_duration") (value "999999")
L 10/25/2020 - 21:03:42: [basecommands.smx] "Console<0><Console><Console>" changed cvar (cvar "z_ghost_delay_min") (value "18")
L 10/25/2020 - 21:03:42: [basecommands.smx] "Console<0><Console><Console>" changed cvar (cvar "z_ghost_delay_max") (value "18")
L 10/25/2020 - 21:03:42: [basecommands.smx] "Console<0><Console><Console>" changed cvar (cvar "versus_tank_chance_intro") (value "1")
L 10/25/2020 - 21:03:42: [basecommands.smx] "Console<0><Console><Console>" changed cvar (cvar "versus_tank_chance_finale") (value "1")
L 10/25/2020 - 21:03:42: [basecommands.smx] "Console<0><Console><Console>" changed cvar (cvar "versus_tank_chance") (value "1")
L 10/25/2020 - 21:03:42: [basecommands.smx] "Console<0><Console><Console>" changed cvar (cvar "versus_witch_chance_intro") (value "0")
L 10/25/2020 - 21:03:42: [basecommands.smx] "Console<0><Console><Console>" changed cvar (cvar "versus_witch_chance_finale") (value "0")
L 10/25/2020 - 21:03:42: [basecommands.smx] "Console<0><Console><Console>" changed cvar (cvar "versus_witch_chance") (value "1")
L 10/25/2020 - 21:03:42: [basecommands.smx] "Console<0><Console><Console>" changed cvar (cvar "boomer_vomit_delay") (value "0.1")
L 10/25/2020 - 21:03:42: [basecommands.smx] "Console<0><Console><Console>" changed cvar (cvar "smoker_tongue_delay") (value "0.1")
L 10/25/2020 - 21:03:42: [basecommands.smx] "Console<0><Console><Console>" changed cvar (cvar "vs_survival_bonus") (value "35")
L 10/25/2020 - 21:03:42: [basecommands.smx] "Console<0><Console><Console>" changed cvar (cvar "hostname") (value "Versus")
L 10/25/2020 - 21:04:08: [l4d_profile_checker_v12.smx] [l4d_profile_checker] #DEBUG: sFriendID 76561198904724295
L 10/25/2020 - 21:04:08: [l4d_profile_checker_v12.smx] [l4d_profile_checker] #DEBUG: begin search in whitelist 76561198904724295
L 10/25/2020 - 21:04:08: [l4d_profile_checker_v12.smx] [l4d_profile_checker] #DEBUG: link profiles/76561198904724295/?xml=1
L 10/25/2020 - 21:04:28: [l4d_profile_checker_v12.smx] [l4d_profile_checker] #DEBUG: sFriendID 76561198348722277
L 10/25/2020 - 21:04:28: [l4d_profile_checker_v12.smx] [l4d_profile_checker] #DEBUG: begin search in whitelist 76561198348722277
L 10/25/2020 - 21:04:28: [l4d_profile_checker_v12.smx] [l4d_profile_checker] #DEBUG: link profiles/76561198348722277/?xml=1
L 10/25/2020 - 21:04:35: [l4d_profile_checker_v12.smx] [l4d_profile_checker] #DEBUG: sFriendID 76561198141521946
L 10/25/2020 - 21:04:35: [l4d_profile_checker_v12.smx] [l4d_profile_checker] #DEBUG: begin search in whitelist 76561198141521946
L 10/25/2020 - 21:04:35: [l4d_profile_checker_v12.smx] [l4d_profile_checker] #DEBUG: link profiles/76561198141521946/?xml=1
L 10/25/2020 - 21:04:56: [l4d_profile_checker_v12.smx] [l4d_profile_checker] #DEBUG: sFriendID 76561198966639583
L 10/25/2020 - 21:04:56: [l4d_profile_checker_v12.smx] [l4d_profile_checker] #DEBUG: begin search in whitelist 76561198966639583
L 10/25/2020 - 21:04:56: [l4d_profile_checker_v12.smx] [l4d_profile_checker] #DEBUG: link profiles/76561198966639583/?xml=1
L 10/25/2020 - 21:05:36: [l4d_profile_checker_v12.smx] [l4d_profile_checker] #DEBUG: sFriendID 76561198152682277
L 10/25/2020 - 21:05:36: [l4d_profile_checker_v12.smx] [l4d_profile_checker] #DEBUG: begin search in whitelist 76561198152682277
L 10/25/2020 - 21:05:36: [l4d_profile_checker_v12.smx] [l4d_profile_checker] #DEBUG: link profiles/76561198152682277/?xml=1
L 10/25/2020 - 21:06:05: -------- Mapchange to c2m1_highway --------
L 10/25/2020 - 21:06:09: [basecommands.smx] "Console<0><Console><Console>" changed cvar (cvar "sv_force_time_of_day") (value "0")
L 10/25/2020 - 21:06:09: [basecommands.smx] "Console<0><Console><Console>" changed cvar (cvar "z_witch_damage_per_kill_hit") (value "120")
L 10/25/2020 - 21:06:09: [basecommands.smx] "Console<0><Console><Console>" changed cvar (cvar "z_witch_anger_rate") (value "0.5")
L 10/25/2020 - 21:06:09: [basecommands.smx] "Console<0><Console><Console>" changed cvar (cvar "z_witch_flashlight_range") (value "2000")
L 10/25/2020 - 21:06:09: [basecommands.smx] "Console<0><Console><Console>" changed cvar (cvar "z_witch_burn_time") (value "100")
L 10/25/2020 - 21:06:09: [basecommands.smx] "Console<0><Console><Console>" changed cvar (cvar "z_tank_health") (value "4333")
L 10/25/2020 - 21:06:09: [basecommands.smx] "Console<0><Console><Console>" changed cvar (cvar "tank_burn_duration") (value "999999")
L 10/25/2020 - 21:06:09: [basecommands.smx] "Console<0><Console><Console>" changed cvar (cvar "z_ghost_delay_min") (value "18")
L 10/25/2020 - 21:06:09: [basecommands.smx] "Console<0><Console><Console>" changed cvar (cvar "z_ghost_delay_max") (value "18")
L 10/25/2020 - 21:06:09: [basecommands.smx] "Console<0><Console><Console>" changed cvar (cvar "versus_tank_chance_intro") (value "1")
L 10/25/2020 - 21:06:09: [basecommands.smx] "Console<0><Console><Console>" changed cvar (cvar "versus_tank_chance_finale") (value "1")
L 10/25/2020 - 21:06:09: [basecommands.smx] "Console<0><Console><Console>" changed cvar (cvar "versus_tank_chance") (value "1")
L 10/25/2020 - 21:06:09: [basecommands.smx] "Console<0><Console><Console>" changed cvar (cvar "versus_witch_chance_intro") (value "0")
L 10/25/2020 - 21:06:09: [basecommands.smx] "Console<0><Console><Console>" changed cvar (cvar "versus_witch_chance_finale") (value "0")
L 10/25/2020 - 21:06:09: [basecommands.smx] "Console<0><Console><Console>" changed cvar (cvar "versus_witch_chance") (value "1")
L 10/25/2020 - 21:06:09: [basecommands.smx] "Console<0><Console><Console>" changed cvar (cvar "boomer_vomit_delay") (value "0.1")
L 10/25/2020 - 21:06:09: [basecommands.smx] "Console<0><Console><Console>" changed cvar (cvar "smoker_tongue_delay") (value "0.1")
L 10/25/2020 - 21:06:09: [basecommands.smx] "Console<0><Console><Console>" changed cvar (cvar "vs_survival_bonus") (value "35")
L 10/25/2020 - 21:06:09: [basecommands.smx] "Console<0><Console><Console>" changed cvar (cvar "hostname") (value "Versus")
L 10/25/2020 - 21:07:06: [l4d_profile_checker_v12.smx] [l4d_profile_checker] #DEBUG: sFriendID 76561198871817389
L 10/25/2020 - 21:07:06: [l4d_profile_checker_v12.smx] [l4d_profile_checker] #DEBUG: begin search in whitelist 76561198871817389
L 10/25/2020 - 21:07:06: [l4d_profile_checker_v12.smx] [l4d_profile_checker] #DEBUG: link profiles/76561198871817389/?xml=1
L 10/25/2020 - 21:08:49: [l4d_profile_checker_v12.smx] [l4d_profile_checker] #DEBUG: sFriendID 76561198242005122
L 10/25/2020 - 21:08:49: [l4d_profile_checker_v12.smx] [l4d_profile_checker] #DEBUG: begin search in whitelist 76561198242005122
L 10/25/2020 - 21:08:49: [l4d_profile_checker_v12.smx] [l4d_profile_checker] #DEBUG: link profiles/76561198242005122/?xml=1
L 10/25/2020 - 21:09:25: [l4d_profile_checker_v12.smx] [l4d_profile_checker] #DEBUG: sFriendID 76561198904724295
L 10/25/2020 - 21:09:25: [l4d_profile_checker_v12.smx] [l4d_profile_checker] #DEBUG: begin search in whitelist 76561198904724295
L 10/25/2020 - 21:09:25: [l4d_profile_checker_v12.smx] [l4d_profile_checker] #DEBUG: link profiles/76561198904724295/?xml=1
L 10/25/2020 - 21:11:41: [l4d_profile_checker_v12.smx] [l4d_profile_checker] #DEBUG: sFriendID 76561198268074131
L 10/25/2020 - 21:11:41: [l4d_profile_checker_v12.smx] [l4d_profile_checker] #DEBUG: begin search in whitelist 76561198268074131
L 10/25/2020 - 21:11:41: [l4d_profile_checker_v12.smx] [l4d_profile_checker] #DEBUG: link profiles/76561198268074131/?xml=1
L 10/25/2020 - 21:12:22: [l4d_profile_checker_v12.smx] [l4d_profile_checker] #DEBUG: sFriendID 76561199076676973
L 10/25/2020 - 21:12:22: [l4d_profile_checker_v12.smx] [l4d_profile_checker] #DEBUG: begin search in whitelist 76561199076676973
L 10/25/2020 - 21:12:22: [l4d_profile_checker_v12.smx] [l4d_profile_checker] #DEBUG: link profiles/76561199076676973/?xml=1
L 10/25/2020 - 21:21:09: [l4d_profile_checker_v12.smx] [l4d_profile_checker] #DEBUG: sFriendID 76561198841220673
L 10/25/2020 - 21:21:09: [l4d_profile_checker_v12.smx] [l4d_profile_checker] #DEBUG: begin search in whitelist 76561198841220673
L 10/25/2020 - 21:21:09: [l4d_profile_checker_v12.smx] [l4d_profile_checker] #DEBUG: link profiles/76561198841220673/?xml=1
L 10/25/2020 - 21:23:14: [l4d_profile_checker_v12.smx] [l4d_profile_checker] #DEBUG: sFriendID 76561198966825036
L 10/25/2020 - 21:23:14: [l4d_profile_checker_v12.smx] [l4d_profile_checker] #DEBUG: begin search in whitelist 76561198966825036
L 10/25/2020 - 21:23:14: [l4d_profile_checker_v12.smx] [l4d_profile_checker] #DEBUG: link profiles/76561198966825036/?xml=1
L 10/25/2020 - 21:25:33: -------- Mapchange to c2m2_fairgrounds --------
L 10/25/2020 - 21:25:36: [basecommands.smx] "Console<0><Console><Console>" changed cvar (cvar "sv_force_time_of_day") (value "0")
L 10/25/2020 - 21:25:36: [basecommands.smx] "Console<0><Console><Console>" changed cvar (cvar "z_witch_damage_per_kill_hit") (value "120")
L 10/25/2020 - 21:25:36: [basecommands.smx] "Console<0><Console><Console>" changed cvar (cvar "z_witch_anger_rate") (value "0.5")
L 10/25/2020 - 21:25:36: [basecommands.smx] "Console<0><Console><Console>" changed cvar (cvar "z_witch_flashlight_range") (value "2000")
L 10/25/2020 - 21:25:36: [basecommands.smx] "Console<0><Console><Console>" changed cvar (cvar "z_witch_burn_time") (value "100")
L 10/25/2020 - 21:25:36: [basecommands.smx] "Console<0><Console><Console>" changed cvar (cvar "z_tank_health") (value "4333")
L 10/25/2020 - 21:25:36: [basecommands.smx] "Console<0><Console><Console>" changed cvar (cvar "tank_burn_duration") (value "999999")
L 10/25/2020 - 21:25:36: [basecommands.smx] "Console<0><Console><Console>" changed cvar (cvar "z_ghost_delay_min") (value "18")
L 10/25/2020 - 21:25:36: [basecommands.smx] "Console<0><Console><Console>" changed cvar (cvar "z_ghost_delay_max") (value "18")
L 10/25/2020 - 21:25:36: [basecommands.smx] "Console<0><Console><Console>" changed cvar (cvar "versus_tank_chance_intro") (value "1")
L 10/25/2020 - 21:25:36: [basecommands.smx] "Console<0><Console><Console>" changed cvar (cvar "versus_tank_chance_finale") (value "1")
L 10/25/2020 - 21:25:36: [basecommands.smx] "Console<0><Console><Console>" changed cvar (cvar "versus_tank_chance") (value "1")
L 10/25/2020 - 21:25:36: [basecommands.smx] "Console<0><Console><Console>" changed cvar (cvar "versus_witch_chance_intro") (value "0")
L 10/25/2020 - 21:25:36: [basecommands.smx] "Console<0><Console><Console>" changed cvar (cvar "versus_witch_chance_finale") (value "0")
L 10/25/2020 - 21:25:36: [basecommands.smx] "Console<0><Console><Console>" changed cvar (cvar "versus_witch_chance") (value "1")
L 10/25/2020 - 21:25:36: [basecommands.smx] "Console<0><Console><Console>" changed cvar (cvar "boomer_vomit_delay") (value "0.1")
L 10/25/2020 - 21:25:36: [basecommands.smx] "Console<0><Console><Console>" changed cvar (cvar "smoker_tongue_delay") (value "0.1")
L 10/25/2020 - 21:25:36: [basecommands.smx] "Console<0><Console><Console>" changed cvar (cvar "vs_survival_bonus") (value "35")
L 10/25/2020 - 21:25:36: [basecommands.smx] "Console<0><Console><Console>" changed cvar (cvar "hostname") (value "Versus")
L 10/25/2020 - 21:26:00: [l4d_profile_checker_v12.smx] [l4d_profile_checker] #DEBUG: sFriendID 76561198044593058
L 10/25/2020 - 21:26:00: [l4d_profile_checker_v12.smx] [l4d_profile_checker] #DEBUG: begin search in whitelist 76561198044593058
L 10/25/2020 - 21:26:00: [l4d_profile_checker_v12.smx] [l4d_profile_checker] #DEBUG: link profiles/76561198044593058/?xml=1
L 10/25/2020 - 21:27:21: [l4d_profile_checker_v12.smx] [l4d_profile_checker] #DEBUG: sFriendID 76561198126229952
L 10/25/2020 - 21:27:21: [l4d_profile_checker_v12.smx] [l4d_profile_checker] #DEBUG: begin search in whitelist 76561198126229952
L 10/25/2020 - 21:27:21: [l4d_profile_checker_v12.smx] [l4d_profile_checker] #DEBUG: link profiles/76561198126229952/?xml=1
L 10/25/2020 - 21:27:44: [l4d_profile_checker_v12.smx] [l4d_profile_checker] #DEBUG: sFriendID 76561198351757356
L 10/25/2020 - 21:27:44: [l4d_profile_checker_v12.smx] [l4d_profile_checker] #DEBUG: begin search in whitelist 76561198351757356
L 10/25/2020 - 21:27:44: [l4d_profile_checker_v12.smx] [l4d_profile_checker] #DEBUG: link profiles/76561198351757356/?xml=1
L 10/25/2020 - 21:37:05: -------- Mapchange to c2m3_coaster --------
L 10/25/2020 - 21:37:08: [basecommands.smx] "Console<0><Console><Console>" changed cvar (cvar "sv_force_time_of_day") (value "0")
L 10/25/2020 - 21:37:08: [basecommands.smx] "Console<0><Console><Console>" changed cvar (cvar "z_witch_damage_per_kill_hit") (value "120")
L 10/25/2020 - 21:37:08: [basecommands.smx] "Console<0><Console><Console>" changed cvar (cvar "z_witch_anger_rate") (value "0.5")
L 10/25/2020 - 21:37:08: [basecommands.smx] "Console<0><Console><Console>" changed cvar (cvar "z_witch_flashlight_range") (value "2000")
L 10/25/2020 - 21:37:08: [basecommands.smx] "Console<0><Console><Console>" changed cvar (cvar "z_witch_burn_time") (value "100")
L 10/25/2020 - 21:37:08: [basecommands.smx] "Console<0><Console><Console>" changed cvar (cvar "z_tank_health") (value "4333")
L 10/25/2020 - 21:37:08: [basecommands.smx] "Console<0><Console><Console>" changed cvar (cvar "tank_burn_duration") (value "999999")
L 10/25/2020 - 21:37:08: [basecommands.smx] "Console<0><Console><Console>" changed cvar (cvar "z_ghost_delay_min") (value "18")
L 10/25/2020 - 21:37:08: [basecommands.smx] "Console<0><Console><Console>" changed cvar (cvar "z_ghost_delay_max") (value "18")
L 10/25/2020 - 21:37:08: [basecommands.smx] "Console<0><Console><Console>" changed cvar (cvar "versus_tank_chance_intro") (value "1")
L 10/25/2020 - 21:37:08: [basecommands.smx] "Console<0><Console><Console>" changed cvar (cvar "versus_tank_chance_finale") (value "1")
L 10/25/2020 - 21:37:08: [basecommands.smx] "Console<0><Console><Console>" changed cvar (cvar "versus_tank_chance") (value "1")
L 10/25/2020 - 21:37:08: [basecommands.smx] "Console<0><Console><Console>" changed cvar (cvar "versus_witch_chance_intro") (value "0")
L 10/25/2020 - 21:37:08: [basecommands.smx] "Console<0><Console><Console>" changed cvar (cvar "versus_witch_chance_finale") (value "0")
L 10/25/2020 - 21:37:08: [basecommands.smx] "Console<0><Console><Console>" changed cvar (cvar "versus_witch_chance") (value "1")
L 10/25/2020 - 21:37:08: [basecommands.smx] "Console<0><Console><Console>" changed cvar (cvar "boomer_vomit_delay") (value "0.1")
L 10/25/2020 - 21:37:08: [basecommands.smx] "Console<0><Console><Console>" changed cvar (cvar "smoker_tongue_delay") (value "0.1")
L 10/25/2020 - 21:37:08: [basecommands.smx] "Console<0><Console><Console>" changed cvar (cvar "vs_survival_bonus") (value "35")
L 10/25/2020 - 21:37:08: [basecommands.smx] "Console<0><Console><Console>" changed cvar (cvar "hostname") (value "Versus")
L 10/25/2020 - 21:37:51: [l4d_profile_checker_v12.smx] [l4d_profile_checker] #DEBUG: sFriendID 76561199000776342
L 10/25/2020 - 21:37:51: [l4d_profile_checker_v12.smx] [l4d_profile_checker] #DEBUG: begin search in whitelist 76561199000776342
L 10/25/2020 - 21:37:51: [l4d_profile_checker_v12.smx] [l4d_profile_checker] #DEBUG: link profiles/76561199000776342/?xml=1
L 10/25/2020 - 21:39:29: [l4d_profile_checker_v12.smx] [l4d_profile_checker] #DEBUG: sFriendID 76561198283457634
L 10/25/2020 - 21:39:29: [l4d_profile_checker_v12.smx] [l4d_profile_checker] #DEBUG: begin search in whitelist 76561198283457634
L 10/25/2020 - 21:39:29: [l4d_profile_checker_v12.smx] [l4d_profile_checker] #DEBUG: link profiles/76561198283457634/?xml=1
L 10/25/2020 - 21:41:43: [l4d_profile_checker_v12.smx] [l4d_profile_checker] #DEBUG: sFriendID 76561198959221107
L 10/25/2020 - 21:41:43: [l4d_profile_checker_v12.smx] [l4d_profile_checker] #DEBUG: begin search in whitelist 76561198959221107
L 10/25/2020 - 21:41:43: [l4d_profile_checker_v12.smx] [l4d_profile_checker] #DEBUG: link profiles/76561198959221107/?xml=1
L 10/25/2020 - 21:42:44: [l4d_profile_checker_v12.smx] [l4d_profile_checker] #DEBUG: sFriendID 76561198413113015
L 10/25/2020 - 21:42:44: [l4d_profile_checker_v12.smx] [l4d_profile_checker] #DEBUG: begin search in whitelist 76561198413113015
L 10/25/2020 - 21:42:44: [l4d_profile_checker_v12.smx] [l4d_profile_checker] #DEBUG: link profiles/76561198413113015/?xml=1
L 10/25/2020 - 21:43:15: [basebans.smx] " Rain <2><STEAM_1:0:162762726><>" banned "lautaaa15<272><STEAM_1:1:226423643><>" (minutes "0") (reason "Troll de Mierda")
L 10/25/2020 - 21:44:22: [l4d_profile_checker_v12.smx] [l4d_profile_checker] #DEBUG: sFriendID 76561198978457101
L 10/25/2020 - 21:44:22: [l4d_profile_checker_v12.smx] [l4d_profile_checker] #DEBUG: begin search in whitelist 76561198978457101
L 10/25/2020 - 21:44:22: [l4d_profile_checker_v12.smx] [l4d_profile_checker] #DEBUG: link profiles/76561198978457101/?xml=1
L 10/25/2020 - 21:46:21: [l4d_profile_checker_v12.smx] [l4d_profile_checker] #DEBUG: sFriendID 76561198082760231
L 10/25/2020 - 21:46:21: [l4d_profile_checker_v12.smx] [l4d_profile_checker] #DEBUG: begin search in whitelist 76561198082760231
L 10/25/2020 - 21:46:21: [l4d_profile_checker_v12.smx] [l4d_profile_checker] #DEBUG: link profiles/76561198082760231/?xml=1
L 10/25/2020 - 21:49:56: -------- Mapchange to c2m4_barns --------
L 10/25/2020 - 21:49:59: [basecommands.smx] "Console<0><Console><Console>" changed cvar (cvar "sv_force_time_of_day") (value "0")
L 10/25/2020 - 21:49:59: [basecommands.smx] "Console<0><Console><Console>" changed cvar (cvar "z_witch_damage_per_kill_hit") (value "120")
L 10/25/2020 - 21:49:59: [basecommands.smx] "Console<0><Console><Console>" changed cvar (cvar "z_witch_anger_rate") (value "0.5")
L 10/25/2020 - 21:49:59: [basecommands.smx] "Console<0><Console><Console>" changed cvar (cvar "z_witch_flashlight_range") (value "2000")
L 10/25/2020 - 21:49:59: [basecommands.smx] "Console<0><Console><Console>" changed cvar (cvar "z_witch_burn_time") (value "100")
L 10/25/2020 - 21:49:59: [basecommands.smx] "Console<0><Console><Console>" changed cvar (cvar "z_tank_health") (value "4333")
L 10/25/2020 - 21:49:59: [basecommands.smx] "Console<0><Console><Console>" changed cvar (cvar "tank_burn_duration") (value "999999")
L 10/25/2020 - 21:49:59: [basecommands.smx] "Console<0><Console><Console>" changed cvar (cvar "z_ghost_delay_min") (value "18")
L 10/25/2020 - 21:49:59: [basecommands.smx] "Console<0><Console><Console>" changed cvar (cvar "z_ghost_delay_max") (value "18")
L 10/25/2020 - 21:49:59: [basecommands.smx] "Console<0><Console><Console>" changed cvar (cvar "versus_tank_chance_intro") (value "1")
L 10/25/2020 - 21:49:59: [basecommands.smx] "Console<0><Console><Console>" changed cvar (cvar "versus_tank_chance_finale") (value "1")
L 10/25/2020 - 21:49:59: [basecommands.smx] "Console<0><Console><Console>" changed cvar (cvar "versus_tank_chance") (value "1")
L 10/25/2020 - 21:49:59: [basecommands.smx] "Console<0><Console><Console>" changed cvar (cvar "versus_witch_chance_intro") (value "0")
L 10/25/2020 - 21:49:59: [basecommands.smx] "Console<0><Console><Console>" changed cvar (cvar "versus_witch_chance_finale") (value "0")
L 10/25/2020 - 21:49:59: [basecommands.smx] "Console<0><Console><Console>" changed cvar (cvar "versus_witch_chance") (value "1")
L 10/25/2020 - 21:49:59: [basecommands.smx] "Console<0><Console><Console>" changed cvar (cvar "boomer_vomit_delay") (value "0.1")
L 10/25/2020 - 21:49:59: [basecommands.smx] "Console<0><Console><Console>" changed cvar (cvar "smoker_tongue_delay") (value "0.1")
L 10/25/2020 - 21:49:59: [basecommands.smx] "Console<0><Console><Console>" changed cvar (cvar "vs_survival_bonus") (value "35")
L 10/25/2020 - 21:49:59: [basecommands.smx] "Console<0><Console><Console>" changed cvar (cvar "hostname") (value "Versus")
L 10/25/2020 - 21:51:22: [l4d_profile_checker_v12.smx] [l4d_profile_checker] #DEBUG: sFriendID 76561198035338858
L 10/25/2020 - 21:51:22: [l4d_profile_checker_v12.smx] [l4d_profile_checker] #DEBUG: begin search in whitelist 76561198035338858
L 10/25/2020 - 21:51:22: [l4d_profile_checker_v12.smx] [l4d_profile_checker] #DEBUG: link profiles/76561198035338858/?xml=1
L 10/25/2020 - 21:53:53: [l4d_profile_checker_v12.smx] [l4d_profile_checker] #DEBUG: sFriendID 76561198951020408
L 10/25/2020 - 21:53:53: [l4d_profile_checker_v12.smx] [l4d_profile_checker] #DEBUG: begin search in whitelist 76561198951020408
L 10/25/2020 - 21:53:53: [l4d_profile_checker_v12.smx] [l4d_profile_checker] #DEBUG: link profiles/76561198951020408/?xml=1
L 10/25/2020 - 22:00:51: [l4d_profile_checker_v12.smx] [l4d_profile_checker] #DEBUG: sFriendID 76561199009004829
L 10/25/2020 - 22:00:51: [l4d_profile_checker_v12.smx] [l4d_profile_checker] #DEBUG: begin search in whitelist 76561199009004829
L 10/25/2020 - 22:00:51: [l4d_profile_checker_v12.smx] [l4d_profile_checker] #DEBUG: link profiles/76561199009004829/?xml=1
L 10/25/2020 - 22:01:56: [l4d_profile_checker_v12.smx] [l4d_profile_checker] #DEBUG: sFriendID 76561198120141927
L 10/25/2020 - 22:01:56: [l4d_profile_checker_v12.smx] [l4d_profile_checker] #DEBUG: begin search in whitelist 76561198120141927
L 10/25/2020 - 22:01:56: [l4d_profile_checker_v12.smx] [l4d_profile_checker] #DEBUG: link profiles/76561198120141927/?xml=1
L 10/25/2020 - 22:03:25: [l4d_profile_checker_v12.smx] [l4d_profile_checker] #DEBUG: sFriendID 76561198041731597
L 10/25/2020 - 22:03:25: [l4d_profile_checker_v12.smx] [l4d_profile_checker] #DEBUG: begin search in whitelist 76561198041731597
L 10/25/2020 - 22:03:25: [l4d_profile_checker_v12.smx] [l4d_profile_checker] #DEBUG: link profiles/76561198041731597/?xml=1
L 10/25/2020 - 22:05:40: [l4d_profile_checker_v12.smx] [l4d_profile_checker] #DEBUG: sFriendID 76561198348722277
L 10/25/2020 - 22:05:40: [l4d_profile_checker_v12.smx] [l4d_profile_checker] #DEBUG: begin search in whitelist 76561198348722277
L 10/25/2020 - 22:05:40: [l4d_profile_checker_v12.smx] [l4d_profile_checker] #DEBUG: link profiles/76561198348722277/?xml=1
L 10/25/2020 - 22:06:00: -------- Mapchange to c2m5_concert --------
L 10/25/2020 - 22:06:02: [basecommands.smx] "Console<0><Console><Console>" changed cvar (cvar "sv_force_time_of_day") (value "0")
L 10/25/2020 - 22:06:02: [basecommands.smx] "Console<0><Console><Console>" changed cvar (cvar "z_witch_damage_per_kill_hit") (value "120")
L 10/25/2020 - 22:06:02: [basecommands.smx] "Console<0><Console><Console>" changed cvar (cvar "z_witch_anger_rate") (value "0.5")
L 10/25/2020 - 22:06:02: [basecommands.smx] "Console<0><Console><Console>" changed cvar (cvar "z_witch_flashlight_range") (value "2000")
L 10/25/2020 - 22:06:02: [basecommands.smx] "Console<0><Console><Console>" changed cvar (cvar "z_witch_burn_time") (value "100")
L 10/25/2020 - 22:06:02: [basecommands.smx] "Console<0><Console><Console>" changed cvar (cvar "z_tank_health") (value "4333")
L 10/25/2020 - 22:06:02: [basecommands.smx] "Console<0><Console><Console>" changed cvar (cvar "tank_burn_duration") (value "999999")
L 10/25/2020 - 22:06:03: [basecommands.smx] "Console<0><Console><Console>" changed cvar (cvar "z_ghost_delay_min") (value "18")
L 10/25/2020 - 22:06:03: [basecommands.smx] "Console<0><Console><Console>" changed cvar (cvar "z_ghost_delay_max") (value "18")
L 10/25/2020 - 22:06:03: [basecommands.smx] "Console<0><Console><Console>" changed cvar (cvar "versus_tank_chance_intro") (value "1")
L 10/25/2020 - 22:06:03: [basecommands.smx] "Console<0><Console><Console>" changed cvar (cvar "versus_tank_chance_finale") (value "1")
L 10/25/2020 - 22:06:03: [basecommands.smx] "Console<0><Console><Console>" changed cvar (cvar "versus_tank_chance") (value "1")
L 10/25/2020 - 22:06:03: [basecommands.smx] "Console<0><Console><Console>" changed cvar (cvar "versus_witch_chance_intro") (value "0")
L 10/25/2020 - 22:06:03: [basecommands.smx] "Console<0><Console><Console>" changed cvar (cvar "versus_witch_chance_finale") (value "0")
L 10/25/2020 - 22:06:03: [basecommands.smx] "Console<0><Console><Console>" changed cvar (cvar "versus_witch_chance") (value "1")
L 10/25/2020 - 22:06:03: [basecommands.smx] "Console<0><Console><Console>" changed cvar (cvar "boomer_vomit_delay") (value "0.1")
L 10/25/2020 - 22:06:03: [basecommands.smx] "Console<0><Console><Console>" changed cvar (cvar "smoker_tongue_delay") (value "0.1")
L 10/25/2020 - 22:06:03: [basecommands.smx] "Console<0><Console><Console>" changed cvar (cvar "vs_survival_bonus") (value "35")
L 10/25/2020 - 22:06:03: [basecommands.smx] "Console<0><Console><Console>" changed cvar (cvar "hostname") (value "Versus")
L 10/25/2020 - 22:07:05: [l4d_profile_checker_v12.smx] [l4d_profile_checker] #DEBUG: sFriendID 76561199058469544
L 10/25/2020 - 22:07:05: [l4d_profile_checker_v12.smx] [l4d_profile_checker] #DEBUG: begin search in whitelist 76561199058469544
L 10/25/2020 - 22:07:05: [l4d_profile_checker_v12.smx] [l4d_profile_checker] #DEBUG: link profiles/76561199058469544/?xml=1
L 10/25/2020 - 22:13:09: -------- Mapchange to c5m1_waterfront --------
L 10/25/2020 - 22:13:12: [basecommands.smx] "Console<0><Console><Console>" changed cvar (cvar "sv_force_time_of_day") (value "0")
L 10/25/2020 - 22:13:12: [basecommands.smx] "Console<0><Console><Console>" changed cvar (cvar "z_witch_damage_per_kill_hit") (value "120")
L 10/25/2020 - 22:13:12: [basecommands.smx] "Console<0><Console><Console>" changed cvar (cvar "z_witch_anger_rate") (value "0.5")
L 10/25/2020 - 22:13:12: [basecommands.smx] "Console<0><Console><Console>" changed cvar (cvar "z_witch_flashlight_range") (value "2000")
L 10/25/2020 - 22:13:12: [basecommands.smx] "Console<0><Console><Console>" changed cvar (cvar "z_witch_burn_time") (value "100")
L 10/25/2020 - 22:13:12: [basecommands.smx] "Console<0><Console><Console>" changed cvar (cvar "z_tank_health") (value "4333")
L 10/25/2020 - 22:13:12: [basecommands.smx] "Console<0><Console><Console>" changed cvar (cvar "tank_burn_duration") (value "999999")
L 10/25/2020 - 22:13:12: [basecommands.smx] "Console<0><Console><Console>" changed cvar (cvar "z_ghost_delay_min") (value "18")
L 10/25/2020 - 22:13:12: [basecommands.smx] "Console<0><Console><Console>" changed cvar (cvar "z_ghost_delay_max") (value "18")
L 10/25/2020 - 22:13:12: [basecommands.smx] "Console<0><Console><Console>" changed cvar (cvar "versus_tank_chance_intro") (value "1")
L 10/25/2020 - 22:13:12: [basecommands.smx] "Console<0><Console><Console>" changed cvar (cvar "versus_tank_chance_finale") (value "1")
L 10/25/2020 - 22:13:12: [basecommands.smx] "Console<0><Console><Console>" changed cvar (cvar "versus_tank_chance") (value "1")
L 10/25/2020 - 22:13:12: [basecommands.smx] "Console<0><Console><Console>" changed cvar (cvar "versus_witch_chance_intro") (value "0")
L 10/25/2020 - 22:13:12: [basecommands.smx] "Console<0><Console><Console>" changed cvar (cvar "versus_witch_chance_finale") (value "0")
L 10/25/2020 - 22:13:12: [basecommands.smx] "Console<0><Console><Console>" changed cvar (cvar "versus_witch_chance") (value "1")
L 10/25/2020 - 22:13:12: [basecommands.smx] "Console<0><Console><Console>" changed cvar (cvar "boomer_vomit_delay") (value "0.1")
L 10/25/2020 - 22:13:12: [basecommands.smx] "Console<0><Console><Console>" changed cvar (cvar "smoker_tongue_delay") (value "0.1")
L 10/25/2020 - 22:13:12: [basecommands.smx] "Console<0><Console><Console>" changed cvar (cvar "vs_survival_bonus") (value "35")
L 10/25/2020 - 22:13:12: [basecommands.smx] "Console<0><Console><Console>" changed cvar (cvar "hostname") (value "Versus")
L 10/25/2020 - 22:14:57: [l4d_profile_checker_v12.smx] [l4d_profile_checker] #DEBUG: sFriendID 76561198085752142
L 10/25/2020 - 22:14:57: [l4d_profile_checker_v12.smx] [l4d_profile_checker] #DEBUG: begin search in whitelist 76561198085752142
L 10/25/2020 - 22:14:57: [l4d_profile_checker_v12.smx] [l4d_profile_checker] #DEBUG: link profiles/76561198085752142/?xml=1
L 10/25/2020 - 22:15:13: [l4d_profile_checker_v12.smx] [l4d_profile_checker] #DEBUG: sFriendID 76561198084473516
L 10/25/2020 - 22:15:13: [l4d_profile_checker_v12.smx] [l4d_profile_checker] #DEBUG: begin search in whitelist 76561198084473516
L 10/25/2020 - 22:15:13: [l4d_profile_checker_v12.smx] [l4d_profile_checker] #DEBUG: link profiles/76561198084473516/?xml=1
L 10/25/2020 - 22:16:56: [l4d_profile_checker_v12.smx] [l4d_profile_checker] #DEBUG: sFriendID 76561199052600278
L 10/25/2020 - 22:16:56: [l4d_profile_checker_v12.smx] [l4d_profile_checker] #DEBUG: begin search in whitelist 76561199052600278
L 10/25/2020 - 22:16:56: [l4d_profile_checker_v12.smx] [l4d_profile_checker] #DEBUG: link profiles/76561199052600278/?xml=1
L 10/25/2020 - 22:19:34: [l4d_profile_checker_v12.smx] [l4d_profile_checker] #DEBUG: sFriendID 76561198990958163
L 10/25/2020 - 22:19:34: [l4d_profile_checker_v12.smx] [l4d_profile_checker] #DEBUG: begin search in whitelist 76561198990958163
L 10/25/2020 - 22:19:34: [l4d_profile_checker_v12.smx] [l4d_profile_checker] #DEBUG: link profiles/76561198990958163/?xml=1
L 10/25/2020 - 22:20:12: [l4d_profile_checker_v12.smx] [l4d_profile_checker] #DEBUG: sFriendID 76561198978457101
L 10/25/2020 - 22:20:12: [l4d_profile_checker_v12.smx] [l4d_profile_checker] #DEBUG: begin search in whitelist 76561198978457101
L 10/25/2020 - 22:20:12: [l4d_profile_checker_v12.smx] [l4d_profile_checker] #DEBUG: link profiles/76561198978457101/?xml=1
L 10/25/2020 - 22:22:46: [l4d_profile_checker_v12.smx] [l4d_profile_checker] #DEBUG: sFriendID 76561197990637427
L 10/25/2020 - 22:22:46: [l4d_profile_checker_v12.smx] [l4d_profile_checker] #DEBUG: begin search in whitelist 76561197990637427
L 10/25/2020 - 22:22:46: [l4d_profile_checker_v12.smx] [l4d_profile_checker] #DEBUG: link profiles/76561197990637427/?xml=1
L 10/25/2020 - 22:24:15: [tankdoorfix.smx] Door bug circumvented.
L 10/25/2020 - 22:24:18: [tankdoorfix.smx] Door bug circumvented.
L 10/25/2020 - 22:28:48: -------- Mapchange to c5m2_park --------
L 10/25/2020 - 22:28:51: [basecommands.smx] "Console<0><Console><Console>" changed cvar (cvar "sv_force_time_of_day") (value "0")
L 10/25/2020 - 22:28:51: [basecommands.smx] "Console<0><Console><Console>" changed cvar (cvar "z_witch_damage_per_kill_hit") (value "120")
L 10/25/2020 - 22:28:51: [basecommands.smx] "Console<0><Console><Console>" changed cvar (cvar "z_witch_anger_rate") (value "0.5")
L 10/25/2020 - 22:28:51: [basecommands.smx] "Console<0><Console><Console>" changed cvar (cvar "z_witch_flashlight_range") (value "2000")
L 10/25/2020 - 22:28:51: [basecommands.smx] "Console<0><Console><Console>" changed cvar (cvar "z_witch_burn_time") (value "100")
L 10/25/2020 - 22:28:51: [basecommands.smx] "Console<0><Console><Console>" changed cvar (cvar "z_tank_health") (value "4333")
L 10/25/2020 - 22:28:51: [basecommands.smx] "Console<0><Console><Console>" changed cvar (cvar "tank_burn_duration") (value "999999")
L 10/25/2020 - 22:28:51: [basecommands.smx] "Console<0><Console><Console>" changed cvar (cvar "z_ghost_delay_min") (value "18")
L 10/25/2020 - 22:28:51: [basecommands.smx] "Console<0><Console><Console>" changed cvar (cvar "z_ghost_delay_max") (value "18")
L 10/25/2020 - 22:28:51: [basecommands.smx] "Console<0><Console><Console>" changed cvar (cvar "versus_tank_chance_intro") (value "1")
L 10/25/2020 - 22:28:51: [basecommands.smx] "Console<0><Console><Console>" changed cvar (cvar "versus_tank_chance_finale") (value "1")
L 10/25/2020 - 22:28:51: [basecommands.smx] "Console<0><Console><Console>" changed cvar (cvar "versus_tank_chance") (value "1")
L 10/25/2020 - 22:28:51: [basecommands.smx] "Console<0><Console><Console>" changed cvar (cvar "versus_witch_chance_intro") (value "0")
L 10/25/2020 - 22:28:51: [basecommands.smx] "Console<0><Console><Console>" changed cvar (cvar "versus_witch_chance_finale") (value "0")
L 10/25/2020 - 22:28:51: [basecommands.smx] "Console<0><Console><Console>" changed cvar (cvar "versus_witch_chance") (value "1")
L 10/25/2020 - 22:28:51: [basecommands.smx] "Console<0><Console><Console>" changed cvar (cvar "boomer_vomit_delay") (value "0.1")
L 10/25/2020 - 22:28:51: [basecommands.smx] "Console<0><Console><Console>" changed cvar (cvar "smoker_tongue_delay") (value "0.1")
L 10/25/2020 - 22:28:51: [basecommands.smx] "Console<0><Console><Console>" changed cvar (cvar "vs_survival_bonus") (value "35")
L 10/25/2020 - 22:28:51: [basecommands.smx] "Console<0><Console><Console>" changed cvar (cvar "hostname") (value "Versus")
L 10/25/2020 - 22:40:00: -------- Mapchange to c5m3_cemetery --------
L 10/25/2020 - 22:40:03: [basecommands.smx] "Console<0><Console><Console>" changed cvar (cvar "sv_force_time_of_day") (value "0")
L 10/25/2020 - 22:40:03: [basecommands.smx] "Console<0><Console><Console>" changed cvar (cvar "z_witch_damage_per_kill_hit") (value "120")
L 10/25/2020 - 22:40:03: [basecommands.smx] "Console<0><Console><Console>" changed cvar (cvar "z_witch_anger_rate") (value "0.5")
L 10/25/2020 - 22:40:03: [basecommands.smx] "Console<0><Console><Console>" changed cvar (cvar "z_witch_flashlight_range") (value "2000")
L 10/25/2020 - 22:40:03: [basecommands.smx] "Console<0><Console><Console>" changed cvar (cvar "z_witch_burn_time") (value "100")
L 10/25/2020 - 22:40:03: [basecommands.smx] "Console<0><Console><Console>" changed cvar (cvar "z_tank_health") (value "4333")
L 10/25/2020 - 22:40:03: [basecommands.smx] "Console<0><Console><Console>" changed cvar (cvar "tank_burn_duration") (value "999999")
L 10/25/2020 - 22:40:03: [basecommands.smx] "Console<0><Console><Console>" changed cvar (cvar "z_ghost_delay_min") (value "18")
L 10/25/2020 - 22:40:03: [basecommands.smx] "Console<0><Console><Console>" changed cvar (cvar "z_ghost_delay_max") (value "18")
L 10/25/2020 - 22:40:03: [basecommands.smx] "Console<0><Console><Console>" changed cvar (cvar "versus_tank_chance_intro") (value "1")
L 10/25/2020 - 22:40:03: [basecommands.smx] "Console<0><Console><Console>" changed cvar (cvar "versus_tank_chance_finale") (value "1")
L 10/25/2020 - 22:40:03: [basecommands.smx] "Console<0><Console><Console>" changed cvar (cvar "versus_tank_chance") (value "1")
L 10/25/2020 - 22:40:03: [basecommands.smx] "Console<0><Console><Console>" changed cvar (cvar "versus_witch_chance_intro") (value "0")
L 10/25/2020 - 22:40:03: [basecommands.smx] "Console<0><Console><Console>" changed cvar (cvar "versus_witch_chance_finale") (value "0")
L 10/25/2020 - 22:40:03: [basecommands.smx] "Console<0><Console><Console>" changed cvar (cvar "versus_witch_chance") (value "1")
L 10/25/2020 - 22:40:03: [basecommands.smx] "Console<0><Console><Console>" changed cvar (cvar "boomer_vomit_delay") (value "0.1")
L 10/25/2020 - 22:40:03: [basecommands.smx] "Console<0><Console><Console>" changed cvar (cvar "smoker_tongue_delay") (value "0.1")
L 10/25/2020 - 22:40:03: [basecommands.smx] "Console<0><Console><Console>" changed cvar (cvar "vs_survival_bonus") (value "35")
L 10/25/2020 - 22:40:03: [basecommands.smx] "Console<0><Console><Console>" changed cvar (cvar "hostname") (value "Versus")
L 10/25/2020 - 22:41:48: [l4d_profile_checker_v12.smx] [l4d_profile_checker] #DEBUG: sFriendID 76561198383422621
L 10/25/2020 - 22:41:48: [l4d_profile_checker_v12.smx] [l4d_profile_checker] #DEBUG: begin search in whitelist 76561198383422621
L 10/25/2020 - 22:41:48: [l4d_profile_checker_v12.smx] [l4d_profile_checker] #DEBUG: link profiles/76561198383422621/?xml=1
L 10/25/2020 - 22:44:08: [l4d_profile_checker_v12.smx] [l4d_profile_checker] #DEBUG: sFriendID 76561199004790756
L 10/25/2020 - 22:44:08: [l4d_profile_checker_v12.smx] [l4d_profile_checker] #DEBUG: begin search in whitelist 76561199004790756
L 10/25/2020 - 22:44:08: [l4d_profile_checker_v12.smx] [l4d_profile_checker] #DEBUG: link profiles/76561199004790756/?xml=1
L 10/25/2020 - 22:58:04: -------- Mapchange to c5m4_quarter --------
L 10/25/2020 - 22:58:07: [basecommands.smx] "Console<0><Console><Console>" changed cvar (cvar "sv_force_time_of_day") (value "0")
L 10/25/2020 - 22:58:07: [basecommands.smx] "Console<0><Console><Console>" changed cvar (cvar "z_witch_damage_per_kill_hit") (value "120")
L 10/25/2020 - 22:58:07: [basecommands.smx] "Console<0><Console><Console>" changed cvar (cvar "z_witch_anger_rate") (value "0.5")
L 10/25/2020 - 22:58:07: [basecommands.smx] "Console<0><Console><Console>" changed cvar (cvar "z_witch_flashlight_range") (value "2000")
L 10/25/2020 - 22:58:07: [basecommands.smx] "Console<0><Console><Console>" changed cvar (cvar "z_witch_burn_time") (value "100")
L 10/25/2020 - 22:58:07: [basecommands.smx] "Console<0><Console><Console>" changed cvar (cvar "z_tank_health") (value "4333")
L 10/25/2020 - 22:58:07: [basecommands.smx] "Console<0><Console><Console>" changed cvar (cvar "tank_burn_duration") (value "999999")
L 10/25/2020 - 22:58:07: [basecommands.smx] "Console<0><Console><Console>" changed cvar (cvar "z_ghost_delay_min") (value "18")
L 10/25/2020 - 22:58:07: [basecommands.smx] "Console<0><Console><Console>" changed cvar (cvar "z_ghost_delay_max") (value "18")
L 10/25/2020 - 22:58:07: [basecommands.smx] "Console<0><Console><Console>" changed cvar (cvar "versus_tank_chance_intro") (value "1")
L 10/25/2020 - 22:58:07: [basecommands.smx] "Console<0><Console><Console>" changed cvar (cvar "versus_tank_chance_finale") (value "1")
L 10/25/2020 - 22:58:07: [basecommands.smx] "Console<0><Console><Console>" changed cvar (cvar "versus_tank_chance") (value "1")
L 10/25/2020 - 22:58:07: [basecommands.smx] "Console<0><Console><Console>" changed cvar (cvar "versus_witch_chance_intro") (value "0")
L 10/25/2020 - 22:58:07: [basecommands.smx] "Console<0><Console><Console>" changed cvar (cvar "versus_witch_chance_finale") (value "0")
L 10/25/2020 - 22:58:07: [basecommands.smx] "Console<0><Console><Console>" changed cvar (cvar "versus_witch_chance") (value "1")
L 10/25/2020 - 22:58:07: [basecommands.smx] "Console<0><Console><Console>" changed cvar (cvar "boomer_vomit_delay") (value "0.1")
L 10/25/2020 - 22:58:07: [basecommands.smx] "Console<0><Console><Console>" changed cvar (cvar "smoker_tongue_delay") (value "0.1")
L 10/25/2020 - 22:58:07: [basecommands.smx] "Console<0><Console><Console>" changed cvar (cvar "vs_survival_bonus") (value "35")
L 10/25/2020 - 22:58:07: [basecommands.smx] "Console<0><Console><Console>" changed cvar (cvar "hostname") (value "Versus")
L 10/25/2020 - 23:07:50: [l4d_profile_checker_v12.smx] [l4d_profile_checker] #DEBUG: sFriendID 76561198395274054
L 10/25/2020 - 23:07:50: [l4d_profile_checker_v12.smx] [l4d_profile_checker] #DEBUG: begin search in whitelist 76561198395274054
L 10/25/2020 - 23:07:50: [l4d_profile_checker_v12.smx] [l4d_profile_checker] #DEBUG: link profiles/76561198395274054/?xml=1
L 10/25/2020 - 23:14:13: [playercommands.smx] " Rain <2><STEAM_1:0:162762726><>" slayed " Rain <2><STEAM_1:0:162762726><>"
L 10/25/2020 - 23:14:16: [playercommands.smx] " Rain <2><STEAM_1:0:162762726><>" slayed "azulito<350><STEAM_1:1:211578446><>"
L 10/25/2020 - 23:15:17: -------- Mapchange to c5m5_bridge --------
L 10/25/2020 - 23:15:22: [basecommands.smx] "Console<0><Console><Console>" changed cvar (cvar "sv_force_time_of_day") (value "0")
L 10/25/2020 - 23:15:22: [basecommands.smx] "Console<0><Console><Console>" changed cvar (cvar "z_witch_damage_per_kill_hit") (value "120")
L 10/25/2020 - 23:15:22: [basecommands.smx] "Console<0><Console><Console>" changed cvar (cvar "z_witch_anger_rate") (value "0.5")
L 10/25/2020 - 23:15:22: [basecommands.smx] "Console<0><Console><Console>" changed cvar (cvar "z_witch_flashlight_range") (value "2000")
L 10/25/2020 - 23:15:22: [basecommands.smx] "Console<0><Console><Console>" changed cvar (cvar "z_witch_burn_time") (value "100")
L 10/25/2020 - 23:15:22: [basecommands.smx] "Console<0><Console><Console>" changed cvar (cvar "z_tank_health") (value "4333")
L 10/25/2020 - 23:15:22: [basecommands.smx] "Console<0><Console><Console>" changed cvar (cvar "tank_burn_duration") (value "999999")
L 10/25/2020 - 23:15:22: [basecommands.smx] "Console<0><Console><Console>" changed cvar (cvar "z_ghost_delay_min") (value "18")
L 10/25/2020 - 23:15:22: [basecommands.smx] "Console<0><Console><Console>" changed cvar (cvar "z_ghost_delay_max") (value "18")
L 10/25/2020 - 23:15:22: [basecommands.smx] "Console<0><Console><Console>" changed cvar (cvar "versus_tank_chance_intro") (value "1")
L 10/25/2020 - 23:15:22: [basecommands.smx] "Console<0><Console><Console>" changed cvar (cvar "versus_tank_chance_finale") (value "1")
L 10/25/2020 - 23:15:22: [basecommands.smx] "Console<0><Console><Console>" changed cvar (cvar "versus_tank_chance") (value "1")
L 10/25/2020 - 23:15:22: [basecommands.smx] "Console<0><Console><Console>" changed cvar (cvar "versus_witch_chance_intro") (value "0")
L 10/25/2020 - 23:15:22: [basecommands.smx] "Console<0><Console><Console>" changed cvar (cvar "versus_witch_chance_finale") (value "0")
L 10/25/2020 - 23:15:22: [basecommands.smx] "Console<0><Console><Console>" changed cvar (cvar "versus_witch_chance") (value "1")
L 10/25/2020 - 23:15:22: [basecommands.smx] "Console<0><Console><Console>" changed cvar (cvar "boomer_vomit_delay") (value "0.1")
L 10/25/2020 - 23:15:22: [basecommands.smx] "Console<0><Console><Console>" changed cvar (cvar "smoker_tongue_delay") (value "0.1")
L 10/25/2020 - 23:15:22: [basecommands.smx] "Console<0><Console><Console>" changed cvar (cvar "vs_survival_bonus") (value "35")
L 10/25/2020 - 23:15:22: [basecommands.smx] "Console<0><Console><Console>" changed cvar (cvar "hostname") (value "Versus")
L 10/25/2020 - 23:16:46: [l4d_profile_checker_v12.smx] [l4d_profile_checker] #DEBUG: sFriendID 76561198357171498
L 10/25/2020 - 23:16:46: [l4d_profile_checker_v12.smx] [l4d_profile_checker] #DEBUG: begin search in whitelist 76561198357171498
L 10/25/2020 - 23:16:46: [l4d_profile_checker_v12.smx] [l4d_profile_checker] #DEBUG: link profiles/76561198357171498/?xml=1
L 10/25/2020 - 23:20:51: [basebans.smx] " Rain <2><STEAM_1:0:162762726><>" banned "Panchito<375><STEAM_1:0:198452885><>" (minutes "0") (reason "Troll de Mierda")
L 10/25/2020 - 23:22:05: [l4d_profile_checker_v12.smx] [l4d_profile_checker] #DEBUG: sFriendID 76561198403247584
L 10/25/2020 - 23:22:05: [l4d_profile_checker_v12.smx] [l4d_profile_checker] #DEBUG: begin search in whitelist 76561198403247584
L 10/25/2020 - 23:22:05: [l4d_profile_checker_v12.smx] [l4d_profile_checker] #DEBUG: link profiles/76561198403247584/?xml=1
