L 08/13/2021 - 03:44:09: SourceMod log file session started (file "D:\Steam\steamapps\common\Left 4 Dead 2\left4dead2\addons\sourcemod\logs\L20210813.log") (Version "1.10.0.6492")
L 08/13/2021 - 03:44:09: [simplewelcomemsg.smx] Set the maximum number of lines of.
L 08/13/2021 - 03:44:17: [basecommands.smx] "Console<0><Console><Console>" changed cvar (cvar "sv_force_time_of_day") (value "0")
L 08/13/2021 - 03:44:17: [basecommands.smx] "Console<0><Console><Console>" changed cvar (cvar "z_witch_damage_per_kill_hit") (value "120")
L 08/13/2021 - 03:44:17: [basecommands.smx] "Console<0><Console><Console>" changed cvar (cvar "z_witch_anger_rate") (value "0.4")
L 08/13/2021 - 03:44:17: [basecommands.smx] "Console<0><Console><Console>" changed cvar (cvar "z_witch_flashlight_range") (value "2000")
L 08/13/2021 - 03:44:17: [basecommands.smx] "Console<0><Console><Console>" changed cvar (cvar "z_witch_burn_time") (value "100")
L 08/13/2021 - 03:44:17: [basecommands.smx] "Console<0><Console><Console>" changed cvar (cvar "z_tank_health") (value "4000")
L 08/13/2021 - 03:44:17: [basecommands.smx] "Console<0><Console><Console>" changed cvar (cvar "z_ghost_delay_min") (value "15")
L 08/13/2021 - 03:44:17: [basecommands.smx] "Console<0><Console><Console>" changed cvar (cvar "z_ghost_delay_max") (value "15")
L 08/13/2021 - 03:44:17: [basecommands.smx] "Console<0><Console><Console>" changed cvar (cvar "z_hunter_limit") (value "1")
L 08/13/2021 - 03:44:18: [basecommands.smx] "Console<0><Console><Console>" changed cvar (cvar "z_smoker_limit") (value "1")
L 08/13/2021 - 03:44:18: [basecommands.smx] "Console<0><Console><Console>" changed cvar (cvar "z_jockey_limit") (value "1")
L 08/13/2021 - 03:44:18: [basecommands.smx] "Console<0><Console><Console>" changed cvar (cvar "versus_tank_chance_intro") (value "1")
L 08/13/2021 - 03:44:18: [basecommands.smx] "Console<0><Console><Console>" changed cvar (cvar "versus_tank_chance_finale") (value "1")
L 08/13/2021 - 03:44:18: [basecommands.smx] "Console<0><Console><Console>" changed cvar (cvar "versus_tank_chance") (value "1")
L 08/13/2021 - 03:44:18: [basecommands.smx] "Console<0><Console><Console>" changed cvar (cvar "versus_witch_chance_intro") (value "0")
L 08/13/2021 - 03:44:18: [basecommands.smx] "Console<0><Console><Console>" changed cvar (cvar "versus_witch_chance_finale") (value "0")
L 08/13/2021 - 03:44:18: [basecommands.smx] "Console<0><Console><Console>" changed cvar (cvar "versus_witch_chance") (value "1")
L 08/13/2021 - 03:44:18: [basecommands.smx] "Console<0><Console><Console>" changed cvar (cvar "director_force_tank") (value "1")
L 08/13/2021 - 03:44:18: [basecommands.smx] "Console<0><Console><Console>" changed cvar (cvar "versus_boss_flow_min") (value "0.4")
L 08/13/2021 - 03:44:18: [basecommands.smx] "Console<0><Console><Console>" changed cvar (cvar "versus_boss_flow_max") (value "0.6")
L 08/13/2021 - 03:44:18: [basecommands.smx] "Console<0><Console><Console>" changed cvar (cvar "versus_boss_flow_min_intro") (value "0.1")
L 08/13/2021 - 03:44:18: [basecommands.smx] "Console<0><Console><Console>" changed cvar (cvar "versus_boss_flow_max_intro") (value "0.2")
L 08/13/2021 - 03:44:18: [basecommands.smx] "Console<0><Console><Console>" changed cvar (cvar "versus_boss_flow_min_finale") (value "0.1")
L 08/13/2021 - 03:44:18: [basecommands.smx] "Console<0><Console><Console>" changed cvar (cvar "versus_boss_flow_max_finale") (value "0.2")
L 08/13/2021 - 03:44:18: [basecommands.smx] "Console<0><Console><Console>" changed cvar (cvar "boomer_vomit_delay") (value "0.1")
L 08/13/2021 - 03:44:18: [basecommands.smx] "Console<0><Console><Console>" changed cvar (cvar "smoker_tongue_delay") (value "0.1")
L 08/13/2021 - 03:44:18: [basecommands.smx] "Console<0><Console><Console>" changed cvar (cvar "vs_survival_bonus") (value "35")
L 08/13/2021 - 03:44:18: [basecommands.smx] "Console<0><Console><Console>" changed cvar (cvar "z_tank_throw_health") (value "10")
L 08/13/2021 - 03:44:18: [basecommands.smx] "Console<0><Console><Console>" changed cvar (cvar "sv_client_min_interp_ratio") (value "-1")
L 08/13/2021 - 03:44:18: [basecommands.smx] "Console<0><Console><Console>" changed cvar (cvar "sv_client_max_interp_ratio") (value "0")
L 08/13/2021 - 03:44:18: [basecommands.smx] "Console<0><Console><Console>" changed cvar (cvar "sv_minrate") (value "100000")
L 08/13/2021 - 03:44:18: [basecommands.smx] "Console<0><Console><Console>" changed cvar (cvar "sv_maxrate") (value "100000")
L 08/13/2021 - 03:44:18: [basecommands.smx] "Console<0><Console><Console>" changed cvar (cvar "sv_mincmdrate") (value "100")
L 08/13/2021 - 03:44:18: [basecommands.smx] "Console<0><Console><Console>" changed cvar (cvar "sv_maxcmdrate") (value "100")
L 08/13/2021 - 03:44:18: [basecommands.smx] "Console<0><Console><Console>" changed cvar (cvar "sv_minupdaterate") (value "100")
L 08/13/2021 - 03:44:18: [basecommands.smx] "Console<0><Console><Console>" changed cvar (cvar "sv_maxupdaterate") (value "100")
L 08/13/2021 - 03:44:18: [basecommands.smx] "Console<0><Console><Console>" changed cvar (cvar "nb_update_frequency") (value "0.014")
L 08/13/2021 - 03:44:18: [basecommands.smx] "Console<0><Console><Console>" changed cvar (cvar "net_splitpacket_maxrate") (value "50000")
L 08/13/2021 - 03:44:18: [basecommands.smx] "Console<0><Console><Console>" changed cvar (cvar "fps_max") (value "0")
L 08/13/2021 - 03:44:18: [basecommands.smx] "Console<0><Console><Console>" changed cvar (cvar "hostname") (value "Versus")
L 08/13/2021 - 03:58:02: [l4d2_skill_detect.smx] Clear: 2 freed 3 from 7: time: -1.00 / 0.51 -- class: smoker (with shove? 0)
L 08/13/2021 - 03:59:33: [l4d2_skill_detect.smx] Clear: 4 freed 3 from 7: time: 0.52 / -1.00 -- class: jockey (with shove? 1)
L 08/13/2021 - 04:00:07: [l4d2_skill_detect.smx] Charge carry start: 7 - 2 -- time: 556.90
L 08/13/2021 - 04:00:10: [l4d2_skill_detect.smx] Checking charge victim: 7 - 2 - flags: 1 (alive? 1)
L 08/13/2021 - 04:00:11: [l4d2_skill_detect.smx] Checking charge victim: 7 - 3 - flags: 0 (alive? 1)
L 08/13/2021 - 04:00:11: [l4d2_skill_detect.smx] Checking charge victim: 7 - 4 - flags: 0 (alive? 1)
L 08/13/2021 - 04:00:11: [l4d2_skill_detect.smx] Clear: 1 freed 2 from 7: time: 3.38 / 4.36 -- class: charger (with shove? 0)
L 08/13/2021 - 04:04:01: [l4d2_skill_detect.smx] Clear: 2 freed 1 from 7: time: 0.48 / 3.46 -- class: smoker (with shove? 0)
L 08/13/2021 - 04:06:15: [l4d2_skill_detect.smx] Charge carry start: 7 - 2 -- time: 728.08
L 08/13/2021 - 04:06:17: [l4d2_skill_detect.smx] Clear: 1 freed 2 from 7: time: 0.73 / 1.76 -- class: charger (with shove? 0)
L 08/13/2021 - 04:06:19: [l4d2_skill_detect.smx] Checking charge victim: 7 - 2 - flags: 1 (alive? 1)
L 08/13/2021 - 05:47:19: Log file closed.
L 08/13/2021 - 16:23:11: SourceMod log file session started (file "D:\Steam\steamapps\common\Left 4 Dead 2\left4dead2\addons\sourcemod\logs\L20210813.log") (Version "1.10.0.6492")
L 08/13/2021 - 16:23:11: [simplewelcomemsg.smx] Set the maximum number of lines of.
L 08/13/2021 - 16:23:24: [basecommands.smx] "Console<0><Console><Console>" changed cvar (cvar "sv_force_time_of_day") (value "0")
L 08/13/2021 - 16:23:24: [basecommands.smx] "Console<0><Console><Console>" changed cvar (cvar "z_witch_damage_per_kill_hit") (value "120")
L 08/13/2021 - 16:23:24: [basecommands.smx] "Console<0><Console><Console>" changed cvar (cvar "z_witch_anger_rate") (value "0.4")
L 08/13/2021 - 16:23:24: [basecommands.smx] "Console<0><Console><Console>" changed cvar (cvar "z_witch_flashlight_range") (value "2000")
L 08/13/2021 - 16:23:24: [basecommands.smx] "Console<0><Console><Console>" changed cvar (cvar "z_witch_burn_time") (value "100")
L 08/13/2021 - 16:23:24: [basecommands.smx] "Console<0><Console><Console>" changed cvar (cvar "z_tank_health") (value "4000")
L 08/13/2021 - 16:23:24: [basecommands.smx] "Console<0><Console><Console>" changed cvar (cvar "z_ghost_delay_min") (value "15")
L 08/13/2021 - 16:23:24: [basecommands.smx] "Console<0><Console><Console>" changed cvar (cvar "z_ghost_delay_max") (value "15")
L 08/13/2021 - 16:23:24: [basecommands.smx] "Console<0><Console><Console>" changed cvar (cvar "z_hunter_limit") (value "1")
L 08/13/2021 - 16:23:24: [basecommands.smx] "Console<0><Console><Console>" changed cvar (cvar "z_smoker_limit") (value "1")
L 08/13/2021 - 16:23:24: [basecommands.smx] "Console<0><Console><Console>" changed cvar (cvar "z_jockey_limit") (value "1")
L 08/13/2021 - 16:23:24: [basecommands.smx] "Console<0><Console><Console>" changed cvar (cvar "versus_tank_chance_intro") (value "1")
L 08/13/2021 - 16:23:24: [basecommands.smx] "Console<0><Console><Console>" changed cvar (cvar "versus_tank_chance_finale") (value "1")
L 08/13/2021 - 16:23:24: [basecommands.smx] "Console<0><Console><Console>" changed cvar (cvar "versus_tank_chance") (value "1")
L 08/13/2021 - 16:23:24: [basecommands.smx] "Console<0><Console><Console>" changed cvar (cvar "versus_witch_chance_intro") (value "0")
L 08/13/2021 - 16:23:24: [basecommands.smx] "Console<0><Console><Console>" changed cvar (cvar "versus_witch_chance_finale") (value "0")
L 08/13/2021 - 16:23:24: [basecommands.smx] "Console<0><Console><Console>" changed cvar (cvar "versus_witch_chance") (value "1")
L 08/13/2021 - 16:23:24: [basecommands.smx] "Console<0><Console><Console>" changed cvar (cvar "director_force_tank") (value "1")
L 08/13/2021 - 16:23:24: [basecommands.smx] "Console<0><Console><Console>" changed cvar (cvar "versus_boss_flow_min") (value "0.4")
L 08/13/2021 - 16:23:24: [basecommands.smx] "Console<0><Console><Console>" changed cvar (cvar "versus_boss_flow_max") (value "0.6")
L 08/13/2021 - 16:23:24: [basecommands.smx] "Console<0><Console><Console>" changed cvar (cvar "versus_boss_flow_min_intro") (value "0.1")
L 08/13/2021 - 16:23:24: [basecommands.smx] "Console<0><Console><Console>" changed cvar (cvar "versus_boss_flow_max_intro") (value "0.2")
L 08/13/2021 - 16:23:24: [basecommands.smx] "Console<0><Console><Console>" changed cvar (cvar "versus_boss_flow_min_finale") (value "0.1")
L 08/13/2021 - 16:23:24: [basecommands.smx] "Console<0><Console><Console>" changed cvar (cvar "versus_boss_flow_max_finale") (value "0.2")
L 08/13/2021 - 16:23:24: [basecommands.smx] "Console<0><Console><Console>" changed cvar (cvar "boomer_vomit_delay") (value "0.1")
L 08/13/2021 - 16:23:24: [basecommands.smx] "Console<0><Console><Console>" changed cvar (cvar "smoker_tongue_delay") (value "0.1")
L 08/13/2021 - 16:23:24: [basecommands.smx] "Console<0><Console><Console>" changed cvar (cvar "vs_survival_bonus") (value "35")
L 08/13/2021 - 16:23:24: [basecommands.smx] "Console<0><Console><Console>" changed cvar (cvar "z_tank_throw_health") (value "10")
L 08/13/2021 - 16:23:24: [basecommands.smx] "Console<0><Console><Console>" changed cvar (cvar "sv_client_min_interp_ratio") (value "-1")
L 08/13/2021 - 16:23:24: [basecommands.smx] "Console<0><Console><Console>" changed cvar (cvar "sv_client_max_interp_ratio") (value "0")
L 08/13/2021 - 16:23:24: [basecommands.smx] "Console<0><Console><Console>" changed cvar (cvar "sv_minrate") (value "100000")
L 08/13/2021 - 16:23:24: [basecommands.smx] "Console<0><Console><Console>" changed cvar (cvar "sv_maxrate") (value "100000")
L 08/13/2021 - 16:23:24: [basecommands.smx] "Console<0><Console><Console>" changed cvar (cvar "sv_mincmdrate") (value "100")
L 08/13/2021 - 16:23:24: [basecommands.smx] "Console<0><Console><Console>" changed cvar (cvar "sv_maxcmdrate") (value "100")
L 08/13/2021 - 16:23:24: [basecommands.smx] "Console<0><Console><Console>" changed cvar (cvar "sv_minupdaterate") (value "100")
L 08/13/2021 - 16:23:24: [basecommands.smx] "Console<0><Console><Console>" changed cvar (cvar "sv_maxupdaterate") (value "100")
L 08/13/2021 - 16:23:24: [basecommands.smx] "Console<0><Console><Console>" changed cvar (cvar "nb_update_frequency") (value "0.014")
L 08/13/2021 - 16:23:24: [basecommands.smx] "Console<0><Console><Console>" changed cvar (cvar "net_splitpacket_maxrate") (value "50000")
L 08/13/2021 - 16:23:24: [basecommands.smx] "Console<0><Console><Console>" changed cvar (cvar "fps_max") (value "0")
L 08/13/2021 - 16:23:24: [basecommands.smx] "Console<0><Console><Console>" changed cvar (cvar "hostname") (value "Versus")
L 08/13/2021 - 16:27:27: [l4d2_skill_detect.smx] Clear: 2 freed 5 from 4: time: 0.00 / 230.27 -- class: charger (with shove? 0)
L 08/13/2021 - 16:28:42: [l4d2_skill_detect.smx] Charge carry start: 8 - 3 -- time: 305.35
L 08/13/2021 - 16:28:45: [l4d2_skill_detect.smx] Checking charge victim: 8 - 3 - flags: 1 (alive? 1)
L 08/13/2021 - 16:28:46: [l4d2_skill_detect.smx] Clear: 5 freed 3 from 8: time: 2.61 / 3.89 -- class: charger (with shove? 0)
L 08/13/2021 - 16:28:52: [l4d2_skill_detect.smx] Clear: 3 freed 1 from 6: time: 3.72 / 6.38 -- class: smoker (with shove? 0)
L 08/13/2021 - 16:29:03: [l4d2_skill_detect.smx] Clear: 1 freed 2 from 4: time: 8.43 / -1.00 -- class: jockey (with shove? 1)
L 08/13/2021 - 16:30:30: [l4d2_skill_detect.smx] Clear: 5 freed 1 from 6: time: -1.00 / 2.94 -- class: smoker (with shove? 1)
L 08/13/2021 - 16:31:05: [l4d2_skill_detect.smx] Clear: 1 freed 3 from 9: time: 2.33 / -1.00 -- class: hunter (with shove? 0)
L 08/13/2021 - 16:31:32: [l4d2_skill_detect.smx] Clear: 5 freed 2 from 9: time: 1.01 / -1.00 -- class: hunter (with shove? 0)
L 08/13/2021 - 16:31:42: [l4d2_skill_detect.smx] Clear: 1 freed 2 from 7: time: 1.72 / -1.00 -- class: jockey (with shove? 0)
L 08/13/2021 - 16:32:06: [funcommands.smx] "🥐LeFactureSensuale🎮<3><STEAM_1:1:522713982><>" froze "Tιɳყ Rҽԃ<6><STEAM_1:1:550433201><>"
L 08/13/2021 - 16:32:15: [l4d2_skill_detect.smx] Clear: 3 freed 1 from 8: time: 2.17 / -1.00 -- class: hunter (with shove? 1)
L 08/13/2021 - 16:32:20: [l4d2_skill_detect.smx] calarm trigger: caller 833 / activator 833 / delay: 0.00
L 08/13/2021 - 16:34:04: [l4d2_skill_detect.smx] Clear: 7 freed 10 from 5: time: 4.01 / -1.00 -- class: hunter (with shove? 1)
L 08/13/2021 - 16:34:10: [l4d2_skill_detect.smx] Clear: 10 freed 7 from 1: time: 1.61 / 3.98 -- class: smoker (with shove? 1)
L 08/13/2021 - 16:34:26: -------- Mapchange to c3m1_plankcountry --------
L 08/13/2021 - 16:34:29: [basecommands.smx] "Console<0><Console><Console>" changed cvar (cvar "sv_force_time_of_day") (value "0")
L 08/13/2021 - 16:34:29: [basecommands.smx] "Console<0><Console><Console>" changed cvar (cvar "z_witch_damage_per_kill_hit") (value "120")
L 08/13/2021 - 16:34:29: [basecommands.smx] "Console<0><Console><Console>" changed cvar (cvar "z_witch_anger_rate") (value "0.4")
L 08/13/2021 - 16:34:29: [basecommands.smx] "Console<0><Console><Console>" changed cvar (cvar "z_witch_flashlight_range") (value "2000")
L 08/13/2021 - 16:34:29: [basecommands.smx] "Console<0><Console><Console>" changed cvar (cvar "z_witch_burn_time") (value "100")
L 08/13/2021 - 16:34:29: [basecommands.smx] "Console<0><Console><Console>" changed cvar (cvar "z_tank_health") (value "4000")
L 08/13/2021 - 16:34:29: [basecommands.smx] "Console<0><Console><Console>" changed cvar (cvar "z_ghost_delay_min") (value "15")
L 08/13/2021 - 16:34:29: [basecommands.smx] "Console<0><Console><Console>" changed cvar (cvar "z_ghost_delay_max") (value "15")
L 08/13/2021 - 16:34:29: [basecommands.smx] "Console<0><Console><Console>" changed cvar (cvar "z_hunter_limit") (value "1")
L 08/13/2021 - 16:34:29: [basecommands.smx] "Console<0><Console><Console>" changed cvar (cvar "z_smoker_limit") (value "1")
L 08/13/2021 - 16:34:29: [basecommands.smx] "Console<0><Console><Console>" changed cvar (cvar "z_jockey_limit") (value "1")
L 08/13/2021 - 16:34:29: [basecommands.smx] "Console<0><Console><Console>" changed cvar (cvar "versus_tank_chance_intro") (value "1")
L 08/13/2021 - 16:34:29: [basecommands.smx] "Console<0><Console><Console>" changed cvar (cvar "versus_tank_chance_finale") (value "1")
L 08/13/2021 - 16:34:29: [basecommands.smx] "Console<0><Console><Console>" changed cvar (cvar "versus_tank_chance") (value "1")
L 08/13/2021 - 16:34:29: [basecommands.smx] "Console<0><Console><Console>" changed cvar (cvar "versus_witch_chance_intro") (value "0")
L 08/13/2021 - 16:34:29: [basecommands.smx] "Console<0><Console><Console>" changed cvar (cvar "versus_witch_chance_finale") (value "0")
L 08/13/2021 - 16:34:29: [basecommands.smx] "Console<0><Console><Console>" changed cvar (cvar "versus_witch_chance") (value "1")
L 08/13/2021 - 16:34:29: [basecommands.smx] "Console<0><Console><Console>" changed cvar (cvar "director_force_tank") (value "1")
L 08/13/2021 - 16:34:29: [basecommands.smx] "Console<0><Console><Console>" changed cvar (cvar "versus_boss_flow_min") (value "0.4")
L 08/13/2021 - 16:34:29: [basecommands.smx] "Console<0><Console><Console>" changed cvar (cvar "versus_boss_flow_max") (value "0.6")
L 08/13/2021 - 16:34:29: [basecommands.smx] "Console<0><Console><Console>" changed cvar (cvar "versus_boss_flow_min_intro") (value "0.1")
L 08/13/2021 - 16:34:29: [basecommands.smx] "Console<0><Console><Console>" changed cvar (cvar "versus_boss_flow_max_intro") (value "0.2")
L 08/13/2021 - 16:34:29: [basecommands.smx] "Console<0><Console><Console>" changed cvar (cvar "versus_boss_flow_min_finale") (value "0.1")
L 08/13/2021 - 16:34:29: [basecommands.smx] "Console<0><Console><Console>" changed cvar (cvar "versus_boss_flow_max_finale") (value "0.2")
L 08/13/2021 - 16:34:29: [basecommands.smx] "Console<0><Console><Console>" changed cvar (cvar "boomer_vomit_delay") (value "0.1")
L 08/13/2021 - 16:34:29: [basecommands.smx] "Console<0><Console><Console>" changed cvar (cvar "smoker_tongue_delay") (value "0.1")
L 08/13/2021 - 16:34:29: [basecommands.smx] "Console<0><Console><Console>" changed cvar (cvar "vs_survival_bonus") (value "35")
L 08/13/2021 - 16:34:29: [basecommands.smx] "Console<0><Console><Console>" changed cvar (cvar "z_tank_throw_health") (value "10")
L 08/13/2021 - 16:34:29: [basecommands.smx] "Console<0><Console><Console>" changed cvar (cvar "sv_client_min_interp_ratio") (value "-1")
L 08/13/2021 - 16:34:29: [basecommands.smx] "Console<0><Console><Console>" changed cvar (cvar "sv_client_max_interp_ratio") (value "0")
L 08/13/2021 - 16:34:29: [basecommands.smx] "Console<0><Console><Console>" changed cvar (cvar "sv_minrate") (value "100000")
L 08/13/2021 - 16:34:29: [basecommands.smx] "Console<0><Console><Console>" changed cvar (cvar "sv_maxrate") (value "100000")
L 08/13/2021 - 16:34:29: [basecommands.smx] "Console<0><Console><Console>" changed cvar (cvar "sv_mincmdrate") (value "100")
L 08/13/2021 - 16:34:29: [basecommands.smx] "Console<0><Console><Console>" changed cvar (cvar "sv_maxcmdrate") (value "100")
L 08/13/2021 - 16:34:29: [basecommands.smx] "Console<0><Console><Console>" changed cvar (cvar "sv_minupdaterate") (value "100")
L 08/13/2021 - 16:34:29: [basecommands.smx] "Console<0><Console><Console>" changed cvar (cvar "sv_maxupdaterate") (value "100")
L 08/13/2021 - 16:34:29: [basecommands.smx] "Console<0><Console><Console>" changed cvar (cvar "nb_update_frequency") (value "0.014")
L 08/13/2021 - 16:34:29: [basecommands.smx] "Console<0><Console><Console>" changed cvar (cvar "net_splitpacket_maxrate") (value "50000")
L 08/13/2021 - 16:34:29: [basecommands.smx] "Console<0><Console><Console>" changed cvar (cvar "fps_max") (value "0")
L 08/13/2021 - 16:34:29: [basecommands.smx] "Console<0><Console><Console>" changed cvar (cvar "hostname") (value "Versus")
L 08/13/2021 - 16:35:26: [basecommands.smx] "♛ Rain Live TV ♛<2><STEAM_1:0:162762726><>" changed cvar (cvar "vs_max_team_switches") (value "5")
L 08/13/2021 - 16:36:21: [l4d2_skill_detect.smx] Clear: 1 freed 5 from 4: time: 3.13 / -1.00 -- class: hunter (with shove? 0)
L 08/13/2021 - 16:36:23: [l4d2_skill_detect.smx] Clear: 1 freed 3 from 9: time: -1.00 / 12.65 -- class: smoker (with shove? 1)
L 08/13/2021 - 16:37:29: [l4d2_skill_detect.smx] Clear: 1 freed 3 from 8: time: 0.55 / -1.00 -- class: hunter (with shove? 1)
L 08/13/2021 - 16:38:17: [l4d2_skill_detect.smx] Clear: 3 freed 5 from 9: time: 2.44 / -1.00 -- class: hunter (with shove? 0)
L 08/13/2021 - 16:38:48: [l4d2_skill_detect.smx] Clear: 3 freed 2 from 7: time: 2.76 / 256.94 -- class: charger (with shove? 0)
L 08/13/2021 - 16:39:27: [l4d2_skill_detect.smx] Clear: 2 freed 3 from 9: time: 9.16 / -1.00 -- class: jockey (with shove? 0)
L 08/13/2021 - 16:40:15: [l4d2_skill_detect.smx] Clear: 1 freed 3 from 7: time: 1.58 / -1.00 -- class: hunter (with shove? 0)
L 08/13/2021 - 16:40:43: [l4d2_skill_detect.smx] Clear: 3 freed 3 from 4: time: -1.00 / 0.97 -- class: smoker (with shove? 1)
L 08/13/2021 - 16:42:20: [l4d2_skill_detect.smx] Clear: 1 freed 3 from 9: time: 0.86 / -1.00 -- class: hunter (with shove? 1)
L 08/13/2021 - 16:42:21: [l4d2_skill_detect.smx] Clear: 1 freed 3 from 9: time: 1.45 / -1.00 -- class: hunter (with shove? 0)
L 08/13/2021 - 16:43:40: [l4d2_skill_detect.smx] Clear: 2 freed 5 from 7: time: -1.00 / 1.53 -- class: smoker (with shove? 0)
L 08/13/2021 - 16:44:18: [l4d2_skill_detect.smx] Clear: 1 freed 3 from 8: time: 1.83 / -1.00 -- class: hunter (with shove? 1)
L 08/13/2021 - 16:44:32: [l4d2_skill_detect.smx] Clear: 1 freed 5 from 7: time: 1.20 / -1.00 -- class: jockey (with shove? 1)
L 08/13/2021 - 16:45:06: [l4d2_skill_detect.smx] Charge carry start: 8 - 3 -- time: 635.00
L 08/13/2021 - 16:45:08: [l4d2_skill_detect.smx] Clear: 1 freed 3 from 8: time: 0.30 / 1.95 -- class: charger (with shove? 0)
L 08/13/2021 - 16:45:10: [l4d2_skill_detect.smx] Checking charge victim: 8 - 3 - flags: 1 (alive? 1)
L 08/13/2021 - 16:47:18: [l4d2_skill_detect.smx] Clear: 7 freed 4 from 2: time: 1.41 / -1.00 -- class: hunter (with shove? 0)
L 08/13/2021 - 16:47:50: [l4d2_skill_detect.smx] Clear: 7 freed 8 from 2: time: 1.86 / -1.00 -- class: jockey (with shove? 1)
L 08/13/2021 - 16:48:40: [playercommands.smx] "🥐LeFactureSensuale🎮<3><STEAM_1:1:522713982><>" slapped "♛ Rain Live TV ♛<2><STEAM_1:0:162762726><>" (damage "0")
L 08/13/2021 - 16:48:53: [l4d2_skill_detect.smx] Charge carry start: 2 - 9 -- time: 862.34
L 08/13/2021 - 16:48:56: [l4d2_skill_detect.smx] Checking charge victim: 2 - 9 - flags: 1 (alive? 1)
L 08/13/2021 - 16:48:59: [l4d2_skill_detect.smx] Clear: 7 freed 9 from 2: time: 4.75 / 5.69 -- class: charger (with shove? 0)
L 08/13/2021 - 16:49:03: [l4d2_skill_detect.smx] Clear: 7 freed 8 from 5: time: 7.51 / 8.16 -- class: smoker (with shove? 1)
L 08/13/2021 - 16:49:06: [l4d2_skill_detect.smx] Clear: 4 freed 9 from 3: time: 3.29 / -1.00 -- class: hunter (with shove? 0)
L 08/13/2021 - 16:49:36: [l4d2_skill_detect.smx] Clear: 9 freed 7 from 5: time: 1.63 / 3.55 -- class: smoker (with shove? 0)
L 08/13/2021 - 16:49:44: [l4d2_skill_detect.smx] Clear: 8 freed 7 from 1: time: 7.76 / -1.00 -- class: hunter (with shove? 0)
L 08/13/2021 - 16:50:00: [l4d2_skill_detect.smx] Clear: 8 freed 7 from 5: time: 7.40 / 7.41 -- class: smoker (with shove? 0)
L 08/13/2021 - 16:50:37: [l4d2_skill_detect.smx] Clear: 4 freed 9 from 5: time: 1.05 / -1.00 -- class: hunter (with shove? 1)
L 08/13/2021 - 16:50:43: [l4d2_skill_detect.smx] Clear: 9 freed 4 from 5: time: 1.38 / -1.00 -- class: hunter (with shove? 0)
L 08/13/2021 - 16:50:49: [l4d2_skill_detect.smx] Clear: 0 freed 7 from 1: time: -1.00 / 977.65 -- class: charger (with shove? 0)
L 08/13/2021 - 16:50:56: [l4d2_skill_detect.smx] Clear: 8 freed 4 from 3: time: -1.00 / 1.01 -- class: smoker (with shove? 0)
L 08/13/2021 - 16:51:14: [l4d2_skill_detect.smx] Clear: 0 freed 7 from 1: time: 1002.66 / -1.00 -- class: jockey (with shove? 0)
L 08/13/2021 - 16:51:47: [l4d2_skill_detect.smx] Clear: 8 freed 4 from 2: time: 0.93 / -1.00 -- class: hunter (with shove? 0)
L 08/13/2021 - 16:51:48: [l4d2_skill_detect.smx] Charge carry start: 3 - 8 -- time: 1036.78
L 08/13/2021 - 16:51:49: [l4d2_skill_detect.smx] Clear: 9 freed 8 from 3: time: 0.59 / 1.51 -- class: charger (with shove? 0)
L 08/13/2021 - 16:51:51: [l4d2_skill_detect.smx] Checking charge victim: 3 - 8 - flags: 1 (alive? 1)
L 08/13/2021 - 16:52:11: [l4d2_skill_detect.smx] Clear: 8 freed 9 from 1: time: -1.00 / 2.03 -- class: smoker (with shove? 0)
L 08/13/2021 - 16:52:39: [l4d2_skill_detect.smx] Clear: 8 freed 8 from 1: time: -1.00 / 0.08 -- class: smoker (with shove? 0)
L 08/13/2021 - 16:53:09: -------- Mapchange to c3m2_swamp --------
L 08/13/2021 - 16:53:12: [basecommands.smx] "Console<0><Console><Console>" changed cvar (cvar "sv_force_time_of_day") (value "0")
L 08/13/2021 - 16:53:12: [basecommands.smx] "Console<0><Console><Console>" changed cvar (cvar "z_witch_damage_per_kill_hit") (value "120")
L 08/13/2021 - 16:53:12: [basecommands.smx] "Console<0><Console><Console>" changed cvar (cvar "z_witch_anger_rate") (value "0.4")
L 08/13/2021 - 16:53:12: [basecommands.smx] "Console<0><Console><Console>" changed cvar (cvar "z_witch_flashlight_range") (value "2000")
L 08/13/2021 - 16:53:12: [basecommands.smx] "Console<0><Console><Console>" changed cvar (cvar "z_witch_burn_time") (value "100")
L 08/13/2021 - 16:53:12: [basecommands.smx] "Console<0><Console><Console>" changed cvar (cvar "z_tank_health") (value "4000")
L 08/13/2021 - 16:53:12: [basecommands.smx] "Console<0><Console><Console>" changed cvar (cvar "z_ghost_delay_min") (value "15")
L 08/13/2021 - 16:53:12: [basecommands.smx] "Console<0><Console><Console>" changed cvar (cvar "z_ghost_delay_max") (value "15")
L 08/13/2021 - 16:53:12: [basecommands.smx] "Console<0><Console><Console>" changed cvar (cvar "z_hunter_limit") (value "1")
L 08/13/2021 - 16:53:12: [basecommands.smx] "Console<0><Console><Console>" changed cvar (cvar "z_smoker_limit") (value "1")
L 08/13/2021 - 16:53:12: [basecommands.smx] "Console<0><Console><Console>" changed cvar (cvar "z_jockey_limit") (value "1")
L 08/13/2021 - 16:53:12: [basecommands.smx] "Console<0><Console><Console>" changed cvar (cvar "versus_tank_chance_intro") (value "1")
L 08/13/2021 - 16:53:12: [basecommands.smx] "Console<0><Console><Console>" changed cvar (cvar "versus_tank_chance_finale") (value "1")
L 08/13/2021 - 16:53:12: [basecommands.smx] "Console<0><Console><Console>" changed cvar (cvar "versus_tank_chance") (value "1")
L 08/13/2021 - 16:53:12: [basecommands.smx] "Console<0><Console><Console>" changed cvar (cvar "versus_witch_chance_intro") (value "0")
L 08/13/2021 - 16:53:12: [basecommands.smx] "Console<0><Console><Console>" changed cvar (cvar "versus_witch_chance_finale") (value "0")
L 08/13/2021 - 16:53:12: [basecommands.smx] "Console<0><Console><Console>" changed cvar (cvar "versus_witch_chance") (value "1")
L 08/13/2021 - 16:53:12: [basecommands.smx] "Console<0><Console><Console>" changed cvar (cvar "director_force_tank") (value "1")
L 08/13/2021 - 16:53:12: [basecommands.smx] "Console<0><Console><Console>" changed cvar (cvar "versus_boss_flow_min") (value "0.4")
L 08/13/2021 - 16:53:12: [basecommands.smx] "Console<0><Console><Console>" changed cvar (cvar "versus_boss_flow_max") (value "0.6")
L 08/13/2021 - 16:53:12: [basecommands.smx] "Console<0><Console><Console>" changed cvar (cvar "versus_boss_flow_min_intro") (value "0.1")
L 08/13/2021 - 16:53:12: [basecommands.smx] "Console<0><Console><Console>" changed cvar (cvar "versus_boss_flow_max_intro") (value "0.2")
L 08/13/2021 - 16:53:12: [basecommands.smx] "Console<0><Console><Console>" changed cvar (cvar "versus_boss_flow_min_finale") (value "0.1")
L 08/13/2021 - 16:53:12: [basecommands.smx] "Console<0><Console><Console>" changed cvar (cvar "versus_boss_flow_max_finale") (value "0.2")
L 08/13/2021 - 16:53:12: [basecommands.smx] "Console<0><Console><Console>" changed cvar (cvar "boomer_vomit_delay") (value "0.1")
L 08/13/2021 - 16:53:12: [basecommands.smx] "Console<0><Console><Console>" changed cvar (cvar "smoker_tongue_delay") (value "0.1")
L 08/13/2021 - 16:53:12: [basecommands.smx] "Console<0><Console><Console>" changed cvar (cvar "vs_survival_bonus") (value "35")
L 08/13/2021 - 16:53:12: [basecommands.smx] "Console<0><Console><Console>" changed cvar (cvar "z_tank_throw_health") (value "10")
L 08/13/2021 - 16:53:12: [basecommands.smx] "Console<0><Console><Console>" changed cvar (cvar "sv_client_min_interp_ratio") (value "-1")
L 08/13/2021 - 16:53:12: [basecommands.smx] "Console<0><Console><Console>" changed cvar (cvar "sv_client_max_interp_ratio") (value "0")
L 08/13/2021 - 16:53:12: [basecommands.smx] "Console<0><Console><Console>" changed cvar (cvar "sv_minrate") (value "100000")
L 08/13/2021 - 16:53:12: [basecommands.smx] "Console<0><Console><Console>" changed cvar (cvar "sv_maxrate") (value "100000")
L 08/13/2021 - 16:53:12: [basecommands.smx] "Console<0><Console><Console>" changed cvar (cvar "sv_mincmdrate") (value "100")
L 08/13/2021 - 16:53:12: [basecommands.smx] "Console<0><Console><Console>" changed cvar (cvar "sv_maxcmdrate") (value "100")
L 08/13/2021 - 16:53:12: [basecommands.smx] "Console<0><Console><Console>" changed cvar (cvar "sv_minupdaterate") (value "100")
L 08/13/2021 - 16:53:12: [basecommands.smx] "Console<0><Console><Console>" changed cvar (cvar "sv_maxupdaterate") (value "100")
L 08/13/2021 - 16:53:12: [basecommands.smx] "Console<0><Console><Console>" changed cvar (cvar "nb_update_frequency") (value "0.014")
L 08/13/2021 - 16:53:12: [basecommands.smx] "Console<0><Console><Console>" changed cvar (cvar "net_splitpacket_maxrate") (value "50000")
L 08/13/2021 - 16:53:12: [basecommands.smx] "Console<0><Console><Console>" changed cvar (cvar "fps_max") (value "0")
L 08/13/2021 - 16:53:12: [basecommands.smx] "Console<0><Console><Console>" changed cvar (cvar "hostname") (value "Versus")
L 08/13/2021 - 16:53:47: [basecommands.smx] "♛ Rain Live TV ♛<2><STEAM_1:0:162762726><>" changed cvar (cvar "vs_max_team_switches") (value "5")
L 08/13/2021 - 16:55:13: [l4d2_skill_detect.smx] Clear: 5 freed 1 from 7: time: 4.76 / -1.00 -- class: jockey (with shove? 1)
L 08/13/2021 - 16:55:17: [l4d2_skill_detect.smx] Charge carry start: 8 - 5 -- time: 120.66
L 08/13/2021 - 16:55:20: [l4d2_skill_detect.smx] Checking charge victim: 8 - 5 - flags: 1 (alive? 1)
L 08/13/2021 - 16:55:20: [l4d2_skill_detect.smx] Clear: 1 freed 5 from 8: time: 2.15 / 3.08 -- class: charger (with shove? 0)
L 08/13/2021 - 16:55:55: [l4d2_skill_detect.smx] Clear: 5 freed 3 from 7: time: -1.00 / 2.74 -- class: smoker (with shove? 0)
L 08/13/2021 - 16:56:46: [l4d2_skill_detect.smx] Charge carry start: 7 - 5 -- time: 209.84
L 08/13/2021 - 16:56:47: [l4d2_skill_detect.smx] Clear: 2 freed 5 from 7: time: 0.00 / 1.37 -- class: charger (with shove? 0)
L 08/13/2021 - 16:56:50: [l4d2_skill_detect.smx] Checking charge victim: 7 - 3 - flags: 0 (alive? 1)
L 08/13/2021 - 16:56:50: [l4d2_skill_detect.smx] Checking charge victim: 7 - 5 - flags: 1 (alive? 1)
L 08/13/2021 - 16:57:55: [l4d2_skill_detect.smx] Clear: 5 freed 3 from 9: time: 1.20 / -1.00 -- class: jockey (with shove? 1)
L 08/13/2021 - 16:58:26: [l4d2_skill_detect.smx] Charge carry start: 4 - 1 -- time: 309.80
L 08/13/2021 - 16:58:26: [l4d2_skill_detect.smx] Clear: 1 freed 1 from 4: time: 0.00 / 0.10 -- class: charger (with shove? 0)
L 08/13/2021 - 16:58:29: [l4d2_skill_detect.smx] Checking charge victim: 4 - 1 - flags: 1 (alive? 1)
L 08/13/2021 - 16:59:26: [l4d2_skill_detect.smx] Clear: 5 freed 5 from 7: time: 0.06 / -1.00 -- class: jockey (with shove? 1)
L 08/13/2021 - 17:00:08: [l4d2_skill_detect.smx] Clear: 1 freed 2 from 7: time: 2.69 / -1.00 -- class: hunter (with shove? 0)
L 08/13/2021 - 17:00:14: [l4d2_skill_detect.smx] Clear: 3 freed 5 from 9: time: 4.21 / 8.60 -- class: smoker (with shove? 0)
L 08/13/2021 - 17:00:56: [l4d2_skill_detect.smx] Clear: 1 freed 2 from 9: time: -1.00 / 0.17 -- class: smoker (with shove? 0)
L 08/13/2021 - 17:01:35: [l4d2_skill_detect.smx] Witch Crown Check: Failed: bungled: 1 / crowntype: 0 (entity: 191)
L 08/13/2021 - 17:01:35: [l4d2_skill_detect.smx] Witch Crown Check: Further details: attacker: Grimm, attacker dmg: 978, teamless dmg: 4
L 08/13/2021 - 17:02:14: [l4d2_skill_detect.smx] Charge carry start: 8 - 5 -- time: 537.94
L 08/13/2021 - 17:02:18: [l4d2_skill_detect.smx] Checking charge victim: 8 - 5 - flags: 1 (alive? 1)
L 08/13/2021 - 17:02:18: [l4d2_skill_detect.smx] Checking charge victim: 8 - 3 - flags: 0 (alive? 1)
L 08/13/2021 - 17:02:19: [l4d2_skill_detect.smx] Clear: 2 freed 5 from 8: time: 2.64 / 4.66 -- class: charger (with shove? 0)
L 08/13/2021 - 17:03:33: [l4d2_skill_detect.smx] Clear: 3 freed 1 from 7: time: 2.17 / -1.00 -- class: jockey (with shove? 1)
L 08/13/2021 - 17:03:39: [l4d2_skill_detect.smx] Charge carry start: 9 - 5 -- time: 622.51
L 08/13/2021 - 17:03:43: [l4d2_skill_detect.smx] Checking charge victim: 9 - 2 - flags: 0 (alive? 1)
L 08/13/2021 - 17:03:43: [l4d2_skill_detect.smx] Checking charge victim: 9 - 5 - flags: 1 (alive? 1)
L 08/13/2021 - 17:03:46: [l4d2_skill_detect.smx] Clear: 1 freed 5 from 9: time: 5.03 / 7.28 -- class: charger (with shove? 0)
L 08/13/2021 - 17:04:32: [l4d2_skill_detect.smx] Charge carry start: 8 - 5 -- time: 675.83
L 08/13/2021 - 17:04:36: [l4d2_skill_detect.smx] Checking charge victim: 8 - 5 - flags: 1 (alive? 0)
L 08/13/2021 - 17:04:36: [l4d2_skill_detect.smx] Checking charge victim: 8 - 3 - flags: 0 (alive? 1)
L 08/13/2021 - 17:04:37: [l4d2_skill_detect.smx] Charge carry start: 8 - 3 -- time: 680.44
L 08/13/2021 - 17:04:42: [l4d2_skill_detect.smx] Checking charge victim: 8 - 3 - flags: 1 (alive? 1)
L 08/13/2021 - 17:05:38: [l4d2_skill_detect.smx] Clear: 6 freed 9 from 1: time: 1.01 / -1.00 -- class: jockey (with shove? 0)
L 08/13/2021 - 17:05:39: [l4d2_skill_detect.smx] Charge carry start: 2 - 6 -- time: 742.45
L 08/13/2021 - 17:05:43: [l4d2_skill_detect.smx] Checking charge victim: 2 - 8 - flags: 0 (alive? 1)
L 08/13/2021 - 17:05:43: [l4d2_skill_detect.smx] Checking charge victim: 2 - 6 - flags: 1 (alive? 1)
L 08/13/2021 - 17:05:44: [l4d2_skill_detect.smx] Clear: 8 freed 6 from 2: time: 3.09 / 5.34 -- class: charger (with shove? 0)
L 08/13/2021 - 17:06:23: [l4d2_skill_detect.smx] Clear: 6 freed 7 from 1: time: 8.88 / -1.00 -- class: hunter (with shove? 0)
L 08/13/2021 - 17:06:24: [l4d2_skill_detect.smx] Clear: 8 freed 9 from 3: time: 8.46 / -1.00 -- class: jockey (with shove? 0)
L 08/13/2021 - 17:07:21: [l4d2_skill_detect.smx] Clear: 6 freed 7 from 3: time: 1.37 / -1.00 -- class: hunter (with shove? 0)
L 08/13/2021 - 17:07:24: [l4d2_skill_detect.smx] Clear: 8 freed 7 from 1: time: -1.00 / 2.35 -- class: smoker (with shove? 0)
L 08/13/2021 - 17:07:29: [l4d2_skill_detect.smx] Clear: 7 freed 6 from 2: time: 1.64 / 853.17 -- class: charger (with shove? 0)
L 08/13/2021 - 17:07:30: [l4d2_skill_detect.smx] Clear: 8 freed 7 from 4: time: 0.11 / -1.00 -- class: jockey (with shove? 1)
L 08/13/2021 - 17:08:08: [l4d2_skill_detect.smx] Clear: 6 freed 8 from 2: time: 1.41 / -1.00 -- class: jockey (with shove? 1)
L 08/13/2021 - 17:09:07: [basecommands.smx] "🥐LeFactureSensuale🎮<3><STEAM_1:1:522713982><>" changed cvar (cvar "vs_max_team_switches") (value "5")
L 08/13/2021 - 17:09:50: -------- Mapchange to c3m3_shantytown --------
L 08/13/2021 - 17:09:53: [basecommands.smx] "Console<0><Console><Console>" changed cvar (cvar "sv_force_time_of_day") (value "0")
L 08/13/2021 - 17:09:53: [basecommands.smx] "Console<0><Console><Console>" changed cvar (cvar "z_witch_damage_per_kill_hit") (value "120")
L 08/13/2021 - 17:09:53: [basecommands.smx] "Console<0><Console><Console>" changed cvar (cvar "z_witch_anger_rate") (value "0.4")
L 08/13/2021 - 17:09:53: [basecommands.smx] "Console<0><Console><Console>" changed cvar (cvar "z_witch_flashlight_range") (value "2000")
L 08/13/2021 - 17:09:53: [basecommands.smx] "Console<0><Console><Console>" changed cvar (cvar "z_witch_burn_time") (value "100")
L 08/13/2021 - 17:09:53: [basecommands.smx] "Console<0><Console><Console>" changed cvar (cvar "z_tank_health") (value "4000")
L 08/13/2021 - 17:09:53: [basecommands.smx] "Console<0><Console><Console>" changed cvar (cvar "z_ghost_delay_min") (value "15")
L 08/13/2021 - 17:09:53: [basecommands.smx] "Console<0><Console><Console>" changed cvar (cvar "z_ghost_delay_max") (value "15")
L 08/13/2021 - 17:09:53: [basecommands.smx] "Console<0><Console><Console>" changed cvar (cvar "z_hunter_limit") (value "1")
L 08/13/2021 - 17:09:53: [basecommands.smx] "Console<0><Console><Console>" changed cvar (cvar "z_smoker_limit") (value "1")
L 08/13/2021 - 17:09:53: [basecommands.smx] "Console<0><Console><Console>" changed cvar (cvar "z_jockey_limit") (value "1")
L 08/13/2021 - 17:09:53: [basecommands.smx] "Console<0><Console><Console>" changed cvar (cvar "versus_tank_chance_intro") (value "1")
L 08/13/2021 - 17:09:53: [basecommands.smx] "Console<0><Console><Console>" changed cvar (cvar "versus_tank_chance_finale") (value "1")
L 08/13/2021 - 17:09:53: [basecommands.smx] "Console<0><Console><Console>" changed cvar (cvar "versus_tank_chance") (value "1")
L 08/13/2021 - 17:09:53: [basecommands.smx] "Console<0><Console><Console>" changed cvar (cvar "versus_witch_chance_intro") (value "0")
L 08/13/2021 - 17:09:53: [basecommands.smx] "Console<0><Console><Console>" changed cvar (cvar "versus_witch_chance_finale") (value "0")
L 08/13/2021 - 17:09:53: [basecommands.smx] "Console<0><Console><Console>" changed cvar (cvar "versus_witch_chance") (value "1")
L 08/13/2021 - 17:09:53: [basecommands.smx] "Console<0><Console><Console>" changed cvar (cvar "director_force_tank") (value "1")
L 08/13/2021 - 17:09:53: [basecommands.smx] "Console<0><Console><Console>" changed cvar (cvar "versus_boss_flow_min") (value "0.4")
L 08/13/2021 - 17:09:53: [basecommands.smx] "Console<0><Console><Console>" changed cvar (cvar "versus_boss_flow_max") (value "0.6")
L 08/13/2021 - 17:09:53: [basecommands.smx] "Console<0><Console><Console>" changed cvar (cvar "versus_boss_flow_min_intro") (value "0.1")
L 08/13/2021 - 17:09:53: [basecommands.smx] "Console<0><Console><Console>" changed cvar (cvar "versus_boss_flow_max_intro") (value "0.2")
L 08/13/2021 - 17:09:53: [basecommands.smx] "Console<0><Console><Console>" changed cvar (cvar "versus_boss_flow_min_finale") (value "0.1")
L 08/13/2021 - 17:09:53: [basecommands.smx] "Console<0><Console><Console>" changed cvar (cvar "versus_boss_flow_max_finale") (value "0.2")
L 08/13/2021 - 17:09:53: [basecommands.smx] "Console<0><Console><Console>" changed cvar (cvar "boomer_vomit_delay") (value "0.1")
L 08/13/2021 - 17:09:53: [basecommands.smx] "Console<0><Console><Console>" changed cvar (cvar "smoker_tongue_delay") (value "0.1")
L 08/13/2021 - 17:09:53: [basecommands.smx] "Console<0><Console><Console>" changed cvar (cvar "vs_survival_bonus") (value "35")
L 08/13/2021 - 17:09:53: [basecommands.smx] "Console<0><Console><Console>" changed cvar (cvar "z_tank_throw_health") (value "10")
L 08/13/2021 - 17:09:53: [basecommands.smx] "Console<0><Console><Console>" changed cvar (cvar "sv_client_min_interp_ratio") (value "-1")
L 08/13/2021 - 17:09:53: [basecommands.smx] "Console<0><Console><Console>" changed cvar (cvar "sv_client_max_interp_ratio") (value "0")
L 08/13/2021 - 17:09:53: [basecommands.smx] "Console<0><Console><Console>" changed cvar (cvar "sv_minrate") (value "100000")
L 08/13/2021 - 17:09:53: [basecommands.smx] "Console<0><Console><Console>" changed cvar (cvar "sv_maxrate") (value "100000")
L 08/13/2021 - 17:09:53: [basecommands.smx] "Console<0><Console><Console>" changed cvar (cvar "sv_mincmdrate") (value "100")
L 08/13/2021 - 17:09:53: [basecommands.smx] "Console<0><Console><Console>" changed cvar (cvar "sv_maxcmdrate") (value "100")
L 08/13/2021 - 17:09:53: [basecommands.smx] "Console<0><Console><Console>" changed cvar (cvar "sv_minupdaterate") (value "100")
L 08/13/2021 - 17:09:53: [basecommands.smx] "Console<0><Console><Console>" changed cvar (cvar "sv_maxupdaterate") (value "100")
L 08/13/2021 - 17:09:53: [basecommands.smx] "Console<0><Console><Console>" changed cvar (cvar "nb_update_frequency") (value "0.014")
L 08/13/2021 - 17:09:53: [basecommands.smx] "Console<0><Console><Console>" changed cvar (cvar "net_splitpacket_maxrate") (value "50000")
L 08/13/2021 - 17:09:53: [basecommands.smx] "Console<0><Console><Console>" changed cvar (cvar "fps_max") (value "0")
L 08/13/2021 - 17:09:53: [basecommands.smx] "Console<0><Console><Console>" changed cvar (cvar "hostname") (value "Versus")
L 08/13/2021 - 17:11:03: [basecommands.smx] "♛ Rain Live TV ♛<2><STEAM_1:0:162762726><>" changed cvar (cvar "vs_max_team_switches") (value "5")
L 08/13/2021 - 17:11:04: [basecommands.smx] "♛ Rain Live TV ♛<2><STEAM_1:0:162762726><>" changed cvar (cvar "vs_max_team_switches") (value "0")
L 08/13/2021 - 17:12:17: [l4d2_skill_detect.smx] Clear: 10 freed 6 from 4: time: 2.98 / -1.00 -- class: jockey (with shove? 1)
L 08/13/2021 - 17:12:20: [basecommands.smx] "♛ Rain Live TV ♛<2><STEAM_1:0:162762726><>" changed cvar (cvar "vs_max_team_switches") (value "5")
L 08/13/2021 - 17:12:30: [l4d2_skill_detect.smx] Charge carry start: 8 - 1 -- time: 146.91
L 08/13/2021 - 17:12:33: [l4d2_skill_detect.smx] Checking charge victim: 8 - 6 - flags: 0 (alive? 1)
L 08/13/2021 - 17:12:33: [l4d2_skill_detect.smx] Checking charge victim: 8 - 1 - flags: 1 (alive? 1)
L 08/13/2021 - 17:12:33: [l4d2_skill_detect.smx] Clear: 10 freed 1 from 8: time: 2.32 / 3.64 -- class: charger (with shove? 0)
L 08/13/2021 - 17:12:43: [basecommands.smx] "🥐LeFactureSensuale🎮<3><STEAM_1:1:522713982><>" changed cvar (cvar "vs_max_team_switches") (value "5")
L 08/13/2021 - 17:13:02: [basecommands.smx] "♛ Rain Live TV ♛<2><STEAM_1:0:162762726><>" changed cvar (cvar "vs_max_team_switches") (value "0")
L 08/13/2021 - 17:13:06: [l4d2_skill_detect.smx] Charge carry start: 9 - 1 -- time: 183.69
L 08/13/2021 - 17:13:08: [l4d2_skill_detect.smx] Clear: 2 freed 1 from 9: time: 0.82 / 1.83 -- class: charger (with shove? 0)
L 08/13/2021 - 17:13:10: [l4d2_skill_detect.smx] Checking charge victim: 9 - 1 - flags: 1 (alive? 1)
L 08/13/2021 - 17:13:14: [l4d2_skill_detect.smx] Clear: 3 freed 5 from 8: time: 0.90 / -1.00 -- class: jockey (with shove? 1)
L 08/13/2021 - 17:13:48: [l4d2_skill_detect.smx] Clear: 2 freed 2 from 4: time: -1.00 / 0.42 -- class: smoker (with shove? 1)
L 08/13/2021 - 17:14:28: [l4d2_skill_detect.smx] Clear: 2 freed 1 from 6: time: 2.30 / -1.00 -- class: hunter (with shove? 0)
L 08/13/2021 - 17:14:56: [basecommands.smx] "♛ Rain Live TV ♛<2><STEAM_1:0:162762726><>" changed cvar (cvar "vs_max_team_switches") (value "5")
L 08/13/2021 - 17:15:43: [l4d2_skill_detect.smx] Clear: 5 freed 3 from 4: time: 2.12 / -1.00 -- class: jockey (with shove? 1)
L 08/13/2021 - 17:18:27: [l4d2_skill_detect.smx] Clear: 4 freed 7 from 1: time: 2.45 / -1.00 -- class: jockey (with shove? 0)
L 08/13/2021 - 17:18:49: [l4d2_skill_detect.smx] Charge carry start: 2 - 9 -- time: 526.20
L 08/13/2021 - 17:18:51: [l4d2_skill_detect.smx] Clear: 7 freed 9 from 2: time: 0.44 / 1.88 -- class: charger (with shove? 0)
L 08/13/2021 - 17:18:53: [l4d2_skill_detect.smx] Checking charge victim: 2 - 9 - flags: 1 (alive? 1)
L 08/13/2021 - 17:19:02: [l4d2_skill_detect.smx] Clear: 7 freed 4 from 1: time: -1.00 / 2.16 -- class: smoker (with shove? 0)
L 08/13/2021 - 17:19:22: [l4d2_skill_detect.smx] Clear: 8 freed 9 from 2: time: 1.15 / -1.00 -- class: jockey (with shove? 0)
L 08/13/2021 - 17:20:00: [l4d2_skill_detect.smx] Clear: 8 freed 9 from 3: time: 2.52 / -1.00 -- class: jockey (with shove? 0)
L 08/13/2021 - 17:20:03: [l4d2_skill_detect.smx] Clear: 8 freed 9 from 2: time: -1.00 / 0.91 -- class: smoker (with shove? 0)
L 08/13/2021 - 17:20:21: [l4d2_skill_detect.smx] Charge carry start: 1 - 7 -- time: 617.98
L 08/13/2021 - 17:20:24: [l4d2_skill_detect.smx] Clear: 8 freed 7 from 1: time: 0.50 / 2.97 -- class: charger (with shove? 0)
L 08/13/2021 - 17:20:26: [l4d2_skill_detect.smx] Checking charge victim: 1 - 7 - flags: 1 (alive? 1)
L 08/13/2021 - 17:21:10: [l4d2_skill_detect.smx] Clear: 7 freed 4 from 1: time: 1.44 / -1.00 -- class: hunter (with shove? 0)
L 08/13/2021 - 17:21:37: -------- Mapchange to c3m4_plantation --------
L 08/13/2021 - 17:21:40: [basecommands.smx] "Console<0><Console><Console>" changed cvar (cvar "sv_force_time_of_day") (value "0")
L 08/13/2021 - 17:21:40: [basecommands.smx] "Console<0><Console><Console>" changed cvar (cvar "z_witch_damage_per_kill_hit") (value "120")
L 08/13/2021 - 17:21:40: [basecommands.smx] "Console<0><Console><Console>" changed cvar (cvar "z_witch_anger_rate") (value "0.4")
L 08/13/2021 - 17:21:40: [basecommands.smx] "Console<0><Console><Console>" changed cvar (cvar "z_witch_flashlight_range") (value "2000")
L 08/13/2021 - 17:21:40: [basecommands.smx] "Console<0><Console><Console>" changed cvar (cvar "z_witch_burn_time") (value "100")
L 08/13/2021 - 17:21:40: [basecommands.smx] "Console<0><Console><Console>" changed cvar (cvar "z_tank_health") (value "4000")
L 08/13/2021 - 17:21:40: [basecommands.smx] "Console<0><Console><Console>" changed cvar (cvar "z_ghost_delay_min") (value "15")
L 08/13/2021 - 17:21:40: [basecommands.smx] "Console<0><Console><Console>" changed cvar (cvar "z_ghost_delay_max") (value "15")
L 08/13/2021 - 17:21:40: [basecommands.smx] "Console<0><Console><Console>" changed cvar (cvar "z_hunter_limit") (value "1")
L 08/13/2021 - 17:21:40: [basecommands.smx] "Console<0><Console><Console>" changed cvar (cvar "z_smoker_limit") (value "1")
L 08/13/2021 - 17:21:40: [basecommands.smx] "Console<0><Console><Console>" changed cvar (cvar "z_jockey_limit") (value "1")
L 08/13/2021 - 17:21:40: [basecommands.smx] "Console<0><Console><Console>" changed cvar (cvar "versus_tank_chance_intro") (value "1")
L 08/13/2021 - 17:21:40: [basecommands.smx] "Console<0><Console><Console>" changed cvar (cvar "versus_tank_chance_finale") (value "1")
L 08/13/2021 - 17:21:40: [basecommands.smx] "Console<0><Console><Console>" changed cvar (cvar "versus_tank_chance") (value "1")
L 08/13/2021 - 17:21:40: [basecommands.smx] "Console<0><Console><Console>" changed cvar (cvar "versus_witch_chance_intro") (value "0")
L 08/13/2021 - 17:21:40: [basecommands.smx] "Console<0><Console><Console>" changed cvar (cvar "versus_witch_chance_finale") (value "0")
L 08/13/2021 - 17:21:40: [basecommands.smx] "Console<0><Console><Console>" changed cvar (cvar "versus_witch_chance") (value "1")
L 08/13/2021 - 17:21:40: [basecommands.smx] "Console<0><Console><Console>" changed cvar (cvar "director_force_tank") (value "1")
L 08/13/2021 - 17:21:40: [basecommands.smx] "Console<0><Console><Console>" changed cvar (cvar "versus_boss_flow_min") (value "0.4")
L 08/13/2021 - 17:21:40: [basecommands.smx] "Console<0><Console><Console>" changed cvar (cvar "versus_boss_flow_max") (value "0.6")
L 08/13/2021 - 17:21:40: [basecommands.smx] "Console<0><Console><Console>" changed cvar (cvar "versus_boss_flow_min_intro") (value "0.1")
L 08/13/2021 - 17:21:40: [basecommands.smx] "Console<0><Console><Console>" changed cvar (cvar "versus_boss_flow_max_intro") (value "0.2")
L 08/13/2021 - 17:21:40: [basecommands.smx] "Console<0><Console><Console>" changed cvar (cvar "versus_boss_flow_min_finale") (value "0.1")
L 08/13/2021 - 17:21:40: [basecommands.smx] "Console<0><Console><Console>" changed cvar (cvar "versus_boss_flow_max_finale") (value "0.2")
L 08/13/2021 - 17:21:40: [basecommands.smx] "Console<0><Console><Console>" changed cvar (cvar "boomer_vomit_delay") (value "0.1")
L 08/13/2021 - 17:21:40: [basecommands.smx] "Console<0><Console><Console>" changed cvar (cvar "smoker_tongue_delay") (value "0.1")
L 08/13/2021 - 17:21:40: [basecommands.smx] "Console<0><Console><Console>" changed cvar (cvar "vs_survival_bonus") (value "35")
L 08/13/2021 - 17:21:40: [basecommands.smx] "Console<0><Console><Console>" changed cvar (cvar "z_tank_throw_health") (value "10")
L 08/13/2021 - 17:21:40: [basecommands.smx] "Console<0><Console><Console>" changed cvar (cvar "sv_client_min_interp_ratio") (value "-1")
L 08/13/2021 - 17:21:40: [basecommands.smx] "Console<0><Console><Console>" changed cvar (cvar "sv_client_max_interp_ratio") (value "0")
L 08/13/2021 - 17:21:40: [basecommands.smx] "Console<0><Console><Console>" changed cvar (cvar "sv_minrate") (value "100000")
L 08/13/2021 - 17:21:40: [basecommands.smx] "Console<0><Console><Console>" changed cvar (cvar "sv_maxrate") (value "100000")
L 08/13/2021 - 17:21:40: [basecommands.smx] "Console<0><Console><Console>" changed cvar (cvar "sv_mincmdrate") (value "100")
L 08/13/2021 - 17:21:40: [basecommands.smx] "Console<0><Console><Console>" changed cvar (cvar "sv_maxcmdrate") (value "100")
L 08/13/2021 - 17:21:40: [basecommands.smx] "Console<0><Console><Console>" changed cvar (cvar "sv_minupdaterate") (value "100")
L 08/13/2021 - 17:21:40: [basecommands.smx] "Console<0><Console><Console>" changed cvar (cvar "sv_maxupdaterate") (value "100")
L 08/13/2021 - 17:21:40: [basecommands.smx] "Console<0><Console><Console>" changed cvar (cvar "nb_update_frequency") (value "0.014")
L 08/13/2021 - 17:21:40: [basecommands.smx] "Console<0><Console><Console>" changed cvar (cvar "net_splitpacket_maxrate") (value "50000")
L 08/13/2021 - 17:21:40: [basecommands.smx] "Console<0><Console><Console>" changed cvar (cvar "fps_max") (value "0")
L 08/13/2021 - 17:21:40: [basecommands.smx] "Console<0><Console><Console>" changed cvar (cvar "hostname") (value "Versus")
L 08/13/2021 - 17:22:06: [basecommands.smx] "♛ Rain Live TV ♛<2><STEAM_1:0:162762726><>" changed cvar (cvar "vs_max_team_switches") (value "5")
L 08/13/2021 - 17:23:25: [l4d2_skill_detect.smx] Clear: 2 freed 3 from 6: time: 0.95 / -1.00 -- class: jockey (with shove? 1)
L 08/13/2021 - 17:24:10: [l4d2_skill_detect.smx] Clear: 1 freed 2 from 7: time: 1.87 / -1.00 -- class: hunter (with shove? 0)
L 08/13/2021 - 17:24:23: [l4d2_skill_detect.smx] Clear: 1 freed 5 from 4: time: -1.00 / 5.55 -- class: smoker (with shove? 0)
L 08/13/2021 - 17:26:16: [l4d2_skill_detect.smx] Clear: 2 freed 5 from 7: time: -1.00 / 2.95 -- class: smoker (with shove? 0)
L 08/13/2021 - 17:26:30: [l4d2_skill_detect.smx] Clear: 2 freed 3 from 4: time: 12.76 / -1.00 -- class: jockey (with shove? 0)
L 08/13/2021 - 17:26:38: [l4d2_skill_detect.smx] Clear: 1 freed 5 from 7: time: -1.00 / 3.55 -- class: smoker (with shove? 0)
L 08/13/2021 - 17:26:52: [l4d2_skill_detect.smx] Clear: 3 freed 1 from 8: time: 7.32 / -1.00 -- class: jockey (with shove? 0)
L 08/13/2021 - 17:27:25: [l4d2_skill_detect.smx] Charge carry start: 8 - 2 -- time: 341.17
L 08/13/2021 - 17:27:29: [l4d2_skill_detect.smx] Clear: 5 freed 2 from 8: time: 0.94 / 4.17 -- class: charger (with shove? 0)
L 08/13/2021 - 17:27:30: [l4d2_skill_detect.smx] Checking charge victim: 8 - 2 - flags: 1 (alive? 1)
L 08/13/2021 - 17:27:58: [l4d2_skill_detect.smx] Clear: 2 freed 5 from 8: time: -1.00 / 2.22 -- class: smoker (with shove? 0)
L 08/13/2021 - 17:29:18: [l4d2_skill_detect.smx] Clear: 3 freed 2 from 8: time: 1.08 / -1.00 -- class: hunter (with shove? 0)
L 08/13/2021 - 17:30:04: [l4d2_skill_detect.smx] Charge carry start: 7 - 5 -- time: 500.62
L 08/13/2021 - 17:30:07: [l4d2_skill_detect.smx] Clear: 3 freed 5 from 7: time: 0.03 / 2.57 -- class: charger (with shove? 0)
L 08/13/2021 - 17:30:09: [l4d2_skill_detect.smx] Checking charge victim: 7 - 5 - flags: 1 (alive? 1)
L 08/13/2021 - 17:30:37: [l4d2_skill_detect.smx] Clear: 3 freed 5 from 7: time: 0.41 / 4.33 -- class: smoker (with shove? 0)
L 08/13/2021 - 17:30:54: [l4d2_skill_detect.smx] Clear: 5 freed 5 from 7: time: -1.00 / 0.70 -- class: smoker (with shove? 1)
L 08/13/2021 - 17:31:19: [l4d2_skill_detect.smx] Charge carry start: 8 - 2 -- time: 575.03
L 08/13/2021 - 17:31:20: [l4d2_skill_detect.smx] Clear: 1 freed 2 from 8: time: 0.53 / 1.28 -- class: charger (with shove? 0)
L 08/13/2021 - 17:31:22: [l4d2_skill_detect.smx] Checking charge victim: 8 - 2 - flags: 1 (alive? 1)
L 08/13/2021 - 17:31:25: [l4d2_skill_detect.smx] Clear: 3 freed 2 from 9: time: 1.09 / -1.00 -- class: hunter (with shove? 0)
L 08/13/2021 - 17:31:35: [l4d2_skill_detect.smx] Clear: 1 freed 2 from 6: time: -1.00 / 3.89 -- class: smoker (with shove? 0)
L 08/13/2021 - 17:31:53: [l4d2_skill_detect.smx] Clear: 2 freed 1 from 8: time: 2.25 / -1.00 -- class: hunter (with shove? 0)
L 08/13/2021 - 17:32:31: [l4d2_skill_detect.smx] Clear: 1 freed 3 from 8: time: -1.00 / 1.65 -- class: smoker (with shove? 0)
L 08/13/2021 - 17:32:52: [l4d2_skill_detect.smx] Clear: 2 freed 1 from 7: time: 8.40 / -1.00 -- class: hunter (with shove? 0)
L 08/13/2021 - 17:33:11: [l4d2_skill_detect.smx] Charge carry start: 7 - 2 -- time: 687.01
L 08/13/2021 - 17:33:14: [l4d2_skill_detect.smx] Checking charge victim: 7 - 2 - flags: 1 (alive? 1)
L 08/13/2021 - 17:34:54: [l4d2_skill_detect.smx] Clear: 7 freed 6 from 2: time: 1.17 / -1.00 -- class: hunter (with shove? 0)
L 08/13/2021 - 17:35:31: [l4d2_skill_detect.smx] Clear: 8 freed 9 from 2: time: 4.36 / -1.00 -- class: jockey (with shove? 0)
L 08/13/2021 - 17:36:40: [l4d2_skill_detect.smx] Clear: 7 freed 9 from 3: time: 2.22 / -1.00 -- class: hunter (with shove? 0)
L 08/13/2021 - 17:37:00: [l4d2_skill_detect.smx] Charge carry start: 5 - 8 -- time: 915.83
L 08/13/2021 - 17:37:03: [l4d2_skill_detect.smx] Checking charge victim: 5 - 8 - flags: 1 (alive? 1)
L 08/13/2021 - 17:38:18: -------- Mapchange to c1m1_hotel --------
L 08/13/2021 - 17:38:20: [basecommands.smx] "Console<0><Console><Console>" changed cvar (cvar "sv_force_time_of_day") (value "0")
L 08/13/2021 - 17:38:20: [basecommands.smx] "Console<0><Console><Console>" changed cvar (cvar "z_witch_damage_per_kill_hit") (value "120")
L 08/13/2021 - 17:38:20: [basecommands.smx] "Console<0><Console><Console>" changed cvar (cvar "z_witch_anger_rate") (value "0.4")
L 08/13/2021 - 17:38:20: [basecommands.smx] "Console<0><Console><Console>" changed cvar (cvar "z_witch_flashlight_range") (value "2000")
L 08/13/2021 - 17:38:20: [basecommands.smx] "Console<0><Console><Console>" changed cvar (cvar "z_witch_burn_time") (value "100")
L 08/13/2021 - 17:38:20: [basecommands.smx] "Console<0><Console><Console>" changed cvar (cvar "z_tank_health") (value "4000")
L 08/13/2021 - 17:38:20: [basecommands.smx] "Console<0><Console><Console>" changed cvar (cvar "z_ghost_delay_min") (value "15")
L 08/13/2021 - 17:38:20: [basecommands.smx] "Console<0><Console><Console>" changed cvar (cvar "z_ghost_delay_max") (value "15")
L 08/13/2021 - 17:38:20: [basecommands.smx] "Console<0><Console><Console>" changed cvar (cvar "z_hunter_limit") (value "1")
L 08/13/2021 - 17:38:20: [basecommands.smx] "Console<0><Console><Console>" changed cvar (cvar "z_smoker_limit") (value "1")
L 08/13/2021 - 17:38:20: [basecommands.smx] "Console<0><Console><Console>" changed cvar (cvar "z_jockey_limit") (value "1")
L 08/13/2021 - 17:38:20: [basecommands.smx] "Console<0><Console><Console>" changed cvar (cvar "versus_tank_chance_intro") (value "1")
L 08/13/2021 - 17:38:20: [basecommands.smx] "Console<0><Console><Console>" changed cvar (cvar "versus_tank_chance_finale") (value "1")
L 08/13/2021 - 17:38:20: [basecommands.smx] "Console<0><Console><Console>" changed cvar (cvar "versus_tank_chance") (value "1")
L 08/13/2021 - 17:38:20: [basecommands.smx] "Console<0><Console><Console>" changed cvar (cvar "versus_witch_chance_intro") (value "0")
L 08/13/2021 - 17:38:20: [basecommands.smx] "Console<0><Console><Console>" changed cvar (cvar "versus_witch_chance_finale") (value "0")
L 08/13/2021 - 17:38:20: [basecommands.smx] "Console<0><Console><Console>" changed cvar (cvar "versus_witch_chance") (value "1")
L 08/13/2021 - 17:38:20: [basecommands.smx] "Console<0><Console><Console>" changed cvar (cvar "director_force_tank") (value "1")
L 08/13/2021 - 17:38:20: [basecommands.smx] "Console<0><Console><Console>" changed cvar (cvar "versus_boss_flow_min") (value "0.4")
L 08/13/2021 - 17:38:20: [basecommands.smx] "Console<0><Console><Console>" changed cvar (cvar "versus_boss_flow_max") (value "0.6")
L 08/13/2021 - 17:38:20: [basecommands.smx] "Console<0><Console><Console>" changed cvar (cvar "versus_boss_flow_min_intro") (value "0.1")
L 08/13/2021 - 17:38:20: [basecommands.smx] "Console<0><Console><Console>" changed cvar (cvar "versus_boss_flow_max_intro") (value "0.2")
L 08/13/2021 - 17:38:20: [basecommands.smx] "Console<0><Console><Console>" changed cvar (cvar "versus_boss_flow_min_finale") (value "0.1")
L 08/13/2021 - 17:38:20: [basecommands.smx] "Console<0><Console><Console>" changed cvar (cvar "versus_boss_flow_max_finale") (value "0.2")
L 08/13/2021 - 17:38:20: [basecommands.smx] "Console<0><Console><Console>" changed cvar (cvar "boomer_vomit_delay") (value "0.1")
L 08/13/2021 - 17:38:20: [basecommands.smx] "Console<0><Console><Console>" changed cvar (cvar "smoker_tongue_delay") (value "0.1")
L 08/13/2021 - 17:38:20: [basecommands.smx] "Console<0><Console><Console>" changed cvar (cvar "vs_survival_bonus") (value "35")
L 08/13/2021 - 17:38:20: [basecommands.smx] "Console<0><Console><Console>" changed cvar (cvar "z_tank_throw_health") (value "10")
L 08/13/2021 - 17:38:20: [basecommands.smx] "Console<0><Console><Console>" changed cvar (cvar "sv_client_min_interp_ratio") (value "-1")
L 08/13/2021 - 17:38:20: [basecommands.smx] "Console<0><Console><Console>" changed cvar (cvar "sv_client_max_interp_ratio") (value "0")
L 08/13/2021 - 17:38:20: [basecommands.smx] "Console<0><Console><Console>" changed cvar (cvar "sv_minrate") (value "100000")
L 08/13/2021 - 17:38:21: [basecommands.smx] "Console<0><Console><Console>" changed cvar (cvar "sv_maxrate") (value "100000")
L 08/13/2021 - 17:38:21: [basecommands.smx] "Console<0><Console><Console>" changed cvar (cvar "sv_mincmdrate") (value "100")
L 08/13/2021 - 17:38:21: [basecommands.smx] "Console<0><Console><Console>" changed cvar (cvar "sv_maxcmdrate") (value "100")
L 08/13/2021 - 17:38:21: [basecommands.smx] "Console<0><Console><Console>" changed cvar (cvar "sv_minupdaterate") (value "100")
L 08/13/2021 - 17:38:21: [basecommands.smx] "Console<0><Console><Console>" changed cvar (cvar "sv_maxupdaterate") (value "100")
L 08/13/2021 - 17:38:21: [basecommands.smx] "Console<0><Console><Console>" changed cvar (cvar "nb_update_frequency") (value "0.014")
L 08/13/2021 - 17:38:21: [basecommands.smx] "Console<0><Console><Console>" changed cvar (cvar "net_splitpacket_maxrate") (value "50000")
L 08/13/2021 - 17:38:21: [basecommands.smx] "Console<0><Console><Console>" changed cvar (cvar "fps_max") (value "0")
L 08/13/2021 - 17:38:21: [basecommands.smx] "Console<0><Console><Console>" changed cvar (cvar "hostname") (value "Versus")
L 08/13/2021 - 17:38:57: Log file closed.
