L 07/24/2020 - 00:17:05: SourceMod log file session started (file "L20200724.log") (Version "1.8.0.6041")
L 07/24/2020 - 00:17:05: -------- Mapchange to c5m1_waterfront --------
L 07/24/2020 - 00:17:13: [l4d2_itemgiver.smx] Detected Left4Dead2!
L 07/24/2020 - 00:17:13: [simplewelcomemsg.smx] Set the maximum number of lines of.
L 07/24/2020 - 00:17:29: [SM] Changed map to "c5m1_waterfront"
L 07/24/2020 - 00:17:31: -------- Mapchange to c5m1_waterfront --------
L 07/24/2020 - 00:18:56: [playercommands.smx] "♛ Rain ♛<2><STEAM_1:0:162762726><>" slayed "Spitter Tankㅣ스피터탱크<6><BOT><>"
L 07/24/2020 - 00:19:26: [l4d2_skill_detect.smx] calarm trigger: caller 589 / activator 589 / delay: 0.00
L 07/24/2020 - 00:20:09: Log file closed.
L 07/24/2020 - 13:35:30: SourceMod log file session started (file "L20200724.log") (Version "1.8.0.6041")
L 07/24/2020 - 13:35:30: -------- Mapchange to c8m1_apartment --------
L 07/24/2020 - 13:35:35: [l4d2_itemgiver.smx] Detected Left4Dead2!
L 07/24/2020 - 13:35:35: [simplewelcomemsg.smx] Set the maximum number of lines of.
L 07/24/2020 - 13:36:00: [SM] Changed map to "c8m1_apartment"
L 07/24/2020 - 13:36:02: -------- Mapchange to c8m1_apartment --------
L 07/24/2020 - 13:37:44: [l4d2_skill_detect.smx] Clear: 4 freed 1 from 8: time: 1.43 / -1.00 -- class: hunter (with shove? 0)
L 07/24/2020 - 13:38:11: [l4d2_skill_detect.smx] Clear: 3 freed 1 from 7: time: 0.46 / 4.13 -- class: smoker (with shove? 1)
L 07/24/2020 - 13:39:13: [l4d2_skill_detect.smx] Charge carry start: 6 - 3 -- time: 181.73
L 07/24/2020 - 13:39:18: [l4d2_skill_detect.smx] Checking charge victim: 6 - 3 - flags: 1 (alive? 1)
L 07/24/2020 - 13:39:26: Log file closed.
L 07/24/2020 - 13:46:49: SourceMod log file session started (file "L20200724.log") (Version "1.8.0.6041")
L 07/24/2020 - 13:46:49: -------- Mapchange to c8m1_apartment --------
L 07/24/2020 - 13:46:50: [l4d2_itemgiver.smx] Detected Left4Dead2!
L 07/24/2020 - 13:46:51: [simplewelcomemsg.smx] Set the maximum number of lines of.
L 07/24/2020 - 13:47:00: [SM] Changed map to "c8m1_apartment"
L 07/24/2020 - 13:47:02: -------- Mapchange to c8m1_apartment --------
L 07/24/2020 - 13:47:27: [funcommands.smx] "♛ Rain ♛<2><STEAM_1:0:162762726><>" toggled noclip on "♛ Rain ♛<2><STEAM_1:0:162762726><>"
L 07/24/2020 - 13:47:31: [funcommands.smx] "♛ Rain ♛<2><STEAM_1:0:162762726><>" toggled noclip on "♛ Rain ♛<2><STEAM_1:0:162762726><>"
L 07/24/2020 - 13:49:55: -------- Mapchange to c8m1_apartment --------
L 07/24/2020 - 13:50:16: [funcommands.smx] "♛ Rain ♛<10><STEAM_1:0:162762726><>" toggled noclip on "♛ Rain ♛<10><STEAM_1:0:162762726><>"
L 07/24/2020 - 13:50:39: [funcommands.smx] "♛ Rain ♛<10><STEAM_1:0:162762726><>" toggled noclip on "♛ Rain ♛<10><STEAM_1:0:162762726><>"
L 07/24/2020 - 13:50:47: [funcommands.smx] "♛ Rain ♛<10><STEAM_1:0:162762726><>" toggled noclip on "♛ Rain ♛<10><STEAM_1:0:162762726><>"
L 07/24/2020 - 13:50:49: [funcommands.smx] "♛ Rain ♛<10><STEAM_1:0:162762726><>" toggled noclip on "♛ Rain ♛<10><STEAM_1:0:162762726><>"
L 07/24/2020 - 13:50:51: [funcommands.smx] "♛ Rain ♛<10><STEAM_1:0:162762726><>" toggled noclip on "♛ Rain ♛<10><STEAM_1:0:162762726><>"
L 07/24/2020 - 13:50:53: [funcommands.smx] "♛ Rain ♛<10><STEAM_1:0:162762726><>" toggled noclip on "♛ Rain ♛<10><STEAM_1:0:162762726><>"
L 07/24/2020 - 13:51:15: [funcommands.smx] "♛ Rain ♛<10><STEAM_1:0:162762726><>" toggled noclip on "♛ Rain ♛<10><STEAM_1:0:162762726><>"
L 07/24/2020 - 13:51:15: [funcommands.smx] "♛ Rain ♛<10><STEAM_1:0:162762726><>" toggled noclip on "Bill<12><BOT><>"
L 07/24/2020 - 13:51:16: [funcommands.smx] "♛ Rain ♛<10><STEAM_1:0:162762726><>" toggled noclip on "Francis<13><BOT><>"
L 07/24/2020 - 13:51:56: Log file closed.
L 07/24/2020 - 14:30:49: SourceMod log file session started (file "L20200724.log") (Version "1.8.0.6041")
L 07/24/2020 - 14:30:49: Log file closed.
L 07/24/2020 - 14:35:44: SourceMod log file session started (file "L20200724.log") (Version "1.8.0.6041")
L 07/24/2020 - 14:35:44: Log file closed.
L 07/24/2020 - 21:53:59: SourceMod log file session started (file "L20200724.log") (Version "1.8.0.6041")
L 07/24/2020 - 21:53:59: Log file closed.
L 07/24/2020 - 22:05:58: SourceMod log file session started (file "L20200724.log") (Version "1.8.0.6041")
L 07/24/2020 - 22:05:58: -------- Mapchange to c1m1_hotel --------
L 07/24/2020 - 22:06:05: [l4d2_itemgiver.smx] Detected Left4Dead2!
L 07/24/2020 - 22:06:06: [simplewelcomemsg.smx] Set the maximum number of lines of.
L 07/24/2020 - 22:06:30: [SM] Changed map to "c1m1_hotel"
L 07/24/2020 - 22:06:33: -------- Mapchange to c1m1_hotel --------
L 07/24/2020 - 22:07:52: Log file closed.
L 07/24/2020 - 22:14:35: SourceMod log file session started (file "L20200724.log") (Version "1.8.0.6041")
L 07/24/2020 - 22:14:35: -------- Mapchange to c1m1_hotel --------
L 07/24/2020 - 22:14:38: [l4d2_itemgiver.smx] Detected Left4Dead2!
L 07/24/2020 - 22:14:39: [simplewelcomemsg.smx] Set the maximum number of lines of.
L 07/24/2020 - 22:14:52: [SM] Changed map to "c1m1_hotel"
L 07/24/2020 - 22:14:55: -------- Mapchange to c1m1_hotel --------
L 07/24/2020 - 22:17:15: Log file closed.
L 07/24/2020 - 22:18:05: SourceMod log file session started (file "L20200724.log") (Version "1.8.0.6041")
L 07/24/2020 - 22:18:05: -------- Mapchange to c5m1_waterfront --------
L 07/24/2020 - 22:18:06: [l4d2_itemgiver.smx] Detected Left4Dead2!
L 07/24/2020 - 22:18:07: [simplewelcomemsg.smx] Set the maximum number of lines of.
L 07/24/2020 - 22:18:13: [SM] Changed map to "c5m1_waterfront"
L 07/24/2020 - 22:18:16: -------- Mapchange to c5m1_waterfront --------
L 07/24/2020 - 22:19:28: Log file closed.
L 07/24/2020 - 22:20:23: SourceMod log file session started (file "L20200724.log") (Version "1.8.0.6041")
L 07/24/2020 - 22:20:23: -------- Mapchange to c1m1_hotel --------
L 07/24/2020 - 22:20:28: [l4d2_itemgiver.smx] Detected Left4Dead2!
L 07/24/2020 - 22:20:28: [simplewelcomemsg.smx] Set the maximum number of lines of.
L 07/24/2020 - 22:20:34: [SM] Changed map to "c1m1_hotel"
L 07/24/2020 - 22:20:37: -------- Mapchange to c1m1_hotel --------
L 07/24/2020 - 22:22:51: Log file closed.
L 07/24/2020 - 22:24:57: SourceMod log file session started (file "L20200724.log") (Version "1.8.0.6041")
L 07/24/2020 - 22:24:57: -------- Mapchange to c5m1_waterfront --------
L 07/24/2020 - 22:24:59: [l4d2_itemgiver.smx] Detected Left4Dead2!
L 07/24/2020 - 22:24:59: [simplewelcomemsg.smx] Set the maximum number of lines of.
L 07/24/2020 - 22:25:11: [SM] Changed map to "c5m1_waterfront"
L 07/24/2020 - 22:25:14: -------- Mapchange to c5m1_waterfront --------
L 07/24/2020 - 22:26:56: Log file closed.
L 07/24/2020 - 23:08:21: SourceMod log file session started (file "L20200724.log") (Version "1.8.0.6041")
L 07/24/2020 - 23:08:21: -------- Mapchange to c1m1_hotel --------
L 07/24/2020 - 23:08:25: [l4d2_itemgiver.smx] Detected Left4Dead2!
L 07/24/2020 - 23:08:25: [simplewelcomemsg.smx] Set the maximum number of lines of.
L 07/24/2020 - 23:08:42: [SM] Changed map to "c1m1_hotel"
L 07/24/2020 - 23:08:45: -------- Mapchange to c1m1_hotel --------
L 07/24/2020 - 23:12:16: Log file closed.
