L 07/28/2021 - 23:17:38: SourceMod log file session started (file "D:\Steam\steamapps\common\Left 4 Dead 2\left4dead2\addons\sourcemod\logs\L20210728.log") (Version "1.10.0.6492")
L 07/28/2021 - 23:17:38: [simplewelcomemsg.smx] Set the maximum number of lines of.
L 07/28/2021 - 23:17:47: [basecommands.smx] "Console<0><Console><Console>" changed cvar (cvar "sv_force_time_of_day") (value "0")
L 07/28/2021 - 23:17:47: [basecommands.smx] "Console<0><Console><Console>" changed cvar (cvar "z_witch_damage_per_kill_hit") (value "120")
L 07/28/2021 - 23:17:47: [basecommands.smx] "Console<0><Console><Console>" changed cvar (cvar "z_witch_anger_rate") (value "0.4")
L 07/28/2021 - 23:17:47: [basecommands.smx] "Console<0><Console><Console>" changed cvar (cvar "z_witch_flashlight_range") (value "2000")
L 07/28/2021 - 23:17:47: [basecommands.smx] "Console<0><Console><Console>" changed cvar (cvar "z_witch_burn_time") (value "100")
L 07/28/2021 - 23:17:47: [basecommands.smx] "Console<0><Console><Console>" changed cvar (cvar "z_tank_health") (value "4000")
L 07/28/2021 - 23:17:47: [basecommands.smx] "Console<0><Console><Console>" changed cvar (cvar "z_ghost_delay_min") (value "15")
L 07/28/2021 - 23:17:47: [basecommands.smx] "Console<0><Console><Console>" changed cvar (cvar "z_ghost_delay_max") (value "15")
L 07/28/2021 - 23:17:47: [basecommands.smx] "Console<0><Console><Console>" changed cvar (cvar "z_hunter_limit") (value "1")
L 07/28/2021 - 23:17:47: [basecommands.smx] "Console<0><Console><Console>" changed cvar (cvar "z_smoker_limit") (value "1")
L 07/28/2021 - 23:17:47: [basecommands.smx] "Console<0><Console><Console>" changed cvar (cvar "z_jockey_limit") (value "1")
L 07/28/2021 - 23:17:47: [basecommands.smx] "Console<0><Console><Console>" changed cvar (cvar "versus_tank_chance_intro") (value "1")
L 07/28/2021 - 23:17:47: [basecommands.smx] "Console<0><Console><Console>" changed cvar (cvar "versus_tank_chance_finale") (value "1")
L 07/28/2021 - 23:17:47: [basecommands.smx] "Console<0><Console><Console>" changed cvar (cvar "versus_tank_chance") (value "1")
L 07/28/2021 - 23:17:47: [basecommands.smx] "Console<0><Console><Console>" changed cvar (cvar "versus_witch_chance_intro") (value "0")
L 07/28/2021 - 23:17:47: [basecommands.smx] "Console<0><Console><Console>" changed cvar (cvar "versus_witch_chance_finale") (value "0")
L 07/28/2021 - 23:17:47: [basecommands.smx] "Console<0><Console><Console>" changed cvar (cvar "versus_witch_chance") (value "1")
L 07/28/2021 - 23:17:47: [basecommands.smx] "Console<0><Console><Console>" changed cvar (cvar "director_force_tank") (value "1")
L 07/28/2021 - 23:17:47: [basecommands.smx] "Console<0><Console><Console>" changed cvar (cvar "versus_boss_flow_min") (value "0.4")
L 07/28/2021 - 23:17:47: [basecommands.smx] "Console<0><Console><Console>" changed cvar (cvar "versus_boss_flow_max") (value "0.6")
L 07/28/2021 - 23:17:47: [basecommands.smx] "Console<0><Console><Console>" changed cvar (cvar "versus_boss_flow_min_intro") (value "0.1")
L 07/28/2021 - 23:17:47: [basecommands.smx] "Console<0><Console><Console>" changed cvar (cvar "versus_boss_flow_max_intro") (value "0.2")
L 07/28/2021 - 23:17:47: [basecommands.smx] "Console<0><Console><Console>" changed cvar (cvar "versus_boss_flow_min_finale") (value "0.1")
L 07/28/2021 - 23:17:47: [basecommands.smx] "Console<0><Console><Console>" changed cvar (cvar "versus_boss_flow_max_finale") (value "0.2")
L 07/28/2021 - 23:17:47: [basecommands.smx] "Console<0><Console><Console>" changed cvar (cvar "boomer_vomit_delay") (value "0.1")
L 07/28/2021 - 23:17:47: [basecommands.smx] "Console<0><Console><Console>" changed cvar (cvar "smoker_tongue_delay") (value "0.1")
L 07/28/2021 - 23:17:47: [basecommands.smx] "Console<0><Console><Console>" changed cvar (cvar "vs_survival_bonus") (value "35")
L 07/28/2021 - 23:17:47: [basecommands.smx] "Console<0><Console><Console>" changed cvar (cvar "z_tank_throw_health") (value "10")
L 07/28/2021 - 23:17:47: [basecommands.smx] "Console<0><Console><Console>" changed cvar (cvar "sv_client_min_interp_ratio") (value "-1")
L 07/28/2021 - 23:17:47: [basecommands.smx] "Console<0><Console><Console>" changed cvar (cvar "sv_client_max_interp_ratio") (value "0")
L 07/28/2021 - 23:17:47: [basecommands.smx] "Console<0><Console><Console>" changed cvar (cvar "sv_minrate") (value "100000")
L 07/28/2021 - 23:17:47: [basecommands.smx] "Console<0><Console><Console>" changed cvar (cvar "sv_maxrate") (value "100000")
L 07/28/2021 - 23:17:47: [basecommands.smx] "Console<0><Console><Console>" changed cvar (cvar "sv_mincmdrate") (value "100")
L 07/28/2021 - 23:17:47: [basecommands.smx] "Console<0><Console><Console>" changed cvar (cvar "sv_maxcmdrate") (value "100")
L 07/28/2021 - 23:17:47: [basecommands.smx] "Console<0><Console><Console>" changed cvar (cvar "sv_minupdaterate") (value "100")
L 07/28/2021 - 23:17:47: [basecommands.smx] "Console<0><Console><Console>" changed cvar (cvar "sv_maxupdaterate") (value "100")
L 07/28/2021 - 23:17:47: [basecommands.smx] "Console<0><Console><Console>" changed cvar (cvar "nb_update_frequency") (value "0.014")
L 07/28/2021 - 23:17:47: [basecommands.smx] "Console<0><Console><Console>" changed cvar (cvar "net_splitpacket_maxrate") (value "50000")
L 07/28/2021 - 23:17:47: [basecommands.smx] "Console<0><Console><Console>" changed cvar (cvar "fps_max") (value "0")
L 07/28/2021 - 23:17:47: [basecommands.smx] "Console<0><Console><Console>" changed cvar (cvar "hostname") (value "Versus")
L 07/28/2021 - 23:19:15: [l4d2_skill_detect.smx] Clear: 2 freed 4 from 6: time: 0.20 / -1.00 -- class: jockey (with shove? 1)
L 07/28/2021 - 23:20:26: [l4d2_skill_detect.smx] Clear: 2 freed 1 from 5: time: -1.00 / 3.33 -- class: smoker (with shove? 0)
L 07/28/2021 - 23:20:27: [l4d2_skill_detect.smx] Clear: 2 freed 4 from 6: time: 0.11 / -1.00 -- class: hunter (with shove? 1)
L 07/28/2021 - 23:20:27: [l4d2_skill_detect.smx] Clear: 3 freed 4 from 6: time: 0.13 / -1.00 -- class: hunter (with shove? 0)
L 07/28/2021 - 23:21:14: [l4d2_skill_detect.smx] calarm trigger: caller 849 / activator 849 / delay: 0.00
L 07/28/2021 - 23:21:17: [tankdoorfix.smx] Door bug circumvented.
L 07/28/2021 - 23:24:13: [l4d2_skill_detect.smx] Clear: 1 freed 3 from 6: time: -1.00 / 1.18 -- class: smoker (with shove? 0)
L 07/28/2021 - 23:24:37: Log file closed.
