L 11/19/2020 - 00:17:53: SourceMod log file session started (file "D:\Steam\steamapps\common\Left 4 Dead 2\left4dead2\addons\sourcemod\logs\L20201119.log") (Version "1.10.0.6492")
L 11/19/2020 - 00:17:53: [simplewelcomemsg.smx] Set the maximum number of lines of.
L 11/19/2020 - 00:18:03: [basecommands.smx] "Console<0><Console><Console>" changed cvar (cvar "sv_force_time_of_day") (value "0")
L 11/19/2020 - 00:18:03: [basecommands.smx] "Console<0><Console><Console>" changed cvar (cvar "z_witch_damage_per_kill_hit") (value "120")
L 11/19/2020 - 00:18:03: [basecommands.smx] "Console<0><Console><Console>" changed cvar (cvar "z_witch_anger_rate") (value "0.4")
L 11/19/2020 - 00:18:03: [basecommands.smx] "Console<0><Console><Console>" changed cvar (cvar "z_witch_flashlight_range") (value "2000")
L 11/19/2020 - 00:18:03: [basecommands.smx] "Console<0><Console><Console>" changed cvar (cvar "z_witch_burn_time") (value "100")
L 11/19/2020 - 00:18:03: [basecommands.smx] "Console<0><Console><Console>" changed cvar (cvar "z_tank_health") (value "4000")
L 11/19/2020 - 00:18:03: [basecommands.smx] "Console<0><Console><Console>" changed cvar (cvar "z_ghost_delay_min") (value "15")
L 11/19/2020 - 00:18:03: [basecommands.smx] "Console<0><Console><Console>" changed cvar (cvar "z_ghost_delay_max") (value "15")
L 11/19/2020 - 00:18:03: [basecommands.smx] "Console<0><Console><Console>" changed cvar (cvar "z_hunter_limit") (value "1")
L 11/19/2020 - 00:18:03: [basecommands.smx] "Console<0><Console><Console>" changed cvar (cvar "z_smoker_limit") (value "1")
L 11/19/2020 - 00:18:03: [basecommands.smx] "Console<0><Console><Console>" changed cvar (cvar "z_jockey_limit") (value "1")
L 11/19/2020 - 00:18:03: [basecommands.smx] "Console<0><Console><Console>" changed cvar (cvar "versus_tank_chance_intro") (value "1")
L 11/19/2020 - 00:18:03: [basecommands.smx] "Console<0><Console><Console>" changed cvar (cvar "versus_tank_chance_finale") (value "1")
L 11/19/2020 - 00:18:03: [basecommands.smx] "Console<0><Console><Console>" changed cvar (cvar "versus_tank_chance") (value "1")
L 11/19/2020 - 00:18:03: [basecommands.smx] "Console<0><Console><Console>" changed cvar (cvar "versus_witch_chance_intro") (value "0")
L 11/19/2020 - 00:18:03: [basecommands.smx] "Console<0><Console><Console>" changed cvar (cvar "versus_witch_chance_finale") (value "0")
L 11/19/2020 - 00:18:03: [basecommands.smx] "Console<0><Console><Console>" changed cvar (cvar "versus_witch_chance") (value "1")
L 11/19/2020 - 00:18:03: [basecommands.smx] "Console<0><Console><Console>" changed cvar (cvar "director_force_tank") (value "1")
L 11/19/2020 - 00:18:03: [basecommands.smx] "Console<0><Console><Console>" changed cvar (cvar "versus_boss_flow_min") (value "0.4")
L 11/19/2020 - 00:18:03: [basecommands.smx] "Console<0><Console><Console>" changed cvar (cvar "versus_boss_flow_max") (value "0.6")
L 11/19/2020 - 00:18:03: [basecommands.smx] "Console<0><Console><Console>" changed cvar (cvar "versus_boss_flow_min_intro") (value "0.1")
L 11/19/2020 - 00:18:03: [basecommands.smx] "Console<0><Console><Console>" changed cvar (cvar "versus_boss_flow_max_intro") (value "0.2")
L 11/19/2020 - 00:18:03: [basecommands.smx] "Console<0><Console><Console>" changed cvar (cvar "versus_boss_flow_min_finale") (value "0.1")
L 11/19/2020 - 00:18:03: [basecommands.smx] "Console<0><Console><Console>" changed cvar (cvar "versus_boss_flow_max_finale") (value "0.2")
L 11/19/2020 - 00:18:03: [basecommands.smx] "Console<0><Console><Console>" changed cvar (cvar "boomer_vomit_delay") (value "0.1")
L 11/19/2020 - 00:18:03: [basecommands.smx] "Console<0><Console><Console>" changed cvar (cvar "smoker_tongue_delay") (value "0.1")
L 11/19/2020 - 00:18:03: [basecommands.smx] "Console<0><Console><Console>" changed cvar (cvar "vs_survival_bonus") (value "35")
L 11/19/2020 - 00:18:03: [basecommands.smx] "Console<0><Console><Console>" changed cvar (cvar "z_tank_throw_health") (value "10")
L 11/19/2020 - 00:18:03: [basecommands.smx] "Console<0><Console><Console>" changed cvar (cvar "sv_client_min_interp_ratio") (value "-1")
L 11/19/2020 - 00:18:03: [basecommands.smx] "Console<0><Console><Console>" changed cvar (cvar "sv_client_max_interp_ratio") (value "0")
L 11/19/2020 - 00:18:03: [basecommands.smx] "Console<0><Console><Console>" changed cvar (cvar "sv_minrate") (value "60000")
L 11/19/2020 - 00:18:03: [basecommands.smx] "Console<0><Console><Console>" changed cvar (cvar "sv_maxrate") (value "60000")
L 11/19/2020 - 00:18:03: [basecommands.smx] "Console<0><Console><Console>" changed cvar (cvar "sv_mincmdrate") (value "60")
L 11/19/2020 - 00:18:03: [basecommands.smx] "Console<0><Console><Console>" changed cvar (cvar "sv_maxcmdrate") (value "60")
L 11/19/2020 - 00:18:03: [basecommands.smx] "Console<0><Console><Console>" changed cvar (cvar "sv_minupdaterate") (value "60")
L 11/19/2020 - 00:18:03: [basecommands.smx] "Console<0><Console><Console>" changed cvar (cvar "sv_maxupdaterate") (value "60")
L 11/19/2020 - 00:18:03: [basecommands.smx] "Console<0><Console><Console>" changed cvar (cvar "hostname") (value "Versus")
L 11/19/2020 - 00:19:29: [l4d2_skill_detect.smx] Clear: 1 freed 5 from 2: time: 0.98 / -1.00 -- class: jockey (with shove? 0)
L 11/19/2020 - 00:20:18: [l4d2_skill_detect.smx] Clear: 4 freed 5 from 6: time: 1.00 / -1.00 -- class: jockey (with shove? 0)
L 11/19/2020 - 00:20:45: [l4d2_skill_detect.smx] Charge carry start: 2 - 4 -- time: 152.93
L 11/19/2020 - 00:20:48: [l4d2_skill_detect.smx] Checking charge victim: 2 - 4 - flags: 1 (alive? 1)
L 11/19/2020 - 00:20:48: [l4d2_skill_detect.smx] Clear: 5 freed 4 from 2: time: 1.75 / 3.41 -- class: charger (with shove? 0)
L 11/19/2020 - 00:20:49: [l4d2_skill_detect.smx] Checking charge victim: 2 - 1 - flags: 0 (alive? 1)
L 11/19/2020 - 00:21:15: [l4d2_skill_detect.smx] Clear: 1 freed 3 from 7: time: 3.68 / -1.00 -- class: hunter (with shove? 0)
L 11/19/2020 - 00:21:43: [l4d2_skill_detect.smx] Charge carry start: 6 - 5 -- time: 190.83
L 11/19/2020 - 00:21:47: [l4d2_skill_detect.smx] Checking charge victim: 6 - 5 - flags: 1 (alive? 1)
L 11/19/2020 - 00:21:47: [l4d2_skill_detect.smx] Checking charge victim: 6 - 3 - flags: 0 (alive? 1)
L 11/19/2020 - 00:21:47: [l4d2_skill_detect.smx] Checking charge victim: 6 - 4 - flags: 0 (alive? 1)
L 11/19/2020 - 00:21:48: [l4d2_skill_detect.smx] Clear: 4 freed 5 from 6: time: 3.36 / 5.35 -- class: charger (with shove? 0)
L 11/19/2020 - 00:21:57: [l4d2_skill_detect.smx] Clear: 1 freed 1 from 2: time: 0.03 / -1.00 -- class: jockey (with shove? 1)
L 11/19/2020 - 00:25:19: -------- Mapchange to c2m2_fairgrounds --------
L 11/19/2020 - 00:25:24: [basecommands.smx] "Console<0><Console><Console>" changed cvar (cvar "sv_force_time_of_day") (value "0")
L 11/19/2020 - 00:25:24: [basecommands.smx] "Console<0><Console><Console>" changed cvar (cvar "z_witch_damage_per_kill_hit") (value "120")
L 11/19/2020 - 00:25:24: [basecommands.smx] "Console<0><Console><Console>" changed cvar (cvar "z_witch_anger_rate") (value "0.4")
L 11/19/2020 - 00:25:24: [basecommands.smx] "Console<0><Console><Console>" changed cvar (cvar "z_witch_flashlight_range") (value "2000")
L 11/19/2020 - 00:25:24: [basecommands.smx] "Console<0><Console><Console>" changed cvar (cvar "z_witch_burn_time") (value "100")
L 11/19/2020 - 00:25:24: [basecommands.smx] "Console<0><Console><Console>" changed cvar (cvar "z_tank_health") (value "4000")
L 11/19/2020 - 00:25:24: [basecommands.smx] "Console<0><Console><Console>" changed cvar (cvar "z_ghost_delay_min") (value "15")
L 11/19/2020 - 00:25:24: [basecommands.smx] "Console<0><Console><Console>" changed cvar (cvar "z_ghost_delay_max") (value "15")
L 11/19/2020 - 00:25:24: [basecommands.smx] "Console<0><Console><Console>" changed cvar (cvar "z_hunter_limit") (value "1")
L 11/19/2020 - 00:25:24: [basecommands.smx] "Console<0><Console><Console>" changed cvar (cvar "z_smoker_limit") (value "1")
L 11/19/2020 - 00:25:24: [basecommands.smx] "Console<0><Console><Console>" changed cvar (cvar "z_jockey_limit") (value "1")
L 11/19/2020 - 00:25:24: [basecommands.smx] "Console<0><Console><Console>" changed cvar (cvar "versus_tank_chance_intro") (value "1")
L 11/19/2020 - 00:25:24: [basecommands.smx] "Console<0><Console><Console>" changed cvar (cvar "versus_tank_chance_finale") (value "1")
L 11/19/2020 - 00:25:24: [basecommands.smx] "Console<0><Console><Console>" changed cvar (cvar "versus_tank_chance") (value "1")
L 11/19/2020 - 00:25:24: [basecommands.smx] "Console<0><Console><Console>" changed cvar (cvar "versus_witch_chance_intro") (value "0")
L 11/19/2020 - 00:25:24: [basecommands.smx] "Console<0><Console><Console>" changed cvar (cvar "versus_witch_chance_finale") (value "0")
L 11/19/2020 - 00:25:24: [basecommands.smx] "Console<0><Console><Console>" changed cvar (cvar "versus_witch_chance") (value "1")
L 11/19/2020 - 00:25:24: [basecommands.smx] "Console<0><Console><Console>" changed cvar (cvar "director_force_tank") (value "1")
L 11/19/2020 - 00:25:24: [basecommands.smx] "Console<0><Console><Console>" changed cvar (cvar "versus_boss_flow_min") (value "0.4")
L 11/19/2020 - 00:25:24: [basecommands.smx] "Console<0><Console><Console>" changed cvar (cvar "versus_boss_flow_max") (value "0.6")
L 11/19/2020 - 00:25:24: [basecommands.smx] "Console<0><Console><Console>" changed cvar (cvar "versus_boss_flow_min_intro") (value "0.1")
L 11/19/2020 - 00:25:24: [basecommands.smx] "Console<0><Console><Console>" changed cvar (cvar "versus_boss_flow_max_intro") (value "0.2")
L 11/19/2020 - 00:25:24: [basecommands.smx] "Console<0><Console><Console>" changed cvar (cvar "versus_boss_flow_min_finale") (value "0.1")
L 11/19/2020 - 00:25:24: [basecommands.smx] "Console<0><Console><Console>" changed cvar (cvar "versus_boss_flow_max_finale") (value "0.2")
L 11/19/2020 - 00:25:24: [basecommands.smx] "Console<0><Console><Console>" changed cvar (cvar "boomer_vomit_delay") (value "0.1")
L 11/19/2020 - 00:25:24: [basecommands.smx] "Console<0><Console><Console>" changed cvar (cvar "smoker_tongue_delay") (value "0.1")
L 11/19/2020 - 00:25:24: [basecommands.smx] "Console<0><Console><Console>" changed cvar (cvar "vs_survival_bonus") (value "35")
L 11/19/2020 - 00:25:24: [basecommands.smx] "Console<0><Console><Console>" changed cvar (cvar "z_tank_throw_health") (value "10")
L 11/19/2020 - 00:25:24: [basecommands.smx] "Console<0><Console><Console>" changed cvar (cvar "sv_client_min_interp_ratio") (value "-1")
L 11/19/2020 - 00:25:24: [basecommands.smx] "Console<0><Console><Console>" changed cvar (cvar "sv_client_max_interp_ratio") (value "0")
L 11/19/2020 - 00:25:24: [basecommands.smx] "Console<0><Console><Console>" changed cvar (cvar "sv_minrate") (value "60000")
L 11/19/2020 - 00:25:24: [basecommands.smx] "Console<0><Console><Console>" changed cvar (cvar "sv_maxrate") (value "60000")
L 11/19/2020 - 00:25:24: [basecommands.smx] "Console<0><Console><Console>" changed cvar (cvar "sv_mincmdrate") (value "60")
L 11/19/2020 - 00:25:24: [basecommands.smx] "Console<0><Console><Console>" changed cvar (cvar "sv_maxcmdrate") (value "60")
L 11/19/2020 - 00:25:24: [basecommands.smx] "Console<0><Console><Console>" changed cvar (cvar "sv_minupdaterate") (value "60")
L 11/19/2020 - 00:25:24: [basecommands.smx] "Console<0><Console><Console>" changed cvar (cvar "sv_maxupdaterate") (value "60")
L 11/19/2020 - 00:25:24: [basecommands.smx] "Console<0><Console><Console>" changed cvar (cvar "fps_max") (value "0")
L 11/19/2020 - 00:25:24: [basecommands.smx] "Console<0><Console><Console>" changed cvar (cvar "hostname") (value "Versus")
L 11/19/2020 - 00:26:21: [l4d2_skill_detect.smx] Clear: 3 freed 4 from 6: time: 1.01 / -1.00 -- class: hunter (with shove? 0)
L 11/19/2020 - 00:26:26: [admin_hp.smx]  
L 11/19/2020 - 00:26:27: [admin_hp.smx]  
L 11/19/2020 - 00:26:28: [admin_hp.smx]  
L 11/19/2020 - 00:26:29: [admin_hp.smx]  
L 11/19/2020 - 00:26:46: Log file closed.
L 11/19/2020 - 00:29:04: SourceMod log file session started (file "D:\Steam\steamapps\common\Left 4 Dead 2\left4dead2\addons\sourcemod\logs\L20201119.log") (Version "1.10.0.6492")
L 11/19/2020 - 00:29:04: [simplewelcomemsg.smx] Set the maximum number of lines of.
L 11/19/2020 - 00:29:09: [basecommands.smx] "Console<0><Console><Console>" changed cvar (cvar "sv_force_time_of_day") (value "0")
L 11/19/2020 - 00:29:09: [basecommands.smx] "Console<0><Console><Console>" changed cvar (cvar "z_witch_damage_per_kill_hit") (value "120")
L 11/19/2020 - 00:29:09: [basecommands.smx] "Console<0><Console><Console>" changed cvar (cvar "z_witch_anger_rate") (value "0.4")
L 11/19/2020 - 00:29:09: [basecommands.smx] "Console<0><Console><Console>" changed cvar (cvar "z_witch_flashlight_range") (value "2000")
L 11/19/2020 - 00:29:09: [basecommands.smx] "Console<0><Console><Console>" changed cvar (cvar "z_witch_burn_time") (value "100")
L 11/19/2020 - 00:29:09: [basecommands.smx] "Console<0><Console><Console>" changed cvar (cvar "z_tank_health") (value "4000")
L 11/19/2020 - 00:29:09: [basecommands.smx] "Console<0><Console><Console>" changed cvar (cvar "z_ghost_delay_min") (value "15")
L 11/19/2020 - 00:29:09: [basecommands.smx] "Console<0><Console><Console>" changed cvar (cvar "z_ghost_delay_max") (value "15")
L 11/19/2020 - 00:29:09: [basecommands.smx] "Console<0><Console><Console>" changed cvar (cvar "z_hunter_limit") (value "1")
L 11/19/2020 - 00:29:09: [basecommands.smx] "Console<0><Console><Console>" changed cvar (cvar "z_smoker_limit") (value "1")
L 11/19/2020 - 00:29:09: [basecommands.smx] "Console<0><Console><Console>" changed cvar (cvar "z_jockey_limit") (value "1")
L 11/19/2020 - 00:29:09: [basecommands.smx] "Console<0><Console><Console>" changed cvar (cvar "versus_tank_chance_intro") (value "1")
L 11/19/2020 - 00:29:09: [basecommands.smx] "Console<0><Console><Console>" changed cvar (cvar "versus_tank_chance_finale") (value "1")
L 11/19/2020 - 00:29:09: [basecommands.smx] "Console<0><Console><Console>" changed cvar (cvar "versus_tank_chance") (value "1")
L 11/19/2020 - 00:29:09: [basecommands.smx] "Console<0><Console><Console>" changed cvar (cvar "versus_witch_chance_intro") (value "0")
L 11/19/2020 - 00:29:09: [basecommands.smx] "Console<0><Console><Console>" changed cvar (cvar "versus_witch_chance_finale") (value "0")
L 11/19/2020 - 00:29:09: [basecommands.smx] "Console<0><Console><Console>" changed cvar (cvar "versus_witch_chance") (value "1")
L 11/19/2020 - 00:29:09: [basecommands.smx] "Console<0><Console><Console>" changed cvar (cvar "director_force_tank") (value "1")
L 11/19/2020 - 00:29:09: [basecommands.smx] "Console<0><Console><Console>" changed cvar (cvar "versus_boss_flow_min") (value "0.4")
L 11/19/2020 - 00:29:09: [basecommands.smx] "Console<0><Console><Console>" changed cvar (cvar "versus_boss_flow_max") (value "0.6")
L 11/19/2020 - 00:29:09: [basecommands.smx] "Console<0><Console><Console>" changed cvar (cvar "versus_boss_flow_min_intro") (value "0.1")
L 11/19/2020 - 00:29:09: [basecommands.smx] "Console<0><Console><Console>" changed cvar (cvar "versus_boss_flow_max_intro") (value "0.2")
L 11/19/2020 - 00:29:09: [basecommands.smx] "Console<0><Console><Console>" changed cvar (cvar "versus_boss_flow_min_finale") (value "0.1")
L 11/19/2020 - 00:29:09: [basecommands.smx] "Console<0><Console><Console>" changed cvar (cvar "versus_boss_flow_max_finale") (value "0.2")
L 11/19/2020 - 00:29:09: [basecommands.smx] "Console<0><Console><Console>" changed cvar (cvar "boomer_vomit_delay") (value "0.1")
L 11/19/2020 - 00:29:09: [basecommands.smx] "Console<0><Console><Console>" changed cvar (cvar "smoker_tongue_delay") (value "0.1")
L 11/19/2020 - 00:29:09: [basecommands.smx] "Console<0><Console><Console>" changed cvar (cvar "vs_survival_bonus") (value "35")
L 11/19/2020 - 00:29:09: [basecommands.smx] "Console<0><Console><Console>" changed cvar (cvar "z_tank_throw_health") (value "10")
L 11/19/2020 - 00:29:09: [basecommands.smx] "Console<0><Console><Console>" changed cvar (cvar "sv_client_min_interp_ratio") (value "-1")
L 11/19/2020 - 00:29:10: [basecommands.smx] "Console<0><Console><Console>" changed cvar (cvar "sv_client_max_interp_ratio") (value "0")
L 11/19/2020 - 00:29:10: [basecommands.smx] "Console<0><Console><Console>" changed cvar (cvar "sv_minrate") (value "60000")
L 11/19/2020 - 00:29:10: [basecommands.smx] "Console<0><Console><Console>" changed cvar (cvar "sv_maxrate") (value "60000")
L 11/19/2020 - 00:29:10: [basecommands.smx] "Console<0><Console><Console>" changed cvar (cvar "sv_mincmdrate") (value "60")
L 11/19/2020 - 00:29:10: [basecommands.smx] "Console<0><Console><Console>" changed cvar (cvar "sv_maxcmdrate") (value "60")
L 11/19/2020 - 00:29:10: [basecommands.smx] "Console<0><Console><Console>" changed cvar (cvar "sv_minupdaterate") (value "60")
L 11/19/2020 - 00:29:10: [basecommands.smx] "Console<0><Console><Console>" changed cvar (cvar "sv_maxupdaterate") (value "60")
L 11/19/2020 - 00:29:10: [basecommands.smx] "Console<0><Console><Console>" changed cvar (cvar "fps_max") (value "0")
L 11/19/2020 - 00:29:10: [basecommands.smx] "Console<0><Console><Console>" changed cvar (cvar "hostname") (value "Versus")
L 11/19/2020 - 00:30:03: [l4d2_skill_detect.smx] Charge carry start: 2 - 5 -- time: 45.13
L 11/19/2020 - 00:30:06: [l4d2_skill_detect.smx] Checking charge victim: 2 - 5 - flags: 1 (alive? 1)
L 11/19/2020 - 00:30:28: [l4d2_skill_detect.smx] Clear: 4 freed 1 from 8: time: -1.00 / 1.06 -- class: smoker (with shove? 0)
L 11/19/2020 - 00:30:32: [l4d2_skill_detect.smx] Charge carry start: 6 - 3 -- time: 74.48
L 11/19/2020 - 00:30:35: [l4d2_skill_detect.smx] Checking charge victim: 6 - 3 - flags: 1 (alive? 1)
L 11/19/2020 - 00:30:36: [l4d2_skill_detect.smx] Checking charge victim: 6 - 4 - flags: 0 (alive? 1)
L 11/19/2020 - 00:30:39: [l4d2_skill_detect.smx] Clear: 4 freed 3 from 6: time: 5.38 / 6.90 -- class: charger (with shove? 0)
L 11/19/2020 - 00:30:54: Log file closed.
L 11/19/2020 - 00:34:54: SourceMod log file session started (file "D:\Steam\steamapps\common\Left 4 Dead 2\left4dead2\addons\sourcemod\logs\L20201119.log") (Version "1.10.0.6492")
L 11/19/2020 - 00:34:54: [simplewelcomemsg.smx] Set the maximum number of lines of.
L 11/19/2020 - 00:35:01: [basecommands.smx] "Console<0><Console><Console>" changed cvar (cvar "sv_force_time_of_day") (value "0")
L 11/19/2020 - 00:35:01: [basecommands.smx] "Console<0><Console><Console>" changed cvar (cvar "z_witch_damage_per_kill_hit") (value "120")
L 11/19/2020 - 00:35:01: [basecommands.smx] "Console<0><Console><Console>" changed cvar (cvar "z_witch_anger_rate") (value "0.4")
L 11/19/2020 - 00:35:01: [basecommands.smx] "Console<0><Console><Console>" changed cvar (cvar "z_witch_flashlight_range") (value "2000")
L 11/19/2020 - 00:35:01: [basecommands.smx] "Console<0><Console><Console>" changed cvar (cvar "z_witch_burn_time") (value "100")
L 11/19/2020 - 00:35:01: [basecommands.smx] "Console<0><Console><Console>" changed cvar (cvar "z_tank_health") (value "4000")
L 11/19/2020 - 00:35:01: [basecommands.smx] "Console<0><Console><Console>" changed cvar (cvar "z_ghost_delay_min") (value "15")
L 11/19/2020 - 00:35:01: [basecommands.smx] "Console<0><Console><Console>" changed cvar (cvar "z_ghost_delay_max") (value "15")
L 11/19/2020 - 00:35:01: [basecommands.smx] "Console<0><Console><Console>" changed cvar (cvar "z_hunter_limit") (value "1")
L 11/19/2020 - 00:35:01: [basecommands.smx] "Console<0><Console><Console>" changed cvar (cvar "z_smoker_limit") (value "1")
L 11/19/2020 - 00:35:01: [basecommands.smx] "Console<0><Console><Console>" changed cvar (cvar "z_jockey_limit") (value "1")
L 11/19/2020 - 00:35:01: [basecommands.smx] "Console<0><Console><Console>" changed cvar (cvar "versus_tank_chance_intro") (value "1")
L 11/19/2020 - 00:35:01: [basecommands.smx] "Console<0><Console><Console>" changed cvar (cvar "versus_tank_chance_finale") (value "1")
L 11/19/2020 - 00:35:01: [basecommands.smx] "Console<0><Console><Console>" changed cvar (cvar "versus_tank_chance") (value "1")
L 11/19/2020 - 00:35:01: [basecommands.smx] "Console<0><Console><Console>" changed cvar (cvar "versus_witch_chance_intro") (value "0")
L 11/19/2020 - 00:35:01: [basecommands.smx] "Console<0><Console><Console>" changed cvar (cvar "versus_witch_chance_finale") (value "0")
L 11/19/2020 - 00:35:01: [basecommands.smx] "Console<0><Console><Console>" changed cvar (cvar "versus_witch_chance") (value "1")
L 11/19/2020 - 00:35:01: [basecommands.smx] "Console<0><Console><Console>" changed cvar (cvar "director_force_tank") (value "1")
L 11/19/2020 - 00:35:01: [basecommands.smx] "Console<0><Console><Console>" changed cvar (cvar "versus_boss_flow_min") (value "0.4")
L 11/19/2020 - 00:35:01: [basecommands.smx] "Console<0><Console><Console>" changed cvar (cvar "versus_boss_flow_max") (value "0.6")
L 11/19/2020 - 00:35:01: [basecommands.smx] "Console<0><Console><Console>" changed cvar (cvar "versus_boss_flow_min_intro") (value "0.1")
L 11/19/2020 - 00:35:01: [basecommands.smx] "Console<0><Console><Console>" changed cvar (cvar "versus_boss_flow_max_intro") (value "0.2")
L 11/19/2020 - 00:35:01: [basecommands.smx] "Console<0><Console><Console>" changed cvar (cvar "versus_boss_flow_min_finale") (value "0.1")
L 11/19/2020 - 00:35:01: [basecommands.smx] "Console<0><Console><Console>" changed cvar (cvar "versus_boss_flow_max_finale") (value "0.2")
L 11/19/2020 - 00:35:01: [basecommands.smx] "Console<0><Console><Console>" changed cvar (cvar "boomer_vomit_delay") (value "0.1")
L 11/19/2020 - 00:35:01: [basecommands.smx] "Console<0><Console><Console>" changed cvar (cvar "smoker_tongue_delay") (value "0.1")
L 11/19/2020 - 00:35:01: [basecommands.smx] "Console<0><Console><Console>" changed cvar (cvar "vs_survival_bonus") (value "35")
L 11/19/2020 - 00:35:01: [basecommands.smx] "Console<0><Console><Console>" changed cvar (cvar "z_tank_throw_health") (value "10")
L 11/19/2020 - 00:35:01: [basecommands.smx] "Console<0><Console><Console>" changed cvar (cvar "sv_client_min_interp_ratio") (value "-1")
L 11/19/2020 - 00:35:01: [basecommands.smx] "Console<0><Console><Console>" changed cvar (cvar "sv_client_max_interp_ratio") (value "0")
L 11/19/2020 - 00:35:01: [basecommands.smx] "Console<0><Console><Console>" changed cvar (cvar "sv_minrate") (value "60000")
L 11/19/2020 - 00:35:01: [basecommands.smx] "Console<0><Console><Console>" changed cvar (cvar "sv_maxrate") (value "60000")
L 11/19/2020 - 00:35:01: [basecommands.smx] "Console<0><Console><Console>" changed cvar (cvar "sv_mincmdrate") (value "60")
L 11/19/2020 - 00:35:01: [basecommands.smx] "Console<0><Console><Console>" changed cvar (cvar "sv_maxcmdrate") (value "60")
L 11/19/2020 - 00:35:01: [basecommands.smx] "Console<0><Console><Console>" changed cvar (cvar "sv_minupdaterate") (value "60")
L 11/19/2020 - 00:35:01: [basecommands.smx] "Console<0><Console><Console>" changed cvar (cvar "sv_maxupdaterate") (value "60")
L 11/19/2020 - 00:35:01: [basecommands.smx] "Console<0><Console><Console>" changed cvar (cvar "fps_max") (value "0")
L 11/19/2020 - 00:35:01: [basecommands.smx] "Console<0><Console><Console>" changed cvar (cvar "hostname") (value "Versus")
L 11/19/2020 - 00:35:56: [l4d2_skill_detect.smx] Charge carry start: 6 - 4 -- time: 47.21
L 11/19/2020 - 00:35:58: [l4d2_skill_detect.smx] Clear: 1 freed 4 from 6: time: 0.06 / 1.08 -- class: charger (with shove? 0)
L 11/19/2020 - 00:35:59: [l4d2_skill_detect.smx] Checking charge victim: 6 - 4 - flags: 1 (alive? 1)
L 11/19/2020 - 00:36:00: [l4d2_skill_detect.smx] Clear: 1 freed 3 from 7: time: 4.45 / -1.00 -- class: jockey (with shove? 0)
L 11/19/2020 - 00:36:56: [l4d2_skill_detect.smx] Clear: 1 freed 3 from 5: time: -1.00 / 0.58 -- class: smoker (with shove? 0)
L 11/19/2020 - 00:37:02: [l4d2_skill_detect.smx] Clear: 4 freed 1 from 5: time: -1.00 / 1.65 -- class: smoker (with shove? 1)
L 11/19/2020 - 00:37:27: [l4d2_skill_detect.smx] Charge carry start: 7 - 1 -- time: 138.01
L 11/19/2020 - 00:37:31: [l4d2_skill_detect.smx] Clear: 2 freed 1 from 7: time: 1.41 / 3.69 -- class: charger (with shove? 0)
L 11/19/2020 - 00:37:32: [l4d2_skill_detect.smx] Checking charge victim: 7 - 1 - flags: 1 (alive? 1)
L 11/19/2020 - 00:37:36: [admin_hp.smx]  
L 11/19/2020 - 00:37:38: [l4d2_skill_detect.smx] Clear: 1 freed 3 from 5: time: 0.55 / -1.00 -- class: jockey (with shove? 0)
L 11/19/2020 - 00:37:58: [l4d2_skill_detect.smx] Clear: 1 freed 2 from 5: time: 0.91 / -1.00 -- class: hunter (with shove? 0)
L 11/19/2020 - 00:38:08: [l4d2_skill_detect.smx] Charge carry start: 7 - 2 -- time: 178.33
L 11/19/2020 - 00:38:38: [admin_hp.smx]  
L 11/19/2020 - 00:38:38: [l4d2_skill_detect.smx] Checking charge victim: 7 - 4 - flags: 0 (alive? 1)
L 11/19/2020 - 00:38:39: [l4d2_skill_detect.smx] Checking charge victim: 7 - 2 - flags: 1 (alive? 1)
L 11/19/2020 - 00:38:39: [l4d2_skill_detect.smx] Checking charge victim: 7 - 3 - flags: 0 (alive? 1)
L 11/19/2020 - 00:38:40: [admin_hp.smx]  
L 11/19/2020 - 00:38:42: [l4d2_skill_detect.smx] Clear: 4 freed 2 from 7: time: 5.25 / 6.16 -- class: charger (with shove? 0)
L 11/19/2020 - 00:39:39: [admin_hp.smx]  
L 11/19/2020 - 00:40:23: [l4d2_skill_detect.smx] Charge carry start: 7 - 2 -- time: 265.41
L 11/19/2020 - 00:40:26: [l4d2_skill_detect.smx] Checking charge victim: 7 - 4 - flags: 0 (alive? 1)
L 11/19/2020 - 00:40:27: [l4d2_skill_detect.smx] Checking charge victim: 7 - 2 - flags: 1 (alive? 1)
L 11/19/2020 - 00:40:27: [l4d2_skill_detect.smx] Clear: 3 freed 2 from 7: time: 2.10 / 4.01 -- class: charger (with shove? 0)
L 11/19/2020 - 00:41:02: [l4d2_skill_detect.smx] Clear: 3 freed 2 from 5: time: 1.45 / -1.00 -- class: jockey (with shove? 1)
L 11/19/2020 - 00:41:13: [l4d2_skill_detect.smx] Clear: 1 freed 1 from 8: time: -1.00 / 0.04 -- class: smoker (with shove? 0)
L 11/19/2020 - 00:41:30: [l4d2_skill_detect.smx] Charge carry start: 5 - 3 -- time: 331.33
L 11/19/2020 - 00:41:37: [l4d2_skill_detect.smx] Clear: 4 freed 3 from 5: time: 0.53 / 2.18 -- class: charger (with shove? 0)
L 11/19/2020 - 00:41:38: [l4d2_skill_detect.smx] Checking charge victim: 5 - 3 - flags: 1 (alive? 1)
L 11/19/2020 - 00:42:06: [l4d2_skill_detect.smx] Clear: 1 freed 3 from 5: time: 0.41 / 2.75 -- class: smoker (with shove? 0)
L 11/19/2020 - 00:42:22: [l4d2_skill_detect.smx] Charge carry start: 8 - 2 -- time: 373.68
L 11/19/2020 - 00:42:30: [l4d2_skill_detect.smx] Checking charge victim: 8 - 2 - flags: 1 (alive? 1)
L 11/19/2020 - 00:42:30: [l4d2_skill_detect.smx] Clear: 3 freed 2 from 8: time: 2.95 / 4.06 -- class: charger (with shove? 0)
L 11/19/2020 - 00:42:35: [admin_hp.smx]  
L 11/19/2020 - 00:42:35: [l4d2_skill_detect.smx] Clear: 4 freed 1 from 7: time: 2.86 / -1.00 -- class: jockey (with shove? 0)
L 11/19/2020 - 00:42:39: [l4d2_skill_detect.smx] Clear: 4 freed 2 from 5: time: -1.00 / 2.51 -- class: smoker (with shove? 1)
L 11/19/2020 - 00:43:41: [l4d2_skill_detect.smx] Clear: 3 freed 2 from 7: time: 2.10 / -1.00 -- class: jockey (with shove? 0)
L 11/19/2020 - 00:44:00: [l4d2_skill_detect.smx] Charge carry start: 7 - 1 -- time: 453.43
L 11/19/2020 - 00:44:01: [l4d2_skill_detect.smx] Clear: 1 freed 1 from 7: time: 0.00 / 0.11 -- class: charger (with shove? 0)
L 11/19/2020 - 00:44:03: [l4d2_skill_detect.smx] Checking charge victim: 7 - 1 - flags: 1 (alive? 1)
L 11/19/2020 - 00:44:19: [l4d2_skill_detect.smx] Clear: 4 freed 2 from 6: time: -1.00 / 2.93 -- class: smoker (with shove? 0)
L 11/19/2020 - 00:44:31: [l4d2_skill_detect.smx] Clear: 4 freed 2 from 7: time: 2.50 / -1.00 -- class: jockey (with shove? 1)
L 11/19/2020 - 00:44:40: [l4d2_skill_detect.smx] Charge carry start: 6 - 3 -- time: 491.40
L 11/19/2020 - 00:44:42: [l4d2_skill_detect.smx] Clear: 4 freed 3 from 6: time: 0.50 / 1.64 -- class: charger (with shove? 0)
L 11/19/2020 - 00:44:43: [l4d2_skill_detect.smx] Checking charge victim: 6 - 3 - flags: 1 (alive? 1)
L 11/19/2020 - 00:45:26: [l4d2_skill_detect.smx] Clear: 4 freed 2 from 8: time: 2.86 / -1.00 -- class: jockey (with shove? 0)
L 11/19/2020 - 00:45:52: [l4d2_skill_detect.smx] Clear: 3 freed 1 from 5: time: 1.04 / 2.26 -- class: smoker (with shove? 1)
L 11/19/2020 - 00:45:58: [l4d2_skill_detect.smx] Charge carry start: 8 - 1 -- time: 558.90
L 11/19/2020 - 00:46:06: [l4d2_skill_detect.smx] Checking charge victim: 8 - 1 - flags: 1 (alive? 1)
L 11/19/2020 - 00:46:08: [l4d2_skill_detect.smx] Clear: 3 freed 1 from 8: time: 4.21 / 5.70 -- class: charger (with shove? 0)
L 11/19/2020 - 00:46:41: [l4d2_skill_detect.smx] Clear: 4 freed 1 from 7: time: 1.23 / -1.00 -- class: jockey (with shove? 0)
L 11/19/2020 - 00:46:44: [l4d2_skill_detect.smx] Clear: 4 freed 2 from 5: time: 1.00 / -1.00 -- class: hunter (with shove? 0)
L 11/19/2020 - 00:47:58: [admin_hp.smx]  
L 11/19/2020 - 00:48:01: [l4d2_skill_detect.smx] Clear: 1 freed 4 from 6: time: 1.33 / -1.00 -- class: jockey (with shove? 0)
L 11/19/2020 - 00:48:32: Log file closed.
L 11/19/2020 - 00:49:33: SourceMod log file session started (file "D:\Steam\steamapps\common\Left 4 Dead 2\left4dead2\addons\sourcemod\logs\L20201119.log") (Version "1.10.0.6492")
L 11/19/2020 - 00:49:33: [simplewelcomemsg.smx] Set the maximum number of lines of.
L 11/19/2020 - 00:49:40: [basecommands.smx] "Console<0><Console><Console>" changed cvar (cvar "sv_force_time_of_day") (value "0")
L 11/19/2020 - 00:49:40: [basecommands.smx] "Console<0><Console><Console>" changed cvar (cvar "z_witch_damage_per_kill_hit") (value "120")
L 11/19/2020 - 00:49:40: [basecommands.smx] "Console<0><Console><Console>" changed cvar (cvar "z_witch_anger_rate") (value "0.4")
L 11/19/2020 - 00:49:40: [basecommands.smx] "Console<0><Console><Console>" changed cvar (cvar "z_witch_flashlight_range") (value "2000")
L 11/19/2020 - 00:49:40: [basecommands.smx] "Console<0><Console><Console>" changed cvar (cvar "z_witch_burn_time") (value "100")
L 11/19/2020 - 00:49:40: [basecommands.smx] "Console<0><Console><Console>" changed cvar (cvar "z_tank_health") (value "4000")
L 11/19/2020 - 00:49:40: [basecommands.smx] "Console<0><Console><Console>" changed cvar (cvar "z_ghost_delay_min") (value "15")
L 11/19/2020 - 00:49:40: [basecommands.smx] "Console<0><Console><Console>" changed cvar (cvar "z_ghost_delay_max") (value "15")
L 11/19/2020 - 00:49:40: [basecommands.smx] "Console<0><Console><Console>" changed cvar (cvar "z_hunter_limit") (value "1")
L 11/19/2020 - 00:49:40: [basecommands.smx] "Console<0><Console><Console>" changed cvar (cvar "z_smoker_limit") (value "1")
L 11/19/2020 - 00:49:40: [basecommands.smx] "Console<0><Console><Console>" changed cvar (cvar "z_jockey_limit") (value "1")
L 11/19/2020 - 00:49:40: [basecommands.smx] "Console<0><Console><Console>" changed cvar (cvar "versus_tank_chance_intro") (value "1")
L 11/19/2020 - 00:49:40: [basecommands.smx] "Console<0><Console><Console>" changed cvar (cvar "versus_tank_chance_finale") (value "1")
L 11/19/2020 - 00:49:40: [basecommands.smx] "Console<0><Console><Console>" changed cvar (cvar "versus_tank_chance") (value "1")
L 11/19/2020 - 00:49:40: [basecommands.smx] "Console<0><Console><Console>" changed cvar (cvar "versus_witch_chance_intro") (value "0")
L 11/19/2020 - 00:49:40: [basecommands.smx] "Console<0><Console><Console>" changed cvar (cvar "versus_witch_chance_finale") (value "0")
L 11/19/2020 - 00:49:40: [basecommands.smx] "Console<0><Console><Console>" changed cvar (cvar "versus_witch_chance") (value "1")
L 11/19/2020 - 00:49:40: [basecommands.smx] "Console<0><Console><Console>" changed cvar (cvar "director_force_tank") (value "1")
L 11/19/2020 - 00:49:40: [basecommands.smx] "Console<0><Console><Console>" changed cvar (cvar "versus_boss_flow_min") (value "0.4")
L 11/19/2020 - 00:49:40: [basecommands.smx] "Console<0><Console><Console>" changed cvar (cvar "versus_boss_flow_max") (value "0.6")
L 11/19/2020 - 00:49:40: [basecommands.smx] "Console<0><Console><Console>" changed cvar (cvar "versus_boss_flow_min_intro") (value "0.1")
L 11/19/2020 - 00:49:40: [basecommands.smx] "Console<0><Console><Console>" changed cvar (cvar "versus_boss_flow_max_intro") (value "0.2")
L 11/19/2020 - 00:49:40: [basecommands.smx] "Console<0><Console><Console>" changed cvar (cvar "versus_boss_flow_min_finale") (value "0.1")
L 11/19/2020 - 00:49:40: [basecommands.smx] "Console<0><Console><Console>" changed cvar (cvar "versus_boss_flow_max_finale") (value "0.2")
L 11/19/2020 - 00:49:40: [basecommands.smx] "Console<0><Console><Console>" changed cvar (cvar "boomer_vomit_delay") (value "0.1")
L 11/19/2020 - 00:49:40: [basecommands.smx] "Console<0><Console><Console>" changed cvar (cvar "smoker_tongue_delay") (value "0.1")
L 11/19/2020 - 00:49:40: [basecommands.smx] "Console<0><Console><Console>" changed cvar (cvar "vs_survival_bonus") (value "35")
L 11/19/2020 - 00:49:40: [basecommands.smx] "Console<0><Console><Console>" changed cvar (cvar "z_tank_throw_health") (value "10")
L 11/19/2020 - 00:49:40: [basecommands.smx] "Console<0><Console><Console>" changed cvar (cvar "sv_client_min_interp_ratio") (value "-1")
L 11/19/2020 - 00:49:40: [basecommands.smx] "Console<0><Console><Console>" changed cvar (cvar "sv_client_max_interp_ratio") (value "0")
L 11/19/2020 - 00:49:40: [basecommands.smx] "Console<0><Console><Console>" changed cvar (cvar "sv_minrate") (value "60000")
L 11/19/2020 - 00:49:40: [basecommands.smx] "Console<0><Console><Console>" changed cvar (cvar "sv_maxrate") (value "60000")
L 11/19/2020 - 00:49:40: [basecommands.smx] "Console<0><Console><Console>" changed cvar (cvar "sv_mincmdrate") (value "60")
L 11/19/2020 - 00:49:40: [basecommands.smx] "Console<0><Console><Console>" changed cvar (cvar "sv_maxcmdrate") (value "60")
L 11/19/2020 - 00:49:40: [basecommands.smx] "Console<0><Console><Console>" changed cvar (cvar "sv_minupdaterate") (value "60")
L 11/19/2020 - 00:49:40: [basecommands.smx] "Console<0><Console><Console>" changed cvar (cvar "sv_maxupdaterate") (value "60")
L 11/19/2020 - 00:49:40: [basecommands.smx] "Console<0><Console><Console>" changed cvar (cvar "fps_max") (value "0")
L 11/19/2020 - 00:49:40: [basecommands.smx] "Console<0><Console><Console>" changed cvar (cvar "hostname") (value "Versus")
L 11/19/2020 - 00:50:40: [l4d2_skill_detect.smx] Clear: 4 freed 1 from 2: time: 0.75 / 3.79 -- class: smoker (with shove? 1)
L 11/19/2020 - 00:51:46: [l4d2_skill_detect.smx] Clear: 3 freed 5 from 2: time: 0.58 / -1.00 -- class: jockey (with shove? 0)
L 11/19/2020 - 00:52:50: [l4d2_skill_detect.smx] Clear: 4 freed 1 from 6: time: 1.23 / 2.76 -- class: smoker (with shove? 1)
L 11/19/2020 - 00:53:38: [l4d2_skill_detect.smx] Clear: 1 freed 5 from 8: time: -1.00 / 0.25 -- class: smoker (with shove? 1)
L 11/19/2020 - 00:54:08: [admin_hp.smx]  
L 11/19/2020 - 00:54:13: [l4d2_skill_detect.smx] Witch Crown Check: crown shot: 904, harrassed: 0 (full health: 1000 / drawthresh: 500 / oneshot 1)
L 11/19/2020 - 00:55:17: [l4d2_skill_detect.smx] Charge carry start: 6 - 4 -- time: 293.43
L 11/19/2020 - 00:55:20: [l4d2_skill_detect.smx] Clear: 1 freed 4 from 6: time: 0.14 / 2.76 -- class: charger (with shove? 0)
L 11/19/2020 - 00:55:22: [l4d2_skill_detect.smx] Checking charge victim: 6 - 4 - flags: 1 (alive? 1)
L 11/19/2020 - 00:56:25: [l4d2_skill_detect.smx] Clear: 5 freed 1 from 2: time: 11.04 / -1.00 -- class: jockey (with shove? 0)
L 11/19/2020 - 00:56:34: [l4d2_skill_detect.smx] Clear: 1 freed 3 from 8: time: -1.00 / 0.01 -- class: smoker (with shove? 0)
L 11/19/2020 - 00:56:53: [l4d2_skill_detect.smx] Clear: 4 freed 5 from 2: time: 1.71 / -1.00 -- class: hunter (with shove? 0)
L 11/19/2020 - 00:57:09: [admin_hp.smx]  
L 11/19/2020 - 00:57:11: [l4d2_skill_detect.smx] Charge carry start: 2 - 1 -- time: 401.31
L 11/19/2020 - 00:57:15: [l4d2_skill_detect.smx] Checking charge victim: 2 - 1 - flags: 1 (alive? 1)
L 11/19/2020 - 00:57:16: [playercommands.smx] "♛ Rain ♛<2><STEAM_1:0:162762726><>" slayed "Charger<46><BOT><>"
L 11/19/2020 - 00:57:16: [l4d2_skill_detect.smx] Clear: 2 freed 5 from 2: time: 3.05 / 4.43 -- class: charger (with shove? 0)
L 11/19/2020 - 00:57:18: [admin_hp.smx]  
L 11/19/2020 - 00:57:39: [l4d2_skill_detect.smx] Clear: 5 freed 3 from 9: time: 12.75 / 13.61 -- class: smoker (with shove? 0)
L 11/19/2020 - 00:59:11: [admin_hp.smx]  
L 11/19/2020 - 00:59:40: [l4d2_skill_detect.smx] Clear: 3 freed 4 from 2: time: 0.93 / -1.00 -- class: jockey (with shove? 0)
L 11/19/2020 - 00:59:41: [l4d2_skill_detect.smx] Clear: 4 freed 1 from 6: time: 0.84 / 4.48 -- class: smoker (with shove? 1)
L 11/19/2020 - 01:00:07: [l4d2_skill_detect.smx] Charge carry start: 2 - 4 -- time: 576.51
L 11/19/2020 - 01:00:10: [l4d2_skill_detect.smx] Checking charge victim: 2 - 3 - flags: 0 (alive? 1)
L 11/19/2020 - 01:00:11: [l4d2_skill_detect.smx] Checking charge victim: 2 - 4 - flags: 1 (alive? 1)
L 11/19/2020 - 01:00:12: [l4d2_skill_detect.smx] Clear: 1 freed 5 from 6: time: 2.36 / -1.00 -- class: hunter (with shove? 0)
L 11/19/2020 - 01:00:17: [l4d2_skill_detect.smx] Clear: 1 freed 4 from 2: time: 8.81 / 10.63 -- class: charger (with shove? 0)
L 11/19/2020 - 01:00:21: [admin_hp.smx]  
L 11/19/2020 - 01:00:51: [l4d2_skill_detect.smx] Charge carry start: 7 - 3 -- time: 615.96
L 11/19/2020 - 01:00:55: [l4d2_skill_detect.smx] Checking charge victim: 7 - 3 - flags: 1 (alive? 1)
L 11/19/2020 - 01:00:55: [l4d2_skill_detect.smx] Checking charge victim: 7 - 5 - flags: 0 (alive? 1)
L 11/19/2020 - 01:00:56: [l4d2_skill_detect.smx] Clear: 4 freed 3 from 7: time: 3.61 / 5.30 -- class: charger (with shove? 0)
L 11/19/2020 - 01:01:14: [l4d2_skill_detect.smx] Clear: 4 freed 1 from 2: time: -1.00 / 1.48 -- class: smoker (with shove? 0)
L 11/19/2020 - 01:01:29: Log file closed.
L 11/19/2020 - 13:07:52: SourceMod log file session started (file "D:\Steam\steamapps\common\Left 4 Dead 2\left4dead2\addons\sourcemod\logs\L20201119.log") (Version "1.10.0.6492")
L 11/19/2020 - 13:07:52: [simplewelcomemsg.smx] Set the maximum number of lines of.
L 11/19/2020 - 13:08:01: [basecommands.smx] "Console<0><Console><Console>" changed cvar (cvar "sv_force_time_of_day") (value "0")
L 11/19/2020 - 13:08:01: [basecommands.smx] "Console<0><Console><Console>" changed cvar (cvar "z_witch_damage_per_kill_hit") (value "120")
L 11/19/2020 - 13:08:01: [basecommands.smx] "Console<0><Console><Console>" changed cvar (cvar "z_witch_anger_rate") (value "0.4")
L 11/19/2020 - 13:08:01: [basecommands.smx] "Console<0><Console><Console>" changed cvar (cvar "z_witch_flashlight_range") (value "2000")
L 11/19/2020 - 13:08:01: [basecommands.smx] "Console<0><Console><Console>" changed cvar (cvar "z_witch_burn_time") (value "100")
L 11/19/2020 - 13:08:01: [basecommands.smx] "Console<0><Console><Console>" changed cvar (cvar "z_tank_health") (value "4000")
L 11/19/2020 - 13:08:01: [basecommands.smx] "Console<0><Console><Console>" changed cvar (cvar "z_ghost_delay_min") (value "15")
L 11/19/2020 - 13:08:01: [basecommands.smx] "Console<0><Console><Console>" changed cvar (cvar "z_ghost_delay_max") (value "15")
L 11/19/2020 - 13:08:01: [basecommands.smx] "Console<0><Console><Console>" changed cvar (cvar "z_hunter_limit") (value "1")
L 11/19/2020 - 13:08:01: [basecommands.smx] "Console<0><Console><Console>" changed cvar (cvar "z_smoker_limit") (value "1")
L 11/19/2020 - 13:08:01: [basecommands.smx] "Console<0><Console><Console>" changed cvar (cvar "z_jockey_limit") (value "1")
L 11/19/2020 - 13:08:01: [basecommands.smx] "Console<0><Console><Console>" changed cvar (cvar "versus_tank_chance_intro") (value "1")
L 11/19/2020 - 13:08:01: [basecommands.smx] "Console<0><Console><Console>" changed cvar (cvar "versus_tank_chance_finale") (value "1")
L 11/19/2020 - 13:08:01: [basecommands.smx] "Console<0><Console><Console>" changed cvar (cvar "versus_tank_chance") (value "1")
L 11/19/2020 - 13:08:01: [basecommands.smx] "Console<0><Console><Console>" changed cvar (cvar "versus_witch_chance_intro") (value "0")
L 11/19/2020 - 13:08:01: [basecommands.smx] "Console<0><Console><Console>" changed cvar (cvar "versus_witch_chance_finale") (value "0")
L 11/19/2020 - 13:08:01: [basecommands.smx] "Console<0><Console><Console>" changed cvar (cvar "versus_witch_chance") (value "1")
L 11/19/2020 - 13:08:01: [basecommands.smx] "Console<0><Console><Console>" changed cvar (cvar "director_force_tank") (value "1")
L 11/19/2020 - 13:08:01: [basecommands.smx] "Console<0><Console><Console>" changed cvar (cvar "versus_boss_flow_min") (value "0.4")
L 11/19/2020 - 13:08:01: [basecommands.smx] "Console<0><Console><Console>" changed cvar (cvar "versus_boss_flow_max") (value "0.6")
L 11/19/2020 - 13:08:01: [basecommands.smx] "Console<0><Console><Console>" changed cvar (cvar "versus_boss_flow_min_intro") (value "0.1")
L 11/19/2020 - 13:08:01: [basecommands.smx] "Console<0><Console><Console>" changed cvar (cvar "versus_boss_flow_max_intro") (value "0.2")
L 11/19/2020 - 13:08:01: [basecommands.smx] "Console<0><Console><Console>" changed cvar (cvar "versus_boss_flow_min_finale") (value "0.1")
L 11/19/2020 - 13:08:01: [basecommands.smx] "Console<0><Console><Console>" changed cvar (cvar "versus_boss_flow_max_finale") (value "0.2")
L 11/19/2020 - 13:08:01: [basecommands.smx] "Console<0><Console><Console>" changed cvar (cvar "boomer_vomit_delay") (value "0.1")
L 11/19/2020 - 13:08:01: [basecommands.smx] "Console<0><Console><Console>" changed cvar (cvar "smoker_tongue_delay") (value "0.1")
L 11/19/2020 - 13:08:01: [basecommands.smx] "Console<0><Console><Console>" changed cvar (cvar "vs_survival_bonus") (value "35")
L 11/19/2020 - 13:08:01: [basecommands.smx] "Console<0><Console><Console>" changed cvar (cvar "z_tank_throw_health") (value "10")
L 11/19/2020 - 13:08:01: [basecommands.smx] "Console<0><Console><Console>" changed cvar (cvar "sv_client_min_interp_ratio") (value "-1")
L 11/19/2020 - 13:08:01: [basecommands.smx] "Console<0><Console><Console>" changed cvar (cvar "sv_client_max_interp_ratio") (value "0")
L 11/19/2020 - 13:08:01: [basecommands.smx] "Console<0><Console><Console>" changed cvar (cvar "sv_minrate") (value "60000")
L 11/19/2020 - 13:08:01: [basecommands.smx] "Console<0><Console><Console>" changed cvar (cvar "sv_maxrate") (value "60000")
L 11/19/2020 - 13:08:01: [basecommands.smx] "Console<0><Console><Console>" changed cvar (cvar "sv_mincmdrate") (value "60")
L 11/19/2020 - 13:08:01: [basecommands.smx] "Console<0><Console><Console>" changed cvar (cvar "sv_maxcmdrate") (value "60")
L 11/19/2020 - 13:08:01: [basecommands.smx] "Console<0><Console><Console>" changed cvar (cvar "sv_minupdaterate") (value "60")
L 11/19/2020 - 13:08:01: [basecommands.smx] "Console<0><Console><Console>" changed cvar (cvar "sv_maxupdaterate") (value "60")
L 11/19/2020 - 13:08:01: [basecommands.smx] "Console<0><Console><Console>" changed cvar (cvar "fps_max") (value "0")
L 11/19/2020 - 13:08:01: [basecommands.smx] "Console<0><Console><Console>" changed cvar (cvar "hostname") (value "Versus")
L 11/19/2020 - 13:09:47: Log file closed.
