L 08/05/2020 - 00:45:05: SourceMod log file session started (file "L20200805.log") (Version "1.8.0.6041")
L 08/05/2020 - 00:45:05: -------- Mapchange to c1m2_streets --------
L 08/05/2020 - 00:45:17: [l4d2_itemgiver.smx] Detected Left4Dead2!
L 08/05/2020 - 00:45:18: [simplewelcomemsg.smx] Set the maximum number of lines of.
L 08/05/2020 - 00:45:49: [SM] Changed map to "c1m2_streets"
L 08/05/2020 - 00:45:58: -------- Mapchange to c1m2_streets --------
L 08/05/2020 - 00:46:58: [funcommands.smx] "♛ Rain ♛<2><STEAM_1:0:162762726><>" toggled noclip on "♛ Rain ♛<2><STEAM_1:0:162762726><>"
L 08/05/2020 - 00:47:17: [funcommands.smx] "♛ Rain ♛<2><STEAM_1:0:162762726><>" toggled noclip on "♛ Rain ♛<2><STEAM_1:0:162762726><>"
L 08/05/2020 - 00:48:30: Log file closed.
L 08/05/2020 - 00:52:32: SourceMod log file session started (file "L20200805.log") (Version "1.8.0.6041")
L 08/05/2020 - 00:52:32: -------- Mapchange to c1m2_streets --------
L 08/05/2020 - 00:52:35: [l4d2_itemgiver.smx] Detected Left4Dead2!
L 08/05/2020 - 00:52:35: [simplewelcomemsg.smx] Set the maximum number of lines of.
L 08/05/2020 - 00:52:52: [SM] Changed map to "c1m2_streets"
L 08/05/2020 - 00:52:55: -------- Mapchange to c1m2_streets --------
L 08/05/2020 - 00:53:18: [funcommands.smx] "♛ Rain ♛<2><STEAM_1:0:162762726><>" toggled noclip on "♛ Rain ♛<2><STEAM_1:0:162762726><>"
L 08/05/2020 - 00:53:26: [funcommands.smx] "♛ Rain ♛<2><STEAM_1:0:162762726><>" toggled noclip on "♛ Rain ♛<2><STEAM_1:0:162762726><>"
L 08/05/2020 - 00:54:33: Log file closed.
L 08/05/2020 - 15:11:13: SourceMod log file session started (file "L20200805.log") (Version "1.8.0.6041")
L 08/05/2020 - 15:11:13: -------- Mapchange to c1m2_streets --------
L 08/05/2020 - 15:11:19: [l4d2_itemgiver.smx] Detected Left4Dead2!
L 08/05/2020 - 15:11:19: [simplewelcomemsg.smx] Set the maximum number of lines of.
L 08/05/2020 - 15:11:43: [SM] Changed map to "c1m2_streets"
L 08/05/2020 - 15:11:46: -------- Mapchange to c1m2_streets --------
L 08/05/2020 - 15:14:08: Log file closed.
L 08/05/2020 - 15:18:52: SourceMod log file session started (file "L20200805.log") (Version "1.8.0.6041")
L 08/05/2020 - 15:18:52: -------- Mapchange to c1m2_streets --------
L 08/05/2020 - 15:18:56: [l4d2_itemgiver.smx] Detected Left4Dead2!
L 08/05/2020 - 15:18:56: [simplewelcomemsg.smx] Set the maximum number of lines of.
L 08/05/2020 - 15:19:08: [SM] Changed map to "c1m2_streets"
L 08/05/2020 - 15:19:11: -------- Mapchange to c1m2_streets --------
L 08/05/2020 - 15:25:28: Log file closed.
L 08/05/2020 - 20:25:49: SourceMod log file session started (file "L20200805.log") (Version "1.8.0.6041")
L 08/05/2020 - 20:25:49: Log file closed.
