L 10/03/2020 - 06:36:00: SourceMod log file session started (file "E:\Steam\steamapps\common\Left 4 Dead 2\left4dead2\addons\sourcemod\logs\L20201003.log") (Version "1.10.0.6492")
L 10/03/2020 - 06:36:00: [simplewelcomemsg.smx] Set the maximum number of lines of.
L 10/03/2020 - 06:36:16: [basecommands.smx] "Console<0><Console><Console>" changed cvar (cvar "sv_force_time_of_day") (value "0")
L 10/03/2020 - 06:36:16: [basecommands.smx] "Console<0><Console><Console>" changed cvar (cvar "z_witch_damage_per_kill_hit") (value "120")
L 10/03/2020 - 06:36:16: [basecommands.smx] "Console<0><Console><Console>" changed cvar (cvar "z_witch_anger_rate") (value "0.5")
L 10/03/2020 - 06:36:16: [basecommands.smx] "Console<0><Console><Console>" changed cvar (cvar "z_witch_flashlight_range") (value "2000")
L 10/03/2020 - 06:36:16: [basecommands.smx] "Console<0><Console><Console>" changed cvar (cvar "z_witch_burn_time") (value "100")
L 10/03/2020 - 06:36:16: [basecommands.smx] "Console<0><Console><Console>" changed cvar (cvar "z_tank_health") (value "4333")
L 10/03/2020 - 06:36:16: [basecommands.smx] "Console<0><Console><Console>" changed cvar (cvar "tank_burn_duration") (value "999999")
L 10/03/2020 - 06:36:16: [basecommands.smx] "Console<0><Console><Console>" changed cvar (cvar "z_ghost_delay_min") (value "20")
L 10/03/2020 - 06:36:16: [basecommands.smx] "Console<0><Console><Console>" changed cvar (cvar "z_ghost_delay_max") (value "20")
L 10/03/2020 - 06:36:16: [basecommands.smx] "Console<0><Console><Console>" changed cvar (cvar "versus_tank_chance_intro") (value "1")
L 10/03/2020 - 06:36:16: [basecommands.smx] "Console<0><Console><Console>" changed cvar (cvar "versus_tank_chance_finale") (value "1")
L 10/03/2020 - 06:36:16: [basecommands.smx] "Console<0><Console><Console>" changed cvar (cvar "versus_tank_chance") (value "1")
L 10/03/2020 - 06:36:16: [basecommands.smx] "Console<0><Console><Console>" changed cvar (cvar "versus_witch_chance_intro") (value "0")
L 10/03/2020 - 06:36:16: [basecommands.smx] "Console<0><Console><Console>" changed cvar (cvar "versus_witch_chance_finale") (value "0")
L 10/03/2020 - 06:36:16: [basecommands.smx] "Console<0><Console><Console>" changed cvar (cvar "versus_witch_chance") (value "1")
L 10/03/2020 - 06:36:16: [basecommands.smx] "Console<0><Console><Console>" changed cvar (cvar "boomer_vomit_delay") (value "0.1")
L 10/03/2020 - 06:36:16: [basecommands.smx] "Console<0><Console><Console>" changed cvar (cvar "smoker_tongue_delay") (value "0.1")
L 10/03/2020 - 06:36:16: [basecommands.smx] "Console<0><Console><Console>" changed cvar (cvar "hostname") (value "Versus")
L 10/03/2020 - 06:36:19: [SM] Changed map to "c1m2_streets"
L 10/03/2020 - 06:36:22: -------- Mapchange to c1m2_streets --------
L 10/03/2020 - 06:36:26: [basecommands.smx] "Console<0><Console><Console>" changed cvar (cvar "sv_force_time_of_day") (value "0")
L 10/03/2020 - 06:36:26: [basecommands.smx] "Console<0><Console><Console>" changed cvar (cvar "z_witch_damage_per_kill_hit") (value "120")
L 10/03/2020 - 06:36:26: [basecommands.smx] "Console<0><Console><Console>" changed cvar (cvar "z_witch_anger_rate") (value "0.5")
L 10/03/2020 - 06:36:26: [basecommands.smx] "Console<0><Console><Console>" changed cvar (cvar "z_witch_flashlight_range") (value "2000")
L 10/03/2020 - 06:36:26: [basecommands.smx] "Console<0><Console><Console>" changed cvar (cvar "z_witch_burn_time") (value "100")
L 10/03/2020 - 06:36:26: [basecommands.smx] "Console<0><Console><Console>" changed cvar (cvar "z_tank_health") (value "4333")
L 10/03/2020 - 06:36:26: [basecommands.smx] "Console<0><Console><Console>" changed cvar (cvar "tank_burn_duration") (value "999999")
L 10/03/2020 - 06:36:26: [basecommands.smx] "Console<0><Console><Console>" changed cvar (cvar "z_ghost_delay_min") (value "20")
L 10/03/2020 - 06:36:26: [basecommands.smx] "Console<0><Console><Console>" changed cvar (cvar "z_ghost_delay_max") (value "20")
L 10/03/2020 - 06:36:26: [basecommands.smx] "Console<0><Console><Console>" changed cvar (cvar "versus_tank_chance_intro") (value "1")
L 10/03/2020 - 06:36:26: [basecommands.smx] "Console<0><Console><Console>" changed cvar (cvar "versus_tank_chance_finale") (value "1")
L 10/03/2020 - 06:36:26: [basecommands.smx] "Console<0><Console><Console>" changed cvar (cvar "versus_tank_chance") (value "1")
L 10/03/2020 - 06:36:26: [basecommands.smx] "Console<0><Console><Console>" changed cvar (cvar "versus_witch_chance_intro") (value "0")
L 10/03/2020 - 06:36:26: [basecommands.smx] "Console<0><Console><Console>" changed cvar (cvar "versus_witch_chance_finale") (value "0")
L 10/03/2020 - 06:36:26: [basecommands.smx] "Console<0><Console><Console>" changed cvar (cvar "versus_witch_chance") (value "1")
L 10/03/2020 - 06:36:26: [basecommands.smx] "Console<0><Console><Console>" changed cvar (cvar "boomer_vomit_delay") (value "0.1")
L 10/03/2020 - 06:36:26: [basecommands.smx] "Console<0><Console><Console>" changed cvar (cvar "smoker_tongue_delay") (value "0.1")
L 10/03/2020 - 06:36:26: [basecommands.smx] "Console<0><Console><Console>" changed cvar (cvar "hostname") (value "Versus")
L 10/03/2020 - 06:36:40: [l4d_profile_checker_v12.smx] [l4d_profile_checker] #DEBUG: sFriendID 76561198285791180
L 10/03/2020 - 06:36:40: [l4d_profile_checker_v12.smx] [l4d_profile_checker] #DEBUG: begin search in whitelist 76561198285791180
L 10/03/2020 - 06:36:40: [l4d_profile_checker_v12.smx] [l4d_profile_checker] #DEBUG: link profiles/76561198285791180/?xml=1
L 10/03/2020 - 06:40:07: Log file closed.
L 10/03/2020 - 06:44:10: SourceMod log file session started (file "E:\Steam\steamapps\common\Left 4 Dead 2\left4dead2\addons\sourcemod\logs\L20201003.log") (Version "1.10.0.6492")
L 10/03/2020 - 06:44:10: [simplewelcomemsg.smx] Set the maximum number of lines of.
L 10/03/2020 - 06:44:22: [basecommands.smx] "Console<0><Console><Console>" changed cvar (cvar "sv_force_time_of_day") (value "0")
L 10/03/2020 - 06:44:22: [basecommands.smx] "Console<0><Console><Console>" changed cvar (cvar "z_witch_damage_per_kill_hit") (value "120")
L 10/03/2020 - 06:44:22: [basecommands.smx] "Console<0><Console><Console>" changed cvar (cvar "z_witch_anger_rate") (value "0.5")
L 10/03/2020 - 06:44:22: [basecommands.smx] "Console<0><Console><Console>" changed cvar (cvar "z_witch_flashlight_range") (value "2000")
L 10/03/2020 - 06:44:22: [basecommands.smx] "Console<0><Console><Console>" changed cvar (cvar "z_witch_burn_time") (value "100")
L 10/03/2020 - 06:44:22: [basecommands.smx] "Console<0><Console><Console>" changed cvar (cvar "z_tank_health") (value "4333")
L 10/03/2020 - 06:44:22: [basecommands.smx] "Console<0><Console><Console>" changed cvar (cvar "tank_burn_duration") (value "999999")
L 10/03/2020 - 06:44:22: [basecommands.smx] "Console<0><Console><Console>" changed cvar (cvar "z_ghost_delay_min") (value "20")
L 10/03/2020 - 06:44:22: [basecommands.smx] "Console<0><Console><Console>" changed cvar (cvar "z_ghost_delay_max") (value "20")
L 10/03/2020 - 06:44:22: [basecommands.smx] "Console<0><Console><Console>" changed cvar (cvar "versus_tank_chance_intro") (value "1")
L 10/03/2020 - 06:44:22: [basecommands.smx] "Console<0><Console><Console>" changed cvar (cvar "versus_tank_chance_finale") (value "1")
L 10/03/2020 - 06:44:22: [basecommands.smx] "Console<0><Console><Console>" changed cvar (cvar "versus_tank_chance") (value "1")
L 10/03/2020 - 06:44:22: [basecommands.smx] "Console<0><Console><Console>" changed cvar (cvar "versus_witch_chance_intro") (value "0")
L 10/03/2020 - 06:44:22: [basecommands.smx] "Console<0><Console><Console>" changed cvar (cvar "versus_witch_chance_finale") (value "0")
L 10/03/2020 - 06:44:22: [basecommands.smx] "Console<0><Console><Console>" changed cvar (cvar "versus_witch_chance") (value "1")
L 10/03/2020 - 06:44:22: [basecommands.smx] "Console<0><Console><Console>" changed cvar (cvar "boomer_vomit_delay") (value "0.1")
L 10/03/2020 - 06:44:22: [basecommands.smx] "Console<0><Console><Console>" changed cvar (cvar "smoker_tongue_delay") (value "0.1")
L 10/03/2020 - 06:44:22: [basecommands.smx] "Console<0><Console><Console>" changed cvar (cvar "hostname") (value "Versus")
L 10/03/2020 - 06:44:24: [SM] Changed map to "c1m2_streets"
L 10/03/2020 - 06:44:28: -------- Mapchange to c1m2_streets --------
L 10/03/2020 - 06:44:32: [basecommands.smx] "Console<0><Console><Console>" changed cvar (cvar "sv_force_time_of_day") (value "0")
L 10/03/2020 - 06:44:32: [basecommands.smx] "Console<0><Console><Console>" changed cvar (cvar "z_witch_damage_per_kill_hit") (value "120")
L 10/03/2020 - 06:44:32: [basecommands.smx] "Console<0><Console><Console>" changed cvar (cvar "z_witch_anger_rate") (value "0.5")
L 10/03/2020 - 06:44:32: [basecommands.smx] "Console<0><Console><Console>" changed cvar (cvar "z_witch_flashlight_range") (value "2000")
L 10/03/2020 - 06:44:32: [basecommands.smx] "Console<0><Console><Console>" changed cvar (cvar "z_witch_burn_time") (value "100")
L 10/03/2020 - 06:44:32: [basecommands.smx] "Console<0><Console><Console>" changed cvar (cvar "z_tank_health") (value "4333")
L 10/03/2020 - 06:44:32: [basecommands.smx] "Console<0><Console><Console>" changed cvar (cvar "tank_burn_duration") (value "999999")
L 10/03/2020 - 06:44:32: [basecommands.smx] "Console<0><Console><Console>" changed cvar (cvar "z_ghost_delay_min") (value "20")
L 10/03/2020 - 06:44:32: [basecommands.smx] "Console<0><Console><Console>" changed cvar (cvar "z_ghost_delay_max") (value "20")
L 10/03/2020 - 06:44:32: [basecommands.smx] "Console<0><Console><Console>" changed cvar (cvar "versus_tank_chance_intro") (value "1")
L 10/03/2020 - 06:44:32: [basecommands.smx] "Console<0><Console><Console>" changed cvar (cvar "versus_tank_chance_finale") (value "1")
L 10/03/2020 - 06:44:32: [basecommands.smx] "Console<0><Console><Console>" changed cvar (cvar "versus_tank_chance") (value "1")
L 10/03/2020 - 06:44:32: [basecommands.smx] "Console<0><Console><Console>" changed cvar (cvar "versus_witch_chance_intro") (value "0")
L 10/03/2020 - 06:44:32: [basecommands.smx] "Console<0><Console><Console>" changed cvar (cvar "versus_witch_chance_finale") (value "0")
L 10/03/2020 - 06:44:32: [basecommands.smx] "Console<0><Console><Console>" changed cvar (cvar "versus_witch_chance") (value "1")
L 10/03/2020 - 06:44:32: [basecommands.smx] "Console<0><Console><Console>" changed cvar (cvar "boomer_vomit_delay") (value "0.1")
L 10/03/2020 - 06:44:32: [basecommands.smx] "Console<0><Console><Console>" changed cvar (cvar "smoker_tongue_delay") (value "0.1")
L 10/03/2020 - 06:44:32: [basecommands.smx] "Console<0><Console><Console>" changed cvar (cvar "hostname") (value "Versus")
L 10/03/2020 - 06:44:46: [l4d_profile_checker_v12.smx] [l4d_profile_checker] #DEBUG: sFriendID 76561198285791180
L 10/03/2020 - 06:44:46: [l4d_profile_checker_v12.smx] [l4d_profile_checker] #DEBUG: begin search in whitelist 76561198285791180
L 10/03/2020 - 06:44:46: [l4d_profile_checker_v12.smx] [l4d_profile_checker] #DEBUG: link profiles/76561198285791180/?xml=1
L 10/03/2020 - 06:46:13: [l4d_profile_checker_v12.smx] [l4d_profile_checker] #DEBUG: SteamID STEAM_1:0:162762726, arg STEAM_1:0:162762726
L 10/03/2020 - 06:46:13: [l4d_profile_checker_v12.smx] [l4d_profile_checker] #DEBUG: sFriendID 76561198285791180
L 10/03/2020 - 06:46:13: [l4d_profile_checker_v12.smx] [l4d_profile_checker] #DEBUG: begin search in whitelist 76561198285791180
L 10/03/2020 - 06:46:13: [l4d_profile_checker_v12.smx] [l4d_profile_checker] #DEBUG: link profiles/76561198285791180/?xml=1
L 10/03/2020 - 06:46:43: [l4d_profile_checker_v12.smx] [l4d_profile_checker] #DEBUG: SteamID STEAM_1:0:162762726, arg STEAM_1:0:162762726
L 10/03/2020 - 06:46:43: [l4d_profile_checker_v12.smx] [l4d_profile_checker] #DEBUG: sFriendID 76561198285791180
L 10/03/2020 - 06:46:43: [l4d_profile_checker_v12.smx] [l4d_profile_checker] #DEBUG: begin search in whitelist 76561198285791180
L 10/03/2020 - 06:46:43: [l4d_profile_checker_v12.smx] [l4d_profile_checker] #DEBUG: link profiles/76561198285791180/?xml=1
L 10/03/2020 - 06:47:03: [l4d_profile_checker_v12.smx] [l4d_profile_checker] #DEBUG: SteamID STEAM_1:0:162762726, arg STEAM_1:0:162762726
L 10/03/2020 - 06:47:03: [l4d_profile_checker_v12.smx] [l4d_profile_checker] #DEBUG: sFriendID 76561198285791180
L 10/03/2020 - 06:47:03: [l4d_profile_checker_v12.smx] [l4d_profile_checker] #DEBUG: begin search in whitelist 76561198285791180
L 10/03/2020 - 06:47:03: [l4d_profile_checker_v12.smx] [l4d_profile_checker] #DEBUG: link profiles/76561198285791180/?xml=1
L 10/03/2020 - 06:48:25: [l4d_profile_checker_v12.smx] [l4d_profile_checker] #DEBUG: SteamID STEAM_1:0:162762726, arg ♛ Rain ♛
L 10/03/2020 - 06:48:25: [l4d_profile_checker_v12.smx] [l4d_profile_checker] #DEBUG: sFriendID 76561198285791180
L 10/03/2020 - 06:48:25: [l4d_profile_checker_v12.smx] [l4d_profile_checker] #DEBUG: begin search in whitelist 76561198285791180
L 10/03/2020 - 06:48:25: [l4d_profile_checker_v12.smx] [l4d_profile_checker] #DEBUG: link profiles/76561198285791180/?xml=1
L 10/03/2020 - 06:51:17: Log file closed.
L 10/03/2020 - 07:39:17: SourceMod log file session started (file "E:\Steam\steamapps\common\Left 4 Dead 2\left4dead2\addons\sourcemod\logs\L20201003.log") (Version "1.10.0.6492")
L 10/03/2020 - 07:39:17: [simplewelcomemsg.smx] Set the maximum number of lines of.
L 10/03/2020 - 07:39:38: [basecommands.smx] "Console<0><Console><Console>" changed cvar (cvar "sv_force_time_of_day") (value "0")
L 10/03/2020 - 07:39:38: [basecommands.smx] "Console<0><Console><Console>" changed cvar (cvar "z_witch_damage_per_kill_hit") (value "120")
L 10/03/2020 - 07:39:38: [basecommands.smx] "Console<0><Console><Console>" changed cvar (cvar "z_witch_anger_rate") (value "0.5")
L 10/03/2020 - 07:39:38: [basecommands.smx] "Console<0><Console><Console>" changed cvar (cvar "z_witch_flashlight_range") (value "2000")
L 10/03/2020 - 07:39:38: [basecommands.smx] "Console<0><Console><Console>" changed cvar (cvar "z_witch_burn_time") (value "100")
L 10/03/2020 - 07:39:38: [basecommands.smx] "Console<0><Console><Console>" changed cvar (cvar "z_tank_health") (value "4333")
L 10/03/2020 - 07:39:38: [basecommands.smx] "Console<0><Console><Console>" changed cvar (cvar "tank_burn_duration") (value "999999")
L 10/03/2020 - 07:39:38: [basecommands.smx] "Console<0><Console><Console>" changed cvar (cvar "z_ghost_delay_min") (value "20")
L 10/03/2020 - 07:39:38: [basecommands.smx] "Console<0><Console><Console>" changed cvar (cvar "z_ghost_delay_max") (value "20")
L 10/03/2020 - 07:39:38: [basecommands.smx] "Console<0><Console><Console>" changed cvar (cvar "versus_tank_chance_intro") (value "1")
L 10/03/2020 - 07:39:38: [basecommands.smx] "Console<0><Console><Console>" changed cvar (cvar "versus_tank_chance_finale") (value "1")
L 10/03/2020 - 07:39:38: [basecommands.smx] "Console<0><Console><Console>" changed cvar (cvar "versus_tank_chance") (value "1")
L 10/03/2020 - 07:39:38: [basecommands.smx] "Console<0><Console><Console>" changed cvar (cvar "versus_witch_chance_intro") (value "0")
L 10/03/2020 - 07:39:38: [basecommands.smx] "Console<0><Console><Console>" changed cvar (cvar "versus_witch_chance_finale") (value "0")
L 10/03/2020 - 07:39:38: [basecommands.smx] "Console<0><Console><Console>" changed cvar (cvar "versus_witch_chance") (value "1")
L 10/03/2020 - 07:39:38: [basecommands.smx] "Console<0><Console><Console>" changed cvar (cvar "boomer_vomit_delay") (value "0.1")
L 10/03/2020 - 07:39:38: [basecommands.smx] "Console<0><Console><Console>" changed cvar (cvar "smoker_tongue_delay") (value "0.1")
L 10/03/2020 - 07:39:38: [basecommands.smx] "Console<0><Console><Console>" changed cvar (cvar "hostname") (value "Versus")
L 10/03/2020 - 07:39:44: [SM] Changed map to "c2m1_highway"
L 10/03/2020 - 07:39:56: -------- Mapchange to c2m1_highway --------
L 10/03/2020 - 07:40:06: [basecommands.smx] "Console<0><Console><Console>" changed cvar (cvar "sv_force_time_of_day") (value "0")
L 10/03/2020 - 07:40:06: [basecommands.smx] "Console<0><Console><Console>" changed cvar (cvar "z_witch_damage_per_kill_hit") (value "120")
L 10/03/2020 - 07:40:06: [basecommands.smx] "Console<0><Console><Console>" changed cvar (cvar "z_witch_anger_rate") (value "0.5")
L 10/03/2020 - 07:40:06: [basecommands.smx] "Console<0><Console><Console>" changed cvar (cvar "z_witch_flashlight_range") (value "2000")
L 10/03/2020 - 07:40:06: [basecommands.smx] "Console<0><Console><Console>" changed cvar (cvar "z_witch_burn_time") (value "100")
L 10/03/2020 - 07:40:06: [basecommands.smx] "Console<0><Console><Console>" changed cvar (cvar "z_tank_health") (value "4333")
L 10/03/2020 - 07:40:06: [basecommands.smx] "Console<0><Console><Console>" changed cvar (cvar "tank_burn_duration") (value "999999")
L 10/03/2020 - 07:40:06: [basecommands.smx] "Console<0><Console><Console>" changed cvar (cvar "z_ghost_delay_min") (value "20")
L 10/03/2020 - 07:40:06: [basecommands.smx] "Console<0><Console><Console>" changed cvar (cvar "z_ghost_delay_max") (value "20")
L 10/03/2020 - 07:40:06: [basecommands.smx] "Console<0><Console><Console>" changed cvar (cvar "versus_tank_chance_intro") (value "1")
L 10/03/2020 - 07:40:06: [basecommands.smx] "Console<0><Console><Console>" changed cvar (cvar "versus_tank_chance_finale") (value "1")
L 10/03/2020 - 07:40:06: [basecommands.smx] "Console<0><Console><Console>" changed cvar (cvar "versus_tank_chance") (value "1")
L 10/03/2020 - 07:40:06: [basecommands.smx] "Console<0><Console><Console>" changed cvar (cvar "versus_witch_chance_intro") (value "0")
L 10/03/2020 - 07:40:06: [basecommands.smx] "Console<0><Console><Console>" changed cvar (cvar "versus_witch_chance_finale") (value "0")
L 10/03/2020 - 07:40:06: [basecommands.smx] "Console<0><Console><Console>" changed cvar (cvar "versus_witch_chance") (value "1")
L 10/03/2020 - 07:40:06: [basecommands.smx] "Console<0><Console><Console>" changed cvar (cvar "boomer_vomit_delay") (value "0.1")
L 10/03/2020 - 07:40:06: [basecommands.smx] "Console<0><Console><Console>" changed cvar (cvar "smoker_tongue_delay") (value "0.1")
L 10/03/2020 - 07:40:06: [basecommands.smx] "Console<0><Console><Console>" changed cvar (cvar "hostname") (value "Versus")
L 10/03/2020 - 07:40:34: [l4d_profile_checker_v12.smx] [l4d_profile_checker] #DEBUG: sFriendID 76561198285791180
L 10/03/2020 - 07:40:34: [l4d_profile_checker_v12.smx] [l4d_profile_checker] #DEBUG: begin search in whitelist 76561198285791180
L 10/03/2020 - 07:40:34: [l4d_profile_checker_v12.smx] [l4d_profile_checker] #DEBUG: link profiles/76561198285791180/?xml=1
L 10/03/2020 - 07:41:01: [l4d_profile_checker_v12.smx] [l4d_profile_checker] #DEBUG: sFriendID 76561198869257778
L 10/03/2020 - 07:41:01: [l4d_profile_checker_v12.smx] [l4d_profile_checker] #DEBUG: begin search in whitelist 76561198869257778
L 10/03/2020 - 07:41:01: [l4d_profile_checker_v12.smx] [l4d_profile_checker] #DEBUG: link profiles/76561198869257778/?xml=1
L 10/03/2020 - 07:41:32: [l4d_profile_checker_v12.smx] [l4d_profile_checker] #DEBUG: sFriendID 76561198300288871
L 10/03/2020 - 07:41:32: [l4d_profile_checker_v12.smx] [l4d_profile_checker] #DEBUG: begin search in whitelist 76561198300288871
L 10/03/2020 - 07:41:32: [l4d_profile_checker_v12.smx] [l4d_profile_checker] #DEBUG: link profiles/76561198300288871/?xml=1
L 10/03/2020 - 07:42:43: [l4d_profile_checker_v12.smx] [l4d_profile_checker] #DEBUG: sFriendID 76561198377239947
L 10/03/2020 - 07:42:43: [l4d_profile_checker_v12.smx] [l4d_profile_checker] #DEBUG: begin search in whitelist 76561198377239947
L 10/03/2020 - 07:42:43: [l4d_profile_checker_v12.smx] [l4d_profile_checker] #DEBUG: link profiles/76561198377239947/?xml=1
L 10/03/2020 - 07:46:08: [l4d_profile_checker_v12.smx] [l4d_profile_checker] #DEBUG: sFriendID 76561198835253172
L 10/03/2020 - 07:46:08: [l4d_profile_checker_v12.smx] [l4d_profile_checker] #DEBUG: begin search in whitelist 76561198835253172
L 10/03/2020 - 07:46:08: [l4d_profile_checker_v12.smx] [l4d_profile_checker] #DEBUG: link profiles/76561198835253172/?xml=1
L 10/03/2020 - 07:53:55: [l4d_profile_checker_v12.smx] [l4d_profile_checker] #DEBUG: sFriendID 76561198030971035
L 10/03/2020 - 07:53:55: [l4d_profile_checker_v12.smx] [l4d_profile_checker] #DEBUG: begin search in whitelist 76561198030971035
L 10/03/2020 - 07:53:55: [l4d_profile_checker_v12.smx] [l4d_profile_checker] #DEBUG: link profiles/76561198030971035/?xml=1
L 10/03/2020 - 07:54:08: [l4d_profile_checker_v12.smx] [l4d_profile_checker] #DEBUG: sFriendID 76561199060025746
L 10/03/2020 - 07:54:08: [l4d_profile_checker_v12.smx] [l4d_profile_checker] #DEBUG: begin search in whitelist 76561199060025746
L 10/03/2020 - 07:54:08: [l4d_profile_checker_v12.smx] [l4d_profile_checker] #DEBUG: link profiles/76561199060025746/?xml=1
L 10/03/2020 - 07:54:09: [l4d_profile_checker_v12.smx] [l4d_profile_checker] #DEBUG: sFriendID 76561198185290799
L 10/03/2020 - 07:54:09: [l4d_profile_checker_v12.smx] [l4d_profile_checker] #DEBUG: begin search in whitelist 76561198185290799
L 10/03/2020 - 07:54:09: [l4d_profile_checker_v12.smx] [l4d_profile_checker] #DEBUG: link profiles/76561198185290799/?xml=1
L 10/03/2020 - 07:55:20: [l4d_profile_checker_v12.smx] [l4d_profile_checker] #DEBUG: sFriendID 76561198276899174
L 10/03/2020 - 07:55:20: [l4d_profile_checker_v12.smx] [l4d_profile_checker] #DEBUG: begin search in whitelist 76561198276899174
L 10/03/2020 - 07:55:20: [l4d_profile_checker_v12.smx] [l4d_profile_checker] #DEBUG: link profiles/76561198276899174/?xml=1
L 10/03/2020 - 07:56:12: [l4d_profile_checker_v12.smx] [l4d_profile_checker] #DEBUG: sFriendID 76561199093470600
L 10/03/2020 - 07:56:12: [l4d_profile_checker_v12.smx] [l4d_profile_checker] #DEBUG: begin search in whitelist 76561199093470600
L 10/03/2020 - 07:56:12: [l4d_profile_checker_v12.smx] [l4d_profile_checker] #DEBUG: link profiles/76561199093470600/?xml=1
L 10/03/2020 - 07:57:47: [l4d_profile_checker_v12.smx] [l4d_profile_checker] #DEBUG: sFriendID 76561198887123373
L 10/03/2020 - 07:57:47: [l4d_profile_checker_v12.smx] [l4d_profile_checker] #DEBUG: begin search in whitelist 76561198887123373
L 10/03/2020 - 07:57:47: [l4d_profile_checker_v12.smx] [l4d_profile_checker] #DEBUG: link profiles/76561198887123373/?xml=1
L 10/03/2020 - 07:58:35: -------- Mapchange to c2m2_fairgrounds --------
L 10/03/2020 - 07:58:45: [basecommands.smx] "Console<0><Console><Console>" changed cvar (cvar "sv_force_time_of_day") (value "0")
L 10/03/2020 - 07:58:45: [basecommands.smx] "Console<0><Console><Console>" changed cvar (cvar "z_witch_damage_per_kill_hit") (value "120")
L 10/03/2020 - 07:58:45: [basecommands.smx] "Console<0><Console><Console>" changed cvar (cvar "z_witch_anger_rate") (value "0.5")
L 10/03/2020 - 07:58:45: [basecommands.smx] "Console<0><Console><Console>" changed cvar (cvar "z_witch_flashlight_range") (value "2000")
L 10/03/2020 - 07:58:45: [basecommands.smx] "Console<0><Console><Console>" changed cvar (cvar "z_witch_burn_time") (value "100")
L 10/03/2020 - 07:58:45: [basecommands.smx] "Console<0><Console><Console>" changed cvar (cvar "z_tank_health") (value "4333")
L 10/03/2020 - 07:58:45: [basecommands.smx] "Console<0><Console><Console>" changed cvar (cvar "tank_burn_duration") (value "999999")
L 10/03/2020 - 07:58:45: [basecommands.smx] "Console<0><Console><Console>" changed cvar (cvar "z_ghost_delay_min") (value "20")
L 10/03/2020 - 07:58:45: [basecommands.smx] "Console<0><Console><Console>" changed cvar (cvar "z_ghost_delay_max") (value "20")
L 10/03/2020 - 07:58:45: [basecommands.smx] "Console<0><Console><Console>" changed cvar (cvar "versus_tank_chance_intro") (value "1")
L 10/03/2020 - 07:58:45: [basecommands.smx] "Console<0><Console><Console>" changed cvar (cvar "versus_tank_chance_finale") (value "1")
L 10/03/2020 - 07:58:45: [basecommands.smx] "Console<0><Console><Console>" changed cvar (cvar "versus_tank_chance") (value "1")
L 10/03/2020 - 07:58:45: [basecommands.smx] "Console<0><Console><Console>" changed cvar (cvar "versus_witch_chance_intro") (value "0")
L 10/03/2020 - 07:58:45: [basecommands.smx] "Console<0><Console><Console>" changed cvar (cvar "versus_witch_chance_finale") (value "0")
L 10/03/2020 - 07:58:45: [basecommands.smx] "Console<0><Console><Console>" changed cvar (cvar "versus_witch_chance") (value "1")
L 10/03/2020 - 07:58:45: [basecommands.smx] "Console<0><Console><Console>" changed cvar (cvar "boomer_vomit_delay") (value "0.1")
L 10/03/2020 - 07:58:45: [basecommands.smx] "Console<0><Console><Console>" changed cvar (cvar "smoker_tongue_delay") (value "0.1")
L 10/03/2020 - 07:58:45: [basecommands.smx] "Console<0><Console><Console>" changed cvar (cvar "hostname") (value "Versus")
L 10/03/2020 - 08:00:39: [l4d_profile_checker_v12.smx] [l4d_profile_checker] #DEBUG: sFriendID 76561198836709910
L 10/03/2020 - 08:00:39: [l4d_profile_checker_v12.smx] [l4d_profile_checker] #DEBUG: begin search in whitelist 76561198836709910
L 10/03/2020 - 08:00:39: [l4d_profile_checker_v12.smx] [l4d_profile_checker] #DEBUG: link profiles/76561198836709910/?xml=1
L 10/03/2020 - 08:00:47: [l4d_profile_checker_v12.smx] [l4d_profile_checker] #DEBUG: sFriendID 76561198353030023
L 10/03/2020 - 08:00:47: [l4d_profile_checker_v12.smx] [l4d_profile_checker] #DEBUG: begin search in whitelist 76561198353030023
L 10/03/2020 - 08:00:47: [l4d_profile_checker_v12.smx] [l4d_profile_checker] #DEBUG: link profiles/76561198353030023/?xml=1
L 10/03/2020 - 08:02:06: [l4d_profile_checker_v12.smx] [l4d_profile_checker] #DEBUG: sFriendID 76561199065372824
L 10/03/2020 - 08:02:06: [l4d_profile_checker_v12.smx] [l4d_profile_checker] #DEBUG: begin search in whitelist 76561199065372824
L 10/03/2020 - 08:02:06: [l4d_profile_checker_v12.smx] [l4d_profile_checker] #DEBUG: link profiles/76561199065372824/?xml=1
L 10/03/2020 - 08:03:58: [l4d_profile_checker_v12.smx] [l4d_profile_checker] #DEBUG: sFriendID 76561198353030023
L 10/03/2020 - 08:03:58: [l4d_profile_checker_v12.smx] [l4d_profile_checker] #DEBUG: begin search in whitelist 76561198353030023
L 10/03/2020 - 08:03:58: [l4d_profile_checker_v12.smx] [l4d_profile_checker] #DEBUG: link profiles/76561198353030023/?xml=1
L 10/03/2020 - 08:04:51: [l4d_profile_checker_v12.smx] [l4d_profile_checker] #DEBUG: sFriendID 76561198298229182
L 10/03/2020 - 08:04:51: [l4d_profile_checker_v12.smx] [l4d_profile_checker] #DEBUG: begin search in whitelist 76561198298229182
L 10/03/2020 - 08:04:51: [l4d_profile_checker_v12.smx] [l4d_profile_checker] #DEBUG: link profiles/76561198298229182/?xml=1
L 10/03/2020 - 08:05:34: [l4d_profile_checker_v12.smx] [l4d_profile_checker] #DEBUG: sFriendID 76561198076873803
L 10/03/2020 - 08:05:34: [l4d_profile_checker_v12.smx] [l4d_profile_checker] #DEBUG: begin search in whitelist 76561198076873803
L 10/03/2020 - 08:05:34: [l4d_profile_checker_v12.smx] [l4d_profile_checker] #DEBUG: link profiles/76561198076873803/?xml=1
L 10/03/2020 - 08:05:44: [l4d_profile_checker_v12.smx] [l4d_profile_checker] #DEBUG: sFriendID 76561198448308999
L 10/03/2020 - 08:05:44: [l4d_profile_checker_v12.smx] [l4d_profile_checker] #DEBUG: begin search in whitelist 76561198448308999
L 10/03/2020 - 08:05:44: [l4d_profile_checker_v12.smx] [l4d_profile_checker] #DEBUG: link profiles/76561198448308999/?xml=1
L 10/03/2020 - 08:06:27: [l4d_profile_checker_v12.smx] [l4d_profile_checker] #DEBUG: sFriendID 76561198994192322
L 10/03/2020 - 08:06:27: [l4d_profile_checker_v12.smx] [l4d_profile_checker] #DEBUG: begin search in whitelist 76561198994192322
L 10/03/2020 - 08:06:27: [l4d_profile_checker_v12.smx] [l4d_profile_checker] #DEBUG: link profiles/76561198994192322/?xml=1
L 10/03/2020 - 08:08:02: [l4d_profile_checker_v12.smx] [l4d_profile_checker] #DEBUG: sFriendID 76561199054824139
L 10/03/2020 - 08:08:02: [l4d_profile_checker_v12.smx] [l4d_profile_checker] #DEBUG: begin search in whitelist 76561199054824139
L 10/03/2020 - 08:08:02: [l4d_profile_checker_v12.smx] [l4d_profile_checker] #DEBUG: link profiles/76561199054824139/?xml=1
L 10/03/2020 - 08:11:03: [l4d_profile_checker_v12.smx] [l4d_profile_checker] #DEBUG: SteamID STEAM_1:1:58304037, arg Crawler
L 10/03/2020 - 08:11:03: [l4d_profile_checker_v12.smx] [l4d_profile_checker] #DEBUG: sFriendID 76561198076873803
L 10/03/2020 - 08:11:03: [l4d_profile_checker_v12.smx] [l4d_profile_checker] #DEBUG: begin search in whitelist 76561198076873803
L 10/03/2020 - 08:11:03: [l4d_profile_checker_v12.smx] [l4d_profile_checker] #DEBUG: link profiles/76561198076873803/?xml=1
L 10/03/2020 - 08:15:13: -------- Mapchange to c2m3_coaster --------
L 10/03/2020 - 08:15:22: [basecommands.smx] "Console<0><Console><Console>" changed cvar (cvar "sv_force_time_of_day") (value "0")
L 10/03/2020 - 08:15:22: [basecommands.smx] "Console<0><Console><Console>" changed cvar (cvar "z_witch_damage_per_kill_hit") (value "120")
L 10/03/2020 - 08:15:22: [basecommands.smx] "Console<0><Console><Console>" changed cvar (cvar "z_witch_anger_rate") (value "0.5")
L 10/03/2020 - 08:15:22: [basecommands.smx] "Console<0><Console><Console>" changed cvar (cvar "z_witch_flashlight_range") (value "2000")
L 10/03/2020 - 08:15:22: [basecommands.smx] "Console<0><Console><Console>" changed cvar (cvar "z_witch_burn_time") (value "100")
L 10/03/2020 - 08:15:22: [basecommands.smx] "Console<0><Console><Console>" changed cvar (cvar "z_tank_health") (value "4333")
L 10/03/2020 - 08:15:22: [basecommands.smx] "Console<0><Console><Console>" changed cvar (cvar "tank_burn_duration") (value "999999")
L 10/03/2020 - 08:15:22: [basecommands.smx] "Console<0><Console><Console>" changed cvar (cvar "z_ghost_delay_min") (value "20")
L 10/03/2020 - 08:15:22: [basecommands.smx] "Console<0><Console><Console>" changed cvar (cvar "z_ghost_delay_max") (value "20")
L 10/03/2020 - 08:15:22: [basecommands.smx] "Console<0><Console><Console>" changed cvar (cvar "versus_tank_chance_intro") (value "1")
L 10/03/2020 - 08:15:22: [basecommands.smx] "Console<0><Console><Console>" changed cvar (cvar "versus_tank_chance_finale") (value "1")
L 10/03/2020 - 08:15:22: [basecommands.smx] "Console<0><Console><Console>" changed cvar (cvar "versus_tank_chance") (value "1")
L 10/03/2020 - 08:15:22: [basecommands.smx] "Console<0><Console><Console>" changed cvar (cvar "versus_witch_chance_intro") (value "0")
L 10/03/2020 - 08:15:22: [basecommands.smx] "Console<0><Console><Console>" changed cvar (cvar "versus_witch_chance_finale") (value "0")
L 10/03/2020 - 08:15:22: [basecommands.smx] "Console<0><Console><Console>" changed cvar (cvar "versus_witch_chance") (value "1")
L 10/03/2020 - 08:15:22: [basecommands.smx] "Console<0><Console><Console>" changed cvar (cvar "boomer_vomit_delay") (value "0.1")
L 10/03/2020 - 08:15:22: [basecommands.smx] "Console<0><Console><Console>" changed cvar (cvar "smoker_tongue_delay") (value "0.1")
L 10/03/2020 - 08:15:22: [basecommands.smx] "Console<0><Console><Console>" changed cvar (cvar "hostname") (value "Versus")
L 10/03/2020 - 08:19:27: [l4d_profile_checker_v12.smx] [l4d_profile_checker] #DEBUG: sFriendID 76561198116189385
L 10/03/2020 - 08:19:27: [l4d_profile_checker_v12.smx] [l4d_profile_checker] #DEBUG: begin search in whitelist 76561198116189385
L 10/03/2020 - 08:19:27: [l4d_profile_checker_v12.smx] [l4d_profile_checker] #DEBUG: link profiles/76561198116189385/?xml=1
L 10/03/2020 - 08:25:24: [l4d_profile_checker_v12.smx] [l4d_profile_checker] #DEBUG: sFriendID 76561198975846057
L 10/03/2020 - 08:25:24: [l4d_profile_checker_v12.smx] [l4d_profile_checker] #DEBUG: begin search in whitelist 76561198975846057
L 10/03/2020 - 08:25:24: [l4d_profile_checker_v12.smx] [l4d_profile_checker] #DEBUG: link profiles/76561198975846057/?xml=1
L 10/03/2020 - 08:27:26: [l4d_profile_checker_v12.smx] [l4d_profile_checker] #DEBUG: sFriendID 76561198116189385
L 10/03/2020 - 08:27:26: [l4d_profile_checker_v12.smx] [l4d_profile_checker] #DEBUG: begin search in whitelist 76561198116189385
L 10/03/2020 - 08:27:26: [l4d_profile_checker_v12.smx] [l4d_profile_checker] #DEBUG: link profiles/76561198116189385/?xml=1
L 10/03/2020 - 08:29:03: [l4d2_tankswap.smx] TakeTank Command used while client menu was active, shutting down client menu
L 10/03/2020 - 08:29:03: [l4d2_tankswap.smx] ReplaceTank being called, client 트위치 : 하와스 target ♛ Rain ♛
L 10/03/2020 - 08:29:03: [l4d2_tankswap.smx] ZombieManager pointer: 0x3bc6c00
L 10/03/2020 - 08:30:57: Log file closed.
L 10/03/2020 - 21:40:03: SourceMod log file session started (file "E:\Steam\steamapps\common\Left 4 Dead 2\left4dead2\addons\sourcemod\logs\L20201003.log") (Version "1.10.0.6492")
L 10/03/2020 - 21:40:03: [simplewelcomemsg.smx] Set the maximum number of lines of.
L 10/03/2020 - 21:40:42: [basecommands.smx] "Console<0><Console><Console>" changed cvar (cvar "sv_force_time_of_day") (value "0")
L 10/03/2020 - 21:40:42: [basecommands.smx] "Console<0><Console><Console>" changed cvar (cvar "z_witch_damage_per_kill_hit") (value "120")
L 10/03/2020 - 21:40:42: [basecommands.smx] "Console<0><Console><Console>" changed cvar (cvar "z_witch_anger_rate") (value "0.5")
L 10/03/2020 - 21:40:42: [basecommands.smx] "Console<0><Console><Console>" changed cvar (cvar "z_witch_flashlight_range") (value "2000")
L 10/03/2020 - 21:40:42: [basecommands.smx] "Console<0><Console><Console>" changed cvar (cvar "z_witch_burn_time") (value "100")
L 10/03/2020 - 21:40:42: [basecommands.smx] "Console<0><Console><Console>" changed cvar (cvar "z_tank_health") (value "4333")
L 10/03/2020 - 21:40:42: [basecommands.smx] "Console<0><Console><Console>" changed cvar (cvar "tank_burn_duration") (value "999999")
L 10/03/2020 - 21:40:42: [basecommands.smx] "Console<0><Console><Console>" changed cvar (cvar "z_ghost_delay_min") (value "20")
L 10/03/2020 - 21:40:42: [basecommands.smx] "Console<0><Console><Console>" changed cvar (cvar "z_ghost_delay_max") (value "20")
L 10/03/2020 - 21:40:42: [basecommands.smx] "Console<0><Console><Console>" changed cvar (cvar "versus_tank_chance_intro") (value "1")
L 10/03/2020 - 21:40:42: [basecommands.smx] "Console<0><Console><Console>" changed cvar (cvar "versus_tank_chance_finale") (value "1")
L 10/03/2020 - 21:40:42: [basecommands.smx] "Console<0><Console><Console>" changed cvar (cvar "versus_tank_chance") (value "1")
L 10/03/2020 - 21:40:42: [basecommands.smx] "Console<0><Console><Console>" changed cvar (cvar "versus_witch_chance_intro") (value "0")
L 10/03/2020 - 21:40:42: [basecommands.smx] "Console<0><Console><Console>" changed cvar (cvar "versus_witch_chance_finale") (value "0")
L 10/03/2020 - 21:40:42: [basecommands.smx] "Console<0><Console><Console>" changed cvar (cvar "versus_witch_chance") (value "1")
L 10/03/2020 - 21:40:42: [basecommands.smx] "Console<0><Console><Console>" changed cvar (cvar "boomer_vomit_delay") (value "0.1")
L 10/03/2020 - 21:40:42: [basecommands.smx] "Console<0><Console><Console>" changed cvar (cvar "smoker_tongue_delay") (value "0.1")
L 10/03/2020 - 21:40:42: [basecommands.smx] "Console<0><Console><Console>" changed cvar (cvar "hostname") (value "Versus")
L 10/03/2020 - 21:41:31: [l4d_profile_checker_v12.smx] [l4d_profile_checker] #DEBUG: sFriendID 76561198285791180
L 10/03/2020 - 21:41:31: [l4d_profile_checker_v12.smx] [l4d_profile_checker] #DEBUG: begin search in whitelist 76561198285791180
L 10/03/2020 - 21:41:31: [l4d_profile_checker_v12.smx] [l4d_profile_checker] #DEBUG: link profiles/76561198285791180/?xml=1
L 10/03/2020 - 21:42:11: [l4d_profile_checker_v12.smx] [l4d_profile_checker] #DEBUG: sFriendID 76561199070440216
L 10/03/2020 - 21:42:11: [l4d_profile_checker_v12.smx] [l4d_profile_checker] #DEBUG: begin search in whitelist 76561199070440216
L 10/03/2020 - 21:42:11: [l4d_profile_checker_v12.smx] [l4d_profile_checker] #DEBUG: link profiles/76561199070440216/?xml=1
L 10/03/2020 - 22:00:15: [admin_hp.smx]  
L 10/03/2020 - 22:22:47: -------- Mapchange to re1m2 --------
L 10/03/2020 - 22:22:57: [basecommands.smx] "Console<0><Console><Console>" changed cvar (cvar "sv_force_time_of_day") (value "0")
L 10/03/2020 - 22:22:57: [basecommands.smx] "Console<0><Console><Console>" changed cvar (cvar "z_witch_damage_per_kill_hit") (value "120")
L 10/03/2020 - 22:22:57: [basecommands.smx] "Console<0><Console><Console>" changed cvar (cvar "z_witch_anger_rate") (value "0.5")
L 10/03/2020 - 22:22:57: [basecommands.smx] "Console<0><Console><Console>" changed cvar (cvar "z_witch_flashlight_range") (value "2000")
L 10/03/2020 - 22:22:57: [basecommands.smx] "Console<0><Console><Console>" changed cvar (cvar "z_witch_burn_time") (value "100")
L 10/03/2020 - 22:22:57: [basecommands.smx] "Console<0><Console><Console>" changed cvar (cvar "z_tank_health") (value "4333")
L 10/03/2020 - 22:22:57: [basecommands.smx] "Console<0><Console><Console>" changed cvar (cvar "tank_burn_duration") (value "999999")
L 10/03/2020 - 22:22:57: [basecommands.smx] "Console<0><Console><Console>" changed cvar (cvar "z_ghost_delay_min") (value "20")
L 10/03/2020 - 22:22:57: [basecommands.smx] "Console<0><Console><Console>" changed cvar (cvar "z_ghost_delay_max") (value "20")
L 10/03/2020 - 22:22:57: [basecommands.smx] "Console<0><Console><Console>" changed cvar (cvar "versus_tank_chance_intro") (value "1")
L 10/03/2020 - 22:22:57: [basecommands.smx] "Console<0><Console><Console>" changed cvar (cvar "versus_tank_chance_finale") (value "1")
L 10/03/2020 - 22:22:57: [basecommands.smx] "Console<0><Console><Console>" changed cvar (cvar "versus_tank_chance") (value "1")
L 10/03/2020 - 22:22:57: [basecommands.smx] "Console<0><Console><Console>" changed cvar (cvar "versus_witch_chance_intro") (value "0")
L 10/03/2020 - 22:22:57: [basecommands.smx] "Console<0><Console><Console>" changed cvar (cvar "versus_witch_chance_finale") (value "0")
L 10/03/2020 - 22:22:57: [basecommands.smx] "Console<0><Console><Console>" changed cvar (cvar "versus_witch_chance") (value "1")
L 10/03/2020 - 22:22:57: [basecommands.smx] "Console<0><Console><Console>" changed cvar (cvar "boomer_vomit_delay") (value "0.1")
L 10/03/2020 - 22:22:57: [basecommands.smx] "Console<0><Console><Console>" changed cvar (cvar "smoker_tongue_delay") (value "0.1")
L 10/03/2020 - 22:22:57: [basecommands.smx] "Console<0><Console><Console>" changed cvar (cvar "hostname") (value "Versus")
L 10/03/2020 - 22:53:25: -------- Mapchange to re1m3 --------
L 10/03/2020 - 22:53:36: [basecommands.smx] "Console<0><Console><Console>" changed cvar (cvar "sv_force_time_of_day") (value "0")
L 10/03/2020 - 22:53:37: [basecommands.smx] "Console<0><Console><Console>" changed cvar (cvar "z_witch_damage_per_kill_hit") (value "120")
L 10/03/2020 - 22:53:37: [basecommands.smx] "Console<0><Console><Console>" changed cvar (cvar "z_witch_anger_rate") (value "0.5")
L 10/03/2020 - 22:53:37: [basecommands.smx] "Console<0><Console><Console>" changed cvar (cvar "z_witch_flashlight_range") (value "2000")
L 10/03/2020 - 22:53:37: [basecommands.smx] "Console<0><Console><Console>" changed cvar (cvar "z_witch_burn_time") (value "100")
L 10/03/2020 - 22:53:37: [basecommands.smx] "Console<0><Console><Console>" changed cvar (cvar "z_tank_health") (value "4333")
L 10/03/2020 - 22:53:37: [basecommands.smx] "Console<0><Console><Console>" changed cvar (cvar "tank_burn_duration") (value "999999")
L 10/03/2020 - 22:53:37: [basecommands.smx] "Console<0><Console><Console>" changed cvar (cvar "z_ghost_delay_min") (value "20")
L 10/03/2020 - 22:53:37: [basecommands.smx] "Console<0><Console><Console>" changed cvar (cvar "z_ghost_delay_max") (value "20")
L 10/03/2020 - 22:53:37: [basecommands.smx] "Console<0><Console><Console>" changed cvar (cvar "versus_tank_chance_intro") (value "1")
L 10/03/2020 - 22:53:37: [basecommands.smx] "Console<0><Console><Console>" changed cvar (cvar "versus_tank_chance_finale") (value "1")
L 10/03/2020 - 22:53:37: [basecommands.smx] "Console<0><Console><Console>" changed cvar (cvar "versus_tank_chance") (value "1")
L 10/03/2020 - 22:53:37: [basecommands.smx] "Console<0><Console><Console>" changed cvar (cvar "versus_witch_chance_intro") (value "0")
L 10/03/2020 - 22:53:37: [basecommands.smx] "Console<0><Console><Console>" changed cvar (cvar "versus_witch_chance_finale") (value "0")
L 10/03/2020 - 22:53:37: [basecommands.smx] "Console<0><Console><Console>" changed cvar (cvar "versus_witch_chance") (value "1")
L 10/03/2020 - 22:53:37: [basecommands.smx] "Console<0><Console><Console>" changed cvar (cvar "boomer_vomit_delay") (value "0.1")
L 10/03/2020 - 22:53:37: [basecommands.smx] "Console<0><Console><Console>" changed cvar (cvar "smoker_tongue_delay") (value "0.1")
L 10/03/2020 - 22:53:37: [basecommands.smx] "Console<0><Console><Console>" changed cvar (cvar "hostname") (value "Versus")
L 10/03/2020 - 23:07:40: -------- Mapchange to re1m4 --------
L 10/03/2020 - 23:07:51: [basecommands.smx] "Console<0><Console><Console>" changed cvar (cvar "sv_force_time_of_day") (value "0")
L 10/03/2020 - 23:07:51: [basecommands.smx] "Console<0><Console><Console>" changed cvar (cvar "z_witch_damage_per_kill_hit") (value "120")
L 10/03/2020 - 23:07:51: [basecommands.smx] "Console<0><Console><Console>" changed cvar (cvar "z_witch_anger_rate") (value "0.5")
L 10/03/2020 - 23:07:51: [basecommands.smx] "Console<0><Console><Console>" changed cvar (cvar "z_witch_flashlight_range") (value "2000")
L 10/03/2020 - 23:07:51: [basecommands.smx] "Console<0><Console><Console>" changed cvar (cvar "z_witch_burn_time") (value "100")
L 10/03/2020 - 23:07:51: [basecommands.smx] "Console<0><Console><Console>" changed cvar (cvar "z_tank_health") (value "4333")
L 10/03/2020 - 23:07:51: [basecommands.smx] "Console<0><Console><Console>" changed cvar (cvar "tank_burn_duration") (value "999999")
L 10/03/2020 - 23:07:51: [basecommands.smx] "Console<0><Console><Console>" changed cvar (cvar "z_ghost_delay_min") (value "20")
L 10/03/2020 - 23:07:51: [basecommands.smx] "Console<0><Console><Console>" changed cvar (cvar "z_ghost_delay_max") (value "20")
L 10/03/2020 - 23:07:51: [basecommands.smx] "Console<0><Console><Console>" changed cvar (cvar "versus_tank_chance_intro") (value "1")
L 10/03/2020 - 23:07:51: [basecommands.smx] "Console<0><Console><Console>" changed cvar (cvar "versus_tank_chance_finale") (value "1")
L 10/03/2020 - 23:07:51: [basecommands.smx] "Console<0><Console><Console>" changed cvar (cvar "versus_tank_chance") (value "1")
L 10/03/2020 - 23:07:51: [basecommands.smx] "Console<0><Console><Console>" changed cvar (cvar "versus_witch_chance_intro") (value "0")
L 10/03/2020 - 23:07:51: [basecommands.smx] "Console<0><Console><Console>" changed cvar (cvar "versus_witch_chance_finale") (value "0")
L 10/03/2020 - 23:07:51: [basecommands.smx] "Console<0><Console><Console>" changed cvar (cvar "versus_witch_chance") (value "1")
L 10/03/2020 - 23:07:51: [basecommands.smx] "Console<0><Console><Console>" changed cvar (cvar "boomer_vomit_delay") (value "0.1")
L 10/03/2020 - 23:07:51: [basecommands.smx] "Console<0><Console><Console>" changed cvar (cvar "smoker_tongue_delay") (value "0.1")
L 10/03/2020 - 23:07:51: [basecommands.smx] "Console<0><Console><Console>" changed cvar (cvar "hostname") (value "Versus")
L 10/03/2020 - 23:15:39: [admin_hp.smx]  
L 10/03/2020 - 23:15:48: [admin_hp.smx]  
L 10/03/2020 - 23:15:57: [admin_hp.smx]  
L 10/03/2020 - 23:16:10: [admin_hp.smx]  
L 10/03/2020 - 23:16:27: [admin_hp.smx]  
L 10/03/2020 - 23:19:40: [funcommands.smx] "♛ Rain ♛<2><STEAM_1:0:162762726><>" toggled noclip on "♛ Rain ♛<2><STEAM_1:0:162762726><>"
L 10/03/2020 - 23:19:49: [funcommands.smx] "♛ Rain ♛<2><STEAM_1:0:162762726><>" toggled noclip on "♛ Rain ♛<2><STEAM_1:0:162762726><>"
L 10/03/2020 - 23:19:54: [admin_hp.smx]  
L 10/03/2020 - 23:25:55: -------- Mapchange to re1m5 --------
L 10/03/2020 - 23:26:04: [basecommands.smx] "Console<0><Console><Console>" changed cvar (cvar "sv_force_time_of_day") (value "0")
L 10/03/2020 - 23:26:04: [basecommands.smx] "Console<0><Console><Console>" changed cvar (cvar "z_witch_damage_per_kill_hit") (value "120")
L 10/03/2020 - 23:26:04: [basecommands.smx] "Console<0><Console><Console>" changed cvar (cvar "z_witch_anger_rate") (value "0.5")
L 10/03/2020 - 23:26:04: [basecommands.smx] "Console<0><Console><Console>" changed cvar (cvar "z_witch_flashlight_range") (value "2000")
L 10/03/2020 - 23:26:04: [basecommands.smx] "Console<0><Console><Console>" changed cvar (cvar "z_witch_burn_time") (value "100")
L 10/03/2020 - 23:26:04: [basecommands.smx] "Console<0><Console><Console>" changed cvar (cvar "z_tank_health") (value "4333")
L 10/03/2020 - 23:26:04: [basecommands.smx] "Console<0><Console><Console>" changed cvar (cvar "tank_burn_duration") (value "999999")
L 10/03/2020 - 23:26:05: [basecommands.smx] "Console<0><Console><Console>" changed cvar (cvar "z_ghost_delay_min") (value "20")
L 10/03/2020 - 23:26:05: [basecommands.smx] "Console<0><Console><Console>" changed cvar (cvar "z_ghost_delay_max") (value "20")
L 10/03/2020 - 23:26:05: [basecommands.smx] "Console<0><Console><Console>" changed cvar (cvar "versus_tank_chance_intro") (value "1")
L 10/03/2020 - 23:26:05: [basecommands.smx] "Console<0><Console><Console>" changed cvar (cvar "versus_tank_chance_finale") (value "1")
L 10/03/2020 - 23:26:05: [basecommands.smx] "Console<0><Console><Console>" changed cvar (cvar "versus_tank_chance") (value "1")
L 10/03/2020 - 23:26:05: [basecommands.smx] "Console<0><Console><Console>" changed cvar (cvar "versus_witch_chance_intro") (value "0")
L 10/03/2020 - 23:26:05: [basecommands.smx] "Console<0><Console><Console>" changed cvar (cvar "versus_witch_chance_finale") (value "0")
L 10/03/2020 - 23:26:05: [basecommands.smx] "Console<0><Console><Console>" changed cvar (cvar "versus_witch_chance") (value "1")
L 10/03/2020 - 23:26:05: [basecommands.smx] "Console<0><Console><Console>" changed cvar (cvar "boomer_vomit_delay") (value "0.1")
L 10/03/2020 - 23:26:05: [basecommands.smx] "Console<0><Console><Console>" changed cvar (cvar "smoker_tongue_delay") (value "0.1")
L 10/03/2020 - 23:26:05: [basecommands.smx] "Console<0><Console><Console>" changed cvar (cvar "hostname") (value "Versus")
L 10/03/2020 - 23:52:46: -------- Mapchange to re1m6 --------
L 10/03/2020 - 23:52:54: [basecommands.smx] "Console<0><Console><Console>" changed cvar (cvar "sv_force_time_of_day") (value "0")
L 10/03/2020 - 23:52:54: [basecommands.smx] "Console<0><Console><Console>" changed cvar (cvar "z_witch_damage_per_kill_hit") (value "120")
L 10/03/2020 - 23:52:54: [basecommands.smx] "Console<0><Console><Console>" changed cvar (cvar "z_witch_anger_rate") (value "0.5")
L 10/03/2020 - 23:52:54: [basecommands.smx] "Console<0><Console><Console>" changed cvar (cvar "z_witch_flashlight_range") (value "2000")
L 10/03/2020 - 23:52:54: [basecommands.smx] "Console<0><Console><Console>" changed cvar (cvar "z_witch_burn_time") (value "100")
L 10/03/2020 - 23:52:54: [basecommands.smx] "Console<0><Console><Console>" changed cvar (cvar "z_tank_health") (value "4333")
L 10/03/2020 - 23:52:55: [basecommands.smx] "Console<0><Console><Console>" changed cvar (cvar "tank_burn_duration") (value "999999")
L 10/03/2020 - 23:52:55: [basecommands.smx] "Console<0><Console><Console>" changed cvar (cvar "z_ghost_delay_min") (value "20")
L 10/03/2020 - 23:52:55: [basecommands.smx] "Console<0><Console><Console>" changed cvar (cvar "z_ghost_delay_max") (value "20")
L 10/03/2020 - 23:52:55: [basecommands.smx] "Console<0><Console><Console>" changed cvar (cvar "versus_tank_chance_intro") (value "1")
L 10/03/2020 - 23:52:55: [basecommands.smx] "Console<0><Console><Console>" changed cvar (cvar "versus_tank_chance_finale") (value "1")
L 10/03/2020 - 23:52:55: [basecommands.smx] "Console<0><Console><Console>" changed cvar (cvar "versus_tank_chance") (value "1")
L 10/03/2020 - 23:52:55: [basecommands.smx] "Console<0><Console><Console>" changed cvar (cvar "versus_witch_chance_intro") (value "0")
L 10/03/2020 - 23:52:55: [basecommands.smx] "Console<0><Console><Console>" changed cvar (cvar "versus_witch_chance_finale") (value "0")
L 10/03/2020 - 23:52:55: [basecommands.smx] "Console<0><Console><Console>" changed cvar (cvar "versus_witch_chance") (value "1")
L 10/03/2020 - 23:52:55: [basecommands.smx] "Console<0><Console><Console>" changed cvar (cvar "boomer_vomit_delay") (value "0.1")
L 10/03/2020 - 23:52:55: [basecommands.smx] "Console<0><Console><Console>" changed cvar (cvar "smoker_tongue_delay") (value "0.1")
L 10/03/2020 - 23:52:55: [basecommands.smx] "Console<0><Console><Console>" changed cvar (cvar "hostname") (value "Versus")
L 10/04/2020 - 00:00:15: Log file closed.
