L 12/12/2020 - 00:00:34: SourceMod log file session started (file "D:\Steam\steamapps\common\Left 4 Dead 2\left4dead2\addons\sourcemod\logs\L20201212.log") (Version "1.10.0.6492")
L 12/12/2020 - 00:00:34: [l4d2_skill_detect.smx] Clear: 4 freed 5 from 6: time: 2.47 / -1.00 -- class: hunter (with shove? 1)
L 12/12/2020 - 00:01:25: [admin_hp.smx]  
L 12/12/2020 - 00:06:36: [l4d2_skill_detect.smx] Charge carry start: 2 - 4 -- time: 598.64
L 12/12/2020 - 00:06:40: [l4d2_skill_detect.smx] Checking charge victim: 2 - 4 - flags: 1 (alive? 1)
L 12/12/2020 - 00:06:47: [l4d2_skill_detect.smx] Clear: 8 freed 5 from 7: time: 11.32 / -1.00 -- class: hunter (with shove? 0)
L 12/12/2020 - 00:06:50: [l4d2_skill_detect.smx] Clear: 8 freed 4 from 2: time: 12.60 / 13.75 -- class: charger (with shove? 0)
L 12/12/2020 - 00:06:57: [l4d2_skill_detect.smx] Clear: 8 freed 3 from 6: time: 1.95 / -1.00 -- class: jockey (with shove? 0)
L 12/12/2020 - 00:08:44: [l4d2_skill_detect.smx] Charge carry start: 6 - 5 -- time: 726.05
L 12/12/2020 - 00:08:48: [l4d2_skill_detect.smx] Checking charge victim: 6 - 5 - flags: 1 (alive? 1)
L 12/12/2020 - 00:08:49: [l4d2_skill_detect.smx] Clear: 4 freed 5 from 6: time: 2.57 / 5.35 -- class: charger (with shove? 0)
L 12/12/2020 - 00:11:25: [l4d2_skill_detect.smx] Clear: 8 freed 5 from 2: time: -1.00 / 5.70 -- class: smoker (with shove? 0)
L 12/12/2020 - 00:11:33: [admin_hp.smx]  
L 12/12/2020 - 00:31:57: [l4d2_skill_detect.smx] Clear: 4 freed 8 from 6: time: 0.15 / -1.00 -- class: hunter (with shove? 0)
L 12/12/2020 - 00:32:04: [admin_hp.smx]  
L 12/12/2020 - 00:35:23: [l4d2_skill_detect.smx] Clear: 4 freed 1 from 3: time: 1.16 / -1.00 -- class: hunter (with shove? 0)
L 12/12/2020 - 00:45:05: -------- Mapchange to c2m1_highway --------
L 12/12/2020 - 00:45:07: [basecommands.smx] "Console<0><Console><Console>" changed cvar (cvar "sv_force_time_of_day") (value "0")
L 12/12/2020 - 00:45:07: [basecommands.smx] "Console<0><Console><Console>" changed cvar (cvar "z_witch_damage_per_kill_hit") (value "120")
L 12/12/2020 - 00:45:07: [basecommands.smx] "Console<0><Console><Console>" changed cvar (cvar "z_witch_anger_rate") (value "0.4")
L 12/12/2020 - 00:45:07: [basecommands.smx] "Console<0><Console><Console>" changed cvar (cvar "z_witch_flashlight_range") (value "2000")
L 12/12/2020 - 00:45:07: [basecommands.smx] "Console<0><Console><Console>" changed cvar (cvar "z_witch_burn_time") (value "100")
L 12/12/2020 - 00:45:07: [basecommands.smx] "Console<0><Console><Console>" changed cvar (cvar "z_tank_health") (value "4000")
L 12/12/2020 - 00:45:07: [basecommands.smx] "Console<0><Console><Console>" changed cvar (cvar "z_ghost_delay_min") (value "15")
L 12/12/2020 - 00:45:07: [basecommands.smx] "Console<0><Console><Console>" changed cvar (cvar "z_ghost_delay_max") (value "15")
L 12/12/2020 - 00:45:07: [basecommands.smx] "Console<0><Console><Console>" changed cvar (cvar "z_hunter_limit") (value "1")
L 12/12/2020 - 00:45:07: [basecommands.smx] "Console<0><Console><Console>" changed cvar (cvar "z_smoker_limit") (value "1")
L 12/12/2020 - 00:45:07: [basecommands.smx] "Console<0><Console><Console>" changed cvar (cvar "z_jockey_limit") (value "1")
L 12/12/2020 - 00:45:07: [basecommands.smx] "Console<0><Console><Console>" changed cvar (cvar "versus_tank_chance_intro") (value "1")
L 12/12/2020 - 00:45:07: [basecommands.smx] "Console<0><Console><Console>" changed cvar (cvar "versus_tank_chance_finale") (value "1")
L 12/12/2020 - 00:45:07: [basecommands.smx] "Console<0><Console><Console>" changed cvar (cvar "versus_tank_chance") (value "1")
L 12/12/2020 - 00:45:07: [basecommands.smx] "Console<0><Console><Console>" changed cvar (cvar "versus_witch_chance_intro") (value "0")
L 12/12/2020 - 00:45:07: [basecommands.smx] "Console<0><Console><Console>" changed cvar (cvar "versus_witch_chance_finale") (value "0")
L 12/12/2020 - 00:45:07: [basecommands.smx] "Console<0><Console><Console>" changed cvar (cvar "versus_witch_chance") (value "1")
L 12/12/2020 - 00:45:07: [basecommands.smx] "Console<0><Console><Console>" changed cvar (cvar "director_force_tank") (value "1")
L 12/12/2020 - 00:45:07: [basecommands.smx] "Console<0><Console><Console>" changed cvar (cvar "versus_boss_flow_min") (value "0.4")
L 12/12/2020 - 00:45:07: [basecommands.smx] "Console<0><Console><Console>" changed cvar (cvar "versus_boss_flow_max") (value "0.6")
L 12/12/2020 - 00:45:07: [basecommands.smx] "Console<0><Console><Console>" changed cvar (cvar "versus_boss_flow_min_intro") (value "0.1")
L 12/12/2020 - 00:45:07: [basecommands.smx] "Console<0><Console><Console>" changed cvar (cvar "versus_boss_flow_max_intro") (value "0.2")
L 12/12/2020 - 00:45:07: [basecommands.smx] "Console<0><Console><Console>" changed cvar (cvar "versus_boss_flow_min_finale") (value "0.1")
L 12/12/2020 - 00:45:07: [basecommands.smx] "Console<0><Console><Console>" changed cvar (cvar "versus_boss_flow_max_finale") (value "0.2")
L 12/12/2020 - 00:45:07: [basecommands.smx] "Console<0><Console><Console>" changed cvar (cvar "boomer_vomit_delay") (value "0.1")
L 12/12/2020 - 00:45:07: [basecommands.smx] "Console<0><Console><Console>" changed cvar (cvar "smoker_tongue_delay") (value "0.1")
L 12/12/2020 - 00:45:07: [basecommands.smx] "Console<0><Console><Console>" changed cvar (cvar "vs_survival_bonus") (value "35")
L 12/12/2020 - 00:45:07: [basecommands.smx] "Console<0><Console><Console>" changed cvar (cvar "z_tank_throw_health") (value "10")
L 12/12/2020 - 00:45:07: [basecommands.smx] "Console<0><Console><Console>" changed cvar (cvar "sv_client_min_interp_ratio") (value "-1")
L 12/12/2020 - 00:45:07: [basecommands.smx] "Console<0><Console><Console>" changed cvar (cvar "sv_client_max_interp_ratio") (value "0")
L 12/12/2020 - 00:45:07: [basecommands.smx] "Console<0><Console><Console>" changed cvar (cvar "sv_minrate") (value "100000")
L 12/12/2020 - 00:45:07: [basecommands.smx] "Console<0><Console><Console>" changed cvar (cvar "sv_maxrate") (value "100000")
L 12/12/2020 - 00:45:07: [basecommands.smx] "Console<0><Console><Console>" changed cvar (cvar "sv_mincmdrate") (value "100")
L 12/12/2020 - 00:45:07: [basecommands.smx] "Console<0><Console><Console>" changed cvar (cvar "sv_maxcmdrate") (value "100")
L 12/12/2020 - 00:45:07: [basecommands.smx] "Console<0><Console><Console>" changed cvar (cvar "sv_minupdaterate") (value "100")
L 12/12/2020 - 00:45:07: [basecommands.smx] "Console<0><Console><Console>" changed cvar (cvar "sv_maxupdaterate") (value "100")
L 12/12/2020 - 00:45:07: [basecommands.smx] "Console<0><Console><Console>" changed cvar (cvar "nb_update_frequency") (value "0.014")
L 12/12/2020 - 00:45:07: [basecommands.smx] "Console<0><Console><Console>" changed cvar (cvar "net_splitpacket_maxrate") (value "50000")
L 12/12/2020 - 00:45:07: [basecommands.smx] "Console<0><Console><Console>" changed cvar (cvar "fps_max") (value "0")
L 12/12/2020 - 00:45:07: [basecommands.smx] "Console<0><Console><Console>" changed cvar (cvar "hostname") (value "Versus")
L 12/12/2020 - 01:00:04: [l4d2_skill_detect.smx] Clear: 4 freed 1 from 7: time: 0.11 / 3.13 -- class: smoker (with shove? 1)
L 12/12/2020 - 01:05:51: [l4d2_skill_detect.smx] Charge carry start: 7 - 3 -- time: 270.91
L 12/12/2020 - 01:05:55: [playercommands.smx] "♛ Rain ♛<2><STEAM_1:0:162762726><>" slayed "Tank<60><BOT><>"
L 12/12/2020 - 01:05:55: [playercommands.smx] "♛ Rain ♛<2><STEAM_1:0:162762726><>" slayed "Smoker<61><BOT><>"
L 12/12/2020 - 01:05:56: [l4d2_skill_detect.smx] Checking charge victim: 7 - 2 - flags: 0 (alive? 1)
L 12/12/2020 - 01:05:56: [l4d2_skill_detect.smx] Checking charge victim: 7 - 3 - flags: 1 (alive? 1)
L 12/12/2020 - 01:05:56: [playercommands.smx] "♛ Rain ♛<2><STEAM_1:0:162762726><>" slayed "Charger<62><BOT><>"
L 12/12/2020 - 01:05:56: [l4d2_skill_detect.smx] Clear: 7 freed 3 from 7: time: 1.75 / 5.12 -- class: charger (with shove? 0)
L 12/12/2020 - 01:05:59: [admin_hp.smx]  
L 12/12/2020 - 01:07:05: [l4d2_skill_detect.smx] Clear: 1 freed 3 from 5: time: 2.52 / -1.00 -- class: hunter (with shove? 0)
L 12/12/2020 - 01:07:09: [l4d2_skill_detect.smx] Clear: 4 freed 1 from 7: time: -1.00 / 1.95 -- class: smoker (with shove? 1)
L 12/12/2020 - 01:09:52: [l4d2_skill_detect.smx] Clear: 1 freed 1 from 7: time: -1.00 / 0.67 -- class: smoker (with shove? 0)
L 12/12/2020 - 01:10:33: -------- Mapchange to c2m2_fairgrounds --------
L 12/12/2020 - 01:10:35: [basecommands.smx] "Console<0><Console><Console>" changed cvar (cvar "sv_force_time_of_day") (value "0")
L 12/12/2020 - 01:10:35: [basecommands.smx] "Console<0><Console><Console>" changed cvar (cvar "z_witch_damage_per_kill_hit") (value "120")
L 12/12/2020 - 01:10:35: [basecommands.smx] "Console<0><Console><Console>" changed cvar (cvar "z_witch_anger_rate") (value "0.4")
L 12/12/2020 - 01:10:35: [basecommands.smx] "Console<0><Console><Console>" changed cvar (cvar "z_witch_flashlight_range") (value "2000")
L 12/12/2020 - 01:10:35: [basecommands.smx] "Console<0><Console><Console>" changed cvar (cvar "z_witch_burn_time") (value "100")
L 12/12/2020 - 01:10:35: [basecommands.smx] "Console<0><Console><Console>" changed cvar (cvar "z_tank_health") (value "4000")
L 12/12/2020 - 01:10:35: [basecommands.smx] "Console<0><Console><Console>" changed cvar (cvar "z_ghost_delay_min") (value "15")
L 12/12/2020 - 01:10:35: [basecommands.smx] "Console<0><Console><Console>" changed cvar (cvar "z_ghost_delay_max") (value "15")
L 12/12/2020 - 01:10:35: [basecommands.smx] "Console<0><Console><Console>" changed cvar (cvar "z_hunter_limit") (value "1")
L 12/12/2020 - 01:10:35: [basecommands.smx] "Console<0><Console><Console>" changed cvar (cvar "z_smoker_limit") (value "1")
L 12/12/2020 - 01:10:35: [basecommands.smx] "Console<0><Console><Console>" changed cvar (cvar "z_jockey_limit") (value "1")
L 12/12/2020 - 01:10:35: [basecommands.smx] "Console<0><Console><Console>" changed cvar (cvar "versus_tank_chance_intro") (value "1")
L 12/12/2020 - 01:10:35: [basecommands.smx] "Console<0><Console><Console>" changed cvar (cvar "versus_tank_chance_finale") (value "1")
L 12/12/2020 - 01:10:35: [basecommands.smx] "Console<0><Console><Console>" changed cvar (cvar "versus_tank_chance") (value "1")
L 12/12/2020 - 01:10:35: [basecommands.smx] "Console<0><Console><Console>" changed cvar (cvar "versus_witch_chance_intro") (value "0")
L 12/12/2020 - 01:10:35: [basecommands.smx] "Console<0><Console><Console>" changed cvar (cvar "versus_witch_chance_finale") (value "0")
L 12/12/2020 - 01:10:35: [basecommands.smx] "Console<0><Console><Console>" changed cvar (cvar "versus_witch_chance") (value "1")
L 12/12/2020 - 01:10:35: [basecommands.smx] "Console<0><Console><Console>" changed cvar (cvar "director_force_tank") (value "1")
L 12/12/2020 - 01:10:35: [basecommands.smx] "Console<0><Console><Console>" changed cvar (cvar "versus_boss_flow_min") (value "0.4")
L 12/12/2020 - 01:10:35: [basecommands.smx] "Console<0><Console><Console>" changed cvar (cvar "versus_boss_flow_max") (value "0.6")
L 12/12/2020 - 01:10:35: [basecommands.smx] "Console<0><Console><Console>" changed cvar (cvar "versus_boss_flow_min_intro") (value "0.1")
L 12/12/2020 - 01:10:35: [basecommands.smx] "Console<0><Console><Console>" changed cvar (cvar "versus_boss_flow_max_intro") (value "0.2")
L 12/12/2020 - 01:10:35: [basecommands.smx] "Console<0><Console><Console>" changed cvar (cvar "versus_boss_flow_min_finale") (value "0.1")
L 12/12/2020 - 01:10:35: [basecommands.smx] "Console<0><Console><Console>" changed cvar (cvar "versus_boss_flow_max_finale") (value "0.2")
L 12/12/2020 - 01:10:35: [basecommands.smx] "Console<0><Console><Console>" changed cvar (cvar "boomer_vomit_delay") (value "0.1")
L 12/12/2020 - 01:10:35: [basecommands.smx] "Console<0><Console><Console>" changed cvar (cvar "smoker_tongue_delay") (value "0.1")
L 12/12/2020 - 01:10:35: [basecommands.smx] "Console<0><Console><Console>" changed cvar (cvar "vs_survival_bonus") (value "35")
L 12/12/2020 - 01:10:35: [basecommands.smx] "Console<0><Console><Console>" changed cvar (cvar "z_tank_throw_health") (value "10")
L 12/12/2020 - 01:10:35: [basecommands.smx] "Console<0><Console><Console>" changed cvar (cvar "sv_client_min_interp_ratio") (value "-1")
L 12/12/2020 - 01:10:35: [basecommands.smx] "Console<0><Console><Console>" changed cvar (cvar "sv_client_max_interp_ratio") (value "0")
L 12/12/2020 - 01:10:35: [basecommands.smx] "Console<0><Console><Console>" changed cvar (cvar "sv_minrate") (value "100000")
L 12/12/2020 - 01:10:35: [basecommands.smx] "Console<0><Console><Console>" changed cvar (cvar "sv_maxrate") (value "100000")
L 12/12/2020 - 01:10:35: [basecommands.smx] "Console<0><Console><Console>" changed cvar (cvar "sv_mincmdrate") (value "100")
L 12/12/2020 - 01:10:35: [basecommands.smx] "Console<0><Console><Console>" changed cvar (cvar "sv_maxcmdrate") (value "100")
L 12/12/2020 - 01:10:35: [basecommands.smx] "Console<0><Console><Console>" changed cvar (cvar "sv_minupdaterate") (value "100")
L 12/12/2020 - 01:10:35: [basecommands.smx] "Console<0><Console><Console>" changed cvar (cvar "sv_maxupdaterate") (value "100")
L 12/12/2020 - 01:10:35: [basecommands.smx] "Console<0><Console><Console>" changed cvar (cvar "nb_update_frequency") (value "0.014")
L 12/12/2020 - 01:10:35: [basecommands.smx] "Console<0><Console><Console>" changed cvar (cvar "net_splitpacket_maxrate") (value "50000")
L 12/12/2020 - 01:10:35: [basecommands.smx] "Console<0><Console><Console>" changed cvar (cvar "fps_max") (value "0")
L 12/12/2020 - 01:10:35: [basecommands.smx] "Console<0><Console><Console>" changed cvar (cvar "hostname") (value "Versus")
L 12/12/2020 - 01:11:53: Log file closed.
