L 05/09/2021 - 21:39:27: SourceMod log file session started (file "D:\Steam\steamapps\common\Left 4 Dead 2\left4dead2\addons\sourcemod\logs\L20210509.log") (Version "1.10.0.6492")
L 05/09/2021 - 21:39:27: [simplewelcomemsg.smx] Set the maximum number of lines of.
L 05/09/2021 - 21:39:34: [basecommands.smx] "Console<0><Console><Console>" changed cvar (cvar "sv_force_time_of_day") (value "0")
L 05/09/2021 - 21:39:34: [basecommands.smx] "Console<0><Console><Console>" changed cvar (cvar "z_witch_damage_per_kill_hit") (value "120")
L 05/09/2021 - 21:39:34: [basecommands.smx] "Console<0><Console><Console>" changed cvar (cvar "z_witch_anger_rate") (value "0.4")
L 05/09/2021 - 21:39:34: [basecommands.smx] "Console<0><Console><Console>" changed cvar (cvar "z_witch_flashlight_range") (value "2000")
L 05/09/2021 - 21:39:34: [basecommands.smx] "Console<0><Console><Console>" changed cvar (cvar "z_witch_burn_time") (value "100")
L 05/09/2021 - 21:39:34: [basecommands.smx] "Console<0><Console><Console>" changed cvar (cvar "z_tank_health") (value "4000")
L 05/09/2021 - 21:39:34: [basecommands.smx] "Console<0><Console><Console>" changed cvar (cvar "z_ghost_delay_min") (value "15")
L 05/09/2021 - 21:39:34: [basecommands.smx] "Console<0><Console><Console>" changed cvar (cvar "z_ghost_delay_max") (value "15")
L 05/09/2021 - 21:39:34: [basecommands.smx] "Console<0><Console><Console>" changed cvar (cvar "z_hunter_limit") (value "1")
L 05/09/2021 - 21:39:34: [basecommands.smx] "Console<0><Console><Console>" changed cvar (cvar "z_smoker_limit") (value "1")
L 05/09/2021 - 21:39:34: [basecommands.smx] "Console<0><Console><Console>" changed cvar (cvar "z_jockey_limit") (value "1")
L 05/09/2021 - 21:39:34: [basecommands.smx] "Console<0><Console><Console>" changed cvar (cvar "versus_tank_chance_intro") (value "1")
L 05/09/2021 - 21:39:34: [basecommands.smx] "Console<0><Console><Console>" changed cvar (cvar "versus_tank_chance_finale") (value "1")
L 05/09/2021 - 21:39:34: [basecommands.smx] "Console<0><Console><Console>" changed cvar (cvar "versus_tank_chance") (value "1")
L 05/09/2021 - 21:39:34: [basecommands.smx] "Console<0><Console><Console>" changed cvar (cvar "versus_witch_chance_intro") (value "0")
L 05/09/2021 - 21:39:34: [basecommands.smx] "Console<0><Console><Console>" changed cvar (cvar "versus_witch_chance_finale") (value "0")
L 05/09/2021 - 21:39:34: [basecommands.smx] "Console<0><Console><Console>" changed cvar (cvar "versus_witch_chance") (value "1")
L 05/09/2021 - 21:39:34: [basecommands.smx] "Console<0><Console><Console>" changed cvar (cvar "director_force_tank") (value "1")
L 05/09/2021 - 21:39:34: [basecommands.smx] "Console<0><Console><Console>" changed cvar (cvar "versus_boss_flow_min") (value "0.4")
L 05/09/2021 - 21:39:34: [basecommands.smx] "Console<0><Console><Console>" changed cvar (cvar "versus_boss_flow_max") (value "0.6")
L 05/09/2021 - 21:39:34: [basecommands.smx] "Console<0><Console><Console>" changed cvar (cvar "versus_boss_flow_min_intro") (value "0.1")
L 05/09/2021 - 21:39:34: [basecommands.smx] "Console<0><Console><Console>" changed cvar (cvar "versus_boss_flow_max_intro") (value "0.2")
L 05/09/2021 - 21:39:34: [basecommands.smx] "Console<0><Console><Console>" changed cvar (cvar "versus_boss_flow_min_finale") (value "0.1")
L 05/09/2021 - 21:39:34: [basecommands.smx] "Console<0><Console><Console>" changed cvar (cvar "versus_boss_flow_max_finale") (value "0.2")
L 05/09/2021 - 21:39:34: [basecommands.smx] "Console<0><Console><Console>" changed cvar (cvar "boomer_vomit_delay") (value "0.1")
L 05/09/2021 - 21:39:34: [basecommands.smx] "Console<0><Console><Console>" changed cvar (cvar "smoker_tongue_delay") (value "0.1")
L 05/09/2021 - 21:39:34: [basecommands.smx] "Console<0><Console><Console>" changed cvar (cvar "vs_survival_bonus") (value "35")
L 05/09/2021 - 21:39:34: [basecommands.smx] "Console<0><Console><Console>" changed cvar (cvar "z_tank_throw_health") (value "10")
L 05/09/2021 - 21:39:34: [basecommands.smx] "Console<0><Console><Console>" changed cvar (cvar "sv_client_min_interp_ratio") (value "-1")
L 05/09/2021 - 21:39:34: [basecommands.smx] "Console<0><Console><Console>" changed cvar (cvar "sv_client_max_interp_ratio") (value "0")
L 05/09/2021 - 21:39:34: [basecommands.smx] "Console<0><Console><Console>" changed cvar (cvar "sv_minrate") (value "100000")
L 05/09/2021 - 21:39:34: [basecommands.smx] "Console<0><Console><Console>" changed cvar (cvar "sv_maxrate") (value "100000")
L 05/09/2021 - 21:39:34: [basecommands.smx] "Console<0><Console><Console>" changed cvar (cvar "sv_mincmdrate") (value "100")
L 05/09/2021 - 21:39:34: [basecommands.smx] "Console<0><Console><Console>" changed cvar (cvar "sv_maxcmdrate") (value "100")
L 05/09/2021 - 21:39:34: [basecommands.smx] "Console<0><Console><Console>" changed cvar (cvar "sv_minupdaterate") (value "100")
L 05/09/2021 - 21:39:34: [basecommands.smx] "Console<0><Console><Console>" changed cvar (cvar "sv_maxupdaterate") (value "100")
L 05/09/2021 - 21:39:34: [basecommands.smx] "Console<0><Console><Console>" changed cvar (cvar "nb_update_frequency") (value "0.014")
L 05/09/2021 - 21:39:34: [basecommands.smx] "Console<0><Console><Console>" changed cvar (cvar "net_splitpacket_maxrate") (value "50000")
L 05/09/2021 - 21:39:34: [basecommands.smx] "Console<0><Console><Console>" changed cvar (cvar "fps_max") (value "0")
L 05/09/2021 - 21:39:34: [basecommands.smx] "Console<0><Console><Console>" changed cvar (cvar "hostname") (value "Versus")
L 05/09/2021 - 21:40:24: [basecommands.smx] "McLovin™<3><STEAM_1:1:4151444><>" changed cvar (cvar "vs_max_team_switches") (value "0")
L 05/09/2021 - 21:41:59: [l4d2_skill_detect.smx] Clear: 4 freed 2 from 9: time: -1.00 / 1.95 -- class: smoker (with shove? 1)
L 05/09/2021 - 21:43:05: [l4d2_skill_detect.smx] Charge carry start: 8 - 5 -- time: 202.86
L 05/09/2021 - 21:43:06: [l4d2_skill_detect.smx] Clear: 2 freed 4 from 7: time: 2.19 / -1.00 -- class: hunter (with shove? 0)
L 05/09/2021 - 21:43:08: [l4d2_skill_detect.smx] Clear: 1 freed 5 from 8: time: 0.68 / 3.01 -- class: charger (with shove? 0)
L 05/09/2021 - 21:43:09: [l4d2_skill_detect.smx] Checking charge victim: 8 - 5 - flags: 1 (alive? 1)
L 05/09/2021 - 21:43:36: [l4d2_skill_detect.smx] Clear: 2 freed 5 from 7: time: 0.79 / -1.00 -- class: jockey (with shove? 0)
L 05/09/2021 - 21:45:15: -------- Mapchange to c8m1_apartment --------
L 05/09/2021 - 21:45:20: [basecommands.smx] "Console<0><Console><Console>" changed cvar (cvar "sv_force_time_of_day") (value "0")
L 05/09/2021 - 21:45:20: [basecommands.smx] "Console<0><Console><Console>" changed cvar (cvar "z_witch_damage_per_kill_hit") (value "120")
L 05/09/2021 - 21:45:20: [basecommands.smx] "Console<0><Console><Console>" changed cvar (cvar "z_witch_anger_rate") (value "0.4")
L 05/09/2021 - 21:45:20: [basecommands.smx] "Console<0><Console><Console>" changed cvar (cvar "z_witch_flashlight_range") (value "2000")
L 05/09/2021 - 21:45:20: [basecommands.smx] "Console<0><Console><Console>" changed cvar (cvar "z_witch_burn_time") (value "100")
L 05/09/2021 - 21:45:20: [basecommands.smx] "Console<0><Console><Console>" changed cvar (cvar "z_tank_health") (value "4000")
L 05/09/2021 - 21:45:20: [basecommands.smx] "Console<0><Console><Console>" changed cvar (cvar "z_ghost_delay_min") (value "15")
L 05/09/2021 - 21:45:20: [basecommands.smx] "Console<0><Console><Console>" changed cvar (cvar "z_ghost_delay_max") (value "15")
L 05/09/2021 - 21:45:20: [basecommands.smx] "Console<0><Console><Console>" changed cvar (cvar "z_hunter_limit") (value "1")
L 05/09/2021 - 21:45:20: [basecommands.smx] "Console<0><Console><Console>" changed cvar (cvar "z_smoker_limit") (value "1")
L 05/09/2021 - 21:45:20: [basecommands.smx] "Console<0><Console><Console>" changed cvar (cvar "z_jockey_limit") (value "1")
L 05/09/2021 - 21:45:20: [basecommands.smx] "Console<0><Console><Console>" changed cvar (cvar "versus_tank_chance_intro") (value "1")
L 05/09/2021 - 21:45:20: [basecommands.smx] "Console<0><Console><Console>" changed cvar (cvar "versus_tank_chance_finale") (value "1")
L 05/09/2021 - 21:45:20: [basecommands.smx] "Console<0><Console><Console>" changed cvar (cvar "versus_tank_chance") (value "1")
L 05/09/2021 - 21:45:20: [basecommands.smx] "Console<0><Console><Console>" changed cvar (cvar "versus_witch_chance_intro") (value "0")
L 05/09/2021 - 21:45:20: [basecommands.smx] "Console<0><Console><Console>" changed cvar (cvar "versus_witch_chance_finale") (value "0")
L 05/09/2021 - 21:45:20: [basecommands.smx] "Console<0><Console><Console>" changed cvar (cvar "versus_witch_chance") (value "1")
L 05/09/2021 - 21:45:20: [basecommands.smx] "Console<0><Console><Console>" changed cvar (cvar "director_force_tank") (value "1")
L 05/09/2021 - 21:45:20: [basecommands.smx] "Console<0><Console><Console>" changed cvar (cvar "versus_boss_flow_min") (value "0.4")
L 05/09/2021 - 21:45:20: [basecommands.smx] "Console<0><Console><Console>" changed cvar (cvar "versus_boss_flow_max") (value "0.6")
L 05/09/2021 - 21:45:20: [basecommands.smx] "Console<0><Console><Console>" changed cvar (cvar "versus_boss_flow_min_intro") (value "0.1")
L 05/09/2021 - 21:45:20: [basecommands.smx] "Console<0><Console><Console>" changed cvar (cvar "versus_boss_flow_max_intro") (value "0.2")
L 05/09/2021 - 21:45:20: [basecommands.smx] "Console<0><Console><Console>" changed cvar (cvar "versus_boss_flow_min_finale") (value "0.1")
L 05/09/2021 - 21:45:20: [basecommands.smx] "Console<0><Console><Console>" changed cvar (cvar "versus_boss_flow_max_finale") (value "0.2")
L 05/09/2021 - 21:45:20: [basecommands.smx] "Console<0><Console><Console>" changed cvar (cvar "boomer_vomit_delay") (value "0.1")
L 05/09/2021 - 21:45:20: [basecommands.smx] "Console<0><Console><Console>" changed cvar (cvar "smoker_tongue_delay") (value "0.1")
L 05/09/2021 - 21:45:20: [basecommands.smx] "Console<0><Console><Console>" changed cvar (cvar "vs_survival_bonus") (value "35")
L 05/09/2021 - 21:45:20: [basecommands.smx] "Console<0><Console><Console>" changed cvar (cvar "z_tank_throw_health") (value "10")
L 05/09/2021 - 21:45:20: [basecommands.smx] "Console<0><Console><Console>" changed cvar (cvar "sv_client_min_interp_ratio") (value "-1")
L 05/09/2021 - 21:45:20: [basecommands.smx] "Console<0><Console><Console>" changed cvar (cvar "sv_client_max_interp_ratio") (value "0")
L 05/09/2021 - 21:45:20: [basecommands.smx] "Console<0><Console><Console>" changed cvar (cvar "sv_minrate") (value "100000")
L 05/09/2021 - 21:45:20: [basecommands.smx] "Console<0><Console><Console>" changed cvar (cvar "sv_maxrate") (value "100000")
L 05/09/2021 - 21:45:20: [basecommands.smx] "Console<0><Console><Console>" changed cvar (cvar "sv_mincmdrate") (value "100")
L 05/09/2021 - 21:45:20: [basecommands.smx] "Console<0><Console><Console>" changed cvar (cvar "sv_maxcmdrate") (value "100")
L 05/09/2021 - 21:45:20: [basecommands.smx] "Console<0><Console><Console>" changed cvar (cvar "sv_minupdaterate") (value "100")
L 05/09/2021 - 21:45:20: [basecommands.smx] "Console<0><Console><Console>" changed cvar (cvar "sv_maxupdaterate") (value "100")
L 05/09/2021 - 21:45:20: [basecommands.smx] "Console<0><Console><Console>" changed cvar (cvar "nb_update_frequency") (value "0.014")
L 05/09/2021 - 21:45:20: [basecommands.smx] "Console<0><Console><Console>" changed cvar (cvar "net_splitpacket_maxrate") (value "50000")
L 05/09/2021 - 21:45:20: [basecommands.smx] "Console<0><Console><Console>" changed cvar (cvar "fps_max") (value "0")
L 05/09/2021 - 21:45:20: [basecommands.smx] "Console<0><Console><Console>" changed cvar (cvar "hostname") (value "Versus")
L 05/09/2021 - 21:47:48: [l4d2_skill_detect.smx] Clear: 1 freed 3 from 6: time: -1.00 / 1.64 -- class: smoker (with shove? 0)
L 05/09/2021 - 21:48:02: Log file closed.
L 05/09/2021 - 21:54:46: SourceMod log file session started (file "D:\Steam\steamapps\common\Left 4 Dead 2\left4dead2\addons\sourcemod\logs\L20210509.log") (Version "1.10.0.6492")
L 05/09/2021 - 21:54:46: [simplewelcomemsg.smx] Set the maximum number of lines of.
L 05/09/2021 - 21:54:48: [basecommands.smx] "Console<0><Console><Console>" changed cvar (cvar "sv_force_time_of_day") (value "0")
L 05/09/2021 - 21:54:48: [basecommands.smx] "Console<0><Console><Console>" changed cvar (cvar "z_witch_damage_per_kill_hit") (value "120")
L 05/09/2021 - 21:54:48: [basecommands.smx] "Console<0><Console><Console>" changed cvar (cvar "z_witch_anger_rate") (value "0.4")
L 05/09/2021 - 21:54:48: [basecommands.smx] "Console<0><Console><Console>" changed cvar (cvar "z_witch_flashlight_range") (value "2000")
L 05/09/2021 - 21:54:48: [basecommands.smx] "Console<0><Console><Console>" changed cvar (cvar "z_witch_burn_time") (value "100")
L 05/09/2021 - 21:54:48: [basecommands.smx] "Console<0><Console><Console>" changed cvar (cvar "z_tank_health") (value "4000")
L 05/09/2021 - 21:54:48: [basecommands.smx] "Console<0><Console><Console>" changed cvar (cvar "z_ghost_delay_min") (value "15")
L 05/09/2021 - 21:54:48: [basecommands.smx] "Console<0><Console><Console>" changed cvar (cvar "z_ghost_delay_max") (value "15")
L 05/09/2021 - 21:54:48: [basecommands.smx] "Console<0><Console><Console>" changed cvar (cvar "z_hunter_limit") (value "1")
L 05/09/2021 - 21:54:48: [basecommands.smx] "Console<0><Console><Console>" changed cvar (cvar "z_smoker_limit") (value "1")
L 05/09/2021 - 21:54:48: [basecommands.smx] "Console<0><Console><Console>" changed cvar (cvar "z_jockey_limit") (value "1")
L 05/09/2021 - 21:54:48: [basecommands.smx] "Console<0><Console><Console>" changed cvar (cvar "versus_tank_chance_intro") (value "1")
L 05/09/2021 - 21:54:48: [basecommands.smx] "Console<0><Console><Console>" changed cvar (cvar "versus_tank_chance_finale") (value "1")
L 05/09/2021 - 21:54:48: [basecommands.smx] "Console<0><Console><Console>" changed cvar (cvar "versus_tank_chance") (value "1")
L 05/09/2021 - 21:54:48: [basecommands.smx] "Console<0><Console><Console>" changed cvar (cvar "versus_witch_chance_intro") (value "0")
L 05/09/2021 - 21:54:48: [basecommands.smx] "Console<0><Console><Console>" changed cvar (cvar "versus_witch_chance_finale") (value "0")
L 05/09/2021 - 21:54:48: [basecommands.smx] "Console<0><Console><Console>" changed cvar (cvar "versus_witch_chance") (value "1")
L 05/09/2021 - 21:54:48: [basecommands.smx] "Console<0><Console><Console>" changed cvar (cvar "director_force_tank") (value "1")
L 05/09/2021 - 21:54:48: [basecommands.smx] "Console<0><Console><Console>" changed cvar (cvar "versus_boss_flow_min") (value "0.4")
L 05/09/2021 - 21:54:48: [basecommands.smx] "Console<0><Console><Console>" changed cvar (cvar "versus_boss_flow_max") (value "0.6")
L 05/09/2021 - 21:54:48: [basecommands.smx] "Console<0><Console><Console>" changed cvar (cvar "versus_boss_flow_min_intro") (value "0.1")
L 05/09/2021 - 21:54:48: [basecommands.smx] "Console<0><Console><Console>" changed cvar (cvar "versus_boss_flow_max_intro") (value "0.2")
L 05/09/2021 - 21:54:48: [basecommands.smx] "Console<0><Console><Console>" changed cvar (cvar "versus_boss_flow_min_finale") (value "0.1")
L 05/09/2021 - 21:54:48: [basecommands.smx] "Console<0><Console><Console>" changed cvar (cvar "versus_boss_flow_max_finale") (value "0.2")
L 05/09/2021 - 21:54:48: [basecommands.smx] "Console<0><Console><Console>" changed cvar (cvar "boomer_vomit_delay") (value "0.1")
L 05/09/2021 - 21:54:48: [basecommands.smx] "Console<0><Console><Console>" changed cvar (cvar "smoker_tongue_delay") (value "0.1")
L 05/09/2021 - 21:54:48: [basecommands.smx] "Console<0><Console><Console>" changed cvar (cvar "vs_survival_bonus") (value "35")
L 05/09/2021 - 21:54:48: [basecommands.smx] "Console<0><Console><Console>" changed cvar (cvar "z_tank_throw_health") (value "10")
L 05/09/2021 - 21:54:48: [basecommands.smx] "Console<0><Console><Console>" changed cvar (cvar "sv_client_min_interp_ratio") (value "-1")
L 05/09/2021 - 21:54:48: [basecommands.smx] "Console<0><Console><Console>" changed cvar (cvar "sv_client_max_interp_ratio") (value "0")
L 05/09/2021 - 21:54:48: [basecommands.smx] "Console<0><Console><Console>" changed cvar (cvar "sv_minrate") (value "100000")
L 05/09/2021 - 21:54:48: [basecommands.smx] "Console<0><Console><Console>" changed cvar (cvar "sv_maxrate") (value "100000")
L 05/09/2021 - 21:54:48: [basecommands.smx] "Console<0><Console><Console>" changed cvar (cvar "sv_mincmdrate") (value "100")
L 05/09/2021 - 21:54:48: [basecommands.smx] "Console<0><Console><Console>" changed cvar (cvar "sv_maxcmdrate") (value "100")
L 05/09/2021 - 21:54:48: [basecommands.smx] "Console<0><Console><Console>" changed cvar (cvar "sv_minupdaterate") (value "100")
L 05/09/2021 - 21:54:48: [basecommands.smx] "Console<0><Console><Console>" changed cvar (cvar "sv_maxupdaterate") (value "100")
L 05/09/2021 - 21:54:48: [basecommands.smx] "Console<0><Console><Console>" changed cvar (cvar "nb_update_frequency") (value "0.014")
L 05/09/2021 - 21:54:48: [basecommands.smx] "Console<0><Console><Console>" changed cvar (cvar "net_splitpacket_maxrate") (value "50000")
L 05/09/2021 - 21:54:48: [basecommands.smx] "Console<0><Console><Console>" changed cvar (cvar "fps_max") (value "0")
L 05/09/2021 - 21:54:49: [basecommands.smx] "Console<0><Console><Console>" changed cvar (cvar "hostname") (value "Versus")
L 05/09/2021 - 21:56:04: [l4d2_skill_detect.smx] Clear: 5 freed 1 from 3: time: 0.00 / -1.00 -- class: hunter (with shove? 0)
L 05/09/2021 - 21:56:38: [l4d2_skill_detect.smx] Charge carry start: 9 - 4 -- time: 131.66
L 05/09/2021 - 21:56:39: [l4d2_skill_detect.smx] Clear: 5 freed 4 from 9: time: 0.56 / 1.66 -- class: charger (with shove? 0)
L 05/09/2021 - 21:56:41: [l4d2_skill_detect.smx] Checking charge victim: 9 - 4 - flags: 1 (alive? 1)
L 05/09/2021 - 21:57:40: [l4d2_skill_detect.smx] Clear: 1 freed 6 from 7: time: 5.69 / 7.70 -- class: smoker (with shove? 0)
L 05/09/2021 - 21:58:07: [l4d2_skill_detect.smx] Clear: 6 freed 7 from 5: time: 1.65 / -1.00 -- class: hunter (with shove? 0)
L 05/09/2021 - 21:58:14: [basecommands.smx] "McLovin™<3><STEAM_1:1:4151444><>" kicked "Williams<14><STEAM_1:0:451545010><>" (reason "")
L 05/09/2021 - 21:58:24: [l4d2_skill_detect.smx] Charge carry start: 10 - 5 -- time: 237.34
L 05/09/2021 - 21:58:26: [l4d2_skill_detect.smx] Checking charge victim: 10 - 5 - flags: 1 (alive? 1)
L 05/09/2021 - 21:58:59: [l4d2_skill_detect.smx] Clear: 1 freed 7 from 10: time: -1.00 / 1.25 -- class: smoker (with shove? 1)
L 05/09/2021 - 21:59:28: [basecommands.smx] "McLovin™<3><STEAM_1:1:4151444><>" changed cvar (cvar "vs_max_team_switches") (value "0")
L 05/09/2021 - 21:59:40: [l4d2_skill_detect.smx] Charge carry start: 3 - 5 -- time: 313.82
L 05/09/2021 - 21:59:44: [l4d2_skill_detect.smx] Checking charge victim: 3 - 7 - flags: 0 (alive? 1)
L 05/09/2021 - 21:59:44: [l4d2_skill_detect.smx] Checking charge victim: 3 - 5 - flags: 1 (alive? 1)
L 05/09/2021 - 21:59:49: [l4d2_skill_detect.smx] Clear: 5 freed 7 from 6: time: 4.89 / -1.00 -- class: hunter (with shove? 0)
L 05/09/2021 - 22:00:24: [l4d2_skill_detect.smx] Clear: 1 freed 2 from 10: time: 0.57 / -1.00 -- class: hunter (with shove? 0)
L 05/09/2021 - 22:00:30: [l4d2_skill_detect.smx] calarm trigger: caller 849 / activator 849 / delay: 0.00
L 05/09/2021 - 22:00:31: [l4d2_skill_detect.smx] Clear: 2 freed 1 from 3: time: -1.00 / 1.42 -- class: smoker (with shove? 1)
L 05/09/2021 - 22:01:05: [l4d2_skill_detect.smx] Clear: 1 freed 2 from 3: time: 1.10 / 2.61 -- class: smoker (with shove? 1)
L 05/09/2021 - 22:01:09: [l4d2_skill_detect.smx] Clear: 5 freed 2 from 6: time: 0.72 / -1.00 -- class: hunter (with shove? 1)
L 05/09/2021 - 22:01:26: [l4d2_skill_detect.smx] Clear: 1 freed 5 from 3: time: 2.02 / 4.67 -- class: smoker (with shove? 1)
L 05/09/2021 - 22:03:23: [l4d2_skill_detect.smx] Clear: 1 freed 6 from 4: time: 2.58 / -1.00 -- class: jockey (with shove? 0)
L 05/09/2021 - 22:03:46: [l4d2_skill_detect.smx] Charge carry start: 4 - 2 -- time: 559.39
L 05/09/2021 - 22:03:49: [l4d2_skill_detect.smx] Clear: 6 freed 2 from 4: time: 0.55 / 3.20 -- class: charger (with shove? 0)
L 05/09/2021 - 22:03:50: [l4d2_skill_detect.smx] Checking charge victim: 4 - 1 - flags: 0 (alive? 1)
L 05/09/2021 - 22:03:51: [l4d2_skill_detect.smx] Checking charge victim: 4 - 2 - flags: 1 (alive? 1)
L 05/09/2021 - 22:04:19: [l4d2_skill_detect.smx] Clear: 2 freed 1 from 4: time: 2.33 / -1.00 -- class: hunter (with shove? 0)
L 05/09/2021 - 22:07:02: [l4d2_skill_detect.smx] Charge carry start: 6 - 8 -- time: 755.70
L 05/09/2021 - 22:07:05: [l4d2_skill_detect.smx] Checking charge victim: 6 - 8 - flags: 1 (alive? 1)
L 05/09/2021 - 22:07:06: [l4d2_skill_detect.smx] Clear: 4 freed 8 from 6: time: 3.08 / 4.09 -- class: charger (with shove? 0)
L 05/09/2021 - 22:07:07: [l4d2_skill_detect.smx] Clear: 3 freed 10 from 1: time: 2.34 / -1.00 -- class: jockey (with shove? 0)
L 05/09/2021 - 22:07:34: [l4d2_skill_detect.smx] Clear: 9 freed 3 from 7: time: 2.63 / -1.00 -- class: hunter (with shove? 0)
L 05/09/2021 - 22:07:39: [basecommands.smx] "♛ Rain ♛<2><STEAM_1:0:162762726><>" changed cvar (cvar "vs_max_team_switches") (value "5")
L 05/09/2021 - 22:07:39: [basecommands.smx] "♛ Rain ♛<2><STEAM_1:0:162762726><>" changed cvar (cvar "vs_max_team_switches") (value "5")
L 05/09/2021 - 22:07:49: [basecommands.smx] "McLovin™<3><STEAM_1:1:4151444><>" changed cvar (cvar "vs_max_team_switches") (value "0")
L 05/09/2021 - 22:07:51: [basecommands.smx] "♛ Rain ♛<2><STEAM_1:0:162762726><>" changed cvar (cvar "vs_max_team_switches") (value "5")
L 05/09/2021 - 22:08:01: [basecommands.smx] "McLovin™<3><STEAM_1:1:4151444><>" changed cvar (cvar "vs_max_team_switches") (value "0")
L 05/09/2021 - 22:08:03: [basecommands.smx] "McLovin™<3><STEAM_1:1:4151444><>" changed cvar (cvar "vs_max_team_switches") (value "5")
L 05/09/2021 - 22:08:28: [basecommands.smx] "McLovin™<3><STEAM_1:1:4151444><>" changed cvar (cvar "vs_max_team_switches") (value "0")
L 05/09/2021 - 22:08:38: [l4d2_skill_detect.smx] Clear: 8 freed 9 from 4: time: 1.42 / -1.00 -- class: jockey (with shove? 1)
L 05/09/2021 - 22:08:39: [l4d2_skill_detect.smx] Charge carry start: 1 - 3 -- time: 852.92
L 05/09/2021 - 22:08:43: [l4d2_skill_detect.smx] Checking charge victim: 1 - 8 - flags: 0 (alive? 1)
L 05/09/2021 - 22:08:44: [l4d2_skill_detect.smx] Checking charge victim: 1 - 3 - flags: 1 (alive? 1)
L 05/09/2021 - 22:08:46: [l4d2_skill_detect.smx] Clear: 8 freed 3 from 1: time: 4.29 / 6.50 -- class: charger (with shove? 0)
L 05/09/2021 - 22:08:47: [l4d2_skill_detect.smx] Clear: 8 freed 9 from 4: time: 1.15 / -1.00 -- class: jockey (with shove? 0)
L 05/09/2021 - 22:09:00: [l4d2_skill_detect.smx] Clear: 8 freed 9 from 2: time: 2.57 / -1.00 -- class: hunter (with shove? 0)
L 05/09/2021 - 22:09:40: [l4d2_skill_detect.smx] Clear: 3 freed 8 from 2: time: 5.01 / -1.00 -- class: jockey (with shove? 0)
L 05/09/2021 - 22:09:56: [l4d2_skill_detect.smx] Charge carry start: 4 - 8 -- time: 930.30
L 05/09/2021 - 22:10:00: [l4d2_skill_detect.smx] Checking charge victim: 4 - 8 - flags: 1 (alive? 1)
L 05/09/2021 - 22:10:01: [l4d2_skill_detect.smx] Checking charge victim: 4 - 9 - flags: 0 (alive? 1)
L 05/09/2021 - 22:10:05: [l4d2_skill_detect.smx] Clear: 3 freed 5 from 4: time: 6.57 / 8.32 -- class: charger (with shove? 0)
L 05/09/2021 - 22:11:49: -------- Mapchange to c2m2_fairgrounds --------
L 05/09/2021 - 22:11:51: [basecommands.smx] "Console<0><Console><Console>" changed cvar (cvar "sv_force_time_of_day") (value "0")
L 05/09/2021 - 22:11:51: [basecommands.smx] "Console<0><Console><Console>" changed cvar (cvar "z_witch_damage_per_kill_hit") (value "120")
L 05/09/2021 - 22:11:51: [basecommands.smx] "Console<0><Console><Console>" changed cvar (cvar "z_witch_anger_rate") (value "0.4")
L 05/09/2021 - 22:11:51: [basecommands.smx] "Console<0><Console><Console>" changed cvar (cvar "z_witch_flashlight_range") (value "2000")
L 05/09/2021 - 22:11:51: [basecommands.smx] "Console<0><Console><Console>" changed cvar (cvar "z_witch_burn_time") (value "100")
L 05/09/2021 - 22:11:51: [basecommands.smx] "Console<0><Console><Console>" changed cvar (cvar "z_tank_health") (value "4000")
L 05/09/2021 - 22:11:51: [basecommands.smx] "Console<0><Console><Console>" changed cvar (cvar "z_ghost_delay_min") (value "15")
L 05/09/2021 - 22:11:51: [basecommands.smx] "Console<0><Console><Console>" changed cvar (cvar "z_ghost_delay_max") (value "15")
L 05/09/2021 - 22:11:51: [basecommands.smx] "Console<0><Console><Console>" changed cvar (cvar "z_hunter_limit") (value "1")
L 05/09/2021 - 22:11:51: [basecommands.smx] "Console<0><Console><Console>" changed cvar (cvar "z_smoker_limit") (value "1")
L 05/09/2021 - 22:11:51: [basecommands.smx] "Console<0><Console><Console>" changed cvar (cvar "z_jockey_limit") (value "1")
L 05/09/2021 - 22:11:51: [basecommands.smx] "Console<0><Console><Console>" changed cvar (cvar "versus_tank_chance_intro") (value "1")
L 05/09/2021 - 22:11:51: [basecommands.smx] "Console<0><Console><Console>" changed cvar (cvar "versus_tank_chance_finale") (value "1")
L 05/09/2021 - 22:11:51: [basecommands.smx] "Console<0><Console><Console>" changed cvar (cvar "versus_tank_chance") (value "1")
L 05/09/2021 - 22:11:51: [basecommands.smx] "Console<0><Console><Console>" changed cvar (cvar "versus_witch_chance_intro") (value "0")
L 05/09/2021 - 22:11:52: [basecommands.smx] "Console<0><Console><Console>" changed cvar (cvar "versus_witch_chance_finale") (value "0")
L 05/09/2021 - 22:11:52: [basecommands.smx] "Console<0><Console><Console>" changed cvar (cvar "versus_witch_chance") (value "1")
L 05/09/2021 - 22:11:52: [basecommands.smx] "Console<0><Console><Console>" changed cvar (cvar "director_force_tank") (value "1")
L 05/09/2021 - 22:11:52: [basecommands.smx] "Console<0><Console><Console>" changed cvar (cvar "versus_boss_flow_min") (value "0.4")
L 05/09/2021 - 22:11:52: [basecommands.smx] "Console<0><Console><Console>" changed cvar (cvar "versus_boss_flow_max") (value "0.6")
L 05/09/2021 - 22:11:52: [basecommands.smx] "Console<0><Console><Console>" changed cvar (cvar "versus_boss_flow_min_intro") (value "0.1")
L 05/09/2021 - 22:11:52: [basecommands.smx] "Console<0><Console><Console>" changed cvar (cvar "versus_boss_flow_max_intro") (value "0.2")
L 05/09/2021 - 22:11:52: [basecommands.smx] "Console<0><Console><Console>" changed cvar (cvar "versus_boss_flow_min_finale") (value "0.1")
L 05/09/2021 - 22:11:52: [basecommands.smx] "Console<0><Console><Console>" changed cvar (cvar "versus_boss_flow_max_finale") (value "0.2")
L 05/09/2021 - 22:11:52: [basecommands.smx] "Console<0><Console><Console>" changed cvar (cvar "boomer_vomit_delay") (value "0.1")
L 05/09/2021 - 22:11:52: [basecommands.smx] "Console<0><Console><Console>" changed cvar (cvar "smoker_tongue_delay") (value "0.1")
L 05/09/2021 - 22:11:52: [basecommands.smx] "Console<0><Console><Console>" changed cvar (cvar "vs_survival_bonus") (value "35")
L 05/09/2021 - 22:11:52: [basecommands.smx] "Console<0><Console><Console>" changed cvar (cvar "z_tank_throw_health") (value "10")
L 05/09/2021 - 22:11:52: [basecommands.smx] "Console<0><Console><Console>" changed cvar (cvar "sv_client_min_interp_ratio") (value "-1")
L 05/09/2021 - 22:11:52: [basecommands.smx] "Console<0><Console><Console>" changed cvar (cvar "sv_client_max_interp_ratio") (value "0")
L 05/09/2021 - 22:11:52: [basecommands.smx] "Console<0><Console><Console>" changed cvar (cvar "sv_minrate") (value "100000")
L 05/09/2021 - 22:11:52: [basecommands.smx] "Console<0><Console><Console>" changed cvar (cvar "sv_maxrate") (value "100000")
L 05/09/2021 - 22:11:52: [basecommands.smx] "Console<0><Console><Console>" changed cvar (cvar "sv_mincmdrate") (value "100")
L 05/09/2021 - 22:11:52: [basecommands.smx] "Console<0><Console><Console>" changed cvar (cvar "sv_maxcmdrate") (value "100")
L 05/09/2021 - 22:11:52: [basecommands.smx] "Console<0><Console><Console>" changed cvar (cvar "sv_minupdaterate") (value "100")
L 05/09/2021 - 22:11:52: [basecommands.smx] "Console<0><Console><Console>" changed cvar (cvar "sv_maxupdaterate") (value "100")
L 05/09/2021 - 22:11:52: [basecommands.smx] "Console<0><Console><Console>" changed cvar (cvar "nb_update_frequency") (value "0.014")
L 05/09/2021 - 22:11:52: [basecommands.smx] "Console<0><Console><Console>" changed cvar (cvar "net_splitpacket_maxrate") (value "50000")
L 05/09/2021 - 22:11:52: [basecommands.smx] "Console<0><Console><Console>" changed cvar (cvar "fps_max") (value "0")
L 05/09/2021 - 22:11:52: [basecommands.smx] "Console<0><Console><Console>" changed cvar (cvar "hostname") (value "Versus")
L 05/09/2021 - 22:12:47: [basecommands.smx] "McLovin™<3><STEAM_1:1:4151444><>" changed cvar (cvar "vs_max_team_switches") (value "5")
L 05/09/2021 - 22:13:03: [basecommands.smx] "McLovin™<3><STEAM_1:1:4151444><>" changed cvar (cvar "vs_max_team_switches") (value "0")
L 05/09/2021 - 22:15:12: [l4d2_skill_detect.smx] Witch Crown Check: Failed: bungled: 1 / crowntype: 1 (entity: 691)
L 05/09/2021 - 22:15:12: [l4d2_skill_detect.smx] Witch Crown Check: Further details: attacker: McLovin™, attacker dmg: 0, teamless dmg: 0
L 05/09/2021 - 22:15:45: [l4d2_skill_detect.smx] Clear: 6 freed 4 from 3: time: -1.00 / 2.04 -- class: smoker (with shove? 1)
L 05/09/2021 - 22:16:44: [l4d2_skill_detect.smx] Charge carry start: 8 - 1 -- time: 290.33
L 05/09/2021 - 22:16:46: [l4d2_skill_detect.smx] Clear: 6 freed 1 from 8: time: 0.75 / 2.26 -- class: charger (with shove? 0)
L 05/09/2021 - 22:16:48: [l4d2_skill_detect.smx] Checking charge victim: 8 - 1 - flags: 1 (alive? 1)
L 05/09/2021 - 22:17:20: [l4d2_skill_detect.smx] Charge carry start: 7 - 1 -- time: 326.36
L 05/09/2021 - 22:17:22: [l4d2_skill_detect.smx] Clear: 4 freed 1 from 7: time: 0.25 / 1.35 -- class: charger (with shove? 0)
L 05/09/2021 - 22:17:23: [l4d2_skill_detect.smx] Checking charge victim: 7 - 1 - flags: 1 (alive? 1)
L 05/09/2021 - 22:18:11: [l4d2_skill_detect.smx] Clear: 1 freed 6 from 5: time: -1.00 / 2.25 -- class: smoker (with shove? 0)
L 05/09/2021 - 22:18:39: [l4d2_skill_detect.smx] Charge carry start: 7 - 1 -- time: 405.08
L 05/09/2021 - 22:18:43: [l4d2_skill_detect.smx] Checking charge victim: 7 - 1 - flags: 1 (alive? 1)
L 05/09/2021 - 22:21:49: [l4d2_skill_detect.smx] Clear: 9 freed 11 from 2: time: 0.21 / 594.70 -- class: charger (with shove? 0)
L 05/09/2021 - 22:21:53: [l4d2_skill_detect.smx] Clear: 3 freed 10 from 6: time: 1.20 / -1.00 -- class: hunter (with shove? 0)
L 05/09/2021 - 22:22:24: [admin_hp.smx]  
L 05/09/2021 - 22:22:29: [admin_hp.smx]  
L 05/09/2021 - 22:22:38: [playercommands.smx] "♛ Rain ♛<2><STEAM_1:0:162762726><>" slayed "Đ€Δ<36><STEAM_1:0:90956379><>"
L 05/09/2021 - 22:22:38: [l4d2_skill_detect.smx] Clear: 6 freed 10 from 6: time: 18.40 / -1.00 -- class: jockey (with shove? 0)
L 05/09/2021 - 22:22:42: [admin_hp.smx]  
L 05/09/2021 - 22:23:19: [l4d2_skill_detect.smx] Clear: 11 freed 3 from 2: time: 0.66 / 4.42 -- class: smoker (with shove? 1)
L 05/09/2021 - 22:24:12: [l4d2_skill_detect.smx] Clear: 6 freed 11 from 4: time: 2.35 / 5.70 -- class: smoker (with shove? 0)
L 05/09/2021 - 22:24:22: [l4d2_skill_detect.smx] Clear: 10 freed 11 from 1: time: 2.39 / -1.00 -- class: jockey (with shove? 1)
L 05/09/2021 - 22:24:43: [l4d2_skill_detect.smx] Clear: 10 freed 11 from 2: time: 1.71 / -1.00 -- class: hunter (with shove? 1)
L 05/09/2021 - 22:24:56: [l4d2_skill_detect.smx] Clear: 6 freed 3 from 4: time: -1.00 / 0.00 -- class: smoker (with shove? 0)
L 05/09/2021 - 22:25:32: [l4d2_skill_detect.smx] Clear: 6 freed 11 from 3: time: 1.95 / -1.00 -- class: jockey (with shove? 0)
L 05/09/2021 - 22:26:03: -------- Mapchange to c8m1_apartment --------
L 05/09/2021 - 22:26:06: [basecommands.smx] "Console<0><Console><Console>" changed cvar (cvar "sv_force_time_of_day") (value "0")
L 05/09/2021 - 22:26:06: [basecommands.smx] "Console<0><Console><Console>" changed cvar (cvar "z_witch_damage_per_kill_hit") (value "120")
L 05/09/2021 - 22:26:06: [basecommands.smx] "Console<0><Console><Console>" changed cvar (cvar "z_witch_anger_rate") (value "0.4")
L 05/09/2021 - 22:26:06: [basecommands.smx] "Console<0><Console><Console>" changed cvar (cvar "z_witch_flashlight_range") (value "2000")
L 05/09/2021 - 22:26:06: [basecommands.smx] "Console<0><Console><Console>" changed cvar (cvar "z_witch_burn_time") (value "100")
L 05/09/2021 - 22:26:06: [basecommands.smx] "Console<0><Console><Console>" changed cvar (cvar "z_tank_health") (value "4000")
L 05/09/2021 - 22:26:06: [basecommands.smx] "Console<0><Console><Console>" changed cvar (cvar "z_ghost_delay_min") (value "15")
L 05/09/2021 - 22:26:06: [basecommands.smx] "Console<0><Console><Console>" changed cvar (cvar "z_ghost_delay_max") (value "15")
L 05/09/2021 - 22:26:06: [basecommands.smx] "Console<0><Console><Console>" changed cvar (cvar "z_hunter_limit") (value "1")
L 05/09/2021 - 22:26:06: [basecommands.smx] "Console<0><Console><Console>" changed cvar (cvar "z_smoker_limit") (value "1")
L 05/09/2021 - 22:26:06: [basecommands.smx] "Console<0><Console><Console>" changed cvar (cvar "z_jockey_limit") (value "1")
L 05/09/2021 - 22:26:06: [basecommands.smx] "Console<0><Console><Console>" changed cvar (cvar "versus_tank_chance_intro") (value "1")
L 05/09/2021 - 22:26:06: [basecommands.smx] "Console<0><Console><Console>" changed cvar (cvar "versus_tank_chance_finale") (value "1")
L 05/09/2021 - 22:26:06: [basecommands.smx] "Console<0><Console><Console>" changed cvar (cvar "versus_tank_chance") (value "1")
L 05/09/2021 - 22:26:06: [basecommands.smx] "Console<0><Console><Console>" changed cvar (cvar "versus_witch_chance_intro") (value "0")
L 05/09/2021 - 22:26:06: [basecommands.smx] "Console<0><Console><Console>" changed cvar (cvar "versus_witch_chance_finale") (value "0")
L 05/09/2021 - 22:26:06: [basecommands.smx] "Console<0><Console><Console>" changed cvar (cvar "versus_witch_chance") (value "1")
L 05/09/2021 - 22:26:06: [basecommands.smx] "Console<0><Console><Console>" changed cvar (cvar "director_force_tank") (value "1")
L 05/09/2021 - 22:26:06: [basecommands.smx] "Console<0><Console><Console>" changed cvar (cvar "versus_boss_flow_min") (value "0.4")
L 05/09/2021 - 22:26:06: [basecommands.smx] "Console<0><Console><Console>" changed cvar (cvar "versus_boss_flow_max") (value "0.6")
L 05/09/2021 - 22:26:06: [basecommands.smx] "Console<0><Console><Console>" changed cvar (cvar "versus_boss_flow_min_intro") (value "0.1")
L 05/09/2021 - 22:26:06: [basecommands.smx] "Console<0><Console><Console>" changed cvar (cvar "versus_boss_flow_max_intro") (value "0.2")
L 05/09/2021 - 22:26:06: [basecommands.smx] "Console<0><Console><Console>" changed cvar (cvar "versus_boss_flow_min_finale") (value "0.1")
L 05/09/2021 - 22:26:06: [basecommands.smx] "Console<0><Console><Console>" changed cvar (cvar "versus_boss_flow_max_finale") (value "0.2")
L 05/09/2021 - 22:26:06: [basecommands.smx] "Console<0><Console><Console>" changed cvar (cvar "boomer_vomit_delay") (value "0.1")
L 05/09/2021 - 22:26:06: [basecommands.smx] "Console<0><Console><Console>" changed cvar (cvar "smoker_tongue_delay") (value "0.1")
L 05/09/2021 - 22:26:06: [basecommands.smx] "Console<0><Console><Console>" changed cvar (cvar "vs_survival_bonus") (value "35")
L 05/09/2021 - 22:26:06: [basecommands.smx] "Console<0><Console><Console>" changed cvar (cvar "z_tank_throw_health") (value "10")
L 05/09/2021 - 22:26:06: [basecommands.smx] "Console<0><Console><Console>" changed cvar (cvar "sv_client_min_interp_ratio") (value "-1")
L 05/09/2021 - 22:26:06: [basecommands.smx] "Console<0><Console><Console>" changed cvar (cvar "sv_client_max_interp_ratio") (value "0")
L 05/09/2021 - 22:26:06: [basecommands.smx] "Console<0><Console><Console>" changed cvar (cvar "sv_minrate") (value "100000")
L 05/09/2021 - 22:26:06: [basecommands.smx] "Console<0><Console><Console>" changed cvar (cvar "sv_maxrate") (value "100000")
L 05/09/2021 - 22:26:06: [basecommands.smx] "Console<0><Console><Console>" changed cvar (cvar "sv_mincmdrate") (value "100")
L 05/09/2021 - 22:26:06: [basecommands.smx] "Console<0><Console><Console>" changed cvar (cvar "sv_maxcmdrate") (value "100")
L 05/09/2021 - 22:26:06: [basecommands.smx] "Console<0><Console><Console>" changed cvar (cvar "sv_minupdaterate") (value "100")
L 05/09/2021 - 22:26:06: [basecommands.smx] "Console<0><Console><Console>" changed cvar (cvar "sv_maxupdaterate") (value "100")
L 05/09/2021 - 22:26:06: [basecommands.smx] "Console<0><Console><Console>" changed cvar (cvar "nb_update_frequency") (value "0.014")
L 05/09/2021 - 22:26:06: [basecommands.smx] "Console<0><Console><Console>" changed cvar (cvar "net_splitpacket_maxrate") (value "50000")
L 05/09/2021 - 22:26:06: [basecommands.smx] "Console<0><Console><Console>" changed cvar (cvar "fps_max") (value "0")
L 05/09/2021 - 22:26:06: [basecommands.smx] "Console<0><Console><Console>" changed cvar (cvar "hostname") (value "Versus")
L 05/09/2021 - 22:26:36: [basecommands.smx] "McLovin™<3><STEAM_1:1:4151444><>" changed cvar (cvar "vs_max_team_switches") (value "5")
L 05/09/2021 - 22:26:44: [basecommands.smx] "McLovin™<3><STEAM_1:1:4151444><>" changed cvar (cvar "vs_max_team_switches") (value "0")
L 05/09/2021 - 22:28:01: [l4d2_skill_detect.smx] Clear: 1 freed 2 from 8: time: 1.50 / -1.00 -- class: jockey (with shove? 0)
L 05/09/2021 - 22:28:37: [l4d2_skill_detect.smx] Clear: 2 freed 1 from 4: time: 4.49 / 4.50 -- class: smoker (with shove? 1)
L 05/09/2021 - 22:28:40: [admin_hp.smx]  
L 05/09/2021 - 22:28:48: [l4d2_skill_detect.smx] Clear: 5 freed 1 from 8: time: 1.26 / -1.00 -- class: hunter (with shove? 1)
L 05/09/2021 - 22:29:50: [admin_hp.smx]  
L 05/09/2021 - 22:30:09: [l4d2_skill_detect.smx] Witch Crown Check: crown shot: 760, harrassed: 1 (full health: 1000 / drawthresh: 500 / oneshot 0)
L 05/09/2021 - 22:30:10: [l4d2_skill_detect.smx] Clear: 6 freed 2 from 4: time: 1.90 / -1.00 -- class: hunter (with shove? 0)
L 05/09/2021 - 22:30:39: [l4d2_skill_detect.smx] Clear: 2 freed 6 from 4: time: 1.79 / -1.00 -- class: jockey (with shove? 0)
L 05/09/2021 - 22:30:45: [l4d2_skill_detect.smx] Charge carry start: 3 - 2 -- time: 284.07
L 05/09/2021 - 22:30:48: [l4d2_skill_detect.smx] Clear: 6 freed 2 from 3: time: 1.55 / 3.66 -- class: charger (with shove? 0)
L 05/09/2021 - 22:30:49: [l4d2_skill_detect.smx] Checking charge victim: 3 - 2 - flags: 1 (alive? 1)
L 05/09/2021 - 22:31:21: [l4d2_skill_detect.smx] Clear: 2 freed 6 from 4: time: 2.19 / -1.00 -- class: jockey (with shove? 1)
L 05/09/2021 - 22:32:26: -------- Mapchange to c10m1_caves --------
L 05/09/2021 - 22:32:28: [basecommands.smx] "Console<0><Console><Console>" changed cvar (cvar "sv_force_time_of_day") (value "0")
L 05/09/2021 - 22:32:28: [basecommands.smx] "Console<0><Console><Console>" changed cvar (cvar "z_witch_damage_per_kill_hit") (value "120")
L 05/09/2021 - 22:32:28: [basecommands.smx] "Console<0><Console><Console>" changed cvar (cvar "z_witch_anger_rate") (value "0.4")
L 05/09/2021 - 22:32:28: [basecommands.smx] "Console<0><Console><Console>" changed cvar (cvar "z_witch_flashlight_range") (value "2000")
L 05/09/2021 - 22:32:28: [basecommands.smx] "Console<0><Console><Console>" changed cvar (cvar "z_witch_burn_time") (value "100")
L 05/09/2021 - 22:32:28: [basecommands.smx] "Console<0><Console><Console>" changed cvar (cvar "z_tank_health") (value "4000")
L 05/09/2021 - 22:32:28: [basecommands.smx] "Console<0><Console><Console>" changed cvar (cvar "z_ghost_delay_min") (value "15")
L 05/09/2021 - 22:32:28: [basecommands.smx] "Console<0><Console><Console>" changed cvar (cvar "z_ghost_delay_max") (value "15")
L 05/09/2021 - 22:32:28: [basecommands.smx] "Console<0><Console><Console>" changed cvar (cvar "z_hunter_limit") (value "1")
L 05/09/2021 - 22:32:28: [basecommands.smx] "Console<0><Console><Console>" changed cvar (cvar "z_smoker_limit") (value "1")
L 05/09/2021 - 22:32:28: [basecommands.smx] "Console<0><Console><Console>" changed cvar (cvar "z_jockey_limit") (value "1")
L 05/09/2021 - 22:32:28: [basecommands.smx] "Console<0><Console><Console>" changed cvar (cvar "versus_tank_chance_intro") (value "1")
L 05/09/2021 - 22:32:28: [basecommands.smx] "Console<0><Console><Console>" changed cvar (cvar "versus_tank_chance_finale") (value "1")
L 05/09/2021 - 22:32:28: [basecommands.smx] "Console<0><Console><Console>" changed cvar (cvar "versus_tank_chance") (value "1")
L 05/09/2021 - 22:32:28: [basecommands.smx] "Console<0><Console><Console>" changed cvar (cvar "versus_witch_chance_intro") (value "0")
L 05/09/2021 - 22:32:28: [basecommands.smx] "Console<0><Console><Console>" changed cvar (cvar "versus_witch_chance_finale") (value "0")
L 05/09/2021 - 22:32:28: [basecommands.smx] "Console<0><Console><Console>" changed cvar (cvar "versus_witch_chance") (value "1")
L 05/09/2021 - 22:32:28: [basecommands.smx] "Console<0><Console><Console>" changed cvar (cvar "director_force_tank") (value "1")
L 05/09/2021 - 22:32:28: [basecommands.smx] "Console<0><Console><Console>" changed cvar (cvar "versus_boss_flow_min") (value "0.4")
L 05/09/2021 - 22:32:28: [basecommands.smx] "Console<0><Console><Console>" changed cvar (cvar "versus_boss_flow_max") (value "0.6")
L 05/09/2021 - 22:32:28: [basecommands.smx] "Console<0><Console><Console>" changed cvar (cvar "versus_boss_flow_min_intro") (value "0.1")
L 05/09/2021 - 22:32:28: [basecommands.smx] "Console<0><Console><Console>" changed cvar (cvar "versus_boss_flow_max_intro") (value "0.2")
L 05/09/2021 - 22:32:28: [basecommands.smx] "Console<0><Console><Console>" changed cvar (cvar "versus_boss_flow_min_finale") (value "0.1")
L 05/09/2021 - 22:32:28: [basecommands.smx] "Console<0><Console><Console>" changed cvar (cvar "versus_boss_flow_max_finale") (value "0.2")
L 05/09/2021 - 22:32:28: [basecommands.smx] "Console<0><Console><Console>" changed cvar (cvar "boomer_vomit_delay") (value "0.1")
L 05/09/2021 - 22:32:28: [basecommands.smx] "Console<0><Console><Console>" changed cvar (cvar "smoker_tongue_delay") (value "0.1")
L 05/09/2021 - 22:32:28: [basecommands.smx] "Console<0><Console><Console>" changed cvar (cvar "vs_survival_bonus") (value "35")
L 05/09/2021 - 22:32:28: [basecommands.smx] "Console<0><Console><Console>" changed cvar (cvar "z_tank_throw_health") (value "10")
L 05/09/2021 - 22:32:28: [basecommands.smx] "Console<0><Console><Console>" changed cvar (cvar "sv_client_min_interp_ratio") (value "-1")
L 05/09/2021 - 22:32:28: [basecommands.smx] "Console<0><Console><Console>" changed cvar (cvar "sv_client_max_interp_ratio") (value "0")
L 05/09/2021 - 22:32:28: [basecommands.smx] "Console<0><Console><Console>" changed cvar (cvar "sv_minrate") (value "100000")
L 05/09/2021 - 22:32:28: [basecommands.smx] "Console<0><Console><Console>" changed cvar (cvar "sv_maxrate") (value "100000")
L 05/09/2021 - 22:32:28: [basecommands.smx] "Console<0><Console><Console>" changed cvar (cvar "sv_mincmdrate") (value "100")
L 05/09/2021 - 22:32:28: [basecommands.smx] "Console<0><Console><Console>" changed cvar (cvar "sv_maxcmdrate") (value "100")
L 05/09/2021 - 22:32:28: [basecommands.smx] "Console<0><Console><Console>" changed cvar (cvar "sv_minupdaterate") (value "100")
L 05/09/2021 - 22:32:28: [basecommands.smx] "Console<0><Console><Console>" changed cvar (cvar "sv_maxupdaterate") (value "100")
L 05/09/2021 - 22:32:28: [basecommands.smx] "Console<0><Console><Console>" changed cvar (cvar "nb_update_frequency") (value "0.014")
L 05/09/2021 - 22:32:28: [basecommands.smx] "Console<0><Console><Console>" changed cvar (cvar "net_splitpacket_maxrate") (value "50000")
L 05/09/2021 - 22:32:28: [basecommands.smx] "Console<0><Console><Console>" changed cvar (cvar "fps_max") (value "0")
L 05/09/2021 - 22:32:28: [basecommands.smx] "Console<0><Console><Console>" changed cvar (cvar "hostname") (value "Versus")
L 05/09/2021 - 22:34:08: [l4d2_skill_detect.smx] Charge carry start: 8 - 4 -- time: 101.91
L 05/09/2021 - 22:34:09: [l4d2_skill_detect.smx] Clear: 2 freed 4 from 8: time: 0.64 / 1.69 -- class: charger (with shove? 0)
L 05/09/2021 - 22:34:11: [l4d2_skill_detect.smx] Checking charge victim: 8 - 4 - flags: 1 (alive? 1)
L 05/09/2021 - 22:34:12: [l4d2_skill_detect.smx] Clear: 1 freed 2 from 7: time: -1.00 / 1.34 -- class: smoker (with shove? 0)
L 05/09/2021 - 22:34:12: [l4d2_skill_detect.smx] Clear: 2 freed 4 from 3: time: 1.00 / -1.00 -- class: hunter (with shove? 1)
L 05/09/2021 - 22:35:44: [l4d2_skill_detect.smx] Clear: 1 freed 4 from 8: time: 1.50 / -1.00 -- class: jockey (with shove? 0)
L 05/09/2021 - 22:36:46: [basecommands.smx] "McLovin™<3><STEAM_1:1:4151444><>" changed cvar (cvar "vs_max_team_switches") (value "0")
L 05/09/2021 - 22:37:53: [l4d2_skill_detect.smx] Clear: 2 freed 1 from 7: time: 2.88 / 5.85 -- class: smoker (with shove? 0)
L 05/09/2021 - 22:38:06: [l4d2_skill_detect.smx] Clear: 2 freed 4 from 8: time: 4.26 / -1.00 -- class: hunter (with shove? 0)
L 05/09/2021 - 22:38:13: [l4d2_skill_detect.smx] Clear: 2 freed 4 from 7: time: -1.00 / 1.45 -- class: smoker (with shove? 0)
L 05/09/2021 - 22:38:13: [l4d2_skill_detect.smx] Clear: 6 freed 1 from 3: time: 12.41 / -1.00 -- class: jockey (with shove? 0)
L 05/09/2021 - 22:38:30: [basecommands.smx] "McLovin™<3><STEAM_1:1:4151444><>" changed cvar (cvar "vs_max_team_switches") (value "5")
L 05/09/2021 - 22:38:45: [basecommands.smx] "McLovin™<3><STEAM_1:1:4151444><>" changed cvar (cvar "vs_max_team_switches") (value "0")
L 05/09/2021 - 22:38:48: [l4d2_skill_detect.smx] Clear: 2 freed 1 from 7: time: -1.00 / 1.61 -- class: smoker (with shove? 0)
L 05/09/2021 - 22:39:32: [l4d2_skill_detect.smx] Charge carry start: 7 - 2 -- time: 426.55
L 05/09/2021 - 22:39:35: [l4d2_skill_detect.smx] Clear: 1 freed 2 from 7: time: 0.63 / 2.19 -- class: charger (with shove? 0)
L 05/09/2021 - 22:39:36: [l4d2_skill_detect.smx] Checking charge victim: 7 - 2 - flags: 1 (alive? 1)
L 05/09/2021 - 22:39:40: [l4d2_skill_detect.smx] Clear: 10 freed 4 from 3: time: 1.06 / -1.00 -- class: hunter (with shove? 0)
L 05/09/2021 - 22:39:41: [l4d2_skill_detect.smx] Clear: 1 freed 10 from 6: time: 1.22 / -1.00 -- class: jockey (with shove? 0)
L 05/09/2021 - 22:40:15: [l4d2_skill_detect.smx] Clear: 4 freed 10 from 7: time: 3.00 / -1.00 -- class: jockey (with shove? 0)
L 05/09/2021 - 22:40:19: [l4d2_skill_detect.smx] Clear: 4 freed 10 from 6: time: 1.85 / -1.00 -- class: hunter (with shove? 0)
L 05/09/2021 - 22:40:51: [l4d2_skill_detect.smx] Clear: 8 freed 10 from 3: time: 2.47 / -1.00 -- class: jockey (with shove? 0)
L 05/09/2021 - 22:41:01: [l4d2_skill_detect.smx] Charge carry start: 4 - 8 -- time: 515.14
L 05/09/2021 - 22:41:03: [l4d2_skill_detect.smx] Clear: 1 freed 8 from 4: time: 1.30 / 2.07 -- class: charger (with shove? 0)
L 05/09/2021 - 22:41:04: [l4d2_skill_detect.smx] Checking charge victim: 4 - 8 - flags: 1 (alive? 1)
L 05/09/2021 - 22:41:11: [l4d2_skill_detect.smx] Clear: 2 freed 10 from 6: time: 1.89 / 4.34 -- class: smoker (with shove? 0)
L 05/09/2021 - 22:41:37: [l4d2_skill_detect.smx] Charge carry start: 6 - 8 -- time: 551.50
L 05/09/2021 - 22:41:39: [l4d2_skill_detect.smx] Clear: 10 freed 8 from 6: time: 0.82 / 1.73 -- class: charger (with shove? 0)
L 05/09/2021 - 22:41:40: [l4d2_skill_detect.smx] Checking charge victim: 6 - 8 - flags: 1 (alive? 1)
L 05/09/2021 - 22:42:06: [l4d2_skill_detect.smx] Clear: 10 freed 2 from 3: time: -1.00 / 3.35 -- class: smoker (with shove? 1)
L 05/09/2021 - 22:42:15: [l4d2_skill_detect.smx] Clear: 2 freed 1 from 6: time: 2.09 / -1.00 -- class: hunter (with shove? 0)
L 05/09/2021 - 22:42:36: [basebans.smx] "McLovin™<3><STEAM_1:1:4151444><>" banned "HalconeTe<156><STEAM_1:1:216297230><>" (minutes "0") (reason "Troll de Mierda")
L 05/09/2021 - 22:44:26: [l4d2_skill_detect.smx] Clear: 3 freed 4 from 2: time: 1.36 / -1.00 -- class: hunter (with shove? 0)
L 05/09/2021 - 22:44:28: [l4d2_skill_detect.smx] Clear: 3 freed 6 from 7: time: 2.39 / -1.00 -- class: jockey (with shove? 1)
L 05/09/2021 - 22:44:36: [l4d2_skill_detect.smx] Charge carry start: 1 - 3 -- time: 730.29
L 05/09/2021 - 22:44:40: [l4d2_skill_detect.smx] Checking charge victim: 1 - 6 - flags: 0 (alive? 1)
L 05/09/2021 - 22:44:40: [l4d2_skill_detect.smx] Clear: 5 freed 3 from 1: time: 1.78 / 4.08 -- class: charger (with shove? 0)
L 05/09/2021 - 22:44:40: [l4d2_skill_detect.smx] Checking charge victim: 1 - 3 - flags: 1 (alive? 1)
L 05/09/2021 - 22:45:42: [l4d2_skill_detect.smx] Clear: 6 freed 5 from 1: time: 6.51 / -1.00 -- class: jockey (with shove? 0)
L 05/09/2021 - 22:46:26: [l4d2_skill_detect.smx] Clear: 3 freed 5 from 7: time: -1.00 / 4.59 -- class: smoker (with shove? 1)
L 05/09/2021 - 22:47:05: [l4d2_skill_detect.smx] Clear: 3 freed 6 from 2: time: 1.65 / -1.00 -- class: hunter (with shove? 0)
L 05/09/2021 - 22:47:28: [l4d2_skill_detect.smx] Clear: 6 freed 6 from 2: time: -1.00 / 0.00 -- class: smoker (with shove? 0)
L 05/09/2021 - 22:47:40: [l4d2_skill_detect.smx] Clear: 6 freed 4 from 8: time: 0.88 / -1.00 -- class: hunter (with shove? 0)
L 05/09/2021 - 22:48:03: [l4d2_skill_detect.smx] Clear: 6 freed 5 from 2: time: 3.00 / -1.00 -- class: jockey (with shove? 0)
L 05/09/2021 - 22:48:05: [l4d2_skill_detect.smx] Clear: 4 freed 3 from 8: time: -1.00 / 0.97 -- class: smoker (with shove? 0)
L 05/09/2021 - 22:48:22: [l4d2_skill_detect.smx] Clear: 6 freed 4 from 7: time: 3.60 / -1.00 -- class: hunter (with shove? 0)
L 05/09/2021 - 22:48:39: [l4d2_skill_detect.smx] Clear: 6 freed 5 from 1: time: -1.00 / 2.97 -- class: smoker (with shove? 0)
L 05/09/2021 - 22:49:06: [l4d2_skill_detect.smx] Charge carry start: 2 - 5 -- time: 999.83
L 05/09/2021 - 22:49:09: [l4d2_skill_detect.smx] Checking charge victim: 2 - 5 - flags: 1 (alive? 0)
L 05/09/2021 - 22:49:15: [l4d2_skill_detect.smx] Clear: 6 freed 3 from 8: time: 1.51 / -1.00 -- class: hunter (with shove? 0)
L 05/09/2021 - 22:49:16: [l4d2_skill_detect.smx] Charge carry start: 2 - 6 -- time: 1010.10
L 05/09/2021 - 22:49:19: [l4d2_skill_detect.smx] Checking charge victim: 2 - 6 - flags: 1 (alive? 1)
L 05/09/2021 - 22:49:42: -------- Mapchange to c10m2_drainage --------
L 05/09/2021 - 22:49:45: [basecommands.smx] "Console<0><Console><Console>" changed cvar (cvar "sv_force_time_of_day") (value "0")
L 05/09/2021 - 22:49:45: [basecommands.smx] "Console<0><Console><Console>" changed cvar (cvar "z_witch_damage_per_kill_hit") (value "120")
L 05/09/2021 - 22:49:45: [basecommands.smx] "Console<0><Console><Console>" changed cvar (cvar "z_witch_anger_rate") (value "0.4")
L 05/09/2021 - 22:49:45: [basecommands.smx] "Console<0><Console><Console>" changed cvar (cvar "z_witch_flashlight_range") (value "2000")
L 05/09/2021 - 22:49:45: [basecommands.smx] "Console<0><Console><Console>" changed cvar (cvar "z_witch_burn_time") (value "100")
L 05/09/2021 - 22:49:45: [basecommands.smx] "Console<0><Console><Console>" changed cvar (cvar "z_tank_health") (value "4000")
L 05/09/2021 - 22:49:45: [basecommands.smx] "Console<0><Console><Console>" changed cvar (cvar "z_ghost_delay_min") (value "15")
L 05/09/2021 - 22:49:45: [basecommands.smx] "Console<0><Console><Console>" changed cvar (cvar "z_ghost_delay_max") (value "15")
L 05/09/2021 - 22:49:45: [basecommands.smx] "Console<0><Console><Console>" changed cvar (cvar "z_hunter_limit") (value "1")
L 05/09/2021 - 22:49:45: [basecommands.smx] "Console<0><Console><Console>" changed cvar (cvar "z_smoker_limit") (value "1")
L 05/09/2021 - 22:49:45: [basecommands.smx] "Console<0><Console><Console>" changed cvar (cvar "z_jockey_limit") (value "1")
L 05/09/2021 - 22:49:45: [basecommands.smx] "Console<0><Console><Console>" changed cvar (cvar "versus_tank_chance_intro") (value "1")
L 05/09/2021 - 22:49:45: [basecommands.smx] "Console<0><Console><Console>" changed cvar (cvar "versus_tank_chance_finale") (value "1")
L 05/09/2021 - 22:49:45: [basecommands.smx] "Console<0><Console><Console>" changed cvar (cvar "versus_tank_chance") (value "1")
L 05/09/2021 - 22:49:45: [basecommands.smx] "Console<0><Console><Console>" changed cvar (cvar "versus_witch_chance_intro") (value "0")
L 05/09/2021 - 22:49:45: [basecommands.smx] "Console<0><Console><Console>" changed cvar (cvar "versus_witch_chance_finale") (value "0")
L 05/09/2021 - 22:49:45: [basecommands.smx] "Console<0><Console><Console>" changed cvar (cvar "versus_witch_chance") (value "1")
L 05/09/2021 - 22:49:45: [basecommands.smx] "Console<0><Console><Console>" changed cvar (cvar "director_force_tank") (value "1")
L 05/09/2021 - 22:49:45: [basecommands.smx] "Console<0><Console><Console>" changed cvar (cvar "versus_boss_flow_min") (value "0.4")
L 05/09/2021 - 22:49:45: [basecommands.smx] "Console<0><Console><Console>" changed cvar (cvar "versus_boss_flow_max") (value "0.6")
L 05/09/2021 - 22:49:45: [basecommands.smx] "Console<0><Console><Console>" changed cvar (cvar "versus_boss_flow_min_intro") (value "0.1")
L 05/09/2021 - 22:49:45: [basecommands.smx] "Console<0><Console><Console>" changed cvar (cvar "versus_boss_flow_max_intro") (value "0.2")
L 05/09/2021 - 22:49:45: [basecommands.smx] "Console<0><Console><Console>" changed cvar (cvar "versus_boss_flow_min_finale") (value "0.1")
L 05/09/2021 - 22:49:45: [basecommands.smx] "Console<0><Console><Console>" changed cvar (cvar "versus_boss_flow_max_finale") (value "0.2")
L 05/09/2021 - 22:49:45: [basecommands.smx] "Console<0><Console><Console>" changed cvar (cvar "boomer_vomit_delay") (value "0.1")
L 05/09/2021 - 22:49:45: [basecommands.smx] "Console<0><Console><Console>" changed cvar (cvar "smoker_tongue_delay") (value "0.1")
L 05/09/2021 - 22:49:45: [basecommands.smx] "Console<0><Console><Console>" changed cvar (cvar "vs_survival_bonus") (value "35")
L 05/09/2021 - 22:49:45: [basecommands.smx] "Console<0><Console><Console>" changed cvar (cvar "z_tank_throw_health") (value "10")
L 05/09/2021 - 22:49:45: [basecommands.smx] "Console<0><Console><Console>" changed cvar (cvar "sv_client_min_interp_ratio") (value "-1")
L 05/09/2021 - 22:49:45: [basecommands.smx] "Console<0><Console><Console>" changed cvar (cvar "sv_client_max_interp_ratio") (value "0")
L 05/09/2021 - 22:49:45: [basecommands.smx] "Console<0><Console><Console>" changed cvar (cvar "sv_minrate") (value "100000")
L 05/09/2021 - 22:49:45: [basecommands.smx] "Console<0><Console><Console>" changed cvar (cvar "sv_maxrate") (value "100000")
L 05/09/2021 - 22:49:45: [basecommands.smx] "Console<0><Console><Console>" changed cvar (cvar "sv_mincmdrate") (value "100")
L 05/09/2021 - 22:49:45: [basecommands.smx] "Console<0><Console><Console>" changed cvar (cvar "sv_maxcmdrate") (value "100")
L 05/09/2021 - 22:49:45: [basecommands.smx] "Console<0><Console><Console>" changed cvar (cvar "sv_minupdaterate") (value "100")
L 05/09/2021 - 22:49:45: [basecommands.smx] "Console<0><Console><Console>" changed cvar (cvar "sv_maxupdaterate") (value "100")
L 05/09/2021 - 22:49:45: [basecommands.smx] "Console<0><Console><Console>" changed cvar (cvar "nb_update_frequency") (value "0.014")
L 05/09/2021 - 22:49:45: [basecommands.smx] "Console<0><Console><Console>" changed cvar (cvar "net_splitpacket_maxrate") (value "50000")
L 05/09/2021 - 22:49:45: [basecommands.smx] "Console<0><Console><Console>" changed cvar (cvar "fps_max") (value "0")
L 05/09/2021 - 22:49:45: [basecommands.smx] "Console<0><Console><Console>" changed cvar (cvar "hostname") (value "Versus")
L 05/09/2021 - 22:51:46: [basecommands.smx] "♛ Rain ♛<2><STEAM_1:0:162762726><>" changed cvar (cvar "vs_max_team_switches") (value "0")
L 05/09/2021 - 22:51:59: [basecommands.smx] "McLovin™<3><STEAM_1:1:4151444><>" changed cvar (cvar "vs_max_team_switches") (value "0")
L 05/09/2021 - 22:52:12: [l4d2_skill_detect.smx] Charge carry start: 8 - 9 -- time: 144.55
L 05/09/2021 - 22:52:14: [l4d2_skill_detect.smx] Clear: 2 freed 6 from 5: time: 1.42 / -1.00 -- class: hunter (with shove? 0)
L 05/09/2021 - 22:52:15: [l4d2_skill_detect.smx] Checking charge victim: 8 - 9 - flags: 1 (alive? 1)
L 05/09/2021 - 22:52:16: [l4d2_skill_detect.smx] Clear: 2 freed 9 from 8: time: 2.51 / 3.64 -- class: charger (with shove? 0)
L 05/09/2021 - 22:53:25: [l4d2_skill_detect.smx] Clear: 1 freed 2 from 3: time: 2.75 / -1.00 -- class: hunter (with shove? 0)
L 05/09/2021 - 22:54:11: [l4d2_skill_detect.smx] Clear: 6 freed 2 from 5: time: 1.89 / -1.00 -- class: jockey (with shove? 0)
L 05/09/2021 - 22:54:30: [l4d2_skill_detect.smx] Charge carry start: 7 - 2 -- time: 282.22
L 05/09/2021 - 22:54:34: [l4d2_skill_detect.smx] Checking charge victim: 7 - 4 - flags: 0 (alive? 1)
L 05/09/2021 - 22:54:35: [l4d2_skill_detect.smx] Checking charge victim: 7 - 2 - flags: 1 (alive? 1)
L 05/09/2021 - 22:54:37: [l4d2_skill_detect.smx] Clear: 6 freed 2 from 7: time: 3.42 / 6.95 -- class: charger (with shove? 0)
L 05/09/2021 - 22:54:43: [l4d2_skill_detect.smx] Clear: 1 freed 6 from 8: time: 0.88 / -1.00 -- class: hunter (with shove? 1)
L 05/09/2021 - 22:54:46: [l4d2_skill_detect.smx] Clear: 1 freed 4 from 3: time: 2.95 / 2.97 -- class: smoker (with shove? 1)
L 05/09/2021 - 22:55:09: [l4d2_skill_detect.smx] Clear: 4 freed 6 from 3: time: 5.16 / 8.10 -- class: smoker (with shove? 1)
L 05/09/2021 - 22:55:18: [l4d2_skill_detect.smx] Clear: 2 freed 1 from 5: time: 2.48 / -1.00 -- class: jockey (with shove? 0)
L 05/09/2021 - 22:55:40: [l4d2_skill_detect.smx] Clear: 6 freed 4 from 3: time: 12.54 / 14.44 -- class: smoker (with shove? 0)
L 05/09/2021 - 22:58:51: [l4d2_skill_detect.smx] Clear: 10 freed 8 from 6: time: 0.21 / 2.29 -- class: smoker (with shove? 1)
L 05/09/2021 - 22:58:52: [l4d2_skill_detect.smx] Clear: 3 freed 7 from 1: time: 1.36 / -1.00 -- class: hunter (with shove? 0)
L 05/09/2021 - 22:59:19: [l4d2_skill_detect.smx] Clear: 3 freed 10 from 2: time: 1.69 / -1.00 -- class: hunter (with shove? 0)
L 05/09/2021 - 22:59:59: [l4d2_skill_detect.smx] Charge carry start: 2 - 8 -- time: 611.05
L 05/09/2021 - 23:00:03: [l4d2_skill_detect.smx] Checking charge victim: 2 - 10 - flags: 0 (alive? 1)
L 05/09/2021 - 23:00:03: [l4d2_skill_detect.smx] Checking charge victim: 2 - 8 - flags: 1 (alive? 1)
L 05/09/2021 - 23:00:10: [l4d2_skill_detect.smx] Clear: 5 freed 3 from 1: time: 10.57 / 12.04 -- class: smoker (with shove? 1)
L 05/09/2021 - 23:00:22: [l4d2_skill_detect.smx] Clear: 5 freed 3 from 9: time: 0.75 / -1.00 -- class: hunter (with shove? 1)
L 05/09/2021 - 23:00:25: [l4d2_skill_detect.smx] Clear: 10 freed 8 from 2: time: 23.23 / 26.23 -- class: charger (with shove? 0)
L 05/09/2021 - 23:01:11: [playercommands.smx] "McLovin™<3><STEAM_1:1:4151444><>" slayed "KauaCrash<195><STEAM_1:0:233456405><>"
L 05/09/2021 - 23:01:31: -------- Mapchange to c10m3_ranchhouse --------
L 05/09/2021 - 23:01:33: [basecommands.smx] "Console<0><Console><Console>" changed cvar (cvar "sv_force_time_of_day") (value "0")
L 05/09/2021 - 23:01:33: [basecommands.smx] "Console<0><Console><Console>" changed cvar (cvar "z_witch_damage_per_kill_hit") (value "120")
L 05/09/2021 - 23:01:33: [basecommands.smx] "Console<0><Console><Console>" changed cvar (cvar "z_witch_anger_rate") (value "0.4")
L 05/09/2021 - 23:01:33: [basecommands.smx] "Console<0><Console><Console>" changed cvar (cvar "z_witch_flashlight_range") (value "2000")
L 05/09/2021 - 23:01:33: [basecommands.smx] "Console<0><Console><Console>" changed cvar (cvar "z_witch_burn_time") (value "100")
L 05/09/2021 - 23:01:33: [basecommands.smx] "Console<0><Console><Console>" changed cvar (cvar "z_tank_health") (value "4000")
L 05/09/2021 - 23:01:33: [basecommands.smx] "Console<0><Console><Console>" changed cvar (cvar "z_ghost_delay_min") (value "15")
L 05/09/2021 - 23:01:33: [basecommands.smx] "Console<0><Console><Console>" changed cvar (cvar "z_ghost_delay_max") (value "15")
L 05/09/2021 - 23:01:33: [basecommands.smx] "Console<0><Console><Console>" changed cvar (cvar "z_hunter_limit") (value "1")
L 05/09/2021 - 23:01:33: [basecommands.smx] "Console<0><Console><Console>" changed cvar (cvar "z_smoker_limit") (value "1")
L 05/09/2021 - 23:01:33: [basecommands.smx] "Console<0><Console><Console>" changed cvar (cvar "z_jockey_limit") (value "1")
L 05/09/2021 - 23:01:33: [basecommands.smx] "Console<0><Console><Console>" changed cvar (cvar "versus_tank_chance_intro") (value "1")
L 05/09/2021 - 23:01:33: [basecommands.smx] "Console<0><Console><Console>" changed cvar (cvar "versus_tank_chance_finale") (value "1")
L 05/09/2021 - 23:01:33: [basecommands.smx] "Console<0><Console><Console>" changed cvar (cvar "versus_tank_chance") (value "1")
L 05/09/2021 - 23:01:33: [basecommands.smx] "Console<0><Console><Console>" changed cvar (cvar "versus_witch_chance_intro") (value "0")
L 05/09/2021 - 23:01:33: [basecommands.smx] "Console<0><Console><Console>" changed cvar (cvar "versus_witch_chance_finale") (value "0")
L 05/09/2021 - 23:01:33: [basecommands.smx] "Console<0><Console><Console>" changed cvar (cvar "versus_witch_chance") (value "1")
L 05/09/2021 - 23:01:33: [basecommands.smx] "Console<0><Console><Console>" changed cvar (cvar "director_force_tank") (value "1")
L 05/09/2021 - 23:01:33: [basecommands.smx] "Console<0><Console><Console>" changed cvar (cvar "versus_boss_flow_min") (value "0.4")
L 05/09/2021 - 23:01:33: [basecommands.smx] "Console<0><Console><Console>" changed cvar (cvar "versus_boss_flow_max") (value "0.6")
L 05/09/2021 - 23:01:33: [basecommands.smx] "Console<0><Console><Console>" changed cvar (cvar "versus_boss_flow_min_intro") (value "0.1")
L 05/09/2021 - 23:01:33: [basecommands.smx] "Console<0><Console><Console>" changed cvar (cvar "versus_boss_flow_max_intro") (value "0.2")
L 05/09/2021 - 23:01:33: [basecommands.smx] "Console<0><Console><Console>" changed cvar (cvar "versus_boss_flow_min_finale") (value "0.1")
L 05/09/2021 - 23:01:33: [basecommands.smx] "Console<0><Console><Console>" changed cvar (cvar "versus_boss_flow_max_finale") (value "0.2")
L 05/09/2021 - 23:01:33: [basecommands.smx] "Console<0><Console><Console>" changed cvar (cvar "boomer_vomit_delay") (value "0.1")
L 05/09/2021 - 23:01:33: [basecommands.smx] "Console<0><Console><Console>" changed cvar (cvar "smoker_tongue_delay") (value "0.1")
L 05/09/2021 - 23:01:33: [basecommands.smx] "Console<0><Console><Console>" changed cvar (cvar "vs_survival_bonus") (value "35")
L 05/09/2021 - 23:01:33: [basecommands.smx] "Console<0><Console><Console>" changed cvar (cvar "z_tank_throw_health") (value "10")
L 05/09/2021 - 23:01:33: [basecommands.smx] "Console<0><Console><Console>" changed cvar (cvar "sv_client_min_interp_ratio") (value "-1")
L 05/09/2021 - 23:01:33: [basecommands.smx] "Console<0><Console><Console>" changed cvar (cvar "sv_client_max_interp_ratio") (value "0")
L 05/09/2021 - 23:01:33: [basecommands.smx] "Console<0><Console><Console>" changed cvar (cvar "sv_minrate") (value "100000")
L 05/09/2021 - 23:01:33: [basecommands.smx] "Console<0><Console><Console>" changed cvar (cvar "sv_maxrate") (value "100000")
L 05/09/2021 - 23:01:33: [basecommands.smx] "Console<0><Console><Console>" changed cvar (cvar "sv_mincmdrate") (value "100")
L 05/09/2021 - 23:01:33: [basecommands.smx] "Console<0><Console><Console>" changed cvar (cvar "sv_maxcmdrate") (value "100")
L 05/09/2021 - 23:01:33: [basecommands.smx] "Console<0><Console><Console>" changed cvar (cvar "sv_minupdaterate") (value "100")
L 05/09/2021 - 23:01:33: [basecommands.smx] "Console<0><Console><Console>" changed cvar (cvar "sv_maxupdaterate") (value "100")
L 05/09/2021 - 23:01:33: [basecommands.smx] "Console<0><Console><Console>" changed cvar (cvar "nb_update_frequency") (value "0.014")
L 05/09/2021 - 23:01:33: [basecommands.smx] "Console<0><Console><Console>" changed cvar (cvar "net_splitpacket_maxrate") (value "50000")
L 05/09/2021 - 23:01:33: [basecommands.smx] "Console<0><Console><Console>" changed cvar (cvar "fps_max") (value "0")
L 05/09/2021 - 23:01:33: [basecommands.smx] "Console<0><Console><Console>" changed cvar (cvar "hostname") (value "Versus")
L 05/09/2021 - 23:02:47: [basecommands.smx] "♛ Rain ♛<2><STEAM_1:0:162762726><>" changed cvar (cvar "vs_max_team_switches") (value "0")
L 05/09/2021 - 23:04:50: [l4d2_skill_detect.smx] Clear: 1 freed 5 from 3: time: 0.35 / -1.00 -- class: hunter (with shove? 0)
L 05/09/2021 - 23:05:12: [l4d2_skill_detect.smx] Charge carry start: 6 - 5 -- time: 216.91
L 05/09/2021 - 23:05:14: [l4d2_skill_detect.smx] Clear: 2 freed 5 from 6: time: 0.75 / 1.55 -- class: charger (with shove? 0)
L 05/09/2021 - 23:05:15: [l4d2_skill_detect.smx] Checking charge victim: 6 - 5 - flags: 1 (alive? 1)
L 05/09/2021 - 23:05:17: [l4d2_skill_detect.smx] Clear: 2 freed 1 from 3: time: -1.00 / 2.57 -- class: smoker (with shove? 1)
L 05/09/2021 - 23:05:32: [l4d2_skill_detect.smx] Clear: 1 freed 7 from 8: time: 8.22 / -1.00 -- class: jockey (with shove? 0)
L 05/09/2021 - 23:05:40: [l4d2_skill_detect.smx] Charge carry start: 3 - 5 -- time: 245.01
L 05/09/2021 - 23:05:45: [l4d2_skill_detect.smx] Checking charge victim: 3 - 5 - flags: 1 (alive? 1)
L 05/09/2021 - 23:05:48: [l4d2_skill_detect.smx] Clear: 2 freed 5 from 3: time: 5.81 / 7.88 -- class: charger (with shove? 0)
L 05/09/2021 - 23:06:48: [l4d2_skill_detect.smx] Clear: 5 freed 7 from 4: time: 18.14 / 22.55 -- class: smoker (with shove? 0)
L 05/09/2021 - 23:07:50: [l4d2_skill_detect.smx] Clear: 2 freed 1 from 8: time: 1.08 / -1.00 -- class: hunter (with shove? 0)
L 05/09/2021 - 23:09:58: [l4d2_skill_detect.smx] Clear: 6 freed 9 from 2: time: 3.27 / 5.33 -- class: smoker (with shove? 0)
L 05/09/2021 - 23:10:03: [l4d2_skill_detect.smx] Clear: 6 freed 4 from 8: time: 1.07 / -1.00 -- class: jockey (with shove? 1)
L 05/09/2021 - 23:10:52: [l4d2_skill_detect.smx] Clear: 3 freed 6 from 1: time: -1.00 / 2.04 -- class: smoker (with shove? 1)
L 05/09/2021 - 23:11:22: [playercommands.smx] "♛ Rain ♛<2><STEAM_1:0:162762726><>" slayed "Charger<227><BOT><>"
L 05/09/2021 - 23:11:25: [playercommands.smx] "♛ Rain ♛<2><STEAM_1:0:162762726><>" slayed "Jockey<228><BOT><>"
L 05/09/2021 - 23:12:24: [l4d2_skill_detect.smx] Charge carry start: 2 - 4 -- time: 648.78
L 05/09/2021 - 23:12:25: [l4d2_skill_detect.smx] Clear: 3 freed 9 from 7: time: 0.50 / -1.00 -- class: hunter (with shove? 0)
L 05/09/2021 - 23:12:28: [l4d2_skill_detect.smx] Checking charge victim: 2 - 6 - flags: 0 (alive? 1)
L 05/09/2021 - 23:12:29: [l4d2_skill_detect.smx] Checking charge victim: 2 - 4 - flags: 1 (alive? 1)
L 05/09/2021 - 23:12:29: [l4d2_skill_detect.smx] Clear: 3 freed 4 from 2: time: 2.33 / 4.78 -- class: charger (with shove? 0)
L 05/09/2021 - 23:13:29: -------- Mapchange to c10m4_mainstreet --------
L 05/09/2021 - 23:13:31: [basecommands.smx] "Console<0><Console><Console>" changed cvar (cvar "sv_force_time_of_day") (value "0")
L 05/09/2021 - 23:13:31: [basecommands.smx] "Console<0><Console><Console>" changed cvar (cvar "z_witch_damage_per_kill_hit") (value "120")
L 05/09/2021 - 23:13:31: [basecommands.smx] "Console<0><Console><Console>" changed cvar (cvar "z_witch_anger_rate") (value "0.4")
L 05/09/2021 - 23:13:31: [basecommands.smx] "Console<0><Console><Console>" changed cvar (cvar "z_witch_flashlight_range") (value "2000")
L 05/09/2021 - 23:13:31: [basecommands.smx] "Console<0><Console><Console>" changed cvar (cvar "z_witch_burn_time") (value "100")
L 05/09/2021 - 23:13:31: [basecommands.smx] "Console<0><Console><Console>" changed cvar (cvar "z_tank_health") (value "4000")
L 05/09/2021 - 23:13:31: [basecommands.smx] "Console<0><Console><Console>" changed cvar (cvar "z_ghost_delay_min") (value "15")
L 05/09/2021 - 23:13:31: [basecommands.smx] "Console<0><Console><Console>" changed cvar (cvar "z_ghost_delay_max") (value "15")
L 05/09/2021 - 23:13:31: [basecommands.smx] "Console<0><Console><Console>" changed cvar (cvar "z_hunter_limit") (value "1")
L 05/09/2021 - 23:13:31: [basecommands.smx] "Console<0><Console><Console>" changed cvar (cvar "z_smoker_limit") (value "1")
L 05/09/2021 - 23:13:31: [basecommands.smx] "Console<0><Console><Console>" changed cvar (cvar "z_jockey_limit") (value "1")
L 05/09/2021 - 23:13:31: [basecommands.smx] "Console<0><Console><Console>" changed cvar (cvar "versus_tank_chance_intro") (value "1")
L 05/09/2021 - 23:13:31: [basecommands.smx] "Console<0><Console><Console>" changed cvar (cvar "versus_tank_chance_finale") (value "1")
L 05/09/2021 - 23:13:31: [basecommands.smx] "Console<0><Console><Console>" changed cvar (cvar "versus_tank_chance") (value "1")
L 05/09/2021 - 23:13:31: [basecommands.smx] "Console<0><Console><Console>" changed cvar (cvar "versus_witch_chance_intro") (value "0")
L 05/09/2021 - 23:13:31: [basecommands.smx] "Console<0><Console><Console>" changed cvar (cvar "versus_witch_chance_finale") (value "0")
L 05/09/2021 - 23:13:31: [basecommands.smx] "Console<0><Console><Console>" changed cvar (cvar "versus_witch_chance") (value "1")
L 05/09/2021 - 23:13:31: [basecommands.smx] "Console<0><Console><Console>" changed cvar (cvar "director_force_tank") (value "1")
L 05/09/2021 - 23:13:31: [basecommands.smx] "Console<0><Console><Console>" changed cvar (cvar "versus_boss_flow_min") (value "0.4")
L 05/09/2021 - 23:13:31: [basecommands.smx] "Console<0><Console><Console>" changed cvar (cvar "versus_boss_flow_max") (value "0.6")
L 05/09/2021 - 23:13:31: [basecommands.smx] "Console<0><Console><Console>" changed cvar (cvar "versus_boss_flow_min_intro") (value "0.1")
L 05/09/2021 - 23:13:31: [basecommands.smx] "Console<0><Console><Console>" changed cvar (cvar "versus_boss_flow_max_intro") (value "0.2")
L 05/09/2021 - 23:13:31: [basecommands.smx] "Console<0><Console><Console>" changed cvar (cvar "versus_boss_flow_min_finale") (value "0.1")
L 05/09/2021 - 23:13:31: [basecommands.smx] "Console<0><Console><Console>" changed cvar (cvar "versus_boss_flow_max_finale") (value "0.2")
L 05/09/2021 - 23:13:31: [basecommands.smx] "Console<0><Console><Console>" changed cvar (cvar "boomer_vomit_delay") (value "0.1")
L 05/09/2021 - 23:13:31: [basecommands.smx] "Console<0><Console><Console>" changed cvar (cvar "smoker_tongue_delay") (value "0.1")
L 05/09/2021 - 23:13:31: [basecommands.smx] "Console<0><Console><Console>" changed cvar (cvar "vs_survival_bonus") (value "35")
L 05/09/2021 - 23:13:31: [basecommands.smx] "Console<0><Console><Console>" changed cvar (cvar "z_tank_throw_health") (value "10")
L 05/09/2021 - 23:13:31: [basecommands.smx] "Console<0><Console><Console>" changed cvar (cvar "sv_client_min_interp_ratio") (value "-1")
L 05/09/2021 - 23:13:31: [basecommands.smx] "Console<0><Console><Console>" changed cvar (cvar "sv_client_max_interp_ratio") (value "0")
L 05/09/2021 - 23:13:31: [basecommands.smx] "Console<0><Console><Console>" changed cvar (cvar "sv_minrate") (value "100000")
L 05/09/2021 - 23:13:31: [basecommands.smx] "Console<0><Console><Console>" changed cvar (cvar "sv_maxrate") (value "100000")
L 05/09/2021 - 23:13:31: [basecommands.smx] "Console<0><Console><Console>" changed cvar (cvar "sv_mincmdrate") (value "100")
L 05/09/2021 - 23:13:31: [basecommands.smx] "Console<0><Console><Console>" changed cvar (cvar "sv_maxcmdrate") (value "100")
L 05/09/2021 - 23:13:31: [basecommands.smx] "Console<0><Console><Console>" changed cvar (cvar "sv_minupdaterate") (value "100")
L 05/09/2021 - 23:13:31: [basecommands.smx] "Console<0><Console><Console>" changed cvar (cvar "sv_maxupdaterate") (value "100")
L 05/09/2021 - 23:13:31: [basecommands.smx] "Console<0><Console><Console>" changed cvar (cvar "nb_update_frequency") (value "0.014")
L 05/09/2021 - 23:13:31: [basecommands.smx] "Console<0><Console><Console>" changed cvar (cvar "net_splitpacket_maxrate") (value "50000")
L 05/09/2021 - 23:13:31: [basecommands.smx] "Console<0><Console><Console>" changed cvar (cvar "fps_max") (value "0")
L 05/09/2021 - 23:13:31: [basecommands.smx] "Console<0><Console><Console>" changed cvar (cvar "hostname") (value "Versus")
L 05/09/2021 - 23:14:21: [basecommands.smx] "McLovin™<3><STEAM_1:1:4151444><>" changed cvar (cvar "vs_max_team_switches") (value "5")
L 05/09/2021 - 23:14:24: [basecommands.smx] "♛ Rain ♛<2><STEAM_1:0:162762726><>" changed cvar (cvar "vs_max_team_switches") (value "5")
L 05/09/2021 - 23:14:40: [basecommands.smx] "McLovin™<3><STEAM_1:1:4151444><>" changed cvar (cvar "vs_max_team_switches") (value "0")
L 05/09/2021 - 23:14:41: [basecommands.smx] "♛ Rain ♛<2><STEAM_1:0:162762726><>" changed cvar (cvar "vs_max_team_switches") (value "0")
L 05/09/2021 - 23:15:00: [l4d2_skill_detect.smx] Clear: 3 freed 2 from 4: time: -1.00 / 2.50 -- class: smoker (with shove? 0)
L 05/09/2021 - 23:15:50: [l4d2_skill_detect.smx] Witch Crown Check: Failed: bungled: 1 / crowntype: 0 (entity: 301)
L 05/09/2021 - 23:15:50: [l4d2_skill_detect.smx] Witch Crown Check: Further details: attacker: ♛ Rain ♛, attacker dmg: 976, teamless dmg: 0
L 05/09/2021 - 23:16:12: [l4d2_skill_detect.smx] Clear: 2 freed 7 from 8: time: 11.88 / -1.00 -- class: hunter (with shove? 0)
L 05/09/2021 - 23:16:30: [l4d2_skill_detect.smx] Charge carry start: 10 - 3 -- time: 176.37
L 05/09/2021 - 23:16:32: [l4d2_skill_detect.smx] Clear: 1 freed 3 from 10: time: 0.36 / 2.16 -- class: charger (with shove? 0)
L 05/09/2021 - 23:16:34: [l4d2_skill_detect.smx] Checking charge victim: 10 - 3 - flags: 1 (alive? 1)
L 05/09/2021 - 23:22:55: [l4d2_skill_detect.smx] Clear: 1 freed 4 from 6: time: 0.28 / 1.85 -- class: smoker (with shove? 1)
L 05/09/2021 - 23:23:06: [l4d2_skill_detect.smx] Clear: 4 freed 3 from 8: time: 1.45 / -1.00 -- class: hunter (with shove? 0)
L 05/09/2021 - 23:23:21: [l4d2_skill_detect.smx] Clear: 4 freed 1 from 5: time: 1.65 / -1.00 -- class: jockey (with shove? 0)
L 05/09/2021 - 23:25:20: [l4d2_skill_detect.smx] Clear: 10 freed 6 from 4: time: 8.57 / -1.00 -- class: jockey (with shove? 1)
L 05/09/2021 - 23:25:23: [l4d2_skill_detect.smx] Clear: 6 freed 10 from 2: time: 1.55 / -1.00 -- class: hunter (with shove? 1)
L 05/09/2021 - 23:25:50: [l4d2_skill_detect.smx] Clear: 8 freed 5 from 4: time: 0.27 / 736.44 -- class: charger (with shove? 0)
L 05/09/2021 - 23:25:59: [admin_hp.smx]  
L 05/09/2021 - 23:26:27: [l4d2_skill_detect.smx] Clear: 6 freed 8 from 1: time: 3.91 / -1.00 -- class: jockey (with shove? 0)
L 05/09/2021 - 23:26:40: [l4d2_skill_detect.smx] Clear: 8 freed 9 from 4: time: 2.41 / -1.00 -- class: hunter (with shove? 0)
L 05/09/2021 - 23:27:13: [l4d2_skill_detect.smx] Clear: 9 freed 6 from 2: time: 1.17 / -1.00 -- class: jockey (with shove? 0)
L 05/09/2021 - 23:27:55: [l4d2_skill_detect.smx] Clear: 5 freed 8 from 2: time: 0.00 / 12.01 -- class: smoker (with shove? 0)
L 05/09/2021 - 23:28:21: [l4d2_skill_detect.smx] Charge carry start: 1 - 6 -- time: 887.45
L 05/09/2021 - 23:28:24: [l4d2_skill_detect.smx] Checking charge victim: 1 - 9 - flags: 0 (alive? 1)
L 05/09/2021 - 23:28:25: [l4d2_skill_detect.smx] Checking charge victim: 1 - 6 - flags: 1 (alive? 1)
L 05/09/2021 - 23:28:25: [l4d2_skill_detect.smx] Clear: 8 freed 6 from 1: time: 2.86 / 4.10 -- class: charger (with shove? 0)
L 05/09/2021 - 23:28:33: [l4d2_skill_detect.smx] Clear: 8 freed 5 from 3: time: 2.65 / -1.00 -- class: hunter (with shove? 0)
L 05/09/2021 - 23:28:55: [l4d2_skill_detect.smx] Clear: 5 freed 8 from 1: time: -1.00 / 1.48 -- class: smoker (with shove? 0)
L 05/09/2021 - 23:29:02: [l4d2_skill_detect.smx] Clear: 6 freed 8 from 3: time: 1.21 / -1.00 -- class: jockey (with shove? 1)
L 05/09/2021 - 23:29:13: [l4d2_skill_detect.smx] Clear: 8 freed 5 from 1: time: -1.00 / 0.38 -- class: smoker (with shove? 0)
L 05/09/2021 - 23:29:20: [admin_hp.smx]  
L 05/09/2021 - 23:29:36: [l4d2_skill_detect.smx] Charge carry start: 2 - 6 -- time: 962.38
L 05/09/2021 - 23:29:38: [l4d2_skill_detect.smx] Clear: 8 freed 6 from 2: time: 1.13 / 2.27 -- class: charger (with shove? 0)
L 05/09/2021 - 23:29:39: [l4d2_skill_detect.smx] Checking charge victim: 2 - 6 - flags: 1 (alive? 1)
L 05/09/2021 - 23:29:44: [l4d2_skill_detect.smx] Clear: 6 freed 8 from 3: time: 3.03 / -1.00 -- class: hunter (with shove? 0)
L 05/09/2021 - 23:29:54: [admin_hp.smx]  
L 05/09/2021 - 23:30:51: [l4d2_skill_detect.smx] Clear: 8 freed 6 from 4: time: 10.08 / 11.61 -- class: smoker (with shove? 1)
L 05/09/2021 - 23:30:55: [l4d2_skill_detect.smx] Clear: 6 freed 5 from 2: time: 10.68 / -1.00 -- class: hunter (with shove? 0)
L 05/09/2021 - 23:30:58: [admin_hp.smx]  
L 05/09/2021 - 23:31:06: [l4d2_skill_detect.smx] Clear: 6 freed 8 from 1: time: 12.83 / -1.00 -- class: jockey (with shove? 0)
L 05/09/2021 - 23:31:23: [admin_hp.smx]  
L 05/09/2021 - 23:33:18: [admin_hp.smx]  
L 05/09/2021 - 23:33:28: [l4d2_skill_detect.smx] Charge carry start: 2 - 6 -- time: 1194.11
L 05/09/2021 - 23:33:32: [l4d2_skill_detect.smx] Checking charge victim: 2 - 6 - flags: 1 (alive? 1)
L 05/09/2021 - 23:33:34: [l4d2_skill_detect.smx] Clear: 7 freed 6 from 2: time: 3.66 / 6.17 -- class: charger (with shove? 0)
L 05/09/2021 - 23:34:10: [l4d2_skill_detect.smx] Clear: 8 freed 5 from 1: time: 8.76 / -1.00 -- class: hunter (with shove? 1)
L 05/09/2021 - 23:34:40: [l4d2_skill_detect.smx] Clear: 8 freed 5 from 2: time: 7.76 / -1.00 -- class: jockey (with shove? 0)
L 05/09/2021 - 23:35:10: [l4d2_skill_detect.smx] Clear: 8 freed 5 from 2: time: 2.30 / -1.00 -- class: hunter (with shove? 0)
L 05/09/2021 - 23:36:12: -------- Mapchange to c10m5_houseboat --------
L 05/09/2021 - 23:36:15: [basecommands.smx] "Console<0><Console><Console>" changed cvar (cvar "sv_force_time_of_day") (value "0")
L 05/09/2021 - 23:36:15: [basecommands.smx] "Console<0><Console><Console>" changed cvar (cvar "z_witch_damage_per_kill_hit") (value "120")
L 05/09/2021 - 23:36:15: [basecommands.smx] "Console<0><Console><Console>" changed cvar (cvar "z_witch_anger_rate") (value "0.4")
L 05/09/2021 - 23:36:15: [basecommands.smx] "Console<0><Console><Console>" changed cvar (cvar "z_witch_flashlight_range") (value "2000")
L 05/09/2021 - 23:36:15: [basecommands.smx] "Console<0><Console><Console>" changed cvar (cvar "z_witch_burn_time") (value "100")
L 05/09/2021 - 23:36:15: [basecommands.smx] "Console<0><Console><Console>" changed cvar (cvar "z_tank_health") (value "4000")
L 05/09/2021 - 23:36:15: [basecommands.smx] "Console<0><Console><Console>" changed cvar (cvar "z_ghost_delay_min") (value "15")
L 05/09/2021 - 23:36:15: [basecommands.smx] "Console<0><Console><Console>" changed cvar (cvar "z_ghost_delay_max") (value "15")
L 05/09/2021 - 23:36:15: [basecommands.smx] "Console<0><Console><Console>" changed cvar (cvar "z_hunter_limit") (value "1")
L 05/09/2021 - 23:36:15: [basecommands.smx] "Console<0><Console><Console>" changed cvar (cvar "z_smoker_limit") (value "1")
L 05/09/2021 - 23:36:15: [basecommands.smx] "Console<0><Console><Console>" changed cvar (cvar "z_jockey_limit") (value "1")
L 05/09/2021 - 23:36:15: [basecommands.smx] "Console<0><Console><Console>" changed cvar (cvar "versus_tank_chance_intro") (value "1")
L 05/09/2021 - 23:36:15: [basecommands.smx] "Console<0><Console><Console>" changed cvar (cvar "versus_tank_chance_finale") (value "1")
L 05/09/2021 - 23:36:15: [basecommands.smx] "Console<0><Console><Console>" changed cvar (cvar "versus_tank_chance") (value "1")
L 05/09/2021 - 23:36:15: [basecommands.smx] "Console<0><Console><Console>" changed cvar (cvar "versus_witch_chance_intro") (value "0")
L 05/09/2021 - 23:36:15: [basecommands.smx] "Console<0><Console><Console>" changed cvar (cvar "versus_witch_chance_finale") (value "0")
L 05/09/2021 - 23:36:15: [basecommands.smx] "Console<0><Console><Console>" changed cvar (cvar "versus_witch_chance") (value "1")
L 05/09/2021 - 23:36:15: [basecommands.smx] "Console<0><Console><Console>" changed cvar (cvar "director_force_tank") (value "1")
L 05/09/2021 - 23:36:15: [basecommands.smx] "Console<0><Console><Console>" changed cvar (cvar "versus_boss_flow_min") (value "0.4")
L 05/09/2021 - 23:36:15: [basecommands.smx] "Console<0><Console><Console>" changed cvar (cvar "versus_boss_flow_max") (value "0.6")
L 05/09/2021 - 23:36:15: [basecommands.smx] "Console<0><Console><Console>" changed cvar (cvar "versus_boss_flow_min_intro") (value "0.1")
L 05/09/2021 - 23:36:15: [basecommands.smx] "Console<0><Console><Console>" changed cvar (cvar "versus_boss_flow_max_intro") (value "0.2")
L 05/09/2021 - 23:36:15: [basecommands.smx] "Console<0><Console><Console>" changed cvar (cvar "versus_boss_flow_min_finale") (value "0.1")
L 05/09/2021 - 23:36:15: [basecommands.smx] "Console<0><Console><Console>" changed cvar (cvar "versus_boss_flow_max_finale") (value "0.2")
L 05/09/2021 - 23:36:15: [basecommands.smx] "Console<0><Console><Console>" changed cvar (cvar "boomer_vomit_delay") (value "0.1")
L 05/09/2021 - 23:36:15: [basecommands.smx] "Console<0><Console><Console>" changed cvar (cvar "smoker_tongue_delay") (value "0.1")
L 05/09/2021 - 23:36:15: [basecommands.smx] "Console<0><Console><Console>" changed cvar (cvar "vs_survival_bonus") (value "35")
L 05/09/2021 - 23:36:15: [basecommands.smx] "Console<0><Console><Console>" changed cvar (cvar "z_tank_throw_health") (value "10")
L 05/09/2021 - 23:36:15: [basecommands.smx] "Console<0><Console><Console>" changed cvar (cvar "sv_client_min_interp_ratio") (value "-1")
L 05/09/2021 - 23:36:15: [basecommands.smx] "Console<0><Console><Console>" changed cvar (cvar "sv_client_max_interp_ratio") (value "0")
L 05/09/2021 - 23:36:15: [basecommands.smx] "Console<0><Console><Console>" changed cvar (cvar "sv_minrate") (value "100000")
L 05/09/2021 - 23:36:15: [basecommands.smx] "Console<0><Console><Console>" changed cvar (cvar "sv_maxrate") (value "100000")
L 05/09/2021 - 23:36:15: [basecommands.smx] "Console<0><Console><Console>" changed cvar (cvar "sv_mincmdrate") (value "100")
L 05/09/2021 - 23:36:15: [basecommands.smx] "Console<0><Console><Console>" changed cvar (cvar "sv_maxcmdrate") (value "100")
L 05/09/2021 - 23:36:15: [basecommands.smx] "Console<0><Console><Console>" changed cvar (cvar "sv_minupdaterate") (value "100")
L 05/09/2021 - 23:36:15: [basecommands.smx] "Console<0><Console><Console>" changed cvar (cvar "sv_maxupdaterate") (value "100")
L 05/09/2021 - 23:36:15: [basecommands.smx] "Console<0><Console><Console>" changed cvar (cvar "nb_update_frequency") (value "0.014")
L 05/09/2021 - 23:36:15: [basecommands.smx] "Console<0><Console><Console>" changed cvar (cvar "net_splitpacket_maxrate") (value "50000")
L 05/09/2021 - 23:36:15: [basecommands.smx] "Console<0><Console><Console>" changed cvar (cvar "fps_max") (value "0")
L 05/09/2021 - 23:36:15: [basecommands.smx] "Console<0><Console><Console>" changed cvar (cvar "hostname") (value "Versus")
L 05/09/2021 - 23:36:48: [basecommands.smx] "♛ Rain ♛<2><STEAM_1:0:162762726><>" changed cvar (cvar "vs_max_team_switches") (value "5")
L 05/09/2021 - 23:37:02: [basecommands.smx] "McLovin™<3><STEAM_1:1:4151444><>" changed cvar (cvar "vs_max_team_switches") (value "0")
L 05/09/2021 - 23:39:49: [l4d2_skill_detect.smx] Clear: 1 freed 4 from 6: time: 6.02 / -1.00 -- class: hunter (with shove? 0)
L 05/09/2021 - 23:40:06: [l4d2_skill_detect.smx] Clear: 1 freed 2 from 5: time: 1.51 / -1.00 -- class: jockey (with shove? 1)
L 05/09/2021 - 23:40:21: [l4d2_skill_detect.smx] Clear: 4 freed 3 from 7: time: 1.52 / -1.00 -- class: hunter (with shove? 0)
L 05/09/2021 - 23:40:27: [l4d2_skill_detect.smx] Charge carry start: 6 - 3 -- time: 249.97
L 05/09/2021 - 23:40:31: [l4d2_skill_detect.smx] Checking charge victim: 6 - 4 - flags: 0 (alive? 1)
L 05/09/2021 - 23:40:31: [l4d2_skill_detect.smx] Checking charge victim: 6 - 1 - flags: 0 (alive? 1)
L 05/09/2021 - 23:40:31: [l4d2_skill_detect.smx] Checking charge victim: 6 - 2 - flags: 0 (alive? 1)
L 05/09/2021 - 23:40:32: [l4d2_skill_detect.smx] Checking charge victim: 6 - 3 - flags: 1 (alive? 1)
L 05/09/2021 - 23:40:34: [l4d2_skill_detect.smx] Clear: 1 freed 1 from 8: time: -1.00 / 0.22 -- class: smoker (with shove? 0)
L 05/09/2021 - 23:40:35: [l4d2_skill_detect.smx] Clear: 4 freed 3 from 6: time: 5.23 / 8.35 -- class: charger (with shove? 0)
L 05/09/2021 - 23:40:48: [l4d2_skill_detect.smx] Clear: 2 freed 4 from 7: time: 0.39 / -1.00 -- class: jockey (with shove? 1)
L 05/09/2021 - 23:41:18: [l4d2_skill_detect.smx] Charge carry start: 7 - 1 -- time: 301.47
L 05/09/2021 - 23:41:19: [l4d2_skill_detect.smx] Clear: 4 freed 1 from 7: time: 0.00 / 0.82 -- class: charger (with shove? 0)
L 05/09/2021 - 23:41:22: [l4d2_skill_detect.smx] Checking charge victim: 7 - 1 - flags: 1 (alive? 1)
L 05/09/2021 - 23:41:26: [l4d2_skill_detect.smx] Clear: 1 freed 2 from 8: time: 0.07 / 2.10 -- class: smoker (with shove? 0)
L 05/09/2021 - 23:42:02: [l4d2_skill_detect.smx] Charge carry start: 8 - 1 -- time: 344.69
L 05/09/2021 - 23:42:02: [l4d2_skill_detect.smx] Clear: 1 freed 1 from 8: time: 0.00 / 0.16 -- class: charger (with shove? 0)
L 05/09/2021 - 23:42:04: [l4d2_skill_detect.smx] Checking charge victim: 8 - 1 - flags: 1 (alive? 1)
L 05/09/2021 - 23:42:46: [l4d2_skill_detect.smx] Charge carry start: 9 - 3 -- time: 388.97
L 05/09/2021 - 23:42:49: [l4d2_skill_detect.smx] Checking charge victim: 9 - 3 - flags: 1 (alive? 1)
L 05/09/2021 - 23:43:50: [l4d2_skill_detect.smx] Clear: 3 freed 4 from 5: time: 1.11 / -1.00 -- class: hunter (with shove? 0)
L 05/09/2021 - 23:44:25: [l4d2_skill_detect.smx] Charge carry start: 9 - 1 -- time: 487.64
L 05/09/2021 - 23:44:27: [l4d2_skill_detect.smx] Clear: 4 freed 1 from 9: time: 0.32 / 2.08 -- class: charger (with shove? 0)
L 05/09/2021 - 23:44:28: [l4d2_skill_detect.smx] Checking charge victim: 9 - 1 - flags: 1 (alive? 1)
L 05/09/2021 - 23:44:31: [l4d2_skill_detect.smx] Clear: 1 freed 4 from 7: time: 1.67 / 3.49 -- class: smoker (with shove? 1)
L 05/09/2021 - 23:44:49: [l4d2_skill_detect.smx] Clear: 4 freed 2 from 7: time: -1.00 / 1.46 -- class: smoker (with shove? 1)
L 05/09/2021 - 23:46:14: [l4d2_skill_detect.smx] Clear: 12 freed 11 from 2: time: 5.07 / -1.00 -- class: jockey (with shove? 0)
L 05/09/2021 - 23:47:35: [l4d2_skill_detect.smx] Clear: 8 freed 10 from 2: time: 0.08 / 2.98 -- class: smoker (with shove? 1)
L 05/09/2021 - 23:47:51: [l4d2_skill_detect.smx] Clear: 10 freed 5 from 1: time: 3.89 / -1.00 -- class: jockey (with shove? 1)
L 05/09/2021 - 23:47:58: [l4d2_skill_detect.smx] Clear: 9 freed 5 from 1: time: 0.70 / -1.00 -- class: jockey (with shove? 0)
L 05/09/2021 - 23:48:28: [l4d2_skill_detect.smx] Clear: 10 freed 6 from 3: time: 5.54 / -1.00 -- class: hunter (with shove? 0)
L 05/09/2021 - 23:48:29: [l4d2_skill_detect.smx] Charge carry start: 1 - 10 -- time: 732.34
L 05/09/2021 - 23:48:33: [l4d2_skill_detect.smx] Checking charge victim: 1 - 10 - flags: 1 (alive? 1)
L 05/09/2021 - 23:48:33: [basecommands.smx] "McLovin™<3><STEAM_1:1:4151444><>" kicked "JoseC_F<311><STEAM_1:0:164352285><>" (reason "")
L 05/09/2021 - 23:48:41: [l4d2_skill_detect.smx] Clear: 8 freed 6 from 4: time: 1.00 / -1.00 -- class: hunter (with shove? 0)
L 05/09/2021 - 23:49:03: [l4d2_skill_detect.smx] Charge carry start: 1 - 5 -- time: 765.80
L 05/09/2021 - 23:49:06: [l4d2_skill_detect.smx] Checking charge victim: 1 - 5 - flags: 1 (alive? 1)
L 05/09/2021 - 23:49:24: Log file closed.
