L 05/31/2020 - 18:40:55: SourceMod log file session started (file "L20200531.log") (Version "1.8.0.6041")
L 05/31/2020 - 18:40:55: -------- Mapchange to c1m1_hotel --------
L 05/31/2020 - 18:41:01: [GEOIP] GeoIP database info: GEO-106FREE 20180206 Build 1 Copyright (c) 2018 MaxMind Inc All Rights Reserved
L 05/31/2020 - 18:41:05: [simplewelcomemsg.smx] Set the maximum number of lines of.
L 05/31/2020 - 18:41:21: [SM] Changed map to "c1m1_hotel"
L 05/31/2020 - 18:41:24: -------- Mapchange to c1m1_hotel --------
L 05/31/2020 - 18:47:34: Log file closed.
L 05/31/2020 - 19:28:36: SourceMod log file session started (file "L20200531.log") (Version "1.8.0.6041")
L 05/31/2020 - 19:28:36: -------- Mapchange to c1m2_streets --------
L 05/31/2020 - 19:28:38: [GEOIP] GeoIP database info: GEO-106FREE 20180206 Build 1 Copyright (c) 2018 MaxMind Inc All Rights Reserved
L 05/31/2020 - 19:28:39: [simplewelcomemsg.smx] Set the maximum number of lines of.
L 05/31/2020 - 19:28:47: [SM] Changed map to "c1m2_streets"
L 05/31/2020 - 19:28:50: -------- Mapchange to c1m2_streets --------
L 05/31/2020 - 19:30:07: [basechat.smx] "Rain❤Delta<2><STEAM_1:0:162762726><>" triggered sm_chat (text !admin)
L 05/31/2020 - 19:33:33: Log file closed.
L 05/31/2020 - 19:45:08: SourceMod log file session started (file "L20200531.log") (Version "1.8.0.6041")
L 05/31/2020 - 19:45:08: -------- Mapchange to c1m2_streets --------
L 05/31/2020 - 19:45:08: [GEOIP] GeoIP database info: GEO-106FREE 20180206 Build 1 Copyright (c) 2018 MaxMind Inc All Rights Reserved
L 05/31/2020 - 19:45:09: [simplewelcomemsg.smx] Set the maximum number of lines of.
L 05/31/2020 - 19:45:14: [SM] Changed map to "c1m2_streets"
L 05/31/2020 - 19:45:17: -------- Mapchange to c1m2_streets --------
L 05/31/2020 - 19:46:13: Log file closed.
