L 07/23/2020 - 01:26:43: SourceMod log file session started (file "L20200723.log") (Version "1.8.0.6041")
L 07/23/2020 - 01:26:43: -------- Mapchange to c8m1_apartment --------
L 07/23/2020 - 01:26:51: [l4d2_itemgiver.smx] Detected Left4Dead2!
L 07/23/2020 - 01:26:52: [simplewelcomemsg.smx] Set the maximum number of lines of.
L 07/23/2020 - 01:27:12: [SM] Changed map to "c8m1_apartment"
L 07/23/2020 - 01:27:14: -------- Mapchange to c8m1_apartment --------
L 07/23/2020 - 01:30:59: [funcommands.smx] "♛ Rain ♛<2><STEAM_1:0:162762726><>" toggled noclip on "♛ Rain ♛<2><STEAM_1:0:162762726><>"
L 07/23/2020 - 01:34:13: Log file closed.
L 07/23/2020 - 10:14:59: SourceMod log file session started (file "L20200723.log") (Version "1.8.0.6041")
L 07/23/2020 - 10:14:59: -------- Mapchange to c5m1_waterfront --------
L 07/23/2020 - 10:15:03: [l4d2_itemgiver.smx] Detected Left4Dead2!
L 07/23/2020 - 10:15:03: [simplewelcomemsg.smx] Set the maximum number of lines of.
L 07/23/2020 - 10:15:19: [SM] Changed map to "c5m1_waterfront"
L 07/23/2020 - 10:15:21: -------- Mapchange to c5m1_waterfront --------
L 07/23/2020 - 10:22:10: Log file closed.
L 07/23/2020 - 10:41:27: SourceMod log file session started (file "L20200723.log") (Version "1.8.0.6041")
L 07/23/2020 - 10:41:27: -------- Mapchange to c1m2_streets --------
L 07/23/2020 - 10:41:31: [l4d2_itemgiver.smx] Detected Left4Dead2!
L 07/23/2020 - 10:41:31: [simplewelcomemsg.smx] Set the maximum number of lines of.
L 07/23/2020 - 10:41:46: [SM] Changed map to "c1m2_streets"
L 07/23/2020 - 10:41:48: -------- Mapchange to c1m2_streets --------
L 07/23/2020 - 10:45:50: Log file closed.
L 07/23/2020 - 10:48:49: SourceMod log file session started (file "L20200723.log") (Version "1.8.0.6041")
L 07/23/2020 - 10:48:49: -------- Mapchange to c1m2_streets --------
L 07/23/2020 - 10:48:51: [l4d2_itemgiver.smx] Detected Left4Dead2!
L 07/23/2020 - 10:48:51: [simplewelcomemsg.smx] Set the maximum number of lines of.
L 07/23/2020 - 10:48:56: [SM] Changed map to "c1m2_streets"
L 07/23/2020 - 10:48:59: -------- Mapchange to c1m2_streets --------
L 07/23/2020 - 10:51:07: Log file closed.
L 07/23/2020 - 11:06:43: SourceMod log file session started (file "L20200723.log") (Version "1.8.0.6041")
L 07/23/2020 - 11:06:43: -------- Mapchange to c8m5_rooftop --------
L 07/23/2020 - 11:06:45: [l4d2_itemgiver.smx] Detected Left4Dead2!
L 07/23/2020 - 11:06:45: [simplewelcomemsg.smx] Set the maximum number of lines of.
L 07/23/2020 - 11:07:04: [SM] Changed map to "c8m5_rooftop"
L 07/23/2020 - 11:07:06: -------- Mapchange to c8m5_rooftop --------
L 07/23/2020 - 11:08:50: [playercommands.smx] "♛ Rain ♛<2><STEAM_1:0:162762726><>" slayed "♛ Rain ♛<2><STEAM_1:0:162762726><>"
L 07/23/2020 - 11:08:50: [playercommands.smx] "♛ Rain ♛<2><STEAM_1:0:162762726><>" slayed "Francis<3><BOT><>"
L 07/23/2020 - 11:08:50: [playercommands.smx] "♛ Rain ♛<2><STEAM_1:0:162762726><>" slayed "Louis<4><BOT><>"
L 07/23/2020 - 11:08:50: [playercommands.smx] "♛ Rain ♛<2><STEAM_1:0:162762726><>" slayed "Zoey<5><BOT><>"
L 07/23/2020 - 11:09:42: [playercommands.smx] "♛ Rain ♛<2><STEAM_1:0:162762726><>" slayed "Bill<8><BOT><>"
L 07/23/2020 - 11:09:43: [playercommands.smx] "♛ Rain ♛<2><STEAM_1:0:162762726><>" slayed "Zoey<9><BOT><>"
L 07/23/2020 - 11:09:44: [playercommands.smx] "♛ Rain ♛<2><STEAM_1:0:162762726><>" slayed "Louis<10><BOT><>"
L 07/23/2020 - 11:11:02: Log file closed.
L 07/23/2020 - 11:12:52: SourceMod log file session started (file "L20200723.log") (Version "1.8.0.6041")
L 07/23/2020 - 11:12:52: -------- Mapchange to c8m5_rooftop --------
L 07/23/2020 - 11:12:53: [l4d2_itemgiver.smx] Detected Left4Dead2!
L 07/23/2020 - 11:12:54: [simplewelcomemsg.smx] Set the maximum number of lines of.
L 07/23/2020 - 11:13:03: [SM] Changed map to "c8m5_rooftop"
L 07/23/2020 - 11:13:06: -------- Mapchange to c8m5_rooftop --------
L 07/23/2020 - 11:13:49: [playercommands.smx] "♛ Rain ♛<2><STEAM_1:0:162762726><>" slayed "Francis<3><BOT><>"
L 07/23/2020 - 11:13:49: [playercommands.smx] "♛ Rain ♛<2><STEAM_1:0:162762726><>" slayed "Zoey<4><BOT><>"
L 07/23/2020 - 11:13:49: [playercommands.smx] "♛ Rain ♛<2><STEAM_1:0:162762726><>" slayed "Louis<5><BOT><>"
L 07/23/2020 - 11:13:50: [playercommands.smx] "♛ Rain ♛<2><STEAM_1:0:162762726><>" slayed "♛ Rain ♛<2><STEAM_1:0:162762726><>"
L 07/23/2020 - 11:14:20: [playercommands.smx] "♛ Rain ♛<2><STEAM_1:0:162762726><>" slayed "Zoey<6><BOT><>"
L 07/23/2020 - 11:14:20: [playercommands.smx] "♛ Rain ♛<2><STEAM_1:0:162762726><>" slayed "Bill<7><BOT><>"
L 07/23/2020 - 11:14:21: [playercommands.smx] "♛ Rain ♛<2><STEAM_1:0:162762726><>" slayed "Francis<8><BOT><>"
L 07/23/2020 - 11:15:36: Log file closed.
L 07/23/2020 - 11:25:55: SourceMod log file session started (file "L20200723.log") (Version "1.8.0.6041")
L 07/23/2020 - 11:25:55: -------- Mapchange to c1m1_hotel --------
L 07/23/2020 - 11:25:57: [l4d2_itemgiver.smx] Detected Left4Dead2!
L 07/23/2020 - 11:25:57: [simplewelcomemsg.smx] Set the maximum number of lines of.
L 07/23/2020 - 11:26:05: [SM] Changed map to "c1m1_hotel"
L 07/23/2020 - 11:26:07: -------- Mapchange to c1m1_hotel --------
L 07/23/2020 - 11:27:47: [playercommands.smx] "♛ Rain ♛<2><STEAM_1:0:162762726><>" slayed "Coach<3><BOT><>"
L 07/23/2020 - 11:27:47: [playercommands.smx] "♛ Rain ♛<2><STEAM_1:0:162762726><>" slayed "Rochelle<4><BOT><>"
L 07/23/2020 - 11:27:48: [playercommands.smx] "♛ Rain ♛<2><STEAM_1:0:162762726><>" slayed "Ellis<5><BOT><>"
L 07/23/2020 - 11:27:49: [playercommands.smx] "♛ Rain ♛<2><STEAM_1:0:162762726><>" slayed "Nick<6><BOT><>"
L 07/23/2020 - 11:29:11: [playercommands.smx] "♛ Rain ♛<2><STEAM_1:0:162762726><>" slayed "♛ Rain ♛<2><STEAM_1:0:162762726><>"
L 07/23/2020 - 11:29:11: [playercommands.smx] "♛ Rain ♛<2><STEAM_1:0:162762726><>" slayed "Rochelle<7><BOT><>"
L 07/23/2020 - 11:29:11: [playercommands.smx] "♛ Rain ♛<2><STEAM_1:0:162762726><>" slayed "Ellis<8><BOT><>"
L 07/23/2020 - 11:29:11: [playercommands.smx] "♛ Rain ♛<2><STEAM_1:0:162762726><>" slayed "Coach<9><BOT><>"
L 07/23/2020 - 11:29:39: -------- Mapchange to c1m2_streets --------
L 07/23/2020 - 11:30:22: [playercommands.smx] "♛ Rain ♛<2><STEAM_1:0:162762726><>" slayed "Coach<14><BOT><>"
L 07/23/2020 - 11:30:22: [playercommands.smx] "♛ Rain ♛<2><STEAM_1:0:162762726><>" slayed "Nick<15><BOT><>"
L 07/23/2020 - 11:30:22: [playercommands.smx] "♛ Rain ♛<2><STEAM_1:0:162762726><>" slayed "Ellis<16><BOT><>"
L 07/23/2020 - 11:30:22: [playercommands.smx] "♛ Rain ♛<2><STEAM_1:0:162762726><>" slayed "Rochelle<17><BOT><>"
L 07/23/2020 - 11:33:32: Log file closed.
L 07/23/2020 - 11:36:48: SourceMod log file session started (file "L20200723.log") (Version "1.8.0.6041")
L 07/23/2020 - 11:36:48: -------- Mapchange to c1m2_streets --------
L 07/23/2020 - 11:36:52: [l4d2_itemgiver.smx] Detected Left4Dead2!
L 07/23/2020 - 11:36:52: [simplewelcomemsg.smx] Set the maximum number of lines of.
L 07/23/2020 - 11:37:04: [SM] Changed map to "c1m2_streets"
L 07/23/2020 - 11:37:07: -------- Mapchange to c1m2_streets --------
L 07/23/2020 - 11:38:53: [playercommands.smx] "♛ Rain ♛<2><STEAM_1:0:162762726><>" slayed "Rochelle<3><BOT><>"
L 07/23/2020 - 11:38:53: [playercommands.smx] "♛ Rain ♛<2><STEAM_1:0:162762726><>" slayed "Coach<4><BOT><>"
L 07/23/2020 - 11:38:53: [playercommands.smx] "♛ Rain ♛<2><STEAM_1:0:162762726><>" slayed "Ellis<5><BOT><>"
L 07/23/2020 - 11:38:53: [playercommands.smx] "♛ Rain ♛<2><STEAM_1:0:162762726><>" slayed "Boomer<6><BOT><>"
L 07/23/2020 - 11:38:53: [playercommands.smx] "♛ Rain ♛<2><STEAM_1:0:162762726><>" slayed "♛ Rain ♛<2><STEAM_1:0:162762726><>"
L 07/23/2020 - 11:38:57: [playercommands.smx] "♛ Rain ♛<2><STEAM_1:0:162762726><>" slayed "Spitter<7><BOT><>"
L 07/23/2020 - 11:40:09: -------- Mapchange to c8m5_rooftop --------
L 07/23/2020 - 11:40:49: [playercommands.smx] "♛ Rain ♛<15><STEAM_1:0:162762726><>" slayed "Francis<16><BOT><>"
L 07/23/2020 - 11:40:49: [playercommands.smx] "♛ Rain ♛<15><STEAM_1:0:162762726><>" slayed "Zoey<17><BOT><>"
L 07/23/2020 - 11:40:49: [playercommands.smx] "♛ Rain ♛<15><STEAM_1:0:162762726><>" slayed "Louis<18><BOT><>"
L 07/23/2020 - 11:40:51: [playercommands.smx] "♛ Rain ♛<15><STEAM_1:0:162762726><>" slayed "♛ Rain ♛<15><STEAM_1:0:162762726><>"
L 07/23/2020 - 11:42:31: [playercommands.smx] "♛ Rain ♛<15><STEAM_1:0:162762726><>" slayed "Jockey<19><BOT><>"
L 07/23/2020 - 11:42:32: [playercommands.smx] "♛ Rain ♛<15><STEAM_1:0:162762726><>" slayed "(1)Jockey<20><BOT><>"
L 07/23/2020 - 11:50:24: -------- Mapchange to c9m1_alleys --------
L 07/23/2020 - 11:53:08: Log file closed.
L 07/23/2020 - 12:05:24: SourceMod log file session started (file "L20200723.log") (Version "1.8.0.6041")
L 07/23/2020 - 12:05:24: -------- Mapchange to c1m2_streets --------
L 07/23/2020 - 12:05:28: [l4d2_itemgiver.smx] Detected Left4Dead2!
L 07/23/2020 - 12:05:28: [simplewelcomemsg.smx] Set the maximum number of lines of.
L 07/23/2020 - 12:05:43: [SM] Changed map to "c1m2_streets"
L 07/23/2020 - 12:05:46: -------- Mapchange to c1m2_streets --------
L 07/23/2020 - 12:06:54: -------- Mapchange to c8m5_rooftop --------
L 07/23/2020 - 12:09:43: Log file closed.
L 07/23/2020 - 12:12:02: SourceMod log file session started (file "L20200723.log") (Version "1.8.0.6041")
L 07/23/2020 - 12:12:02: -------- Mapchange to c8m5_rooftop --------
L 07/23/2020 - 12:12:05: [l4d2_itemgiver.smx] Detected Left4Dead2!
L 07/23/2020 - 12:12:06: [simplewelcomemsg.smx] Set the maximum number of lines of.
L 07/23/2020 - 12:12:21: [SM] Changed map to "c8m5_rooftop"
L 07/23/2020 - 12:12:23: -------- Mapchange to c8m5_rooftop --------
L 07/23/2020 - 12:14:24: Log file closed.
L 07/23/2020 - 12:18:03: SourceMod log file session started (file "L20200723.log") (Version "1.8.0.6041")
L 07/23/2020 - 12:18:03: -------- Mapchange to c2m5_concert --------
L 07/23/2020 - 12:18:04: [l4d2_itemgiver.smx] Detected Left4Dead2!
L 07/23/2020 - 12:18:04: [simplewelcomemsg.smx] Set the maximum number of lines of.
L 07/23/2020 - 12:18:14: [SM] Changed map to "c2m5_concert"
L 07/23/2020 - 12:18:16: -------- Mapchange to c2m5_concert --------
L 07/23/2020 - 12:20:10: Log file closed.
L 07/23/2020 - 12:28:06: SourceMod log file session started (file "L20200723.log") (Version "1.8.0.6041")
L 07/23/2020 - 12:28:06: -------- Mapchange to c2m1_highway --------
L 07/23/2020 - 12:28:09: [l4d2_itemgiver.smx] Detected Left4Dead2!
L 07/23/2020 - 12:28:09: [simplewelcomemsg.smx] Set the maximum number of lines of.
L 07/23/2020 - 12:28:25: [SM] Changed map to "c2m1_highway"
L 07/23/2020 - 12:28:28: -------- Mapchange to c2m1_highway --------
L 07/23/2020 - 12:32:30: Log file closed.
L 07/23/2020 - 12:40:36: SourceMod log file session started (file "L20200723.log") (Version "1.8.0.6041")
L 07/23/2020 - 12:40:36: -------- Mapchange to c8m5_rooftop --------
L 07/23/2020 - 12:40:40: [l4d2_itemgiver.smx] Detected Left4Dead2!
L 07/23/2020 - 12:40:40: [simplewelcomemsg.smx] Set the maximum number of lines of.
L 07/23/2020 - 12:40:56: [SM] Changed map to "c8m5_rooftop"
L 07/23/2020 - 12:40:58: -------- Mapchange to c8m5_rooftop --------
L 07/23/2020 - 12:42:10: -------- Mapchange to c1m1_hotel --------
L 07/23/2020 - 12:44:33: Log file closed.
L 07/23/2020 - 12:45:15: SourceMod log file session started (file "L20200723.log") (Version "1.8.0.6041")
L 07/23/2020 - 12:45:15: -------- Mapchange to c1m1_hotel --------
L 07/23/2020 - 12:45:18: [l4d2_itemgiver.smx] Detected Left4Dead2!
L 07/23/2020 - 12:45:18: [simplewelcomemsg.smx] Set the maximum number of lines of.
L 07/23/2020 - 12:45:28: [SM] Changed map to "c1m1_hotel"
L 07/23/2020 - 12:45:30: -------- Mapchange to c1m1_hotel --------
L 07/23/2020 - 12:46:55: Log file closed.
L 07/23/2020 - 13:00:49: SourceMod log file session started (file "L20200723.log") (Version "1.8.0.6041")
L 07/23/2020 - 13:00:49: -------- Mapchange to c8m5_rooftop --------
L 07/23/2020 - 13:00:50: [l4d2_itemgiver.smx] Detected Left4Dead2!
L 07/23/2020 - 13:00:50: [simplewelcomemsg.smx] Set the maximum number of lines of.
L 07/23/2020 - 13:01:01: [SM] Changed map to "c8m5_rooftop"
L 07/23/2020 - 13:01:04: -------- Mapchange to c8m5_rooftop --------
L 07/23/2020 - 13:02:37: -------- Mapchange to c11m1_greenhouse --------
L 07/23/2020 - 13:03:47: Log file closed.
L 07/23/2020 - 13:05:48: SourceMod log file session started (file "L20200723.log") (Version "1.8.0.6041")
L 07/23/2020 - 13:05:48: -------- Mapchange to c8m1_apartment --------
L 07/23/2020 - 13:05:50: [l4d2_itemgiver.smx] Detected Left4Dead2!
L 07/23/2020 - 13:05:50: [simplewelcomemsg.smx] Set the maximum number of lines of.
L 07/23/2020 - 13:06:01: [SM] Changed map to "c8m1_apartment"
L 07/23/2020 - 13:06:03: -------- Mapchange to c8m1_apartment --------
L 07/23/2020 - 13:06:45: -------- Mapchange to c11m1_greenhouse --------
L 07/23/2020 - 13:07:46: -------- Mapchange to c2m1_highway --------
L 07/23/2020 - 13:09:06: -------- Mapchange to c8m1_apartment --------
L 07/23/2020 - 13:10:08: Log file closed.
L 07/23/2020 - 13:11:15: SourceMod log file session started (file "L20200723.log") (Version "1.8.0.6041")
L 07/23/2020 - 13:11:15: -------- Mapchange to c8m1_apartment --------
L 07/23/2020 - 13:11:19: [l4d2_itemgiver.smx] Detected Left4Dead2!
L 07/23/2020 - 13:11:19: [simplewelcomemsg.smx] Set the maximum number of lines of.
L 07/23/2020 - 13:11:35: [SM] Changed map to "c8m1_apartment"
L 07/23/2020 - 13:11:37: -------- Mapchange to c8m1_apartment --------
L 07/23/2020 - 13:12:37: Log file closed.
L 07/23/2020 - 13:15:10: SourceMod log file session started (file "L20200723.log") (Version "1.8.0.6041")
L 07/23/2020 - 13:15:10: -------- Mapchange to c1m1_hotel --------
L 07/23/2020 - 13:15:12: [l4d2_itemgiver.smx] Detected Left4Dead2!
L 07/23/2020 - 13:15:12: [simplewelcomemsg.smx] Set the maximum number of lines of.
L 07/23/2020 - 13:15:19: [SM] Changed map to "c1m1_hotel"
L 07/23/2020 - 13:15:22: -------- Mapchange to c1m1_hotel --------
L 07/23/2020 - 13:16:10: -------- Mapchange to c11m1_greenhouse --------
L 07/23/2020 - 13:17:44: -------- Mapchange to c1m2_streets --------
L 07/23/2020 - 13:19:01: Log file closed.
L 07/23/2020 - 13:19:48: SourceMod log file session started (file "L20200723.log") (Version "1.8.0.6041")
L 07/23/2020 - 13:19:48: -------- Mapchange to c1m1_hotel --------
L 07/23/2020 - 13:19:52: [l4d2_itemgiver.smx] Detected Left4Dead2!
L 07/23/2020 - 13:19:52: [simplewelcomemsg.smx] Set the maximum number of lines of.
L 07/23/2020 - 13:20:04: [SM] Changed map to "c1m1_hotel"
L 07/23/2020 - 13:20:07: -------- Mapchange to c1m1_hotel --------
L 07/23/2020 - 13:21:22: -------- Mapchange to c11m1_greenhouse --------
L 07/23/2020 - 13:23:06: Log file closed.
L 07/23/2020 - 17:46:20: SourceMod log file session started (file "L20200723.log") (Version "1.8.0.6041")
L 07/23/2020 - 17:46:20: Log file closed.
L 07/23/2020 - 18:43:54: SourceMod log file session started (file "L20200723.log") (Version "1.8.0.6041")
L 07/23/2020 - 18:43:54: Log file closed.
