L 03/04/2021 - 14:37:20: SourceMod log file session started (file "D:\Steam\steamapps\common\Left 4 Dead 2\left4dead2\addons\sourcemod\logs\L20210304.log") (Version "1.10.0.6492")
L 03/04/2021 - 14:37:20: [simplewelcomemsg.smx] Set the maximum number of lines of.
L 03/04/2021 - 14:37:27: [basecommands.smx] "Console<0><Console><Console>" changed cvar (cvar "sv_force_time_of_day") (value "0")
L 03/04/2021 - 14:37:27: [basecommands.smx] "Console<0><Console><Console>" changed cvar (cvar "z_witch_damage_per_kill_hit") (value "120")
L 03/04/2021 - 14:37:27: [basecommands.smx] "Console<0><Console><Console>" changed cvar (cvar "z_witch_anger_rate") (value "0.4")
L 03/04/2021 - 14:37:27: [basecommands.smx] "Console<0><Console><Console>" changed cvar (cvar "z_witch_flashlight_range") (value "2000")
L 03/04/2021 - 14:37:27: [basecommands.smx] "Console<0><Console><Console>" changed cvar (cvar "z_witch_burn_time") (value "100")
L 03/04/2021 - 14:37:27: [basecommands.smx] "Console<0><Console><Console>" changed cvar (cvar "z_tank_health") (value "4000")
L 03/04/2021 - 14:37:27: [basecommands.smx] "Console<0><Console><Console>" changed cvar (cvar "z_ghost_delay_min") (value "15")
L 03/04/2021 - 14:37:27: [basecommands.smx] "Console<0><Console><Console>" changed cvar (cvar "z_ghost_delay_max") (value "15")
L 03/04/2021 - 14:37:27: [basecommands.smx] "Console<0><Console><Console>" changed cvar (cvar "z_hunter_limit") (value "1")
L 03/04/2021 - 14:37:27: [basecommands.smx] "Console<0><Console><Console>" changed cvar (cvar "z_smoker_limit") (value "1")
L 03/04/2021 - 14:37:27: [basecommands.smx] "Console<0><Console><Console>" changed cvar (cvar "z_jockey_limit") (value "1")
L 03/04/2021 - 14:37:27: [basecommands.smx] "Console<0><Console><Console>" changed cvar (cvar "versus_tank_chance_intro") (value "1")
L 03/04/2021 - 14:37:27: [basecommands.smx] "Console<0><Console><Console>" changed cvar (cvar "versus_tank_chance_finale") (value "1")
L 03/04/2021 - 14:37:27: [basecommands.smx] "Console<0><Console><Console>" changed cvar (cvar "versus_tank_chance") (value "1")
L 03/04/2021 - 14:37:27: [basecommands.smx] "Console<0><Console><Console>" changed cvar (cvar "versus_witch_chance_intro") (value "0")
L 03/04/2021 - 14:37:27: [basecommands.smx] "Console<0><Console><Console>" changed cvar (cvar "versus_witch_chance_finale") (value "0")
L 03/04/2021 - 14:37:27: [basecommands.smx] "Console<0><Console><Console>" changed cvar (cvar "versus_witch_chance") (value "1")
L 03/04/2021 - 14:37:27: [basecommands.smx] "Console<0><Console><Console>" changed cvar (cvar "director_force_tank") (value "1")
L 03/04/2021 - 14:37:27: [basecommands.smx] "Console<0><Console><Console>" changed cvar (cvar "versus_boss_flow_min") (value "0.4")
L 03/04/2021 - 14:37:27: [basecommands.smx] "Console<0><Console><Console>" changed cvar (cvar "versus_boss_flow_max") (value "0.6")
L 03/04/2021 - 14:37:27: [basecommands.smx] "Console<0><Console><Console>" changed cvar (cvar "versus_boss_flow_min_intro") (value "0.1")
L 03/04/2021 - 14:37:27: [basecommands.smx] "Console<0><Console><Console>" changed cvar (cvar "versus_boss_flow_max_intro") (value "0.2")
L 03/04/2021 - 14:37:27: [basecommands.smx] "Console<0><Console><Console>" changed cvar (cvar "versus_boss_flow_min_finale") (value "0.1")
L 03/04/2021 - 14:37:27: [basecommands.smx] "Console<0><Console><Console>" changed cvar (cvar "versus_boss_flow_max_finale") (value "0.2")
L 03/04/2021 - 14:37:27: [basecommands.smx] "Console<0><Console><Console>" changed cvar (cvar "boomer_vomit_delay") (value "0.1")
L 03/04/2021 - 14:37:27: [basecommands.smx] "Console<0><Console><Console>" changed cvar (cvar "smoker_tongue_delay") (value "0.1")
L 03/04/2021 - 14:37:27: [basecommands.smx] "Console<0><Console><Console>" changed cvar (cvar "vs_survival_bonus") (value "35")
L 03/04/2021 - 14:37:27: [basecommands.smx] "Console<0><Console><Console>" changed cvar (cvar "z_tank_throw_health") (value "10")
L 03/04/2021 - 14:37:27: [basecommands.smx] "Console<0><Console><Console>" changed cvar (cvar "sv_client_min_interp_ratio") (value "-1")
L 03/04/2021 - 14:37:27: [basecommands.smx] "Console<0><Console><Console>" changed cvar (cvar "sv_client_max_interp_ratio") (value "0")
L 03/04/2021 - 14:37:27: [basecommands.smx] "Console<0><Console><Console>" changed cvar (cvar "sv_minrate") (value "100000")
L 03/04/2021 - 14:37:27: [basecommands.smx] "Console<0><Console><Console>" changed cvar (cvar "sv_maxrate") (value "100000")
L 03/04/2021 - 14:37:27: [basecommands.smx] "Console<0><Console><Console>" changed cvar (cvar "sv_mincmdrate") (value "100")
L 03/04/2021 - 14:37:27: [basecommands.smx] "Console<0><Console><Console>" changed cvar (cvar "sv_maxcmdrate") (value "100")
L 03/04/2021 - 14:37:27: [basecommands.smx] "Console<0><Console><Console>" changed cvar (cvar "sv_minupdaterate") (value "100")
L 03/04/2021 - 14:37:27: [basecommands.smx] "Console<0><Console><Console>" changed cvar (cvar "sv_maxupdaterate") (value "100")
L 03/04/2021 - 14:37:27: [basecommands.smx] "Console<0><Console><Console>" changed cvar (cvar "nb_update_frequency") (value "0.014")
L 03/04/2021 - 14:37:27: [basecommands.smx] "Console<0><Console><Console>" changed cvar (cvar "net_splitpacket_maxrate") (value "50000")
L 03/04/2021 - 14:37:27: [basecommands.smx] "Console<0><Console><Console>" changed cvar (cvar "fps_max") (value "0")
L 03/04/2021 - 14:37:27: [basecommands.smx] "Console<0><Console><Console>" changed cvar (cvar "hostname") (value "Versus")
L 03/04/2021 - 14:43:36: [l4d2_skill_detect.smx] Clear: 4 freed 1 from 7: time: 1.10 / -1.00 -- class: hunter (with shove? 0)
L 03/04/2021 - 14:43:47: [l4d2_skill_detect.smx] Clear: 6 freed 4 from 8: time: 1.76 / -1.00 -- class: jockey (with shove? 0)
L 03/04/2021 - 14:46:44: [l4d2_skill_detect.smx] Clear: 8 freed 2 from 10: time: 1.10 / 3.13 -- class: smoker (with shove? 1)
L 03/04/2021 - 14:47:46: [l4d2_skill_detect.smx] Charge carry start: 3 - 8 -- time: 621.01
L 03/04/2021 - 14:47:49: [l4d2_skill_detect.smx] Clear: 2 freed 8 from 3: time: 0.82 / 3.41 -- class: charger (with shove? 0)
L 03/04/2021 - 14:47:51: [l4d2_skill_detect.smx] Checking charge victim: 3 - 8 - flags: 1 (alive? 1)
L 03/04/2021 - 14:47:56: [l4d2_skill_detect.smx] Clear: 2 freed 5 from 4: time: 2.70 / -1.00 -- class: jockey (with shove? 0)
L 03/04/2021 - 14:48:25: [l4d2_skill_detect.smx] Clear: 1 freed 5 from 4: time: 1.27 / -1.00 -- class: hunter (with shove? 0)
L 03/04/2021 - 14:49:37: [l4d2_skill_detect.smx] Clear: 2 freed 8 from 7: time: 2.71 / -1.00 -- class: jockey (with shove? 1)
L 03/04/2021 - 14:50:43: [l4d2_skill_detect.smx] Clear: 5 freed 7 from 10: time: 3.64 / -1.00 -- class: jockey (with shove? 0)
L 03/04/2021 - 14:51:16: [l4d2_skill_detect.smx] Clear: 2 freed 7 from 8: time: 5.44 / -1.00 -- class: hunter (with shove? 0)
L 03/04/2021 - 14:55:03: [l4d2_skill_detect.smx] Charge carry start: 2 - 8 -- time: 1057.58
L 03/04/2021 - 14:55:04: [l4d2_skill_detect.smx] Clear: 6 freed 8 from 2: time: 0.97 / 1.72 -- class: charger (with shove? 0)
L 03/04/2021 - 14:55:06: [l4d2_skill_detect.smx] Checking charge victim: 2 - 8 - flags: 1 (alive? 1)
L 03/04/2021 - 14:55:06: [l4d2_skill_detect.smx] Clear: 6 freed 3 from 7: time: 3.30 / -1.00 -- class: hunter (with shove? 0)
L 03/04/2021 - 14:55:10: [l4d2_skill_detect.smx] Clear: 4 freed 3 from 5: time: 1.60 / -1.00 -- class: hunter (with shove? 0)
L 03/04/2021 - 14:55:43: [l4d2_skill_detect.smx] Clear: 9 freed 8 from 7: time: 1.22 / -1.00 -- class: jockey (with shove? 1)
L 03/04/2021 - 14:55:45: [l4d2_skill_detect.smx] Charge carry start: 5 - 8 -- time: 1099.88
L 03/04/2021 - 14:55:48: [l4d2_skill_detect.smx] Clear: 4 freed 8 from 5: time: 0.35 / 3.56 -- class: charger (with shove? 0)
L 03/04/2021 - 14:55:50: [l4d2_skill_detect.smx] Checking charge victim: 5 - 8 - flags: 1 (alive? 1)
L 03/04/2021 - 14:56:25: [l4d2_skill_detect.smx] Clear: 6 freed 8 from 5: time: 0.53 / -1.00 -- class: jockey (with shove? 0)
L 03/04/2021 - 14:56:31: [l4d2_skill_detect.smx] Charge carry start: 1 - 8 -- time: 1145.72
L 03/04/2021 - 14:56:33: [l4d2_skill_detect.smx] Clear: 4 freed 8 from 1: time: 0.52 / 1.91 -- class: charger (with shove? 0)
L 03/04/2021 - 14:56:34: [l4d2_skill_detect.smx] Checking charge victim: 1 - 8 - flags: 1 (alive? 1)
L 03/04/2021 - 14:57:07: [l4d2_skill_detect.smx] Clear: 6 freed 4 from 1: time: 0.92 / -1.00 -- class: hunter (with shove? 0)
L 03/04/2021 - 14:58:06: [l4d2_skill_detect.smx] Clear: 6 freed 3 from 5: time: -1.00 / 2.03 -- class: smoker (with shove? 0)
L 03/04/2021 - 14:58:49: [l4d2_skill_detect.smx] Clear: 3 freed 9 from 1: time: 1.59 / -1.00 -- class: jockey (with shove? 1)
L 03/04/2021 - 14:58:51: [l4d2_skill_detect.smx] Clear: 6 freed 4 from 5: time: 2.73 / -1.00 -- class: hunter (with shove? 0)
L 03/04/2021 - 15:00:17: [l4d2_skill_detect.smx] calarm trigger: caller 854 / activator 854 / delay: 0.00
L 03/04/2021 - 15:00:28: [l4d2_skill_detect.smx] Clear: 9 freed 4 from 2: time: 1.30 / -1.00 -- class: jockey (with shove? 1)
L 03/04/2021 - 15:00:43: [l4d2_skill_detect.smx] Clear: 4 freed 9 from 1: time: 1.81 / -1.00 -- class: hunter (with shove? 0)
L 03/04/2021 - 15:01:13: [l4d2_skill_detect.smx] Clear: 4 freed 4 from 1: time: 0.04 / -1.00 -- class: jockey (with shove? 1)
L 03/04/2021 - 15:01:44: -------- Mapchange to c2m2_fairgrounds --------
L 03/04/2021 - 15:01:47: [basecommands.smx] "Console<0><Console><Console>" changed cvar (cvar "sv_force_time_of_day") (value "0")
L 03/04/2021 - 15:01:47: [basecommands.smx] "Console<0><Console><Console>" changed cvar (cvar "z_witch_damage_per_kill_hit") (value "120")
L 03/04/2021 - 15:01:47: [basecommands.smx] "Console<0><Console><Console>" changed cvar (cvar "z_witch_anger_rate") (value "0.4")
L 03/04/2021 - 15:01:47: [basecommands.smx] "Console<0><Console><Console>" changed cvar (cvar "z_witch_flashlight_range") (value "2000")
L 03/04/2021 - 15:01:47: [basecommands.smx] "Console<0><Console><Console>" changed cvar (cvar "z_witch_burn_time") (value "100")
L 03/04/2021 - 15:01:47: [basecommands.smx] "Console<0><Console><Console>" changed cvar (cvar "z_tank_health") (value "4000")
L 03/04/2021 - 15:01:47: [basecommands.smx] "Console<0><Console><Console>" changed cvar (cvar "z_ghost_delay_min") (value "15")
L 03/04/2021 - 15:01:47: [basecommands.smx] "Console<0><Console><Console>" changed cvar (cvar "z_ghost_delay_max") (value "15")
L 03/04/2021 - 15:01:47: [basecommands.smx] "Console<0><Console><Console>" changed cvar (cvar "z_hunter_limit") (value "1")
L 03/04/2021 - 15:01:47: [basecommands.smx] "Console<0><Console><Console>" changed cvar (cvar "z_smoker_limit") (value "1")
L 03/04/2021 - 15:01:47: [basecommands.smx] "Console<0><Console><Console>" changed cvar (cvar "z_jockey_limit") (value "1")
L 03/04/2021 - 15:01:47: [basecommands.smx] "Console<0><Console><Console>" changed cvar (cvar "versus_tank_chance_intro") (value "1")
L 03/04/2021 - 15:01:47: [basecommands.smx] "Console<0><Console><Console>" changed cvar (cvar "versus_tank_chance_finale") (value "1")
L 03/04/2021 - 15:01:47: [basecommands.smx] "Console<0><Console><Console>" changed cvar (cvar "versus_tank_chance") (value "1")
L 03/04/2021 - 15:01:47: [basecommands.smx] "Console<0><Console><Console>" changed cvar (cvar "versus_witch_chance_intro") (value "0")
L 03/04/2021 - 15:01:47: [basecommands.smx] "Console<0><Console><Console>" changed cvar (cvar "versus_witch_chance_finale") (value "0")
L 03/04/2021 - 15:01:47: [basecommands.smx] "Console<0><Console><Console>" changed cvar (cvar "versus_witch_chance") (value "1")
L 03/04/2021 - 15:01:47: [basecommands.smx] "Console<0><Console><Console>" changed cvar (cvar "director_force_tank") (value "1")
L 03/04/2021 - 15:01:47: [basecommands.smx] "Console<0><Console><Console>" changed cvar (cvar "versus_boss_flow_min") (value "0.4")
L 03/04/2021 - 15:01:47: [basecommands.smx] "Console<0><Console><Console>" changed cvar (cvar "versus_boss_flow_max") (value "0.6")
L 03/04/2021 - 15:01:47: [basecommands.smx] "Console<0><Console><Console>" changed cvar (cvar "versus_boss_flow_min_intro") (value "0.1")
L 03/04/2021 - 15:01:47: [basecommands.smx] "Console<0><Console><Console>" changed cvar (cvar "versus_boss_flow_max_intro") (value "0.2")
L 03/04/2021 - 15:01:47: [basecommands.smx] "Console<0><Console><Console>" changed cvar (cvar "versus_boss_flow_min_finale") (value "0.1")
L 03/04/2021 - 15:01:47: [basecommands.smx] "Console<0><Console><Console>" changed cvar (cvar "versus_boss_flow_max_finale") (value "0.2")
L 03/04/2021 - 15:01:47: [basecommands.smx] "Console<0><Console><Console>" changed cvar (cvar "boomer_vomit_delay") (value "0.1")
L 03/04/2021 - 15:01:47: [basecommands.smx] "Console<0><Console><Console>" changed cvar (cvar "smoker_tongue_delay") (value "0.1")
L 03/04/2021 - 15:01:47: [basecommands.smx] "Console<0><Console><Console>" changed cvar (cvar "vs_survival_bonus") (value "35")
L 03/04/2021 - 15:01:47: [basecommands.smx] "Console<0><Console><Console>" changed cvar (cvar "z_tank_throw_health") (value "10")
L 03/04/2021 - 15:01:47: [basecommands.smx] "Console<0><Console><Console>" changed cvar (cvar "sv_client_min_interp_ratio") (value "-1")
L 03/04/2021 - 15:01:47: [basecommands.smx] "Console<0><Console><Console>" changed cvar (cvar "sv_client_max_interp_ratio") (value "0")
L 03/04/2021 - 15:01:47: [basecommands.smx] "Console<0><Console><Console>" changed cvar (cvar "sv_minrate") (value "100000")
L 03/04/2021 - 15:01:47: [basecommands.smx] "Console<0><Console><Console>" changed cvar (cvar "sv_maxrate") (value "100000")
L 03/04/2021 - 15:01:47: [basecommands.smx] "Console<0><Console><Console>" changed cvar (cvar "sv_mincmdrate") (value "100")
L 03/04/2021 - 15:01:47: [basecommands.smx] "Console<0><Console><Console>" changed cvar (cvar "sv_maxcmdrate") (value "100")
L 03/04/2021 - 15:01:47: [basecommands.smx] "Console<0><Console><Console>" changed cvar (cvar "sv_minupdaterate") (value "100")
L 03/04/2021 - 15:01:47: [basecommands.smx] "Console<0><Console><Console>" changed cvar (cvar "sv_maxupdaterate") (value "100")
L 03/04/2021 - 15:01:47: [basecommands.smx] "Console<0><Console><Console>" changed cvar (cvar "nb_update_frequency") (value "0.014")
L 03/04/2021 - 15:01:47: [basecommands.smx] "Console<0><Console><Console>" changed cvar (cvar "net_splitpacket_maxrate") (value "50000")
L 03/04/2021 - 15:01:47: [basecommands.smx] "Console<0><Console><Console>" changed cvar (cvar "fps_max") (value "0")
L 03/04/2021 - 15:01:47: [basecommands.smx] "Console<0><Console><Console>" changed cvar (cvar "hostname") (value "Versus")
L 03/04/2021 - 15:03:19: [l4d2_skill_detect.smx] Charge carry start: 7 - 8 -- time: 90.18
L 03/04/2021 - 15:03:21: [l4d2_skill_detect.smx] Clear: 6 freed 8 from 7: time: 1.45 / 2.30 -- class: charger (with shove? 0)
L 03/04/2021 - 15:03:22: [l4d2_skill_detect.smx] Checking charge victim: 7 - 8 - flags: 1 (alive? 1)
L 03/04/2021 - 15:03:43: [l4d2_skill_detect.smx] Clear: 6 freed 3 from 2: time: 7.83 / -1.00 -- class: jockey (with shove? 0)
L 03/04/2021 - 15:04:32: [l4d2_skill_detect.smx] Clear: 6 freed 8 from 5: time: 1.35 / -1.00 -- class: jockey (with shove? 0)
L 03/04/2021 - 15:04:34: [l4d2_skill_detect.smx] Charge carry start: 1 - 6 -- time: 164.86
L 03/04/2021 - 15:04:37: [l4d2_skill_detect.smx] Checking charge victim: 1 - 9 - flags: 0 (alive? 1)
L 03/04/2021 - 15:04:38: [l4d2_skill_detect.smx] Checking charge victim: 1 - 6 - flags: 1 (alive? 1)
L 03/04/2021 - 15:04:38: [l4d2_skill_detect.smx] Checking charge victim: 1 - 8 - flags: 0 (alive? 1)
L 03/04/2021 - 15:04:38: [l4d2_skill_detect.smx] Checking charge victim: 1 - 3 - flags: 0 (alive? 1)
L 03/04/2021 - 15:04:40: [l4d2_skill_detect.smx] Clear: 9 freed 6 from 1: time: 3.86 / 6.17 -- class: charger (with shove? 0)
L 03/04/2021 - 15:05:14: [l4d2_skill_detect.smx] Clear: 6 freed 3 from 1: time: 1.67 / -1.00 -- class: jockey (with shove? 1)
L 03/04/2021 - 15:05:18: [l4d2_skill_detect.smx] Clear: 8 freed 4 from 5: time: -1.00 / 2.93 -- class: smoker (with shove? 0)
L 03/04/2021 - 15:05:21: [l4d2_skill_detect.smx] Clear: 8 freed 4 from 7: time: 2.33 / -1.00 -- class: hunter (with shove? 0)
L 03/04/2021 - 15:06:06: [l4d2_skill_detect.smx] Clear: 8 freed 6 from 5: time: 12.30 / -1.00 -- class: hunter (with shove? 0)
L 03/04/2021 - 15:06:15: [l4d2_skill_detect.smx] Clear: 6 freed 3 from 2: time: 2.42 / 266.02 -- class: charger (with shove? 0)
L 03/04/2021 - 15:06:17: [l4d2_skill_detect.smx] Clear: 6 freed 6 from 1: time: -1.00 / 0.13 -- class: smoker (with shove? 0)
L 03/04/2021 - 15:06:47: [l4d2_skill_detect.smx] Clear: 6 freed 3 from 2: time: 4.52 / -1.00 -- class: hunter (with shove? 0)
L 03/04/2021 - 15:06:50: [basecommands.smx] "♛ Rain ♛<2><STEAM_1:0:162762726><>" kicked "Mr. Wednesday<53><STEAM_1:0:59085320><>" (reason "")
L 03/04/2021 - 15:07:43: [basecommands.smx] "♛ Rain ♛<2><STEAM_1:0:162762726><>" changed cvar (cvar "vs_max_team_switches") (value "0")
L 03/04/2021 - 15:08:45: [l4d2_skill_detect.smx] Clear: 8 freed 5 from 3: time: 1.00 / -1.00 -- class: hunter (with shove? 0)
L 03/04/2021 - 15:08:54: [basecommands.smx] "♛ Rain ♛<2><STEAM_1:0:162762726><>" changed cvar (cvar "vs_max_team_switches") (value "5")
L 03/04/2021 - 15:08:56: [basecommands.smx] "♛ Rain ♛<2><STEAM_1:0:162762726><>" changed cvar (cvar "vs_max_team_switches") (value "0")
L 03/04/2021 - 15:09:02: [l4d2_skill_detect.smx] Charge carry start: 6 - 2 -- time: 432.05
L 03/04/2021 - 15:09:06: [l4d2_skill_detect.smx] Checking charge victim: 6 - 2 - flags: 1 (alive? 1)
L 03/04/2021 - 15:10:11: [l4d2_skill_detect.smx] Charge carry start: 3 - 7 -- time: 500.34
L 03/04/2021 - 15:10:15: [l4d2_skill_detect.smx] Clear: 2 freed 7 from 3: time: 0.61 / 3.83 -- class: charger (with shove? 0)
L 03/04/2021 - 15:10:16: [l4d2_skill_detect.smx] Checking charge victim: 3 - 7 - flags: 1 (alive? 1)
L 03/04/2021 - 15:10:58: [l4d2_skill_detect.smx] Clear: 7 freed 5 from 6: time: 1.82 / -1.00 -- class: jockey (with shove? 0)
L 03/04/2021 - 15:12:10: [l4d2_skill_detect.smx] Clear: 5 freed 1 from 8: time: 1.02 / -1.00 -- class: jockey (with shove? 0)
L 03/04/2021 - 15:12:56: [l4d2_skill_detect.smx] Clear: 2 freed 1 from 3: time: 0.34 / 2.36 -- class: smoker (with shove? 1)
L 03/04/2021 - 15:13:29: [l4d2_skill_detect.smx] Witch Crown Check: Failed: bungled: 1 / crowntype: 0 (entity: 617)
L 03/04/2021 - 15:13:29: [l4d2_skill_detect.smx] Witch Crown Check: Further details: attacker: ♛ Rain ♛, attacker dmg: 500, teamless dmg: 8
L 03/04/2021 - 15:13:53: [l4d2_skill_detect.smx] Charge carry start: 6 - 2 -- time: 722.97
L 03/04/2021 - 15:13:58: [l4d2_skill_detect.smx] Checking charge victim: 6 - 2 - flags: 1 (alive? 1)
L 03/04/2021 - 15:13:58: [l4d2_skill_detect.smx] Clear: 5 freed 2 from 6: time: 2.11 / 4.30 -- class: charger (with shove? 0)
L 03/04/2021 - 15:14:11: [l4d2_skill_detect.smx] Clear: 1 freed 7 from 4: time: 2.65 / -1.00 -- class: jockey (with shove? 0)
L 03/04/2021 - 15:14:24: [l4d2_skill_detect.smx] Clear: 2 freed 5 from 8: time: 1.13 / 4.44 -- class: smoker (with shove? 1)
L 03/04/2021 - 15:14:44: [l4d2_skill_detect.smx] Clear: 2 freed 1 from 4: time: 0.91 / -1.00 -- class: hunter (with shove? 0)
L 03/04/2021 - 15:14:53: [l4d2_skill_detect.smx] Clear: 1 freed 2 from 8: time: 0.70 / 2.71 -- class: smoker (with shove? 0)
L 03/04/2021 - 15:15:39: -------- Mapchange to c2m3_coaster --------
L 03/04/2021 - 15:15:41: [basecommands.smx] "Console<0><Console><Console>" changed cvar (cvar "sv_force_time_of_day") (value "0")
L 03/04/2021 - 15:15:41: [basecommands.smx] "Console<0><Console><Console>" changed cvar (cvar "z_witch_damage_per_kill_hit") (value "120")
L 03/04/2021 - 15:15:41: [basecommands.smx] "Console<0><Console><Console>" changed cvar (cvar "z_witch_anger_rate") (value "0.4")
L 03/04/2021 - 15:15:41: [basecommands.smx] "Console<0><Console><Console>" changed cvar (cvar "z_witch_flashlight_range") (value "2000")
L 03/04/2021 - 15:15:41: [basecommands.smx] "Console<0><Console><Console>" changed cvar (cvar "z_witch_burn_time") (value "100")
L 03/04/2021 - 15:15:41: [basecommands.smx] "Console<0><Console><Console>" changed cvar (cvar "z_tank_health") (value "4000")
L 03/04/2021 - 15:15:41: [basecommands.smx] "Console<0><Console><Console>" changed cvar (cvar "z_ghost_delay_min") (value "15")
L 03/04/2021 - 15:15:41: [basecommands.smx] "Console<0><Console><Console>" changed cvar (cvar "z_ghost_delay_max") (value "15")
L 03/04/2021 - 15:15:41: [basecommands.smx] "Console<0><Console><Console>" changed cvar (cvar "z_hunter_limit") (value "1")
L 03/04/2021 - 15:15:41: [basecommands.smx] "Console<0><Console><Console>" changed cvar (cvar "z_smoker_limit") (value "1")
L 03/04/2021 - 15:15:41: [basecommands.smx] "Console<0><Console><Console>" changed cvar (cvar "z_jockey_limit") (value "1")
L 03/04/2021 - 15:15:41: [basecommands.smx] "Console<0><Console><Console>" changed cvar (cvar "versus_tank_chance_intro") (value "1")
L 03/04/2021 - 15:15:41: [basecommands.smx] "Console<0><Console><Console>" changed cvar (cvar "versus_tank_chance_finale") (value "1")
L 03/04/2021 - 15:15:41: [basecommands.smx] "Console<0><Console><Console>" changed cvar (cvar "versus_tank_chance") (value "1")
L 03/04/2021 - 15:15:41: [basecommands.smx] "Console<0><Console><Console>" changed cvar (cvar "versus_witch_chance_intro") (value "0")
L 03/04/2021 - 15:15:41: [basecommands.smx] "Console<0><Console><Console>" changed cvar (cvar "versus_witch_chance_finale") (value "0")
L 03/04/2021 - 15:15:41: [basecommands.smx] "Console<0><Console><Console>" changed cvar (cvar "versus_witch_chance") (value "1")
L 03/04/2021 - 15:15:41: [basecommands.smx] "Console<0><Console><Console>" changed cvar (cvar "director_force_tank") (value "1")
L 03/04/2021 - 15:15:41: [basecommands.smx] "Console<0><Console><Console>" changed cvar (cvar "versus_boss_flow_min") (value "0.4")
L 03/04/2021 - 15:15:41: [basecommands.smx] "Console<0><Console><Console>" changed cvar (cvar "versus_boss_flow_max") (value "0.6")
L 03/04/2021 - 15:15:41: [basecommands.smx] "Console<0><Console><Console>" changed cvar (cvar "versus_boss_flow_min_intro") (value "0.1")
L 03/04/2021 - 15:15:41: [basecommands.smx] "Console<0><Console><Console>" changed cvar (cvar "versus_boss_flow_max_intro") (value "0.2")
L 03/04/2021 - 15:15:41: [basecommands.smx] "Console<0><Console><Console>" changed cvar (cvar "versus_boss_flow_min_finale") (value "0.1")
L 03/04/2021 - 15:15:41: [basecommands.smx] "Console<0><Console><Console>" changed cvar (cvar "versus_boss_flow_max_finale") (value "0.2")
L 03/04/2021 - 15:15:41: [basecommands.smx] "Console<0><Console><Console>" changed cvar (cvar "boomer_vomit_delay") (value "0.1")
L 03/04/2021 - 15:15:41: [basecommands.smx] "Console<0><Console><Console>" changed cvar (cvar "smoker_tongue_delay") (value "0.1")
L 03/04/2021 - 15:15:41: [basecommands.smx] "Console<0><Console><Console>" changed cvar (cvar "vs_survival_bonus") (value "35")
L 03/04/2021 - 15:15:41: [basecommands.smx] "Console<0><Console><Console>" changed cvar (cvar "z_tank_throw_health") (value "10")
L 03/04/2021 - 15:15:41: [basecommands.smx] "Console<0><Console><Console>" changed cvar (cvar "sv_client_min_interp_ratio") (value "-1")
L 03/04/2021 - 15:15:41: [basecommands.smx] "Console<0><Console><Console>" changed cvar (cvar "sv_client_max_interp_ratio") (value "0")
L 03/04/2021 - 15:15:41: [basecommands.smx] "Console<0><Console><Console>" changed cvar (cvar "sv_minrate") (value "100000")
L 03/04/2021 - 15:15:41: [basecommands.smx] "Console<0><Console><Console>" changed cvar (cvar "sv_maxrate") (value "100000")
L 03/04/2021 - 15:15:41: [basecommands.smx] "Console<0><Console><Console>" changed cvar (cvar "sv_mincmdrate") (value "100")
L 03/04/2021 - 15:15:41: [basecommands.smx] "Console<0><Console><Console>" changed cvar (cvar "sv_maxcmdrate") (value "100")
L 03/04/2021 - 15:15:41: [basecommands.smx] "Console<0><Console><Console>" changed cvar (cvar "sv_minupdaterate") (value "100")
L 03/04/2021 - 15:15:41: [basecommands.smx] "Console<0><Console><Console>" changed cvar (cvar "sv_maxupdaterate") (value "100")
L 03/04/2021 - 15:15:41: [basecommands.smx] "Console<0><Console><Console>" changed cvar (cvar "nb_update_frequency") (value "0.014")
L 03/04/2021 - 15:15:41: [basecommands.smx] "Console<0><Console><Console>" changed cvar (cvar "net_splitpacket_maxrate") (value "50000")
L 03/04/2021 - 15:15:41: [basecommands.smx] "Console<0><Console><Console>" changed cvar (cvar "fps_max") (value "0")
L 03/04/2021 - 15:15:41: [basecommands.smx] "Console<0><Console><Console>" changed cvar (cvar "hostname") (value "Versus")
L 03/04/2021 - 15:17:23: [l4d2_skill_detect.smx] Charge carry start: 3 - 1 -- time: 100.29
L 03/04/2021 - 15:17:27: [l4d2_skill_detect.smx] Clear: 7 freed 1 from 3: time: 1.43 / 4.45 -- class: charger (with shove? 0)
L 03/04/2021 - 15:17:28: [l4d2_skill_detect.smx] Checking charge victim: 3 - 1 - flags: 1 (alive? 1)
L 03/04/2021 - 15:18:08: [l4d2_skill_detect.smx] Clear: 7 freed 1 from 3: time: 1.30 / -1.00 -- class: hunter (with shove? 0)
L 03/04/2021 - 15:18:14: [l4d2_skill_detect.smx] Clear: 7 freed 2 from 6: time: 0.72 / 2.27 -- class: smoker (with shove? 1)
L 03/04/2021 - 15:18:53: [l4d2_skill_detect.smx] Clear: 7 freed 1 from 4: time: 1.56 / -1.00 -- class: hunter (with shove? 1)
L 03/04/2021 - 15:19:05: [l4d2_skill_detect.smx] Charge carry start: 5 - 2 -- time: 202.56
L 03/04/2021 - 15:19:08: [l4d2_skill_detect.smx] Checking charge victim: 5 - 2 - flags: 1 (alive? 1)
L 03/04/2021 - 15:19:42: [l4d2_skill_detect.smx] Charge carry start: 6 - 1 -- time: 239.38
L 03/04/2021 - 15:19:45: [l4d2_skill_detect.smx] Checking charge victim: 6 - 1 - flags: 1 (alive? 1)
L 03/04/2021 - 15:19:51: [l4d2_skill_detect.smx] Witch Crown Check: Failed: bungled: 1 / crowntype: 0 (entity: 532)
L 03/04/2021 - 15:19:51: [l4d2_skill_detect.smx] Witch Crown Check: Further details: attacker: ♛ Rain ♛, attacker dmg: 195, teamless dmg: 0
L 03/04/2021 - 15:20:55: [l4d2_skill_detect.smx] Clear: 2 freed 8 from 3: time: 0.86 / -1.00 -- class: hunter (with shove? 0)
L 03/04/2021 - 15:21:34: [l4d2_skill_detect.smx] Clear: 7 freed 1 from 4: time: 1.29 / -1.00 -- class: hunter (with shove? 0)
L 03/04/2021 - 15:22:30: [l4d2_skill_detect.smx] Clear: 7 freed 2 from 3: time: 9.51 / -1.00 -- class: jockey (with shove? 0)
L 03/04/2021 - 15:22:39: [l4d2_skill_detect.smx] Clear: 7 freed 2 from 4: time: 1.92 / -1.00 -- class: hunter (with shove? 0)
L 03/04/2021 - 15:24:15: [l4d2_skill_detect.smx] Clear: 1 freed 2 from 3: time: 3.32 / -1.00 -- class: hunter (with shove? 0)
L 03/04/2021 - 15:24:33: [l4d2_skill_detect.smx] Clear: 2 freed 7 from 3: time: -1.00 / 2.15 -- class: smoker (with shove? 0)
L 03/04/2021 - 15:24:48: [l4d2_skill_detect.smx] Clear: 7 freed 8 from 10: time: 0.03 / -1.00 -- class: jockey (with shove? 1)
L 03/04/2021 - 15:26:59: [l4d2_skill_detect.smx] Charge carry start: 2 - 3 -- time: 677.14
L 03/04/2021 - 15:27:03: [l4d2_skill_detect.smx] Checking charge victim: 2 - 3 - flags: 1 (alive? 1)
L 03/04/2021 - 15:27:09: [l4d2_skill_detect.smx] Clear: 5 freed 3 from 2: time: 8.00 / 9.83 -- class: charger (with shove? 0)
L 03/04/2021 - 15:27:20: [l4d2_skill_detect.smx] Clear: 5 freed 10 from 7: time: 5.45 / -1.00 -- class: hunter (with shove? 1)
L 03/04/2021 - 15:27:38: [l4d2_skill_detect.smx] Clear: 5 freed 10 from 7: time: 13.34 / -1.00 -- class: hunter (with shove? 0)
L 03/04/2021 - 15:28:23: -------- Mapchange to c2m4_barns --------
L 03/04/2021 - 15:28:25: [basecommands.smx] "Console<0><Console><Console>" changed cvar (cvar "sv_force_time_of_day") (value "0")
L 03/04/2021 - 15:28:25: [basecommands.smx] "Console<0><Console><Console>" changed cvar (cvar "z_witch_damage_per_kill_hit") (value "120")
L 03/04/2021 - 15:28:25: [basecommands.smx] "Console<0><Console><Console>" changed cvar (cvar "z_witch_anger_rate") (value "0.4")
L 03/04/2021 - 15:28:25: [basecommands.smx] "Console<0><Console><Console>" changed cvar (cvar "z_witch_flashlight_range") (value "2000")
L 03/04/2021 - 15:28:25: [basecommands.smx] "Console<0><Console><Console>" changed cvar (cvar "z_witch_burn_time") (value "100")
L 03/04/2021 - 15:28:26: [basecommands.smx] "Console<0><Console><Console>" changed cvar (cvar "z_tank_health") (value "4000")
L 03/04/2021 - 15:28:26: [basecommands.smx] "Console<0><Console><Console>" changed cvar (cvar "z_ghost_delay_min") (value "15")
L 03/04/2021 - 15:28:26: [basecommands.smx] "Console<0><Console><Console>" changed cvar (cvar "z_ghost_delay_max") (value "15")
L 03/04/2021 - 15:28:26: [basecommands.smx] "Console<0><Console><Console>" changed cvar (cvar "z_hunter_limit") (value "1")
L 03/04/2021 - 15:28:26: [basecommands.smx] "Console<0><Console><Console>" changed cvar (cvar "z_smoker_limit") (value "1")
L 03/04/2021 - 15:28:26: [basecommands.smx] "Console<0><Console><Console>" changed cvar (cvar "z_jockey_limit") (value "1")
L 03/04/2021 - 15:28:26: [basecommands.smx] "Console<0><Console><Console>" changed cvar (cvar "versus_tank_chance_intro") (value "1")
L 03/04/2021 - 15:28:26: [basecommands.smx] "Console<0><Console><Console>" changed cvar (cvar "versus_tank_chance_finale") (value "1")
L 03/04/2021 - 15:28:26: [basecommands.smx] "Console<0><Console><Console>" changed cvar (cvar "versus_tank_chance") (value "1")
L 03/04/2021 - 15:28:26: [basecommands.smx] "Console<0><Console><Console>" changed cvar (cvar "versus_witch_chance_intro") (value "0")
L 03/04/2021 - 15:28:26: [basecommands.smx] "Console<0><Console><Console>" changed cvar (cvar "versus_witch_chance_finale") (value "0")
L 03/04/2021 - 15:28:26: [basecommands.smx] "Console<0><Console><Console>" changed cvar (cvar "versus_witch_chance") (value "1")
L 03/04/2021 - 15:28:26: [basecommands.smx] "Console<0><Console><Console>" changed cvar (cvar "director_force_tank") (value "1")
L 03/04/2021 - 15:28:26: [basecommands.smx] "Console<0><Console><Console>" changed cvar (cvar "versus_boss_flow_min") (value "0.4")
L 03/04/2021 - 15:28:26: [basecommands.smx] "Console<0><Console><Console>" changed cvar (cvar "versus_boss_flow_max") (value "0.6")
L 03/04/2021 - 15:28:26: [basecommands.smx] "Console<0><Console><Console>" changed cvar (cvar "versus_boss_flow_min_intro") (value "0.1")
L 03/04/2021 - 15:28:26: [basecommands.smx] "Console<0><Console><Console>" changed cvar (cvar "versus_boss_flow_max_intro") (value "0.2")
L 03/04/2021 - 15:28:26: [basecommands.smx] "Console<0><Console><Console>" changed cvar (cvar "versus_boss_flow_min_finale") (value "0.1")
L 03/04/2021 - 15:28:26: [basecommands.smx] "Console<0><Console><Console>" changed cvar (cvar "versus_boss_flow_max_finale") (value "0.2")
L 03/04/2021 - 15:28:26: [basecommands.smx] "Console<0><Console><Console>" changed cvar (cvar "boomer_vomit_delay") (value "0.1")
L 03/04/2021 - 15:28:26: [basecommands.smx] "Console<0><Console><Console>" changed cvar (cvar "smoker_tongue_delay") (value "0.1")
L 03/04/2021 - 15:28:26: [basecommands.smx] "Console<0><Console><Console>" changed cvar (cvar "vs_survival_bonus") (value "35")
L 03/04/2021 - 15:28:26: [basecommands.smx] "Console<0><Console><Console>" changed cvar (cvar "z_tank_throw_health") (value "10")
L 03/04/2021 - 15:28:26: [basecommands.smx] "Console<0><Console><Console>" changed cvar (cvar "sv_client_min_interp_ratio") (value "-1")
L 03/04/2021 - 15:28:26: [basecommands.smx] "Console<0><Console><Console>" changed cvar (cvar "sv_client_max_interp_ratio") (value "0")
L 03/04/2021 - 15:28:26: [basecommands.smx] "Console<0><Console><Console>" changed cvar (cvar "sv_minrate") (value "100000")
L 03/04/2021 - 15:28:26: [basecommands.smx] "Console<0><Console><Console>" changed cvar (cvar "sv_maxrate") (value "100000")
L 03/04/2021 - 15:28:26: [basecommands.smx] "Console<0><Console><Console>" changed cvar (cvar "sv_mincmdrate") (value "100")
L 03/04/2021 - 15:28:26: [basecommands.smx] "Console<0><Console><Console>" changed cvar (cvar "sv_maxcmdrate") (value "100")
L 03/04/2021 - 15:28:26: [basecommands.smx] "Console<0><Console><Console>" changed cvar (cvar "sv_minupdaterate") (value "100")
L 03/04/2021 - 15:28:26: [basecommands.smx] "Console<0><Console><Console>" changed cvar (cvar "sv_maxupdaterate") (value "100")
L 03/04/2021 - 15:28:26: [basecommands.smx] "Console<0><Console><Console>" changed cvar (cvar "nb_update_frequency") (value "0.014")
L 03/04/2021 - 15:28:26: [basecommands.smx] "Console<0><Console><Console>" changed cvar (cvar "net_splitpacket_maxrate") (value "50000")
L 03/04/2021 - 15:28:26: [basecommands.smx] "Console<0><Console><Console>" changed cvar (cvar "fps_max") (value "0")
L 03/04/2021 - 15:28:26: [basecommands.smx] "Console<0><Console><Console>" changed cvar (cvar "hostname") (value "Versus")
L 03/04/2021 - 15:30:40: [l4d2_skill_detect.smx] Clear: 2 freed 8 from 4: time: 1.90 / -1.00 -- class: jockey (with shove? 0)
L 03/04/2021 - 15:30:50: [l4d2_skill_detect.smx] Clear: 7 freed 1 from 3: time: -1.00 / 1.69 -- class: smoker (with shove? 0)
L 03/04/2021 - 15:31:50: [l4d2_skill_detect.smx] Charge carry start: 3 - 1 -- time: 202.08
L 03/04/2021 - 15:31:52: [l4d2_skill_detect.smx] Clear: 7 freed 1 from 3: time: 1.44 / 2.42 -- class: charger (with shove? 0)
L 03/04/2021 - 15:31:53: [l4d2_skill_detect.smx] Checking charge victim: 3 - 1 - flags: 1 (alive? 1)
L 03/04/2021 - 15:32:18: [l4d2_skill_detect.smx] Clear: 2 freed 8 from 4: time: 2.55 / -1.00 -- class: hunter (with shove? 0)
L 03/04/2021 - 15:32:32: [l4d2_skill_detect.smx] Clear: 2 freed 1 from 6: time: 2.59 / 4.18 -- class: smoker (with shove? 0)
L 03/04/2021 - 15:33:29: [l4d2_skill_detect.smx] Clear: 7 freed 2 from 10: time: 4.63 / -1.00 -- class: hunter (with shove? 0)
L 03/04/2021 - 15:33:29: [l4d2_skill_detect.smx] Witch Crown Check: Failed: bungled: 0 / crowntype: 0 (entity: 410)
L 03/04/2021 - 15:33:30: [l4d2_skill_detect.smx] Witch Crown Check: Further details: attacker: ♛ Rain ♛, attacker dmg: 992, teamless dmg: 0
L 03/04/2021 - 15:33:57: [l4d2_skill_detect.smx] Charge carry start: 3 - 1 -- time: 328.72
L 03/04/2021 - 15:33:58: [l4d2_skill_detect.smx] Clear: 2 freed 1 from 3: time: 0.11 / 1.30 -- class: charger (with shove? 0)
L 03/04/2021 - 15:34:00: [l4d2_skill_detect.smx] Checking charge victim: 3 - 1 - flags: 1 (alive? 1)
L 03/04/2021 - 15:34:11: [l4d2_skill_detect.smx] Clear: 2 freed 7 from 4: time: 1.91 / 3.94 -- class: smoker (with shove? 0)
L 03/04/2021 - 15:35:19: [l4d2_skill_detect.smx] Clear: 7 freed 8 from 3: time: 1.33 / -1.00 -- class: hunter (with shove? 0)
L 03/04/2021 - 15:35:59: [l4d2_skill_detect.smx] Clear: 7 freed 2 from 6: time: 1.62 / -1.00 -- class: hunter (with shove? 0)
L 03/04/2021 - 15:36:28: [l4d2_skill_detect.smx] Clear: 7 freed 1 from 4: time: 3.50 / -1.00 -- class: hunter (with shove? 0)
L 03/04/2021 - 15:37:55: [l4d2_skill_detect.smx] Clear: 4 freed 10 from 8: time: 5.01 / -1.00 -- class: jockey (with shove? 1)
L 03/04/2021 - 15:38:13: [l4d2_skill_detect.smx] Charge carry start: 1 - 10 -- time: 585.30
L 03/04/2021 - 15:38:17: [l4d2_skill_detect.smx] Clear: 5 freed 10 from 1: time: 0.51 / 3.33 -- class: charger (with shove? 0)
L 03/04/2021 - 15:38:18: [l4d2_skill_detect.smx] Checking charge victim: 1 - 10 - flags: 1 (alive? 1)
L 03/04/2021 - 15:38:30: [l4d2_skill_detect.smx] Clear: 3 freed 4 from 8: time: 1.47 / -1.00 -- class: hunter (with shove? 1)
L 03/04/2021 - 15:38:47: [l4d2_skill_detect.smx] Clear: 4 freed 3 from 1: time: -1.00 / 5.29 -- class: smoker (with shove? 0)
L 03/04/2021 - 15:38:52: [l4d2_skill_detect.smx] Clear: 3 freed 5 from 2: time: 7.21 / -1.00 -- class: jockey (with shove? 0)
L 03/04/2021 - 15:39:24: [l4d2_skill_detect.smx] Charge carry start: 2 - 10 -- time: 655.88
L 03/04/2021 - 15:39:27: [l4d2_skill_detect.smx] Checking charge victim: 2 - 10 - flags: 1 (alive? 1)
L 03/04/2021 - 15:39:28: [l4d2_skill_detect.smx] Clear: 4 freed 3 from 7: time: 1.09 / -1.00 -- class: hunter (with shove? 1)
L 03/04/2021 - 15:39:29: [l4d2_skill_detect.smx] Clear: 5 freed 10 from 2: time: 4.52 / 5.50 -- class: charger (with shove? 0)
L 03/04/2021 - 15:40:02: [l4d2_skill_detect.smx] Witch Crown Check: crown shot: 882, harrassed: 1 (full health: 1000 / drawthresh: 500 / oneshot 0)
L 03/04/2021 - 15:40:05: [l4d2_skill_detect.smx] Clear: 5 freed 4 from 1: time: 2.20 / -1.00 -- class: jockey (with shove? 0)
L 03/04/2021 - 15:40:06: [l4d2_skill_detect.smx] Charge carry start: 8 - 4 -- time: 697.50
L 03/04/2021 - 15:40:09: [l4d2_skill_detect.smx] Clear: 5 freed 4 from 8: time: 1.79 / 3.26 -- class: charger (with shove? 0)
L 03/04/2021 - 15:40:09: [l4d2_skill_detect.smx] Checking charge victim: 8 - 4 - flags: 1 (alive? 1)
L 03/04/2021 - 15:40:10: [l4d2_skill_detect.smx] Clear: 3 freed 10 from 2: time: 4.86 / -1.00 -- class: hunter (with shove? 1)
L 03/04/2021 - 15:40:48: [l4d2_skill_detect.smx] Clear: 4 freed 3 from 2: time: 2.88 / -1.00 -- class: jockey (with shove? 1)
L 03/04/2021 - 15:40:52: [l4d2_skill_detect.smx] Clear: 3 freed 10 from 8: time: 0.00 / 7.78 -- class: smoker (with shove? 0)
L 03/04/2021 - 15:41:13: [l4d2_skill_detect.smx] Charge carry start: 7 - 5 -- time: 764.78
L 03/04/2021 - 15:41:15: [l4d2_skill_detect.smx] Clear: 10 freed 5 from 7: time: 0.25 / 1.65 -- class: charger (with shove? 0)
L 03/04/2021 - 15:41:16: [l4d2_skill_detect.smx] Checking charge victim: 7 - 5 - flags: 1 (alive? 1)
L 03/04/2021 - 15:41:25: [l4d2_skill_detect.smx] Clear: 4 freed 10 from 8: time: 0.97 / -1.00 -- class: hunter (with shove? 0)
L 03/04/2021 - 15:42:00: [l4d2_skill_detect.smx] Clear: 3 freed 4 from 2: time: 6.17 / 10.41 -- class: smoker (with shove? 0)
L 03/04/2021 - 15:42:37: -------- Mapchange to c2m5_concert --------
L 03/04/2021 - 15:42:39: [basecommands.smx] "Console<0><Console><Console>" changed cvar (cvar "sv_force_time_of_day") (value "0")
L 03/04/2021 - 15:42:39: [basecommands.smx] "Console<0><Console><Console>" changed cvar (cvar "z_witch_damage_per_kill_hit") (value "120")
L 03/04/2021 - 15:42:39: [basecommands.smx] "Console<0><Console><Console>" changed cvar (cvar "z_witch_anger_rate") (value "0.4")
L 03/04/2021 - 15:42:39: [basecommands.smx] "Console<0><Console><Console>" changed cvar (cvar "z_witch_flashlight_range") (value "2000")
L 03/04/2021 - 15:42:39: [basecommands.smx] "Console<0><Console><Console>" changed cvar (cvar "z_witch_burn_time") (value "100")
L 03/04/2021 - 15:42:39: [basecommands.smx] "Console<0><Console><Console>" changed cvar (cvar "z_tank_health") (value "4000")
L 03/04/2021 - 15:42:39: [basecommands.smx] "Console<0><Console><Console>" changed cvar (cvar "z_ghost_delay_min") (value "15")
L 03/04/2021 - 15:42:39: [basecommands.smx] "Console<0><Console><Console>" changed cvar (cvar "z_ghost_delay_max") (value "15")
L 03/04/2021 - 15:42:39: [basecommands.smx] "Console<0><Console><Console>" changed cvar (cvar "z_hunter_limit") (value "1")
L 03/04/2021 - 15:42:39: [basecommands.smx] "Console<0><Console><Console>" changed cvar (cvar "z_smoker_limit") (value "1")
L 03/04/2021 - 15:42:39: [basecommands.smx] "Console<0><Console><Console>" changed cvar (cvar "z_jockey_limit") (value "1")
L 03/04/2021 - 15:42:39: [basecommands.smx] "Console<0><Console><Console>" changed cvar (cvar "versus_tank_chance_intro") (value "1")
L 03/04/2021 - 15:42:39: [basecommands.smx] "Console<0><Console><Console>" changed cvar (cvar "versus_tank_chance_finale") (value "1")
L 03/04/2021 - 15:42:39: [basecommands.smx] "Console<0><Console><Console>" changed cvar (cvar "versus_tank_chance") (value "1")
L 03/04/2021 - 15:42:39: [basecommands.smx] "Console<0><Console><Console>" changed cvar (cvar "versus_witch_chance_intro") (value "0")
L 03/04/2021 - 15:42:39: [basecommands.smx] "Console<0><Console><Console>" changed cvar (cvar "versus_witch_chance_finale") (value "0")
L 03/04/2021 - 15:42:39: [basecommands.smx] "Console<0><Console><Console>" changed cvar (cvar "versus_witch_chance") (value "1")
L 03/04/2021 - 15:42:39: [basecommands.smx] "Console<0><Console><Console>" changed cvar (cvar "director_force_tank") (value "1")
L 03/04/2021 - 15:42:39: [basecommands.smx] "Console<0><Console><Console>" changed cvar (cvar "versus_boss_flow_min") (value "0.4")
L 03/04/2021 - 15:42:39: [basecommands.smx] "Console<0><Console><Console>" changed cvar (cvar "versus_boss_flow_max") (value "0.6")
L 03/04/2021 - 15:42:39: [basecommands.smx] "Console<0><Console><Console>" changed cvar (cvar "versus_boss_flow_min_intro") (value "0.1")
L 03/04/2021 - 15:42:39: [basecommands.smx] "Console<0><Console><Console>" changed cvar (cvar "versus_boss_flow_max_intro") (value "0.2")
L 03/04/2021 - 15:42:39: [basecommands.smx] "Console<0><Console><Console>" changed cvar (cvar "versus_boss_flow_min_finale") (value "0.1")
L 03/04/2021 - 15:42:39: [basecommands.smx] "Console<0><Console><Console>" changed cvar (cvar "versus_boss_flow_max_finale") (value "0.2")
L 03/04/2021 - 15:42:39: [basecommands.smx] "Console<0><Console><Console>" changed cvar (cvar "boomer_vomit_delay") (value "0.1")
L 03/04/2021 - 15:42:39: [basecommands.smx] "Console<0><Console><Console>" changed cvar (cvar "smoker_tongue_delay") (value "0.1")
L 03/04/2021 - 15:42:39: [basecommands.smx] "Console<0><Console><Console>" changed cvar (cvar "vs_survival_bonus") (value "35")
L 03/04/2021 - 15:42:39: [basecommands.smx] "Console<0><Console><Console>" changed cvar (cvar "z_tank_throw_health") (value "10")
L 03/04/2021 - 15:42:39: [basecommands.smx] "Console<0><Console><Console>" changed cvar (cvar "sv_client_min_interp_ratio") (value "-1")
L 03/04/2021 - 15:42:39: [basecommands.smx] "Console<0><Console><Console>" changed cvar (cvar "sv_client_max_interp_ratio") (value "0")
L 03/04/2021 - 15:42:39: [basecommands.smx] "Console<0><Console><Console>" changed cvar (cvar "sv_minrate") (value "100000")
L 03/04/2021 - 15:42:39: [basecommands.smx] "Console<0><Console><Console>" changed cvar (cvar "sv_maxrate") (value "100000")
L 03/04/2021 - 15:42:39: [basecommands.smx] "Console<0><Console><Console>" changed cvar (cvar "sv_mincmdrate") (value "100")
L 03/04/2021 - 15:42:39: [basecommands.smx] "Console<0><Console><Console>" changed cvar (cvar "sv_maxcmdrate") (value "100")
L 03/04/2021 - 15:42:39: [basecommands.smx] "Console<0><Console><Console>" changed cvar (cvar "sv_minupdaterate") (value "100")
L 03/04/2021 - 15:42:39: [basecommands.smx] "Console<0><Console><Console>" changed cvar (cvar "sv_maxupdaterate") (value "100")
L 03/04/2021 - 15:42:39: [basecommands.smx] "Console<0><Console><Console>" changed cvar (cvar "nb_update_frequency") (value "0.014")
L 03/04/2021 - 15:42:39: [basecommands.smx] "Console<0><Console><Console>" changed cvar (cvar "net_splitpacket_maxrate") (value "50000")
L 03/04/2021 - 15:42:39: [basecommands.smx] "Console<0><Console><Console>" changed cvar (cvar "fps_max") (value "0")
L 03/04/2021 - 15:42:39: [basecommands.smx] "Console<0><Console><Console>" changed cvar (cvar "hostname") (value "Versus")
L 03/04/2021 - 15:44:55: [l4d2_skill_detect.smx] Clear: 8 freed 8 from 6: time: -1.00 / 0.62 -- class: smoker (with shove? 1)
L 03/04/2021 - 15:45:14: [l4d2_skill_detect.smx] Clear: 2 freed 8 from 3: time: 3.32 / 152.63 -- class: charger (with shove? 0)
L 03/04/2021 - 15:45:23: [l4d2_skill_detect.smx] Clear: 1 freed 2 from 6: time: 0.89 / -1.00 -- class: hunter (with shove? 0)
L 03/04/2021 - 15:45:53: [l4d2_skill_detect.smx] Clear: 2 freed 1 from 4: time: 2.11 / -1.00 -- class: hunter (with shove? 0)
L 03/04/2021 - 15:46:03: [l4d2_skill_detect.smx] Clear: 7 freed 1 from 6: time: 2.69 / -1.00 -- class: jockey (with shove? 0)
L 03/04/2021 - 15:46:11: [l4d2_skill_detect.smx] Clear: 8 freed 2 from 4: time: -1.00 / 1.86 -- class: smoker (with shove? 1)
L 03/04/2021 - 15:47:17: [l4d2_skill_detect.smx] Clear: 1 freed 2 from 4: time: 1.12 / 276.50 -- class: charger (with shove? 0)
L 03/04/2021 - 15:47:27: [l4d2_skill_detect.smx] Clear: 2 freed 7 from 5: time: 5.25 / -1.00 -- class: hunter (with shove? 0)
L 03/04/2021 - 15:47:32: [l4d2_skill_detect.smx] Clear: 1 freed 8 from 6: time: 2.83 / -1.00 -- class: jockey (with shove? 0)
L 03/04/2021 - 15:47:56: [l4d2_skill_detect.smx] Clear: 8 freed 2 from 5: time: 1.05 / -1.00 -- class: jockey (with shove? 0)
L 03/04/2021 - 15:48:15: [l4d2_skill_detect.smx] Charge carry start: 6 - 2 -- time: 334.57
L 03/04/2021 - 15:48:20: [l4d2_skill_detect.smx] Clear: 1 freed 7 from 3: time: 4.20 / 6.22 -- class: smoker (with shove? 0)
L 03/04/2021 - 15:48:20: [l4d2_skill_detect.smx] Checking charge victim: 6 - 2 - flags: 1 (alive? 1)
L 03/04/2021 - 15:48:29: [l4d2_skill_detect.smx] Clear: 1 freed 7 from 5: time: 2.95 / -1.00 -- class: hunter (with shove? 0)
L 03/04/2021 - 15:48:32: [l4d2_skill_detect.smx] Clear: 1 freed 2 from 6: time: 14.58 / 16.99 -- class: charger (with shove? 0)
L 03/04/2021 - 15:49:02: [l4d2_skill_detect.smx] Clear: 1 freed 2 from 3: time: -1.00 / 3.29 -- class: smoker (with shove? 0)
L 03/04/2021 - 15:50:15: [l4d2_skill_detect.smx] Clear: 12 freed 10 from 8: time: 3.36 / -1.00 -- class: hunter (with shove? 0)
L 03/04/2021 - 15:51:06: -------- Mapchange to c8m1_apartment --------
L 03/04/2021 - 15:51:11: [basecommands.smx] "Console<0><Console><Console>" changed cvar (cvar "sv_force_time_of_day") (value "0")
L 03/04/2021 - 15:51:11: [basecommands.smx] "Console<0><Console><Console>" changed cvar (cvar "z_witch_damage_per_kill_hit") (value "120")
L 03/04/2021 - 15:51:11: [basecommands.smx] "Console<0><Console><Console>" changed cvar (cvar "z_witch_anger_rate") (value "0.4")
L 03/04/2021 - 15:51:11: [basecommands.smx] "Console<0><Console><Console>" changed cvar (cvar "z_witch_flashlight_range") (value "2000")
L 03/04/2021 - 15:51:11: [basecommands.smx] "Console<0><Console><Console>" changed cvar (cvar "z_witch_burn_time") (value "100")
L 03/04/2021 - 15:51:11: [basecommands.smx] "Console<0><Console><Console>" changed cvar (cvar "z_tank_health") (value "4000")
L 03/04/2021 - 15:51:11: [basecommands.smx] "Console<0><Console><Console>" changed cvar (cvar "z_ghost_delay_min") (value "15")
L 03/04/2021 - 15:51:11: [basecommands.smx] "Console<0><Console><Console>" changed cvar (cvar "z_ghost_delay_max") (value "15")
L 03/04/2021 - 15:51:11: [basecommands.smx] "Console<0><Console><Console>" changed cvar (cvar "z_hunter_limit") (value "1")
L 03/04/2021 - 15:51:11: [basecommands.smx] "Console<0><Console><Console>" changed cvar (cvar "z_smoker_limit") (value "1")
L 03/04/2021 - 15:51:11: [basecommands.smx] "Console<0><Console><Console>" changed cvar (cvar "z_jockey_limit") (value "1")
L 03/04/2021 - 15:51:11: [basecommands.smx] "Console<0><Console><Console>" changed cvar (cvar "versus_tank_chance_intro") (value "1")
L 03/04/2021 - 15:51:11: [basecommands.smx] "Console<0><Console><Console>" changed cvar (cvar "versus_tank_chance_finale") (value "1")
L 03/04/2021 - 15:51:11: [basecommands.smx] "Console<0><Console><Console>" changed cvar (cvar "versus_tank_chance") (value "1")
L 03/04/2021 - 15:51:11: [basecommands.smx] "Console<0><Console><Console>" changed cvar (cvar "versus_witch_chance_intro") (value "0")
L 03/04/2021 - 15:51:11: [basecommands.smx] "Console<0><Console><Console>" changed cvar (cvar "versus_witch_chance_finale") (value "0")
L 03/04/2021 - 15:51:11: [basecommands.smx] "Console<0><Console><Console>" changed cvar (cvar "versus_witch_chance") (value "1")
L 03/04/2021 - 15:51:11: [basecommands.smx] "Console<0><Console><Console>" changed cvar (cvar "director_force_tank") (value "1")
L 03/04/2021 - 15:51:11: [basecommands.smx] "Console<0><Console><Console>" changed cvar (cvar "versus_boss_flow_min") (value "0.4")
L 03/04/2021 - 15:51:11: [basecommands.smx] "Console<0><Console><Console>" changed cvar (cvar "versus_boss_flow_max") (value "0.6")
L 03/04/2021 - 15:51:11: [basecommands.smx] "Console<0><Console><Console>" changed cvar (cvar "versus_boss_flow_min_intro") (value "0.1")
L 03/04/2021 - 15:51:11: [basecommands.smx] "Console<0><Console><Console>" changed cvar (cvar "versus_boss_flow_max_intro") (value "0.2")
L 03/04/2021 - 15:51:11: [basecommands.smx] "Console<0><Console><Console>" changed cvar (cvar "versus_boss_flow_min_finale") (value "0.1")
L 03/04/2021 - 15:51:11: [basecommands.smx] "Console<0><Console><Console>" changed cvar (cvar "versus_boss_flow_max_finale") (value "0.2")
L 03/04/2021 - 15:51:11: [basecommands.smx] "Console<0><Console><Console>" changed cvar (cvar "boomer_vomit_delay") (value "0.1")
L 03/04/2021 - 15:51:11: [basecommands.smx] "Console<0><Console><Console>" changed cvar (cvar "smoker_tongue_delay") (value "0.1")
L 03/04/2021 - 15:51:11: [basecommands.smx] "Console<0><Console><Console>" changed cvar (cvar "vs_survival_bonus") (value "35")
L 03/04/2021 - 15:51:11: [basecommands.smx] "Console<0><Console><Console>" changed cvar (cvar "z_tank_throw_health") (value "10")
L 03/04/2021 - 15:51:11: [basecommands.smx] "Console<0><Console><Console>" changed cvar (cvar "sv_client_min_interp_ratio") (value "-1")
L 03/04/2021 - 15:51:11: [basecommands.smx] "Console<0><Console><Console>" changed cvar (cvar "sv_client_max_interp_ratio") (value "0")
L 03/04/2021 - 15:51:11: [basecommands.smx] "Console<0><Console><Console>" changed cvar (cvar "sv_minrate") (value "100000")
L 03/04/2021 - 15:51:11: [basecommands.smx] "Console<0><Console><Console>" changed cvar (cvar "sv_maxrate") (value "100000")
L 03/04/2021 - 15:51:11: [basecommands.smx] "Console<0><Console><Console>" changed cvar (cvar "sv_mincmdrate") (value "100")
L 03/04/2021 - 15:51:11: [basecommands.smx] "Console<0><Console><Console>" changed cvar (cvar "sv_maxcmdrate") (value "100")
L 03/04/2021 - 15:51:11: [basecommands.smx] "Console<0><Console><Console>" changed cvar (cvar "sv_minupdaterate") (value "100")
L 03/04/2021 - 15:51:11: [basecommands.smx] "Console<0><Console><Console>" changed cvar (cvar "sv_maxupdaterate") (value "100")
L 03/04/2021 - 15:51:11: [basecommands.smx] "Console<0><Console><Console>" changed cvar (cvar "nb_update_frequency") (value "0.014")
L 03/04/2021 - 15:51:11: [basecommands.smx] "Console<0><Console><Console>" changed cvar (cvar "net_splitpacket_maxrate") (value "50000")
L 03/04/2021 - 15:51:11: [basecommands.smx] "Console<0><Console><Console>" changed cvar (cvar "fps_max") (value "0")
L 03/04/2021 - 15:51:11: [basecommands.smx] "Console<0><Console><Console>" changed cvar (cvar "hostname") (value "Versus")
L 03/04/2021 - 15:52:34: [l4d2_skill_detect.smx] Clear: 6 freed 1 from 5: time: -1.00 / 2.31 -- class: smoker (with shove? 1)
L 03/04/2021 - 15:52:38: [l4d2_skill_detect.smx] Clear: 1 freed 6 from 8: time: 1.58 / -1.00 -- class: jockey (with shove? 1)
L 03/04/2021 - 15:53:09: [l4d2_skill_detect.smx] Clear: 7 freed 2 from 4: time: 0.83 / -1.00 -- class: hunter (with shove? 0)
L 03/04/2021 - 15:53:35: [l4d2_skill_detect.smx] Clear: 1 freed 6 from 4: time: 7.96 / -1.00 -- class: jockey (with shove? 0)
L 03/04/2021 - 15:54:46: [l4d2_skill_detect.smx] Clear: 2 freed 1 from 9: time: 1.04 / -1.00 -- class: jockey (with shove? 1)
L 03/04/2021 - 15:54:52: [l4d2_skill_detect.smx] Clear: 6 freed 7 from 3: time: 1.24 / -1.00 -- class: hunter (with shove? 1)
L 03/04/2021 - 15:56:48: [l4d2_skill_detect.smx] Charge carry start: 1 - 3 -- time: 336.35
L 03/04/2021 - 15:56:50: [l4d2_skill_detect.smx] Clear: 4 freed 3 from 1: time: 0.97 / 2.02 -- class: charger (with shove? 0)
L 03/04/2021 - 15:56:51: [l4d2_skill_detect.smx] Checking charge victim: 1 - 3 - flags: 1 (alive? 1)
L 03/04/2021 - 15:57:27: [l4d2_skill_detect.smx] Clear: 8 freed 3 from 6: time: -1.00 / 2.05 -- class: smoker (with shove? 1)
L 03/04/2021 - 15:57:35: [l4d2_skill_detect.smx] Charge carry start: 7 - 3 -- time: 382.97
L 03/04/2021 - 15:57:35: [l4d2_skill_detect.smx] calarm trigger: caller 1017 / activator 1017 / delay: 0.00
L 03/04/2021 - 15:57:41: [l4d2_skill_detect.smx] Clear: 8 freed 4 from 2: time: 11.65 / -1.00 -- class: jockey (with shove? 0)
L 03/04/2021 - 15:57:41: [l4d2_skill_detect.smx] Checking charge victim: 7 - 3 - flags: 1 (alive? 1)
L 03/04/2021 - 15:57:54: [l4d2_skill_detect.smx] Charge carry start: 7 - 4 -- time: 402.16
L 03/04/2021 - 15:57:54: [l4d2_skill_detect.smx] Clear: 4 freed 4 from 7: time: 0.00 / 0.00 -- class: charger (with shove? 0)
L 03/04/2021 - 15:57:57: [l4d2_skill_detect.smx] Checking charge victim: 7 - 4 - flags: 1 (alive? 1)
L 03/04/2021 - 15:58:06: [l4d2_skill_detect.smx] Clear: 5 freed 8 from 2: time: -1.00 / 3.06 -- class: smoker (with shove? 1)
L 03/04/2021 - 15:58:41: -------- Mapchange to c8m2_subway --------
L 03/04/2021 - 15:58:44: [basecommands.smx] "Console<0><Console><Console>" changed cvar (cvar "sv_force_time_of_day") (value "0")
L 03/04/2021 - 15:58:44: [basecommands.smx] "Console<0><Console><Console>" changed cvar (cvar "z_witch_damage_per_kill_hit") (value "120")
L 03/04/2021 - 15:58:44: [basecommands.smx] "Console<0><Console><Console>" changed cvar (cvar "z_witch_anger_rate") (value "0.4")
L 03/04/2021 - 15:58:44: [basecommands.smx] "Console<0><Console><Console>" changed cvar (cvar "z_witch_flashlight_range") (value "2000")
L 03/04/2021 - 15:58:44: [basecommands.smx] "Console<0><Console><Console>" changed cvar (cvar "z_witch_burn_time") (value "100")
L 03/04/2021 - 15:58:44: [basecommands.smx] "Console<0><Console><Console>" changed cvar (cvar "z_tank_health") (value "4000")
L 03/04/2021 - 15:58:44: [basecommands.smx] "Console<0><Console><Console>" changed cvar (cvar "z_ghost_delay_min") (value "15")
L 03/04/2021 - 15:58:44: [basecommands.smx] "Console<0><Console><Console>" changed cvar (cvar "z_ghost_delay_max") (value "15")
L 03/04/2021 - 15:58:44: [basecommands.smx] "Console<0><Console><Console>" changed cvar (cvar "z_hunter_limit") (value "1")
L 03/04/2021 - 15:58:44: [basecommands.smx] "Console<0><Console><Console>" changed cvar (cvar "z_smoker_limit") (value "1")
L 03/04/2021 - 15:58:44: [basecommands.smx] "Console<0><Console><Console>" changed cvar (cvar "z_jockey_limit") (value "1")
L 03/04/2021 - 15:58:44: [basecommands.smx] "Console<0><Console><Console>" changed cvar (cvar "versus_tank_chance_intro") (value "1")
L 03/04/2021 - 15:58:44: [basecommands.smx] "Console<0><Console><Console>" changed cvar (cvar "versus_tank_chance_finale") (value "1")
L 03/04/2021 - 15:58:44: [basecommands.smx] "Console<0><Console><Console>" changed cvar (cvar "versus_tank_chance") (value "1")
L 03/04/2021 - 15:58:44: [basecommands.smx] "Console<0><Console><Console>" changed cvar (cvar "versus_witch_chance_intro") (value "0")
L 03/04/2021 - 15:58:44: [basecommands.smx] "Console<0><Console><Console>" changed cvar (cvar "versus_witch_chance_finale") (value "0")
L 03/04/2021 - 15:58:44: [basecommands.smx] "Console<0><Console><Console>" changed cvar (cvar "versus_witch_chance") (value "1")
L 03/04/2021 - 15:58:44: [basecommands.smx] "Console<0><Console><Console>" changed cvar (cvar "director_force_tank") (value "1")
L 03/04/2021 - 15:58:44: [basecommands.smx] "Console<0><Console><Console>" changed cvar (cvar "versus_boss_flow_min") (value "0.4")
L 03/04/2021 - 15:58:44: [basecommands.smx] "Console<0><Console><Console>" changed cvar (cvar "versus_boss_flow_max") (value "0.6")
L 03/04/2021 - 15:58:44: [basecommands.smx] "Console<0><Console><Console>" changed cvar (cvar "versus_boss_flow_min_intro") (value "0.1")
L 03/04/2021 - 15:58:44: [basecommands.smx] "Console<0><Console><Console>" changed cvar (cvar "versus_boss_flow_max_intro") (value "0.2")
L 03/04/2021 - 15:58:44: [basecommands.smx] "Console<0><Console><Console>" changed cvar (cvar "versus_boss_flow_min_finale") (value "0.1")
L 03/04/2021 - 15:58:44: [basecommands.smx] "Console<0><Console><Console>" changed cvar (cvar "versus_boss_flow_max_finale") (value "0.2")
L 03/04/2021 - 15:58:44: [basecommands.smx] "Console<0><Console><Console>" changed cvar (cvar "boomer_vomit_delay") (value "0.1")
L 03/04/2021 - 15:58:44: [basecommands.smx] "Console<0><Console><Console>" changed cvar (cvar "smoker_tongue_delay") (value "0.1")
L 03/04/2021 - 15:58:44: [basecommands.smx] "Console<0><Console><Console>" changed cvar (cvar "vs_survival_bonus") (value "35")
L 03/04/2021 - 15:58:44: [basecommands.smx] "Console<0><Console><Console>" changed cvar (cvar "z_tank_throw_health") (value "10")
L 03/04/2021 - 15:58:44: [basecommands.smx] "Console<0><Console><Console>" changed cvar (cvar "sv_client_min_interp_ratio") (value "-1")
L 03/04/2021 - 15:58:44: [basecommands.smx] "Console<0><Console><Console>" changed cvar (cvar "sv_client_max_interp_ratio") (value "0")
L 03/04/2021 - 15:58:44: [basecommands.smx] "Console<0><Console><Console>" changed cvar (cvar "sv_minrate") (value "100000")
L 03/04/2021 - 15:58:44: [basecommands.smx] "Console<0><Console><Console>" changed cvar (cvar "sv_maxrate") (value "100000")
L 03/04/2021 - 15:58:44: [basecommands.smx] "Console<0><Console><Console>" changed cvar (cvar "sv_mincmdrate") (value "100")
L 03/04/2021 - 15:58:44: [basecommands.smx] "Console<0><Console><Console>" changed cvar (cvar "sv_maxcmdrate") (value "100")
L 03/04/2021 - 15:58:44: [basecommands.smx] "Console<0><Console><Console>" changed cvar (cvar "sv_minupdaterate") (value "100")
L 03/04/2021 - 15:58:44: [basecommands.smx] "Console<0><Console><Console>" changed cvar (cvar "sv_maxupdaterate") (value "100")
L 03/04/2021 - 15:58:44: [basecommands.smx] "Console<0><Console><Console>" changed cvar (cvar "nb_update_frequency") (value "0.014")
L 03/04/2021 - 15:58:44: [basecommands.smx] "Console<0><Console><Console>" changed cvar (cvar "net_splitpacket_maxrate") (value "50000")
L 03/04/2021 - 15:58:44: [basecommands.smx] "Console<0><Console><Console>" changed cvar (cvar "fps_max") (value "0")
L 03/04/2021 - 15:58:44: [basecommands.smx] "Console<0><Console><Console>" changed cvar (cvar "hostname") (value "Versus")
L 03/04/2021 - 16:02:07: [l4d2_skill_detect.smx] Clear: 6 freed 2 from 5: time: 1.85 / 4.47 -- class: smoker (with shove? 1)
L 03/04/2021 - 16:02:53: [l4d2_skill_detect.smx] Clear: 1 freed 7 from 8: time: -1.00 / 0.50 -- class: smoker (with shove? 0)
L 03/04/2021 - 16:02:59: [l4d2_skill_detect.smx] Clear: 7 freed 2 from 9: time: 252.13 / -1.00 -- class: jockey (with shove? 0)
L 03/04/2021 - 16:04:23: [l4d2_skill_detect.smx] Charge carry start: 4 - 1 -- time: 336.57
L 03/04/2021 - 16:04:27: [l4d2_skill_detect.smx] Checking charge victim: 4 - 1 - flags: 1 (alive? 1)
L 03/04/2021 - 16:04:51: [l4d2_skill_detect.smx] Charge carry start: 4 - 7 -- time: 364.19
L 03/04/2021 - 16:04:53: [l4d2_skill_detect.smx] Clear: 2 freed 7 from 4: time: 0.50 / 1.55 -- class: charger (with shove? 0)
L 03/04/2021 - 16:04:54: [l4d2_skill_detect.smx] Checking charge victim: 4 - 7 - flags: 1 (alive? 1)
L 03/04/2021 - 16:05:20: [l4d2_skill_detect.smx] Clear: 7 freed 2 from 3: time: 1.64 / -1.00 -- class: hunter (with shove? 0)
L 03/04/2021 - 16:06:00: [l4d2_skill_detect.smx] Charge carry start: 8 - 2 -- time: 433.38
L 03/04/2021 - 16:06:03: [l4d2_skill_detect.smx] Clear: 7 freed 2 from 8: time: 1.27 / 2.74 -- class: charger (with shove? 0)
L 03/04/2021 - 16:06:04: [l4d2_skill_detect.smx] Checking charge victim: 8 - 2 - flags: 1 (alive? 1)
L 03/04/2021 - 16:06:08: [l4d2_skill_detect.smx] Clear: 2 freed 7 from 5: time: 3.05 / -1.00 -- class: jockey (with shove? 0)
L 03/04/2021 - 16:06:11: [l4d2_skill_detect.smx] Clear: 7 freed 6 from 4: time: 8.30 / -1.00 -- class: hunter (with shove? 0)
L 03/04/2021 - 16:06:43: [l4d2_skill_detect.smx] Clear: 7 freed 2 from 5: time: 2.76 / 476.07 -- class: charger (with shove? 0)
L 03/04/2021 - 16:07:44: [l4d2_skill_detect.smx] Clear: 4 freed 5 from 1: time: -1.00 / 1.04 -- class: smoker (with shove? 1)
L 03/04/2021 - 16:07:54: [l4d2_skill_detect.smx] Clear: 8 freed 4 from 2: time: 1.66 / -1.00 -- class: hunter (with shove? 0)
L 03/04/2021 - 16:08:29: [l4d2_skill_detect.smx] Clear: 8 freed 5 from 2: time: -1.00 / 2.00 -- class: smoker (with shove? 0)
L 03/04/2021 - 16:08:37: [l4d2_skill_detect.smx] Clear: 8 freed 4 from 7: time: 3.48 / -1.00 -- class: hunter (with shove? 0)
L 03/04/2021 - 16:09:07: [l4d2_skill_detect.smx] Clear: 9 freed 5 from 7: time: -1.00 / 1.66 -- class: smoker (with shove? 1)
L 03/04/2021 - 16:09:35: [l4d2_skill_detect.smx] Charge carry start: 2 - 8 -- time: 648.16
L 03/04/2021 - 16:09:37: [l4d2_skill_detect.smx] Clear: 5 freed 8 from 2: time: 0.03 / 2.27 -- class: charger (with shove? 0)
L 03/04/2021 - 16:09:39: [l4d2_skill_detect.smx] Checking charge victim: 2 - 4 - flags: 0 (alive? 1)
L 03/04/2021 - 16:09:39: [l4d2_skill_detect.smx] Checking charge victim: 2 - 8 - flags: 1 (alive? 1)
L 03/04/2021 - 16:10:10: [l4d2_skill_detect.smx] Clear: 9 freed 8 from 1: time: 1.54 / -1.00 -- class: hunter (with shove? 0)
L 03/04/2021 - 16:10:11: [l4d2_skill_detect.smx] Charge carry start: 7 - 9 -- time: 684.26
L 03/04/2021 - 16:10:14: [l4d2_skill_detect.smx] Clear: 8 freed 9 from 7: time: 1.72 / 2.90 -- class: charger (with shove? 0)
L 03/04/2021 - 16:10:14: [l4d2_skill_detect.smx] Checking charge victim: 7 - 9 - flags: 1 (alive? 1)
L 03/04/2021 - 16:10:15: [l4d2_skill_detect.smx] Checking charge victim: 7 - 5 - flags: 0 (alive? 1)
L 03/04/2021 - 16:10:20: [l4d2_skill_detect.smx] Clear: 4 freed 4 from 6: time: -1.00 / 0.00 -- class: smoker (with shove? 0)
L 03/04/2021 - 16:10:24: [l4d2_skill_detect.smx] Clear: 4 freed 4 from 6: time: -1.00 / 0.88 -- class: smoker (with shove? 1)
L 03/04/2021 - 16:11:17: [l4d2_skill_detect.smx] Clear: 4 freed 5 from 2: time: 1.07 / 3.07 -- class: smoker (with shove? 0)
L 03/04/2021 - 16:11:36: [l4d2_skill_detect.smx] Clear: 5 freed 4 from 6: time: 6.26 / -1.00 -- class: hunter (with shove? 0)
L 03/04/2021 - 16:12:14: -------- Mapchange to c8m3_sewers --------
L 03/04/2021 - 16:12:17: [basecommands.smx] "Console<0><Console><Console>" changed cvar (cvar "sv_force_time_of_day") (value "0")
L 03/04/2021 - 16:12:17: [basecommands.smx] "Console<0><Console><Console>" changed cvar (cvar "z_witch_damage_per_kill_hit") (value "120")
L 03/04/2021 - 16:12:17: [basecommands.smx] "Console<0><Console><Console>" changed cvar (cvar "z_witch_anger_rate") (value "0.4")
L 03/04/2021 - 16:12:17: [basecommands.smx] "Console<0><Console><Console>" changed cvar (cvar "z_witch_flashlight_range") (value "2000")
L 03/04/2021 - 16:12:17: [basecommands.smx] "Console<0><Console><Console>" changed cvar (cvar "z_witch_burn_time") (value "100")
L 03/04/2021 - 16:12:17: [basecommands.smx] "Console<0><Console><Console>" changed cvar (cvar "z_tank_health") (value "4000")
L 03/04/2021 - 16:12:17: [basecommands.smx] "Console<0><Console><Console>" changed cvar (cvar "z_ghost_delay_min") (value "15")
L 03/04/2021 - 16:12:17: [basecommands.smx] "Console<0><Console><Console>" changed cvar (cvar "z_ghost_delay_max") (value "15")
L 03/04/2021 - 16:12:17: [basecommands.smx] "Console<0><Console><Console>" changed cvar (cvar "z_hunter_limit") (value "1")
L 03/04/2021 - 16:12:17: [basecommands.smx] "Console<0><Console><Console>" changed cvar (cvar "z_smoker_limit") (value "1")
L 03/04/2021 - 16:12:17: [basecommands.smx] "Console<0><Console><Console>" changed cvar (cvar "z_jockey_limit") (value "1")
L 03/04/2021 - 16:12:17: [basecommands.smx] "Console<0><Console><Console>" changed cvar (cvar "versus_tank_chance_intro") (value "1")
L 03/04/2021 - 16:12:17: [basecommands.smx] "Console<0><Console><Console>" changed cvar (cvar "versus_tank_chance_finale") (value "1")
L 03/04/2021 - 16:12:17: [basecommands.smx] "Console<0><Console><Console>" changed cvar (cvar "versus_tank_chance") (value "1")
L 03/04/2021 - 16:12:17: [basecommands.smx] "Console<0><Console><Console>" changed cvar (cvar "versus_witch_chance_intro") (value "0")
L 03/04/2021 - 16:12:17: [basecommands.smx] "Console<0><Console><Console>" changed cvar (cvar "versus_witch_chance_finale") (value "0")
L 03/04/2021 - 16:12:17: [basecommands.smx] "Console<0><Console><Console>" changed cvar (cvar "versus_witch_chance") (value "1")
L 03/04/2021 - 16:12:17: [basecommands.smx] "Console<0><Console><Console>" changed cvar (cvar "director_force_tank") (value "1")
L 03/04/2021 - 16:12:17: [basecommands.smx] "Console<0><Console><Console>" changed cvar (cvar "versus_boss_flow_min") (value "0.4")
L 03/04/2021 - 16:12:17: [basecommands.smx] "Console<0><Console><Console>" changed cvar (cvar "versus_boss_flow_max") (value "0.6")
L 03/04/2021 - 16:12:17: [basecommands.smx] "Console<0><Console><Console>" changed cvar (cvar "versus_boss_flow_min_intro") (value "0.1")
L 03/04/2021 - 16:12:17: [basecommands.smx] "Console<0><Console><Console>" changed cvar (cvar "versus_boss_flow_max_intro") (value "0.2")
L 03/04/2021 - 16:12:17: [basecommands.smx] "Console<0><Console><Console>" changed cvar (cvar "versus_boss_flow_min_finale") (value "0.1")
L 03/04/2021 - 16:12:17: [basecommands.smx] "Console<0><Console><Console>" changed cvar (cvar "versus_boss_flow_max_finale") (value "0.2")
L 03/04/2021 - 16:12:17: [basecommands.smx] "Console<0><Console><Console>" changed cvar (cvar "boomer_vomit_delay") (value "0.1")
L 03/04/2021 - 16:12:17: [basecommands.smx] "Console<0><Console><Console>" changed cvar (cvar "smoker_tongue_delay") (value "0.1")
L 03/04/2021 - 16:12:17: [basecommands.smx] "Console<0><Console><Console>" changed cvar (cvar "vs_survival_bonus") (value "35")
L 03/04/2021 - 16:12:17: [basecommands.smx] "Console<0><Console><Console>" changed cvar (cvar "z_tank_throw_health") (value "10")
L 03/04/2021 - 16:12:17: [basecommands.smx] "Console<0><Console><Console>" changed cvar (cvar "sv_client_min_interp_ratio") (value "-1")
L 03/04/2021 - 16:12:17: [basecommands.smx] "Console<0><Console><Console>" changed cvar (cvar "sv_client_max_interp_ratio") (value "0")
L 03/04/2021 - 16:12:17: [basecommands.smx] "Console<0><Console><Console>" changed cvar (cvar "sv_minrate") (value "100000")
L 03/04/2021 - 16:12:17: [basecommands.smx] "Console<0><Console><Console>" changed cvar (cvar "sv_maxrate") (value "100000")
L 03/04/2021 - 16:12:17: [basecommands.smx] "Console<0><Console><Console>" changed cvar (cvar "sv_mincmdrate") (value "100")
L 03/04/2021 - 16:12:17: [basecommands.smx] "Console<0><Console><Console>" changed cvar (cvar "sv_maxcmdrate") (value "100")
L 03/04/2021 - 16:12:17: [basecommands.smx] "Console<0><Console><Console>" changed cvar (cvar "sv_minupdaterate") (value "100")
L 03/04/2021 - 16:12:17: [basecommands.smx] "Console<0><Console><Console>" changed cvar (cvar "sv_maxupdaterate") (value "100")
L 03/04/2021 - 16:12:17: [basecommands.smx] "Console<0><Console><Console>" changed cvar (cvar "nb_update_frequency") (value "0.014")
L 03/04/2021 - 16:12:17: [basecommands.smx] "Console<0><Console><Console>" changed cvar (cvar "net_splitpacket_maxrate") (value "50000")
L 03/04/2021 - 16:12:17: [basecommands.smx] "Console<0><Console><Console>" changed cvar (cvar "fps_max") (value "0")
L 03/04/2021 - 16:12:17: [basecommands.smx] "Console<0><Console><Console>" changed cvar (cvar "hostname") (value "Versus")
L 03/04/2021 - 16:13:21: [l4d2_skill_detect.smx] Clear: 2 freed 6 from 5: time: 1.11 / 61.77 -- class: charger (with shove? 0)
L 03/04/2021 - 16:13:30: [l4d2_skill_detect.smx] Clear: 2 freed 7 from 8: time: 8.75 / -1.00 -- class: jockey (with shove? 0)
L 03/04/2021 - 16:14:25: [l4d2_skill_detect.smx] Clear: 2 freed 1 from 4: time: 2.79 / -1.00 -- class: jockey (with shove? 0)
L 03/04/2021 - 16:15:06: [l4d2_skill_detect.smx] Charge carry start: 8 - 1 -- time: 166.87
L 03/04/2021 - 16:15:08: [l4d2_skill_detect.smx] Clear: 7 freed 1 from 8: time: 0.07 / 2.12 -- class: charger (with shove? 0)
L 03/04/2021 - 16:15:10: [l4d2_skill_detect.smx] Checking charge victim: 8 - 1 - flags: 1 (alive? 1)
L 03/04/2021 - 16:16:11: [l4d2_skill_detect.smx] Charge carry start: 3 - 7 -- time: 232.08
L 03/04/2021 - 16:16:14: [l4d2_skill_detect.smx] Clear: 2 freed 7 from 3: time: 1.47 / 2.55 -- class: charger (with shove? 0)
L 03/04/2021 - 16:16:14: [l4d2_skill_detect.smx] Checking charge victim: 3 - 7 - flags: 1 (alive? 1)
L 03/04/2021 - 16:16:32: [l4d2_skill_detect.smx] Clear: 2 freed 1 from 8: time: 1.85 / -1.00 -- class: hunter (with shove? 1)
L 03/04/2021 - 16:16:35: [l4d2_skill_detect.smx] Clear: 1 freed 2 from 8: time: 1.33 / -1.00 -- class: hunter (with shove? 0)
L 03/04/2021 - 16:18:39: [l4d2_skill_detect.smx] Clear: 4 freed 8 from 7: time: 0.23 / 1.97 -- class: smoker (with shove? 1)
L 03/04/2021 - 16:18:49: [l4d2_skill_detect.smx] Clear: 8 freed 9 from 2: time: 2.97 / -1.00 -- class: jockey (with shove? 1)
L 03/04/2021 - 16:19:15: [l4d2_skill_detect.smx] Clear: 8 freed 9 from 7: time: 0.27 / 2.48 -- class: smoker (with shove? 0)
L 03/04/2021 - 16:19:27: [l4d2_skill_detect.smx] Clear: 4 freed 8 from 3: time: 0.97 / -1.00 -- class: hunter (with shove? 0)
L 03/04/2021 - 16:20:09: [l4d2_skill_detect.smx] Clear: 5 freed 4 from 7: time: 1.45 / -1.00 -- class: jockey (with shove? 1)
L 03/04/2021 - 16:20:48: [l4d2_skill_detect.smx] Clear: 5 freed 9 from 1: time: 1.77 / 508.55 -- class: charger (with shove? 0)
L 03/04/2021 - 16:21:20: [l4d2_skill_detect.smx] Charge carry start: 7 - 4 -- time: 540.76
L 03/04/2021 - 16:21:23: [l4d2_skill_detect.smx] Clear: 9 freed 4 from 7: time: 1.84 / 2.78 -- class: charger (with shove? 0)
L 03/04/2021 - 16:21:23: [l4d2_skill_detect.smx] Checking charge victim: 7 - 4 - flags: 1 (alive? 1)
L 03/04/2021 - 16:21:26: [l4d2_skill_detect.smx] Clear: 9 freed 4 from 6: time: 1.00 / -1.00 -- class: jockey (with shove? 1)
L 03/04/2021 - 16:21:31: [l4d2_skill_detect.smx] Clear: 4 freed 5 from 1: time: 6.33 / 8.96 -- class: smoker (with shove? 0)
L 03/04/2021 - 16:21:58: [l4d2_skill_detect.smx] Clear: 8 freed 5 from 7: time: 1.64 / -1.00 -- class: hunter (with shove? 0)
L 03/04/2021 - 16:22:03: [l4d2_skill_detect.smx] Clear: 8 freed 5 from 1: time: 0.26 / -1.00 -- class: jockey (with shove? 1)
L 03/04/2021 - 16:22:06: [l4d2_skill_detect.smx] Clear: 4 freed 8 from 2: time: 0.89 / 587.20 -- class: charger (with shove? 0)
L 03/04/2021 - 16:22:26: [l4d2_skill_detect.smx] Clear: 8 freed 4 from 7: time: -1.00 / 2.30 -- class: smoker (with shove? 0)
L 03/04/2021 - 16:22:59: [l4d2_skill_detect.smx] Clear: 8 freed 5 from 1: time: 2.22 / -1.00 -- class: jockey (with shove? 1)
L 03/04/2021 - 16:23:12: [l4d2_skill_detect.smx] Clear: 3 freed 5 from 2: time: 1.23 / 3.78 -- class: smoker (with shove? 1)
L 03/04/2021 - 16:23:30: [l4d2_skill_detect.smx] Clear: 4 freed 3 from 1: time: 0.55 / -1.00 -- class: hunter (with shove? 0)
L 03/04/2021 - 16:23:45: [l4d2_skill_detect.smx] Clear: 4 freed 3 from 2: time: 0.78 / 2.98 -- class: smoker (with shove? 1)
L 03/04/2021 - 16:24:01: [l4d2_skill_detect.smx] Charge carry start: 1 - 4 -- time: 701.73
L 03/04/2021 - 16:24:03: [l4d2_skill_detect.smx] Clear: 5 freed 4 from 1: time: 0.84 / 2.46 -- class: charger (with shove? 0)
L 03/04/2021 - 16:24:05: [l4d2_skill_detect.smx] Checking charge victim: 1 - 4 - flags: 1 (alive? 1)
L 03/04/2021 - 16:24:07: [l4d2_skill_detect.smx] Clear: 3 freed 5 from 7: time: 1.00 / -1.00 -- class: jockey (with shove? 0)
L 03/04/2021 - 16:24:22: [l4d2_skill_detect.smx] Clear: 4 freed 3 from 2: time: 1.11 / -1.00 -- class: hunter (with shove? 0)
L 03/04/2021 - 16:24:37: [l4d2_skill_detect.smx] Charge carry start: 7 - 4 -- time: 737.57
L 03/04/2021 - 16:24:40: [l4d2_skill_detect.smx] Checking charge victim: 7 - 4 - flags: 1 (alive? 1)
L 03/04/2021 - 16:24:52: [l4d2_skill_detect.smx] Clear: 5 freed 8 from 2: time: 1.33 / -1.00 -- class: jockey (with shove? 1)
L 03/04/2021 - 16:25:43: -------- Mapchange to c8m4_interior --------
L 03/04/2021 - 16:25:46: [basecommands.smx] "Console<0><Console><Console>" changed cvar (cvar "sv_force_time_of_day") (value "0")
L 03/04/2021 - 16:25:46: [basecommands.smx] "Console<0><Console><Console>" changed cvar (cvar "z_witch_damage_per_kill_hit") (value "120")
L 03/04/2021 - 16:25:46: [basecommands.smx] "Console<0><Console><Console>" changed cvar (cvar "z_witch_anger_rate") (value "0.4")
L 03/04/2021 - 16:25:46: [basecommands.smx] "Console<0><Console><Console>" changed cvar (cvar "z_witch_flashlight_range") (value "2000")
L 03/04/2021 - 16:25:46: [basecommands.smx] "Console<0><Console><Console>" changed cvar (cvar "z_witch_burn_time") (value "100")
L 03/04/2021 - 16:25:46: [basecommands.smx] "Console<0><Console><Console>" changed cvar (cvar "z_tank_health") (value "4000")
L 03/04/2021 - 16:25:46: [basecommands.smx] "Console<0><Console><Console>" changed cvar (cvar "z_ghost_delay_min") (value "15")
L 03/04/2021 - 16:25:46: [basecommands.smx] "Console<0><Console><Console>" changed cvar (cvar "z_ghost_delay_max") (value "15")
L 03/04/2021 - 16:25:46: [basecommands.smx] "Console<0><Console><Console>" changed cvar (cvar "z_hunter_limit") (value "1")
L 03/04/2021 - 16:25:46: [basecommands.smx] "Console<0><Console><Console>" changed cvar (cvar "z_smoker_limit") (value "1")
L 03/04/2021 - 16:25:46: [basecommands.smx] "Console<0><Console><Console>" changed cvar (cvar "z_jockey_limit") (value "1")
L 03/04/2021 - 16:25:46: [basecommands.smx] "Console<0><Console><Console>" changed cvar (cvar "versus_tank_chance_intro") (value "1")
L 03/04/2021 - 16:25:46: [basecommands.smx] "Console<0><Console><Console>" changed cvar (cvar "versus_tank_chance_finale") (value "1")
L 03/04/2021 - 16:25:46: [basecommands.smx] "Console<0><Console><Console>" changed cvar (cvar "versus_tank_chance") (value "1")
L 03/04/2021 - 16:25:46: [basecommands.smx] "Console<0><Console><Console>" changed cvar (cvar "versus_witch_chance_intro") (value "0")
L 03/04/2021 - 16:25:46: [basecommands.smx] "Console<0><Console><Console>" changed cvar (cvar "versus_witch_chance_finale") (value "0")
L 03/04/2021 - 16:25:46: [basecommands.smx] "Console<0><Console><Console>" changed cvar (cvar "versus_witch_chance") (value "1")
L 03/04/2021 - 16:25:46: [basecommands.smx] "Console<0><Console><Console>" changed cvar (cvar "director_force_tank") (value "1")
L 03/04/2021 - 16:25:46: [basecommands.smx] "Console<0><Console><Console>" changed cvar (cvar "versus_boss_flow_min") (value "0.4")
L 03/04/2021 - 16:25:46: [basecommands.smx] "Console<0><Console><Console>" changed cvar (cvar "versus_boss_flow_max") (value "0.6")
L 03/04/2021 - 16:25:46: [basecommands.smx] "Console<0><Console><Console>" changed cvar (cvar "versus_boss_flow_min_intro") (value "0.1")
L 03/04/2021 - 16:25:46: [basecommands.smx] "Console<0><Console><Console>" changed cvar (cvar "versus_boss_flow_max_intro") (value "0.2")
L 03/04/2021 - 16:25:46: [basecommands.smx] "Console<0><Console><Console>" changed cvar (cvar "versus_boss_flow_min_finale") (value "0.1")
L 03/04/2021 - 16:25:46: [basecommands.smx] "Console<0><Console><Console>" changed cvar (cvar "versus_boss_flow_max_finale") (value "0.2")
L 03/04/2021 - 16:25:46: [basecommands.smx] "Console<0><Console><Console>" changed cvar (cvar "boomer_vomit_delay") (value "0.1")
L 03/04/2021 - 16:25:46: [basecommands.smx] "Console<0><Console><Console>" changed cvar (cvar "smoker_tongue_delay") (value "0.1")
L 03/04/2021 - 16:25:46: [basecommands.smx] "Console<0><Console><Console>" changed cvar (cvar "vs_survival_bonus") (value "35")
L 03/04/2021 - 16:25:46: [basecommands.smx] "Console<0><Console><Console>" changed cvar (cvar "z_tank_throw_health") (value "10")
L 03/04/2021 - 16:25:46: [basecommands.smx] "Console<0><Console><Console>" changed cvar (cvar "sv_client_min_interp_ratio") (value "-1")
L 03/04/2021 - 16:25:46: [basecommands.smx] "Console<0><Console><Console>" changed cvar (cvar "sv_client_max_interp_ratio") (value "0")
L 03/04/2021 - 16:25:46: [basecommands.smx] "Console<0><Console><Console>" changed cvar (cvar "sv_minrate") (value "100000")
L 03/04/2021 - 16:25:46: [basecommands.smx] "Console<0><Console><Console>" changed cvar (cvar "sv_maxrate") (value "100000")
L 03/04/2021 - 16:25:46: [basecommands.smx] "Console<0><Console><Console>" changed cvar (cvar "sv_mincmdrate") (value "100")
L 03/04/2021 - 16:25:46: [basecommands.smx] "Console<0><Console><Console>" changed cvar (cvar "sv_maxcmdrate") (value "100")
L 03/04/2021 - 16:25:46: [basecommands.smx] "Console<0><Console><Console>" changed cvar (cvar "sv_minupdaterate") (value "100")
L 03/04/2021 - 16:25:46: [basecommands.smx] "Console<0><Console><Console>" changed cvar (cvar "sv_maxupdaterate") (value "100")
L 03/04/2021 - 16:25:46: [basecommands.smx] "Console<0><Console><Console>" changed cvar (cvar "nb_update_frequency") (value "0.014")
L 03/04/2021 - 16:25:46: [basecommands.smx] "Console<0><Console><Console>" changed cvar (cvar "net_splitpacket_maxrate") (value "50000")
L 03/04/2021 - 16:25:46: [basecommands.smx] "Console<0><Console><Console>" changed cvar (cvar "fps_max") (value "0")
L 03/04/2021 - 16:25:46: [basecommands.smx] "Console<0><Console><Console>" changed cvar (cvar "hostname") (value "Versus")
L 03/04/2021 - 16:27:20: [l4d2_skill_detect.smx] Clear: 2 freed 6 from 4: time: 0.11 / 2.04 -- class: smoker (with shove? 0)
L 03/04/2021 - 16:27:23: [l4d2_skill_detect.smx] Clear: 7 freed 1 from 5: time: 1.34 / -1.00 -- class: hunter (with shove? 0)
L 03/04/2021 - 16:28:06: [l4d2_skill_detect.smx] Clear: 1 freed 1 from 3: time: -1.00 / 0.38 -- class: smoker (with shove? 1)
L 03/04/2021 - 16:29:37: [l4d2_skill_detect.smx] Clear: 7 freed 1 from 5: time: 1.47 / -1.00 -- class: hunter (with shove? 0)
L 03/04/2021 - 16:29:47: [l4d2_skill_detect.smx] Clear: 6 freed 2 from 4: time: -1.00 / 0.40 -- class: smoker (with shove? 0)
L 03/04/2021 - 16:32:50: [l4d2_skill_detect.smx] Clear: 9 freed 4 from 6: time: 1.67 / -1.00 -- class: hunter (with shove? 1)
L 03/04/2021 - 16:33:42: [l4d2_skill_detect.smx] Clear: 8 freed 4 from 2: time: 6.94 / -1.00 -- class: jockey (with shove? 1)
L 03/04/2021 - 16:33:45: [l4d2_skill_detect.smx] Clear: 5 freed 8 from 7: time: 1.30 / -1.00 -- class: hunter (with shove? 1)
L 03/04/2021 - 16:33:57: [l4d2_skill_detect.smx] Clear: 4 freed 4 from 6: time: -1.00 / 0.00 -- class: smoker (with shove? 1)
L 03/04/2021 - 16:33:58: [l4d2_skill_detect.smx] Clear: 4 freed 5 from 1: time: 2.29 / 489.64 -- class: charger (with shove? 0)
L 03/04/2021 - 16:34:21: [l4d2_skill_detect.smx] Clear: 4 freed 5 from 2: time: 1.72 / -1.00 -- class: hunter (with shove? 0)
L 03/04/2021 - 16:34:52: [l4d2_skill_detect.smx] Clear: 4 freed 9 from 2: time: -1.00 / 1.28 -- class: smoker (with shove? 1)
L 03/04/2021 - 16:35:15: [l4d2_skill_detect.smx] Clear: 4 freed 9 from 1: time: 1.11 / -1.00 -- class: hunter (with shove? 0)
L 03/04/2021 - 16:35:50: [l4d2_skill_detect.smx] Clear: 4 freed 8 from 1: time: -1.00 / 1.88 -- class: smoker (with shove? 1)
L 03/04/2021 - 16:36:37: [l4d2_skill_detect.smx] Clear: 9 freed 3 from 6: time: 6.18 / 648.70 -- class: charger (with shove? 0)
L 03/04/2021 - 16:36:48: [l4d2_skill_detect.smx] Clear: 8 freed 9 from 7: time: 1.97 / 2.98 -- class: smoker (with shove? 1)
L 03/04/2021 - 16:37:04: [l4d2_skill_detect.smx] Clear: 4 freed 8 from 6: time: 1.23 / -1.00 -- class: jockey (with shove? 0)
L 03/04/2021 - 16:37:59: [l4d2_skill_detect.smx] Clear: 9 freed 4 from 1: time: 1.00 / -1.00 -- class: hunter (with shove? 0)
L 03/04/2021 - 16:38:00: [l4d2_skill_detect.smx] Charge carry start: 7 - 9 -- time: 731.32
L 03/04/2021 - 16:38:03: [l4d2_skill_detect.smx] Checking charge victim: 7 - 9 - flags: 1 (alive? 1)
L 03/04/2021 - 16:38:04: [l4d2_skill_detect.smx] Clear: 8 freed 9 from 7: time: 3.26 / 4.29 -- class: charger (with shove? 0)
L 03/04/2021 - 16:39:03: -------- Mapchange to c8m5_rooftop --------
L 03/04/2021 - 16:39:05: [basecommands.smx] "Console<0><Console><Console>" changed cvar (cvar "sv_force_time_of_day") (value "0")
L 03/04/2021 - 16:39:05: [basecommands.smx] "Console<0><Console><Console>" changed cvar (cvar "z_witch_damage_per_kill_hit") (value "120")
L 03/04/2021 - 16:39:05: [basecommands.smx] "Console<0><Console><Console>" changed cvar (cvar "z_witch_anger_rate") (value "0.4")
L 03/04/2021 - 16:39:05: [basecommands.smx] "Console<0><Console><Console>" changed cvar (cvar "z_witch_flashlight_range") (value "2000")
L 03/04/2021 - 16:39:05: [basecommands.smx] "Console<0><Console><Console>" changed cvar (cvar "z_witch_burn_time") (value "100")
L 03/04/2021 - 16:39:05: [basecommands.smx] "Console<0><Console><Console>" changed cvar (cvar "z_tank_health") (value "4000")
L 03/04/2021 - 16:39:05: [basecommands.smx] "Console<0><Console><Console>" changed cvar (cvar "z_ghost_delay_min") (value "15")
L 03/04/2021 - 16:39:05: [basecommands.smx] "Console<0><Console><Console>" changed cvar (cvar "z_ghost_delay_max") (value "15")
L 03/04/2021 - 16:39:05: [basecommands.smx] "Console<0><Console><Console>" changed cvar (cvar "z_hunter_limit") (value "1")
L 03/04/2021 - 16:39:05: [basecommands.smx] "Console<0><Console><Console>" changed cvar (cvar "z_smoker_limit") (value "1")
L 03/04/2021 - 16:39:05: [basecommands.smx] "Console<0><Console><Console>" changed cvar (cvar "z_jockey_limit") (value "1")
L 03/04/2021 - 16:39:05: [basecommands.smx] "Console<0><Console><Console>" changed cvar (cvar "versus_tank_chance_intro") (value "1")
L 03/04/2021 - 16:39:05: [basecommands.smx] "Console<0><Console><Console>" changed cvar (cvar "versus_tank_chance_finale") (value "1")
L 03/04/2021 - 16:39:05: [basecommands.smx] "Console<0><Console><Console>" changed cvar (cvar "versus_tank_chance") (value "1")
L 03/04/2021 - 16:39:05: [basecommands.smx] "Console<0><Console><Console>" changed cvar (cvar "versus_witch_chance_intro") (value "0")
L 03/04/2021 - 16:39:05: [basecommands.smx] "Console<0><Console><Console>" changed cvar (cvar "versus_witch_chance_finale") (value "0")
L 03/04/2021 - 16:39:05: [basecommands.smx] "Console<0><Console><Console>" changed cvar (cvar "versus_witch_chance") (value "1")
L 03/04/2021 - 16:39:05: [basecommands.smx] "Console<0><Console><Console>" changed cvar (cvar "director_force_tank") (value "1")
L 03/04/2021 - 16:39:05: [basecommands.smx] "Console<0><Console><Console>" changed cvar (cvar "versus_boss_flow_min") (value "0.4")
L 03/04/2021 - 16:39:05: [basecommands.smx] "Console<0><Console><Console>" changed cvar (cvar "versus_boss_flow_max") (value "0.6")
L 03/04/2021 - 16:39:05: [basecommands.smx] "Console<0><Console><Console>" changed cvar (cvar "versus_boss_flow_min_intro") (value "0.1")
L 03/04/2021 - 16:39:05: [basecommands.smx] "Console<0><Console><Console>" changed cvar (cvar "versus_boss_flow_max_intro") (value "0.2")
L 03/04/2021 - 16:39:05: [basecommands.smx] "Console<0><Console><Console>" changed cvar (cvar "versus_boss_flow_min_finale") (value "0.1")
L 03/04/2021 - 16:39:05: [basecommands.smx] "Console<0><Console><Console>" changed cvar (cvar "versus_boss_flow_max_finale") (value "0.2")
L 03/04/2021 - 16:39:05: [basecommands.smx] "Console<0><Console><Console>" changed cvar (cvar "boomer_vomit_delay") (value "0.1")
L 03/04/2021 - 16:39:05: [basecommands.smx] "Console<0><Console><Console>" changed cvar (cvar "smoker_tongue_delay") (value "0.1")
L 03/04/2021 - 16:39:05: [basecommands.smx] "Console<0><Console><Console>" changed cvar (cvar "vs_survival_bonus") (value "35")
L 03/04/2021 - 16:39:05: [basecommands.smx] "Console<0><Console><Console>" changed cvar (cvar "z_tank_throw_health") (value "10")
L 03/04/2021 - 16:39:05: [basecommands.smx] "Console<0><Console><Console>" changed cvar (cvar "sv_client_min_interp_ratio") (value "-1")
L 03/04/2021 - 16:39:05: [basecommands.smx] "Console<0><Console><Console>" changed cvar (cvar "sv_client_max_interp_ratio") (value "0")
L 03/04/2021 - 16:39:05: [basecommands.smx] "Console<0><Console><Console>" changed cvar (cvar "sv_minrate") (value "100000")
L 03/04/2021 - 16:39:05: [basecommands.smx] "Console<0><Console><Console>" changed cvar (cvar "sv_maxrate") (value "100000")
L 03/04/2021 - 16:39:05: [basecommands.smx] "Console<0><Console><Console>" changed cvar (cvar "sv_mincmdrate") (value "100")
L 03/04/2021 - 16:39:05: [basecommands.smx] "Console<0><Console><Console>" changed cvar (cvar "sv_maxcmdrate") (value "100")
L 03/04/2021 - 16:39:05: [basecommands.smx] "Console<0><Console><Console>" changed cvar (cvar "sv_minupdaterate") (value "100")
L 03/04/2021 - 16:39:05: [basecommands.smx] "Console<0><Console><Console>" changed cvar (cvar "sv_maxupdaterate") (value "100")
L 03/04/2021 - 16:39:05: [basecommands.smx] "Console<0><Console><Console>" changed cvar (cvar "nb_update_frequency") (value "0.014")
L 03/04/2021 - 16:39:05: [basecommands.smx] "Console<0><Console><Console>" changed cvar (cvar "net_splitpacket_maxrate") (value "50000")
L 03/04/2021 - 16:39:05: [basecommands.smx] "Console<0><Console><Console>" changed cvar (cvar "fps_max") (value "0")
L 03/04/2021 - 16:39:05: [basecommands.smx] "Console<0><Console><Console>" changed cvar (cvar "hostname") (value "Versus")
L 03/04/2021 - 16:40:31: [l4d2_skill_detect.smx] Clear: 6 freed 1 from 4: time: 1.77 / -1.00 -- class: hunter (with shove? 0)
L 03/04/2021 - 16:40:42: [l4d2_skill_detect.smx] Witch Crown Check: Failed: bungled: 0 / crowntype: 0 (entity: 473)
L 03/04/2021 - 16:40:42: [l4d2_skill_detect.smx] Witch Crown Check: Further details: attacker: ♛ Rain ♛, attacker dmg: 959, teamless dmg: 0
L 03/04/2021 - 16:41:01: [l4d2_skill_detect.smx] Clear: 6 freed 1 from 9: time: 2.40 / -1.00 -- class: jockey (with shove? 0)
L 03/04/2021 - 16:41:08: [l4d2_skill_detect.smx] Charge carry start: 3 - 1 -- time: 119.50
L 03/04/2021 - 16:41:14: [l4d2_skill_detect.smx] Checking charge victim: 3 - 1 - flags: 43 (alive? 0)
L 03/04/2021 - 16:41:37: [l4d2_skill_detect.smx] Clear: 6 freed 2 from 9: time: 2.15 / -1.00 -- class: hunter (with shove? 0)
L 03/04/2021 - 16:41:48: [l4d2_skill_detect.smx] Charge carry start: 4 - 7 -- time: 159.31
L 03/04/2021 - 16:41:54: [l4d2_skill_detect.smx] Clear: 6 freed 7 from 4: time: 1.67 / 5.69 -- class: charger (with shove? 0)
L 03/04/2021 - 16:41:55: [l4d2_skill_detect.smx] Checking charge victim: 4 - 7 - flags: 1 (alive? 1)
L 03/04/2021 - 16:42:51: [l4d2_skill_detect.smx] Clear: 7 freed 2 from 8: time: 1.77 / -1.00 -- class: hunter (with shove? 0)
L 03/04/2021 - 16:43:15: [l4d2_skill_detect.smx] Charge carry start: 9 - 2 -- time: 246.61
L 03/04/2021 - 16:43:19: [l4d2_skill_detect.smx] Checking charge victim: 9 - 2 - flags: 1 (alive? 1)
L 03/04/2021 - 16:43:20: [l4d2_skill_detect.smx] Clear: 7 freed 2 from 9: time: 2.93 / 4.41 -- class: charger (with shove? 0)
L 03/04/2021 - 16:45:10: [l4d2_skill_detect.smx] Witch Crown Check: Failed: bungled: 1 / crowntype: 0 (entity: 248)
L 03/04/2021 - 16:45:10: [l4d2_skill_detect.smx] Witch Crown Check: Further details: attacker: Lecia, attacker dmg: 606, teamless dmg: 0
L 03/04/2021 - 16:45:52: [l4d2_skill_detect.smx] Clear: 8 freed 4 from 2: time: 1.79 / -1.00 -- class: hunter (with shove? 1)
L 03/04/2021 - 16:45:53: [l4d2_skill_detect.smx] Clear: 8 freed 4 from 2: time: 2.44 / -1.00 -- class: hunter (with shove? 0)
L 03/04/2021 - 16:45:54: [l4d2_skill_detect.smx] Clear: 8 freed 9 from 7: time: 1.41 / -1.00 -- class: jockey (with shove? 1)
L 03/04/2021 - 16:46:01: [l4d2_skill_detect.smx] Clear: 8 freed 4 from 1: time: 2.00 / 411.80 -- class: charger (with shove? 0)
L 03/04/2021 - 16:46:35: [l4d2_skill_detect.smx] Clear: 4 freed 4 from 2: time: -1.00 / 0.16 -- class: smoker (with shove? 0)
L 03/04/2021 - 16:47:21: [l4d2_skill_detect.smx] Clear: 4 freed 4 from 1: time: -1.00 / 0.41 -- class: smoker (with shove? 1)
L 03/04/2021 - 16:48:46: [l4d2_skill_detect.smx] Clear: 4 freed 3 from 7: time: -1.00 / 1.73 -- class: smoker (with shove? 1)
L 03/04/2021 - 16:48:49: [l4d2_skill_detect.smx] Charge carry start: 2 - 4 -- time: 579.82
L 03/04/2021 - 16:48:52: [l4d2_skill_detect.smx] Checking charge victim: 2 - 4 - flags: 1 (alive? 1)
L 03/04/2021 - 16:48:54: [l4d2_skill_detect.smx] Clear: 8 freed 4 from 2: time: 4.91 / 5.94 -- class: charger (with shove? 0)
L 03/04/2021 - 16:49:05: [l4d2_skill_detect.smx] Clear: 4 freed 3 from 1: time: 1.61 / -1.00 -- class: hunter (with shove? 0)
L 03/04/2021 - 16:49:20: [l4d2_skill_detect.smx] Charge carry start: 2 - 9 -- time: 610.94
L 03/04/2021 - 16:49:21: [l4d2_skill_detect.smx] Clear: 8 freed 9 from 2: time: 0.84 / 1.59 -- class: charger (with shove? 0)
L 03/04/2021 - 16:49:22: [l4d2_skill_detect.smx] Checking charge victim: 2 - 9 - flags: 1 (alive? 1)
L 03/04/2021 - 16:49:41: [l4d2_skill_detect.smx] Clear: 9 freed 4 from 6: time: 1.32 / -1.00 -- class: hunter (with shove? 0)
L 03/04/2021 - 16:49:43: [l4d2_skill_detect.smx] Clear: 9 freed 3 from 1: time: 0.54 / 4.91 -- class: smoker (with shove? 1)
L 03/04/2021 - 16:50:16: [l4d2_skill_detect.smx] Clear: 3 freed 9 from 1: time: 1.01 / -1.00 -- class: hunter (with shove? 0)
L 03/04/2021 - 16:51:00: [l4d2_skill_detect.smx] Clear: 6 freed 9 from 2: time: 5.11 / -1.00 -- class: hunter (with shove? 0)
L 03/04/2021 - 16:51:07: [l4d2_skill_detect.smx] Clear: 8 freed 4 from 7: time: 4.79 / 5.95 -- class: smoker (with shove? 1)
L 03/04/2021 - 16:51:30: [l4d2_skill_detect.smx] Clear: 6 freed 9 from 1: time: 6.66 / -1.00 -- class: jockey (with shove? 0)
L 03/04/2021 - 16:51:42: [l4d2_skill_detect.smx] Charge carry start: 3 - 6 -- time: 753.01
L 03/04/2021 - 16:51:46: [l4d2_skill_detect.smx] Clear: 4 freed 6 from 3: time: 0.63 / 3.90 -- class: charger (with shove? 0)
L 03/04/2021 - 16:51:47: [l4d2_skill_detect.smx] Checking charge victim: 3 - 9 - flags: 42 (alive? 0)
L 03/04/2021 - 16:51:47: [l4d2_skill_detect.smx] Checking charge victim: 3 - 6 - flags: 1 (alive? 1)
L 03/04/2021 - 16:52:48: [l4d2_skill_detect.smx] Charge carry start: 7 - 8 -- time: 819.63
L 03/04/2021 - 16:52:53: [l4d2_skill_detect.smx] Checking charge victim: 7 - 8 - flags: 1 (alive? 1)
L 03/04/2021 - 16:53:11: -------- Mapchange to c1m1_hotel --------
L 03/04/2021 - 16:53:14: [basecommands.smx] "Console<0><Console><Console>" changed cvar (cvar "sv_force_time_of_day") (value "0")
L 03/04/2021 - 16:53:14: [basecommands.smx] "Console<0><Console><Console>" changed cvar (cvar "z_witch_damage_per_kill_hit") (value "120")
L 03/04/2021 - 16:53:14: [basecommands.smx] "Console<0><Console><Console>" changed cvar (cvar "z_witch_anger_rate") (value "0.4")
L 03/04/2021 - 16:53:14: [basecommands.smx] "Console<0><Console><Console>" changed cvar (cvar "z_witch_flashlight_range") (value "2000")
L 03/04/2021 - 16:53:14: [basecommands.smx] "Console<0><Console><Console>" changed cvar (cvar "z_witch_burn_time") (value "100")
L 03/04/2021 - 16:53:14: [basecommands.smx] "Console<0><Console><Console>" changed cvar (cvar "z_tank_health") (value "4000")
L 03/04/2021 - 16:53:14: [basecommands.smx] "Console<0><Console><Console>" changed cvar (cvar "z_ghost_delay_min") (value "15")
L 03/04/2021 - 16:53:14: [basecommands.smx] "Console<0><Console><Console>" changed cvar (cvar "z_ghost_delay_max") (value "15")
L 03/04/2021 - 16:53:14: [basecommands.smx] "Console<0><Console><Console>" changed cvar (cvar "z_hunter_limit") (value "1")
L 03/04/2021 - 16:53:14: [basecommands.smx] "Console<0><Console><Console>" changed cvar (cvar "z_smoker_limit") (value "1")
L 03/04/2021 - 16:53:14: [basecommands.smx] "Console<0><Console><Console>" changed cvar (cvar "z_jockey_limit") (value "1")
L 03/04/2021 - 16:53:14: [basecommands.smx] "Console<0><Console><Console>" changed cvar (cvar "versus_tank_chance_intro") (value "1")
L 03/04/2021 - 16:53:14: [basecommands.smx] "Console<0><Console><Console>" changed cvar (cvar "versus_tank_chance_finale") (value "1")
L 03/04/2021 - 16:53:14: [basecommands.smx] "Console<0><Console><Console>" changed cvar (cvar "versus_tank_chance") (value "1")
L 03/04/2021 - 16:53:14: [basecommands.smx] "Console<0><Console><Console>" changed cvar (cvar "versus_witch_chance_intro") (value "0")
L 03/04/2021 - 16:53:14: [basecommands.smx] "Console<0><Console><Console>" changed cvar (cvar "versus_witch_chance_finale") (value "0")
L 03/04/2021 - 16:53:14: [basecommands.smx] "Console<0><Console><Console>" changed cvar (cvar "versus_witch_chance") (value "1")
L 03/04/2021 - 16:53:14: [basecommands.smx] "Console<0><Console><Console>" changed cvar (cvar "director_force_tank") (value "1")
L 03/04/2021 - 16:53:14: [basecommands.smx] "Console<0><Console><Console>" changed cvar (cvar "versus_boss_flow_min") (value "0.4")
L 03/04/2021 - 16:53:14: [basecommands.smx] "Console<0><Console><Console>" changed cvar (cvar "versus_boss_flow_max") (value "0.6")
L 03/04/2021 - 16:53:15: [basecommands.smx] "Console<0><Console><Console>" changed cvar (cvar "versus_boss_flow_min_intro") (value "0.1")
L 03/04/2021 - 16:53:15: [basecommands.smx] "Console<0><Console><Console>" changed cvar (cvar "versus_boss_flow_max_intro") (value "0.2")
L 03/04/2021 - 16:53:15: [basecommands.smx] "Console<0><Console><Console>" changed cvar (cvar "versus_boss_flow_min_finale") (value "0.1")
L 03/04/2021 - 16:53:15: [basecommands.smx] "Console<0><Console><Console>" changed cvar (cvar "versus_boss_flow_max_finale") (value "0.2")
L 03/04/2021 - 16:53:15: [basecommands.smx] "Console<0><Console><Console>" changed cvar (cvar "boomer_vomit_delay") (value "0.1")
L 03/04/2021 - 16:53:15: [basecommands.smx] "Console<0><Console><Console>" changed cvar (cvar "smoker_tongue_delay") (value "0.1")
L 03/04/2021 - 16:53:15: [basecommands.smx] "Console<0><Console><Console>" changed cvar (cvar "vs_survival_bonus") (value "35")
L 03/04/2021 - 16:53:15: [basecommands.smx] "Console<0><Console><Console>" changed cvar (cvar "z_tank_throw_health") (value "10")
L 03/04/2021 - 16:53:15: [basecommands.smx] "Console<0><Console><Console>" changed cvar (cvar "sv_client_min_interp_ratio") (value "-1")
L 03/04/2021 - 16:53:15: [basecommands.smx] "Console<0><Console><Console>" changed cvar (cvar "sv_client_max_interp_ratio") (value "0")
L 03/04/2021 - 16:53:15: [basecommands.smx] "Console<0><Console><Console>" changed cvar (cvar "sv_minrate") (value "100000")
L 03/04/2021 - 16:53:15: [basecommands.smx] "Console<0><Console><Console>" changed cvar (cvar "sv_maxrate") (value "100000")
L 03/04/2021 - 16:53:15: [basecommands.smx] "Console<0><Console><Console>" changed cvar (cvar "sv_mincmdrate") (value "100")
L 03/04/2021 - 16:53:15: [basecommands.smx] "Console<0><Console><Console>" changed cvar (cvar "sv_maxcmdrate") (value "100")
L 03/04/2021 - 16:53:15: [basecommands.smx] "Console<0><Console><Console>" changed cvar (cvar "sv_minupdaterate") (value "100")
L 03/04/2021 - 16:53:15: [basecommands.smx] "Console<0><Console><Console>" changed cvar (cvar "sv_maxupdaterate") (value "100")
L 03/04/2021 - 16:53:15: [basecommands.smx] "Console<0><Console><Console>" changed cvar (cvar "nb_update_frequency") (value "0.014")
L 03/04/2021 - 16:53:15: [basecommands.smx] "Console<0><Console><Console>" changed cvar (cvar "net_splitpacket_maxrate") (value "50000")
L 03/04/2021 - 16:53:15: [basecommands.smx] "Console<0><Console><Console>" changed cvar (cvar "fps_max") (value "0")
L 03/04/2021 - 16:53:15: [basecommands.smx] "Console<0><Console><Console>" changed cvar (cvar "hostname") (value "Versus")
L 03/04/2021 - 16:54:04: Log file closed.
