L 07/12/2020 - 04:41:58: SourceMod log file session started (file "L20200712.log") (Version "1.8.0.6041")
L 07/12/2020 - 04:41:58: -------- Mapchange to c1m2_streets --------
L 07/12/2020 - 04:42:04: [simplewelcomemsg.smx] Set the maximum number of lines of.
L 07/12/2020 - 04:42:27: [SM] Changed map to "c1m2_streets"
L 07/12/2020 - 04:42:38: -------- Mapchange to c1m2_streets --------
L 07/12/2020 - 04:46:42: -------- Mapchange to c8m1_apartment --------
L 07/12/2020 - 04:51:26: Log file closed.
L 07/12/2020 - 04:58:07: SourceMod log file session started (file "L20200712.log") (Version "1.8.0.6041")
L 07/12/2020 - 04:58:07: -------- Mapchange to c8m1_apartment --------
L 07/12/2020 - 04:58:10: [simplewelcomemsg.smx] Set the maximum number of lines of.
L 07/12/2020 - 04:58:26: [l4d_loading.smx] [L4DL] ConVar 'l4d_afkTime' changed to '30' - config file updated
L 07/12/2020 - 04:58:26: [l4d_loading.smx] [L4DL] ConVar 'l4d_displayMode' changed to 'hint' - config file updated
L 07/12/2020 - 04:58:39: [SM] Changed map to "c8m1_apartment"
L 07/12/2020 - 04:58:43: -------- Mapchange to c8m1_apartment --------
L 07/12/2020 - 05:04:51: Log file closed.
L 07/12/2020 - 05:20:46: SourceMod log file session started (file "L20200712.log") (Version "1.8.0.6041")
L 07/12/2020 - 05:20:46: -------- Mapchange to c8m1_apartment --------
L 07/12/2020 - 05:20:49: [simplewelcomemsg.smx] Set the maximum number of lines of.
L 07/12/2020 - 05:21:13: [SM] Changed map to "c8m1_apartment"
L 07/12/2020 - 05:21:16: -------- Mapchange to c8m1_apartment --------
L 07/12/2020 - 05:23:11: Log file closed.
L 07/12/2020 - 05:26:37: SourceMod log file session started (file "L20200712.log") (Version "1.8.0.6041")
L 07/12/2020 - 05:26:37: -------- Mapchange to c1m2_streets --------
L 07/12/2020 - 05:26:40: [simplewelcomemsg.smx] Set the maximum number of lines of.
L 07/12/2020 - 05:26:58: [SM] Changed map to "c1m2_streets"
L 07/12/2020 - 05:27:12: -------- Mapchange to c1m2_streets --------
L 07/12/2020 - 05:29:54: Log file closed.
L 07/12/2020 - 05:35:31: SourceMod log file session started (file "L20200712.log") (Version "1.8.0.6041")
L 07/12/2020 - 05:35:31: -------- Mapchange to c1m1_hotel --------
L 07/12/2020 - 05:35:34: [simplewelcomemsg.smx] Set the maximum number of lines of.
L 07/12/2020 - 05:35:49: [SM] Changed map to "c1m1_hotel"
L 07/12/2020 - 05:35:52: -------- Mapchange to c1m1_hotel --------
L 07/12/2020 - 05:37:55: Log file closed.
L 07/12/2020 - 05:50:40: SourceMod log file session started (file "L20200712.log") (Version "1.8.0.6041")
L 07/12/2020 - 05:50:40: -------- Mapchange to c1m2_streets --------
L 07/12/2020 - 05:50:44: [simplewelcomemsg.smx] Set the maximum number of lines of.
L 07/12/2020 - 05:51:02: [SM] Changed map to "c1m2_streets"
L 07/12/2020 - 05:51:11: -------- Mapchange to c1m2_streets --------
L 07/12/2020 - 05:53:33: Log file closed.
