L 06/28/2020 - 05:21:07: SourceMod log file session started (file "L20200628.log") (Version "1.8.0.6041")
L 06/28/2020 - 05:21:07: -------- Mapchange to c1m2_streets --------
L 06/28/2020 - 05:21:10: [simplewelcomemsg.smx] Set the maximum number of lines of.
L 06/28/2020 - 05:21:27: [SM] Changed map to "c1m2_streets"
L 06/28/2020 - 05:21:30: -------- Mapchange to c1m2_streets --------
L 06/28/2020 - 05:22:37: [playercommands.smx] "۩ fᵉᵃʳ ۩ Rain❤Delta<2><STEAM_1:0:162762726><>" slapped "۩ fᵉᵃʳ ۩ Rain❤Delta<2><STEAM_1:0:162762726><>" (damage "20")
L 06/28/2020 - 05:22:40: [playercommands.smx] "۩ fᵉᵃʳ ۩ Rain❤Delta<2><STEAM_1:0:162762726><>" slapped "۩ fᵉᵃʳ ۩ Rain❤Delta<2><STEAM_1:0:162762726><>" (damage "20")
L 06/28/2020 - 05:22:45: [playercommands.smx] "۩ fᵉᵃʳ ۩ Rain❤Delta<2><STEAM_1:0:162762726><>" slapped "۩ fᵉᵃʳ ۩ Rain❤Delta<2><STEAM_1:0:162762726><>" (damage "20")
L 06/28/2020 - 05:22:48: [playercommands.smx] "۩ fᵉᵃʳ ۩ Rain❤Delta<2><STEAM_1:0:162762726><>" slapped "۩ fᵉᵃʳ ۩ Rain❤Delta<2><STEAM_1:0:162762726><>" (damage "20")
L 06/28/2020 - 05:26:19: -------- Mapchange to c1m2_streets --------
L 06/28/2020 - 05:33:46: Log file closed.
L 06/28/2020 - 05:38:59: SourceMod log file session started (file "L20200628.log") (Version "1.8.0.6041")
L 06/28/2020 - 05:38:59: -------- Mapchange to c1m2_streets --------
L 06/28/2020 - 05:39:00: [simplewelcomemsg.smx] Set the maximum number of lines of.
L 06/28/2020 - 05:39:11: [SM] Changed map to "c1m2_streets"
L 06/28/2020 - 05:39:14: -------- Mapchange to c1m2_streets --------
L 06/28/2020 - 05:41:45: Log file closed.
L 06/28/2020 - 05:45:47: SourceMod log file session started (file "L20200628.log") (Version "1.8.0.6041")
L 06/28/2020 - 05:45:47: -------- Mapchange to c1m2_streets --------
L 06/28/2020 - 05:45:48: [simplewelcomemsg.smx] Set the maximum number of lines of.
L 06/28/2020 - 05:45:53: [SM] Changed map to "c1m2_streets"
L 06/28/2020 - 05:45:56: -------- Mapchange to c1m2_streets --------
L 06/28/2020 - 05:49:15: Log file closed.
L 06/28/2020 - 05:56:18: SourceMod log file session started (file "L20200628.log") (Version "1.8.0.6041")
L 06/28/2020 - 05:56:18: -------- Mapchange to c1m2_streets --------
L 06/28/2020 - 05:56:19: [simplewelcomemsg.smx] Set the maximum number of lines of.
L 06/28/2020 - 05:56:24: [SM] Changed map to "c1m2_streets"
L 06/28/2020 - 05:56:27: -------- Mapchange to c1m2_streets --------
L 06/28/2020 - 05:57:37: [playercommands.smx] "۩ fᵉᵃʳ ۩ Rain❤Delta<2><STEAM_1:0:162762726><>" slayed "Nick<3><BOT><>"
L 06/28/2020 - 05:57:54: [playercommands.smx] "۩ fᵉᵃʳ ۩ Rain❤Delta<2><STEAM_1:0:162762726><>" slayed "Ellis<4><BOT><>"
L 06/28/2020 - 05:58:12: [playercommands.smx] "۩ fᵉᵃʳ ۩ Rain❤Delta<2><STEAM_1:0:162762726><>" slayed "Coach<5><BOT><>"
L 06/28/2020 - 05:59:00: Log file closed.
L 06/28/2020 - 05:59:53: SourceMod log file session started (file "L20200628.log") (Version "1.8.0.6041")
L 06/28/2020 - 05:59:53: -------- Mapchange to c1m2_streets --------
L 06/28/2020 - 05:59:54: [simplewelcomemsg.smx] Set the maximum number of lines of.
L 06/28/2020 - 05:59:59: [SM] Changed map to "c1m2_streets"
L 06/28/2020 - 06:00:02: -------- Mapchange to c1m2_streets --------
L 06/28/2020 - 06:01:09: Log file closed.
L 06/28/2020 - 06:01:57: SourceMod log file session started (file "L20200628.log") (Version "1.8.0.6041")
L 06/28/2020 - 06:01:57: -------- Mapchange to c1m2_streets --------
L 06/28/2020 - 06:01:57: [simplewelcomemsg.smx] Set the maximum number of lines of.
L 06/28/2020 - 06:02:03: [SM] Changed map to "c1m2_streets"
L 06/28/2020 - 06:02:05: -------- Mapchange to c1m2_streets --------
L 06/28/2020 - 06:03:01: Log file closed.
L 06/28/2020 - 06:04:28: SourceMod log file session started (file "L20200628.log") (Version "1.8.0.6041")
L 06/28/2020 - 06:04:28: -------- Mapchange to c1m2_streets --------
L 06/28/2020 - 06:04:34: [SM] Changed map to "c1m2_streets"
L 06/28/2020 - 06:04:37: -------- Mapchange to c1m2_streets --------
L 06/28/2020 - 06:05:52: Log file closed.
L 06/28/2020 - 06:06:25: SourceMod log file session started (file "L20200628.log") (Version "1.8.0.6041")
L 06/28/2020 - 06:06:25: -------- Mapchange to c1m2_streets --------
L 06/28/2020 - 06:06:26: [simplewelcomemsg.smx] Set the maximum number of lines of.
L 06/28/2020 - 06:06:31: [SM] Changed map to "c1m2_streets"
L 06/28/2020 - 06:06:34: -------- Mapchange to c1m2_streets --------
L 06/28/2020 - 06:07:37: Log file closed.
L 06/28/2020 - 06:08:14: SourceMod log file session started (file "L20200628.log") (Version "1.8.0.6041")
L 06/28/2020 - 06:08:14: -------- Mapchange to c1m2_streets --------
L 06/28/2020 - 06:08:15: [simplewelcomemsg.smx] Set the maximum number of lines of.
L 06/28/2020 - 06:08:20: [SM] Changed map to "c1m2_streets"
L 06/28/2020 - 06:08:23: -------- Mapchange to c1m2_streets --------
L 06/28/2020 - 06:09:32: Log file closed.
L 06/28/2020 - 06:14:19: SourceMod log file session started (file "L20200628.log") (Version "1.8.0.6041")
L 06/28/2020 - 06:14:19: -------- Mapchange to c1m2_streets --------
L 06/28/2020 - 06:14:20: [simplewelcomemsg.smx] Set the maximum number of lines of.
L 06/28/2020 - 06:14:25: [SM] Changed map to "c1m2_streets"
L 06/28/2020 - 06:14:28: -------- Mapchange to c1m2_streets --------
L 06/28/2020 - 06:15:52: Log file closed.
L 06/28/2020 - 06:16:38: SourceMod log file session started (file "L20200628.log") (Version "1.8.0.6041")
L 06/28/2020 - 06:16:38: -------- Mapchange to c1m2_streets --------
L 06/28/2020 - 06:16:39: [simplewelcomemsg.smx] Set the maximum number of lines of.
L 06/28/2020 - 06:16:44: [SM] Changed map to "c1m2_streets"
L 06/28/2020 - 06:16:47: -------- Mapchange to c1m2_streets --------
L 06/28/2020 - 06:18:04: Log file closed.
L 06/28/2020 - 06:18:37: SourceMod log file session started (file "L20200628.log") (Version "1.8.0.6041")
L 06/28/2020 - 06:18:37: -------- Mapchange to c1m2_streets --------
L 06/28/2020 - 06:18:38: [simplewelcomemsg.smx] Set the maximum number of lines of.
L 06/28/2020 - 06:18:43: [SM] Changed map to "c1m2_streets"
L 06/28/2020 - 06:18:46: -------- Mapchange to c1m2_streets --------
L 06/28/2020 - 06:19:50: Log file closed.
L 06/28/2020 - 06:26:31: SourceMod log file session started (file "L20200628.log") (Version "1.8.0.6041")
L 06/28/2020 - 06:26:31: -------- Mapchange to c1m2_streets --------
L 06/28/2020 - 06:26:32: [simplewelcomemsg.smx] Set the maximum number of lines of.
L 06/28/2020 - 06:26:37: [SM] Changed map to "c1m2_streets"
L 06/28/2020 - 06:26:40: -------- Mapchange to c1m2_streets --------
L 06/28/2020 - 06:27:57: Log file closed.
L 06/28/2020 - 06:29:38: SourceMod log file session started (file "L20200628.log") (Version "1.8.0.6041")
L 06/28/2020 - 06:29:38: -------- Mapchange to c1m2_streets --------
L 06/28/2020 - 06:29:39: [simplewelcomemsg.smx] Set the maximum number of lines of.
L 06/28/2020 - 06:29:44: [SM] Changed map to "c1m2_streets"
L 06/28/2020 - 06:29:47: -------- Mapchange to c1m2_streets --------
L 06/28/2020 - 06:31:21: Log file closed.
L 06/28/2020 - 06:32:19: SourceMod log file session started (file "L20200628.log") (Version "1.8.0.6041")
L 06/28/2020 - 06:32:19: -------- Mapchange to c1m2_streets --------
L 06/28/2020 - 06:32:20: [simplewelcomemsg.smx] Set the maximum number of lines of.
L 06/28/2020 - 06:32:25: [SM] Changed map to "c1m2_streets"
L 06/28/2020 - 06:32:28: -------- Mapchange to c1m2_streets --------
L 06/28/2020 - 06:42:57: Log file closed.
L 06/28/2020 - 18:50:50: SourceMod log file session started (file "L20200628.log") (Version "1.8.0.6041")
L 06/28/2020 - 18:50:50: Log file closed.
L 06/28/2020 - 21:28:58: SourceMod log file session started (file "L20200628.log") (Version "1.8.0.6041")
L 06/28/2020 - 21:28:58: Log file closed.
