L 09/14/2020 - 07:35:22: SourceMod log file session started (file "E:\Steam\steamapps\common\Left 4 Dead 2\left4dead2\addons\sourcemod\logs\L20200914.log") (Version "1.10.0.6492")
L 09/14/2020 - 07:35:22: [l4d2_itemgiver.smx] Detected Left4Dead2!
L 09/14/2020 - 07:35:25: [simplewelcomemsg.smx] Set the maximum number of lines of.
L 09/14/2020 - 07:35:46: [SM] Changed map to "c1m2_streets"
L 09/14/2020 - 07:35:46: -------- Mapchange to c1m2_streets --------
L 09/14/2020 - 07:36:37: [l4d2_skill_detect.smx] Clear: 4 freed 3 from 6: time: 1.50 / 3.43 -- class: smoker (with shove? 1)
L 09/14/2020 - 07:36:52: [l4d2_skill_detect.smx] Clear: 3 freed 2 from 7: time: -1.00 / 3.23 -- class: smoker (with shove? 1)
L 09/14/2020 - 07:37:05: [l4d2_skill_detect.smx] Charge carry start: 9 - 5 -- time: 71.90
L 09/14/2020 - 07:37:08: [l4d2_skill_detect.smx] Checking charge victim: 9 - 4 - flags: 0 (alive? 1)
L 09/14/2020 - 07:37:08: [l4d2_skill_detect.smx] Checking charge victim: 9 - 5 - flags: 1 (alive? 1)
L 09/14/2020 - 07:37:13: [l4d2_skill_detect.smx] Clear: 2 freed 5 from 9: time: 6.43 / 8.23 -- class: charger (with shove? 0)
L 09/14/2020 - 07:37:49: [basecommands.smx] "Console<0><Console><Console>" changed cvar (cvar "smoker_pz_claw_dmg") (value "6")
L 09/14/2020 - 07:37:50: [l4d2_skill_detect.smx] Clear: 4 freed 2 from 7: time: 0.93 / -1.00 -- class: hunter (with shove? 1)
L 09/14/2020 - 07:37:54: [basecommands.smx] "Console<0><Console><Console>" changed cvar (cvar "vs_max_team_switches") (value "100")
L 09/14/2020 - 07:38:30: [l4d2_skill_detect.smx] Clear: 2 freed 5 from 9: time: 4.33 / -1.00 -- class: hunter (with shove? 1)
L 09/14/2020 - 07:39:05: [basecommands.smx] "Console<0><Console><Console>" changed cvar (cvar "smoker_pz_claw_dmg") (value "10")
L 09/14/2020 - 07:39:28: [l4d2_skill_detect.smx] Clear: 2 freed 4 from 1: time: 56.56 / 57.96 -- class: smoker (with shove? 1)
L 09/14/2020 - 07:39:40: [l4d2_skill_detect.smx] Charge carry start: 6 - 4 -- time: 226.66
L 09/14/2020 - 07:39:43: [l4d2_skill_detect.smx] Checking charge victim: 6 - 4 - flags: 1 (alive? 1)
L 09/14/2020 - 07:39:44: [l4d2_skill_detect.smx] Clear: 2 freed 4 from 6: time: 3.26 / 4.40 -- class: charger (with shove? 0)
L 09/14/2020 - 07:40:30: Log file closed.
L 09/14/2020 - 07:55:16: SourceMod log file session started (file "E:\Steam\steamapps\common\Left 4 Dead 2\left4dead2\addons\sourcemod\logs\L20200914.log") (Version "1.10.0.6492")
L 09/14/2020 - 07:55:16: [l4d2_itemgiver.smx] Detected Left4Dead2!
L 09/14/2020 - 07:55:16: [l4d_DynamicHostname.smx] [DHostName] New server name "hostname in addons/sourcemod/configs/hostname"
L 09/14/2020 - 07:55:16: [simplewelcomemsg.smx] Set the maximum number of lines of.
L 09/14/2020 - 07:55:27: [l4d_DynamicHostname.smx] [DHostName] New server name "hostname in addons/sourcemod/configs/hostname"
L 09/14/2020 - 07:55:31: [SM] Changed map to "c10m1_caves"
L 09/14/2020 - 07:55:32: -------- Mapchange to c10m1_caves --------
L 09/14/2020 - 07:55:33: [l4d_DynamicHostname.smx] [DHostName] New server name "hostname in addons/sourcemod/configs/hostname"
L 09/14/2020 - 07:56:08: [funcommands.smx] "♛ Rain ♛<2><STEAM_1:0:162762726><>" toggled noclip on "♛ Rain ♛<2><STEAM_1:0:162762726><>"
L 09/14/2020 - 07:56:28: [l4d2_skill_detect.smx] Clear: 4 freed 3 from 6: time: 0.70 / 4.70 -- class: smoker (with shove? 0)
L 09/14/2020 - 07:56:33: [playercommands.smx] "♛ Rain ♛<2><STEAM_1:0:162762726><>" slayed "Louis<3><BOT><>"
L 09/14/2020 - 07:56:33: [playercommands.smx] "♛ Rain ♛<2><STEAM_1:0:162762726><>" slayed "Francis<4><BOT><>"
L 09/14/2020 - 07:56:33: [playercommands.smx] "♛ Rain ♛<2><STEAM_1:0:162762726><>" slayed "Zoey<5><BOT><>"
L 09/14/2020 - 07:56:33: [playercommands.smx] "♛ Rain ♛<2><STEAM_1:0:162762726><>" slayed "Tank<6><BOT><>"
L 09/14/2020 - 07:56:34: [playercommands.smx] "♛ Rain ♛<2><STEAM_1:0:162762726><>" slayed "Boomer<10><BOT><>"
L 09/14/2020 - 07:56:34: [playercommands.smx] "♛ Rain ♛<2><STEAM_1:0:162762726><>" slayed "♛ Rain ♛<2><STEAM_1:0:162762726><>"
L 09/14/2020 - 07:57:01: [funcommands.smx] "♛ Rain ♛<2><STEAM_1:0:162762726><>" toggled noclip on "♛ Rain ♛<2><STEAM_1:0:162762726><>"
L 09/14/2020 - 07:57:09: [funcommands.smx] "♛ Rain ♛<2><STEAM_1:0:162762726><>" toggled noclip on "♛ Rain ♛<2><STEAM_1:0:162762726><>"
L 09/14/2020 - 07:57:11: [funcommands.smx] "♛ Rain ♛<2><STEAM_1:0:162762726><>" toggled noclip on "♛ Rain ♛<2><STEAM_1:0:162762726><>"
L 09/14/2020 - 07:57:18: [funcommands.smx] "♛ Rain ♛<2><STEAM_1:0:162762726><>" toggled noclip on "♛ Rain ♛<2><STEAM_1:0:162762726><>"
L 09/14/2020 - 07:57:21: [funcommands.smx] "♛ Rain ♛<2><STEAM_1:0:162762726><>" toggled noclip on "♛ Rain ♛<2><STEAM_1:0:162762726><>"
L 09/14/2020 - 07:57:48: [l4d2_skill_detect.smx] Clear: 7 freed 6 from 4: time: 12.26 / -1.00 -- class: hunter (with shove? 1)
L 09/14/2020 - 07:57:54: [admin_hp.smx]  
L 09/14/2020 - 07:57:54: [l4d2_skill_detect.smx] Clear: 7 freed 8 from 3: time: 9.23 / -1.00 -- class: hunter (with shove? 1)
L 09/14/2020 - 07:58:00: [l4d2_skill_detect.smx] Clear: 7 freed 1 from 2: time: 28.30 / -1.00 -- class: jockey (with shove? 0)
L 09/14/2020 - 07:59:22: [playercommands.smx] "♛ Rain ♛<2><STEAM_1:0:162762726><>" slayed "Spitter<25><BOT><>"
L 09/14/2020 - 07:59:22: [playercommands.smx] "♛ Rain ♛<2><STEAM_1:0:162762726><>" slayed "Boomer<26><BOT><>"
L 09/14/2020 - 07:59:22: [playercommands.smx] "♛ Rain ♛<2><STEAM_1:0:162762726><>" slayed "Tank<22><BOT><>"
L 09/14/2020 - 07:59:35: [basecommands.smx] "Console<0><Console><Console>" changed cvar (cvar "sv_force_time_of_day") (value "0")
L 09/14/2020 - 07:59:35: [basecommands.smx] "Console<0><Console><Console>" changed cvar (cvar "z_witch_damage_per_kill_hit") (value "120")
L 09/14/2020 - 07:59:35: [basecommands.smx] "Console<0><Console><Console>" changed cvar (cvar "z_witch_anger_rate") (value "0.6")
L 09/14/2020 - 07:59:35: [basecommands.smx] "Console<0><Console><Console>" changed cvar (cvar "z_witch_flashlight_range") (value "2000")
L 09/14/2020 - 07:59:35: [basecommands.smx] "Console<0><Console><Console>" changed cvar (cvar "z_witch_burn_time") (value "999")
L 09/14/2020 - 07:59:35: [basecommands.smx] "Console<0><Console><Console>" changed cvar (cvar "z_tank_health") (value "6000")
L 09/14/2020 - 07:59:35: [basecommands.smx] "Console<0><Console><Console>" changed cvar (cvar "tank_burn_duration") (value "999999")
L 09/14/2020 - 07:59:35: [basecommands.smx] "Console<0><Console><Console>" changed cvar (cvar "z_ghost_delay_min") (value "20")
L 09/14/2020 - 07:59:35: [basecommands.smx] "Console<0><Console><Console>" changed cvar (cvar "z_ghost_delay_max") (value "24")
L 09/14/2020 - 07:59:35: [basecommands.smx] "Console<0><Console><Console>" changed cvar (cvar "versus_tank_chance_intro") (value "1")
L 09/14/2020 - 07:59:35: [basecommands.smx] "Console<0><Console><Console>" changed cvar (cvar "versus_tank_chance_finale") (value "0")
L 09/14/2020 - 07:59:35: [basecommands.smx] "Console<0><Console><Console>" changed cvar (cvar "versus_tank_chance") (value "1")
L 09/14/2020 - 07:59:35: [basecommands.smx] "Console<0><Console><Console>" changed cvar (cvar "versus_witch_chance_intro") (value "0")
L 09/14/2020 - 07:59:35: [basecommands.smx] "Console<0><Console><Console>" changed cvar (cvar "versus_witch_chance_finale") (value "1")
L 09/14/2020 - 07:59:35: [basecommands.smx] "Console<0><Console><Console>" changed cvar (cvar "versus_witch_chance") (value "1")
L 09/14/2020 - 07:59:42: [l4d2_skill_detect.smx] Charge carry start: 2 - 8 -- time: 248.60
L 09/14/2020 - 07:59:46: [l4d2_skill_detect.smx] Checking charge victim: 2 - 8 - flags: 1 (alive? 1)
L 09/14/2020 - 07:59:46: [l4d2_skill_detect.smx] Checking charge victim: 2 - 6 - flags: 0 (alive? 1)
L 09/14/2020 - 07:59:47: [l4d2_skill_detect.smx] Checking charge victim: 2 - 7 - flags: 0 (alive? 1)
L 09/14/2020 - 07:59:50: [l4d2_skill_detect.smx] Clear: 6 freed 8 from 2: time: 6.00 / 7.53 -- class: charger (with shove? 0)
L 09/14/2020 - 07:59:54: [l4d2_skill_detect.smx] Clear: 7 freed 6 from 3: time: 2.86 / -1.00 -- class: hunter (with shove? 0)
L 09/14/2020 - 08:00:02: [basecommands.smx] "Console<0><Console><Console>" changed cvar (cvar "z_tank_health") (value "5000")
L 09/14/2020 - 08:00:10: [basecommands.smx] "Console<0><Console><Console>" changed cvar (cvar "vs_max_team_switches") (value "100")
L 09/14/2020 - 08:00:21: [l4d2_skill_detect.smx] Charge carry start: 4 - 8 -- time: 287.00
L 09/14/2020 - 08:00:21: [admin_hp.smx]  
L 09/14/2020 - 08:00:22: [l4d2_skill_detect.smx] Clear: 7 freed 8 from 4: time: 0.29 / 1.83 -- class: charger (with shove? 0)
L 09/14/2020 - 08:00:24: [l4d2_skill_detect.smx] Checking charge victim: 4 - 8 - flags: 1 (alive? 1)
L 09/14/2020 - 08:00:28: [l4d2_skill_detect.smx] Clear: 8 freed 3 from 2: time: 3.60 / -1.00 -- class: jockey (with shove? 0)
L 09/14/2020 - 08:00:33: [basecommands.smx] "Console<0><Console><Console>" changed cvar (cvar "z_tank_health") (value "5500")
L 09/14/2020 - 08:00:40: [playercommands.smx] "♛ Rain ♛<2><STEAM_1:0:162762726><>" slayed "♛ Rain ♛<2><STEAM_1:0:162762726><>"
L 09/14/2020 - 08:00:51: [basecommands.smx] "Console<0><Console><Console>" changed cvar (cvar "z_tank_health") (value "5400")
L 09/14/2020 - 08:00:54: [playercommands.smx] "♛ Rain ♛<2><STEAM_1:0:162762726><>" slayed "♛ Rain ♛<2><STEAM_1:0:162762726><>"
L 09/14/2020 - 08:00:57: [l4d2_skill_detect.smx] Clear: 3 freed 8 from 2: time: 5.86 / -1.00 -- class: hunter (with shove? 0)
L 09/14/2020 - 08:01:05: [basecommands.smx] "Console<0><Console><Console>" changed cvar (cvar "z_tank_health") (value "5350")
L 09/14/2020 - 08:01:09: [playercommands.smx] "♛ Rain ♛<2><STEAM_1:0:162762726><>" slayed "♛ Rain ♛<2><STEAM_1:0:162762726><>"
L 09/14/2020 - 08:01:21: [basecommands.smx] "Console<0><Console><Console>" changed cvar (cvar "z_tank_health") (value "5345")
L 09/14/2020 - 08:01:25: [l4d2_skill_detect.smx] Clear: 8 freed 3 from 2: time: 0.83 / 4.96 -- class: smoker (with shove? 1)
L 09/14/2020 - 08:01:27: [playercommands.smx] "♛ Rain ♛<2><STEAM_1:0:162762726><>" slayed "♛ Rain ♛<2><STEAM_1:0:162762726><>"
L 09/14/2020 - 08:01:38: [basecommands.smx] "Console<0><Console><Console>" changed cvar (cvar "z_tank_health") (value "5340")
L 09/14/2020 - 08:01:41: [playercommands.smx] "♛ Rain ♛<2><STEAM_1:0:162762726><>" slayed "♛ Rain ♛<2><STEAM_1:0:162762726><>"
L 09/14/2020 - 08:01:48: [basecommands.smx] "Console<0><Console><Console>" changed cvar (cvar "z_tank_health") (value "5330")
L 09/14/2020 - 08:01:52: [playercommands.smx] "♛ Rain ♛<2><STEAM_1:0:162762726><>" slayed "♛ Rain ♛<2><STEAM_1:0:162762726><>"
L 09/14/2020 - 08:01:55: [l4d2_skill_detect.smx] Charge carry start: 4 - 3 -- time: 381.66
L 09/14/2020 - 08:01:58: [l4d2_skill_detect.smx] Clear: 6 freed 3 from 4: time: 1.63 / 2.43 -- class: charger (with shove? 0)
L 09/14/2020 - 08:01:58: [l4d2_skill_detect.smx] Checking charge victim: 4 - 3 - flags: 1 (alive? 1)
L 09/14/2020 - 08:01:59: [basecommands.smx] "Console<0><Console><Console>" changed cvar (cvar "z_tank_health") (value "5335")
L 09/14/2020 - 08:02:01: [playercommands.smx] "♛ Rain ♛<2><STEAM_1:0:162762726><>" slayed "♛ Rain ♛<2><STEAM_1:0:162762726><>"
L 09/14/2020 - 08:02:08: [basecommands.smx] "Console<0><Console><Console>" changed cvar (cvar "z_tank_health") (value "5334")
L 09/14/2020 - 08:02:11: [playercommands.smx] "♛ Rain ♛<2><STEAM_1:0:162762726><>" slayed "♛ Rain ♛<2><STEAM_1:0:162762726><>"
L 09/14/2020 - 08:02:20: [basecommands.smx] "Console<0><Console><Console>" changed cvar (cvar "z_tank_health") (value "5333")
L 09/14/2020 - 08:02:23: [playercommands.smx] "♛ Rain ♛<2><STEAM_1:0:162762726><>" slayed "♛ Rain ♛<2><STEAM_1:0:162762726><>"
L 09/14/2020 - 08:02:30: [l4d2_skill_detect.smx] Clear: 8 freed 6 from 2: time: 4.69 / -1.00 -- class: jockey (with shove? 0)
L 09/14/2020 - 08:02:49: [l4d2_skill_detect.smx] Clear: 8 freed 7 from 4: time: 1.73 / -1.00 -- class: hunter (with shove? 0)
L 09/14/2020 - 08:03:20: [l4d2_skill_detect.smx] Clear: 3 freed 7 from 4: time: -1.00 / 1.76 -- class: smoker (with shove? 1)
L 09/14/2020 - 08:04:51: Log file closed.
L 09/14/2020 - 08:08:35: SourceMod log file session started (file "E:\Steam\steamapps\common\Left 4 Dead 2\left4dead2\addons\sourcemod\logs\L20200914.log") (Version "1.10.0.6492")
L 09/14/2020 - 08:08:35: [l4d2_itemgiver.smx] Detected Left4Dead2!
L 09/14/2020 - 08:08:35: [simplewelcomemsg.smx] Set the maximum number of lines of.
L 09/14/2020 - 08:08:42: [SM] Changed map to "c1m4_atrium"
L 09/14/2020 - 08:08:42: -------- Mapchange to c1m4_atrium --------
L 09/14/2020 - 08:10:25: [l4d2_skill_detect.smx] Charge carry start: 7 - 1 -- time: 99.60
L 09/14/2020 - 08:10:26: [l4d2_skill_detect.smx] Clear: 4 freed 1 from 7: time: 0.40 / 1.36 -- class: charger (with shove? 0)
L 09/14/2020 - 08:10:28: [l4d2_skill_detect.smx] Checking charge victim: 7 - 1 - flags: 1 (alive? 1)
L 09/14/2020 - 08:10:50: [l4d2_skill_detect.smx] Clear: 5 freed 3 from 6: time: 1.19 / -1.00 -- class: jockey (with shove? 0)
L 09/14/2020 - 08:11:04: Log file closed.
L 09/14/2020 - 09:27:47: SourceMod log file session started (file "E:\Steam\steamapps\common\Left 4 Dead 2\left4dead2\addons\sourcemod\logs\L20200914.log") (Version "1.10.0.6492")
L 09/14/2020 - 09:27:47: [l4d2_itemgiver.smx] Detected Left4Dead2!
L 09/14/2020 - 09:27:49: [simplewelcomemsg.smx] Set the maximum number of lines of.
L 09/14/2020 - 09:28:05: [SM] Changed map to "c2m5_concert"
L 09/14/2020 - 09:28:05: -------- Mapchange to c2m5_concert --------
L 09/14/2020 - 09:28:17: [funcommands.smx] "♛ Rain ♛<2><STEAM_1:0:162762726><>" toggled noclip on "♛ Rain ♛<2><STEAM_1:0:162762726><>"
L 09/14/2020 - 09:28:33: [l4d2_skill_detect.smx] Charge carry start: 8 - 2 -- time: 25.46
L 09/14/2020 - 09:28:36: [l4d2_skill_detect.smx] Checking charge victim: 8 - 2 - flags: 1 (alive? 1)
L 09/14/2020 - 09:28:42: [l4d2_skill_detect.smx] Clear: 1 freed 2 from 8: time: 7.83 / 8.60 -- class: charger (with shove? 0)
L 09/14/2020 - 09:28:46: [l4d2_skill_detect.smx] Clear: 1 freed 3 from 7: time: 9.90 / -1.00 -- class: jockey (with shove? 0)
L 09/14/2020 - 09:29:07: [funcommands.smx] "♛ Rain ♛<2><STEAM_1:0:162762726><>" toggled noclip on "♛ Rain ♛<2><STEAM_1:0:162762726><>"
L 09/14/2020 - 09:29:11: [funcommands.smx] "♛ Rain ♛<2><STEAM_1:0:162762726><>" toggled noclip on "♛ Rain ♛<2><STEAM_1:0:162762726><>"
L 09/14/2020 - 09:29:16: [l4d2_skill_detect.smx] Charge carry start: 8 - 3 -- time: 68.56
L 09/14/2020 - 09:29:19: [l4d2_skill_detect.smx] Checking charge victim: 8 - 3 - flags: 1 (alive? 1)
L 09/14/2020 - 09:29:20: [funcommands.smx] "♛ Rain ♛<2><STEAM_1:0:162762726><>" toggled noclip on "♛ Rain ♛<2><STEAM_1:0:162762726><>"
L 09/14/2020 - 09:29:23: [admin_hp.smx]  
L 09/14/2020 - 09:29:37: [basecommands.smx] "Console<0><Console><Console>" changed cvar (cvar "sv_force_time_of_day") (value "0")
L 09/14/2020 - 09:29:37: [basecommands.smx] "Console<0><Console><Console>" changed cvar (cvar "z_witch_damage_per_kill_hit") (value "120")
L 09/14/2020 - 09:29:37: [basecommands.smx] "Console<0><Console><Console>" changed cvar (cvar "z_witch_anger_rate") (value "0.6")
L 09/14/2020 - 09:29:37: [basecommands.smx] "Console<0><Console><Console>" changed cvar (cvar "z_witch_flashlight_range") (value "2000")
L 09/14/2020 - 09:29:37: [basecommands.smx] "Console<0><Console><Console>" changed cvar (cvar "z_witch_burn_time") (value "999")
L 09/14/2020 - 09:29:37: [basecommands.smx] "Console<0><Console><Console>" changed cvar (cvar "z_tank_health") (value "6000")
L 09/14/2020 - 09:29:37: [basecommands.smx] "Console<0><Console><Console>" changed cvar (cvar "tank_burn_duration") (value "999999")
L 09/14/2020 - 09:29:37: [basecommands.smx] "Console<0><Console><Console>" changed cvar (cvar "z_ghost_delay_min") (value "20")
L 09/14/2020 - 09:29:37: [basecommands.smx] "Console<0><Console><Console>" changed cvar (cvar "z_ghost_delay_max") (value "24")
L 09/14/2020 - 09:29:37: [basecommands.smx] "Console<0><Console><Console>" changed cvar (cvar "versus_tank_chance_intro") (value "1")
L 09/14/2020 - 09:29:37: [basecommands.smx] "Console<0><Console><Console>" changed cvar (cvar "versus_tank_chance_finale") (value "0")
L 09/14/2020 - 09:29:37: [basecommands.smx] "Console<0><Console><Console>" changed cvar (cvar "versus_tank_chance") (value "1")
L 09/14/2020 - 09:29:37: [basecommands.smx] "Console<0><Console><Console>" changed cvar (cvar "versus_witch_chance_intro") (value "0")
L 09/14/2020 - 09:29:37: [basecommands.smx] "Console<0><Console><Console>" changed cvar (cvar "versus_witch_chance_finale") (value "1")
L 09/14/2020 - 09:29:37: [basecommands.smx] "Console<0><Console><Console>" changed cvar (cvar "versus_witch_chance") (value "1")
L 09/14/2020 - 09:29:37: [l4d2_skill_detect.smx] Clear: 4 freed 3 from 5: time: 2.83 / -1.00 -- class: jockey (with shove? 0)
L 09/14/2020 - 09:29:40: [playercommands.smx] "♛ Rain ♛<2><STEAM_1:0:162762726><>" slayed "♛ Rain ♛<2><STEAM_1:0:162762726><>"
L 09/14/2020 - 09:30:11: [basecommands.smx] "Console<0><Console><Console>" changed cvar (cvar "z_tank_health") (value "5500")
L 09/14/2020 - 09:30:21: [playercommands.smx] "♛ Rain ♛<2><STEAM_1:0:162762726><>" slayed "♛ Rain ♛<2><STEAM_1:0:162762726><>"
L 09/14/2020 - 09:32:16: Log file closed.
L 09/14/2020 - 09:33:13: SourceMod log file session started (file "E:\Steam\steamapps\common\Left 4 Dead 2\left4dead2\addons\sourcemod\logs\L20200914.log") (Version "1.10.0.6492")
L 09/14/2020 - 09:33:13: [l4d2_itemgiver.smx] Detected Left4Dead2!
L 09/14/2020 - 09:33:13: [simplewelcomemsg.smx] Set the maximum number of lines of.
L 09/14/2020 - 09:33:19: [SM] Changed map to "c2m5_concert"
L 09/14/2020 - 09:33:20: -------- Mapchange to c2m5_concert --------
L 09/14/2020 - 09:34:02: [funcommands.smx] "♛ Rain ♛<2><STEAM_1:0:162762726><>" toggled noclip on "♛ Rain ♛<2><STEAM_1:0:162762726><>"
L 09/14/2020 - 09:34:08: [funcommands.smx] "♛ Rain ♛<2><STEAM_1:0:162762726><>" toggled noclip on "♛ Rain ♛<2><STEAM_1:0:162762726><>"
L 09/14/2020 - 09:34:10: [funcommands.smx] "♛ Rain ♛<2><STEAM_1:0:162762726><>" toggled noclip on "♛ Rain ♛<2><STEAM_1:0:162762726><>"
L 09/14/2020 - 09:34:10: [funcommands.smx] "♛ Rain ♛<2><STEAM_1:0:162762726><>" toggled noclip on "♛ Rain ♛<2><STEAM_1:0:162762726><>"
L 09/14/2020 - 09:34:23: [l4d2_skill_detect.smx] Charge carry start: 7 - 4 -- time: 61.43
L 09/14/2020 - 09:34:25: [l4d2_skill_detect.smx] Witch Crown Check: Failed: bungled: 1 / crowntype: 0 (entity: 314)
L 09/14/2020 - 09:34:25: [l4d2_skill_detect.smx] Witch Crown Check: Further details: attacker: ♛ Rain ♛, attacker dmg: 127, teamless dmg: 12
L 09/14/2020 - 09:34:26: [l4d2_skill_detect.smx] Checking charge victim: 7 - 4 - flags: 1 (alive? 1)
L 09/14/2020 - 09:34:35: [l4d2_skill_detect.smx] Clear: 5 freed 4 from 7: time: 11.43 / 12.53 -- class: charger (with shove? 0)
L 09/14/2020 - 09:34:44: [funcommands.smx] "♛ Rain ♛<2><STEAM_1:0:162762726><>" toggled noclip on "♛ Rain ♛<2><STEAM_1:0:162762726><>"
L 09/14/2020 - 09:34:45: [funcommands.smx] "♛ Rain ♛<2><STEAM_1:0:162762726><>" toggled noclip on "♛ Rain ♛<2><STEAM_1:0:162762726><>"
L 09/14/2020 - 09:35:01: [l4d2_skill_detect.smx] Clear: 5 freed 3 from 8: time: 0.73 / 100.00 -- class: charger (with shove? 0)
L 09/14/2020 - 09:35:33: [l4d2_skill_detect.smx] Clear: 5 freed 1 from 7: time: 5.46 / -1.00 -- class: jockey (with shove? 0)
L 09/14/2020 - 09:35:38: Log file closed.
L 09/14/2020 - 11:53:26: SourceMod log file session started (file "E:\Steam\steamapps\common\Left 4 Dead 2\left4dead2\addons\sourcemod\logs\L20200914.log") (Version "1.10.0.6492")
L 09/14/2020 - 11:53:26: [l4d2_itemgiver.smx] Detected Left4Dead2!
L 09/14/2020 - 11:53:29: [simplewelcomemsg.smx] Set the maximum number of lines of.
L 09/14/2020 - 11:53:50: [SM] Changed map to "c2m5_concert"
L 09/14/2020 - 11:53:50: -------- Mapchange to c2m5_concert --------
L 09/14/2020 - 11:54:07: [funcommands.smx] "♛ Rain ♛<2><STEAM_1:0:162762726><>" toggled noclip on "♛ Rain ♛<2><STEAM_1:0:162762726><>"
L 09/14/2020 - 11:54:21: [l4d2_skill_detect.smx] Clear: 3 freed 4 from 7: time: 0.93 / -1.00 -- class: hunter (with shove? 0)
L 09/14/2020 - 11:54:26: [funcommands.smx] "♛ Rain ♛<2><STEAM_1:0:162762726><>" toggled noclip on "♛ Rain ♛<2><STEAM_1:0:162762726><>"
L 09/14/2020 - 11:54:30: [playercommands.smx] "♛ Rain ♛<2><STEAM_1:0:162762726><>" slayed "Ellis<3><BOT><>"
L 09/14/2020 - 11:54:31: [playercommands.smx] "♛ Rain ♛<2><STEAM_1:0:162762726><>" slayed "Coach<4><BOT><>"
L 09/14/2020 - 11:54:31: [playercommands.smx] "♛ Rain ♛<2><STEAM_1:0:162762726><>" slayed "Rochelle<5><BOT><>"
L 09/14/2020 - 11:54:31: [playercommands.smx] "♛ Rain ♛<2><STEAM_1:0:162762726><>" slayed "♛ Rain ♛<2><STEAM_1:0:162762726><>"
L 09/14/2020 - 11:54:50: [funcommands.smx] "♛ Rain ♛<2><STEAM_1:0:162762726><>" toggled noclip on "♛ Rain ♛<2><STEAM_1:0:162762726><>"
L 09/14/2020 - 11:55:32: [l4d2_skill_detect.smx] Charge carry start: 3 - 8 -- time: 100.10
L 09/14/2020 - 11:55:36: [l4d2_skill_detect.smx] Checking charge victim: 3 - 8 - flags: 1 (alive? 1)
L 09/14/2020 - 11:55:36: [l4d2_skill_detect.smx] Checking charge victim: 3 - 6 - flags: 0 (alive? 1)
L 09/14/2020 - 11:55:37: [l4d2_skill_detect.smx] Checking charge victim: 3 - 7 - flags: 0 (alive? 1)
L 09/14/2020 - 11:55:42: [l4d2_skill_detect.smx] Clear: 7 freed 8 from 3: time: 7.53 / 9.30 -- class: charger (with shove? 0)
L 09/14/2020 - 11:56:06: [l4d2_skill_detect.smx] Clear: 7 freed 6 from 2: time: 1.06 / -1.00 -- class: hunter (with shove? 0)
L 09/14/2020 - 11:56:22: Log file closed.
L 09/14/2020 - 11:57:09: SourceMod log file session started (file "E:\Steam\steamapps\common\Left 4 Dead 2\left4dead2\addons\sourcemod\logs\L20200914.log") (Version "1.10.0.6492")
L 09/14/2020 - 11:57:09: [l4d2_itemgiver.smx] Detected Left4Dead2!
L 09/14/2020 - 11:57:09: [simplewelcomemsg.smx] Set the maximum number of lines of.
L 09/14/2020 - 11:57:15: [SM] Changed map to "c2m5_concert"
L 09/14/2020 - 11:57:16: -------- Mapchange to c2m5_concert --------
L 09/14/2020 - 11:57:26: [funcommands.smx] "♛ Rain ♛<2><STEAM_1:0:162762726><>" toggled noclip on "♛ Rain ♛<2><STEAM_1:0:162762726><>"
L 09/14/2020 - 11:57:41: [l4d2_skill_detect.smx] Clear: 4 freed 2 from 8: time: 0.36 / 1.53 -- class: smoker (with shove? 1)
L 09/14/2020 - 11:57:55: Log file closed.
L 09/14/2020 - 11:59:07: SourceMod log file session started (file "E:\Steam\steamapps\common\Left 4 Dead 2\left4dead2\addons\sourcemod\logs\L20200914.log") (Version "1.10.0.6492")
L 09/14/2020 - 11:59:07: [l4d2_itemgiver.smx] Detected Left4Dead2!
L 09/14/2020 - 11:59:07: [simplewelcomemsg.smx] Set the maximum number of lines of.
L 09/14/2020 - 11:59:14: [SM] Changed map to "c1m2_streets"
L 09/14/2020 - 11:59:14: -------- Mapchange to c1m2_streets --------
L 09/14/2020 - 11:59:42: -------- Mapchange to c2m5_concert --------
L 09/14/2020 - 11:59:49: [funcommands.smx] "♛ Rain ♛<2><STEAM_1:0:162762726><>" toggled noclip on "♛ Rain ♛<2><STEAM_1:0:162762726><>"
L 09/14/2020 - 11:59:59: [playercommands.smx] "♛ Rain ♛<2><STEAM_1:0:162762726><>" slayed "Smoker<10><BOT><>"
L 09/14/2020 - 11:59:59: [playercommands.smx] "♛ Rain ♛<2><STEAM_1:0:162762726><>" slayed "Coach<7><BOT><>"
L 09/14/2020 - 11:59:59: [playercommands.smx] "♛ Rain ♛<2><STEAM_1:0:162762726><>" slayed "Ellis<8><BOT><>"
L 09/14/2020 - 12:00:00: [playercommands.smx] "♛ Rain ♛<2><STEAM_1:0:162762726><>" slayed "Nick<9><BOT><>"
L 09/14/2020 - 12:00:00: [playercommands.smx] "♛ Rain ♛<2><STEAM_1:0:162762726><>" slayed "(1)Smoker<11><BOT><>"
L 09/14/2020 - 12:00:00: [playercommands.smx] "♛ Rain ♛<2><STEAM_1:0:162762726><>" slayed "Jockey<12><BOT><>"
L 09/14/2020 - 12:00:01: [playercommands.smx] "♛ Rain ♛<2><STEAM_1:0:162762726><>" slayed "Charger<13><BOT><>"
L 09/14/2020 - 12:00:01: [playercommands.smx] "♛ Rain ♛<2><STEAM_1:0:162762726><>" slayed "♛ Rain ♛<2><STEAM_1:0:162762726><>"
L 09/14/2020 - 12:00:21: [funcommands.smx] "♛ Rain ♛<2><STEAM_1:0:162762726><>" toggled noclip on "♛ Rain ♛<2><STEAM_1:0:162762726><>"
L 09/14/2020 - 12:00:54: Log file closed.
L 09/14/2020 - 12:01:59: SourceMod log file session started (file "E:\Steam\steamapps\common\Left 4 Dead 2\left4dead2\addons\sourcemod\logs\L20200914.log") (Version "1.10.0.6492")
L 09/14/2020 - 12:01:59: [l4d2_itemgiver.smx] Detected Left4Dead2!
L 09/14/2020 - 12:01:59: [simplewelcomemsg.smx] Set the maximum number of lines of.
L 09/14/2020 - 12:02:06: [SM] Changed map to "c2m5_concert"
L 09/14/2020 - 12:02:06: -------- Mapchange to c2m5_concert --------
L 09/14/2020 - 12:02:18: [funcommands.smx] "♛ Rain ♛<2><STEAM_1:0:162762726><>" toggled noclip on "♛ Rain ♛<2><STEAM_1:0:162762726><>"
L 09/14/2020 - 12:02:31: [l4d2_skill_detect.smx] Charge carry start: 5 - 4 -- time: 23.73
L 09/14/2020 - 12:02:34: [l4d2_skill_detect.smx] Clear: 2 freed 4 from 5: time: 1.76 / 2.73 -- class: charger (with shove? 0)
L 09/14/2020 - 12:02:34: [l4d2_skill_detect.smx] Checking charge victim: 5 - 4 - flags: 1 (alive? 1)
L 09/14/2020 - 12:02:36: [l4d2_skill_detect.smx] Clear: 2 freed 3 from 6: time: 1.10 / 2.50 -- class: smoker (with shove? 1)
L 09/14/2020 - 12:02:47: Log file closed.
L 09/14/2020 - 12:03:27: SourceMod log file session started (file "E:\Steam\steamapps\common\Left 4 Dead 2\left4dead2\addons\sourcemod\logs\L20200914.log") (Version "1.10.0.6492")
L 09/14/2020 - 12:03:27: [l4d2_itemgiver.smx] Detected Left4Dead2!
L 09/14/2020 - 12:03:28: [simplewelcomemsg.smx] Set the maximum number of lines of.
L 09/14/2020 - 12:03:34: [SM] Changed map to "c2m5_concert"
L 09/14/2020 - 12:03:34: -------- Mapchange to c2m5_concert --------
L 09/14/2020 - 12:03:46: [funcommands.smx] "♛ Rain ♛<2><STEAM_1:0:162762726><>" toggled noclip on "♛ Rain ♛<2><STEAM_1:0:162762726><>"
L 09/14/2020 - 12:04:07: [l4d2_skill_detect.smx] Clear: 3 freed 5 from 6: time: 3.60 / -1.00 -- class: hunter (with shove? 0)
L 09/14/2020 - 12:04:12: Log file closed.
L 09/14/2020 - 12:04:49: SourceMod log file session started (file "E:\Steam\steamapps\common\Left 4 Dead 2\left4dead2\addons\sourcemod\logs\L20200914.log") (Version "1.10.0.6492")
L 09/14/2020 - 12:04:49: [l4d2_itemgiver.smx] Detected Left4Dead2!
L 09/14/2020 - 12:04:49: [simplewelcomemsg.smx] Set the maximum number of lines of.
L 09/14/2020 - 12:04:55: [SM] Changed map to "c2m5_concert"
L 09/14/2020 - 12:04:56: -------- Mapchange to c2m5_concert --------
L 09/14/2020 - 12:05:06: [funcommands.smx] "♛ Rain ♛<2><STEAM_1:0:162762726><>" toggled noclip on "♛ Rain ♛<2><STEAM_1:0:162762726><>"
L 09/14/2020 - 12:05:34: Log file closed.
L 09/14/2020 - 12:06:38: SourceMod log file session started (file "E:\Steam\steamapps\common\Left 4 Dead 2\left4dead2\addons\sourcemod\logs\L20200914.log") (Version "1.10.0.6492")
L 09/14/2020 - 12:06:38: [l4d2_itemgiver.smx] Detected Left4Dead2!
L 09/14/2020 - 12:06:38: [simplewelcomemsg.smx] Set the maximum number of lines of.
L 09/14/2020 - 12:06:44: [SM] Changed map to "c2m5_concert"
L 09/14/2020 - 12:06:44: -------- Mapchange to c2m5_concert --------
L 09/14/2020 - 12:06:54: [funcommands.smx] "♛ Rain ♛<2><STEAM_1:0:162762726><>" toggled noclip on "♛ Rain ♛<2><STEAM_1:0:162762726><>"
L 09/14/2020 - 12:07:09: Log file closed.
L 09/14/2020 - 12:07:43: SourceMod log file session started (file "E:\Steam\steamapps\common\Left 4 Dead 2\left4dead2\addons\sourcemod\logs\L20200914.log") (Version "1.10.0.6492")
L 09/14/2020 - 12:07:43: [l4d2_itemgiver.smx] Detected Left4Dead2!
L 09/14/2020 - 12:07:44: [simplewelcomemsg.smx] Set the maximum number of lines of.
L 09/14/2020 - 12:07:50: [SM] Changed map to "c2m5_concert"
L 09/14/2020 - 12:07:50: -------- Mapchange to c2m5_concert --------
L 09/14/2020 - 12:08:01: [funcommands.smx] "♛ Rain ♛<2><STEAM_1:0:162762726><>" toggled noclip on "♛ Rain ♛<2><STEAM_1:0:162762726><>"
L 09/14/2020 - 12:08:16: [l4d2_skill_detect.smx] Clear: 4 freed 3 from 2: time: 1.06 / -1.00 -- class: jockey (with shove? 0)
L 09/14/2020 - 12:08:28: Log file closed.
L 09/14/2020 - 12:09:26: SourceMod log file session started (file "E:\Steam\steamapps\common\Left 4 Dead 2\left4dead2\addons\sourcemod\logs\L20200914.log") (Version "1.10.0.6492")
L 09/14/2020 - 12:09:26: [l4d2_itemgiver.smx] Detected Left4Dead2!
L 09/14/2020 - 12:09:26: [simplewelcomemsg.smx] Set the maximum number of lines of.
L 09/14/2020 - 12:09:32: [SM] Changed map to "c2m5_concert"
L 09/14/2020 - 12:09:33: -------- Mapchange to c2m5_concert --------
L 09/14/2020 - 12:09:43: [funcommands.smx] "♛ Rain ♛<2><STEAM_1:0:162762726><>" toggled noclip on "♛ Rain ♛<2><STEAM_1:0:162762726><>"
L 09/14/2020 - 12:10:12: Log file closed.
L 09/14/2020 - 12:11:09: SourceMod log file session started (file "E:\Steam\steamapps\common\Left 4 Dead 2\left4dead2\addons\sourcemod\logs\L20200914.log") (Version "1.10.0.6492")
L 09/14/2020 - 12:11:09: [l4d2_itemgiver.smx] Detected Left4Dead2!
L 09/14/2020 - 12:11:09: [simplewelcomemsg.smx] Set the maximum number of lines of.
L 09/14/2020 - 12:11:15: [SM] Changed map to "c2m5_concert"
L 09/14/2020 - 12:11:16: -------- Mapchange to c2m5_concert --------
L 09/14/2020 - 12:11:28: [funcommands.smx] "♛ Rain ♛<2><STEAM_1:0:162762726><>" toggled noclip on "♛ Rain ♛<2><STEAM_1:0:162762726><>"
L 09/14/2020 - 12:11:45: [l4d2_skill_detect.smx] Clear: 3 freed 2 from 7: time: 1.23 / -1.00 -- class: jockey (with shove? 0)
L 09/14/2020 - 12:12:09: [l4d2_skill_detect.smx] Clear: 3 freed 2 from 5: time: 2.26 / -1.00 -- class: hunter (with shove? 1)
L 09/14/2020 - 12:12:10: [l4d2_skill_detect.smx] Clear: 1 freed 3 from 7: time: -1.00 / 1.76 -- class: smoker (with shove? 0)
L 09/14/2020 - 12:12:40: [l4d2_skill_detect.smx] Clear: 2 freed 3 from 8: time: 8.03 / -1.00 -- class: hunter (with shove? 0)
L 09/14/2020 - 12:13:00: [l4d2_skill_detect.smx] Witch Crown Check: Failed: bungled: 1 / crowntype: 0 (entity: 407)
L 09/14/2020 - 12:13:00: [l4d2_skill_detect.smx] Witch Crown Check: Further details: attacker: ♛ Rain ♛, attacker dmg: 638, teamless dmg: 50
L 09/14/2020 - 12:13:23: Log file closed.
L 09/14/2020 - 12:22:16: SourceMod log file session started (file "E:\Steam\steamapps\common\Left 4 Dead 2\left4dead2\addons\sourcemod\logs\L20200914.log") (Version "1.10.0.6492")
L 09/14/2020 - 12:22:16: [l4d2_itemgiver.smx] Detected Left4Dead2!
L 09/14/2020 - 12:22:16: [simplewelcomemsg.smx] Set the maximum number of lines of.
L 09/14/2020 - 12:22:23: [SM] Changed map to "c2m5_concert"
L 09/14/2020 - 12:22:23: -------- Mapchange to c2m5_concert --------
L 09/14/2020 - 12:22:33: [funcommands.smx] "♛ Rain ♛<2><STEAM_1:0:162762726><>" toggled noclip on "♛ Rain ♛<2><STEAM_1:0:162762726><>"
L 09/14/2020 - 12:22:57: [l4d2_skill_detect.smx] Clear: 3 freed 2 from 8: time: -1.00 / 2.80 -- class: smoker (with shove? 1)
L 09/14/2020 - 12:23:09: [l4d2_skill_detect.smx] Clear: 4 freed 3 from 5: time: 0.19 / 44.46 -- class: charger (with shove? 0)
L 09/14/2020 - 12:23:21: [basecommands.smx] "Console<0><Console><Console>" changed cvar (cvar "l4d2_HardCore_Mode") (value "1")
L 09/14/2020 - 12:23:34: [l4d2_skill_detect.smx] Clear: 3 freed 2 from 5: time: -1.00 / 1.03 -- class: smoker (with shove? 1)
L 09/14/2020 - 12:23:39: [l4d2_skill_detect.smx] Clear: 4 freed 2 from 8: time: 1.43 / -1.00 -- class: hunter (with shove? 0)
L 09/14/2020 - 12:23:52: Log file closed.
L 09/14/2020 - 12:25:19: SourceMod log file session started (file "E:\Steam\steamapps\common\Left 4 Dead 2\left4dead2\addons\sourcemod\logs\L20200914.log") (Version "1.10.0.6492")
L 09/14/2020 - 12:25:19: [l4d2_itemgiver.smx] Detected Left4Dead2!
L 09/14/2020 - 12:25:19: [simplewelcomemsg.smx] Set the maximum number of lines of.
L 09/14/2020 - 12:25:25: [SM] Changed map to "c2m5_concert"
L 09/14/2020 - 12:25:26: -------- Mapchange to c2m5_concert --------
L 09/14/2020 - 12:25:39: [funcommands.smx] "♛ Rain ♛<2><STEAM_1:0:162762726><>" toggled noclip on "♛ Rain ♛<2><STEAM_1:0:162762726><>"
L 09/14/2020 - 12:25:47: [basecommands.smx] "Console<0><Console><Console>" changed cvar (cvar "sv_force_time_of_day") (value "0")
L 09/14/2020 - 12:25:47: [basecommands.smx] "Console<0><Console><Console>" changed cvar (cvar "z_witch_damage_per_kill_hit") (value "120")
L 09/14/2020 - 12:25:47: [basecommands.smx] "Console<0><Console><Console>" changed cvar (cvar "z_witch_anger_rate") (value "0.6")
L 09/14/2020 - 12:25:47: [basecommands.smx] "Console<0><Console><Console>" changed cvar (cvar "z_witch_flashlight_range") (value "2000")
L 09/14/2020 - 12:25:47: [basecommands.smx] "Console<0><Console><Console>" changed cvar (cvar "z_witch_burn_time") (value "999")
L 09/14/2020 - 12:25:47: [basecommands.smx] "Console<0><Console><Console>" changed cvar (cvar "z_tank_health") (value "6000")
L 09/14/2020 - 12:25:47: [basecommands.smx] "Console<0><Console><Console>" changed cvar (cvar "tank_burn_duration") (value "999999")
L 09/14/2020 - 12:25:47: [basecommands.smx] "Console<0><Console><Console>" changed cvar (cvar "z_ghost_delay_min") (value "20")
L 09/14/2020 - 12:25:47: [basecommands.smx] "Console<0><Console><Console>" changed cvar (cvar "z_ghost_delay_max") (value "24")
L 09/14/2020 - 12:25:47: [basecommands.smx] "Console<0><Console><Console>" changed cvar (cvar "versus_tank_chance_intro") (value "1")
L 09/14/2020 - 12:25:47: [basecommands.smx] "Console<0><Console><Console>" changed cvar (cvar "versus_tank_chance_finale") (value "0")
L 09/14/2020 - 12:25:47: [basecommands.smx] "Console<0><Console><Console>" changed cvar (cvar "versus_tank_chance") (value "1")
L 09/14/2020 - 12:25:47: [basecommands.smx] "Console<0><Console><Console>" changed cvar (cvar "versus_witch_chance_intro") (value "0")
L 09/14/2020 - 12:25:47: [basecommands.smx] "Console<0><Console><Console>" changed cvar (cvar "versus_witch_chance_finale") (value "1")
L 09/14/2020 - 12:25:47: [basecommands.smx] "Console<0><Console><Console>" changed cvar (cvar "versus_witch_chance") (value "1")
L 09/14/2020 - 12:25:47: [basecommands.smx] "Console<0><Console><Console>" changed cvar (cvar "l4d2_HardCore_Mode") (value "1")
L 09/14/2020 - 12:26:28: [playercommands.smx] "♛ Rain ♛<2><STEAM_1:0:162762726><>" slayed "Jockey<7><BOT><>"
L 09/14/2020 - 12:26:28: [playercommands.smx] "♛ Rain ♛<2><STEAM_1:0:162762726><>" slayed "Coach<4><BOT><>"
L 09/14/2020 - 12:26:28: [playercommands.smx] "♛ Rain ♛<2><STEAM_1:0:162762726><>" slayed "Ellis<5><BOT><>"
L 09/14/2020 - 12:26:28: [playercommands.smx] "♛ Rain ♛<2><STEAM_1:0:162762726><>" slayed "Rochelle<6><BOT><>"
L 09/14/2020 - 12:26:29: [playercommands.smx] "♛ Rain ♛<2><STEAM_1:0:162762726><>" slayed "Spitter<9><BOT><>"
L 09/14/2020 - 12:26:29: [playercommands.smx] "♛ Rain ♛<2><STEAM_1:0:162762726><>" slayed "Smoker<11><BOT><>"
L 09/14/2020 - 12:26:29: [playercommands.smx] "♛ Rain ♛<2><STEAM_1:0:162762726><>" slayed "♛ Rain ♛<2><STEAM_1:0:162762726><>"
L 09/14/2020 - 12:26:34: [basecommands.smx] "Console<0><Console><Console>" changed cvar (cvar "vs_max_team_switches") (value "100")
L 09/14/2020 - 12:27:26: [funcommands.smx] "♛ Rain ♛<2><STEAM_1:0:162762726><>" toggled noclip on "♛ Rain ♛<2><STEAM_1:0:162762726><>"
L 09/14/2020 - 12:27:30: [funcommands.smx] "♛ Rain ♛<2><STEAM_1:0:162762726><>" toggled noclip on "♛ Rain ♛<2><STEAM_1:0:162762726><>"
L 09/14/2020 - 12:27:34: [l4d2_skill_detect.smx] Clear: 8 freed 7 from 4: time: -1.00 / 0.16 -- class: smoker (with shove? 0)
L 09/14/2020 - 12:27:36: [l4d2_skill_detect.smx] Clear: 7 freed 8 from 5: time: -1.00 / 1.86 -- class: smoker (with shove? 1)
L 09/14/2020 - 12:27:38: [funcommands.smx] "♛ Rain ♛<2><STEAM_1:0:162762726><>" toggled noclip on "♛ Rain ♛<2><STEAM_1:0:162762726><>"
L 09/14/2020 - 12:28:07: -------- Mapchange to c5m2_park --------
L 09/14/2020 - 12:28:22: [funcommands.smx] "♛ Rain ♛<2><STEAM_1:0:162762726><>" toggled noclip on "♛ Rain ♛<2><STEAM_1:0:162762726><>"
L 09/14/2020 - 12:28:29: [funcommands.smx] "♛ Rain ♛<2><STEAM_1:0:162762726><>" toggled noclip on "♛ Rain ♛<2><STEAM_1:0:162762726><>"
L 09/14/2020 - 12:28:37: [funcommands.smx] "♛ Rain ♛<2><STEAM_1:0:162762726><>" toggled noclip on "♛ Rain ♛<2><STEAM_1:0:162762726><>"
L 09/14/2020 - 12:28:39: [funcommands.smx] "♛ Rain ♛<2><STEAM_1:0:162762726><>" toggled noclip on "♛ Rain ♛<2><STEAM_1:0:162762726><>"
L 09/14/2020 - 12:28:42: [funcommands.smx] "♛ Rain ♛<2><STEAM_1:0:162762726><>" toggled noclip on "♛ Rain ♛<2><STEAM_1:0:162762726><>"
L 09/14/2020 - 12:28:42: [funcommands.smx] "♛ Rain ♛<2><STEAM_1:0:162762726><>" toggled noclip on "♛ Rain ♛<2><STEAM_1:0:162762726><>"
L 09/14/2020 - 12:28:44: [funcommands.smx] "♛ Rain ♛<2><STEAM_1:0:162762726><>" toggled noclip on "♛ Rain ♛<2><STEAM_1:0:162762726><>"
L 09/14/2020 - 12:28:45: [funcommands.smx] "♛ Rain ♛<2><STEAM_1:0:162762726><>" toggled noclip on "♛ Rain ♛<2><STEAM_1:0:162762726><>"
L 09/14/2020 - 12:28:47: [funcommands.smx] "♛ Rain ♛<2><STEAM_1:0:162762726><>" toggled noclip on "♛ Rain ♛<2><STEAM_1:0:162762726><>"
L 09/14/2020 - 12:28:48: [funcommands.smx] "♛ Rain ♛<2><STEAM_1:0:162762726><>" toggled noclip on "♛ Rain ♛<2><STEAM_1:0:162762726><>"
L 09/14/2020 - 12:28:49: [funcommands.smx] "♛ Rain ♛<2><STEAM_1:0:162762726><>" toggled noclip on "♛ Rain ♛<2><STEAM_1:0:162762726><>"
L 09/14/2020 - 12:28:51: [funcommands.smx] "♛ Rain ♛<2><STEAM_1:0:162762726><>" toggled noclip on "♛ Rain ♛<2><STEAM_1:0:162762726><>"
L 09/14/2020 - 12:28:53: [funcommands.smx] "♛ Rain ♛<2><STEAM_1:0:162762726><>" toggled noclip on "♛ Rain ♛<2><STEAM_1:0:162762726><>"
L 09/14/2020 - 12:28:53: [funcommands.smx] "♛ Rain ♛<2><STEAM_1:0:162762726><>" toggled noclip on "♛ Rain ♛<2><STEAM_1:0:162762726><>"
L 09/14/2020 - 12:29:37: Log file closed.
L 09/14/2020 - 20:04:19: SourceMod log file session started (file "E:\Steam\steamapps\common\Left 4 Dead 2\left4dead2\addons\sourcemod\logs\L20200914.log") (Version "1.10.0.6492")
L 09/14/2020 - 20:04:19: [l4d2_itemgiver.smx] Detected Left4Dead2!
L 09/14/2020 - 20:04:22: [simplewelcomemsg.smx] Set the maximum number of lines of.
L 09/14/2020 - 20:04:41: [SM] Changed map to "c1m1_hotel"
L 09/14/2020 - 20:04:41: -------- Mapchange to c1m1_hotel --------
L 09/14/2020 - 20:05:40: [basecommands.smx] "♛ Rain ♛<2><STEAM_1:0:162762726><>" changed cvar (cvar "sv_force_time_of_day") (value "0")
L 09/14/2020 - 20:05:40: [basecommands.smx] "♛ Rain ♛<2><STEAM_1:0:162762726><>" changed cvar (cvar "z_witch_damage_per_kill_hit") (value "120")
L 09/14/2020 - 20:05:40: [basecommands.smx] "♛ Rain ♛<2><STEAM_1:0:162762726><>" changed cvar (cvar "z_witch_anger_rate") (value "0.6")
L 09/14/2020 - 20:05:40: [basecommands.smx] "♛ Rain ♛<2><STEAM_1:0:162762726><>" changed cvar (cvar "z_witch_flashlight_range") (value "2000")
L 09/14/2020 - 20:05:40: [basecommands.smx] "♛ Rain ♛<2><STEAM_1:0:162762726><>" changed cvar (cvar "z_witch_burn_time") (value "100")
L 09/14/2020 - 20:05:40: [basecommands.smx] "♛ Rain ♛<2><STEAM_1:0:162762726><>" changed cvar (cvar "z_tank_health") (value "6000")
L 09/14/2020 - 20:05:40: [basecommands.smx] "♛ Rain ♛<2><STEAM_1:0:162762726><>" changed cvar (cvar "tank_burn_duration") (value "999999")
L 09/14/2020 - 20:05:40: [basecommands.smx] "♛ Rain ♛<2><STEAM_1:0:162762726><>" changed cvar (cvar "z_ghost_delay_min") (value "20")
L 09/14/2020 - 20:05:40: [basecommands.smx] "♛ Rain ♛<2><STEAM_1:0:162762726><>" changed cvar (cvar "z_ghost_delay_max") (value "24")
L 09/14/2020 - 20:05:40: [basecommands.smx] "♛ Rain ♛<2><STEAM_1:0:162762726><>" changed cvar (cvar "versus_tank_chance_intro") (value "1")
L 09/14/2020 - 20:05:40: [basecommands.smx] "♛ Rain ♛<2><STEAM_1:0:162762726><>" changed cvar (cvar "versus_tank_chance_finale") (value "0")
L 09/14/2020 - 20:05:40: [basecommands.smx] "♛ Rain ♛<2><STEAM_1:0:162762726><>" changed cvar (cvar "versus_tank_chance") (value "1")
L 09/14/2020 - 20:05:40: [basecommands.smx] "♛ Rain ♛<2><STEAM_1:0:162762726><>" changed cvar (cvar "versus_witch_chance_intro") (value "0")
L 09/14/2020 - 20:05:40: [basecommands.smx] "♛ Rain ♛<2><STEAM_1:0:162762726><>" changed cvar (cvar "versus_witch_chance_finale") (value "1")
L 09/14/2020 - 20:05:40: [basecommands.smx] "♛ Rain ♛<2><STEAM_1:0:162762726><>" changed cvar (cvar "versus_witch_chance") (value "1")
L 09/14/2020 - 20:05:46: [basecommands.smx] "♛ Rain ♛<2><STEAM_1:0:162762726><>" changed cvar (cvar "vs_max_team_switches") (value "0")
L 09/14/2020 - 20:06:19: [l4d2_skill_detect.smx] Charge carry start: 7 - 3 -- time: 92.20
L 09/14/2020 - 20:06:22: [l4d2_skill_detect.smx] Checking charge victim: 7 - 3 - flags: 1 (alive? 1)
L 09/14/2020 - 20:06:24: [l4d2_skill_detect.smx] Clear: 6 freed 3 from 4: time: 1.56 / 1.76 -- class: smoker (with shove? 1)
L 09/14/2020 - 20:07:40: [l4d2_skill_detect.smx] Clear: 6 freed 3 from 4: time: 4.66 / -1.00 -- class: hunter (with shove? 0)
L 09/14/2020 - 20:08:02: [l4d2_skill_detect.smx] Clear: 2 freed 6 from 4: time: 1.19 / -1.00 -- class: jockey (with shove? 0)
L 09/14/2020 - 20:08:28: [l4d2_skill_detect.smx] Clear: 0 freed 6 from 4: time: -1.00 / 220.73 -- class: charger (with shove? 0)
L 09/14/2020 - 20:09:37: [l4d2_skill_detect.smx] Clear: 6 freed 1 from 4: time: 5.26 / -1.00 -- class: jockey (with shove? 0)
L 09/14/2020 - 20:10:05: [l4d2_skill_detect.smx] Clear: 3 freed 1 from 4: time: 0.89 / 3.76 -- class: smoker (with shove? 1)
L 09/14/2020 - 20:10:16: [l4d2_skill_detect.smx] Clear: 3 freed 2 from 7: time: 1.36 / -1.00 -- class: hunter (with shove? 0)
L 09/14/2020 - 20:10:36: [l4d2_skill_detect.smx] Clear: 0 freed 1 from 4: time: -1.00 / 347.86 -- class: charger (with shove? 0)
L 09/14/2020 - 20:11:36: [l4d2_skill_detect.smx] Clear: 9 freed 10 from 2: time: 1.69 / -1.00 -- class: hunter (with shove? 1)
L 09/14/2020 - 20:11:50: [l4d2_skill_detect.smx] Clear: 7 freed 9 from 2: time: 2.26 / -1.00 -- class: hunter (with shove? 1)
L 09/14/2020 - 20:11:53: [l4d2_skill_detect.smx] Clear: 7 freed 8 from 1: time: 11.89 / 15.63 -- class: smoker (with shove? 1)
L 09/14/2020 - 20:11:55: [l4d2_skill_detect.smx] Clear: 8 freed 9 from 2: time: 1.23 / -1.00 -- class: hunter (with shove? 0)
L 09/14/2020 - 20:12:15: -------- Mapchange to c2m1_highway --------
L 09/14/2020 - 20:14:01: [basecommands.smx] "♛ Rain ♛<2><STEAM_1:0:162762726><>" changed cvar (cvar "vs_max_team_switches") (value "100")
L 09/14/2020 - 20:15:04: [l4d2_skill_detect.smx] Charge carry start: 10 - 4 -- time: 162.73
L 09/14/2020 - 20:15:08: [l4d2_skill_detect.smx] Checking charge victim: 10 - 4 - flags: 1 (alive? 1)
L 09/14/2020 - 20:15:08: [l4d2_skill_detect.smx] Clear: 1 freed 4 from 10: time: 2.53 / 3.30 -- class: charger (with shove? 0)
L 09/14/2020 - 20:15:41: [l4d2_skill_detect.smx] Clear: 1 freed 6 from 7: time: -1.00 / 2.03 -- class: smoker (with shove? 0)
L 09/14/2020 - 20:17:40: [l4d2_skill_detect.smx] Clear: 6 freed 2 from 5: time: 1.46 / -1.00 -- class: hunter (with shove? 0)
L 09/14/2020 - 20:17:41: [l4d2_skill_detect.smx] calarm trigger: caller 849 / activator 849 / delay: 0.00
L 09/14/2020 - 20:19:41: [l4d2_skill_detect.smx] Charge carry start: 6 - 10 -- time: 438.43
L 09/14/2020 - 20:19:44: [l4d2_skill_detect.smx] Checking charge victim: 6 - 3 - flags: 0 (alive? 1)
L 09/14/2020 - 20:19:45: [l4d2_skill_detect.smx] Clear: 8 freed 10 from 6: time: 0.50 / 3.93 -- class: charger (with shove? 0)
L 09/14/2020 - 20:19:46: [l4d2_skill_detect.smx] Checking charge victim: 6 - 10 - flags: 1 (alive? 1)
L 09/14/2020 - 20:21:10: [l4d2_skill_detect.smx] Clear: 5 freed 3 from 6: time: 3.13 / -1.00 -- class: hunter (with shove? 0)
L 09/14/2020 - 20:21:59: [l4d2_skill_detect.smx] Clear: 4 freed 3 from 2: time: 1.86 / 6.06 -- class: smoker (with shove? 0)
L 09/14/2020 - 20:22:07: [l4d2_skill_detect.smx] Clear: 8 freed 10 from 6: time: 4.13 / 584.46 -- class: charger (with shove? 0)
L 09/14/2020 - 20:22:45: [l4d2_skill_detect.smx] Clear: 8 freed 4 from 6: time: 4.66 / 6.53 -- class: smoker (with shove? 0)
L 09/14/2020 - 20:23:23: [l4d2_skill_detect.smx] Charge carry start: 1 - 3 -- time: 661.10
L 09/14/2020 - 20:23:26: [l4d2_skill_detect.smx] Checking charge victim: 1 - 3 - flags: 1 (alive? 1)
L 09/14/2020 - 20:23:36: [l4d2_skill_detect.smx] Charge carry start: 1 - 3 -- time: 673.76
L 09/14/2020 - 20:23:40: [l4d2_skill_detect.smx] Checking charge victim: 1 - 3 - flags: 1 (alive? 1)
L 09/14/2020 - 20:23:42: [l4d2_skill_detect.smx] Charge carry start: 1 - 10 -- time: 680.00
L 09/14/2020 - 20:23:43: [l4d2_skill_detect.smx] Checking charge victim: 1 - 10 - flags: 33 (alive? 0)
L 09/14/2020 - 20:23:46: [l4d2_skill_detect.smx] Charge carry start: 1 - 3 -- time: 684.00
L 09/14/2020 - 20:23:51: [l4d2_skill_detect.smx] Checking charge victim: 1 - 3 - flags: 1 (alive? 1)
L 09/14/2020 - 20:24:16: -------- Mapchange to c2m2_fairgrounds --------
L 09/14/2020 - 20:26:07: [basecommands.smx] "♛ Rain ♛<2><STEAM_1:0:162762726><>" kicked "Peniguays69<58><STEAM_1:1:440873926><>" (reason "")
L 09/14/2020 - 20:26:11: [l4d2_skill_detect.smx] Clear: 1 freed 8 from 7: time: 1.00 / -1.00 -- class: jockey (with shove? 0)
L 09/14/2020 - 20:26:27: [l4d2_skill_detect.smx] Clear: 1 freed 2 from 10: time: 1.03 / -1.00 -- class: hunter (with shove? 0)
L 09/14/2020 - 20:26:59: [l4d2_skill_detect.smx] Clear: 6 freed 1 from 4: time: 1.96 / -1.00 -- class: jockey (with shove? 1)
L 09/14/2020 - 20:28:26: [l4d2_skill_detect.smx] Clear: 2 freed 5 from 3: time: 2.46 / -1.00 -- class: hunter (with shove? 0)
L 09/14/2020 - 20:28:30: [l4d2_skill_detect.smx] Clear: 1 freed 6 from 4: time: 3.33 / -1.00 -- class: jockey (with shove? 0)
L 09/14/2020 - 20:29:32: [l4d2_skill_detect.smx] Clear: 1 freed 5 from 9: time: 1.23 / -1.00 -- class: jockey (with shove? 0)
L 09/14/2020 - 20:30:31: [l4d2_skill_detect.smx] Clear: 6 freed 1 from 4: time: 5.16 / -1.00 -- class: hunter (with shove? 0)
L 09/14/2020 - 20:30:51: [l4d2_skill_detect.smx] Charge carry start: 3 - 1 -- time: 389.53
L 09/14/2020 - 20:30:54: [l4d2_skill_detect.smx] Clear: 6 freed 1 from 3: time: 1.70 / 3.10 -- class: charger (with shove? 0)
L 09/14/2020 - 20:30:54: [l4d2_skill_detect.smx] Checking charge victim: 3 - 1 - flags: 1 (alive? 1)
L 09/14/2020 - 20:30:55: [l4d2_skill_detect.smx] Checking charge victim: 3 - 5 - flags: 0 (alive? 1)
L 09/14/2020 - 20:30:57: [l4d2_skill_detect.smx] Clear: 5 freed 1 from 7: time: 0.76 / -1.00 -- class: jockey (with shove? 0)
L 09/14/2020 - 20:32:21: [l4d2_skill_detect.smx] Witch Crown Check: Failed: bungled: 1 / crowntype: 0 (entity: 358)
L 09/14/2020 - 20:32:21: [l4d2_skill_detect.smx] Witch Crown Check: Further details: attacker: ｍｏｚｔａｓａ™, attacker dmg: 416, teamless dmg: 4
L 09/14/2020 - 20:32:52: [l4d2_skill_detect.smx] Clear: 5 freed 2 from 4: time: 0.86 / -1.00 -- class: hunter (with shove? 0)
L 09/14/2020 - 20:34:37: [l4d2_skill_detect.smx] Clear: 3 freed 4 from 5: time: 4.63 / -1.00 -- class: jockey (with shove? 0)
L 09/14/2020 - 20:35:21: [l4d2_skill_detect.smx] Clear: 4 freed 3 from 6: time: 2.33 / -1.00 -- class: jockey (with shove? 1)
L 09/14/2020 - 20:36:30: [l4d2_skill_detect.smx] Clear: 3 freed 7 from 1: time: 4.93 / -1.00 -- class: hunter (with shove? 1)
L 09/14/2020 - 20:37:40: [l4d2_skill_detect.smx] Clear: 8 freed 7 from 1: time: 2.13 / 3.06 -- class: smoker (with shove? 1)
L 09/14/2020 - 20:38:17: -------- Mapchange to c2m3_coaster --------
L 09/14/2020 - 20:38:39: [basecommands.smx] "♛ Rain ♛<2><STEAM_1:0:162762726><>" changed cvar (cvar "vs_max_team_switches") (value "0")
L 09/14/2020 - 20:38:45: [basecommands.smx] "♛ Rain ♛<2><STEAM_1:0:162762726><>" changed cvar (cvar "vs_max_team_switches") (value "100")
L 09/14/2020 - 20:39:31: [l4d2_skill_detect.smx] Clear: 2 freed 6 from 3: time: -1.00 / 1.23 -- class: smoker (with shove? 0)
L 09/14/2020 - 20:39:36: [l4d2_skill_detect.smx] Clear: 6 freed 1 from 11: time: 1.63 / -1.00 -- class: jockey (with shove? 0)
L 09/14/2020 - 20:39:53: [l4d2_skill_detect.smx] Charge carry start: 3 - 6 -- time: 92.10
L 09/14/2020 - 20:39:55: [l4d2_skill_detect.smx] Clear: 5 freed 6 from 3: time: 1.06 / 1.96 -- class: charger (with shove? 0)
L 09/14/2020 - 20:39:56: [l4d2_skill_detect.smx] Checking charge victim: 3 - 6 - flags: 1 (alive? 1)
L 09/14/2020 - 20:40:06: [l4d2_skill_detect.smx] Clear: 5 freed 6 from 8: time: 0.89 / -1.00 -- class: jockey (with shove? 1)
L 09/14/2020 - 20:40:33: [l4d2_skill_detect.smx] Clear: 1 freed 6 from 3: time: 1.03 / -1.00 -- class: hunter (with shove? 0)
L 09/14/2020 - 20:41:04: [l4d2_skill_detect.smx] Clear: 5 freed 6 from 12: time: 1.66 / -1.00 -- class: jockey (with shove? 0)
L 09/14/2020 - 20:41:21: [l4d2_skill_detect.smx] Clear: 5 freed 1 from 8: time: 1.53 / -1.00 -- class: hunter (with shove? 0)
L 09/14/2020 - 20:42:00: [l4d2_skill_detect.smx] Clear: 5 freed 1 from 7: time: 1.19 / -1.00 -- class: hunter (with shove? 0)
L 09/14/2020 - 20:43:49: [l4d2_skill_detect.smx] Charge carry start: 8 - 2 -- time: 327.63
L 09/14/2020 - 20:43:52: [l4d2_skill_detect.smx] Clear: 5 freed 2 from 8: time: 0.83 / 2.76 -- class: charger (with shove? 0)
L 09/14/2020 - 20:43:53: [l4d2_skill_detect.smx] Checking charge victim: 8 - 2 - flags: 1 (alive? 1)
L 09/14/2020 - 20:44:52: [l4d2_skill_detect.smx] Clear: 6 freed 2 from 8: time: 2.00 / -1.00 -- class: hunter (with shove? 0)
L 09/14/2020 - 20:45:34: [l4d2_skill_detect.smx] Witch Crown Check: Failed: bungled: 0 / crowntype: 0 (entity: 295)
L 09/14/2020 - 20:45:34: [l4d2_skill_detect.smx] Witch Crown Check: Further details: attacker: FaceLive/FacturitaJuega, attacker dmg: 276, teamless dmg: 0
L 09/14/2020 - 20:46:24: [l4d2_skill_detect.smx] Charge carry start: 3 - 2 -- time: 482.20
L 09/14/2020 - 20:46:28: [l4d2_skill_detect.smx] Clear: 5 freed 1 from 10: time: 2.03 / -1.00 -- class: hunter (with shove? 0)
L 09/14/2020 - 20:46:29: [l4d2_skill_detect.smx] Checking charge victim: 3 - 2 - flags: 1 (alive? 1)
L 09/14/2020 - 20:46:29: [l4d2_skill_detect.smx] Checking charge victim: 3 - 6 - flags: 0 (alive? 1)
L 09/14/2020 - 20:46:34: [l4d2_skill_detect.smx] Clear: 1 freed 5 from 8: time: 2.76 / 4.46 -- class: smoker (with shove? 0)
L 09/14/2020 - 20:47:25: [l4d2_skill_detect.smx] Charge carry start: 10 - 2 -- time: 543.53
L 09/14/2020 - 20:47:27: [l4d2_skill_detect.smx] Clear: 1 freed 2 from 10: time: 0.00 / 1.79 -- class: charger (with shove? 0)
L 09/14/2020 - 20:47:28: [l4d2_skill_detect.smx] Checking charge victim: 10 - 5 - flags: 42 (alive? 0)
L 09/14/2020 - 20:47:30: [l4d2_skill_detect.smx] Checking charge victim: 10 - 2 - flags: 1 (alive? 1)
L 09/14/2020 - 20:49:35: [l4d2_skill_detect.smx] Charge carry start: 5 - 7 -- time: 673.16
L 09/14/2020 - 20:49:38: [l4d2_skill_detect.smx] Checking charge victim: 5 - 8 - flags: 0 (alive? 1)
L 09/14/2020 - 20:49:39: [l4d2_skill_detect.smx] Checking charge victim: 5 - 4 - flags: 0 (alive? 1)
L 09/14/2020 - 20:49:40: [l4d2_skill_detect.smx] Checking charge victim: 5 - 7 - flags: 1 (alive? 1)
L 09/14/2020 - 20:49:55: [l4d2_skill_detect.smx] Clear: 4 freed 7 from 5: time: 16.63 / 19.66 -- class: charger (with shove? 0)
L 09/14/2020 - 20:50:02: [l4d2_skill_detect.smx] Clear: 8 freed 10 from 2: time: 23.66 / -1.00 -- class: jockey (with shove? 1)
L 09/14/2020 - 20:50:15: [admin_hp.smx]  
L 09/14/2020 - 20:50:48: [l4d2_skill_detect.smx] Charge carry start: 2 - 4 -- time: 746.23
L 09/14/2020 - 20:50:51: [l4d2_skill_detect.smx] Checking charge victim: 2 - 4 - flags: 1 (alive? 1)
L 09/14/2020 - 20:50:58: [l4d2_skill_detect.smx] Clear: 10 freed 9 from 5: time: 8.20 / 10.26 -- class: smoker (with shove? 0)
L 09/14/2020 - 20:51:04: [l4d2_skill_detect.smx] Clear: 10 freed 4 from 2: time: 14.50 / 15.56 -- class: charger (with shove? 0)
L 09/14/2020 - 20:51:53: [l4d2_skill_detect.smx] Clear: 9 freed 4 from 6: time: 8.63 / -1.00 -- class: hunter (with shove? 0)
L 09/14/2020 - 20:53:19: [l4d2_skill_detect.smx] Charge carry start: 6 - 3 -- time: 897.03
L 09/14/2020 - 20:53:24: [l4d2_skill_detect.smx] Checking charge victim: 6 - 3 - flags: 1 (alive? 1)
L 09/14/2020 - 20:53:24: [l4d2_skill_detect.smx] Checking charge victim: 6 - 4 - flags: 0 (alive? 1)
L 09/14/2020 - 20:53:54: -------- Mapchange to c2m4_barns --------
L 09/14/2020 - 20:55:06: -------- Mapchange to c8m1_apartment --------
L 09/14/2020 - 20:56:29: [basecommands.smx] "♛ Rain ♛<2><STEAM_1:0:162762726><>" changed cvar (cvar "vs_max_team_switches") (value "0")
L 09/14/2020 - 20:57:00: [basecommands.smx] "♛ Rain ♛<2><STEAM_1:0:162762726><>" changed cvar (cvar "vs_max_team_switches") (value "0")
L 09/14/2020 - 20:59:13: [playercommands.smx] "♛ Rain ♛<2><STEAM_1:0:162762726><>" slayed "..............zzzz<198><STEAM_1:1:552378573><>"
L 09/14/2020 - 20:59:30: [l4d2_skill_detect.smx] Witch Crown Check: Failed: bungled: 0 / crowntype: 0 (entity: 150)
L 09/14/2020 - 20:59:30: [l4d2_skill_detect.smx] Witch Crown Check: Further details: attacker: ♛ Rain ♛, attacker dmg: 1248, teamless dmg: 0
L 09/14/2020 - 20:59:36: [l4d2_skill_detect.smx] calarm trigger: caller 1171 / activator 1171 / delay: 0.00
L 09/14/2020 - 21:01:05: [l4d2_skill_detect.smx] Clear: 3 freed 3 from 1: time: 0.00 / -1.00 -- class: jockey (with shove? 1)
L 09/14/2020 - 21:01:08: [l4d2_skill_detect.smx] Charge carry start: 2 - 7 -- time: 356.06
L 09/14/2020 - 21:01:12: [l4d2_skill_detect.smx] Checking charge victim: 2 - 10 - flags: 0 (alive? 1)
L 09/14/2020 - 21:01:12: [l4d2_skill_detect.smx] Checking charge victim: 2 - 7 - flags: 1 (alive? 1)
L 09/14/2020 - 21:01:54: [l4d2_skill_detect.smx] Clear: 3 freed 10 from 4: time: 0.46 / -1.00 -- class: hunter (with shove? 0)
L 09/14/2020 - 21:01:59: [l4d2_skill_detect.smx] Clear: 3 freed 10 from 5: time: 2.13 / -1.00 -- class: jockey (with shove? 0)
L 09/14/2020 - 21:02:44: [l4d2_skill_detect.smx] Clear: 10 freed 7 from 1: time: -1.00 / 0.40 -- class: smoker (with shove? 0)
L 09/14/2020 - 21:02:59: [l4d2_skill_detect.smx] calarm trigger: caller 1017 / activator 1017 / delay: 0.00
L 09/14/2020 - 21:03:14: [l4d2_skill_detect.smx] Witch Crown Check: Failed: bungled: 1 / crowntype: 0 (entity: 149)
L 09/14/2020 - 21:03:14: [l4d2_skill_detect.smx] Witch Crown Check: Further details: attacker: SAMBALELE, attacker dmg: 1000, teamless dmg: 4
L 09/14/2020 - 21:03:25: [l4d2_skill_detect.smx] Clear: 8 freed 3 from 1: time: 1.13 / -1.00 -- class: hunter (with shove? 0)
L 09/14/2020 - 21:03:44: [l4d2_skill_detect.smx] Clear: 3 freed 8 from 5: time: -1.00 / 2.63 -- class: smoker (with shove? 1)
L 09/14/2020 - 21:04:17: -------- Mapchange to c8m2_subway --------
L 09/14/2020 - 21:05:19: [basecommands.smx] "♛ Rain ♛<2><STEAM_1:0:162762726><>" changed cvar (cvar "vs_max_team_switches") (value "100")
L 09/14/2020 - 21:06:20: [l4d2_skill_detect.smx] Charge carry start: 2 - 9 -- time: 119.40
L 09/14/2020 - 21:06:25: [l4d2_skill_detect.smx] Checking charge victim: 2 - 9 - flags: 1 (alive? 1)
L 09/14/2020 - 21:06:25: [l4d2_skill_detect.smx] Clear: 8 freed 9 from 2: time: 2.36 / 5.03 -- class: charger (with shove? 0)
L 09/14/2020 - 21:06:33: [l4d2_skill_detect.smx] Clear: 8 freed 7 from 5: time: 10.76 / -1.00 -- class: jockey (with shove? 1)
L 09/14/2020 - 21:07:11: [l4d2_skill_detect.smx] Charge carry start: 5 - 6 -- time: 170.03
L 09/14/2020 - 21:07:14: [l4d2_skill_detect.smx] Checking charge victim: 5 - 6 - flags: 1 (alive? 1)
L 09/14/2020 - 21:07:14: [l4d2_skill_detect.smx] Clear: 8 freed 6 from 5: time: 2.46 / 3.30 -- class: charger (with shove? 0)
L 09/14/2020 - 21:07:15: [l4d2_skill_detect.smx] Checking charge victim: 5 - 9 - flags: 0 (alive? 1)
L 09/14/2020 - 21:07:17: [l4d2_skill_detect.smx] Clear: 8 freed 9 from 10: time: 1.66 / -1.00 -- class: jockey (with shove? 1)
L 09/14/2020 - 21:07:50: [l4d2_skill_detect.smx] Clear: 6 freed 3 from 2: time: 4.53 / 7.16 -- class: smoker (with shove? 1)
L 09/14/2020 - 21:08:00: [l4d2_skill_detect.smx] Charge carry start: 10 - 8 -- time: 218.96
L 09/14/2020 - 21:08:04: [l4d2_skill_detect.smx] Checking charge victim: 10 - 8 - flags: 1 (alive? 1)
L 09/14/2020 - 21:08:05: [l4d2_skill_detect.smx] Clear: 11 freed 8 from 10: time: 2.86 / 4.60 -- class: charger (with shove? 0)
L 09/14/2020 - 21:08:09: [l4d2_skill_detect.smx] Clear: 8 freed 6 from 2: time: 0.13 / 2.86 -- class: smoker (with shove? 0)
L 09/14/2020 - 21:08:41: [l4d2_skill_detect.smx] Clear: 3 freed 4 from 5: time: 4.40 / -1.00 -- class: hunter (with shove? 0)
L 09/14/2020 - 21:09:16: [l4d2_skill_detect.smx] Clear: 4 freed 7 from 2: time: 0.76 / -1.00 -- class: hunter (with shove? 0)
L 09/14/2020 - 21:09:19: [l4d2_skill_detect.smx] Clear: 6 freed 4 from 5: time: 1.29 / -1.00 -- class: jockey (with shove? 0)
L 09/14/2020 - 21:09:54: [l4d2_skill_detect.smx] Clear: 11 freed 4 from 2: time: 1.46 / -1.00 -- class: jockey (with shove? 0)
L 09/14/2020 - 21:10:11: [l4d2_skill_detect.smx] Clear: 7 freed 4 from 5: time: 6.66 / 8.66 -- class: smoker (with shove? 1)
L 09/14/2020 - 21:10:49: [l4d2_skill_detect.smx] Charge carry start: 5 - 7 -- time: 387.23
L 09/14/2020 - 21:10:50: [l4d2_skill_detect.smx] Checking charge victim: 5 - 7 - flags: 33 (alive? 0)
L 09/14/2020 - 21:10:52: [l4d2_skill_detect.smx] Checking charge victim: 5 - 4 - flags: 0 (alive? 1)
L 09/14/2020 - 21:10:52: [l4d2_skill_detect.smx] Checking charge victim: 5 - 3 - flags: 64 (alive? 0)
L 09/14/2020 - 21:12:56: [l4d2_skill_detect.smx] Clear: 1 freed 10 from 7: time: -1.00 / 0.96 -- class: smoker (with shove? 0)
L 09/14/2020 - 21:13:36: [l4d2_skill_detect.smx] Clear: 5 freed 10 from 3: time: 1.86 / -1.00 -- class: jockey (with shove? 0)
L 09/14/2020 - 21:13:51: -------- Mapchange to c5m1_waterfront --------
L 09/14/2020 - 21:15:22: [l4d2_skill_detect.smx] Clear: 3 freed 4 from 6: time: 2.73 / -1.00 -- class: jockey (with shove? 0)
L 09/14/2020 - 21:15:49: [l4d2_skill_detect.smx] Clear: 4 freed 10 from 5: time: 1.40 / -1.00 -- class: hunter (with shove? 0)
L 09/14/2020 - 21:16:00: [l4d2_skill_detect.smx] Charge carry start: 6 - 10 -- time: 122.06
L 09/14/2020 - 21:16:02: [l4d2_skill_detect.smx] Clear: 2 freed 10 from 6: time: 0.66 / 1.66 -- class: charger (with shove? 0)
L 09/14/2020 - 21:16:03: [l4d2_skill_detect.smx] Checking charge victim: 6 - 10 - flags: 1 (alive? 1)
L 09/14/2020 - 21:16:05: [l4d2_skill_detect.smx] Clear: 2 freed 10 from 7: time: 1.86 / -1.00 -- class: jockey (with shove? 1)
L 09/14/2020 - 21:16:19: [basecommands.smx] "♛ Rain ♛<2><STEAM_1:0:162762726><>" changed cvar (cvar "vs_max_team_switches") (value "0")
L 09/14/2020 - 21:17:10: [l4d2_skill_detect.smx] Clear: 8 freed 4 from 3: time: 3.10 / -1.00 -- class: hunter (with shove? 1)
L 09/14/2020 - 21:17:53: [l4d2_skill_detect.smx] Clear: 8 freed 4 from 1: time: 1.06 / -1.00 -- class: hunter (with shove? 1)
L 09/14/2020 - 21:17:56: [l4d2_skill_detect.smx] Clear: 8 freed 2 from 1: time: 1.46 / -1.00 -- class: hunter (with shove? 0)
L 09/14/2020 - 21:17:57: [l4d2_skill_detect.smx] Clear: 8 freed 10 from 11: time: 5.39 / -1.00 -- class: jockey (with shove? 0)
L 09/14/2020 - 21:18:58: [l4d2_skill_detect.smx] Charge carry start: 5 - 8 -- time: 299.90
L 09/14/2020 - 21:19:00: [l4d2_skill_detect.smx] Clear: 7 freed 8 from 5: time: 0.60 / 1.63 -- class: charger (with shove? 0)
L 09/14/2020 - 21:19:02: [l4d2_skill_detect.smx] Checking charge victim: 5 - 8 - flags: 1 (alive? 1)
L 09/14/2020 - 21:19:47: [basecommands.smx] "♛ Rain ♛<2><STEAM_1:0:162762726><>" changed cvar (cvar "vs_max_team_switches") (value "100")
L 09/14/2020 - 21:20:54: [l4d2_skill_detect.smx] Clear: 5 freed 2 from 8: time: 5.86 / -1.00 -- class: jockey (with shove? 0)
L 09/14/2020 - 21:21:27: [l4d2_skill_detect.smx] Clear: 3 freed 1 from 6: time: 1.93 / -1.00 -- class: hunter (with shove? 0)
L 09/14/2020 - 21:23:12: [l4d2_skill_detect.smx] Clear: 3 freed 2 from 7: time: 0.39 / -1.00 -- class: hunter (with shove? 0)
L 09/14/2020 - 21:23:55: [l4d2_skill_detect.smx] Clear: 3 freed 1 from 6: time: 2.26 / -1.00 -- class: jockey (with shove? 0)
L 09/14/2020 - 21:24:35: [l4d2_skill_detect.smx] calarm trigger: caller 550 / activator 550 / delay: 0.00
L 09/14/2020 - 21:24:42: [l4d2_skill_detect.smx] Clear: 2 freed 1 from 10: time: 1.63 / -1.00 -- class: hunter (with shove? 0)
L 09/14/2020 - 21:24:44: [l4d2_skill_detect.smx] Clear: 3 freed 5 from 6: time: -1.00 / 0.53 -- class: smoker (with shove? 0)
L 09/14/2020 - 21:24:51: [l4d2_skill_detect.smx] Clear: 5 freed 3 from 6: time: -1.00 / 2.53 -- class: smoker (with shove? 1)
L 09/14/2020 - 21:25:21: -------- Mapchange to c5m2_park --------
L 09/14/2020 - 21:26:38: [l4d2_skill_detect.smx] Charge carry start: 6 - 2 -- time: 71.96
L 09/14/2020 - 21:26:41: [l4d2_skill_detect.smx] Clear: 5 freed 2 from 6: time: 1.10 / 2.60 -- class: charger (with shove? 0)
L 09/14/2020 - 21:26:41: [l4d2_skill_detect.smx] Clear: 3 freed 1 from 8: time: -1.00 / 1.69 -- class: smoker (with shove? 1)
L 09/14/2020 - 21:26:42: [l4d2_skill_detect.smx] Checking charge victim: 6 - 2 - flags: 1 (alive? 1)
L 09/14/2020 - 21:26:45: [l4d2_skill_detect.smx] Clear: 5 freed 3 from 7: time: 2.36 / -1.00 -- class: jockey (with shove? 1)
L 09/14/2020 - 21:27:41: [l4d2_skill_detect.smx] Clear: 3 freed 5 from 6: time: 1.43 / -1.00 -- class: hunter (with shove? 1)
L 09/14/2020 - 21:28:47: [l4d2_skill_detect.smx] Charge carry start: 8 - 2 -- time: 201.03
L 09/14/2020 - 21:28:48: [l4d2_skill_detect.smx] Clear: 5 freed 2 from 8: time: 0.00 / 1.00 -- class: charger (with shove? 0)
L 09/14/2020 - 21:28:50: [l4d2_skill_detect.smx] Checking charge victim: 8 - 2 - flags: 1 (alive? 1)
L 09/14/2020 - 21:30:05: [l4d2_skill_detect.smx] Clear: 5 freed 3 from 7: time: 0.56 / 1.60 -- class: smoker (with shove? 1)
L 09/14/2020 - 21:31:33: [l4d2_skill_detect.smx] Charge carry start: 8 - 3 -- time: 366.46
L 09/14/2020 - 21:31:36: [l4d2_skill_detect.smx] Checking charge victim: 8 - 3 - flags: 1 (alive? 1)
L 09/14/2020 - 21:31:38: [l4d2_skill_detect.smx] Clear: 7 freed 3 from 8: time: 3.69 / 4.73 -- class: charger (with shove? 0)
L 09/14/2020 - 21:32:56: [l4d2_skill_detect.smx] Charge carry start: 5 - 9 -- time: 449.00
L 09/14/2020 - 21:32:59: [l4d2_skill_detect.smx] Clear: 7 freed 9 from 5: time: 1.50 / 2.73 -- class: charger (with shove? 0)
L 09/14/2020 - 21:33:00: [l4d2_skill_detect.smx] Checking charge victim: 5 - 9 - flags: 1 (alive? 1)
L 09/14/2020 - 21:33:03: [l4d2_skill_detect.smx] Clear: 7 freed 9 from 2: time: 2.19 / -1.00 -- class: jockey (with shove? 0)
L 09/14/2020 - 21:33:12: [l4d2_skill_detect.smx] Clear: 10 freed 6 from 4: time: -1.00 / 2.70 -- class: smoker (with shove? 1)
L 09/14/2020 - 21:33:36: [l4d2_skill_detect.smx] Charge carry start: 2 - 4 -- time: 488.70
L 09/14/2020 - 21:33:41: [l4d2_skill_detect.smx] Checking charge victim: 2 - 4 - flags: 1 (alive? 1)
L 09/14/2020 - 21:33:51: [l4d2_skill_detect.smx] Clear: 9 freed 7 from 3: time: 9.39 / -1.00 -- class: hunter (with shove? 0)
L 09/14/2020 - 21:34:09: [l4d2_skill_detect.smx] Charge carry start: 2 - 9 -- time: 522.10
L 09/14/2020 - 21:34:13: [l4d2_skill_detect.smx] Checking charge victim: 2 - 9 - flags: 1 (alive? 1)
L 09/14/2020 - 21:35:23: -------- Mapchange to c5m3_cemetery --------
L 09/14/2020 - 21:36:55: [l4d2_skill_detect.smx] Clear: 6 freed 2 from 10: time: 1.06 / -1.00 -- class: hunter (with shove? 0)
L 09/14/2020 - 21:37:47: [l4d2_skill_detect.smx] Clear: 5 freed 6 from 3: time: 0.06 / 2.13 -- class: smoker (with shove? 1)
L 09/14/2020 - 21:38:08: [l4d2_skill_detect.smx] Charge carry start: 7 - 5 -- time: 159.80
L 09/14/2020 - 21:38:12: [l4d2_skill_detect.smx] Checking charge victim: 7 - 5 - flags: 1 (alive? 1)
L 09/14/2020 - 21:38:14: [l4d2_skill_detect.smx] Clear: 2 freed 5 from 7: time: 3.56 / 5.96 -- class: charger (with shove? 0)
L 09/14/2020 - 21:38:55: [l4d2_skill_detect.smx] Clear: 4 freed 2 from 3: time: 0.36 / 2.03 -- class: smoker (with shove? 1)
L 09/14/2020 - 21:39:09: [l4d2_skill_detect.smx] Clear: 4 freed 5 from 7: time: 11.96 / -1.00 -- class: jockey (with shove? 1)
L 09/14/2020 - 21:39:42: [l4d2_skill_detect.smx] Clear: 5 freed 4 from 10: time: 0.93 / -1.00 -- class: hunter (with shove? 0)
L 09/14/2020 - 21:40:15: [l4d2_skill_detect.smx] Clear: 5 freed 6 from 7: time: -1.00 / 1.86 -- class: smoker (with shove? 0)
L 09/14/2020 - 21:42:25: [l4d2_skill_detect.smx] Clear: 4 freed 7 from 5: time: 4.69 / -1.00 -- class: jockey (with shove? 0)
L 09/14/2020 - 21:42:27: [l4d2_skill_detect.smx] Clear: 9 freed 10 from 6: time: 2.00 / 418.46 -- class: charger (with shove? 0)
L 09/14/2020 - 21:43:06: [l4d2_skill_detect.smx] Charge carry start: 2 - 7 -- time: 456.90
L 09/14/2020 - 21:43:09: [l4d2_skill_detect.smx] Checking charge victim: 2 - 7 - flags: 1 (alive? 1)
L 09/14/2020 - 21:43:09: [l4d2_skill_detect.smx] Checking charge victim: 2 - 4 - flags: 0 (alive? 1)
L 09/14/2020 - 21:43:10: [l4d2_skill_detect.smx] Clear: 9 freed 7 from 2: time: 3.06 / 4.16 -- class: charger (with shove? 0)
L 09/14/2020 - 21:43:17: [l4d2_skill_detect.smx] Clear: 9 freed 10 from 5: time: 14.46 / -1.00 -- class: hunter (with shove? 0)
L 09/14/2020 - 21:44:17: [l4d2_skill_detect.smx] Clear: 3 freed 4 from 2: time: 0.79 / 5.33 -- class: smoker (with shove? 1)
L 09/14/2020 - 21:44:48: [l4d2_skill_detect.smx] Charge carry start: 5 - 3 -- time: 558.70
L 09/14/2020 - 21:44:52: [l4d2_skill_detect.smx] Checking charge victim: 5 - 3 - flags: 1 (alive? 1)
L 09/14/2020 - 21:45:05: [l4d2_skill_detect.smx] Clear: 7 freed 3 from 5: time: 15.33 / 17.86 -- class: charger (with shove? 0)
L 09/14/2020 - 21:46:08: -------- Mapchange to c5m4_quarter --------
L 09/14/2020 - 21:47:35: [l4d2_skill_detect.smx] Clear: 7 freed 3 from 4: time: 7.63 / -1.00 -- class: jockey (with shove? 0)
L 09/14/2020 - 21:48:00: [l4d2_skill_detect.smx] Charge carry start: 4 - 2 -- time: 106.73
L 09/14/2020 - 21:48:01: [l4d2_skill_detect.smx] Clear: 7 freed 2 from 4: time: 0.29 / 1.56 -- class: charger (with shove? 0)
L 09/14/2020 - 21:48:03: [l4d2_skill_detect.smx] Checking charge victim: 4 - 2 - flags: 1 (alive? 1)
L 09/14/2020 - 21:48:04: [l4d2_skill_detect.smx] Checking charge victim: 4 - 5 - flags: 0 (alive? 1)
L 09/14/2020 - 21:48:40: [l4d2_skill_detect.smx] Clear: 2 freed 3 from 9: time: 0.23 / -1.00 -- class: hunter (with shove? 0)
L 09/14/2020 - 21:52:41: [l4d2_skill_detect.smx] Charge carry start: 5 - 9 -- time: 387.56
L 09/14/2020 - 21:52:44: [l4d2_skill_detect.smx] Clear: 8 freed 9 from 5: time: 1.20 / 2.46 -- class: charger (with shove? 0)
L 09/14/2020 - 21:52:45: [l4d2_skill_detect.smx] Checking charge victim: 5 - 9 - flags: 1 (alive? 1)
L 09/14/2020 - 21:53:13: [l4d2_skill_detect.smx] Clear: 8 freed 6 from 10: time: 5.70 / 7.03 -- class: smoker (with shove? 0)
L 09/14/2020 - 21:53:25: [l4d2_skill_detect.smx] Clear: 3 freed 6 from 5: time: 1.20 / -1.00 -- class: hunter (with shove? 0)
L 09/14/2020 - 21:53:31: [l4d2_skill_detect.smx] Clear: 6 freed 9 from 10: time: -1.00 / 1.20 -- class: smoker (with shove? 1)
L 09/14/2020 - 21:53:34: [l4d2_skill_detect.smx] Charge carry start: 2 - 9 -- time: 439.86
L 09/14/2020 - 21:53:36: [l4d2_skill_detect.smx] Clear: 8 freed 9 from 2: time: 1.86 / 2.66 -- class: charger (with shove? 0)
L 09/14/2020 - 21:53:37: [l4d2_skill_detect.smx] Checking charge victim: 2 - 9 - flags: 1 (alive? 1)
L 09/14/2020 - 21:53:54: [l4d2_skill_detect.smx] Clear: 8 freed 6 from 10: time: 0.06 / 2.86 -- class: smoker (with shove? 0)
L 09/14/2020 - 21:54:29: [l4d2_skill_detect.smx] Clear: 3 freed 8 from 2: time: 1.53 / -1.00 -- class: hunter (with shove? 0)
L 09/14/2020 - 21:54:55: [l4d2_skill_detect.smx] Clear: 8 freed 6 from 5: time: -1.00 / 1.16 -- class: smoker (with shove? 0)
L 09/14/2020 - 21:55:31: [l4d2_skill_detect.smx] Clear: 9 freed 3 from 10: time: 2.50 / -1.00 -- class: hunter (with shove? 0)
L 09/14/2020 - 21:56:26: [l4d2_skill_detect.smx] Charge carry start: 1 - 9 -- time: 612.43
L 09/14/2020 - 21:56:29: [l4d2_skill_detect.smx] Clear: 8 freed 9 from 1: time: 0.93 / 2.40 -- class: charger (with shove? 0)
L 09/14/2020 - 21:56:30: [l4d2_skill_detect.smx] Checking charge victim: 1 - 9 - flags: 1 (alive? 1)
L 09/14/2020 - 21:57:25: -------- Mapchange to c5m5_bridge --------
L 09/14/2020 - 21:59:27: [l4d2_skill_detect.smx] Charge carry start: 8 - 2 -- time: 112.13
L 09/14/2020 - 21:59:31: [l4d2_skill_detect.smx] Checking charge victim: 8 - 1 - flags: 0 (alive? 1)
L 09/14/2020 - 21:59:32: [l4d2_skill_detect.smx] Checking charge victim: 8 - 2 - flags: 1 (alive? 1)
L 09/14/2020 - 21:59:42: [l4d2_skill_detect.smx] Clear: 1 freed 2 from 9: time: 4.56 / -1.00 -- class: hunter (with shove? 0)
L 09/14/2020 - 22:00:10: [l4d2_skill_detect.smx] Clear: 10 freed 10 from 3: time: -1.00 / 0.86 -- class: smoker (with shove? 1)
L 09/14/2020 - 22:00:58: [l4d2_skill_detect.smx] Clear: 10 freed 2 from 8: time: 1.30 / -1.00 -- class: hunter (with shove? 1)
L 09/14/2020 - 22:02:08: [l4d2_skill_detect.smx] Charge carry start: 3 - 5 -- time: 272.30
L 09/14/2020 - 22:02:13: [l4d2_skill_detect.smx] Checking charge victim: 3 - 5 - flags: 29 (alive? 0)
L 09/14/2020 - 22:05:35: [l4d2_skill_detect.smx] Charge carry start: 5 - 3 -- time: 477.66
L 09/14/2020 - 22:05:37: [l4d2_skill_detect.smx] Clear: 7 freed 3 from 5: time: 0.50 / 1.70 -- class: charger (with shove? 0)
L 09/14/2020 - 22:05:39: [l4d2_skill_detect.smx] Checking charge victim: 5 - 3 - flags: 1 (alive? 1)
L 09/14/2020 - 22:05:40: [l4d2_skill_detect.smx] Checking charge victim: 5 - 10 - flags: 28 (alive? 0)
L 09/14/2020 - 22:05:41: [l4d2_skill_detect.smx] Clear: 9 freed 3 from 2: time: -1.00 / 1.66 -- class: smoker (with shove? 1)
L 09/14/2020 - 22:05:49: [l4d2_skill_detect.smx] Clear: 7 freed 3 from 1: time: 0.86 / -1.00 -- class: hunter (with shove? 0)
L 09/14/2020 - 22:06:17: [l4d2_skill_detect.smx] Clear: 3 freed 7 from 6: time: 4.36 / 5.43 -- class: smoker (with shove? 1)
L 09/14/2020 - 22:06:19: [l4d2_skill_detect.smx] Charge carry start: 1 - 7 -- time: 521.43
L 09/14/2020 - 22:06:22: [l4d2_skill_detect.smx] Checking charge victim: 1 - 7 - flags: 1 (alive? 1)
L 09/14/2020 - 22:06:24: [l4d2_skill_detect.smx] Clear: 3 freed 7 from 1: time: 3.53 / 4.53 -- class: charger (with shove? 0)
L 09/14/2020 - 22:06:58: -------- Mapchange to c11m1_greenhouse --------
L 09/14/2020 - 22:09:14: [basecommands.smx] "♛ Rain ♛<2><STEAM_1:0:162762726><>" changed cvar (cvar "vs_max_team_switches") (value "0")
L 09/14/2020 - 22:10:02: [admin_hp.smx]  
L 09/14/2020 - 22:10:19: [basecommands.smx] "♛ Rain ♛<2><STEAM_1:0:162762726><>" changed cvar (cvar "vs_max_team_switches") (value "100")
L 09/14/2020 - 22:10:31: [l4d2_skill_detect.smx] Charge carry start: 5 - 8 -- time: 153.03
L 09/14/2020 - 22:11:04: [l4d2_skill_detect.smx] Clear: 5 freed 9 from 8: time: 10.10 / 185.90 -- class: charger (with shove? 0)
L 09/14/2020 - 22:12:52: [l4d2_skill_detect.smx] Clear: 2 freed 1 from 7: time: 5.43 / -1.00 -- class: hunter (with shove? 1)
L 09/14/2020 - 22:12:55: [l4d2_skill_detect.smx] Clear: 5 freed 2 from 7: time: 2.03 / -1.00 -- class: hunter (with shove? 0)
L 09/14/2020 - 22:12:55: [l4d2_skill_detect.smx] Clear: 5 freed 1 from 8: time: 2.26 / -1.00 -- class: hunter (with shove? 0)
L 09/14/2020 - 22:13:42: [l4d2_skill_detect.smx] Clear: 5 freed 1 from 6: time: 2.36 / -1.00 -- class: jockey (with shove? 0)
L 09/14/2020 - 22:14:06: [l4d2_skill_detect.smx] Witch Crown Check: Failed: bungled: 1 / crowntype: 0 (entity: 187)
L 09/14/2020 - 22:14:06: [l4d2_skill_detect.smx] Witch Crown Check: Further details: attacker: Delta, attacker dmg: 1304, teamless dmg: 0
L 09/14/2020 - 22:14:17: [l4d2_skill_detect.smx] Clear: 2 freed 1 from 8: time: 0.43 / 378.23 -- class: charger (with shove? 0)
L 09/14/2020 - 22:14:25: [l4d2_skill_detect.smx] calarm trigger: caller 760 / activator 760 / delay: 0.00
L 09/14/2020 - 22:14:26: [l4d2_skill_detect.smx] Clear: 2 freed 1 from 4: time: 1.26 / -1.00 -- class: hunter (with shove? 0)
L 09/14/2020 - 22:14:51: [l4d2_skill_detect.smx] Charge carry start: 6 - 3 -- time: 412.96
L 09/14/2020 - 22:14:54: [l4d2_skill_detect.smx] Clear: 5 freed 3 from 6: time: 1.23 / 2.53 -- class: charger (with shove? 0)
L 09/14/2020 - 22:14:55: [l4d2_skill_detect.smx] Checking charge victim: 6 - 3 - flags: 1 (alive? 1)
L 09/14/2020 - 22:14:57: [l4d2_skill_detect.smx] Clear: 5 freed 3 from 7: time: 0.93 / -1.00 -- class: hunter (with shove? 0)
L 09/14/2020 - 22:15:32: -------- Mapchange to c11m2_offices --------
L 09/14/2020 - 22:16:42: [basecommands.smx] "♛ Rain ♛<2><STEAM_1:0:162762726><>" changed cvar (cvar "vs_max_team_switches") (value "100")
L 09/14/2020 - 22:17:09: [l4d2_skill_detect.smx] Clear: 8 freed 7 from 2: time: 1.09 / 3.23 -- class: smoker (with shove? 1)
L 09/14/2020 - 22:18:43: -------- Mapchange to c4m1_milltown_a --------
L 09/14/2020 - 22:20:30: [l4d2_skill_detect.smx] Clear: 5 freed 2 from 7: time: 1.09 / -1.00 -- class: hunter (with shove? 0)
L 09/14/2020 - 22:21:04: [l4d2_skill_detect.smx] Clear: 5 freed 2 from 3: time: 4.20 / 6.76 -- class: smoker (with shove? 0)
L 09/14/2020 - 22:21:06: [l4d2_skill_detect.smx] Clear: 6 freed 5 from 4: time: 2.36 / -1.00 -- class: hunter (with shove? 1)
L 09/14/2020 - 22:22:18: [l4d2_skill_detect.smx] Clear: 8 freed 4 from 5: time: 1.46 / -1.00 -- class: hunter (with shove? 0)
L 09/14/2020 - 22:22:26: [l4d2_skill_detect.smx] Clear: 6 freed 8 from 2: time: 2.00 / -1.00 -- class: hunter (with shove? 0)
L 09/14/2020 - 22:29:38: SourceMod log file session started (file "E:\Steam\steamapps\common\Left 4 Dead 2\left4dead2\addons\sourcemod\logs\L20200914.log") (Version "1.10.0.6492")
L 09/14/2020 - 22:29:38: [l4d2_itemgiver.smx] Detected Left4Dead2!
L 09/14/2020 - 22:29:41: [simplewelcomemsg.smx] Set the maximum number of lines of.
L 09/14/2020 - 22:30:01: [SM] Changed map to "c10m1_caves"
L 09/14/2020 - 22:30:02: -------- Mapchange to c10m1_caves --------
L 09/14/2020 - 22:31:02: [basecommands.smx] "♛ Rain ♛<2><STEAM_1:0:162762726><>" changed cvar (cvar "sv_force_time_of_day") (value "0")
L 09/14/2020 - 22:31:02: [basecommands.smx] "♛ Rain ♛<2><STEAM_1:0:162762726><>" changed cvar (cvar "z_witch_damage_per_kill_hit") (value "120")
L 09/14/2020 - 22:31:02: [basecommands.smx] "♛ Rain ♛<2><STEAM_1:0:162762726><>" changed cvar (cvar "z_witch_anger_rate") (value "0.6")
L 09/14/2020 - 22:31:02: [basecommands.smx] "♛ Rain ♛<2><STEAM_1:0:162762726><>" changed cvar (cvar "z_witch_flashlight_range") (value "2000")
L 09/14/2020 - 22:31:02: [basecommands.smx] "♛ Rain ♛<2><STEAM_1:0:162762726><>" changed cvar (cvar "z_witch_burn_time") (value "100")
L 09/14/2020 - 22:31:02: [basecommands.smx] "♛ Rain ♛<2><STEAM_1:0:162762726><>" changed cvar (cvar "z_tank_health") (value "6000")
L 09/14/2020 - 22:31:02: [basecommands.smx] "♛ Rain ♛<2><STEAM_1:0:162762726><>" changed cvar (cvar "tank_burn_duration") (value "999999")
L 09/14/2020 - 22:31:02: [basecommands.smx] "♛ Rain ♛<2><STEAM_1:0:162762726><>" changed cvar (cvar "z_ghost_delay_min") (value "20")
L 09/14/2020 - 22:31:02: [basecommands.smx] "♛ Rain ♛<2><STEAM_1:0:162762726><>" changed cvar (cvar "z_ghost_delay_max") (value "24")
L 09/14/2020 - 22:31:02: [basecommands.smx] "♛ Rain ♛<2><STEAM_1:0:162762726><>" changed cvar (cvar "versus_tank_chance_intro") (value "1")
L 09/14/2020 - 22:31:02: [basecommands.smx] "♛ Rain ♛<2><STEAM_1:0:162762726><>" changed cvar (cvar "versus_tank_chance_finale") (value "0")
L 09/14/2020 - 22:31:02: [basecommands.smx] "♛ Rain ♛<2><STEAM_1:0:162762726><>" changed cvar (cvar "versus_tank_chance") (value "1")
L 09/14/2020 - 22:31:02: [basecommands.smx] "♛ Rain ♛<2><STEAM_1:0:162762726><>" changed cvar (cvar "versus_witch_chance_intro") (value "0")
L 09/14/2020 - 22:31:02: [basecommands.smx] "♛ Rain ♛<2><STEAM_1:0:162762726><>" changed cvar (cvar "versus_witch_chance_finale") (value "1")
L 09/14/2020 - 22:31:02: [basecommands.smx] "♛ Rain ♛<2><STEAM_1:0:162762726><>" changed cvar (cvar "versus_witch_chance") (value "1")
L 09/14/2020 - 22:31:55: [l4d2_skill_detect.smx] Clear: 2 freed 5 from 8: time: -1.00 / 1.70 -- class: smoker (with shove? 0)
L 09/14/2020 - 22:33:28: [l4d2_skill_detect.smx] Clear: 2 freed 3 from 6: time: 4.93 / -1.00 -- class: hunter (with shove? 1)
L 09/14/2020 - 22:33:28: [l4d2_skill_detect.smx] Clear: 5 freed 1 from 4: time: 3.93 / -1.00 -- class: hunter (with shove? 0)
L 09/14/2020 - 22:33:31: [l4d2_skill_detect.smx] Clear: 1 freed 5 from 7: time: 1.46 / -1.00 -- class: jockey (with shove? 1)
L 09/14/2020 - 22:34:30: [l4d2_skill_detect.smx] Clear: 9 freed 3 from 4: time: 0.50 / -1.00 -- class: jockey (with shove? 0)
L 09/14/2020 - 22:34:35: [l4d2_skill_detect.smx] Clear: 1 freed 3 from 7: time: 0.79 / -1.00 -- class: hunter (with shove? 0)
L 09/14/2020 - 22:35:20: [playercommands.smx] "♛ Rain ♛<2><STEAM_1:0:162762726><>" slayed "♛ Rain ♛<2><STEAM_1:0:162762726><>"
L 09/14/2020 - 22:35:39: [playercommands.smx] "♛ Rain ♛<2><STEAM_1:0:162762726><>" slayed "♛ Rain ♛<2><STEAM_1:0:162762726><>"
L 09/14/2020 - 22:36:42: Log file closed.
