L 07/06/2020 - 06:16:12: SourceMod log file session started (file "L20200706.log") (Version "1.8.0.6041")
L 07/06/2020 - 06:16:12: -------- Mapchange to c1m2_streets --------
L 07/06/2020 - 06:16:17: [simplewelcomemsg.smx] Set the maximum number of lines of.
L 07/06/2020 - 06:16:33: [SM] Changed map to "c1m2_streets"
L 07/06/2020 - 06:16:36: -------- Mapchange to c1m2_streets --------
L 07/06/2020 - 06:21:13: Log file closed.
L 07/06/2020 - 06:22:15: SourceMod log file session started (file "L20200706.log") (Version "1.8.0.6041")
L 07/06/2020 - 06:22:15: -------- Mapchange to c1m2_streets --------
L 07/06/2020 - 06:22:17: [simplewelcomemsg.smx] Set the maximum number of lines of.
L 07/06/2020 - 06:22:23: [SM] Changed map to "c1m2_streets"
L 07/06/2020 - 06:22:26: -------- Mapchange to c1m2_streets --------
L 07/06/2020 - 06:23:28: Log file closed.
L 07/06/2020 - 06:24:44: SourceMod log file session started (file "L20200706.log") (Version "1.8.0.6041")
L 07/06/2020 - 06:24:44: -------- Mapchange to c1m2_streets --------
L 07/06/2020 - 06:24:46: [simplewelcomemsg.smx] Set the maximum number of lines of.
L 07/06/2020 - 06:24:52: [SM] Changed map to "c1m2_streets"
L 07/06/2020 - 06:24:55: -------- Mapchange to c1m2_streets --------
L 07/06/2020 - 06:26:54: Log file closed.
L 07/06/2020 - 06:28:13: SourceMod log file session started (file "L20200706.log") (Version "1.8.0.6041")
L 07/06/2020 - 06:28:13: -------- Mapchange to c1m2_streets --------
L 07/06/2020 - 06:28:15: [simplewelcomemsg.smx] Set the maximum number of lines of.
L 07/06/2020 - 06:28:21: [SM] Changed map to "c1m2_streets"
L 07/06/2020 - 06:28:24: -------- Mapchange to c1m2_streets --------
L 07/06/2020 - 06:35:44: -------- Mapchange to c1m1_hotel --------
L 07/06/2020 - 06:41:46: -------- Mapchange to c1m1_hotel --------
L 07/06/2020 - 06:43:45: -------- Mapchange to c1m1_hotel --------
L 07/06/2020 - 06:44:56: -------- Mapchange to c1m1_hotel --------
L 07/06/2020 - 06:47:13: Log file closed.
L 07/06/2020 - 06:52:26: SourceMod log file session started (file "L20200706.log") (Version "1.8.0.6041")
L 07/06/2020 - 06:52:26: -------- Mapchange to c1m1_hotel --------
L 07/06/2020 - 06:52:29: [simplewelcomemsg.smx] Set the maximum number of lines of.
L 07/06/2020 - 06:52:38: [SM] Changed map to "c1m1_hotel"
L 07/06/2020 - 06:52:41: -------- Mapchange to c1m1_hotel --------
L 07/06/2020 - 06:56:38: Log file closed.
L 07/06/2020 - 17:57:09: SourceMod log file session started (file "L20200706.log") (Version "1.8.0.6041")
L 07/06/2020 - 17:57:09: Log file closed.
L 07/06/2020 - 18:55:17: SourceMod log file session started (file "L20200706.log") (Version "1.8.0.6041")
L 07/06/2020 - 18:55:17: Log file closed.
