L 04/19/2020 - 05:01:10: SourceMod log file session started (file "L20200419.log") (Version "1.8.0.6041")
L 04/19/2020 - 05:01:10: -------- Mapchange to c5m1_waterfront --------
L 04/19/2020 - 05:01:14: [GEOIP] GeoIP database info: GEO-106FREE 20180206 Build 1 Copyright (c) 2018 MaxMind Inc All Rights Reserved
L 04/19/2020 - 05:01:21: [simplewelcomemsg.smx] Set the maximum number of lines of.
L 04/19/2020 - 05:01:41: [SM] Changed map to "c5m1_waterfront"
L 04/19/2020 - 05:01:45: -------- Mapchange to c5m1_waterfront --------
L 04/19/2020 - 05:05:28: Log file closed.
L 04/19/2020 - 05:14:35: SourceMod log file session started (file "L20200419.log") (Version "1.8.0.6041")
L 04/19/2020 - 05:14:35: -------- Mapchange to c1m1_hotel --------
L 04/19/2020 - 05:14:36: [GEOIP] GeoIP database info: GEO-106FREE 20180206 Build 1 Copyright (c) 2018 MaxMind Inc All Rights Reserved
L 04/19/2020 - 05:14:36: [simplewelcomemsg.smx] Set the maximum number of lines of.
L 04/19/2020 - 05:14:44: [SM] Changed map to "c1m1_hotel"
L 04/19/2020 - 05:14:46: -------- Mapchange to c1m1_hotel --------
L 04/19/2020 - 05:17:50: -------- Mapchange to c1m1_hotel --------
L 04/19/2020 - 05:20:17: -------- Mapchange to c1m1_hotel --------
L 04/19/2020 - 05:21:17: Log file closed.
L 04/19/2020 - 05:28:03: SourceMod log file session started (file "L20200419.log") (Version "1.8.0.6041")
L 04/19/2020 - 05:28:03: -------- Mapchange to c1m1_hotel --------
L 04/19/2020 - 05:28:03: [GEOIP] GeoIP database info: GEO-106FREE 20180206 Build 1 Copyright (c) 2018 MaxMind Inc All Rights Reserved
L 04/19/2020 - 05:28:03: [simplewelcomemsg.smx] Set the maximum number of lines of.
L 04/19/2020 - 05:28:08: [SM] Changed map to "c1m1_hotel"
L 04/19/2020 - 05:28:11: -------- Mapchange to c1m1_hotel --------
L 04/19/2020 - 05:34:04: -------- Mapchange to c1m2_streets --------
L 04/19/2020 - 05:34:22: Log file closed.
