L 06/02/2021 - 18:56:51: SourceMod log file session started (file "D:\Steam\steamapps\common\Left 4 Dead 2\left4dead2\addons\sourcemod\logs\L20210602.log") (Version "1.10.0.6492")
L 06/02/2021 - 18:56:51: [simplewelcomemsg.smx] Set the maximum number of lines of.
L 06/02/2021 - 18:56:55: [basecommands.smx] "Console<0><Console><Console>" changed cvar (cvar "sv_force_time_of_day") (value "0")
L 06/02/2021 - 18:56:55: [basecommands.smx] "Console<0><Console><Console>" changed cvar (cvar "z_witch_damage_per_kill_hit") (value "120")
L 06/02/2021 - 18:56:55: [basecommands.smx] "Console<0><Console><Console>" changed cvar (cvar "z_witch_anger_rate") (value "0.4")
L 06/02/2021 - 18:56:55: [basecommands.smx] "Console<0><Console><Console>" changed cvar (cvar "z_witch_flashlight_range") (value "2000")
L 06/02/2021 - 18:56:55: [basecommands.smx] "Console<0><Console><Console>" changed cvar (cvar "z_witch_burn_time") (value "100")
L 06/02/2021 - 18:56:55: [basecommands.smx] "Console<0><Console><Console>" changed cvar (cvar "z_tank_health") (value "4000")
L 06/02/2021 - 18:56:55: [basecommands.smx] "Console<0><Console><Console>" changed cvar (cvar "z_ghost_delay_min") (value "15")
L 06/02/2021 - 18:56:55: [basecommands.smx] "Console<0><Console><Console>" changed cvar (cvar "z_ghost_delay_max") (value "15")
L 06/02/2021 - 18:56:55: [basecommands.smx] "Console<0><Console><Console>" changed cvar (cvar "z_hunter_limit") (value "1")
L 06/02/2021 - 18:56:55: [basecommands.smx] "Console<0><Console><Console>" changed cvar (cvar "z_smoker_limit") (value "1")
L 06/02/2021 - 18:56:55: [basecommands.smx] "Console<0><Console><Console>" changed cvar (cvar "z_jockey_limit") (value "1")
L 06/02/2021 - 18:56:55: [basecommands.smx] "Console<0><Console><Console>" changed cvar (cvar "versus_tank_chance_intro") (value "1")
L 06/02/2021 - 18:56:55: [basecommands.smx] "Console<0><Console><Console>" changed cvar (cvar "versus_tank_chance_finale") (value "1")
L 06/02/2021 - 18:56:55: [basecommands.smx] "Console<0><Console><Console>" changed cvar (cvar "versus_tank_chance") (value "1")
L 06/02/2021 - 18:56:55: [basecommands.smx] "Console<0><Console><Console>" changed cvar (cvar "versus_witch_chance_intro") (value "0")
L 06/02/2021 - 18:56:55: [basecommands.smx] "Console<0><Console><Console>" changed cvar (cvar "versus_witch_chance_finale") (value "0")
L 06/02/2021 - 18:56:55: [basecommands.smx] "Console<0><Console><Console>" changed cvar (cvar "versus_witch_chance") (value "1")
L 06/02/2021 - 18:56:55: [basecommands.smx] "Console<0><Console><Console>" changed cvar (cvar "director_force_tank") (value "1")
L 06/02/2021 - 18:56:55: [basecommands.smx] "Console<0><Console><Console>" changed cvar (cvar "versus_boss_flow_min") (value "0.4")
L 06/02/2021 - 18:56:55: [basecommands.smx] "Console<0><Console><Console>" changed cvar (cvar "versus_boss_flow_max") (value "0.6")
L 06/02/2021 - 18:56:55: [basecommands.smx] "Console<0><Console><Console>" changed cvar (cvar "versus_boss_flow_min_intro") (value "0.1")
L 06/02/2021 - 18:56:55: [basecommands.smx] "Console<0><Console><Console>" changed cvar (cvar "versus_boss_flow_max_intro") (value "0.2")
L 06/02/2021 - 18:56:55: [basecommands.smx] "Console<0><Console><Console>" changed cvar (cvar "versus_boss_flow_min_finale") (value "0.1")
L 06/02/2021 - 18:56:55: [basecommands.smx] "Console<0><Console><Console>" changed cvar (cvar "versus_boss_flow_max_finale") (value "0.2")
L 06/02/2021 - 18:56:55: [basecommands.smx] "Console<0><Console><Console>" changed cvar (cvar "boomer_vomit_delay") (value "0.1")
L 06/02/2021 - 18:56:55: [basecommands.smx] "Console<0><Console><Console>" changed cvar (cvar "smoker_tongue_delay") (value "0.1")
L 06/02/2021 - 18:56:55: [basecommands.smx] "Console<0><Console><Console>" changed cvar (cvar "vs_survival_bonus") (value "35")
L 06/02/2021 - 18:56:55: [basecommands.smx] "Console<0><Console><Console>" changed cvar (cvar "z_tank_throw_health") (value "10")
L 06/02/2021 - 18:56:55: [basecommands.smx] "Console<0><Console><Console>" changed cvar (cvar "sv_client_min_interp_ratio") (value "-1")
L 06/02/2021 - 18:56:55: [basecommands.smx] "Console<0><Console><Console>" changed cvar (cvar "sv_client_max_interp_ratio") (value "0")
L 06/02/2021 - 18:56:55: [basecommands.smx] "Console<0><Console><Console>" changed cvar (cvar "sv_minrate") (value "100000")
L 06/02/2021 - 18:56:55: [basecommands.smx] "Console<0><Console><Console>" changed cvar (cvar "sv_maxrate") (value "100000")
L 06/02/2021 - 18:56:55: [basecommands.smx] "Console<0><Console><Console>" changed cvar (cvar "sv_mincmdrate") (value "100")
L 06/02/2021 - 18:56:55: [basecommands.smx] "Console<0><Console><Console>" changed cvar (cvar "sv_maxcmdrate") (value "100")
L 06/02/2021 - 18:56:55: [basecommands.smx] "Console<0><Console><Console>" changed cvar (cvar "sv_minupdaterate") (value "100")
L 06/02/2021 - 18:56:55: [basecommands.smx] "Console<0><Console><Console>" changed cvar (cvar "sv_maxupdaterate") (value "100")
L 06/02/2021 - 18:56:55: [basecommands.smx] "Console<0><Console><Console>" changed cvar (cvar "nb_update_frequency") (value "0.014")
L 06/02/2021 - 18:56:55: [basecommands.smx] "Console<0><Console><Console>" changed cvar (cvar "net_splitpacket_maxrate") (value "50000")
L 06/02/2021 - 18:56:55: [basecommands.smx] "Console<0><Console><Console>" changed cvar (cvar "fps_max") (value "0")
L 06/02/2021 - 18:56:55: [basecommands.smx] "Console<0><Console><Console>" changed cvar (cvar "hostname") (value "Versus")
L 06/02/2021 - 18:58:09: [l4d2_skill_detect.smx] Clear: 3 freed 2 from 7: time: 1.83 / -1.00 -- class: jockey (with shove? 0)
L 06/02/2021 - 18:58:13: [l4d2_skill_detect.smx] Clear: 2 freed 1 from 4: time: -1.00 / 1.24 -- class: smoker (with shove? 1)
L 06/02/2021 - 18:58:15: [l4d2_skill_detect.smx] Clear: 1 freed 3 from 6: time: 1.27 / -1.00 -- class: hunter (with shove? 0)
L 06/02/2021 - 18:59:38: [l4d2_skill_detect.smx] Clear: 2 freed 2 from 4: time: -1.00 / 0.00 -- class: smoker (with shove? 0)
L 06/02/2021 - 18:59:48: [l4d2_skill_detect.smx] Clear: 1 freed 2 from 7: time: 0.66 / -1.00 -- class: hunter (with shove? 0)
L 06/02/2021 - 19:00:20: [l4d2_skill_detect.smx] Clear: 1 freed 2 from 5: time: 0.83 / -1.00 -- class: hunter (with shove? 0)
L 06/02/2021 - 19:00:26: [l4d2_skill_detect.smx] Charge carry start: 6 - 2 -- time: 242.33
L 06/02/2021 - 19:00:28: [l4d2_skill_detect.smx] Clear: 1 freed 2 from 6: time: 0.47 / 1.72 -- class: charger (with shove? 0)
L 06/02/2021 - 19:00:30: [l4d2_skill_detect.smx] Checking charge victim: 6 - 2 - flags: 1 (alive? 1)
L 06/02/2021 - 19:01:13: [l4d2_skill_detect.smx] Charge carry start: 5 - 2 -- time: 289.54
L 06/02/2021 - 19:01:15: [l4d2_skill_detect.smx] Clear: 3 freed 2 from 5: time: 0.46 / 1.86 -- class: charger (with shove? 0)
L 06/02/2021 - 19:01:17: [l4d2_skill_detect.smx] Checking charge victim: 5 - 2 - flags: 1 (alive? 1)
L 06/02/2021 - 19:01:37: -------- Mapchange to c8m1_apartment --------
L 06/02/2021 - 19:01:40: [basecommands.smx] "Console<0><Console><Console>" changed cvar (cvar "sv_force_time_of_day") (value "0")
L 06/02/2021 - 19:01:40: [basecommands.smx] "Console<0><Console><Console>" changed cvar (cvar "z_witch_damage_per_kill_hit") (value "120")
L 06/02/2021 - 19:01:40: [basecommands.smx] "Console<0><Console><Console>" changed cvar (cvar "z_witch_anger_rate") (value "0.4")
L 06/02/2021 - 19:01:40: [basecommands.smx] "Console<0><Console><Console>" changed cvar (cvar "z_witch_flashlight_range") (value "2000")
L 06/02/2021 - 19:01:40: [basecommands.smx] "Console<0><Console><Console>" changed cvar (cvar "z_witch_burn_time") (value "100")
L 06/02/2021 - 19:01:40: [basecommands.smx] "Console<0><Console><Console>" changed cvar (cvar "z_tank_health") (value "4000")
L 06/02/2021 - 19:01:40: [basecommands.smx] "Console<0><Console><Console>" changed cvar (cvar "z_ghost_delay_min") (value "15")
L 06/02/2021 - 19:01:40: [basecommands.smx] "Console<0><Console><Console>" changed cvar (cvar "z_ghost_delay_max") (value "15")
L 06/02/2021 - 19:01:40: [basecommands.smx] "Console<0><Console><Console>" changed cvar (cvar "z_hunter_limit") (value "1")
L 06/02/2021 - 19:01:40: [basecommands.smx] "Console<0><Console><Console>" changed cvar (cvar "z_smoker_limit") (value "1")
L 06/02/2021 - 19:01:40: [basecommands.smx] "Console<0><Console><Console>" changed cvar (cvar "z_jockey_limit") (value "1")
L 06/02/2021 - 19:01:40: [basecommands.smx] "Console<0><Console><Console>" changed cvar (cvar "versus_tank_chance_intro") (value "1")
L 06/02/2021 - 19:01:40: [basecommands.smx] "Console<0><Console><Console>" changed cvar (cvar "versus_tank_chance_finale") (value "1")
L 06/02/2021 - 19:01:40: [basecommands.smx] "Console<0><Console><Console>" changed cvar (cvar "versus_tank_chance") (value "1")
L 06/02/2021 - 19:01:40: [basecommands.smx] "Console<0><Console><Console>" changed cvar (cvar "versus_witch_chance_intro") (value "0")
L 06/02/2021 - 19:01:40: [basecommands.smx] "Console<0><Console><Console>" changed cvar (cvar "versus_witch_chance_finale") (value "0")
L 06/02/2021 - 19:01:40: [basecommands.smx] "Console<0><Console><Console>" changed cvar (cvar "versus_witch_chance") (value "1")
L 06/02/2021 - 19:01:40: [basecommands.smx] "Console<0><Console><Console>" changed cvar (cvar "director_force_tank") (value "1")
L 06/02/2021 - 19:01:40: [basecommands.smx] "Console<0><Console><Console>" changed cvar (cvar "versus_boss_flow_min") (value "0.4")
L 06/02/2021 - 19:01:40: [basecommands.smx] "Console<0><Console><Console>" changed cvar (cvar "versus_boss_flow_max") (value "0.6")
L 06/02/2021 - 19:01:40: [basecommands.smx] "Console<0><Console><Console>" changed cvar (cvar "versus_boss_flow_min_intro") (value "0.1")
L 06/02/2021 - 19:01:40: [basecommands.smx] "Console<0><Console><Console>" changed cvar (cvar "versus_boss_flow_max_intro") (value "0.2")
L 06/02/2021 - 19:01:40: [basecommands.smx] "Console<0><Console><Console>" changed cvar (cvar "versus_boss_flow_min_finale") (value "0.1")
L 06/02/2021 - 19:01:40: [basecommands.smx] "Console<0><Console><Console>" changed cvar (cvar "versus_boss_flow_max_finale") (value "0.2")
L 06/02/2021 - 19:01:40: [basecommands.smx] "Console<0><Console><Console>" changed cvar (cvar "boomer_vomit_delay") (value "0.1")
L 06/02/2021 - 19:01:40: [basecommands.smx] "Console<0><Console><Console>" changed cvar (cvar "smoker_tongue_delay") (value "0.1")
L 06/02/2021 - 19:01:40: [basecommands.smx] "Console<0><Console><Console>" changed cvar (cvar "vs_survival_bonus") (value "35")
L 06/02/2021 - 19:01:40: [basecommands.smx] "Console<0><Console><Console>" changed cvar (cvar "z_tank_throw_health") (value "10")
L 06/02/2021 - 19:01:40: [basecommands.smx] "Console<0><Console><Console>" changed cvar (cvar "sv_client_min_interp_ratio") (value "-1")
L 06/02/2021 - 19:01:40: [basecommands.smx] "Console<0><Console><Console>" changed cvar (cvar "sv_client_max_interp_ratio") (value "0")
L 06/02/2021 - 19:01:40: [basecommands.smx] "Console<0><Console><Console>" changed cvar (cvar "sv_minrate") (value "100000")
L 06/02/2021 - 19:01:40: [basecommands.smx] "Console<0><Console><Console>" changed cvar (cvar "sv_maxrate") (value "100000")
L 06/02/2021 - 19:01:40: [basecommands.smx] "Console<0><Console><Console>" changed cvar (cvar "sv_mincmdrate") (value "100")
L 06/02/2021 - 19:01:40: [basecommands.smx] "Console<0><Console><Console>" changed cvar (cvar "sv_maxcmdrate") (value "100")
L 06/02/2021 - 19:01:40: [basecommands.smx] "Console<0><Console><Console>" changed cvar (cvar "sv_minupdaterate") (value "100")
L 06/02/2021 - 19:01:40: [basecommands.smx] "Console<0><Console><Console>" changed cvar (cvar "sv_maxupdaterate") (value "100")
L 06/02/2021 - 19:01:40: [basecommands.smx] "Console<0><Console><Console>" changed cvar (cvar "nb_update_frequency") (value "0.014")
L 06/02/2021 - 19:01:40: [basecommands.smx] "Console<0><Console><Console>" changed cvar (cvar "net_splitpacket_maxrate") (value "50000")
L 06/02/2021 - 19:01:40: [basecommands.smx] "Console<0><Console><Console>" changed cvar (cvar "fps_max") (value "0")
L 06/02/2021 - 19:01:40: [basecommands.smx] "Console<0><Console><Console>" changed cvar (cvar "hostname") (value "Versus")
L 06/02/2021 - 19:04:56: [l4d2_skill_detect.smx] Clear: 1 freed 2 from 7: time: 0.78 / 1.26 -- class: smoker (with shove? 0)
L 06/02/2021 - 19:05:02: [l4d2_skill_detect.smx] Clear: 1 freed 4 from 11: time: 11.05 / -1.00 -- class: jockey (with shove? 0)
L 06/02/2021 - 19:05:25: [l4d2_skill_detect.smx] Witch Crown Check: crown shot: 984, harrassed: 0 (full health: 1000 / drawthresh: 500 / oneshot 1)
L 06/02/2021 - 19:06:04: [l4d2_skill_detect.smx] Clear: 3 freed 2 from 9: time: 0.69 / -1.00 -- class: hunter (with shove? 0)
L 06/02/2021 - 19:06:22: [l4d2_skill_detect.smx] calarm trigger: caller 1171 / activator 1171 / delay: 0.00
L 06/02/2021 - 19:06:38: [l4d2_skill_detect.smx] Clear: 1 freed 4 from 5: time: 7.98 / -1.00 -- class: hunter (with shove? 0)
L 06/02/2021 - 19:08:05: -------- Mapchange to c1m1_hotel --------
L 06/02/2021 - 19:08:06: [basecommands.smx] "Console<0><Console><Console>" changed cvar (cvar "sv_force_time_of_day") (value "0")
L 06/02/2021 - 19:08:06: [basecommands.smx] "Console<0><Console><Console>" changed cvar (cvar "z_witch_damage_per_kill_hit") (value "120")
L 06/02/2021 - 19:08:06: [basecommands.smx] "Console<0><Console><Console>" changed cvar (cvar "z_witch_anger_rate") (value "0.4")
L 06/02/2021 - 19:08:06: [basecommands.smx] "Console<0><Console><Console>" changed cvar (cvar "z_witch_flashlight_range") (value "2000")
L 06/02/2021 - 19:08:06: [basecommands.smx] "Console<0><Console><Console>" changed cvar (cvar "z_witch_burn_time") (value "100")
L 06/02/2021 - 19:08:06: [basecommands.smx] "Console<0><Console><Console>" changed cvar (cvar "z_tank_health") (value "4000")
L 06/02/2021 - 19:08:06: [basecommands.smx] "Console<0><Console><Console>" changed cvar (cvar "z_ghost_delay_min") (value "15")
L 06/02/2021 - 19:08:06: [basecommands.smx] "Console<0><Console><Console>" changed cvar (cvar "z_ghost_delay_max") (value "15")
L 06/02/2021 - 19:08:06: [basecommands.smx] "Console<0><Console><Console>" changed cvar (cvar "z_hunter_limit") (value "1")
L 06/02/2021 - 19:08:06: [basecommands.smx] "Console<0><Console><Console>" changed cvar (cvar "z_smoker_limit") (value "1")
L 06/02/2021 - 19:08:06: [basecommands.smx] "Console<0><Console><Console>" changed cvar (cvar "z_jockey_limit") (value "1")
L 06/02/2021 - 19:08:06: [basecommands.smx] "Console<0><Console><Console>" changed cvar (cvar "versus_tank_chance_intro") (value "1")
L 06/02/2021 - 19:08:06: [basecommands.smx] "Console<0><Console><Console>" changed cvar (cvar "versus_tank_chance_finale") (value "1")
L 06/02/2021 - 19:08:06: [basecommands.smx] "Console<0><Console><Console>" changed cvar (cvar "versus_tank_chance") (value "1")
L 06/02/2021 - 19:08:06: [basecommands.smx] "Console<0><Console><Console>" changed cvar (cvar "versus_witch_chance_intro") (value "0")
L 06/02/2021 - 19:08:06: [basecommands.smx] "Console<0><Console><Console>" changed cvar (cvar "versus_witch_chance_finale") (value "0")
L 06/02/2021 - 19:08:06: [basecommands.smx] "Console<0><Console><Console>" changed cvar (cvar "versus_witch_chance") (value "1")
L 06/02/2021 - 19:08:06: [basecommands.smx] "Console<0><Console><Console>" changed cvar (cvar "director_force_tank") (value "1")
L 06/02/2021 - 19:08:06: [basecommands.smx] "Console<0><Console><Console>" changed cvar (cvar "versus_boss_flow_min") (value "0.4")
L 06/02/2021 - 19:08:06: [basecommands.smx] "Console<0><Console><Console>" changed cvar (cvar "versus_boss_flow_max") (value "0.6")
L 06/02/2021 - 19:08:06: [basecommands.smx] "Console<0><Console><Console>" changed cvar (cvar "versus_boss_flow_min_intro") (value "0.1")
L 06/02/2021 - 19:08:06: [basecommands.smx] "Console<0><Console><Console>" changed cvar (cvar "versus_boss_flow_max_intro") (value "0.2")
L 06/02/2021 - 19:08:06: [basecommands.smx] "Console<0><Console><Console>" changed cvar (cvar "versus_boss_flow_min_finale") (value "0.1")
L 06/02/2021 - 19:08:06: [basecommands.smx] "Console<0><Console><Console>" changed cvar (cvar "versus_boss_flow_max_finale") (value "0.2")
L 06/02/2021 - 19:08:06: [basecommands.smx] "Console<0><Console><Console>" changed cvar (cvar "boomer_vomit_delay") (value "0.1")
L 06/02/2021 - 19:08:06: [basecommands.smx] "Console<0><Console><Console>" changed cvar (cvar "smoker_tongue_delay") (value "0.1")
L 06/02/2021 - 19:08:06: [basecommands.smx] "Console<0><Console><Console>" changed cvar (cvar "vs_survival_bonus") (value "35")
L 06/02/2021 - 19:08:06: [basecommands.smx] "Console<0><Console><Console>" changed cvar (cvar "z_tank_throw_health") (value "10")
L 06/02/2021 - 19:08:06: [basecommands.smx] "Console<0><Console><Console>" changed cvar (cvar "sv_client_min_interp_ratio") (value "-1")
L 06/02/2021 - 19:08:06: [basecommands.smx] "Console<0><Console><Console>" changed cvar (cvar "sv_client_max_interp_ratio") (value "0")
L 06/02/2021 - 19:08:06: [basecommands.smx] "Console<0><Console><Console>" changed cvar (cvar "sv_minrate") (value "100000")
L 06/02/2021 - 19:08:06: [basecommands.smx] "Console<0><Console><Console>" changed cvar (cvar "sv_maxrate") (value "100000")
L 06/02/2021 - 19:08:06: [basecommands.smx] "Console<0><Console><Console>" changed cvar (cvar "sv_mincmdrate") (value "100")
L 06/02/2021 - 19:08:06: [basecommands.smx] "Console<0><Console><Console>" changed cvar (cvar "sv_maxcmdrate") (value "100")
L 06/02/2021 - 19:08:06: [basecommands.smx] "Console<0><Console><Console>" changed cvar (cvar "sv_minupdaterate") (value "100")
L 06/02/2021 - 19:08:06: [basecommands.smx] "Console<0><Console><Console>" changed cvar (cvar "sv_maxupdaterate") (value "100")
L 06/02/2021 - 19:08:06: [basecommands.smx] "Console<0><Console><Console>" changed cvar (cvar "nb_update_frequency") (value "0.014")
L 06/02/2021 - 19:08:06: [basecommands.smx] "Console<0><Console><Console>" changed cvar (cvar "net_splitpacket_maxrate") (value "50000")
L 06/02/2021 - 19:08:06: [basecommands.smx] "Console<0><Console><Console>" changed cvar (cvar "fps_max") (value "0")
L 06/02/2021 - 19:08:06: [basecommands.smx] "Console<0><Console><Console>" changed cvar (cvar "hostname") (value "Versus")
L 06/02/2021 - 19:09:28: [l4d2_skill_detect.smx] Clear: 1 freed 2 from 5: time: 0.37 / -1.00 -- class: jockey (with shove? 0)
L 06/02/2021 - 19:10:47: [l4d2_skill_detect.smx] Clear: 7 freed 2 from 4: time: 1.22 / -1.00 -- class: jockey (with shove? 1)
L 06/02/2021 - 19:11:07: [basecommands.smx] "McLovin™<4><STEAM_1:1:4151444><>" changed cvar (cvar "vs_max_team_switches") (value "0")
L 06/02/2021 - 19:11:19: [admin_hp.smx]  
L 06/02/2021 - 19:12:17: [l4d2_skill_detect.smx] Clear: 6 freed 3 from 4: time: -1.00 / 2.33 -- class: smoker (with shove? 1)
L 06/02/2021 - 19:12:21: [admin_hp.smx]  
L 06/02/2021 - 19:13:21: [l4d2_skill_detect.smx] Clear: 6 freed 2 from 8: time: -1.00 / 1.11 -- class: smoker (with shove? 1)
L 06/02/2021 - 19:13:43: [l4d2_skill_detect.smx] Clear: 2 freed 6 from 5: time: 1.56 / -1.00 -- class: jockey (with shove? 0)
L 06/02/2021 - 19:14:14: [l4d2_skill_detect.smx] Clear: 6 freed 1 from 5: time: -1.00 / 2.81 -- class: smoker (with shove? 1)
L 06/02/2021 - 19:15:06: [admin_hp.smx]  
L 06/02/2021 - 19:15:13: [basecommands.smx] "McLovin™<4><STEAM_1:1:4151444><>" changed cvar (cvar "vs_max_team_switches") (value "5")
L 06/02/2021 - 19:15:15: [basecommands.smx] "McLovin™<4><STEAM_1:1:4151444><>" changed cvar (cvar "vs_max_team_switches") (value "0")
L 06/02/2021 - 19:15:17: [l4d2_skill_detect.smx] Clear: 2 freed 4 from 9: time: 4.38 / -1.00 -- class: jockey (with shove? 0)
L 06/02/2021 - 19:15:42: [basecommands.smx] "McLovin™<4><STEAM_1:1:4151444><>" changed cvar (cvar "vs_max_team_switches") (value "0")
L 06/02/2021 - 19:16:28: [l4d2_skill_detect.smx] Clear: 1 freed 7 from 4: time: 2.95 / -1.00 -- class: hunter (with shove? 0)
L 06/02/2021 - 19:16:58: [l4d2_skill_detect.smx] Clear: 1 freed 7 from 4: time: 3.70 / 552.14 -- class: charger (with shove? 0)
L 06/02/2021 - 19:17:08: [l4d2_skill_detect.smx] Clear: 1 freed 2 from 6: time: 0.91 / -1.00 -- class: hunter (with shove? 0)
L 06/02/2021 - 19:17:49: [l4d2_skill_detect.smx] Clear: 3 freed 7 from 4: time: -1.00 / 1.88 -- class: smoker (with shove? 1)
L 06/02/2021 - 19:18:23: [l4d2_skill_detect.smx] Clear: 2 freed 1 from 5: time: 2.22 / -1.00 -- class: jockey (with shove? 0)
L 06/02/2021 - 19:19:06: [l4d2_skill_detect.smx] Clear: 2 freed 1 from 6: time: -1.00 / 1.39 -- class: smoker (with shove? 1)
L 06/02/2021 - 19:19:19: [l4d2_skill_detect.smx] Clear: 11 freed 1 from 9: time: 0.96 / -1.00 -- class: hunter (with shove? 0)
L 06/02/2021 - 19:19:53: [l4d2_skill_detect.smx] Charge carry start: 6 - 3 -- time: 726.63
L 06/02/2021 - 19:19:54: [l4d2_skill_detect.smx] Clear: 2 freed 3 from 6: time: 0.22 / 1.37 -- class: charger (with shove? 0)
L 06/02/2021 - 19:19:56: [l4d2_skill_detect.smx] Checking charge victim: 6 - 3 - flags: 1 (alive? 1)
L 06/02/2021 - 19:19:56: [l4d2_skill_detect.smx] Checking charge victim: 6 - 1 - flags: 0 (alive? 1)
L 06/02/2021 - 19:19:57: [l4d2_skill_detect.smx] Clear: 3 freed 2 from 4: time: 2.80 / -1.00 -- class: jockey (with shove? 1)
L 06/02/2021 - 19:22:22: [l4d2_skill_detect.smx] Charge carry start: 2 - 7 -- time: 876.23
L 06/02/2021 - 19:22:26: [l4d2_skill_detect.smx] Checking charge victim: 2 - 4 - flags: 0 (alive? 1)
L 06/02/2021 - 19:22:27: [l4d2_skill_detect.smx] Checking charge victim: 2 - 7 - flags: 1 (alive? 1)
L 06/02/2021 - 19:22:27: [l4d2_skill_detect.smx] Clear: 4 freed 7 from 2: time: 2.36 / 4.80 -- class: charger (with shove? 0)
L 06/02/2021 - 19:22:54: [l4d2_skill_detect.smx] Clear: 0 freed 7 from 2: time: 1.90 / -1.00 -- class: jockey (with shove? 0)
L 06/02/2021 - 19:23:20: -------- Mapchange to c1m2_streets --------
L 06/02/2021 - 19:23:22: [basecommands.smx] "Console<0><Console><Console>" changed cvar (cvar "sv_force_time_of_day") (value "0")
L 06/02/2021 - 19:23:22: [basecommands.smx] "Console<0><Console><Console>" changed cvar (cvar "z_witch_damage_per_kill_hit") (value "120")
L 06/02/2021 - 19:23:22: [basecommands.smx] "Console<0><Console><Console>" changed cvar (cvar "z_witch_anger_rate") (value "0.4")
L 06/02/2021 - 19:23:22: [basecommands.smx] "Console<0><Console><Console>" changed cvar (cvar "z_witch_flashlight_range") (value "2000")
L 06/02/2021 - 19:23:22: [basecommands.smx] "Console<0><Console><Console>" changed cvar (cvar "z_witch_burn_time") (value "100")
L 06/02/2021 - 19:23:22: [basecommands.smx] "Console<0><Console><Console>" changed cvar (cvar "z_tank_health") (value "4000")
L 06/02/2021 - 19:23:22: [basecommands.smx] "Console<0><Console><Console>" changed cvar (cvar "z_ghost_delay_min") (value "15")
L 06/02/2021 - 19:23:22: [basecommands.smx] "Console<0><Console><Console>" changed cvar (cvar "z_ghost_delay_max") (value "15")
L 06/02/2021 - 19:23:22: [basecommands.smx] "Console<0><Console><Console>" changed cvar (cvar "z_hunter_limit") (value "1")
L 06/02/2021 - 19:23:22: [basecommands.smx] "Console<0><Console><Console>" changed cvar (cvar "z_smoker_limit") (value "1")
L 06/02/2021 - 19:23:22: [basecommands.smx] "Console<0><Console><Console>" changed cvar (cvar "z_jockey_limit") (value "1")
L 06/02/2021 - 19:23:22: [basecommands.smx] "Console<0><Console><Console>" changed cvar (cvar "versus_tank_chance_intro") (value "1")
L 06/02/2021 - 19:23:22: [basecommands.smx] "Console<0><Console><Console>" changed cvar (cvar "versus_tank_chance_finale") (value "1")
L 06/02/2021 - 19:23:22: [basecommands.smx] "Console<0><Console><Console>" changed cvar (cvar "versus_tank_chance") (value "1")
L 06/02/2021 - 19:23:22: [basecommands.smx] "Console<0><Console><Console>" changed cvar (cvar "versus_witch_chance_intro") (value "0")
L 06/02/2021 - 19:23:22: [basecommands.smx] "Console<0><Console><Console>" changed cvar (cvar "versus_witch_chance_finale") (value "0")
L 06/02/2021 - 19:23:22: [basecommands.smx] "Console<0><Console><Console>" changed cvar (cvar "versus_witch_chance") (value "1")
L 06/02/2021 - 19:23:22: [basecommands.smx] "Console<0><Console><Console>" changed cvar (cvar "director_force_tank") (value "1")
L 06/02/2021 - 19:23:22: [basecommands.smx] "Console<0><Console><Console>" changed cvar (cvar "versus_boss_flow_min") (value "0.4")
L 06/02/2021 - 19:23:22: [basecommands.smx] "Console<0><Console><Console>" changed cvar (cvar "versus_boss_flow_max") (value "0.6")
L 06/02/2021 - 19:23:22: [basecommands.smx] "Console<0><Console><Console>" changed cvar (cvar "versus_boss_flow_min_intro") (value "0.1")
L 06/02/2021 - 19:23:22: [basecommands.smx] "Console<0><Console><Console>" changed cvar (cvar "versus_boss_flow_max_intro") (value "0.2")
L 06/02/2021 - 19:23:22: [basecommands.smx] "Console<0><Console><Console>" changed cvar (cvar "versus_boss_flow_min_finale") (value "0.1")
L 06/02/2021 - 19:23:22: [basecommands.smx] "Console<0><Console><Console>" changed cvar (cvar "versus_boss_flow_max_finale") (value "0.2")
L 06/02/2021 - 19:23:22: [basecommands.smx] "Console<0><Console><Console>" changed cvar (cvar "boomer_vomit_delay") (value "0.1")
L 06/02/2021 - 19:23:22: [basecommands.smx] "Console<0><Console><Console>" changed cvar (cvar "smoker_tongue_delay") (value "0.1")
L 06/02/2021 - 19:23:22: [basecommands.smx] "Console<0><Console><Console>" changed cvar (cvar "vs_survival_bonus") (value "35")
L 06/02/2021 - 19:23:22: [basecommands.smx] "Console<0><Console><Console>" changed cvar (cvar "z_tank_throw_health") (value "10")
L 06/02/2021 - 19:23:22: [basecommands.smx] "Console<0><Console><Console>" changed cvar (cvar "sv_client_min_interp_ratio") (value "-1")
L 06/02/2021 - 19:23:22: [basecommands.smx] "Console<0><Console><Console>" changed cvar (cvar "sv_client_max_interp_ratio") (value "0")
L 06/02/2021 - 19:23:22: [basecommands.smx] "Console<0><Console><Console>" changed cvar (cvar "sv_minrate") (value "100000")
L 06/02/2021 - 19:23:22: [basecommands.smx] "Console<0><Console><Console>" changed cvar (cvar "sv_maxrate") (value "100000")
L 06/02/2021 - 19:23:22: [basecommands.smx] "Console<0><Console><Console>" changed cvar (cvar "sv_mincmdrate") (value "100")
L 06/02/2021 - 19:23:22: [basecommands.smx] "Console<0><Console><Console>" changed cvar (cvar "sv_maxcmdrate") (value "100")
L 06/02/2021 - 19:23:22: [basecommands.smx] "Console<0><Console><Console>" changed cvar (cvar "sv_minupdaterate") (value "100")
L 06/02/2021 - 19:23:22: [basecommands.smx] "Console<0><Console><Console>" changed cvar (cvar "sv_maxupdaterate") (value "100")
L 06/02/2021 - 19:23:22: [basecommands.smx] "Console<0><Console><Console>" changed cvar (cvar "nb_update_frequency") (value "0.014")
L 06/02/2021 - 19:23:22: [basecommands.smx] "Console<0><Console><Console>" changed cvar (cvar "net_splitpacket_maxrate") (value "50000")
L 06/02/2021 - 19:23:22: [basecommands.smx] "Console<0><Console><Console>" changed cvar (cvar "fps_max") (value "0")
L 06/02/2021 - 19:23:22: [basecommands.smx] "Console<0><Console><Console>" changed cvar (cvar "hostname") (value "Versus")
L 06/02/2021 - 19:23:58: [basecommands.smx] "McLovin™<4><STEAM_1:1:4151444><>" changed cvar (cvar "vs_max_team_switches") (value "5")
L 06/02/2021 - 19:24:16: [basecommands.smx] "McLovin™<4><STEAM_1:1:4151444><>" changed cvar (cvar "vs_max_team_switches") (value "0")
L 06/02/2021 - 19:24:37: [l4d2_skill_detect.smx] Clear: 11 freed 1 from 4: time: -1.00 / 2.18 -- class: smoker (with shove? 0)
L 06/02/2021 - 19:25:16: [l4d2_skill_detect.smx] Clear: 11 freed 2 from 4: time: 3.55 / 3.95 -- class: smoker (with shove? 0)
L 06/02/2021 - 19:25:40: [l4d2_skill_detect.smx] Clear: 2 freed 11 from 4: time: -1.00 / 5.39 -- class: smoker (with shove? 1)
L 06/02/2021 - 19:28:12: [l4d2_skill_detect.smx] Clear: 8 freed 8 from 2: time: 0.07 / -1.00 -- class: jockey (with shove? 1)
L 06/02/2021 - 19:28:16: [l4d2_skill_detect.smx] Clear: 5 freed 6 from 11: time: 0.37 / 3.02 -- class: smoker (with shove? 1)
L 06/02/2021 - 19:28:22: [l4d2_skill_detect.smx] Clear: 5 freed 8 from 2: time: 1.63 / -1.00 -- class: jockey (with shove? 0)
L 06/02/2021 - 19:29:44: [l4d2_skill_detect.smx] Clear: 4 freed 5 from 3: time: 8.05 / -1.00 -- class: jockey (with shove? 0)
L 06/02/2021 - 19:29:53: [l4d2_skill_detect.smx] Clear: 8 freed 6 from 2: time: 13.89 / 388.17 -- class: charger (with shove? 0)
L 06/02/2021 - 19:29:55: [l4d2_skill_detect.smx] Clear: 4 freed 8 from 1: time: 0.27 / 1.42 -- class: smoker (with shove? 1)
L 06/02/2021 - 19:30:18: [l4d2_skill_detect.smx] Clear: 8 freed 6 from 3: time: 1.91 / -1.00 -- class: hunter (with shove? 1)
L 06/02/2021 - 19:30:31: [l4d2_skill_detect.smx] Clear: 5 freed 4 from 1: time: 0.98 / -1.00 -- class: jockey (with shove? 1)
L 06/02/2021 - 19:31:05: [l4d2_skill_detect.smx] Charge carry start: 1 - 8 -- time: 459.92
L 06/02/2021 - 19:31:08: [l4d2_skill_detect.smx] Checking charge victim: 1 - 8 - flags: 1 (alive? 1)
L 06/02/2021 - 19:31:44: -------- Mapchange to c1m3_mall --------
L 06/02/2021 - 19:31:46: [basecommands.smx] "Console<0><Console><Console>" changed cvar (cvar "sv_force_time_of_day") (value "0")
L 06/02/2021 - 19:31:46: [basecommands.smx] "Console<0><Console><Console>" changed cvar (cvar "z_witch_damage_per_kill_hit") (value "120")
L 06/02/2021 - 19:31:46: [basecommands.smx] "Console<0><Console><Console>" changed cvar (cvar "z_witch_anger_rate") (value "0.4")
L 06/02/2021 - 19:31:46: [basecommands.smx] "Console<0><Console><Console>" changed cvar (cvar "z_witch_flashlight_range") (value "2000")
L 06/02/2021 - 19:31:46: [basecommands.smx] "Console<0><Console><Console>" changed cvar (cvar "z_witch_burn_time") (value "100")
L 06/02/2021 - 19:31:46: [basecommands.smx] "Console<0><Console><Console>" changed cvar (cvar "z_tank_health") (value "4000")
L 06/02/2021 - 19:31:46: [basecommands.smx] "Console<0><Console><Console>" changed cvar (cvar "z_ghost_delay_min") (value "15")
L 06/02/2021 - 19:31:46: [basecommands.smx] "Console<0><Console><Console>" changed cvar (cvar "z_ghost_delay_max") (value "15")
L 06/02/2021 - 19:31:46: [basecommands.smx] "Console<0><Console><Console>" changed cvar (cvar "z_hunter_limit") (value "1")
L 06/02/2021 - 19:31:46: [basecommands.smx] "Console<0><Console><Console>" changed cvar (cvar "z_smoker_limit") (value "1")
L 06/02/2021 - 19:31:46: [basecommands.smx] "Console<0><Console><Console>" changed cvar (cvar "z_jockey_limit") (value "1")
L 06/02/2021 - 19:31:46: [basecommands.smx] "Console<0><Console><Console>" changed cvar (cvar "versus_tank_chance_intro") (value "1")
L 06/02/2021 - 19:31:46: [basecommands.smx] "Console<0><Console><Console>" changed cvar (cvar "versus_tank_chance_finale") (value "1")
L 06/02/2021 - 19:31:46: [basecommands.smx] "Console<0><Console><Console>" changed cvar (cvar "versus_tank_chance") (value "1")
L 06/02/2021 - 19:31:46: [basecommands.smx] "Console<0><Console><Console>" changed cvar (cvar "versus_witch_chance_intro") (value "0")
L 06/02/2021 - 19:31:46: [basecommands.smx] "Console<0><Console><Console>" changed cvar (cvar "versus_witch_chance_finale") (value "0")
L 06/02/2021 - 19:31:46: [basecommands.smx] "Console<0><Console><Console>" changed cvar (cvar "versus_witch_chance") (value "1")
L 06/02/2021 - 19:31:46: [basecommands.smx] "Console<0><Console><Console>" changed cvar (cvar "director_force_tank") (value "1")
L 06/02/2021 - 19:31:46: [basecommands.smx] "Console<0><Console><Console>" changed cvar (cvar "versus_boss_flow_min") (value "0.4")
L 06/02/2021 - 19:31:46: [basecommands.smx] "Console<0><Console><Console>" changed cvar (cvar "versus_boss_flow_max") (value "0.6")
L 06/02/2021 - 19:31:46: [basecommands.smx] "Console<0><Console><Console>" changed cvar (cvar "versus_boss_flow_min_intro") (value "0.1")
L 06/02/2021 - 19:31:46: [basecommands.smx] "Console<0><Console><Console>" changed cvar (cvar "versus_boss_flow_max_intro") (value "0.2")
L 06/02/2021 - 19:31:46: [basecommands.smx] "Console<0><Console><Console>" changed cvar (cvar "versus_boss_flow_min_finale") (value "0.1")
L 06/02/2021 - 19:31:46: [basecommands.smx] "Console<0><Console><Console>" changed cvar (cvar "versus_boss_flow_max_finale") (value "0.2")
L 06/02/2021 - 19:31:46: [basecommands.smx] "Console<0><Console><Console>" changed cvar (cvar "boomer_vomit_delay") (value "0.1")
L 06/02/2021 - 19:31:46: [basecommands.smx] "Console<0><Console><Console>" changed cvar (cvar "smoker_tongue_delay") (value "0.1")
L 06/02/2021 - 19:31:46: [basecommands.smx] "Console<0><Console><Console>" changed cvar (cvar "vs_survival_bonus") (value "35")
L 06/02/2021 - 19:31:46: [basecommands.smx] "Console<0><Console><Console>" changed cvar (cvar "z_tank_throw_health") (value "10")
L 06/02/2021 - 19:31:46: [basecommands.smx] "Console<0><Console><Console>" changed cvar (cvar "sv_client_min_interp_ratio") (value "-1")
L 06/02/2021 - 19:31:46: [basecommands.smx] "Console<0><Console><Console>" changed cvar (cvar "sv_client_max_interp_ratio") (value "0")
L 06/02/2021 - 19:31:46: [basecommands.smx] "Console<0><Console><Console>" changed cvar (cvar "sv_minrate") (value "100000")
L 06/02/2021 - 19:31:46: [basecommands.smx] "Console<0><Console><Console>" changed cvar (cvar "sv_maxrate") (value "100000")
L 06/02/2021 - 19:31:46: [basecommands.smx] "Console<0><Console><Console>" changed cvar (cvar "sv_mincmdrate") (value "100")
L 06/02/2021 - 19:31:46: [basecommands.smx] "Console<0><Console><Console>" changed cvar (cvar "sv_maxcmdrate") (value "100")
L 06/02/2021 - 19:31:46: [basecommands.smx] "Console<0><Console><Console>" changed cvar (cvar "sv_minupdaterate") (value "100")
L 06/02/2021 - 19:31:46: [basecommands.smx] "Console<0><Console><Console>" changed cvar (cvar "sv_maxupdaterate") (value "100")
L 06/02/2021 - 19:31:46: [basecommands.smx] "Console<0><Console><Console>" changed cvar (cvar "nb_update_frequency") (value "0.014")
L 06/02/2021 - 19:31:46: [basecommands.smx] "Console<0><Console><Console>" changed cvar (cvar "net_splitpacket_maxrate") (value "50000")
L 06/02/2021 - 19:31:46: [basecommands.smx] "Console<0><Console><Console>" changed cvar (cvar "fps_max") (value "0")
L 06/02/2021 - 19:31:46: [basecommands.smx] "Console<0><Console><Console>" changed cvar (cvar "hostname") (value "Versus")
L 06/02/2021 - 19:33:00: [l4d2_skill_detect.smx] Charge carry start: 5 - 3 -- time: 70.63
L 06/02/2021 - 19:33:02: [l4d2_skill_detect.smx] Clear: 11 freed 3 from 5: time: 0.62 / 1.87 -- class: charger (with shove? 0)
L 06/02/2021 - 19:33:03: [l4d2_skill_detect.smx] Clear: 2 freed 1 from 4: time: -1.00 / 3.66 -- class: smoker (with shove? 1)
L 06/02/2021 - 19:33:03: [l4d2_skill_detect.smx] Checking charge victim: 5 - 3 - flags: 1 (alive? 1)
L 06/02/2021 - 19:34:03: [l4d2_skill_detect.smx] Witch Crown Check: crown shot: 431, harrassed: 1 (full health: 1000 / drawthresh: 500 / oneshot 0)
L 06/02/2021 - 19:34:23: [l4d2_skill_detect.smx] Clear: 2 freed 11 from 4: time: 2.47 / -1.00 -- class: hunter (with shove? 1)
L 06/02/2021 - 19:34:26: [l4d2_skill_detect.smx] Charge carry start: 7 - 2 -- time: 156.88
L 06/02/2021 - 19:34:29: [l4d2_skill_detect.smx] Clear: 11 freed 2 from 7: time: 1.08 / 2.41 -- class: charger (with shove? 0)
L 06/02/2021 - 19:34:30: [l4d2_skill_detect.smx] Checking charge victim: 7 - 2 - flags: 1 (alive? 1)
L 06/02/2021 - 19:36:21: [l4d2_skill_detect.smx] Charge carry start: 8 - 11 -- time: 271.82
L 06/02/2021 - 19:36:23: [l4d2_skill_detect.smx] Clear: 3 freed 11 from 8: time: 0.13 / 1.62 -- class: charger (with shove? 0)
L 06/02/2021 - 19:36:25: [l4d2_skill_detect.smx] Checking charge victim: 8 - 11 - flags: 1 (alive? 1)
L 06/02/2021 - 19:37:19: [l4d2_skill_detect.smx] Charge carry start: 4 - 1 -- time: 329.39
L 06/02/2021 - 19:37:20: [l4d2_skill_detect.smx] Clear: 2 freed 1 from 4: time: 0.13 / 1.00 -- class: charger (with shove? 0)
L 06/02/2021 - 19:37:21: [l4d2_skill_detect.smx] Checking charge victim: 4 - 1 - flags: 1 (alive? 1)
L 06/02/2021 - 19:37:30: [l4d2_skill_detect.smx] Clear: 2 freed 3 from 8: time: -1.00 / 0.83 -- class: smoker (with shove? 0)
L 06/02/2021 - 19:38:36: [l4d2_skill_detect.smx] Clear: 11 freed 11 from 8: time: 0.00 / -1.00 -- class: jockey (with shove? 1)
L 06/02/2021 - 19:39:04: [l4d2_skill_detect.smx] Clear: 11 freed 2 from 5: time: -1.00 / 3.79 -- class: smoker (with shove? 0)
L 06/02/2021 - 19:39:24: [l4d2_skill_detect.smx] Clear: 11 freed 1 from 8: time: 6.60 / -1.00 -- class: hunter (with shove? 0)
L 06/02/2021 - 19:39:26: [l4d2_skill_detect.smx] Clear: 1 freed 3 from 6: time: 8.61 / -1.00 -- class: jockey (with shove? 0)
L 06/02/2021 - 19:40:22: Log file closed.
