L 07/02/2020 - 20:55:51: SourceMod log file session started (file "L20200702.log") (Version "1.8.0.6041")
L 07/02/2020 - 20:55:51: -------- Mapchange to c1m2_streets --------
L 07/02/2020 - 20:55:55: [simplewelcomemsg.smx] Set the maximum number of lines of.
L 07/02/2020 - 20:56:12: [SM] Changed map to "c1m2_streets"
L 07/02/2020 - 20:56:15: -------- Mapchange to c1m2_streets --------
L 07/02/2020 - 21:00:57: [funcommands.smx] "۩ fᵉᵃʳ ۩ Rain❤Delta<2><STEAM_1:0:162762726><>" toggled noclip on "۩ fᵉᵃʳ ۩ Rain❤Delta<2><STEAM_1:0:162762726><>"
L 07/02/2020 - 21:01:03: [funcommands.smx] "۩ fᵉᵃʳ ۩ Rain❤Delta<2><STEAM_1:0:162762726><>" toggled noclip on "۩ fᵉᵃʳ ۩ Rain❤Delta<2><STEAM_1:0:162762726><>"
L 07/02/2020 - 21:01:30: [funcommands.smx] "۩ fᵉᵃʳ ۩ Rain❤Delta<2><STEAM_1:0:162762726><>" toggled noclip on "۩ fᵉᵃʳ ۩ Rain❤Delta<2><STEAM_1:0:162762726><>"
L 07/02/2020 - 21:01:38: [funcommands.smx] "۩ fᵉᵃʳ ۩ Rain❤Delta<2><STEAM_1:0:162762726><>" toggled noclip on "۩ fᵉᵃʳ ۩ Rain❤Delta<2><STEAM_1:0:162762726><>"
L 07/02/2020 - 21:02:03: [funcommands.smx] "۩ fᵉᵃʳ ۩ Rain❤Delta<2><STEAM_1:0:162762726><>" set gravity on "۩ fᵉᵃʳ ۩ Rain❤Delta<2><STEAM_1:0:162762726><>" to 4.000000.
L 07/02/2020 - 21:02:07: [funcommands.smx] "۩ fᵉᵃʳ ۩ Rain❤Delta<2><STEAM_1:0:162762726><>" set gravity on "۩ fᵉᵃʳ ۩ Rain❤Delta<2><STEAM_1:0:162762726><>" to 0.100000.
L 07/02/2020 - 21:02:15: [funcommands.smx] "۩ fᵉᵃʳ ۩ Rain❤Delta<2><STEAM_1:0:162762726><>" set gravity on "۩ fᵉᵃʳ ۩ Rain❤Delta<2><STEAM_1:0:162762726><>" to 1.000000.
L 07/02/2020 - 21:02:20: [funcommands.smx] "۩ fᵉᵃʳ ۩ Rain❤Delta<2><STEAM_1:0:162762726><>" set gravity on "۩ fᵉᵃʳ ۩ Rain❤Delta<2><STEAM_1:0:162762726><>" to 0.500000.
L 07/02/2020 - 21:02:29: [funcommands.smx] "۩ fᵉᵃʳ ۩ Rain❤Delta<2><STEAM_1:0:162762726><>" set gravity on "۩ fᵉᵃʳ ۩ Rain❤Delta<2><STEAM_1:0:162762726><>" to 0.100000.
L 07/02/2020 - 21:02:45: [funcommands.smx] "۩ fᵉᵃʳ ۩ Rain❤Delta<2><STEAM_1:0:162762726><>" set gravity on "۩ fᵉᵃʳ ۩ Rain❤Delta<2><STEAM_1:0:162762726><>" to 1.000000.
L 07/02/2020 - 21:03:45: Log file closed.
L 07/02/2020 - 21:15:49: SourceMod log file session started (file "L20200702.log") (Version "1.8.0.6041")
L 07/02/2020 - 21:15:49: -------- Mapchange to c1m2_streets --------
L 07/02/2020 - 21:15:52: [simplewelcomemsg.smx] Set the maximum number of lines of.
L 07/02/2020 - 21:16:04: [SM] Changed map to "c1m2_streets"
L 07/02/2020 - 21:16:08: -------- Mapchange to c1m2_streets --------
L 07/02/2020 - 21:16:37: [playercommands.smx] "۩ fᵉᵃʳ ۩ Rain❤Delta<2><STEAM_1:0:162762726><>" slayed "۩ fᵉᵃʳ ۩ Rain❤Delta<2><STEAM_1:0:162762726><>"
L 07/02/2020 - 21:16:44: [playercommands.smx] "۩ fᵉᵃʳ ۩ Rain❤Delta<2><STEAM_1:0:162762726><>" slayed "۩ fᵉᵃʳ ۩ Rain❤Delta<2><STEAM_1:0:162762726><>"
L 07/02/2020 - 21:19:22: Log file closed.
L 07/02/2020 - 21:22:35: SourceMod log file session started (file "L20200702.log") (Version "1.8.0.6041")
L 07/02/2020 - 21:22:35: -------- Mapchange to c1m2_streets --------
L 07/02/2020 - 21:22:37: [simplewelcomemsg.smx] Set the maximum number of lines of.
L 07/02/2020 - 21:22:48: [SM] Changed map to "c1m2_streets"
L 07/02/2020 - 21:22:52: -------- Mapchange to c1m2_streets --------
L 07/02/2020 - 21:27:27: Log file closed.
L 07/02/2020 - 21:28:40: SourceMod log file session started (file "L20200702.log") (Version "1.8.0.6041")
L 07/02/2020 - 21:28:40: -------- Mapchange to c1m2_streets --------
L 07/02/2020 - 21:28:42: [simplewelcomemsg.smx] Set the maximum number of lines of.
L 07/02/2020 - 21:28:54: [SM] Changed map to "c1m2_streets"
L 07/02/2020 - 21:28:58: -------- Mapchange to c1m2_streets --------
L 07/02/2020 - 21:30:49: Log file closed.
L 07/02/2020 - 21:32:55: SourceMod log file session started (file "L20200702.log") (Version "1.8.0.6041")
L 07/02/2020 - 21:32:55: -------- Mapchange to c1m2_streets --------
L 07/02/2020 - 21:32:59: [simplewelcomemsg.smx] Set the maximum number of lines of.
L 07/02/2020 - 21:33:11: [SM] Changed map to "c1m2_streets"
L 07/02/2020 - 21:33:15: -------- Mapchange to c1m2_streets --------
L 07/02/2020 - 21:56:27: SourceMod log file session started (file "L20200702.log") (Version "1.8.0.6041")
L 07/02/2020 - 21:56:27: Log file closed.
L 07/02/2020 - 22:24:39: SourceMod log file session started (file "L20200702.log") (Version "1.8.0.6041")
L 07/02/2020 - 22:24:39: Log file closed.
L 07/02/2020 - 23:15:59: SourceMod log file session started (file "L20200702.log") (Version "1.8.0.6041")
L 07/02/2020 - 23:15:59: Log file closed.
