L 05/10/2021 - 19:56:06: SourceMod log file session started (file "D:\Steam\steamapps\common\Left 4 Dead 2\left4dead2\addons\sourcemod\logs\L20210510.log") (Version "1.10.0.6492")
L 05/10/2021 - 19:56:06: [simplewelcomemsg.smx] Set the maximum number of lines of.
L 05/10/2021 - 19:56:13: [basecommands.smx] "Console<0><Console><Console>" changed cvar (cvar "sv_force_time_of_day") (value "0")
L 05/10/2021 - 19:56:13: [basecommands.smx] "Console<0><Console><Console>" changed cvar (cvar "z_witch_damage_per_kill_hit") (value "120")
L 05/10/2021 - 19:56:13: [basecommands.smx] "Console<0><Console><Console>" changed cvar (cvar "z_witch_anger_rate") (value "0.4")
L 05/10/2021 - 19:56:13: [basecommands.smx] "Console<0><Console><Console>" changed cvar (cvar "z_witch_flashlight_range") (value "2000")
L 05/10/2021 - 19:56:13: [basecommands.smx] "Console<0><Console><Console>" changed cvar (cvar "z_witch_burn_time") (value "100")
L 05/10/2021 - 19:56:13: [basecommands.smx] "Console<0><Console><Console>" changed cvar (cvar "z_tank_health") (value "4000")
L 05/10/2021 - 19:56:13: [basecommands.smx] "Console<0><Console><Console>" changed cvar (cvar "z_ghost_delay_min") (value "15")
L 05/10/2021 - 19:56:13: [basecommands.smx] "Console<0><Console><Console>" changed cvar (cvar "z_ghost_delay_max") (value "15")
L 05/10/2021 - 19:56:13: [basecommands.smx] "Console<0><Console><Console>" changed cvar (cvar "z_hunter_limit") (value "1")
L 05/10/2021 - 19:56:13: [basecommands.smx] "Console<0><Console><Console>" changed cvar (cvar "z_smoker_limit") (value "1")
L 05/10/2021 - 19:56:13: [basecommands.smx] "Console<0><Console><Console>" changed cvar (cvar "z_jockey_limit") (value "1")
L 05/10/2021 - 19:56:13: [basecommands.smx] "Console<0><Console><Console>" changed cvar (cvar "versus_tank_chance_intro") (value "1")
L 05/10/2021 - 19:56:13: [basecommands.smx] "Console<0><Console><Console>" changed cvar (cvar "versus_tank_chance_finale") (value "1")
L 05/10/2021 - 19:56:13: [basecommands.smx] "Console<0><Console><Console>" changed cvar (cvar "versus_tank_chance") (value "1")
L 05/10/2021 - 19:56:13: [basecommands.smx] "Console<0><Console><Console>" changed cvar (cvar "versus_witch_chance_intro") (value "0")
L 05/10/2021 - 19:56:13: [basecommands.smx] "Console<0><Console><Console>" changed cvar (cvar "versus_witch_chance_finale") (value "0")
L 05/10/2021 - 19:56:13: [basecommands.smx] "Console<0><Console><Console>" changed cvar (cvar "versus_witch_chance") (value "1")
L 05/10/2021 - 19:56:13: [basecommands.smx] "Console<0><Console><Console>" changed cvar (cvar "director_force_tank") (value "1")
L 05/10/2021 - 19:56:13: [basecommands.smx] "Console<0><Console><Console>" changed cvar (cvar "versus_boss_flow_min") (value "0.4")
L 05/10/2021 - 19:56:13: [basecommands.smx] "Console<0><Console><Console>" changed cvar (cvar "versus_boss_flow_max") (value "0.6")
L 05/10/2021 - 19:56:13: [basecommands.smx] "Console<0><Console><Console>" changed cvar (cvar "versus_boss_flow_min_intro") (value "0.1")
L 05/10/2021 - 19:56:13: [basecommands.smx] "Console<0><Console><Console>" changed cvar (cvar "versus_boss_flow_max_intro") (value "0.2")
L 05/10/2021 - 19:56:13: [basecommands.smx] "Console<0><Console><Console>" changed cvar (cvar "versus_boss_flow_min_finale") (value "0.1")
L 05/10/2021 - 19:56:13: [basecommands.smx] "Console<0><Console><Console>" changed cvar (cvar "versus_boss_flow_max_finale") (value "0.2")
L 05/10/2021 - 19:56:13: [basecommands.smx] "Console<0><Console><Console>" changed cvar (cvar "boomer_vomit_delay") (value "0.1")
L 05/10/2021 - 19:56:13: [basecommands.smx] "Console<0><Console><Console>" changed cvar (cvar "smoker_tongue_delay") (value "0.1")
L 05/10/2021 - 19:56:13: [basecommands.smx] "Console<0><Console><Console>" changed cvar (cvar "vs_survival_bonus") (value "35")
L 05/10/2021 - 19:56:13: [basecommands.smx] "Console<0><Console><Console>" changed cvar (cvar "z_tank_throw_health") (value "10")
L 05/10/2021 - 19:56:13: [basecommands.smx] "Console<0><Console><Console>" changed cvar (cvar "sv_client_min_interp_ratio") (value "-1")
L 05/10/2021 - 19:56:13: [basecommands.smx] "Console<0><Console><Console>" changed cvar (cvar "sv_client_max_interp_ratio") (value "0")
L 05/10/2021 - 19:56:13: [basecommands.smx] "Console<0><Console><Console>" changed cvar (cvar "sv_minrate") (value "100000")
L 05/10/2021 - 19:56:13: [basecommands.smx] "Console<0><Console><Console>" changed cvar (cvar "sv_maxrate") (value "100000")
L 05/10/2021 - 19:56:13: [basecommands.smx] "Console<0><Console><Console>" changed cvar (cvar "sv_mincmdrate") (value "100")
L 05/10/2021 - 19:56:13: [basecommands.smx] "Console<0><Console><Console>" changed cvar (cvar "sv_maxcmdrate") (value "100")
L 05/10/2021 - 19:56:13: [basecommands.smx] "Console<0><Console><Console>" changed cvar (cvar "sv_minupdaterate") (value "100")
L 05/10/2021 - 19:56:13: [basecommands.smx] "Console<0><Console><Console>" changed cvar (cvar "sv_maxupdaterate") (value "100")
L 05/10/2021 - 19:56:13: [basecommands.smx] "Console<0><Console><Console>" changed cvar (cvar "nb_update_frequency") (value "0.014")
L 05/10/2021 - 19:56:13: [basecommands.smx] "Console<0><Console><Console>" changed cvar (cvar "net_splitpacket_maxrate") (value "50000")
L 05/10/2021 - 19:56:13: [basecommands.smx] "Console<0><Console><Console>" changed cvar (cvar "fps_max") (value "0")
L 05/10/2021 - 19:56:13: [basecommands.smx] "Console<0><Console><Console>" changed cvar (cvar "hostname") (value "Versus")
L 05/10/2021 - 19:57:47: [basecommands.smx] "McLovin™<3><STEAM_1:1:4151444><>" changed cvar (cvar "vs_max_team_switches") (value "0")
L 05/10/2021 - 19:58:10: [l4d2_skill_detect.smx] Clear: 3 freed 5 from 4: time: -1.00 / 1.44 -- class: smoker (with shove? 1)
L 05/10/2021 - 19:58:21: [l4d2_skill_detect.smx] Clear: 2 freed 5 from 6: time: 1.28 / -1.00 -- class: hunter (with shove? 0)
L 05/10/2021 - 19:58:49: [l4d2_skill_detect.smx] Clear: 2 freed 1 from 7: time: 1.37 / -1.00 -- class: hunter (with shove? 0)
L 05/10/2021 - 19:59:33: [l4d2_skill_detect.smx] Charge carry start: 6 - 5 -- time: 225.00
L 05/10/2021 - 19:59:36: [l4d2_skill_detect.smx] Checking charge victim: 6 - 5 - flags: 1 (alive? 1)
L 05/10/2021 - 20:00:19: [admin_hp.smx]  
L 05/10/2021 - 20:00:30: [l4d2_skill_detect.smx] Clear: 3 freed 5 from 7: time: -1.00 / 2.98 -- class: smoker (with shove? 0)
L 05/10/2021 - 20:02:23: [l4d2_skill_detect.smx] Charge carry start: 9 - 1 -- time: 395.66
L 05/10/2021 - 20:02:27: [l4d2_skill_detect.smx] Checking charge victim: 9 - 1 - flags: 1 (alive? 1)
L 05/10/2021 - 20:02:29: [l4d2_skill_detect.smx] Clear: 3 freed 1 from 9: time: 4.36 / 5.76 -- class: charger (with shove? 0)
L 05/10/2021 - 20:02:44: [l4d2_skill_detect.smx] Clear: 1 freed 2 from 8: time: -1.00 / 2.35 -- class: smoker (with shove? 0)
L 05/10/2021 - 20:03:54: [l4d2_skill_detect.smx] Clear: 1 freed 10 from 9: time: 3.88 / -1.00 -- class: hunter (with shove? 0)
L 05/10/2021 - 20:04:13: [l4d2_skill_detect.smx] Charge carry start: 4 - 3 -- time: 505.58
L 05/10/2021 - 20:04:15: [l4d2_skill_detect.smx] Clear: 2 freed 3 from 4: time: 0.61 / 1.72 -- class: charger (with shove? 0)
L 05/10/2021 - 20:04:16: [l4d2_skill_detect.smx] Checking charge victim: 4 - 3 - flags: 1 (alive? 1)
L 05/10/2021 - 20:05:03: [l4d2_skill_detect.smx] Clear: 1 freed 5 from 8: time: 0.91 / -1.00 -- class: jockey (with shove? 0)
L 05/10/2021 - 20:05:15: [l4d2_skill_detect.smx] Clear: 2 freed 5 from 11: time: 1.16 / -1.00 -- class: hunter (with shove? 0)
L 05/10/2021 - 20:06:41: [l4d2_skill_detect.smx] Clear: 7 freed 2 from 8: time: 9.03 / -1.00 -- class: hunter (with shove? 0)
L 05/10/2021 - 20:07:49: [l4d2_skill_detect.smx] Clear: 4 freed 6 from 1: time: 1.03 / -1.00 -- class: hunter (with shove? 0)
L 05/10/2021 - 20:07:57: [l4d2_skill_detect.smx] Clear: 8 freed 9 from 7: time: 2.41 / -1.00 -- class: jockey (with shove? 0)
L 05/10/2021 - 20:08:32: [l4d2_skill_detect.smx] Clear: 4 freed 6 from 2: time: 1.15 / -1.00 -- class: hunter (with shove? 0)
L 05/10/2021 - 20:09:03: [l4d2_skill_detect.smx] Clear: 8 freed 4 from 2: time: 2.53 / -1.00 -- class: jockey (with shove? 1)
L 05/10/2021 - 20:09:19: [l4d2_skill_detect.smx] Clear: 4 freed 9 from 7: time: 0.19 / -1.00 -- class: hunter (with shove? 1)
L 05/10/2021 - 20:09:19: [l4d2_skill_detect.smx] Clear: 4 freed 9 from 7: time: 0.98 / -1.00 -- class: hunter (with shove? 1)
L 05/10/2021 - 20:09:49: [l4d2_skill_detect.smx] Charge carry start: 7 - 4 -- time: 841.52
L 05/10/2021 - 20:09:54: [l4d2_skill_detect.smx] Clear: 9 freed 4 from 7: time: 1.76 / 4.45 -- class: charger (with shove? 0)
L 05/10/2021 - 20:09:54: [l4d2_skill_detect.smx] Checking charge victim: 7 - 4 - flags: 1 (alive? 1)
L 05/10/2021 - 20:09:57: [l4d2_skill_detect.smx] Clear: 6 freed 9 from 3: time: 1.83 / -1.00 -- class: jockey (with shove? 0)
L 05/10/2021 - 20:10:36: [l4d2_skill_detect.smx] Clear: 4 freed 8 from 3: time: 1.28 / -1.00 -- class: hunter (with shove? 0)
L 05/10/2021 - 20:10:40: [l4d2_skill_detect.smx] Clear: 4 freed 6 from 7: time: 1.41 / 3.34 -- class: smoker (with shove? 1)
L 05/10/2021 - 20:11:15: [l4d2_skill_detect.smx] Clear: 4 freed 8 from 3: time: 1.30 / -1.00 -- class: hunter (with shove? 0)
L 05/10/2021 - 20:11:37: [l4d2_skill_detect.smx] Clear: 4 freed 9 from 7: time: 7.85 / -1.00 -- class: jockey (with shove? 0)
L 05/10/2021 - 20:12:00: [l4d2_skill_detect.smx] calarm trigger: caller 854 / activator 854 / delay: 0.00
L 05/10/2021 - 20:12:14: [l4d2_skill_detect.smx] Clear: 9 freed 8 from 7: time: 0.77 / -1.00 -- class: hunter (with shove? 1)
L 05/10/2021 - 20:12:33: [l4d2_skill_detect.smx] Clear: 9 freed 8 from 1: time: 1.35 / -1.00 -- class: jockey (with shove? 1)
L 05/10/2021 - 20:12:41: [l4d2_skill_detect.smx] Charge carry start: 3 - 4 -- time: 1013.70
L 05/10/2021 - 20:12:45: [l4d2_skill_detect.smx] Checking charge victim: 3 - 8 - flags: 0 (alive? 1)
L 05/10/2021 - 20:12:46: [l4d2_skill_detect.smx] Checking charge victim: 3 - 4 - flags: 1 (alive? 1)
L 05/10/2021 - 20:12:49: [l4d2_skill_detect.smx] Clear: 8 freed 4 from 3: time: 5.00 / 8.03 -- class: charger (with shove? 0)
L 05/10/2021 - 20:13:01: [l4d2_skill_detect.smx] Clear: 8 freed 4 from 2: time: 0.77 / 3.44 -- class: smoker (with shove? 0)
L 05/10/2021 - 20:13:28: [l4d2_skill_detect.smx] Clear: 9 freed 4 from 2: time: 4.84 / 7.72 -- class: smoker (with shove? 1)
L 05/10/2021 - 20:13:36: [l4d2_skill_detect.smx] Clear: 9 freed 8 from 1: time: 5.05 / -1.00 -- class: jockey (with shove? 0)
L 05/10/2021 - 20:14:03: [l4d2_skill_detect.smx] Clear: 8 freed 4 from 3: time: 1.52 / -1.00 -- class: hunter (with shove? 0)
L 05/10/2021 - 20:14:06: [l4d2_skill_detect.smx] Clear: 8 freed 6 from 2: time: 6.60 / 10.56 -- class: smoker (with shove? 0)
L 05/10/2021 - 20:14:07: [l4d2_skill_detect.smx] Charge carry start: 1 - 6 -- time: 1099.88
L 05/10/2021 - 20:14:34: -------- Mapchange to c2m2_fairgrounds --------
L 05/10/2021 - 20:14:37: [basecommands.smx] "Console<0><Console><Console>" changed cvar (cvar "sv_force_time_of_day") (value "0")
L 05/10/2021 - 20:14:37: [basecommands.smx] "Console<0><Console><Console>" changed cvar (cvar "z_witch_damage_per_kill_hit") (value "120")
L 05/10/2021 - 20:14:37: [basecommands.smx] "Console<0><Console><Console>" changed cvar (cvar "z_witch_anger_rate") (value "0.4")
L 05/10/2021 - 20:14:37: [basecommands.smx] "Console<0><Console><Console>" changed cvar (cvar "z_witch_flashlight_range") (value "2000")
L 05/10/2021 - 20:14:37: [basecommands.smx] "Console<0><Console><Console>" changed cvar (cvar "z_witch_burn_time") (value "100")
L 05/10/2021 - 20:14:37: [basecommands.smx] "Console<0><Console><Console>" changed cvar (cvar "z_tank_health") (value "4000")
L 05/10/2021 - 20:14:37: [basecommands.smx] "Console<0><Console><Console>" changed cvar (cvar "z_ghost_delay_min") (value "15")
L 05/10/2021 - 20:14:37: [basecommands.smx] "Console<0><Console><Console>" changed cvar (cvar "z_ghost_delay_max") (value "15")
L 05/10/2021 - 20:14:37: [basecommands.smx] "Console<0><Console><Console>" changed cvar (cvar "z_hunter_limit") (value "1")
L 05/10/2021 - 20:14:37: [basecommands.smx] "Console<0><Console><Console>" changed cvar (cvar "z_smoker_limit") (value "1")
L 05/10/2021 - 20:14:37: [basecommands.smx] "Console<0><Console><Console>" changed cvar (cvar "z_jockey_limit") (value "1")
L 05/10/2021 - 20:14:37: [basecommands.smx] "Console<0><Console><Console>" changed cvar (cvar "versus_tank_chance_intro") (value "1")
L 05/10/2021 - 20:14:37: [basecommands.smx] "Console<0><Console><Console>" changed cvar (cvar "versus_tank_chance_finale") (value "1")
L 05/10/2021 - 20:14:37: [basecommands.smx] "Console<0><Console><Console>" changed cvar (cvar "versus_tank_chance") (value "1")
L 05/10/2021 - 20:14:37: [basecommands.smx] "Console<0><Console><Console>" changed cvar (cvar "versus_witch_chance_intro") (value "0")
L 05/10/2021 - 20:14:37: [basecommands.smx] "Console<0><Console><Console>" changed cvar (cvar "versus_witch_chance_finale") (value "0")
L 05/10/2021 - 20:14:37: [basecommands.smx] "Console<0><Console><Console>" changed cvar (cvar "versus_witch_chance") (value "1")
L 05/10/2021 - 20:14:37: [basecommands.smx] "Console<0><Console><Console>" changed cvar (cvar "director_force_tank") (value "1")
L 05/10/2021 - 20:14:37: [basecommands.smx] "Console<0><Console><Console>" changed cvar (cvar "versus_boss_flow_min") (value "0.4")
L 05/10/2021 - 20:14:37: [basecommands.smx] "Console<0><Console><Console>" changed cvar (cvar "versus_boss_flow_max") (value "0.6")
L 05/10/2021 - 20:14:37: [basecommands.smx] "Console<0><Console><Console>" changed cvar (cvar "versus_boss_flow_min_intro") (value "0.1")
L 05/10/2021 - 20:14:37: [basecommands.smx] "Console<0><Console><Console>" changed cvar (cvar "versus_boss_flow_max_intro") (value "0.2")
L 05/10/2021 - 20:14:37: [basecommands.smx] "Console<0><Console><Console>" changed cvar (cvar "versus_boss_flow_min_finale") (value "0.1")
L 05/10/2021 - 20:14:37: [basecommands.smx] "Console<0><Console><Console>" changed cvar (cvar "versus_boss_flow_max_finale") (value "0.2")
L 05/10/2021 - 20:14:37: [basecommands.smx] "Console<0><Console><Console>" changed cvar (cvar "boomer_vomit_delay") (value "0.1")
L 05/10/2021 - 20:14:37: [basecommands.smx] "Console<0><Console><Console>" changed cvar (cvar "smoker_tongue_delay") (value "0.1")
L 05/10/2021 - 20:14:37: [basecommands.smx] "Console<0><Console><Console>" changed cvar (cvar "vs_survival_bonus") (value "35")
L 05/10/2021 - 20:14:37: [basecommands.smx] "Console<0><Console><Console>" changed cvar (cvar "z_tank_throw_health") (value "10")
L 05/10/2021 - 20:14:37: [basecommands.smx] "Console<0><Console><Console>" changed cvar (cvar "sv_client_min_interp_ratio") (value "-1")
L 05/10/2021 - 20:14:37: [basecommands.smx] "Console<0><Console><Console>" changed cvar (cvar "sv_client_max_interp_ratio") (value "0")
L 05/10/2021 - 20:14:37: [basecommands.smx] "Console<0><Console><Console>" changed cvar (cvar "sv_minrate") (value "100000")
L 05/10/2021 - 20:14:37: [basecommands.smx] "Console<0><Console><Console>" changed cvar (cvar "sv_maxrate") (value "100000")
L 05/10/2021 - 20:14:37: [basecommands.smx] "Console<0><Console><Console>" changed cvar (cvar "sv_mincmdrate") (value "100")
L 05/10/2021 - 20:14:37: [basecommands.smx] "Console<0><Console><Console>" changed cvar (cvar "sv_maxcmdrate") (value "100")
L 05/10/2021 - 20:14:37: [basecommands.smx] "Console<0><Console><Console>" changed cvar (cvar "sv_minupdaterate") (value "100")
L 05/10/2021 - 20:14:37: [basecommands.smx] "Console<0><Console><Console>" changed cvar (cvar "sv_maxupdaterate") (value "100")
L 05/10/2021 - 20:14:37: [basecommands.smx] "Console<0><Console><Console>" changed cvar (cvar "nb_update_frequency") (value "0.014")
L 05/10/2021 - 20:14:37: [basecommands.smx] "Console<0><Console><Console>" changed cvar (cvar "net_splitpacket_maxrate") (value "50000")
L 05/10/2021 - 20:14:37: [basecommands.smx] "Console<0><Console><Console>" changed cvar (cvar "fps_max") (value "0")
L 05/10/2021 - 20:14:37: [basecommands.smx] "Console<0><Console><Console>" changed cvar (cvar "hostname") (value "Versus")
L 05/10/2021 - 20:17:33: [l4d2_skill_detect.smx] Witch Crown Check: crown shot: 755, harrassed: 1 (full health: 1000 / drawthresh: 500 / oneshot 0)
L 05/10/2021 - 20:17:48: [l4d2_skill_detect.smx] Clear: 3 freed 7 from 8: time: 1.15 / -1.00 -- class: hunter (with shove? 0)
L 05/10/2021 - 20:18:15: [l4d2_skill_detect.smx] Clear: 7 freed 7 from 8: time: -1.00 / 0.16 -- class: smoker (with shove? 0)
L 05/10/2021 - 20:18:22: [l4d2_skill_detect.smx] Clear: 1 freed 7 from 9: time: 1.25 / -1.00 -- class: hunter (with shove? 0)
L 05/10/2021 - 20:18:27: [l4d2_skill_detect.smx] Clear: 3 freed 7 from 8: time: -1.00 / 2.11 -- class: smoker (with shove? 0)
L 05/10/2021 - 20:19:50: [l4d2_skill_detect.smx] Charge carry start: 5 - 2 -- time: 310.88
L 05/10/2021 - 20:19:54: [l4d2_skill_detect.smx] Checking charge victim: 5 - 2 - flags: 1 (alive? 1)
L 05/10/2021 - 20:19:59: [l4d2_skill_detect.smx] Clear: 7 freed 2 from 5: time: 8.07 / 9.39 -- class: charger (with shove? 0)
L 05/10/2021 - 20:20:15: [l4d2_skill_detect.smx] Clear: 3 freed 7 from 9: time: 0.47 / 2.50 -- class: smoker (with shove? 0)
L 05/10/2021 - 20:20:23: [l4d2_skill_detect.smx] Clear: 2 freed 1 from 4: time: 1.66 / -1.00 -- class: jockey (with shove? 0)
L 05/10/2021 - 20:20:29: [l4d2_skill_detect.smx] Clear: 3 freed 2 from 5: time: 1.64 / -1.00 -- class: hunter (with shove? 0)
L 05/10/2021 - 20:21:43: [l4d2_skill_detect.smx] Clear: 1 freed 3 from 5: time: 1.84 / -1.00 -- class: jockey (with shove? 0)
L 05/10/2021 - 20:21:56: [l4d2_skill_detect.smx] Charge carry start: 4 - 7 -- time: 436.86
L 05/10/2021 - 20:21:56: [l4d2_skill_detect.smx] Clear: 7 freed 7 from 4: time: 0.00 / 0.07 -- class: charger (with shove? 0)
L 05/10/2021 - 20:21:59: [l4d2_skill_detect.smx] Checking charge victim: 4 - 7 - flags: 1 (alive? 1)
L 05/10/2021 - 20:23:09: [l4d2_skill_detect.smx] Clear: 2 freed 1 from 8: time: -1.00 / 1.30 -- class: smoker (with shove? 0)
L 05/10/2021 - 20:23:14: [l4d2_skill_detect.smx] Clear: 7 freed 1 from 9: time: 1.85 / -1.00 -- class: jockey (with shove? 0)
L 05/10/2021 - 20:23:27: [l4d2_skill_detect.smx] Clear: 2 freed 7 from 8: time: -1.00 / 0.77 -- class: smoker (with shove? 0)
L 05/10/2021 - 20:23:44: [l4d2_skill_detect.smx] Clear: 1 freed 2 from 4: time: 2.44 / -1.00 -- class: hunter (with shove? 0)
L 05/10/2021 - 20:24:37: [l4d2_skill_detect.smx] Charge carry start: 2 - 5 -- time: 597.50
L 05/10/2021 - 20:24:38: [l4d2_skill_detect.smx] Clear: 9 freed 5 from 2: time: 0.32 / 1.15 -- class: charger (with shove? 0)
L 05/10/2021 - 20:24:40: [l4d2_skill_detect.smx] Checking charge victim: 2 - 5 - flags: 1 (alive? 1)
L 05/10/2021 - 20:24:44: [l4d2_skill_detect.smx] Clear: 8 freed 9 from 1: time: 0.89 / -1.00 -- class: jockey (with shove? 0)
L 05/10/2021 - 20:25:18: [l4d2_skill_detect.smx] Clear: 5 freed 4 from 3: time: 1.14 / -1.00 -- class: jockey (with shove? 1)
L 05/10/2021 - 20:25:19: [l4d2_skill_detect.smx] Clear: 8 freed 9 from 7: time: 0.80 / -1.00 -- class: hunter (with shove? 0)
L 05/10/2021 - 20:25:38: [basebans.smx] "♛ Rain ♛<2><STEAM_1:0:162762726><>" banned "ｖｌａｄｉｍｉｒ<32><STEAM_1:1:147022965><>" (minutes "0") (reason "afk")
L 05/10/2021 - 20:26:00: [l4d2_skill_detect.smx] Clear: 4 freed 9 from 3: time: 0.33 / -1.00 -- class: hunter (with shove? 0)
L 05/10/2021 - 20:26:01: [l4d2_skill_detect.smx] Charge carry start: 1 - 4 -- time: 681.32
L 05/10/2021 - 20:26:03: [l4d2_skill_detect.smx] Clear: 9 freed 4 from 1: time: 1.80 / 2.68 -- class: charger (with shove? 0)
L 05/10/2021 - 20:26:04: [l4d2_skill_detect.smx] Checking charge victim: 1 - 4 - flags: 1 (alive? 1)
L 05/10/2021 - 20:26:24: [l4d2_skill_detect.smx] Witch Crown Check: Failed: bungled: 1 / crowntype: 1 (entity: 365)
L 05/10/2021 - 20:26:24: [l4d2_skill_detect.smx] Witch Crown Check: Further details: attacker: RikiLaRoca, attacker dmg: 895, teamless dmg: 0
L 05/10/2021 - 20:26:38: [l4d2_skill_detect.smx] Clear: 4 freed 8 from 1: time: 1.41 / -1.00 -- class: hunter (with shove? 0)
L 05/10/2021 - 20:27:28: [l4d2_skill_detect.smx] Clear: 8 freed 5 from 2: time: 5.77 / -1.00 -- class: hunter (with shove? 0)
L 05/10/2021 - 20:27:43: [l4d2_skill_detect.smx] Clear: 4 freed 9 from 1: time: -1.00 / 2.64 -- class: smoker (with shove? 0)
L 05/10/2021 - 20:28:01: [l4d2_skill_detect.smx] Clear: 8 freed 4 from 2: time: 4.04 / -1.00 -- class: jockey (with shove? 0)
L 05/10/2021 - 20:29:14: [playercommands.smx] "McLovin™<3><STEAM_1:1:4151444><>" slayed "♛ Rain ♛<2><STEAM_1:0:162762726><>"
L 05/10/2021 - 20:29:41: -------- Mapchange to c2m3_coaster --------
L 05/10/2021 - 20:29:43: [basecommands.smx] "Console<0><Console><Console>" changed cvar (cvar "sv_force_time_of_day") (value "0")
L 05/10/2021 - 20:29:43: [basecommands.smx] "Console<0><Console><Console>" changed cvar (cvar "z_witch_damage_per_kill_hit") (value "120")
L 05/10/2021 - 20:29:43: [basecommands.smx] "Console<0><Console><Console>" changed cvar (cvar "z_witch_anger_rate") (value "0.4")
L 05/10/2021 - 20:29:43: [basecommands.smx] "Console<0><Console><Console>" changed cvar (cvar "z_witch_flashlight_range") (value "2000")
L 05/10/2021 - 20:29:43: [basecommands.smx] "Console<0><Console><Console>" changed cvar (cvar "z_witch_burn_time") (value "100")
L 05/10/2021 - 20:29:43: [basecommands.smx] "Console<0><Console><Console>" changed cvar (cvar "z_tank_health") (value "4000")
L 05/10/2021 - 20:29:43: [basecommands.smx] "Console<0><Console><Console>" changed cvar (cvar "z_ghost_delay_min") (value "15")
L 05/10/2021 - 20:29:43: [basecommands.smx] "Console<0><Console><Console>" changed cvar (cvar "z_ghost_delay_max") (value "15")
L 05/10/2021 - 20:29:43: [basecommands.smx] "Console<0><Console><Console>" changed cvar (cvar "z_hunter_limit") (value "1")
L 05/10/2021 - 20:29:43: [basecommands.smx] "Console<0><Console><Console>" changed cvar (cvar "z_smoker_limit") (value "1")
L 05/10/2021 - 20:29:43: [basecommands.smx] "Console<0><Console><Console>" changed cvar (cvar "z_jockey_limit") (value "1")
L 05/10/2021 - 20:29:43: [basecommands.smx] "Console<0><Console><Console>" changed cvar (cvar "versus_tank_chance_intro") (value "1")
L 05/10/2021 - 20:29:43: [basecommands.smx] "Console<0><Console><Console>" changed cvar (cvar "versus_tank_chance_finale") (value "1")
L 05/10/2021 - 20:29:43: [basecommands.smx] "Console<0><Console><Console>" changed cvar (cvar "versus_tank_chance") (value "1")
L 05/10/2021 - 20:29:43: [basecommands.smx] "Console<0><Console><Console>" changed cvar (cvar "versus_witch_chance_intro") (value "0")
L 05/10/2021 - 20:29:43: [basecommands.smx] "Console<0><Console><Console>" changed cvar (cvar "versus_witch_chance_finale") (value "0")
L 05/10/2021 - 20:29:43: [basecommands.smx] "Console<0><Console><Console>" changed cvar (cvar "versus_witch_chance") (value "1")
L 05/10/2021 - 20:29:43: [basecommands.smx] "Console<0><Console><Console>" changed cvar (cvar "director_force_tank") (value "1")
L 05/10/2021 - 20:29:43: [basecommands.smx] "Console<0><Console><Console>" changed cvar (cvar "versus_boss_flow_min") (value "0.4")
L 05/10/2021 - 20:29:43: [basecommands.smx] "Console<0><Console><Console>" changed cvar (cvar "versus_boss_flow_max") (value "0.6")
L 05/10/2021 - 20:29:43: [basecommands.smx] "Console<0><Console><Console>" changed cvar (cvar "versus_boss_flow_min_intro") (value "0.1")
L 05/10/2021 - 20:29:43: [basecommands.smx] "Console<0><Console><Console>" changed cvar (cvar "versus_boss_flow_max_intro") (value "0.2")
L 05/10/2021 - 20:29:43: [basecommands.smx] "Console<0><Console><Console>" changed cvar (cvar "versus_boss_flow_min_finale") (value "0.1")
L 05/10/2021 - 20:29:43: [basecommands.smx] "Console<0><Console><Console>" changed cvar (cvar "versus_boss_flow_max_finale") (value "0.2")
L 05/10/2021 - 20:29:43: [basecommands.smx] "Console<0><Console><Console>" changed cvar (cvar "boomer_vomit_delay") (value "0.1")
L 05/10/2021 - 20:29:43: [basecommands.smx] "Console<0><Console><Console>" changed cvar (cvar "smoker_tongue_delay") (value "0.1")
L 05/10/2021 - 20:29:43: [basecommands.smx] "Console<0><Console><Console>" changed cvar (cvar "vs_survival_bonus") (value "35")
L 05/10/2021 - 20:29:43: [basecommands.smx] "Console<0><Console><Console>" changed cvar (cvar "z_tank_throw_health") (value "10")
L 05/10/2021 - 20:29:43: [basecommands.smx] "Console<0><Console><Console>" changed cvar (cvar "sv_client_min_interp_ratio") (value "-1")
L 05/10/2021 - 20:29:43: [basecommands.smx] "Console<0><Console><Console>" changed cvar (cvar "sv_client_max_interp_ratio") (value "0")
L 05/10/2021 - 20:29:43: [basecommands.smx] "Console<0><Console><Console>" changed cvar (cvar "sv_minrate") (value "100000")
L 05/10/2021 - 20:29:43: [basecommands.smx] "Console<0><Console><Console>" changed cvar (cvar "sv_maxrate") (value "100000")
L 05/10/2021 - 20:29:43: [basecommands.smx] "Console<0><Console><Console>" changed cvar (cvar "sv_mincmdrate") (value "100")
L 05/10/2021 - 20:29:43: [basecommands.smx] "Console<0><Console><Console>" changed cvar (cvar "sv_maxcmdrate") (value "100")
L 05/10/2021 - 20:29:43: [basecommands.smx] "Console<0><Console><Console>" changed cvar (cvar "sv_minupdaterate") (value "100")
L 05/10/2021 - 20:29:43: [basecommands.smx] "Console<0><Console><Console>" changed cvar (cvar "sv_maxupdaterate") (value "100")
L 05/10/2021 - 20:29:43: [basecommands.smx] "Console<0><Console><Console>" changed cvar (cvar "nb_update_frequency") (value "0.014")
L 05/10/2021 - 20:29:43: [basecommands.smx] "Console<0><Console><Console>" changed cvar (cvar "net_splitpacket_maxrate") (value "50000")
L 05/10/2021 - 20:29:43: [basecommands.smx] "Console<0><Console><Console>" changed cvar (cvar "fps_max") (value "0")
L 05/10/2021 - 20:29:43: [basecommands.smx] "Console<0><Console><Console>" changed cvar (cvar "hostname") (value "Versus")
L 05/10/2021 - 20:31:28: [l4d2_skill_detect.smx] Clear: 4 freed 2 from 7: time: -1.00 / 0.51 -- class: smoker (with shove? 0)
L 05/10/2021 - 20:31:35: [l4d2_skill_detect.smx] Clear: 4 freed 2 from 7: time: -1.00 / 2.54 -- class: smoker (with shove? 0)
L 05/10/2021 - 20:31:35: [admin_hp.smx]  
L 05/10/2021 - 20:32:04: [l4d2_skill_detect.smx] Charge carry start: 5 - 1 -- time: 131.86
L 05/10/2021 - 20:32:06: [l4d2_skill_detect.smx] Clear: 4 freed 1 from 5: time: 0.29 / 1.45 -- class: charger (with shove? 0)
L 05/10/2021 - 20:32:08: [l4d2_skill_detect.smx] Checking charge victim: 5 - 1 - flags: 1 (alive? 1)
L 05/10/2021 - 20:32:15: -------- Mapchange to c10m1_caves --------
L 05/10/2021 - 20:32:18: [basecommands.smx] "Console<0><Console><Console>" changed cvar (cvar "sv_force_time_of_day") (value "0")
L 05/10/2021 - 20:32:18: [basecommands.smx] "Console<0><Console><Console>" changed cvar (cvar "z_witch_damage_per_kill_hit") (value "120")
L 05/10/2021 - 20:32:18: [basecommands.smx] "Console<0><Console><Console>" changed cvar (cvar "z_witch_anger_rate") (value "0.4")
L 05/10/2021 - 20:32:18: [basecommands.smx] "Console<0><Console><Console>" changed cvar (cvar "z_witch_flashlight_range") (value "2000")
L 05/10/2021 - 20:32:18: [basecommands.smx] "Console<0><Console><Console>" changed cvar (cvar "z_witch_burn_time") (value "100")
L 05/10/2021 - 20:32:18: [basecommands.smx] "Console<0><Console><Console>" changed cvar (cvar "z_tank_health") (value "4000")
L 05/10/2021 - 20:32:18: [basecommands.smx] "Console<0><Console><Console>" changed cvar (cvar "z_ghost_delay_min") (value "15")
L 05/10/2021 - 20:32:18: [basecommands.smx] "Console<0><Console><Console>" changed cvar (cvar "z_ghost_delay_max") (value "15")
L 05/10/2021 - 20:32:18: [basecommands.smx] "Console<0><Console><Console>" changed cvar (cvar "z_hunter_limit") (value "1")
L 05/10/2021 - 20:32:18: [basecommands.smx] "Console<0><Console><Console>" changed cvar (cvar "z_smoker_limit") (value "1")
L 05/10/2021 - 20:32:18: [basecommands.smx] "Console<0><Console><Console>" changed cvar (cvar "z_jockey_limit") (value "1")
L 05/10/2021 - 20:32:18: [basecommands.smx] "Console<0><Console><Console>" changed cvar (cvar "versus_tank_chance_intro") (value "1")
L 05/10/2021 - 20:32:18: [basecommands.smx] "Console<0><Console><Console>" changed cvar (cvar "versus_tank_chance_finale") (value "1")
L 05/10/2021 - 20:32:18: [basecommands.smx] "Console<0><Console><Console>" changed cvar (cvar "versus_tank_chance") (value "1")
L 05/10/2021 - 20:32:18: [basecommands.smx] "Console<0><Console><Console>" changed cvar (cvar "versus_witch_chance_intro") (value "0")
L 05/10/2021 - 20:32:18: [basecommands.smx] "Console<0><Console><Console>" changed cvar (cvar "versus_witch_chance_finale") (value "0")
L 05/10/2021 - 20:32:18: [basecommands.smx] "Console<0><Console><Console>" changed cvar (cvar "versus_witch_chance") (value "1")
L 05/10/2021 - 20:32:18: [basecommands.smx] "Console<0><Console><Console>" changed cvar (cvar "director_force_tank") (value "1")
L 05/10/2021 - 20:32:18: [basecommands.smx] "Console<0><Console><Console>" changed cvar (cvar "versus_boss_flow_min") (value "0.4")
L 05/10/2021 - 20:32:18: [basecommands.smx] "Console<0><Console><Console>" changed cvar (cvar "versus_boss_flow_max") (value "0.6")
L 05/10/2021 - 20:32:18: [basecommands.smx] "Console<0><Console><Console>" changed cvar (cvar "versus_boss_flow_min_intro") (value "0.1")
L 05/10/2021 - 20:32:18: [basecommands.smx] "Console<0><Console><Console>" changed cvar (cvar "versus_boss_flow_max_intro") (value "0.2")
L 05/10/2021 - 20:32:18: [basecommands.smx] "Console<0><Console><Console>" changed cvar (cvar "versus_boss_flow_min_finale") (value "0.1")
L 05/10/2021 - 20:32:18: [basecommands.smx] "Console<0><Console><Console>" changed cvar (cvar "versus_boss_flow_max_finale") (value "0.2")
L 05/10/2021 - 20:32:18: [basecommands.smx] "Console<0><Console><Console>" changed cvar (cvar "boomer_vomit_delay") (value "0.1")
L 05/10/2021 - 20:32:18: [basecommands.smx] "Console<0><Console><Console>" changed cvar (cvar "smoker_tongue_delay") (value "0.1")
L 05/10/2021 - 20:32:18: [basecommands.smx] "Console<0><Console><Console>" changed cvar (cvar "vs_survival_bonus") (value "35")
L 05/10/2021 - 20:32:18: [basecommands.smx] "Console<0><Console><Console>" changed cvar (cvar "z_tank_throw_health") (value "10")
L 05/10/2021 - 20:32:18: [basecommands.smx] "Console<0><Console><Console>" changed cvar (cvar "sv_client_min_interp_ratio") (value "-1")
L 05/10/2021 - 20:32:18: [basecommands.smx] "Console<0><Console><Console>" changed cvar (cvar "sv_client_max_interp_ratio") (value "0")
L 05/10/2021 - 20:32:18: [basecommands.smx] "Console<0><Console><Console>" changed cvar (cvar "sv_minrate") (value "100000")
L 05/10/2021 - 20:32:18: [basecommands.smx] "Console<0><Console><Console>" changed cvar (cvar "sv_maxrate") (value "100000")
L 05/10/2021 - 20:32:18: [basecommands.smx] "Console<0><Console><Console>" changed cvar (cvar "sv_mincmdrate") (value "100")
L 05/10/2021 - 20:32:18: [basecommands.smx] "Console<0><Console><Console>" changed cvar (cvar "sv_maxcmdrate") (value "100")
L 05/10/2021 - 20:32:18: [basecommands.smx] "Console<0><Console><Console>" changed cvar (cvar "sv_minupdaterate") (value "100")
L 05/10/2021 - 20:32:18: [basecommands.smx] "Console<0><Console><Console>" changed cvar (cvar "sv_maxupdaterate") (value "100")
L 05/10/2021 - 20:32:18: [basecommands.smx] "Console<0><Console><Console>" changed cvar (cvar "nb_update_frequency") (value "0.014")
L 05/10/2021 - 20:32:19: [basecommands.smx] "Console<0><Console><Console>" changed cvar (cvar "net_splitpacket_maxrate") (value "50000")
L 05/10/2021 - 20:32:19: [basecommands.smx] "Console<0><Console><Console>" changed cvar (cvar "fps_max") (value "0")
L 05/10/2021 - 20:32:19: [basecommands.smx] "Console<0><Console><Console>" changed cvar (cvar "hostname") (value "Versus")
L 05/10/2021 - 20:33:45: [playercommands.smx] "McLovin™<3><STEAM_1:1:4151444><>" slapped "🥐Le Facture Sensuale🎮<4><STEAM_1:1:522713982><>" (damage "0")
L 05/10/2021 - 20:33:46: [playercommands.smx] "McLovin™<3><STEAM_1:1:4151444><>" slapped "🥐Le Facture Sensuale🎮<4><STEAM_1:1:522713982><>" (damage "0")
L 05/10/2021 - 20:33:46: [playercommands.smx] "McLovin™<3><STEAM_1:1:4151444><>" slapped "🥐Le Facture Sensuale🎮<4><STEAM_1:1:522713982><>" (damage "0")
L 05/10/2021 - 20:33:46: [playercommands.smx] "McLovin™<3><STEAM_1:1:4151444><>" slapped "🥐Le Facture Sensuale🎮<4><STEAM_1:1:522713982><>" (damage "0")
L 05/10/2021 - 20:33:46: [playercommands.smx] "McLovin™<3><STEAM_1:1:4151444><>" slapped "🥐Le Facture Sensuale🎮<4><STEAM_1:1:522713982><>" (damage "0")
L 05/10/2021 - 20:33:46: [playercommands.smx] "McLovin™<3><STEAM_1:1:4151444><>" slapped "🥐Le Facture Sensuale🎮<4><STEAM_1:1:522713982><>" (damage "0")
L 05/10/2021 - 20:33:47: [playercommands.smx] "McLovin™<3><STEAM_1:1:4151444><>" slapped "🥐Le Facture Sensuale🎮<4><STEAM_1:1:522713982><>" (damage "0")
L 05/10/2021 - 20:33:47: [playercommands.smx] "McLovin™<3><STEAM_1:1:4151444><>" slapped "🥐Le Facture Sensuale🎮<4><STEAM_1:1:522713982><>" (damage "0")
L 05/10/2021 - 20:33:54: [admin_hp.smx]  
L 05/10/2021 - 20:33:54: [admin_hp.smx]  
L 05/10/2021 - 20:33:58: [l4d2_skill_detect.smx] Clear: 2 freed 1 from 6: time: 2.16 / -1.00 -- class: jockey (with shove? 1)
L 05/10/2021 - 20:34:14: [basecommands.smx] "McLovin™<3><STEAM_1:1:4151444><>" changed cvar (cvar "vs_max_team_switches") (value "5")
L 05/10/2021 - 20:34:15: [basecommands.smx] "McLovin™<3><STEAM_1:1:4151444><>" changed cvar (cvar "vs_max_team_switches") (value "0")
L 05/10/2021 - 20:34:15: [basecommands.smx] "♛ Rain ♛<2><STEAM_1:0:162762726><>" changed cvar (cvar "vs_max_team_switches") (value "5")
L 05/10/2021 - 20:34:15: [basecommands.smx] "McLovin™<3><STEAM_1:1:4151444><>" changed cvar (cvar "vs_max_team_switches") (value "5")
L 05/10/2021 - 20:34:27: [basecommands.smx] "McLovin™<3><STEAM_1:1:4151444><>" changed cvar (cvar "vs_max_team_switches") (value "0")
L 05/10/2021 - 20:34:36: [admin_hp.smx]  
L 05/10/2021 - 20:34:55: -------- Mapchange to c10m1_caves --------
L 05/10/2021 - 20:34:57: [basecommands.smx] "Console<0><Console><Console>" changed cvar (cvar "sv_force_time_of_day") (value "0")
L 05/10/2021 - 20:34:57: [basecommands.smx] "Console<0><Console><Console>" changed cvar (cvar "z_witch_damage_per_kill_hit") (value "120")
L 05/10/2021 - 20:34:57: [basecommands.smx] "Console<0><Console><Console>" changed cvar (cvar "z_witch_anger_rate") (value "0.4")
L 05/10/2021 - 20:34:57: [basecommands.smx] "Console<0><Console><Console>" changed cvar (cvar "z_witch_flashlight_range") (value "2000")
L 05/10/2021 - 20:34:57: [basecommands.smx] "Console<0><Console><Console>" changed cvar (cvar "z_witch_burn_time") (value "100")
L 05/10/2021 - 20:34:57: [basecommands.smx] "Console<0><Console><Console>" changed cvar (cvar "z_tank_health") (value "4000")
L 05/10/2021 - 20:34:57: [basecommands.smx] "Console<0><Console><Console>" changed cvar (cvar "z_ghost_delay_min") (value "15")
L 05/10/2021 - 20:34:57: [basecommands.smx] "Console<0><Console><Console>" changed cvar (cvar "z_ghost_delay_max") (value "15")
L 05/10/2021 - 20:34:57: [basecommands.smx] "Console<0><Console><Console>" changed cvar (cvar "z_hunter_limit") (value "1")
L 05/10/2021 - 20:34:57: [basecommands.smx] "Console<0><Console><Console>" changed cvar (cvar "z_smoker_limit") (value "1")
L 05/10/2021 - 20:34:57: [basecommands.smx] "Console<0><Console><Console>" changed cvar (cvar "z_jockey_limit") (value "1")
L 05/10/2021 - 20:34:57: [basecommands.smx] "Console<0><Console><Console>" changed cvar (cvar "versus_tank_chance_intro") (value "1")
L 05/10/2021 - 20:34:57: [basecommands.smx] "Console<0><Console><Console>" changed cvar (cvar "versus_tank_chance_finale") (value "1")
L 05/10/2021 - 20:34:57: [basecommands.smx] "Console<0><Console><Console>" changed cvar (cvar "versus_tank_chance") (value "1")
L 05/10/2021 - 20:34:57: [basecommands.smx] "Console<0><Console><Console>" changed cvar (cvar "versus_witch_chance_intro") (value "0")
L 05/10/2021 - 20:34:57: [basecommands.smx] "Console<0><Console><Console>" changed cvar (cvar "versus_witch_chance_finale") (value "0")
L 05/10/2021 - 20:34:57: [basecommands.smx] "Console<0><Console><Console>" changed cvar (cvar "versus_witch_chance") (value "1")
L 05/10/2021 - 20:34:57: [basecommands.smx] "Console<0><Console><Console>" changed cvar (cvar "director_force_tank") (value "1")
L 05/10/2021 - 20:34:57: [basecommands.smx] "Console<0><Console><Console>" changed cvar (cvar "versus_boss_flow_min") (value "0.4")
L 05/10/2021 - 20:34:57: [basecommands.smx] "Console<0><Console><Console>" changed cvar (cvar "versus_boss_flow_max") (value "0.6")
L 05/10/2021 - 20:34:57: [basecommands.smx] "Console<0><Console><Console>" changed cvar (cvar "versus_boss_flow_min_intro") (value "0.1")
L 05/10/2021 - 20:34:57: [basecommands.smx] "Console<0><Console><Console>" changed cvar (cvar "versus_boss_flow_max_intro") (value "0.2")
L 05/10/2021 - 20:34:57: [basecommands.smx] "Console<0><Console><Console>" changed cvar (cvar "versus_boss_flow_min_finale") (value "0.1")
L 05/10/2021 - 20:34:57: [basecommands.smx] "Console<0><Console><Console>" changed cvar (cvar "versus_boss_flow_max_finale") (value "0.2")
L 05/10/2021 - 20:34:57: [basecommands.smx] "Console<0><Console><Console>" changed cvar (cvar "boomer_vomit_delay") (value "0.1")
L 05/10/2021 - 20:34:57: [basecommands.smx] "Console<0><Console><Console>" changed cvar (cvar "smoker_tongue_delay") (value "0.1")
L 05/10/2021 - 20:34:57: [basecommands.smx] "Console<0><Console><Console>" changed cvar (cvar "vs_survival_bonus") (value "35")
L 05/10/2021 - 20:34:57: [basecommands.smx] "Console<0><Console><Console>" changed cvar (cvar "z_tank_throw_health") (value "10")
L 05/10/2021 - 20:34:57: [basecommands.smx] "Console<0><Console><Console>" changed cvar (cvar "sv_client_min_interp_ratio") (value "-1")
L 05/10/2021 - 20:34:57: [basecommands.smx] "Console<0><Console><Console>" changed cvar (cvar "sv_client_max_interp_ratio") (value "0")
L 05/10/2021 - 20:34:57: [basecommands.smx] "Console<0><Console><Console>" changed cvar (cvar "sv_minrate") (value "100000")
L 05/10/2021 - 20:34:57: [basecommands.smx] "Console<0><Console><Console>" changed cvar (cvar "sv_maxrate") (value "100000")
L 05/10/2021 - 20:34:57: [basecommands.smx] "Console<0><Console><Console>" changed cvar (cvar "sv_mincmdrate") (value "100")
L 05/10/2021 - 20:34:57: [basecommands.smx] "Console<0><Console><Console>" changed cvar (cvar "sv_maxcmdrate") (value "100")
L 05/10/2021 - 20:34:57: [basecommands.smx] "Console<0><Console><Console>" changed cvar (cvar "sv_minupdaterate") (value "100")
L 05/10/2021 - 20:34:57: [basecommands.smx] "Console<0><Console><Console>" changed cvar (cvar "sv_maxupdaterate") (value "100")
L 05/10/2021 - 20:34:57: [basecommands.smx] "Console<0><Console><Console>" changed cvar (cvar "nb_update_frequency") (value "0.014")
L 05/10/2021 - 20:34:57: [basecommands.smx] "Console<0><Console><Console>" changed cvar (cvar "net_splitpacket_maxrate") (value "50000")
L 05/10/2021 - 20:34:57: [basecommands.smx] "Console<0><Console><Console>" changed cvar (cvar "fps_max") (value "0")
L 05/10/2021 - 20:34:57: [basecommands.smx] "Console<0><Console><Console>" changed cvar (cvar "hostname") (value "Versus")
L 05/10/2021 - 20:36:29: [l4d2_skill_detect.smx] Charge carry start: 7 - 2 -- time: 96.63
L 05/10/2021 - 20:36:31: [l4d2_skill_detect.smx] Clear: 5 freed 2 from 7: time: 0.60 / 1.58 -- class: charger (with shove? 0)
L 05/10/2021 - 20:36:32: [l4d2_skill_detect.smx] Checking charge victim: 7 - 2 - flags: 1 (alive? 1)
L 05/10/2021 - 20:36:41: [l4d2_skill_detect.smx] Clear: 1 freed 5 from 8: time: 0.68 / -1.00 -- class: hunter (with shove? 0)
L 05/10/2021 - 20:36:51: [l4d2_skill_detect.smx] Clear: 5 freed 3 from 4: time: -1.00 / 1.07 -- class: smoker (with shove? 0)
L 05/10/2021 - 20:37:04: [l4d2_skill_detect.smx] Charge carry start: 7 - 3 -- time: 131.47
L 05/10/2021 - 20:37:05: [l4d2_skill_detect.smx] Clear: 1 freed 3 from 7: time: 0.52 / 1.27 -- class: charger (with shove? 0)
L 05/10/2021 - 20:37:07: [l4d2_skill_detect.smx] Checking charge victim: 7 - 3 - flags: 1 (alive? 1)
L 05/10/2021 - 20:38:22: -------- Mapchange to c8m1_apartment --------
L 05/10/2021 - 20:38:25: [basecommands.smx] "Console<0><Console><Console>" changed cvar (cvar "sv_force_time_of_day") (value "0")
L 05/10/2021 - 20:38:25: [basecommands.smx] "Console<0><Console><Console>" changed cvar (cvar "z_witch_damage_per_kill_hit") (value "120")
L 05/10/2021 - 20:38:25: [basecommands.smx] "Console<0><Console><Console>" changed cvar (cvar "z_witch_anger_rate") (value "0.4")
L 05/10/2021 - 20:38:25: [basecommands.smx] "Console<0><Console><Console>" changed cvar (cvar "z_witch_flashlight_range") (value "2000")
L 05/10/2021 - 20:38:25: [basecommands.smx] "Console<0><Console><Console>" changed cvar (cvar "z_witch_burn_time") (value "100")
L 05/10/2021 - 20:38:25: [basecommands.smx] "Console<0><Console><Console>" changed cvar (cvar "z_tank_health") (value "4000")
L 05/10/2021 - 20:38:25: [basecommands.smx] "Console<0><Console><Console>" changed cvar (cvar "z_ghost_delay_min") (value "15")
L 05/10/2021 - 20:38:25: [basecommands.smx] "Console<0><Console><Console>" changed cvar (cvar "z_ghost_delay_max") (value "15")
L 05/10/2021 - 20:38:25: [basecommands.smx] "Console<0><Console><Console>" changed cvar (cvar "z_hunter_limit") (value "1")
L 05/10/2021 - 20:38:25: [basecommands.smx] "Console<0><Console><Console>" changed cvar (cvar "z_smoker_limit") (value "1")
L 05/10/2021 - 20:38:25: [basecommands.smx] "Console<0><Console><Console>" changed cvar (cvar "z_jockey_limit") (value "1")
L 05/10/2021 - 20:38:25: [basecommands.smx] "Console<0><Console><Console>" changed cvar (cvar "versus_tank_chance_intro") (value "1")
L 05/10/2021 - 20:38:25: [basecommands.smx] "Console<0><Console><Console>" changed cvar (cvar "versus_tank_chance_finale") (value "1")
L 05/10/2021 - 20:38:25: [basecommands.smx] "Console<0><Console><Console>" changed cvar (cvar "versus_tank_chance") (value "1")
L 05/10/2021 - 20:38:25: [basecommands.smx] "Console<0><Console><Console>" changed cvar (cvar "versus_witch_chance_intro") (value "0")
L 05/10/2021 - 20:38:25: [basecommands.smx] "Console<0><Console><Console>" changed cvar (cvar "versus_witch_chance_finale") (value "0")
L 05/10/2021 - 20:38:25: [basecommands.smx] "Console<0><Console><Console>" changed cvar (cvar "versus_witch_chance") (value "1")
L 05/10/2021 - 20:38:25: [basecommands.smx] "Console<0><Console><Console>" changed cvar (cvar "director_force_tank") (value "1")
L 05/10/2021 - 20:38:25: [basecommands.smx] "Console<0><Console><Console>" changed cvar (cvar "versus_boss_flow_min") (value "0.4")
L 05/10/2021 - 20:38:25: [basecommands.smx] "Console<0><Console><Console>" changed cvar (cvar "versus_boss_flow_max") (value "0.6")
L 05/10/2021 - 20:38:25: [basecommands.smx] "Console<0><Console><Console>" changed cvar (cvar "versus_boss_flow_min_intro") (value "0.1")
L 05/10/2021 - 20:38:25: [basecommands.smx] "Console<0><Console><Console>" changed cvar (cvar "versus_boss_flow_max_intro") (value "0.2")
L 05/10/2021 - 20:38:25: [basecommands.smx] "Console<0><Console><Console>" changed cvar (cvar "versus_boss_flow_min_finale") (value "0.1")
L 05/10/2021 - 20:38:25: [basecommands.smx] "Console<0><Console><Console>" changed cvar (cvar "versus_boss_flow_max_finale") (value "0.2")
L 05/10/2021 - 20:38:25: [basecommands.smx] "Console<0><Console><Console>" changed cvar (cvar "boomer_vomit_delay") (value "0.1")
L 05/10/2021 - 20:38:25: [basecommands.smx] "Console<0><Console><Console>" changed cvar (cvar "smoker_tongue_delay") (value "0.1")
L 05/10/2021 - 20:38:25: [basecommands.smx] "Console<0><Console><Console>" changed cvar (cvar "vs_survival_bonus") (value "35")
L 05/10/2021 - 20:38:25: [basecommands.smx] "Console<0><Console><Console>" changed cvar (cvar "z_tank_throw_health") (value "10")
L 05/10/2021 - 20:38:25: [basecommands.smx] "Console<0><Console><Console>" changed cvar (cvar "sv_client_min_interp_ratio") (value "-1")
L 05/10/2021 - 20:38:25: [basecommands.smx] "Console<0><Console><Console>" changed cvar (cvar "sv_client_max_interp_ratio") (value "0")
L 05/10/2021 - 20:38:25: [basecommands.smx] "Console<0><Console><Console>" changed cvar (cvar "sv_minrate") (value "100000")
L 05/10/2021 - 20:38:25: [basecommands.smx] "Console<0><Console><Console>" changed cvar (cvar "sv_maxrate") (value "100000")
L 05/10/2021 - 20:38:25: [basecommands.smx] "Console<0><Console><Console>" changed cvar (cvar "sv_mincmdrate") (value "100")
L 05/10/2021 - 20:38:25: [basecommands.smx] "Console<0><Console><Console>" changed cvar (cvar "sv_maxcmdrate") (value "100")
L 05/10/2021 - 20:38:25: [basecommands.smx] "Console<0><Console><Console>" changed cvar (cvar "sv_minupdaterate") (value "100")
L 05/10/2021 - 20:38:25: [basecommands.smx] "Console<0><Console><Console>" changed cvar (cvar "sv_maxupdaterate") (value "100")
L 05/10/2021 - 20:38:25: [basecommands.smx] "Console<0><Console><Console>" changed cvar (cvar "nb_update_frequency") (value "0.014")
L 05/10/2021 - 20:38:25: [basecommands.smx] "Console<0><Console><Console>" changed cvar (cvar "net_splitpacket_maxrate") (value "50000")
L 05/10/2021 - 20:38:25: [basecommands.smx] "Console<0><Console><Console>" changed cvar (cvar "fps_max") (value "0")
L 05/10/2021 - 20:38:25: [basecommands.smx] "Console<0><Console><Console>" changed cvar (cvar "hostname") (value "Versus")
L 05/10/2021 - 20:39:59: [l4d2_skill_detect.smx] Clear: 3 freed 2 from 4: time: 0.11 / 1.20 -- class: smoker (with shove? 1)
L 05/10/2021 - 20:40:27: [l4d2_skill_detect.smx] Clear: 5 freed 2 from 7: time: 0.97 / -1.00 -- class: jockey (with shove? 1)
L 05/10/2021 - 20:40:38: [l4d2_skill_detect.smx] Clear: 1 freed 5 from 4: time: 0.27 / 1.78 -- class: smoker (with shove? 1)
L 05/10/2021 - 20:41:07: [l4d2_skill_detect.smx] Clear: 5 freed 2 from 4: time: 0.58 / 1.31 -- class: smoker (with shove? 1)
L 05/10/2021 - 20:41:12: [l4d2_skill_detect.smx] Clear: 3 freed 2 from 7: time: 1.23 / -1.00 -- class: hunter (with shove? 0)
L 05/10/2021 - 20:41:13: [admin_hp.smx]  
L 05/10/2021 - 20:41:16: [l4d2_skill_detect.smx] Charge carry start: 6 - 2 -- time: 181.36
L 05/10/2021 - 20:41:19: [l4d2_skill_detect.smx] Clear: 3 freed 2 from 6: time: 0.91 / 2.36 -- class: charger (with shove? 0)
L 05/10/2021 - 20:41:20: [l4d2_skill_detect.smx] Checking charge victim: 6 - 2 - flags: 1 (alive? 1)
L 05/10/2021 - 20:41:33: [l4d2_skill_detect.smx] Clear: 5 freed 5 from 4: time: -1.00 / 0.02 -- class: smoker (with shove? 0)
L 05/10/2021 - 20:41:40: [l4d2_skill_detect.smx] Clear: 2 freed 5 from 4: time: -1.00 / 1.25 -- class: smoker (with shove? 1)
L 05/10/2021 - 20:42:06: [l4d2_skill_detect.smx] Charge carry start: 9 - 3 -- time: 231.30
L 05/10/2021 - 20:42:08: [l4d2_skill_detect.smx] Clear: 2 freed 3 from 9: time: 0.64 / 1.66 -- class: charger (with shove? 0)
L 05/10/2021 - 20:42:09: [l4d2_skill_detect.smx] Checking charge victim: 9 - 3 - flags: 1 (alive? 1)
L 05/10/2021 - 20:42:11: [l4d2_skill_detect.smx] Clear: 5 freed 2 from 8: time: 2.47 / -1.00 -- class: hunter (with shove? 1)
L 05/10/2021 - 20:42:14: [l4d2_skill_detect.smx] Clear: 1 freed 5 from 6: time: 2.63 / -1.00 -- class: jockey (with shove? 0)
L 05/10/2021 - 20:42:50: [l4d2_skill_detect.smx] Clear: 3 freed 5 from 6: time: 1.25 / -1.00 -- class: hunter (with shove? 0)
L 05/10/2021 - 20:42:55: [l4d2_skill_detect.smx] Clear: 1 freed 5 from 4: time: -1.00 / 4.39 -- class: smoker (with shove? 0)
L 05/10/2021 - 20:42:57: [l4d2_skill_detect.smx] Charge carry start: 7 - 2 -- time: 282.14
L 05/10/2021 - 20:43:01: [l4d2_skill_detect.smx] Checking charge victim: 7 - 2 - flags: 1 (alive? 1)
L 05/10/2021 - 20:43:02: [l4d2_skill_detect.smx] Clear: 1 freed 2 from 7: time: 3.75 / 5.26 -- class: charger (with shove? 0)
L 05/10/2021 - 20:43:15: [l4d2_skill_detect.smx] Witch Crown Check: crown shot: 746, harrassed: 1 (full health: 1000 / drawthresh: 500 / oneshot 0)
L 05/10/2021 - 20:43:27: [l4d2_skill_detect.smx] Clear: 3 freed 1 from 4: time: -1.00 / 0.10 -- class: smoker (with shove? 1)
L 05/10/2021 - 20:43:42: [l4d2_skill_detect.smx] Charge carry start: 6 - 1 -- time: 326.85
L 05/10/2021 - 20:43:42: [l4d2_skill_detect.smx] Clear: 1 freed 1 from 6: time: 0.00 / 0.02 -- class: charger (with shove? 0)
L 05/10/2021 - 20:43:45: [l4d2_skill_detect.smx] Checking charge victim: 6 - 1 - flags: 1 (alive? 1)
L 05/10/2021 - 20:44:55: [l4d2_skill_detect.smx] Clear: 10 freed 10 from 2: time: -1.00 / 0.77 -- class: smoker (with shove? 1)
L 05/10/2021 - 20:45:41: [l4d2_skill_detect.smx] Clear: 11 freed 10 from 5: time: 11.71 / -1.00 -- class: hunter (with shove? 0)
L 05/10/2021 - 20:46:38: -------- Mapchange to c8m2_subway --------
L 05/10/2021 - 20:46:40: [basecommands.smx] "Console<0><Console><Console>" changed cvar (cvar "sv_force_time_of_day") (value "0")
L 05/10/2021 - 20:46:40: [basecommands.smx] "Console<0><Console><Console>" changed cvar (cvar "z_witch_damage_per_kill_hit") (value "120")
L 05/10/2021 - 20:46:40: [basecommands.smx] "Console<0><Console><Console>" changed cvar (cvar "z_witch_anger_rate") (value "0.4")
L 05/10/2021 - 20:46:40: [basecommands.smx] "Console<0><Console><Console>" changed cvar (cvar "z_witch_flashlight_range") (value "2000")
L 05/10/2021 - 20:46:40: [basecommands.smx] "Console<0><Console><Console>" changed cvar (cvar "z_witch_burn_time") (value "100")
L 05/10/2021 - 20:46:40: [basecommands.smx] "Console<0><Console><Console>" changed cvar (cvar "z_tank_health") (value "4000")
L 05/10/2021 - 20:46:40: [basecommands.smx] "Console<0><Console><Console>" changed cvar (cvar "z_ghost_delay_min") (value "15")
L 05/10/2021 - 20:46:40: [basecommands.smx] "Console<0><Console><Console>" changed cvar (cvar "z_ghost_delay_max") (value "15")
L 05/10/2021 - 20:46:40: [basecommands.smx] "Console<0><Console><Console>" changed cvar (cvar "z_hunter_limit") (value "1")
L 05/10/2021 - 20:46:40: [basecommands.smx] "Console<0><Console><Console>" changed cvar (cvar "z_smoker_limit") (value "1")
L 05/10/2021 - 20:46:40: [basecommands.smx] "Console<0><Console><Console>" changed cvar (cvar "z_jockey_limit") (value "1")
L 05/10/2021 - 20:46:40: [basecommands.smx] "Console<0><Console><Console>" changed cvar (cvar "versus_tank_chance_intro") (value "1")
L 05/10/2021 - 20:46:40: [basecommands.smx] "Console<0><Console><Console>" changed cvar (cvar "versus_tank_chance_finale") (value "1")
L 05/10/2021 - 20:46:40: [basecommands.smx] "Console<0><Console><Console>" changed cvar (cvar "versus_tank_chance") (value "1")
L 05/10/2021 - 20:46:40: [basecommands.smx] "Console<0><Console><Console>" changed cvar (cvar "versus_witch_chance_intro") (value "0")
L 05/10/2021 - 20:46:40: [basecommands.smx] "Console<0><Console><Console>" changed cvar (cvar "versus_witch_chance_finale") (value "0")
L 05/10/2021 - 20:46:40: [basecommands.smx] "Console<0><Console><Console>" changed cvar (cvar "versus_witch_chance") (value "1")
L 05/10/2021 - 20:46:40: [basecommands.smx] "Console<0><Console><Console>" changed cvar (cvar "director_force_tank") (value "1")
L 05/10/2021 - 20:46:40: [basecommands.smx] "Console<0><Console><Console>" changed cvar (cvar "versus_boss_flow_min") (value "0.4")
L 05/10/2021 - 20:46:40: [basecommands.smx] "Console<0><Console><Console>" changed cvar (cvar "versus_boss_flow_max") (value "0.6")
L 05/10/2021 - 20:46:40: [basecommands.smx] "Console<0><Console><Console>" changed cvar (cvar "versus_boss_flow_min_intro") (value "0.1")
L 05/10/2021 - 20:46:40: [basecommands.smx] "Console<0><Console><Console>" changed cvar (cvar "versus_boss_flow_max_intro") (value "0.2")
L 05/10/2021 - 20:46:40: [basecommands.smx] "Console<0><Console><Console>" changed cvar (cvar "versus_boss_flow_min_finale") (value "0.1")
L 05/10/2021 - 20:46:40: [basecommands.smx] "Console<0><Console><Console>" changed cvar (cvar "versus_boss_flow_max_finale") (value "0.2")
L 05/10/2021 - 20:46:40: [basecommands.smx] "Console<0><Console><Console>" changed cvar (cvar "boomer_vomit_delay") (value "0.1")
L 05/10/2021 - 20:46:40: [basecommands.smx] "Console<0><Console><Console>" changed cvar (cvar "smoker_tongue_delay") (value "0.1")
L 05/10/2021 - 20:46:40: [basecommands.smx] "Console<0><Console><Console>" changed cvar (cvar "vs_survival_bonus") (value "35")
L 05/10/2021 - 20:46:40: [basecommands.smx] "Console<0><Console><Console>" changed cvar (cvar "z_tank_throw_health") (value "10")
L 05/10/2021 - 20:46:40: [basecommands.smx] "Console<0><Console><Console>" changed cvar (cvar "sv_client_min_interp_ratio") (value "-1")
L 05/10/2021 - 20:46:40: [basecommands.smx] "Console<0><Console><Console>" changed cvar (cvar "sv_client_max_interp_ratio") (value "0")
L 05/10/2021 - 20:46:40: [basecommands.smx] "Console<0><Console><Console>" changed cvar (cvar "sv_minrate") (value "100000")
L 05/10/2021 - 20:46:40: [basecommands.smx] "Console<0><Console><Console>" changed cvar (cvar "sv_maxrate") (value "100000")
L 05/10/2021 - 20:46:40: [basecommands.smx] "Console<0><Console><Console>" changed cvar (cvar "sv_mincmdrate") (value "100")
L 05/10/2021 - 20:46:40: [basecommands.smx] "Console<0><Console><Console>" changed cvar (cvar "sv_maxcmdrate") (value "100")
L 05/10/2021 - 20:46:40: [basecommands.smx] "Console<0><Console><Console>" changed cvar (cvar "sv_minupdaterate") (value "100")
L 05/10/2021 - 20:46:40: [basecommands.smx] "Console<0><Console><Console>" changed cvar (cvar "sv_maxupdaterate") (value "100")
L 05/10/2021 - 20:46:40: [basecommands.smx] "Console<0><Console><Console>" changed cvar (cvar "nb_update_frequency") (value "0.014")
L 05/10/2021 - 20:46:40: [basecommands.smx] "Console<0><Console><Console>" changed cvar (cvar "net_splitpacket_maxrate") (value "50000")
L 05/10/2021 - 20:46:40: [basecommands.smx] "Console<0><Console><Console>" changed cvar (cvar "fps_max") (value "0")
L 05/10/2021 - 20:46:40: [basecommands.smx] "Console<0><Console><Console>" changed cvar (cvar "hostname") (value "Versus")
L 05/10/2021 - 20:49:08: [l4d2_skill_detect.smx] Clear: 3 freed 2 from 7: time: 2.38 / -1.00 -- class: jockey (with shove? 0)
L 05/10/2021 - 20:49:09: [l4d2_skill_detect.smx] Charge carry start: 6 - 5 -- time: 146.47
L 05/10/2021 - 20:49:12: [l4d2_skill_detect.smx] Checking charge victim: 6 - 5 - flags: 1 (alive? 1)
L 05/10/2021 - 20:49:15: [l4d2_skill_detect.smx] Clear: 2 freed 5 from 6: time: 5.59 / 6.53 -- class: charger (with shove? 0)
L 05/10/2021 - 20:49:40: [l4d2_skill_detect.smx] Clear: 5 freed 1 from 6: time: 0.14 / 1.15 -- class: smoker (with shove? 0)
L 05/10/2021 - 20:50:11: [l4d2_skill_detect.smx] Clear: 5 freed 1 from 7: time: 1.77 / -1.00 -- class: hunter (with shove? 0)
L 05/10/2021 - 20:50:38: [l4d2_skill_detect.smx] Charge carry start: 9 - 1 -- time: 235.64
L 05/10/2021 - 20:50:42: [l4d2_skill_detect.smx] Checking charge victim: 9 - 3 - flags: 0 (alive? 1)
L 05/10/2021 - 20:50:43: [l4d2_skill_detect.smx] Checking charge victim: 9 - 1 - flags: 1 (alive? 1)
L 05/10/2021 - 20:50:43: [l4d2_skill_detect.smx] Clear: 5 freed 1 from 9: time: 2.29 / 5.00 -- class: charger (with shove? 0)
L 05/10/2021 - 20:50:51: [l4d2_skill_detect.smx] Clear: 5 freed 3 from 7: time: 2.63 / 2.98 -- class: smoker (with shove? 1)
L 05/10/2021 - 20:51:18: [l4d2_skill_detect.smx] Clear: 3 freed 5 from 6: time: 3.76 / -1.00 -- class: hunter (with shove? 0)
L 05/10/2021 - 20:51:39: [l4d2_skill_detect.smx] Clear: 1 freed 3 from 8: time: 1.00 / 296.38 -- class: charger (with shove? 0)
L 05/10/2021 - 20:51:48: [l4d2_skill_detect.smx] Clear: 2 freed 5 from 6: time: 2.97 / -1.00 -- class: jockey (with shove? 0)
L 05/10/2021 - 20:51:54: [l4d2_skill_detect.smx] Witch Crown Check: Failed: bungled: 1 / crowntype: 0 (entity: 1153)
L 05/10/2021 - 20:51:54: [l4d2_skill_detect.smx] Witch Crown Check: Further details: attacker: 🥐Le Facture Sensuale🎮, attacker dmg: 46, teamless dmg: 0
L 05/10/2021 - 20:52:07: [l4d2_skill_detect.smx] Charge carry start: 9 - 2 -- time: 324.94
L 05/10/2021 - 20:52:08: [l4d2_skill_detect.smx] Clear: 5 freed 2 from 9: time: 0.00 / 0.27 -- class: charger (with shove? 0)
L 05/10/2021 - 20:52:10: [l4d2_skill_detect.smx] Checking charge victim: 9 - 2 - flags: 1 (alive? 1)
L 05/10/2021 - 20:52:10: [l4d2_skill_detect.smx] Checking charge victim: 9 - 1 - flags: 0 (alive? 1)
L 05/10/2021 - 20:52:11: [l4d2_skill_detect.smx] Checking charge victim: 9 - 3 - flags: 0 (alive? 1)
L 05/10/2021 - 20:52:12: [l4d2_skill_detect.smx] Clear: 3 freed 2 from 8: time: -1.00 / 3.33 -- class: smoker (with shove? 0)
L 05/10/2021 - 20:52:52: [l4d2_skill_detect.smx] Clear: 1 freed 2 from 4: time: 2.44 / 3.11 -- class: smoker (with shove? 1)
L 05/10/2021 - 20:53:04: [l4d2_skill_detect.smx] Clear: 3 freed 2 from 9: time: 3.79 / -1.00 -- class: jockey (with shove? 0)
L 05/10/2021 - 20:53:42: [l4d2_skill_detect.smx] Clear: 1 freed 5 from 6: time: -1.00 / 2.57 -- class: smoker (with shove? 0)
L 05/10/2021 - 20:54:21: [l4d2_skill_detect.smx] Charge carry start: 8 - 1 -- time: 458.72
L 05/10/2021 - 20:54:23: [l4d2_skill_detect.smx] Clear: 5 freed 1 from 8: time: 0.73 / 1.60 -- class: charger (with shove? 0)
L 05/10/2021 - 20:54:24: [l4d2_skill_detect.smx] Checking charge victim: 8 - 1 - flags: 1 (alive? 1)
L 05/10/2021 - 20:54:35: [l4d2_skill_detect.smx] Clear: 5 freed 5 from 7: time: -1.00 / 0.00 -- class: smoker (with shove? 0)
L 05/10/2021 - 20:54:46: [l4d2_skill_detect.smx] Clear: 1 freed 5 from 7: time: -1.00 / 4.66 -- class: smoker (with shove? 0)
L 05/10/2021 - 20:54:54: [l4d2_skill_detect.smx] calarm trigger: caller 1571 / activator 1571 / delay: 0.00
L 05/10/2021 - 20:54:55: [l4d2_skill_detect.smx] Clear: 1 freed 5 from 8: time: 1.80 / -1.00 -- class: hunter (with shove? 0)
L 05/10/2021 - 20:55:15: [l4d2_skill_detect.smx] Charge carry start: 6 - 1 -- time: 512.27
L 05/10/2021 - 20:55:16: [l4d2_skill_detect.smx] Clear: 3 freed 1 from 6: time: 0.19 / 1.30 -- class: charger (with shove? 0)
L 05/10/2021 - 20:55:18: [l4d2_skill_detect.smx] Checking charge victim: 6 - 1 - flags: 1 (alive? 1)
L 05/10/2021 - 20:55:25: [l4d2_skill_detect.smx] Clear: 2 freed 3 from 9: time: -1.00 / 0.64 -- class: smoker (with shove? 0)
L 05/10/2021 - 20:58:30: [l4d2_skill_detect.smx] Clear: 10 freed 9 from 3: time: 1.24 / -1.00 -- class: hunter (with shove? 1)
L 05/10/2021 - 20:58:55: [l4d2_skill_detect.smx] Charge carry start: 3 - 11 -- time: 732.64
L 05/10/2021 - 20:58:57: [l4d2_skill_detect.smx] Clear: 10 freed 11 from 3: time: 0.95 / 1.90 -- class: charger (with shove? 0)
L 05/10/2021 - 20:58:58: [l4d2_skill_detect.smx] Checking charge victim: 3 - 11 - flags: 1 (alive? 1)
L 05/10/2021 - 20:58:59: [l4d2_skill_detect.smx] Checking charge victim: 3 - 9 - flags: 0 (alive? 1)
L 05/10/2021 - 20:59:31: -------- Mapchange to c4m1_milltown_a --------
L 05/10/2021 - 20:59:33: [basecommands.smx] "Console<0><Console><Console>" changed cvar (cvar "sv_force_time_of_day") (value "0")
L 05/10/2021 - 20:59:33: [basecommands.smx] "Console<0><Console><Console>" changed cvar (cvar "z_witch_damage_per_kill_hit") (value "120")
L 05/10/2021 - 20:59:33: [basecommands.smx] "Console<0><Console><Console>" changed cvar (cvar "z_witch_anger_rate") (value "0.4")
L 05/10/2021 - 20:59:33: [basecommands.smx] "Console<0><Console><Console>" changed cvar (cvar "z_witch_flashlight_range") (value "2000")
L 05/10/2021 - 20:59:33: [basecommands.smx] "Console<0><Console><Console>" changed cvar (cvar "z_witch_burn_time") (value "100")
L 05/10/2021 - 20:59:33: [basecommands.smx] "Console<0><Console><Console>" changed cvar (cvar "z_tank_health") (value "4000")
L 05/10/2021 - 20:59:33: [basecommands.smx] "Console<0><Console><Console>" changed cvar (cvar "z_ghost_delay_min") (value "15")
L 05/10/2021 - 20:59:33: [basecommands.smx] "Console<0><Console><Console>" changed cvar (cvar "z_ghost_delay_max") (value "15")
L 05/10/2021 - 20:59:33: [basecommands.smx] "Console<0><Console><Console>" changed cvar (cvar "z_hunter_limit") (value "1")
L 05/10/2021 - 20:59:33: [basecommands.smx] "Console<0><Console><Console>" changed cvar (cvar "z_smoker_limit") (value "1")
L 05/10/2021 - 20:59:33: [basecommands.smx] "Console<0><Console><Console>" changed cvar (cvar "z_jockey_limit") (value "1")
L 05/10/2021 - 20:59:33: [basecommands.smx] "Console<0><Console><Console>" changed cvar (cvar "versus_tank_chance_intro") (value "1")
L 05/10/2021 - 20:59:33: [basecommands.smx] "Console<0><Console><Console>" changed cvar (cvar "versus_tank_chance_finale") (value "1")
L 05/10/2021 - 20:59:33: [basecommands.smx] "Console<0><Console><Console>" changed cvar (cvar "versus_tank_chance") (value "1")
L 05/10/2021 - 20:59:33: [basecommands.smx] "Console<0><Console><Console>" changed cvar (cvar "versus_witch_chance_intro") (value "0")
L 05/10/2021 - 20:59:33: [basecommands.smx] "Console<0><Console><Console>" changed cvar (cvar "versus_witch_chance_finale") (value "0")
L 05/10/2021 - 20:59:33: [basecommands.smx] "Console<0><Console><Console>" changed cvar (cvar "versus_witch_chance") (value "1")
L 05/10/2021 - 20:59:33: [basecommands.smx] "Console<0><Console><Console>" changed cvar (cvar "director_force_tank") (value "1")
L 05/10/2021 - 20:59:33: [basecommands.smx] "Console<0><Console><Console>" changed cvar (cvar "versus_boss_flow_min") (value "0.4")
L 05/10/2021 - 20:59:33: [basecommands.smx] "Console<0><Console><Console>" changed cvar (cvar "versus_boss_flow_max") (value "0.6")
L 05/10/2021 - 20:59:33: [basecommands.smx] "Console<0><Console><Console>" changed cvar (cvar "versus_boss_flow_min_intro") (value "0.1")
L 05/10/2021 - 20:59:33: [basecommands.smx] "Console<0><Console><Console>" changed cvar (cvar "versus_boss_flow_max_intro") (value "0.2")
L 05/10/2021 - 20:59:33: [basecommands.smx] "Console<0><Console><Console>" changed cvar (cvar "versus_boss_flow_min_finale") (value "0.1")
L 05/10/2021 - 20:59:33: [basecommands.smx] "Console<0><Console><Console>" changed cvar (cvar "versus_boss_flow_max_finale") (value "0.2")
L 05/10/2021 - 20:59:33: [basecommands.smx] "Console<0><Console><Console>" changed cvar (cvar "boomer_vomit_delay") (value "0.1")
L 05/10/2021 - 20:59:33: [basecommands.smx] "Console<0><Console><Console>" changed cvar (cvar "smoker_tongue_delay") (value "0.1")
L 05/10/2021 - 20:59:33: [basecommands.smx] "Console<0><Console><Console>" changed cvar (cvar "vs_survival_bonus") (value "35")
L 05/10/2021 - 20:59:33: [basecommands.smx] "Console<0><Console><Console>" changed cvar (cvar "z_tank_throw_health") (value "10")
L 05/10/2021 - 20:59:33: [basecommands.smx] "Console<0><Console><Console>" changed cvar (cvar "sv_client_min_interp_ratio") (value "-1")
L 05/10/2021 - 20:59:33: [basecommands.smx] "Console<0><Console><Console>" changed cvar (cvar "sv_client_max_interp_ratio") (value "0")
L 05/10/2021 - 20:59:33: [basecommands.smx] "Console<0><Console><Console>" changed cvar (cvar "sv_minrate") (value "100000")
L 05/10/2021 - 20:59:33: [basecommands.smx] "Console<0><Console><Console>" changed cvar (cvar "sv_maxrate") (value "100000")
L 05/10/2021 - 20:59:33: [basecommands.smx] "Console<0><Console><Console>" changed cvar (cvar "sv_mincmdrate") (value "100")
L 05/10/2021 - 20:59:33: [basecommands.smx] "Console<0><Console><Console>" changed cvar (cvar "sv_maxcmdrate") (value "100")
L 05/10/2021 - 20:59:33: [basecommands.smx] "Console<0><Console><Console>" changed cvar (cvar "sv_minupdaterate") (value "100")
L 05/10/2021 - 20:59:33: [basecommands.smx] "Console<0><Console><Console>" changed cvar (cvar "sv_maxupdaterate") (value "100")
L 05/10/2021 - 20:59:33: [basecommands.smx] "Console<0><Console><Console>" changed cvar (cvar "nb_update_frequency") (value "0.014")
L 05/10/2021 - 20:59:33: [basecommands.smx] "Console<0><Console><Console>" changed cvar (cvar "net_splitpacket_maxrate") (value "50000")
L 05/10/2021 - 20:59:33: [basecommands.smx] "Console<0><Console><Console>" changed cvar (cvar "fps_max") (value "0")
L 05/10/2021 - 20:59:33: [basecommands.smx] "Console<0><Console><Console>" changed cvar (cvar "hostname") (value "Versus")
L 05/10/2021 - 21:01:06: [l4d2_skill_detect.smx] Charge carry start: 6 - 5 -- time: 108.54
L 05/10/2021 - 21:01:07: [l4d2_skill_detect.smx] Clear: 0 freed 1 from 6: time: 0.00 / 1.06 -- class: charger (with shove? 0)
L 05/10/2021 - 21:01:08: [l4d2_skill_detect.smx] Checking charge victim: 6 - 5 - flags: 43 (alive? 0)
L 05/10/2021 - 21:01:30: [l4d2_skill_detect.smx] Clear: 2 freed 3 from 6: time: 1.12 / 2.22 -- class: smoker (with shove? 1)
L 05/10/2021 - 21:01:42: [l4d2_skill_detect.smx] Clear: 1 freed 3 from 4: time: 3.72 / -1.00 -- class: jockey (with shove? 0)
L 05/10/2021 - 21:01:49: [l4d2_skill_detect.smx] Clear: 1 freed 2 from 7: time: 0.61 / -1.00 -- class: hunter (with shove? 0)
L 05/10/2021 - 21:03:13: [l4d2_skill_detect.smx] Clear: 2 freed 3 from 4: time: 1.12 / -1.00 -- class: jockey (with shove? 0)
L 05/10/2021 - 21:03:42: [l4d2_skill_detect.smx] Clear: 2 freed 3 from 8: time: 2.02 / -1.00 -- class: hunter (with shove? 0)
L 05/10/2021 - 21:03:58: [l4d2_skill_detect.smx] Charge carry start: 7 - 6 -- time: 280.60
L 05/10/2021 - 21:04:02: [l4d2_skill_detect.smx] Checking charge victim: 7 - 6 - flags: 1 (alive? 1)
L 05/10/2021 - 21:04:07: [l4d2_skill_detect.smx] Clear: 3 freed 5 from 8: time: -1.00 / 1.54 -- class: smoker (with shove? 0)
L 05/10/2021 - 21:04:08: [basecommands.smx] "♛ Rain ♛<2><STEAM_1:0:162762726><>" changed cvar (cvar "vs_max_team_switches") (value "5")
L 05/10/2021 - 21:04:25: [l4d2_skill_detect.smx] calarm trigger: caller 1091 / activator 1091 / delay: 0.00
L 05/10/2021 - 21:04:48: -------- Mapchange to c5m1_waterfront --------
L 05/10/2021 - 21:04:50: [basecommands.smx] "Console<0><Console><Console>" changed cvar (cvar "sv_force_time_of_day") (value "0")
L 05/10/2021 - 21:04:50: [basecommands.smx] "Console<0><Console><Console>" changed cvar (cvar "z_witch_damage_per_kill_hit") (value "120")
L 05/10/2021 - 21:04:50: [basecommands.smx] "Console<0><Console><Console>" changed cvar (cvar "z_witch_anger_rate") (value "0.4")
L 05/10/2021 - 21:04:50: [basecommands.smx] "Console<0><Console><Console>" changed cvar (cvar "z_witch_flashlight_range") (value "2000")
L 05/10/2021 - 21:04:50: [basecommands.smx] "Console<0><Console><Console>" changed cvar (cvar "z_witch_burn_time") (value "100")
L 05/10/2021 - 21:04:50: [basecommands.smx] "Console<0><Console><Console>" changed cvar (cvar "z_tank_health") (value "4000")
L 05/10/2021 - 21:04:50: [basecommands.smx] "Console<0><Console><Console>" changed cvar (cvar "z_ghost_delay_min") (value "15")
L 05/10/2021 - 21:04:50: [basecommands.smx] "Console<0><Console><Console>" changed cvar (cvar "z_ghost_delay_max") (value "15")
L 05/10/2021 - 21:04:50: [basecommands.smx] "Console<0><Console><Console>" changed cvar (cvar "z_hunter_limit") (value "1")
L 05/10/2021 - 21:04:50: [basecommands.smx] "Console<0><Console><Console>" changed cvar (cvar "z_smoker_limit") (value "1")
L 05/10/2021 - 21:04:50: [basecommands.smx] "Console<0><Console><Console>" changed cvar (cvar "z_jockey_limit") (value "1")
L 05/10/2021 - 21:04:50: [basecommands.smx] "Console<0><Console><Console>" changed cvar (cvar "versus_tank_chance_intro") (value "1")
L 05/10/2021 - 21:04:50: [basecommands.smx] "Console<0><Console><Console>" changed cvar (cvar "versus_tank_chance_finale") (value "1")
L 05/10/2021 - 21:04:50: [basecommands.smx] "Console<0><Console><Console>" changed cvar (cvar "versus_tank_chance") (value "1")
L 05/10/2021 - 21:04:50: [basecommands.smx] "Console<0><Console><Console>" changed cvar (cvar "versus_witch_chance_intro") (value "0")
L 05/10/2021 - 21:04:50: [basecommands.smx] "Console<0><Console><Console>" changed cvar (cvar "versus_witch_chance_finale") (value "0")
L 05/10/2021 - 21:04:50: [basecommands.smx] "Console<0><Console><Console>" changed cvar (cvar "versus_witch_chance") (value "1")
L 05/10/2021 - 21:04:50: [basecommands.smx] "Console<0><Console><Console>" changed cvar (cvar "director_force_tank") (value "1")
L 05/10/2021 - 21:04:50: [basecommands.smx] "Console<0><Console><Console>" changed cvar (cvar "versus_boss_flow_min") (value "0.4")
L 05/10/2021 - 21:04:50: [basecommands.smx] "Console<0><Console><Console>" changed cvar (cvar "versus_boss_flow_max") (value "0.6")
L 05/10/2021 - 21:04:50: [basecommands.smx] "Console<0><Console><Console>" changed cvar (cvar "versus_boss_flow_min_intro") (value "0.1")
L 05/10/2021 - 21:04:50: [basecommands.smx] "Console<0><Console><Console>" changed cvar (cvar "versus_boss_flow_max_intro") (value "0.2")
L 05/10/2021 - 21:04:50: [basecommands.smx] "Console<0><Console><Console>" changed cvar (cvar "versus_boss_flow_min_finale") (value "0.1")
L 05/10/2021 - 21:04:50: [basecommands.smx] "Console<0><Console><Console>" changed cvar (cvar "versus_boss_flow_max_finale") (value "0.2")
L 05/10/2021 - 21:04:50: [basecommands.smx] "Console<0><Console><Console>" changed cvar (cvar "boomer_vomit_delay") (value "0.1")
L 05/10/2021 - 21:04:50: [basecommands.smx] "Console<0><Console><Console>" changed cvar (cvar "smoker_tongue_delay") (value "0.1")
L 05/10/2021 - 21:04:50: [basecommands.smx] "Console<0><Console><Console>" changed cvar (cvar "vs_survival_bonus") (value "35")
L 05/10/2021 - 21:04:50: [basecommands.smx] "Console<0><Console><Console>" changed cvar (cvar "z_tank_throw_health") (value "10")
L 05/10/2021 - 21:04:50: [basecommands.smx] "Console<0><Console><Console>" changed cvar (cvar "sv_client_min_interp_ratio") (value "-1")
L 05/10/2021 - 21:04:50: [basecommands.smx] "Console<0><Console><Console>" changed cvar (cvar "sv_client_max_interp_ratio") (value "0")
L 05/10/2021 - 21:04:50: [basecommands.smx] "Console<0><Console><Console>" changed cvar (cvar "sv_minrate") (value "100000")
L 05/10/2021 - 21:04:50: [basecommands.smx] "Console<0><Console><Console>" changed cvar (cvar "sv_maxrate") (value "100000")
L 05/10/2021 - 21:04:50: [basecommands.smx] "Console<0><Console><Console>" changed cvar (cvar "sv_mincmdrate") (value "100")
L 05/10/2021 - 21:04:50: [basecommands.smx] "Console<0><Console><Console>" changed cvar (cvar "sv_maxcmdrate") (value "100")
L 05/10/2021 - 21:04:50: [basecommands.smx] "Console<0><Console><Console>" changed cvar (cvar "sv_minupdaterate") (value "100")
L 05/10/2021 - 21:04:50: [basecommands.smx] "Console<0><Console><Console>" changed cvar (cvar "sv_maxupdaterate") (value "100")
L 05/10/2021 - 21:04:50: [basecommands.smx] "Console<0><Console><Console>" changed cvar (cvar "nb_update_frequency") (value "0.014")
L 05/10/2021 - 21:04:50: [basecommands.smx] "Console<0><Console><Console>" changed cvar (cvar "net_splitpacket_maxrate") (value "50000")
L 05/10/2021 - 21:04:50: [basecommands.smx] "Console<0><Console><Console>" changed cvar (cvar "fps_max") (value "0")
L 05/10/2021 - 21:04:50: [basecommands.smx] "Console<0><Console><Console>" changed cvar (cvar "hostname") (value "Versus")
L 05/10/2021 - 21:05:37: Log file closed.
