L 07/26/2021 - 20:19:02: SourceMod log file session started (file "D:\Steam\steamapps\common\Left 4 Dead 2\left4dead2\addons\sourcemod\logs\L20210726.log") (Version "1.10.0.6492")
L 07/26/2021 - 20:19:02: [simplewelcomemsg.smx] Set the maximum number of lines of.
L 07/26/2021 - 20:19:13: [basecommands.smx] "Console<0><Console><Console>" changed cvar (cvar "sv_force_time_of_day") (value "0")
L 07/26/2021 - 20:19:13: [basecommands.smx] "Console<0><Console><Console>" changed cvar (cvar "z_witch_damage_per_kill_hit") (value "120")
L 07/26/2021 - 20:19:13: [basecommands.smx] "Console<0><Console><Console>" changed cvar (cvar "z_witch_anger_rate") (value "0.4")
L 07/26/2021 - 20:19:13: [basecommands.smx] "Console<0><Console><Console>" changed cvar (cvar "z_witch_flashlight_range") (value "2000")
L 07/26/2021 - 20:19:13: [basecommands.smx] "Console<0><Console><Console>" changed cvar (cvar "z_witch_burn_time") (value "100")
L 07/26/2021 - 20:19:13: [basecommands.smx] "Console<0><Console><Console>" changed cvar (cvar "z_tank_health") (value "4000")
L 07/26/2021 - 20:19:13: [basecommands.smx] "Console<0><Console><Console>" changed cvar (cvar "z_ghost_delay_min") (value "15")
L 07/26/2021 - 20:19:13: [basecommands.smx] "Console<0><Console><Console>" changed cvar (cvar "z_ghost_delay_max") (value "15")
L 07/26/2021 - 20:19:13: [basecommands.smx] "Console<0><Console><Console>" changed cvar (cvar "z_hunter_limit") (value "1")
L 07/26/2021 - 20:19:13: [basecommands.smx] "Console<0><Console><Console>" changed cvar (cvar "z_smoker_limit") (value "1")
L 07/26/2021 - 20:19:13: [basecommands.smx] "Console<0><Console><Console>" changed cvar (cvar "z_jockey_limit") (value "1")
L 07/26/2021 - 20:19:13: [basecommands.smx] "Console<0><Console><Console>" changed cvar (cvar "versus_tank_chance_intro") (value "1")
L 07/26/2021 - 20:19:13: [basecommands.smx] "Console<0><Console><Console>" changed cvar (cvar "versus_tank_chance_finale") (value "1")
L 07/26/2021 - 20:19:13: [basecommands.smx] "Console<0><Console><Console>" changed cvar (cvar "versus_tank_chance") (value "1")
L 07/26/2021 - 20:19:13: [basecommands.smx] "Console<0><Console><Console>" changed cvar (cvar "versus_witch_chance_intro") (value "0")
L 07/26/2021 - 20:19:13: [basecommands.smx] "Console<0><Console><Console>" changed cvar (cvar "versus_witch_chance_finale") (value "0")
L 07/26/2021 - 20:19:13: [basecommands.smx] "Console<0><Console><Console>" changed cvar (cvar "versus_witch_chance") (value "1")
L 07/26/2021 - 20:19:13: [basecommands.smx] "Console<0><Console><Console>" changed cvar (cvar "director_force_tank") (value "1")
L 07/26/2021 - 20:19:13: [basecommands.smx] "Console<0><Console><Console>" changed cvar (cvar "versus_boss_flow_min") (value "0.4")
L 07/26/2021 - 20:19:13: [basecommands.smx] "Console<0><Console><Console>" changed cvar (cvar "versus_boss_flow_max") (value "0.6")
L 07/26/2021 - 20:19:13: [basecommands.smx] "Console<0><Console><Console>" changed cvar (cvar "versus_boss_flow_min_intro") (value "0.1")
L 07/26/2021 - 20:19:13: [basecommands.smx] "Console<0><Console><Console>" changed cvar (cvar "versus_boss_flow_max_intro") (value "0.2")
L 07/26/2021 - 20:19:13: [basecommands.smx] "Console<0><Console><Console>" changed cvar (cvar "versus_boss_flow_min_finale") (value "0.1")
L 07/26/2021 - 20:19:13: [basecommands.smx] "Console<0><Console><Console>" changed cvar (cvar "versus_boss_flow_max_finale") (value "0.2")
L 07/26/2021 - 20:19:13: [basecommands.smx] "Console<0><Console><Console>" changed cvar (cvar "boomer_vomit_delay") (value "0.1")
L 07/26/2021 - 20:19:13: [basecommands.smx] "Console<0><Console><Console>" changed cvar (cvar "smoker_tongue_delay") (value "0.1")
L 07/26/2021 - 20:19:13: [basecommands.smx] "Console<0><Console><Console>" changed cvar (cvar "vs_survival_bonus") (value "35")
L 07/26/2021 - 20:19:13: [basecommands.smx] "Console<0><Console><Console>" changed cvar (cvar "z_tank_throw_health") (value "10")
L 07/26/2021 - 20:19:13: [basecommands.smx] "Console<0><Console><Console>" changed cvar (cvar "sv_client_min_interp_ratio") (value "-1")
L 07/26/2021 - 20:19:13: [basecommands.smx] "Console<0><Console><Console>" changed cvar (cvar "sv_client_max_interp_ratio") (value "0")
L 07/26/2021 - 20:19:13: [basecommands.smx] "Console<0><Console><Console>" changed cvar (cvar "sv_minrate") (value "100000")
L 07/26/2021 - 20:19:13: [basecommands.smx] "Console<0><Console><Console>" changed cvar (cvar "sv_maxrate") (value "100000")
L 07/26/2021 - 20:19:13: [basecommands.smx] "Console<0><Console><Console>" changed cvar (cvar "sv_mincmdrate") (value "100")
L 07/26/2021 - 20:19:13: [basecommands.smx] "Console<0><Console><Console>" changed cvar (cvar "sv_maxcmdrate") (value "100")
L 07/26/2021 - 20:19:13: [basecommands.smx] "Console<0><Console><Console>" changed cvar (cvar "sv_minupdaterate") (value "100")
L 07/26/2021 - 20:19:13: [basecommands.smx] "Console<0><Console><Console>" changed cvar (cvar "sv_maxupdaterate") (value "100")
L 07/26/2021 - 20:19:13: [basecommands.smx] "Console<0><Console><Console>" changed cvar (cvar "nb_update_frequency") (value "0.014")
L 07/26/2021 - 20:19:13: [basecommands.smx] "Console<0><Console><Console>" changed cvar (cvar "net_splitpacket_maxrate") (value "50000")
L 07/26/2021 - 20:19:13: [basecommands.smx] "Console<0><Console><Console>" changed cvar (cvar "fps_max") (value "0")
L 07/26/2021 - 20:19:13: [basecommands.smx] "Console<0><Console><Console>" changed cvar (cvar "hostname") (value "Versus")
L 07/26/2021 - 20:20:52: [basecommands.smx] "♛ Rain ♛<2><STEAM_1:0:162762726><>" changed cvar (cvar "vs_max_team_switches") (value "5")
L 07/26/2021 - 20:21:42: [l4d2_skill_detect.smx] Clear: 5 freed 1 from 6: time: 0.91 / -1.00 -- class: hunter (with shove? 0)
L 07/26/2021 - 20:22:18: [l4d2_skill_detect.smx] Clear: 5 freed 8 from 10: time: 2.32 / -1.00 -- class: hunter (with shove? 0)
L 07/26/2021 - 20:22:31: [l4d2_skill_detect.smx] Charge carry start: 2 - 5 -- time: 188.63
L 07/26/2021 - 20:22:43: [l4d2_skill_detect.smx] Clear: 9 freed 4 from 3: time: 2.22 / -1.00 -- class: hunter (with shove? 0)
L 07/26/2021 - 20:22:52: [basecommands.smx] "♛ Rain ♛<2><STEAM_1:0:162762726><>" kicked "MRDS<15><STEAM_1:1:597807692><>" (reason "")
L 07/26/2021 - 20:23:17: [l4d2_skill_detect.smx] Clear: 7 freed 9 from 3: time: 6.94 / 9.89 -- class: smoker (with shove? 1)
L 07/26/2021 - 20:23:25: [l4d2_skill_detect.smx] Charge carry start: 6 - 9 -- time: 242.36
L 07/26/2021 - 20:23:27: [l4d2_skill_detect.smx] Clear: 1 freed 9 from 6: time: 0.52 / 1.97 -- class: charger (with shove? 0)
L 07/26/2021 - 20:23:28: [l4d2_skill_detect.smx] Checking charge victim: 6 - 9 - flags: 1 (alive? 1)
L 07/26/2021 - 20:23:53: [l4d2_skill_detect.smx] Clear: 7 freed 4 from 2: time: 1.58 / -1.00 -- class: hunter (with shove? 1)
L 07/26/2021 - 20:24:02: [l4d2_skill_detect.smx] Clear: 9 freed 1 from 2: time: 1.73 / -1.00 -- class: hunter (with shove? 0)
L 07/26/2021 - 20:24:22: [l4d2_skill_detect.smx] Clear: 4 freed 7 from 6: time: -1.00 / 1.07 -- class: smoker (with shove? 0)
L 07/26/2021 - 20:24:27: [l4d2_skill_detect.smx] Charge carry start: 3 - 4 -- time: 304.19
L 07/26/2021 - 20:24:29: [l4d2_skill_detect.smx] Clear: 7 freed 4 from 3: time: 0.07 / 1.99 -- class: charger (with shove? 0)
L 07/26/2021 - 20:24:31: [l4d2_skill_detect.smx] Checking charge victim: 3 - 4 - flags: 1 (alive? 1)
L 07/26/2021 - 20:24:41: [l4d2_skill_detect.smx] Clear: 9 freed 7 from 6: time: 0.43 / 2.18 -- class: smoker (with shove? 1)
L 07/26/2021 - 20:24:57: [l4d2_skill_detect.smx] Clear: 1 freed 7 from 3: time: 4.29 / -1.00 -- class: hunter (with shove? 0)
L 07/26/2021 - 20:25:57: [l4d2_skill_detect.smx] Clear: 1 freed 1 from 2: time: -1.00 / 0.14 -- class: smoker (with shove? 1)
L 07/26/2021 - 20:26:28: [l4d2_skill_detect.smx] Clear: 1 freed 4 from 2: time: 9.04 / -1.00 -- class: hunter (with shove? 0)
L 07/26/2021 - 20:28:34: [l4d2_skill_detect.smx] Clear: 8 freed 2 from 4: time: 0.41 / -1.00 -- class: hunter (with shove? 1)
L 07/26/2021 - 20:28:35: [l4d2_skill_detect.smx] Clear: 3 freed 2 from 4: time: 0.69 / -1.00 -- class: hunter (with shove? 0)
L 07/26/2021 - 20:28:44: [l4d2_skill_detect.smx] Clear: 6 freed 8 from 5: time: 0.65 / 2.15 -- class: smoker (with shove? 0)
L 07/26/2021 - 20:29:01: [l4d2_skill_detect.smx] Clear: 6 freed 3 from 4: time: 5.75 / -1.00 -- class: jockey (with shove? 1)
L 07/26/2021 - 20:29:50: [l4d2_skill_detect.smx] Charge carry start: 4 - 2 -- time: 627.28
L 07/26/2021 - 20:29:54: [l4d2_skill_detect.smx] Checking charge victim: 4 - 2 - flags: 1 (alive? 1)
L 07/26/2021 - 20:30:01: [l4d2_skill_detect.smx] Clear: 3 freed 2 from 1: time: 1.05 / 3.10 -- class: smoker (with shove? 0)
L 07/26/2021 - 20:30:32: [l4d2_skill_detect.smx] Charge carry start: 1 - 2 -- time: 669.21
L 07/26/2021 - 20:30:32: [l4d2_skill_detect.smx] Clear: 3 freed 2 from 1: time: 0.00 / 0.45 -- class: charger (with shove? 0)
L 07/26/2021 - 20:30:36: [l4d2_skill_detect.smx] Checking charge victim: 1 - 2 - flags: 1 (alive? 1)
L 07/26/2021 - 20:31:23: [basebans.smx] "♛ Rain ♛<2><STEAM_1:0:162762726><>" banned "G4uCh0ArG<33><STEAM_1:0:77389383><>" (minutes "0") (reason "afk")
L 07/26/2021 - 20:31:25: [l4d2_skill_detect.smx] Witch Crown Check: crown shot: 888, harrassed: 0 (full health: 1000 / drawthresh: 500 / oneshot 1)
L 07/26/2021 - 20:31:41: [l4d2_skill_detect.smx] Clear: 3 freed 8 from 1: time: 2.02 / -1.00 -- class: jockey (with shove? 1)
L 07/26/2021 - 20:32:21: [l4d2_skill_detect.smx] Charge carry start: 1 - 2 -- time: 778.50
L 07/26/2021 - 20:32:26: [l4d2_skill_detect.smx] Checking charge victim: 1 - 2 - flags: 1 (alive? 1)
L 07/26/2021 - 20:32:32: [l4d2_skill_detect.smx] Clear: 6 freed 2 from 1: time: 7.57 / 10.73 -- class: charger (with shove? 0)
L 07/26/2021 - 20:32:56: [l4d2_skill_detect.smx] Clear: 3 freed 6 from 5: time: 2.34 / -1.00 -- class: hunter (with shove? 0)
L 07/26/2021 - 20:33:09: [l4d2_skill_detect.smx] Clear: 3 freed 6 from 7: time: -1.00 / 3.44 -- class: smoker (with shove? 0)
L 07/26/2021 - 20:33:11: [l4d2_skill_detect.smx] Clear: 6 freed 3 from 4: time: 1.77 / -1.00 -- class: jockey (with shove? 1)
L 07/26/2021 - 20:33:39: [l4d2_skill_detect.smx] Clear: 6 freed 8 from 1: time: 1.84 / -1.00 -- class: hunter (with shove? 0)
L 07/26/2021 - 20:34:47: -------- Mapchange to c2m2_fairgrounds --------
L 07/26/2021 - 20:34:50: [basecommands.smx] "Console<0><Console><Console>" changed cvar (cvar "sv_force_time_of_day") (value "0")
L 07/26/2021 - 20:34:50: [basecommands.smx] "Console<0><Console><Console>" changed cvar (cvar "z_witch_damage_per_kill_hit") (value "120")
L 07/26/2021 - 20:34:50: [basecommands.smx] "Console<0><Console><Console>" changed cvar (cvar "z_witch_anger_rate") (value "0.4")
L 07/26/2021 - 20:34:50: [basecommands.smx] "Console<0><Console><Console>" changed cvar (cvar "z_witch_flashlight_range") (value "2000")
L 07/26/2021 - 20:34:50: [basecommands.smx] "Console<0><Console><Console>" changed cvar (cvar "z_witch_burn_time") (value "100")
L 07/26/2021 - 20:34:50: [basecommands.smx] "Console<0><Console><Console>" changed cvar (cvar "z_tank_health") (value "4000")
L 07/26/2021 - 20:34:50: [basecommands.smx] "Console<0><Console><Console>" changed cvar (cvar "z_ghost_delay_min") (value "15")
L 07/26/2021 - 20:34:50: [basecommands.smx] "Console<0><Console><Console>" changed cvar (cvar "z_ghost_delay_max") (value "15")
L 07/26/2021 - 20:34:50: [basecommands.smx] "Console<0><Console><Console>" changed cvar (cvar "z_hunter_limit") (value "1")
L 07/26/2021 - 20:34:50: [basecommands.smx] "Console<0><Console><Console>" changed cvar (cvar "z_smoker_limit") (value "1")
L 07/26/2021 - 20:34:50: [basecommands.smx] "Console<0><Console><Console>" changed cvar (cvar "z_jockey_limit") (value "1")
L 07/26/2021 - 20:34:50: [basecommands.smx] "Console<0><Console><Console>" changed cvar (cvar "versus_tank_chance_intro") (value "1")
L 07/26/2021 - 20:34:50: [basecommands.smx] "Console<0><Console><Console>" changed cvar (cvar "versus_tank_chance_finale") (value "1")
L 07/26/2021 - 20:34:50: [basecommands.smx] "Console<0><Console><Console>" changed cvar (cvar "versus_tank_chance") (value "1")
L 07/26/2021 - 20:34:50: [basecommands.smx] "Console<0><Console><Console>" changed cvar (cvar "versus_witch_chance_intro") (value "0")
L 07/26/2021 - 20:34:50: [basecommands.smx] "Console<0><Console><Console>" changed cvar (cvar "versus_witch_chance_finale") (value "0")
L 07/26/2021 - 20:34:50: [basecommands.smx] "Console<0><Console><Console>" changed cvar (cvar "versus_witch_chance") (value "1")
L 07/26/2021 - 20:34:50: [basecommands.smx] "Console<0><Console><Console>" changed cvar (cvar "director_force_tank") (value "1")
L 07/26/2021 - 20:34:50: [basecommands.smx] "Console<0><Console><Console>" changed cvar (cvar "versus_boss_flow_min") (value "0.4")
L 07/26/2021 - 20:34:50: [basecommands.smx] "Console<0><Console><Console>" changed cvar (cvar "versus_boss_flow_max") (value "0.6")
L 07/26/2021 - 20:34:50: [basecommands.smx] "Console<0><Console><Console>" changed cvar (cvar "versus_boss_flow_min_intro") (value "0.1")
L 07/26/2021 - 20:34:50: [basecommands.smx] "Console<0><Console><Console>" changed cvar (cvar "versus_boss_flow_max_intro") (value "0.2")
L 07/26/2021 - 20:34:50: [basecommands.smx] "Console<0><Console><Console>" changed cvar (cvar "versus_boss_flow_min_finale") (value "0.1")
L 07/26/2021 - 20:34:50: [basecommands.smx] "Console<0><Console><Console>" changed cvar (cvar "versus_boss_flow_max_finale") (value "0.2")
L 07/26/2021 - 20:34:50: [basecommands.smx] "Console<0><Console><Console>" changed cvar (cvar "boomer_vomit_delay") (value "0.1")
L 07/26/2021 - 20:34:50: [basecommands.smx] "Console<0><Console><Console>" changed cvar (cvar "smoker_tongue_delay") (value "0.1")
L 07/26/2021 - 20:34:50: [basecommands.smx] "Console<0><Console><Console>" changed cvar (cvar "vs_survival_bonus") (value "35")
L 07/26/2021 - 20:34:50: [basecommands.smx] "Console<0><Console><Console>" changed cvar (cvar "z_tank_throw_health") (value "10")
L 07/26/2021 - 20:34:50: [basecommands.smx] "Console<0><Console><Console>" changed cvar (cvar "sv_client_min_interp_ratio") (value "-1")
L 07/26/2021 - 20:34:50: [basecommands.smx] "Console<0><Console><Console>" changed cvar (cvar "sv_client_max_interp_ratio") (value "0")
L 07/26/2021 - 20:34:50: [basecommands.smx] "Console<0><Console><Console>" changed cvar (cvar "sv_minrate") (value "100000")
L 07/26/2021 - 20:34:50: [basecommands.smx] "Console<0><Console><Console>" changed cvar (cvar "sv_maxrate") (value "100000")
L 07/26/2021 - 20:34:50: [basecommands.smx] "Console<0><Console><Console>" changed cvar (cvar "sv_mincmdrate") (value "100")
L 07/26/2021 - 20:34:50: [basecommands.smx] "Console<0><Console><Console>" changed cvar (cvar "sv_maxcmdrate") (value "100")
L 07/26/2021 - 20:34:50: [basecommands.smx] "Console<0><Console><Console>" changed cvar (cvar "sv_minupdaterate") (value "100")
L 07/26/2021 - 20:34:50: [basecommands.smx] "Console<0><Console><Console>" changed cvar (cvar "sv_maxupdaterate") (value "100")
L 07/26/2021 - 20:34:50: [basecommands.smx] "Console<0><Console><Console>" changed cvar (cvar "nb_update_frequency") (value "0.014")
L 07/26/2021 - 20:34:50: [basecommands.smx] "Console<0><Console><Console>" changed cvar (cvar "net_splitpacket_maxrate") (value "50000")
L 07/26/2021 - 20:34:50: [basecommands.smx] "Console<0><Console><Console>" changed cvar (cvar "fps_max") (value "0")
L 07/26/2021 - 20:34:50: [basecommands.smx] "Console<0><Console><Console>" changed cvar (cvar "hostname") (value "Versus")
L 07/26/2021 - 20:35:47: [l4d2_skill_detect.smx] Charge carry start: 1 - 6 -- time: 54.11
L 07/26/2021 - 20:35:48: [l4d2_skill_detect.smx] Clear: 2 freed 2 from 4: time: -1.00 / 0.00 -- class: smoker (with shove? 0)
L 07/26/2021 - 20:35:50: [l4d2_skill_detect.smx] Checking charge victim: 1 - 6 - flags: 1 (alive? 1)
L 07/26/2021 - 20:35:50: [l4d2_skill_detect.smx] Checking charge victim: 1 - 8 - flags: 0 (alive? 1)
L 07/26/2021 - 20:35:51: [l4d2_skill_detect.smx] Clear: 3 freed 6 from 1: time: 2.47 / 3.43 -- class: charger (with shove? 0)
L 07/26/2021 - 20:35:54: [l4d2_skill_detect.smx] Clear: 8 freed 2 from 4: time: -1.00 / 1.31 -- class: smoker (with shove? 1)
L 07/26/2021 - 20:36:00: [l4d2_skill_detect.smx] Clear: 3 freed 8 from 5: time: 1.98 / -1.00 -- class: hunter (with shove? 0)
L 07/26/2021 - 20:36:17: [l4d2_skill_detect.smx] Clear: 3 freed 2 from 1: time: 0.93 / -1.00 -- class: hunter (with shove? 0)
L 07/26/2021 - 20:37:05: [l4d2_skill_detect.smx] Charge carry start: 9 - 3 -- time: 132.06
L 07/26/2021 - 20:37:08: [l4d2_skill_detect.smx] Clear: 8 freed 3 from 9: time: 1.69 / 2.99 -- class: charger (with shove? 0)
L 07/26/2021 - 20:37:08: [l4d2_skill_detect.smx] Checking charge victim: 9 - 3 - flags: 1 (alive? 1)
L 07/26/2021 - 20:37:09: [l4d2_skill_detect.smx] Checking charge victim: 9 - 2 - flags: 0 (alive? 1)
L 07/26/2021 - 20:37:30: [l4d2_skill_detect.smx] Clear: 3 freed 8 from 5: time: 1.33 / -1.00 -- class: hunter (with shove? 1)
L 07/26/2021 - 20:37:54: [l4d2_skill_detect.smx] Charge carry start: 4 - 2 -- time: 180.63
L 07/26/2021 - 20:37:57: [l4d2_skill_detect.smx] Checking charge victim: 4 - 3 - flags: 0 (alive? 1)
L 07/26/2021 - 20:37:57: [l4d2_skill_detect.smx] Checking charge victim: 4 - 2 - flags: 1 (alive? 1)
L 07/26/2021 - 20:37:58: [l4d2_skill_detect.smx] Checking charge victim: 4 - 6 - flags: 0 (alive? 1)
L 07/26/2021 - 20:37:58: [l4d2_skill_detect.smx] Clear: 8 freed 6 from 9: time: 0.83 / 2.84 -- class: smoker (with shove? 1)
L 07/26/2021 - 20:38:00: [l4d2_skill_detect.smx] Clear: 3 freed 2 from 4: time: 4.36 / 5.89 -- class: charger (with shove? 0)
L 07/26/2021 - 20:38:11: [l4d2_tankswap.smx] ReplaceTank being called, client Tank target ♛ Rain ♛
L 07/26/2021 - 20:38:11: [l4d2_tankswap.smx] ZombieManager pointer: 0x409ec00
L 07/26/2021 - 20:38:30: [l4d2_skill_detect.smx] Clear: 3 freed 2 from 4: time: 1.33 / -1.00 -- class: hunter (with shove? 0)
L 07/26/2021 - 20:41:21: [l4d2_skill_detect.smx] Clear: 5 freed 9 from 3: time: 2.36 / -1.00 -- class: hunter (with shove? 0)
L 07/26/2021 - 20:41:24: [l4d2_skill_detect.smx] Clear: 4 freed 1 from 8: time: 3.19 / -1.00 -- class: jockey (with shove? 1)
L 07/26/2021 - 20:41:41: [l4d2_skill_detect.smx] Clear: 5 freed 9 from 8: time: 8.63 / -1.00 -- class: jockey (with shove? 1)
L 07/26/2021 - 20:41:57: [l4d2_skill_detect.smx] Charge carry start: 3 - 4 -- time: 423.82
L 07/26/2021 - 20:42:02: [l4d2_skill_detect.smx] Checking charge victim: 3 - 4 - flags: 1 (alive? 1)
L 07/26/2021 - 20:42:02: [l4d2_skill_detect.smx] Clear: 9 freed 4 from 3: time: 2.35 / 5.27 -- class: charger (with shove? 0)
L 07/26/2021 - 20:42:07: [l4d2_skill_detect.smx] Clear: 4 freed 1 from 2: time: 1.39 / -1.00 -- class: hunter (with shove? 0)
L 07/26/2021 - 20:42:11: [l4d2_skill_detect.smx] Clear: 4 freed 5 from 6: time: 4.35 / 9.95 -- class: smoker (with shove? 0)
L 07/26/2021 - 20:42:29: [l4d2_skill_detect.smx] Clear: 1 freed 5 from 6: time: -1.00 / 1.52 -- class: smoker (with shove? 0)
L 07/26/2021 - 20:43:45: [l4d2_skill_detect.smx] Clear: 4 freed 1 from 3: time: 2.03 / -1.00 -- class: jockey (with shove? 1)
L 07/26/2021 - 20:43:47: [l4d2_skill_detect.smx] Clear: 5 freed 4 from 6: time: -1.00 / 1.26 -- class: smoker (with shove? 1)
L 07/26/2021 - 20:43:49: [l4d2_skill_detect.smx] Clear: 1 freed 4 from 8: time: 0.98 / -1.00 -- class: hunter (with shove? 1)
L 07/26/2021 - 20:43:54: [l4d2_skill_detect.smx] Clear: 9 freed 4 from 3: time: 2.28 / -1.00 -- class: jockey (with shove? 0)
L 07/26/2021 - 20:44:46: [l4d2_skill_detect.smx] Clear: 9 freed 1 from 2: time: -1.00 / 0.75 -- class: smoker (with shove? 0)
L 07/26/2021 - 20:45:30: [l4d2_skill_detect.smx] Charge carry start: 6 - 4 -- time: 636.65
L 07/26/2021 - 20:45:30: [l4d2_skill_detect.smx] Clear: 5 freed 9 from 3: time: 1.44 / -1.00 -- class: hunter (with shove? 0)
L 07/26/2021 - 20:45:33: [l4d2_skill_detect.smx] Checking charge victim: 6 - 4 - flags: 1 (alive? 1)
L 07/26/2021 - 20:45:36: [l4d2_skill_detect.smx] Clear: 5 freed 4 from 6: time: 4.92 / 6.27 -- class: charger (with shove? 0)
L 07/26/2021 - 20:46:16: -------- Mapchange to c2m3_coaster --------
L 07/26/2021 - 20:46:18: [basecommands.smx] "Console<0><Console><Console>" changed cvar (cvar "sv_force_time_of_day") (value "0")
L 07/26/2021 - 20:46:18: [basecommands.smx] "Console<0><Console><Console>" changed cvar (cvar "z_witch_damage_per_kill_hit") (value "120")
L 07/26/2021 - 20:46:18: [basecommands.smx] "Console<0><Console><Console>" changed cvar (cvar "z_witch_anger_rate") (value "0.4")
L 07/26/2021 - 20:46:18: [basecommands.smx] "Console<0><Console><Console>" changed cvar (cvar "z_witch_flashlight_range") (value "2000")
L 07/26/2021 - 20:46:18: [basecommands.smx] "Console<0><Console><Console>" changed cvar (cvar "z_witch_burn_time") (value "100")
L 07/26/2021 - 20:46:18: [basecommands.smx] "Console<0><Console><Console>" changed cvar (cvar "z_tank_health") (value "4000")
L 07/26/2021 - 20:46:18: [basecommands.smx] "Console<0><Console><Console>" changed cvar (cvar "z_ghost_delay_min") (value "15")
L 07/26/2021 - 20:46:18: [basecommands.smx] "Console<0><Console><Console>" changed cvar (cvar "z_ghost_delay_max") (value "15")
L 07/26/2021 - 20:46:18: [basecommands.smx] "Console<0><Console><Console>" changed cvar (cvar "z_hunter_limit") (value "1")
L 07/26/2021 - 20:46:18: [basecommands.smx] "Console<0><Console><Console>" changed cvar (cvar "z_smoker_limit") (value "1")
L 07/26/2021 - 20:46:18: [basecommands.smx] "Console<0><Console><Console>" changed cvar (cvar "z_jockey_limit") (value "1")
L 07/26/2021 - 20:46:18: [basecommands.smx] "Console<0><Console><Console>" changed cvar (cvar "versus_tank_chance_intro") (value "1")
L 07/26/2021 - 20:46:18: [basecommands.smx] "Console<0><Console><Console>" changed cvar (cvar "versus_tank_chance_finale") (value "1")
L 07/26/2021 - 20:46:18: [basecommands.smx] "Console<0><Console><Console>" changed cvar (cvar "versus_tank_chance") (value "1")
L 07/26/2021 - 20:46:18: [basecommands.smx] "Console<0><Console><Console>" changed cvar (cvar "versus_witch_chance_intro") (value "0")
L 07/26/2021 - 20:46:18: [basecommands.smx] "Console<0><Console><Console>" changed cvar (cvar "versus_witch_chance_finale") (value "0")
L 07/26/2021 - 20:46:18: [basecommands.smx] "Console<0><Console><Console>" changed cvar (cvar "versus_witch_chance") (value "1")
L 07/26/2021 - 20:46:18: [basecommands.smx] "Console<0><Console><Console>" changed cvar (cvar "director_force_tank") (value "1")
L 07/26/2021 - 20:46:18: [basecommands.smx] "Console<0><Console><Console>" changed cvar (cvar "versus_boss_flow_min") (value "0.4")
L 07/26/2021 - 20:46:18: [basecommands.smx] "Console<0><Console><Console>" changed cvar (cvar "versus_boss_flow_max") (value "0.6")
L 07/26/2021 - 20:46:18: [basecommands.smx] "Console<0><Console><Console>" changed cvar (cvar "versus_boss_flow_min_intro") (value "0.1")
L 07/26/2021 - 20:46:18: [basecommands.smx] "Console<0><Console><Console>" changed cvar (cvar "versus_boss_flow_max_intro") (value "0.2")
L 07/26/2021 - 20:46:18: [basecommands.smx] "Console<0><Console><Console>" changed cvar (cvar "versus_boss_flow_min_finale") (value "0.1")
L 07/26/2021 - 20:46:18: [basecommands.smx] "Console<0><Console><Console>" changed cvar (cvar "versus_boss_flow_max_finale") (value "0.2")
L 07/26/2021 - 20:46:18: [basecommands.smx] "Console<0><Console><Console>" changed cvar (cvar "boomer_vomit_delay") (value "0.1")
L 07/26/2021 - 20:46:18: [basecommands.smx] "Console<0><Console><Console>" changed cvar (cvar "smoker_tongue_delay") (value "0.1")
L 07/26/2021 - 20:46:18: [basecommands.smx] "Console<0><Console><Console>" changed cvar (cvar "vs_survival_bonus") (value "35")
L 07/26/2021 - 20:46:18: [basecommands.smx] "Console<0><Console><Console>" changed cvar (cvar "z_tank_throw_health") (value "10")
L 07/26/2021 - 20:46:18: [basecommands.smx] "Console<0><Console><Console>" changed cvar (cvar "sv_client_min_interp_ratio") (value "-1")
L 07/26/2021 - 20:46:18: [basecommands.smx] "Console<0><Console><Console>" changed cvar (cvar "sv_client_max_interp_ratio") (value "0")
L 07/26/2021 - 20:46:18: [basecommands.smx] "Console<0><Console><Console>" changed cvar (cvar "sv_minrate") (value "100000")
L 07/26/2021 - 20:46:18: [basecommands.smx] "Console<0><Console><Console>" changed cvar (cvar "sv_maxrate") (value "100000")
L 07/26/2021 - 20:46:18: [basecommands.smx] "Console<0><Console><Console>" changed cvar (cvar "sv_mincmdrate") (value "100")
L 07/26/2021 - 20:46:18: [basecommands.smx] "Console<0><Console><Console>" changed cvar (cvar "sv_maxcmdrate") (value "100")
L 07/26/2021 - 20:46:18: [basecommands.smx] "Console<0><Console><Console>" changed cvar (cvar "sv_minupdaterate") (value "100")
L 07/26/2021 - 20:46:18: [basecommands.smx] "Console<0><Console><Console>" changed cvar (cvar "sv_maxupdaterate") (value "100")
L 07/26/2021 - 20:46:18: [basecommands.smx] "Console<0><Console><Console>" changed cvar (cvar "nb_update_frequency") (value "0.014")
L 07/26/2021 - 20:46:18: [basecommands.smx] "Console<0><Console><Console>" changed cvar (cvar "net_splitpacket_maxrate") (value "50000")
L 07/26/2021 - 20:46:18: [basecommands.smx] "Console<0><Console><Console>" changed cvar (cvar "fps_max") (value "0")
L 07/26/2021 - 20:46:18: [basecommands.smx] "Console<0><Console><Console>" changed cvar (cvar "hostname") (value "Versus")
L 07/26/2021 - 20:47:42: [l4d2_skill_detect.smx] Clear: 8 freed 3 from 1: time: 0.93 / -1.00 -- class: hunter (with shove? 0)
L 07/26/2021 - 20:48:03: [l4d2_skill_detect.smx] Charge carry start: 9 - 2 -- time: 101.37
L 07/26/2021 - 20:48:03: [l4d2_skill_detect.smx] Clear: 2 freed 2 from 9: time: 0.00 / 0.00 -- class: charger (with shove? 0)
L 07/26/2021 - 20:48:06: [l4d2_skill_detect.smx] Checking charge victim: 9 - 2 - flags: 1 (alive? 1)
L 07/26/2021 - 20:48:09: [l4d2_skill_detect.smx] Clear: 3 freed 2 from 1: time: -1.00 / 0.91 -- class: smoker (with shove? 0)
L 07/26/2021 - 20:48:10: [l4d2_skill_detect.smx] Clear: 8 freed 6 from 5: time: 1.27 / -1.00 -- class: jockey (with shove? 1)
L 07/26/2021 - 20:48:37: [l4d2_skill_detect.smx] Charge carry start: 1 - 2 -- time: 135.91
L 07/26/2021 - 20:48:39: [l4d2_skill_detect.smx] Clear: 8 freed 2 from 1: time: 0.50 / 1.53 -- class: charger (with shove? 0)
L 07/26/2021 - 20:48:40: [l4d2_skill_detect.smx] Checking charge victim: 1 - 2 - flags: 1 (alive? 1)
L 07/26/2021 - 20:49:38: [l4d2_skill_detect.smx] Charge carry start: 4 - 8 -- time: 196.22
L 07/26/2021 - 20:49:41: [l4d2_skill_detect.smx] Checking charge victim: 4 - 8 - flags: 1 (alive? 1)
L 07/26/2021 - 20:49:42: [l4d2_skill_detect.smx] Clear: 2 freed 8 from 4: time: 3.82 / 4.71 -- class: charger (with shove? 0)
L 07/26/2021 - 20:49:58: [l4d2_tankswap.smx] ReplaceWithBot being called, client ♛ Rain ♛ boolean 1
L 07/26/2021 - 20:49:58: [l4d2_tankswap.smx] ReplaceTank being called, client Tank target ♛ Rain ♛
L 07/26/2021 - 20:49:58: [l4d2_tankswap.smx] ZombieManager pointer: 0x409ec00
L 07/26/2021 - 20:51:10: [l4d2_skill_detect.smx] Clear: 3 freed 6 from 9: time: 2.22 / -1.00 -- class: jockey (with shove? 0)
L 07/26/2021 - 20:51:17: [l4d2_skill_detect.smx] Clear: 8 freed 2 from 4: time: 0.95 / -1.00 -- class: hunter (with shove? 0)
L 07/26/2021 - 20:51:51: [l4d2_skill_detect.smx] Clear: 8 freed 2 from 5: time: 2.38 / -1.00 -- class: jockey (with shove? 0)
L 07/26/2021 - 20:52:17: [l4d2_skill_detect.smx] Clear: 6 freed 3 from 1: time: 0.54 / 355.38 -- class: charger (with shove? 0)
L 07/26/2021 - 20:53:30: [l4d2_skill_detect.smx] Clear: 2 freed 8 from 5: time: 0.11 / 1.63 -- class: smoker (with shove? 1)
L 07/26/2021 - 20:53:34: [l4d2_skill_detect.smx] Charge carry start: 4 - 3 -- time: 432.56
L 07/26/2021 - 20:53:36: [l4d2_skill_detect.smx] Checking charge victim: 4 - 2 - flags: 42 (alive? 0)
L 07/26/2021 - 20:53:37: [l4d2_skill_detect.smx] Clear: 8 freed 6 from 1: time: 2.14 / -1.00 -- class: hunter (with shove? 0)
L 07/26/2021 - 20:53:38: [l4d2_skill_detect.smx] Checking charge victim: 4 - 6 - flags: 0 (alive? 1)
L 07/26/2021 - 20:53:39: [l4d2_skill_detect.smx] Checking charge victim: 4 - 3 - flags: 1 (alive? 1)
L 07/26/2021 - 20:53:43: [l4d2_skill_detect.smx] Clear: 6 freed 3 from 4: time: 5.63 / 8.79 -- class: charger (with shove? 0)
L 07/26/2021 - 20:55:33: [l4d2_skill_detect.smx] Charge carry start: 8 - 5 -- time: 551.72
L 07/26/2021 - 20:55:34: [l4d2_skill_detect.smx] Clear: 4 freed 9 from 6: time: 2.80 / -1.00 -- class: jockey (with shove? 1)
L 07/26/2021 - 20:55:34: [l4d2_skill_detect.smx] Clear: 1 freed 5 from 8: time: 0.46 / 1.29 -- class: charger (with shove? 0)
L 07/26/2021 - 20:55:36: [l4d2_skill_detect.smx] Checking charge victim: 8 - 5 - flags: 1 (alive? 1)
L 07/26/2021 - 20:56:12: [l4d2_skill_detect.smx] Charge carry start: 6 - 9 -- time: 590.11
L 07/26/2021 - 20:56:13: [l4d2_skill_detect.smx] Clear: 1 freed 9 from 6: time: 0.61 / 1.45 -- class: charger (with shove? 0)
L 07/26/2021 - 20:56:15: [l4d2_skill_detect.smx] Checking charge victim: 6 - 9 - flags: 1 (alive? 1)
L 07/26/2021 - 20:56:16: [l4d2_skill_detect.smx] Clear: 9 freed 1 from 2: time: -1.00 / 1.34 -- class: smoker (with shove? 1)
L 07/26/2021 - 20:56:50: [l4d2_skill_detect.smx] Clear: 1 freed 4 from 3: time: 2.13 / -1.00 -- class: jockey (with shove? 0)
L 07/26/2021 - 20:57:22: [l4d2_skill_detect.smx] Clear: 1 freed 9 from 3: time: 1.65 / -1.00 -- class: hunter (with shove? 0)
L 07/26/2021 - 20:57:36: [l4d2_skill_detect.smx] Charge carry start: 2 - 9 -- time: 674.60
L 07/26/2021 - 20:57:39: [l4d2_skill_detect.smx] Checking charge victim: 2 - 9 - flags: 1 (alive? 1)
L 07/26/2021 - 20:57:43: [l4d2_skill_detect.smx] Clear: 1 freed 9 from 2: time: 5.72 / 7.08 -- class: charger (with shove? 0)
L 07/26/2021 - 20:58:20: [l4d2_skill_detect.smx] Clear: 1 freed 4 from 3: time: 1.05 / -1.00 -- class: hunter (with shove? 0)
L 07/26/2021 - 20:59:14: [l4d2_skill_detect.smx] Charge carry start: 3 - 1 -- time: 772.76
L 07/26/2021 - 20:59:17: [l4d2_skill_detect.smx] Checking charge victim: 3 - 1 - flags: 1 (alive? 1)
L 07/26/2021 - 20:59:19: [l4d2_skill_detect.smx] Clear: 5 freed 1 from 3: time: 3.89 / 4.70 -- class: charger (with shove? 0)
L 07/26/2021 - 21:00:09: -------- Mapchange to c2m4_barns --------
L 07/26/2021 - 21:00:12: [basecommands.smx] "Console<0><Console><Console>" changed cvar (cvar "sv_force_time_of_day") (value "0")
L 07/26/2021 - 21:00:12: [basecommands.smx] "Console<0><Console><Console>" changed cvar (cvar "z_witch_damage_per_kill_hit") (value "120")
L 07/26/2021 - 21:00:12: [basecommands.smx] "Console<0><Console><Console>" changed cvar (cvar "z_witch_anger_rate") (value "0.4")
L 07/26/2021 - 21:00:12: [basecommands.smx] "Console<0><Console><Console>" changed cvar (cvar "z_witch_flashlight_range") (value "2000")
L 07/26/2021 - 21:00:12: [basecommands.smx] "Console<0><Console><Console>" changed cvar (cvar "z_witch_burn_time") (value "100")
L 07/26/2021 - 21:00:12: [basecommands.smx] "Console<0><Console><Console>" changed cvar (cvar "z_tank_health") (value "4000")
L 07/26/2021 - 21:00:12: [basecommands.smx] "Console<0><Console><Console>" changed cvar (cvar "z_ghost_delay_min") (value "15")
L 07/26/2021 - 21:00:12: [basecommands.smx] "Console<0><Console><Console>" changed cvar (cvar "z_ghost_delay_max") (value "15")
L 07/26/2021 - 21:00:12: [basecommands.smx] "Console<0><Console><Console>" changed cvar (cvar "z_hunter_limit") (value "1")
L 07/26/2021 - 21:00:12: [basecommands.smx] "Console<0><Console><Console>" changed cvar (cvar "z_smoker_limit") (value "1")
L 07/26/2021 - 21:00:12: [basecommands.smx] "Console<0><Console><Console>" changed cvar (cvar "z_jockey_limit") (value "1")
L 07/26/2021 - 21:00:12: [basecommands.smx] "Console<0><Console><Console>" changed cvar (cvar "versus_tank_chance_intro") (value "1")
L 07/26/2021 - 21:00:12: [basecommands.smx] "Console<0><Console><Console>" changed cvar (cvar "versus_tank_chance_finale") (value "1")
L 07/26/2021 - 21:00:12: [basecommands.smx] "Console<0><Console><Console>" changed cvar (cvar "versus_tank_chance") (value "1")
L 07/26/2021 - 21:00:12: [basecommands.smx] "Console<0><Console><Console>" changed cvar (cvar "versus_witch_chance_intro") (value "0")
L 07/26/2021 - 21:00:12: [basecommands.smx] "Console<0><Console><Console>" changed cvar (cvar "versus_witch_chance_finale") (value "0")
L 07/26/2021 - 21:00:12: [basecommands.smx] "Console<0><Console><Console>" changed cvar (cvar "versus_witch_chance") (value "1")
L 07/26/2021 - 21:00:12: [basecommands.smx] "Console<0><Console><Console>" changed cvar (cvar "director_force_tank") (value "1")
L 07/26/2021 - 21:00:12: [basecommands.smx] "Console<0><Console><Console>" changed cvar (cvar "versus_boss_flow_min") (value "0.4")
L 07/26/2021 - 21:00:12: [basecommands.smx] "Console<0><Console><Console>" changed cvar (cvar "versus_boss_flow_max") (value "0.6")
L 07/26/2021 - 21:00:12: [basecommands.smx] "Console<0><Console><Console>" changed cvar (cvar "versus_boss_flow_min_intro") (value "0.1")
L 07/26/2021 - 21:00:12: [basecommands.smx] "Console<0><Console><Console>" changed cvar (cvar "versus_boss_flow_max_intro") (value "0.2")
L 07/26/2021 - 21:00:12: [basecommands.smx] "Console<0><Console><Console>" changed cvar (cvar "versus_boss_flow_min_finale") (value "0.1")
L 07/26/2021 - 21:00:12: [basecommands.smx] "Console<0><Console><Console>" changed cvar (cvar "versus_boss_flow_max_finale") (value "0.2")
L 07/26/2021 - 21:00:12: [basecommands.smx] "Console<0><Console><Console>" changed cvar (cvar "boomer_vomit_delay") (value "0.1")
L 07/26/2021 - 21:00:12: [basecommands.smx] "Console<0><Console><Console>" changed cvar (cvar "smoker_tongue_delay") (value "0.1")
L 07/26/2021 - 21:00:12: [basecommands.smx] "Console<0><Console><Console>" changed cvar (cvar "vs_survival_bonus") (value "35")
L 07/26/2021 - 21:00:12: [basecommands.smx] "Console<0><Console><Console>" changed cvar (cvar "z_tank_throw_health") (value "10")
L 07/26/2021 - 21:00:12: [basecommands.smx] "Console<0><Console><Console>" changed cvar (cvar "sv_client_min_interp_ratio") (value "-1")
L 07/26/2021 - 21:00:12: [basecommands.smx] "Console<0><Console><Console>" changed cvar (cvar "sv_client_max_interp_ratio") (value "0")
L 07/26/2021 - 21:00:12: [basecommands.smx] "Console<0><Console><Console>" changed cvar (cvar "sv_minrate") (value "100000")
L 07/26/2021 - 21:00:12: [basecommands.smx] "Console<0><Console><Console>" changed cvar (cvar "sv_maxrate") (value "100000")
L 07/26/2021 - 21:00:12: [basecommands.smx] "Console<0><Console><Console>" changed cvar (cvar "sv_mincmdrate") (value "100")
L 07/26/2021 - 21:00:12: [basecommands.smx] "Console<0><Console><Console>" changed cvar (cvar "sv_maxcmdrate") (value "100")
L 07/26/2021 - 21:00:12: [basecommands.smx] "Console<0><Console><Console>" changed cvar (cvar "sv_minupdaterate") (value "100")
L 07/26/2021 - 21:00:12: [basecommands.smx] "Console<0><Console><Console>" changed cvar (cvar "sv_maxupdaterate") (value "100")
L 07/26/2021 - 21:00:12: [basecommands.smx] "Console<0><Console><Console>" changed cvar (cvar "nb_update_frequency") (value "0.014")
L 07/26/2021 - 21:00:12: [basecommands.smx] "Console<0><Console><Console>" changed cvar (cvar "net_splitpacket_maxrate") (value "50000")
L 07/26/2021 - 21:00:12: [basecommands.smx] "Console<0><Console><Console>" changed cvar (cvar "fps_max") (value "0")
L 07/26/2021 - 21:00:12: [basecommands.smx] "Console<0><Console><Console>" changed cvar (cvar "hostname") (value "Versus")
L 07/26/2021 - 21:02:19: [l4d2_skill_detect.smx] Clear: 2 freed 3 from 9: time: 1.12 / -1.00 -- class: hunter (with shove? 0)
L 07/26/2021 - 21:02:19: [l4d2_skill_detect.smx] Charge carry start: 1 - 6 -- time: 124.02
L 07/26/2021 - 21:02:23: [l4d2_skill_detect.smx] Checking charge victim: 1 - 8 - flags: 0 (alive? 1)
L 07/26/2021 - 21:02:24: [l4d2_skill_detect.smx] Checking charge victim: 1 - 6 - flags: 1 (alive? 1)
L 07/26/2021 - 21:02:29: [l4d2_skill_detect.smx] Clear: 2 freed 6 from 1: time: 6.06 / 9.41 -- class: charger (with shove? 0)
L 07/26/2021 - 21:03:03: [l4d2_skill_detect.smx] Charge carry start: 5 - 6 -- time: 167.83
L 07/26/2021 - 21:03:05: [l4d2_skill_detect.smx] Clear: 3 freed 6 from 5: time: 0.70 / 2.13 -- class: charger (with shove? 0)
L 07/26/2021 - 21:03:07: [l4d2_skill_detect.smx] Checking charge victim: 5 - 6 - flags: 1 (alive? 1)
L 07/26/2021 - 21:03:34: [l4d2_skill_detect.smx] Clear: 3 freed 8 from 5: time: -1.00 / 0.57 -- class: smoker (with shove? 0)
L 07/26/2021 - 21:03:36: [l4d2_skill_detect.smx] Clear: 3 freed 2 from 4: time: 4.08 / -1.00 -- class: jockey (with shove? 0)
L 07/26/2021 - 21:03:44: [l4d2_skill_detect.smx] Charge carry start: 9 - 6 -- time: 209.11
L 07/26/2021 - 21:03:48: [l4d2_skill_detect.smx] Clear: 3 freed 6 from 9: time: 1.25 / 3.02 -- class: charger (with shove? 0)
L 07/26/2021 - 21:03:48: [l4d2_skill_detect.smx] Checking charge victim: 9 - 6 - flags: 1 (alive? 1)
L 07/26/2021 - 21:03:49: [l4d2_skill_detect.smx] Checking charge victim: 9 - 2 - flags: 0 (alive? 1)
L 07/26/2021 - 21:03:52: [l4d2_tankswap.smx] ReplaceTank being called, client FДИΓДSMД™ target ♛ Rain ♛
L 07/26/2021 - 21:03:52: [l4d2_tankswap.smx] ZombieManager pointer: 0x409ec00
L 07/26/2021 - 21:04:37: [l4d2_skill_detect.smx] Charge carry start: 4 - 8 -- time: 261.51
L 07/26/2021 - 21:04:40: [l4d2_skill_detect.smx] Checking charge victim: 4 - 8 - flags: 1 (alive? 1)
L 07/26/2021 - 21:04:41: [l4d2_skill_detect.smx] Clear: 6 freed 8 from 4: time: 2.50 / 3.91 -- class: charger (with shove? 0)
L 07/26/2021 - 21:06:19: [l4d2_skill_detect.smx] Clear: 5 freed 9 from 8: time: 1.35 / -1.00 -- class: hunter (with shove? 0)
L 07/26/2021 - 21:07:02: [l4d2_skill_detect.smx] Clear: 1 freed 4 from 3: time: 1.02 / -1.00 -- class: hunter (with shove? 0)
L 07/26/2021 - 21:07:31: [l4d2_skill_detect.smx] Clear: 4 freed 1 from 2: time: 0.87 / 1.40 -- class: smoker (with shove? 0)
L 07/26/2021 - 21:08:04: [l4d2_skill_detect.smx] Charge carry start: 8 - 9 -- time: 469.04
L 07/26/2021 - 21:08:08: [l4d2_skill_detect.smx] Checking charge victim: 8 - 4 - flags: 0 (alive? 1)
L 07/26/2021 - 21:08:10: [l4d2_skill_detect.smx] Checking charge victim: 8 - 9 - flags: 1 (alive? 1)
L 07/26/2021 - 21:08:10: [l4d2_skill_detect.smx] Clear: 1 freed 9 from 8: time: 2.16 / 5.33 -- class: charger (with shove? 0)
L 07/26/2021 - 21:09:02: [l4d2_skill_detect.smx] Charge carry start: 7 - 9 -- time: 526.54
L 07/26/2021 - 21:09:06: [l4d2_skill_detect.smx] Checking charge victim: 7 - 9 - flags: 129 (alive? 1)
L 07/26/2021 - 21:09:09: [l4d2_skill_detect.smx] Checking charge victim: 7 - 9 - flags: 385 (alive? 1)
L 07/26/2021 - 21:09:25: -------- Mapchange to c2m5_concert --------
L 07/26/2021 - 21:09:27: [basecommands.smx] "Console<0><Console><Console>" changed cvar (cvar "sv_force_time_of_day") (value "0")
L 07/26/2021 - 21:09:27: [basecommands.smx] "Console<0><Console><Console>" changed cvar (cvar "z_witch_damage_per_kill_hit") (value "120")
L 07/26/2021 - 21:09:27: [basecommands.smx] "Console<0><Console><Console>" changed cvar (cvar "z_witch_anger_rate") (value "0.4")
L 07/26/2021 - 21:09:27: [basecommands.smx] "Console<0><Console><Console>" changed cvar (cvar "z_witch_flashlight_range") (value "2000")
L 07/26/2021 - 21:09:27: [basecommands.smx] "Console<0><Console><Console>" changed cvar (cvar "z_witch_burn_time") (value "100")
L 07/26/2021 - 21:09:27: [basecommands.smx] "Console<0><Console><Console>" changed cvar (cvar "z_tank_health") (value "4000")
L 07/26/2021 - 21:09:27: [basecommands.smx] "Console<0><Console><Console>" changed cvar (cvar "z_ghost_delay_min") (value "15")
L 07/26/2021 - 21:09:27: [basecommands.smx] "Console<0><Console><Console>" changed cvar (cvar "z_ghost_delay_max") (value "15")
L 07/26/2021 - 21:09:27: [basecommands.smx] "Console<0><Console><Console>" changed cvar (cvar "z_hunter_limit") (value "1")
L 07/26/2021 - 21:09:27: [basecommands.smx] "Console<0><Console><Console>" changed cvar (cvar "z_smoker_limit") (value "1")
L 07/26/2021 - 21:09:27: [basecommands.smx] "Console<0><Console><Console>" changed cvar (cvar "z_jockey_limit") (value "1")
L 07/26/2021 - 21:09:27: [basecommands.smx] "Console<0><Console><Console>" changed cvar (cvar "versus_tank_chance_intro") (value "1")
L 07/26/2021 - 21:09:27: [basecommands.smx] "Console<0><Console><Console>" changed cvar (cvar "versus_tank_chance_finale") (value "1")
L 07/26/2021 - 21:09:27: [basecommands.smx] "Console<0><Console><Console>" changed cvar (cvar "versus_tank_chance") (value "1")
L 07/26/2021 - 21:09:27: [basecommands.smx] "Console<0><Console><Console>" changed cvar (cvar "versus_witch_chance_intro") (value "0")
L 07/26/2021 - 21:09:27: [basecommands.smx] "Console<0><Console><Console>" changed cvar (cvar "versus_witch_chance_finale") (value "0")
L 07/26/2021 - 21:09:27: [basecommands.smx] "Console<0><Console><Console>" changed cvar (cvar "versus_witch_chance") (value "1")
L 07/26/2021 - 21:09:27: [basecommands.smx] "Console<0><Console><Console>" changed cvar (cvar "director_force_tank") (value "1")
L 07/26/2021 - 21:09:27: [basecommands.smx] "Console<0><Console><Console>" changed cvar (cvar "versus_boss_flow_min") (value "0.4")
L 07/26/2021 - 21:09:27: [basecommands.smx] "Console<0><Console><Console>" changed cvar (cvar "versus_boss_flow_max") (value "0.6")
L 07/26/2021 - 21:09:27: [basecommands.smx] "Console<0><Console><Console>" changed cvar (cvar "versus_boss_flow_min_intro") (value "0.1")
L 07/26/2021 - 21:09:27: [basecommands.smx] "Console<0><Console><Console>" changed cvar (cvar "versus_boss_flow_max_intro") (value "0.2")
L 07/26/2021 - 21:09:27: [basecommands.smx] "Console<0><Console><Console>" changed cvar (cvar "versus_boss_flow_min_finale") (value "0.1")
L 07/26/2021 - 21:09:27: [basecommands.smx] "Console<0><Console><Console>" changed cvar (cvar "versus_boss_flow_max_finale") (value "0.2")
L 07/26/2021 - 21:09:27: [basecommands.smx] "Console<0><Console><Console>" changed cvar (cvar "boomer_vomit_delay") (value "0.1")
L 07/26/2021 - 21:09:27: [basecommands.smx] "Console<0><Console><Console>" changed cvar (cvar "smoker_tongue_delay") (value "0.1")
L 07/26/2021 - 21:09:27: [basecommands.smx] "Console<0><Console><Console>" changed cvar (cvar "vs_survival_bonus") (value "35")
L 07/26/2021 - 21:09:27: [basecommands.smx] "Console<0><Console><Console>" changed cvar (cvar "z_tank_throw_health") (value "10")
L 07/26/2021 - 21:09:27: [basecommands.smx] "Console<0><Console><Console>" changed cvar (cvar "sv_client_min_interp_ratio") (value "-1")
L 07/26/2021 - 21:09:27: [basecommands.smx] "Console<0><Console><Console>" changed cvar (cvar "sv_client_max_interp_ratio") (value "0")
L 07/26/2021 - 21:09:27: [basecommands.smx] "Console<0><Console><Console>" changed cvar (cvar "sv_minrate") (value "100000")
L 07/26/2021 - 21:09:27: [basecommands.smx] "Console<0><Console><Console>" changed cvar (cvar "sv_maxrate") (value "100000")
L 07/26/2021 - 21:09:27: [basecommands.smx] "Console<0><Console><Console>" changed cvar (cvar "sv_mincmdrate") (value "100")
L 07/26/2021 - 21:09:27: [basecommands.smx] "Console<0><Console><Console>" changed cvar (cvar "sv_maxcmdrate") (value "100")
L 07/26/2021 - 21:09:27: [basecommands.smx] "Console<0><Console><Console>" changed cvar (cvar "sv_minupdaterate") (value "100")
L 07/26/2021 - 21:09:27: [basecommands.smx] "Console<0><Console><Console>" changed cvar (cvar "sv_maxupdaterate") (value "100")
L 07/26/2021 - 21:09:27: [basecommands.smx] "Console<0><Console><Console>" changed cvar (cvar "nb_update_frequency") (value "0.014")
L 07/26/2021 - 21:09:27: [basecommands.smx] "Console<0><Console><Console>" changed cvar (cvar "net_splitpacket_maxrate") (value "50000")
L 07/26/2021 - 21:09:27: [basecommands.smx] "Console<0><Console><Console>" changed cvar (cvar "fps_max") (value "0")
L 07/26/2021 - 21:09:27: [basecommands.smx] "Console<0><Console><Console>" changed cvar (cvar "hostname") (value "Versus")
L 07/26/2021 - 21:10:31: [l4d2_skill_detect.smx] Charge carry start: 9 - 8 -- time: 60.43
L 07/26/2021 - 21:10:32: [l4d2_skill_detect.smx] Clear: 7 freed 8 from 9: time: 0.42 / 1.17 -- class: charger (with shove? 0)
L 07/26/2021 - 21:10:33: [l4d2_skill_detect.smx] Checking charge victim: 9 - 8 - flags: 1 (alive? 1)
L 07/26/2021 - 21:10:59: [l4d2_skill_detect.smx] Charge carry start: 4 - 8 -- time: 89.04
L 07/26/2021 - 21:11:01: [l4d2_skill_detect.smx] Clear: 7 freed 8 from 4: time: 0.75 / 2.13 -- class: charger (with shove? 0)
L 07/26/2021 - 21:11:03: [l4d2_skill_detect.smx] Checking charge victim: 4 - 8 - flags: 1 (alive? 1)
L 07/26/2021 - 21:11:35: [l4d2_skill_detect.smx] Clear: 3 freed 7 from 9: time: 1.28 / -1.00 -- class: hunter (with shove? 0)
L 07/26/2021 - 21:11:42: [l4d2_skill_detect.smx] Clear: 6 freed 8 from 4: time: 1.58 / 4.86 -- class: smoker (with shove? 0)
L 07/26/2021 - 21:11:57: [l4d2_skill_detect.smx] Clear: 7 freed 6 from 1: time: 3.58 / -1.00 -- class: jockey (with shove? 0)
L 07/26/2021 - 21:12:27: [l4d2_skill_detect.smx] Clear: 8 freed 3 from 4: time: 4.29 / -1.00 -- class: hunter (with shove? 1)
L 07/26/2021 - 21:12:37: [l4d2_skill_detect.smx] Charge carry start: 5 - 7 -- time: 187.02
L 07/26/2021 - 21:12:40: [l4d2_skill_detect.smx] Checking charge victim: 5 - 7 - flags: 1 (alive? 1)
L 07/26/2021 - 21:12:41: [l4d2_skill_detect.smx] Clear: 6 freed 7 from 5: time: 2.80 / 3.59 -- class: charger (with shove? 0)
L 07/26/2021 - 21:12:44: [l4d2_skill_detect.smx] Clear: 3 freed 8 from 4: time: 3.55 / -1.00 -- class: hunter (with shove? 0)
L 07/26/2021 - 21:13:14: [l4d2_skill_detect.smx] Clear: 3 freed 7 from 5: time: -1.00 / 0.87 -- class: smoker (with shove? 0)
L 07/26/2021 - 21:13:20: [l4d2_skill_detect.smx] Charge carry start: 1 - 3 -- time: 229.69
L 07/26/2021 - 21:13:23: [l4d2_skill_detect.smx] Checking charge victim: 1 - 3 - flags: 1 (alive? 1)
L 07/26/2021 - 21:13:24: [l4d2_skill_detect.smx] Clear: 8 freed 3 from 1: time: 3.33 / 4.08 -- class: charger (with shove? 0)
L 07/26/2021 - 21:13:26: [l4d2_skill_detect.smx] Clear: 7 freed 6 from 9: time: 3.28 / -1.00 -- class: hunter (with shove? 1)
L 07/26/2021 - 21:14:29: [l4d2_skill_detect.smx] Clear: 3 freed 8 from 5: time: 0.96 / -1.00 -- class: hunter (with shove? 0)
L 07/26/2021 - 21:15:00: [l4d2_skill_detect.smx] Clear: 7 freed 6 from 4: time: 2.51 / -1.00 -- class: jockey (with shove? 0)
L 07/26/2021 - 21:15:13: [l4d2_skill_detect.smx] Clear: 3 freed 7 from 5: time: 1.36 / -1.00 -- class: hunter (with shove? 0)
L 07/26/2021 - 21:16:15: [l4d2_skill_detect.smx] Clear: 8 freed 6 from 9: time: 2.69 / -1.00 -- class: jockey (with shove? 0)
L 07/26/2021 - 21:16:20: [l4d2_skill_detect.smx] Clear: 8 freed 7 from 4: time: 2.11 / -1.00 -- class: hunter (with shove? 0)
L 07/26/2021 - 21:16:40: [l4d2_skill_detect.smx] Clear: 6 freed 7 from 1: time: -1.00 / 1.50 -- class: smoker (with shove? 0)
L 07/26/2021 - 21:16:44: [l4d2_skill_detect.smx] Charge carry start: 9 - 8 -- time: 433.47
L 07/26/2021 - 21:16:46: [l4d2_skill_detect.smx] Clear: 7 freed 8 from 9: time: 1.67 / 2.74 -- class: charger (with shove? 0)
L 07/26/2021 - 21:16:47: [l4d2_skill_detect.smx] Checking charge victim: 9 - 8 - flags: 1 (alive? 1)
L 07/26/2021 - 21:17:44: [basecommands.smx] "McLovin™<5><STEAM_1:1:4151444><>" kicked "♛ Rain ♛<2><STEAM_1:0:162762726><>" (reason "")
L 07/26/2021 - 21:18:56: Log file closed.
