L 09/04/2020 - 00:07:14: SourceMod log file session started (file "L20200904.log") (Version "1.8.0.6041")
L 09/04/2020 - 00:07:14: [basecommands.smx] "Alessandra<2><STEAM_1:0:162762726><>" changed cvar (cvar "vs_max_team_switches") (value "0")
L 09/04/2020 - 00:09:41: [basecommands.smx] "Alessandra<2><STEAM_1:0:162762726><>" changed map to "c8m1_apartment"
L 09/04/2020 - 00:09:44: [SM] Changed map to "c8m1_apartment"
L 09/04/2020 - 00:09:49: -------- Mapchange to c8m1_apartment --------
L 09/04/2020 - 00:16:21: [admin_hp.smx]  
L 09/04/2020 - 00:16:41: [basecommands.smx] "Alessandra<2><STEAM_1:0:162762726><>" changed cvar (cvar "vs_max_team_switches") (value "100")
L 09/04/2020 - 00:21:17: -------- Mapchange to c8m2_subway --------
L 09/04/2020 - 00:21:50: [basecommands.smx] "Alessandra<2><STEAM_1:0:162762726><>" changed cvar (cvar "vs_max_team_switches") (value "0")
L 09/04/2020 - 00:30:44: -------- Mapchange to c8m1_apartment --------
L 09/04/2020 - 00:32:03: [basecommands.smx] "Alessandra<2><STEAM_1:0:162762726><>" changed cvar (cvar "vs_max_team_switches") (value "100")
L 09/04/2020 - 00:32:20: [basecommands.smx] "Alessandra<2><STEAM_1:0:162762726><>" changed cvar (cvar "vs_max_team_switches") (value "0")
L 09/04/2020 - 00:32:51: [admin_hp.smx]  
L 09/04/2020 - 00:41:00: -------- Mapchange to c8m2_subway --------
L 09/04/2020 - 00:44:22: [basecommands.smx] "Alessandra<2><STEAM_1:0:162762726><>" changed cvar (cvar "vs_max_team_switches") (value "100")
L 09/04/2020 - 00:44:27: [basecommands.smx] "Alessandra<2><STEAM_1:0:162762726><>" changed cvar (cvar "vs_max_team_switches") (value "0")
L 09/04/2020 - 00:46:41: [basecomm.smx] "FaceLive:FacturitaJuega ü•êüé<3><STEAM_1:1:522713982><>" gagged "Valenpt<179><STEAM_1:0:230063128><>"
L 09/04/2020 - 00:51:19: -------- Mapchange to c8m3_sewers --------
L 09/04/2020 - 01:08:37: -------- Mapchange to c8m4_interior --------
L 09/04/2020 - 01:19:53: [basecomm.smx] "FaceLive:FacturitaJuega ü•êüé<3><STEAM_1:1:522713982><>" gagged "Valenpt<179><STEAM_1:0:230063128><>"
L 09/04/2020 - 01:20:29: -------- Mapchange to c8m5_rooftop --------
L 09/04/2020 - 01:32:06: Log file closed.
L 09/04/2020 - 03:07:41: SourceMod log file session started (file "L20200904.log") (Version "1.8.0.6041")
L 09/04/2020 - 03:07:41: -------- Mapchange to c1m1_hotel --------
L 09/04/2020 - 03:07:43: [l4d2_itemgiver.smx] Detected Left4Dead2!
L 09/04/2020 - 03:07:43: [simplewelcomemsg.smx] Set the maximum number of lines of.
L 09/04/2020 - 03:08:03: [SM] Changed map to "c1m1_hotel"
L 09/04/2020 - 03:08:03: -------- Mapchange to c1m1_hotel --------
L 09/04/2020 - 03:09:09: Log file closed.
L 09/04/2020 - 03:09:41: SourceMod log file session started (file "L20200904.log") (Version "1.8.0.6041")
L 09/04/2020 - 03:09:41: -------- Mapchange to c1m1_hotel --------
L 09/04/2020 - 03:09:42: [l4d2_itemgiver.smx] Detected Left4Dead2!
L 09/04/2020 - 03:09:42: [simplewelcomemsg.smx] Set the maximum number of lines of.
L 09/04/2020 - 03:09:47: [SM] Changed map to "c1m1_hotel"
L 09/04/2020 - 03:09:47: -------- Mapchange to c1m1_hotel --------
L 09/04/2020 - 03:10:17: Log file closed.
L 09/04/2020 - 03:10:42: SourceMod log file session started (file "L20200904.log") (Version "1.8.0.6041")
L 09/04/2020 - 03:10:42: -------- Mapchange to c1m1_hotel --------
L 09/04/2020 - 03:10:43: [l4d2_itemgiver.smx] Detected Left4Dead2!
L 09/04/2020 - 03:10:43: [simplewelcomemsg.smx] Set the maximum number of lines of.
L 09/04/2020 - 03:10:48: [SM] Changed map to "c1m1_hotel"
L 09/04/2020 - 03:10:48: -------- Mapchange to c1m1_hotel --------
L 09/04/2020 - 03:11:18: Log file closed.
L 09/04/2020 - 03:14:10: SourceMod log file session started (file "L20200904.log") (Version "1.8.0.6041")
L 09/04/2020 - 03:14:10: -------- Mapchange to c1m1_hotel --------
L 09/04/2020 - 03:14:11: [l4d2_itemgiver.smx] Detected Left4Dead2!
L 09/04/2020 - 03:14:11: [simplewelcomemsg.smx] Set the maximum number of lines of.
L 09/04/2020 - 03:14:16: [SM] Changed map to "c1m1_hotel"
L 09/04/2020 - 03:14:16: -------- Mapchange to c1m1_hotel --------
L 09/04/2020 - 03:15:37: Log file closed.
L 09/04/2020 - 03:21:40: SourceMod log file session started (file "L20200904.log") (Version "1.8.0.6041")
L 09/04/2020 - 03:21:40: -------- Mapchange to c1m1_hotel --------
L 09/04/2020 - 03:21:41: [l4d2_itemgiver.smx] Detected Left4Dead2!
L 09/04/2020 - 03:21:41: [simplewelcomemsg.smx] Set the maximum number of lines of.
L 09/04/2020 - 03:21:46: [SM] Changed map to "c1m1_hotel"
L 09/04/2020 - 03:21:46: -------- Mapchange to c1m1_hotel --------
L 09/04/2020 - 03:23:17: Log file closed.
L 09/04/2020 - 15:28:33: SourceMod log file session started (file "L20200904.log") (Version "1.8.0.6041")
L 09/04/2020 - 15:28:33: -------- Mapchange to c1m1_hotel --------
L 09/04/2020 - 15:28:37: [l4d2_itemgiver.smx] Detected Left4Dead2!
L 09/04/2020 - 15:28:37: [simplewelcomemsg.smx] Set the maximum number of lines of.
L 09/04/2020 - 15:28:58: [SM] Changed map to "c1m1_hotel"
L 09/04/2020 - 15:28:58: -------- Mapchange to c1m1_hotel --------
L 09/04/2020 - 15:29:55: [basecommands.smx] "Console<0><Console><Console>" changed cvar (cvar "sv_force_time_of_day") (value "0")
L 09/04/2020 - 15:29:55: [basecommands.smx] "Console<0><Console><Console>" changed cvar (cvar "z_ghost_delay_min") (value "20")
L 09/04/2020 - 15:29:55: [basecommands.smx] "Console<0><Console><Console>" changed cvar (cvar "z_ghost_delay_max") (value "24")
L 09/04/2020 - 15:29:55: [basecommands.smx] "Console<0><Console><Console>" changed cvar (cvar "versus_tank_chance_intro") (value "1")
L 09/04/2020 - 15:29:55: [basecommands.smx] "Console<0><Console><Console>" changed cvar (cvar "versus_tank_chance_finale") (value "0")
L 09/04/2020 - 15:29:55: [basecommands.smx] "Console<0><Console><Console>" changed cvar (cvar "versus_tank_chance") (value "1")
L 09/04/2020 - 15:29:55: [basecommands.smx] "Console<0><Console><Console>" changed cvar (cvar "versus_witch_chance_intro") (value "0")
L 09/04/2020 - 15:29:55: [basecommands.smx] "Console<0><Console><Console>" changed cvar (cvar "versus_witch_chance_finale") (value "1")
L 09/04/2020 - 15:29:55: [basecommands.smx] "Console<0><Console><Console>" changed cvar (cvar "versus_witch_chance") (value "1")
L 09/04/2020 - 15:30:43: Log file closed.
L 09/04/2020 - 15:57:27: SourceMod log file session started (file "L20200904.log") (Version "1.8.0.6041")
L 09/04/2020 - 15:57:27: -------- Mapchange to c2m1_highway --------
L 09/04/2020 - 15:57:29: [l4d2_itemgiver.smx] Detected Left4Dead2!
L 09/04/2020 - 15:57:29: [simplewelcomemsg.smx] Set the maximum number of lines of.
L 09/04/2020 - 15:57:43: [SM] Changed map to "c2m1_highway"
L 09/04/2020 - 15:57:43: -------- Mapchange to c2m1_highway --------
L 09/04/2020 - 15:59:27: [basecommands.smx] "Nicole<2><STEAM_1:0:162762726><>" changed cvar (cvar "sv_force_time_of_day") (value "0")
L 09/04/2020 - 15:59:27: [basecommands.smx] "Nicole<2><STEAM_1:0:162762726><>" changed cvar (cvar "z_ghost_delay_min") (value "20")
L 09/04/2020 - 15:59:27: [basecommands.smx] "Nicole<2><STEAM_1:0:162762726><>" changed cvar (cvar "z_ghost_delay_max") (value "24")
L 09/04/2020 - 15:59:27: [basecommands.smx] "Nicole<2><STEAM_1:0:162762726><>" changed cvar (cvar "versus_tank_chance_intro") (value "1")
L 09/04/2020 - 15:59:27: [basecommands.smx] "Nicole<2><STEAM_1:0:162762726><>" changed cvar (cvar "versus_tank_chance_finale") (value "0")
L 09/04/2020 - 15:59:27: [basecommands.smx] "Nicole<2><STEAM_1:0:162762726><>" changed cvar (cvar "versus_tank_chance") (value "1")
L 09/04/2020 - 15:59:27: [basecommands.smx] "Nicole<2><STEAM_1:0:162762726><>" changed cvar (cvar "versus_witch_chance_intro") (value "0")
L 09/04/2020 - 15:59:27: [basecommands.smx] "Nicole<2><STEAM_1:0:162762726><>" changed cvar (cvar "versus_witch_chance_finale") (value "1")
L 09/04/2020 - 15:59:27: [basecommands.smx] "Nicole<2><STEAM_1:0:162762726><>" changed cvar (cvar "versus_witch_chance") (value "1")
L 09/04/2020 - 16:09:45: -------- Mapchange to c2m2_fairgrounds --------
L 09/04/2020 - 16:10:01: [basecommands.smx] "Nicole<2><STEAM_1:0:162762726><>" changed cvar (cvar "vs_max_team_switches") (value "0")
L 09/04/2020 - 16:21:43: -------- Mapchange to c2m3_coaster --------
L 09/04/2020 - 16:39:14: -------- Mapchange to c2m4_barns --------
L 09/04/2020 - 16:54:13: -------- Mapchange to c2m5_concert --------
L 09/04/2020 - 16:56:49: [basecommands.smx] "Nicole<2><STEAM_1:0:162762726><>" changed cvar (cvar "vs_max_team_switches") (value "100")
L 09/04/2020 - 17:06:46: -------- Mapchange to c3m1_plankcountry --------
L 09/04/2020 - 17:07:40: [basecommands.smx] "Nicole<2><STEAM_1:0:162762726><>" changed cvar (cvar "vs_max_team_switches") (value "0")
L 09/04/2020 - 17:08:56: [basecommands.smx] "Nicole<2><STEAM_1:0:162762726><>" changed cvar (cvar "vs_max_team_switches") (value "100")
L 09/04/2020 - 17:09:02: [basecommands.smx] "Nicole<2><STEAM_1:0:162762726><>" changed cvar (cvar "vs_max_team_switches") (value "0")
L 09/04/2020 - 17:21:09: [basecomm.smx] "FaceLive:FacturitaJuega ü•êüé<3><STEAM_1:1:522713982><>" gagged "Leo<121><STEAM_1:1:452486310><>"
L 09/04/2020 - 17:27:18: -------- Mapchange to c3m2_swamp --------
L 09/04/2020 - 17:29:26: [basecommands.smx] "Nicole<2><STEAM_1:0:162762726><>" changed map to "c10m1_caves"
L 09/04/2020 - 17:29:29: [SM] Changed map to "c10m1_caves"
L 09/04/2020 - 17:29:33: -------- Mapchange to c10m1_caves --------
L 09/04/2020 - 17:31:01: [basecommands.smx] "Nicole<2><STEAM_1:0:162762726><>" changed cvar (cvar "vs_max_team_switches") (value "100")
L 09/04/2020 - 17:38:22: [playercommands.smx] "Nicole<2><STEAM_1:0:162762726><>" slayed "(-=NB=-) BoKita paSioN<227><STEAM_1:0:554927290><>"
L 09/04/2020 - 17:42:16: -------- Mapchange to c10m2_drainage --------
L 09/04/2020 - 17:46:46: [playercommands.smx] "Nicole<2><STEAM_1:0:162762726><>" slayed "diegorapero100<239><STEAM_1:0:102724171><>"
L 09/04/2020 - 17:50:14: [basecommands.smx] "Nicole<2><STEAM_1:0:162762726><>" changed cvar (cvar "vs_max_team_switches") (value "100")
L 09/04/2020 - 17:53:12: -------- Mapchange to c10m3_ranchhouse --------
L 09/04/2020 - 18:03:20: [basecommands.smx] "Nicole<2><STEAM_1:0:162762726><>" changed cvar (cvar "sv_alltalk") (value "0")
L 09/04/2020 - 18:08:41: -------- Mapchange to c10m4_mainstreet --------
L 09/04/2020 - 18:20:21: [basecomm.smx] "twitch.tv/sacnik ü•êüéÆ<3><STEAM_1:1:522713982><>" gagged "(-=NB=-) BoKita paSioN<227><STEAM_1:0:554927290><>"
L 09/04/2020 - 18:24:37: -------- Mapchange to c10m5_houseboat --------
L 09/04/2020 - 18:36:17: -------- Mapchange to c11m1_greenhouse --------
L 09/04/2020 - 18:36:35: Log file closed.
L 09/04/2020 - 18:57:35: SourceMod log file session started (file "L20200904.log") (Version "1.8.0.6041")
L 09/04/2020 - 18:57:35: -------- Mapchange to c5m1_waterfront --------
L 09/04/2020 - 18:57:38: [l4d2_itemgiver.smx] Detected Left4Dead2!
L 09/04/2020 - 18:57:38: [simplewelcomemsg.smx] Set the maximum number of lines of.
L 09/04/2020 - 18:57:52: [SM] Changed map to "c5m1_waterfront"
L 09/04/2020 - 18:57:52: -------- Mapchange to c5m1_waterfront --------
L 09/04/2020 - 18:58:50: [basecommands.smx] "Nicole<2><STEAM_1:0:162762726><>" changed cvar (cvar "sv_force_time_of_day") (value "0")
L 09/04/2020 - 18:58:50: [basecommands.smx] "Nicole<2><STEAM_1:0:162762726><>" changed cvar (cvar "z_ghost_delay_min") (value "20")
L 09/04/2020 - 18:58:50: [basecommands.smx] "Nicole<2><STEAM_1:0:162762726><>" changed cvar (cvar "z_ghost_delay_max") (value "24")
L 09/04/2020 - 18:58:50: [basecommands.smx] "Nicole<2><STEAM_1:0:162762726><>" changed cvar (cvar "versus_tank_chance_intro") (value "1")
L 09/04/2020 - 18:58:50: [basecommands.smx] "Nicole<2><STEAM_1:0:162762726><>" changed cvar (cvar "versus_tank_chance_finale") (value "0")
L 09/04/2020 - 18:58:50: [basecommands.smx] "Nicole<2><STEAM_1:0:162762726><>" changed cvar (cvar "versus_tank_chance") (value "1")
L 09/04/2020 - 18:58:50: [basecommands.smx] "Nicole<2><STEAM_1:0:162762726><>" changed cvar (cvar "versus_witch_chance_intro") (value "0")
L 09/04/2020 - 18:58:50: [basecommands.smx] "Nicole<2><STEAM_1:0:162762726><>" changed cvar (cvar "versus_witch_chance_finale") (value "1")
L 09/04/2020 - 18:58:50: [basecommands.smx] "Nicole<2><STEAM_1:0:162762726><>" changed cvar (cvar "versus_witch_chance") (value "1")
L 09/04/2020 - 19:05:26: [basecommands.smx] "Nicole<2><STEAM_1:0:162762726><>" changed map to "c11m1_greenhouse"
L 09/04/2020 - 19:05:29: [SM] Changed map to "c11m1_greenhouse"
L 09/04/2020 - 19:05:34: -------- Mapchange to c11m1_greenhouse --------
L 09/04/2020 - 19:16:28: -------- Mapchange to c11m2_offices --------
L 09/04/2020 - 19:34:29: -------- Mapchange to c11m3_garage --------
L 09/04/2020 - 19:47:13: -------- Mapchange to c11m4_terminal --------
L 09/04/2020 - 19:48:39: [basecommands.smx] "Nicole<2><STEAM_1:0:162762726><>" changed cvar (cvar "vs_max_team_switches") (value "100")
L 09/04/2020 - 19:55:49: [basecomm.smx] "twitch.tv/sacnik ü•êüéÆ<3><STEAM_1:1:522713982><>" gagged "Mauro<142><STEAM_1:0:77905549><>"
L 09/04/2020 - 19:59:50: -------- Mapchange to c11m5_runway --------
L 09/04/2020 - 20:13:08: -------- Mapchange to c12m1_hilltop --------
L 09/04/2020 - 20:14:34: [funcommands.smx] "Nicole<2><STEAM_1:0:162762726><>" froze "-juan.<158><STEAM_1:1:419340091><>"
L 09/04/2020 - 20:16:40: [playercommands.smx] "Nicole<2><STEAM_1:0:162762726><>" slayed "-juan.<158><STEAM_1:1:419340091><>"
L 09/04/2020 - 20:16:55: [playercommands.smx] "Nicole<2><STEAM_1:0:162762726><>" slayed "Smoker<234><BOT><>"
L 09/04/2020 - 20:16:55: [playercommands.smx] "Nicole<2><STEAM_1:0:162762726><>" slayed "Charger<235><BOT><>"
L 09/04/2020 - 20:16:56: [playercommands.smx] "Nicole<2><STEAM_1:0:162762726><>" slayed "-juan.<158><STEAM_1:1:419340091><>"
L 09/04/2020 - 20:18:13: [basecommands.smx] "Nicole<2><STEAM_1:0:162762726><>" changed cvar (cvar "vs_max_team_switches") (value "0")
L 09/04/2020 - 20:19:50: [playercommands.smx] "Nicole<2><STEAM_1:0:162762726><>" slayed "Francis<242><BOT><>"
L 09/04/2020 - 20:20:17: [playercommands.smx] "Nicole<2><STEAM_1:0:162762726><>" slayed "Bill<241><BOT><>"
L 09/04/2020 - 20:20:43: [playercommands.smx] "Nicole<2><STEAM_1:0:162762726><>" slayed "Nicole<2><STEAM_1:0:162762726><>"
L 09/04/2020 - 20:21:58: -------- Mapchange to C12m2_traintunnel --------
L 09/04/2020 - 20:24:03: [basecommands.smx] "Nicole<2><STEAM_1:0:162762726><>" changed map to "c1m1_hotel"
L 09/04/2020 - 20:24:06: [SM] Changed map to "c1m1_hotel"
L 09/04/2020 - 20:24:12: -------- Mapchange to c1m1_hotel --------
L 09/04/2020 - 20:25:20: [basecommands.smx] "Nicole<2><STEAM_1:0:162762726><>" changed cvar (cvar "vs_max_team_switches") (value "0")
L 09/04/2020 - 20:25:23: [basecommands.smx] "Nicole<2><STEAM_1:0:162762726><>" changed cvar (cvar "sv_force_time_of_day") (value "0")
L 09/04/2020 - 20:25:23: [basecommands.smx] "Nicole<2><STEAM_1:0:162762726><>" changed cvar (cvar "z_ghost_delay_min") (value "20")
L 09/04/2020 - 20:25:23: [basecommands.smx] "Nicole<2><STEAM_1:0:162762726><>" changed cvar (cvar "z_ghost_delay_max") (value "24")
L 09/04/2020 - 20:25:23: [basecommands.smx] "Nicole<2><STEAM_1:0:162762726><>" changed cvar (cvar "versus_tank_chance_intro") (value "1")
L 09/04/2020 - 20:25:23: [basecommands.smx] "Nicole<2><STEAM_1:0:162762726><>" changed cvar (cvar "versus_tank_chance_finale") (value "0")
L 09/04/2020 - 20:25:23: [basecommands.smx] "Nicole<2><STEAM_1:0:162762726><>" changed cvar (cvar "versus_tank_chance") (value "1")
L 09/04/2020 - 20:25:23: [basecommands.smx] "Nicole<2><STEAM_1:0:162762726><>" changed cvar (cvar "versus_witch_chance_intro") (value "0")
L 09/04/2020 - 20:25:23: [basecommands.smx] "Nicole<2><STEAM_1:0:162762726><>" changed cvar (cvar "versus_witch_chance_finale") (value "1")
L 09/04/2020 - 20:25:23: [basecommands.smx] "Nicole<2><STEAM_1:0:162762726><>" changed cvar (cvar "versus_witch_chance") (value "1")
L 09/04/2020 - 20:26:31: [basecommands.smx] "Nicole<2><STEAM_1:0:162762726><>" changed cvar (cvar "vs_max_team_switches") (value "100")
L 09/04/2020 - 20:26:40: [basecommands.smx] "Nicole<2><STEAM_1:0:162762726><>" changed cvar (cvar "vs_max_team_switches") (value "0")
L 09/04/2020 - 20:30:48: [basecommands.smx] "Nicole<2><STEAM_1:0:162762726><>" changed cvar (cvar "vs_max_team_switches") (value "100")
L 09/04/2020 - 20:36:26: -------- Mapchange to c1m2_streets --------
L 09/04/2020 - 20:37:48: [basecommands.smx] "Nicole<2><STEAM_1:0:162762726><>" changed cvar (cvar "vs_max_team_switches") (value "100")
L 09/04/2020 - 20:53:41: [basecommands.smx] "Nicole<2><STEAM_1:0:162762726><>" kicked "shottyhazard@ubuntu<275><STEAM_1:1:32584854><>" (reason "")
L 09/04/2020 - 20:55:29: -------- Mapchange to c1m3_mall --------
L 09/04/2020 - 20:58:07: [basecommands.smx] "Nicole<2><STEAM_1:0:162762726><>" changed cvar (cvar "vs_max_team_switches") (value "0")
L 09/04/2020 - 21:09:03: [basecommands.smx] "Nicole<2><STEAM_1:0:162762726><>" changed cvar (cvar "vs_max_team_switches") (value "100")
L 09/04/2020 - 21:09:07: [basecommands.smx] "Nicole<2><STEAM_1:0:162762726><>" changed cvar (cvar "vs_max_team_switches") (value "0")
L 09/04/2020 - 21:13:07: -------- Mapchange to c1m4_atrium --------
L 09/04/2020 - 21:13:40: [basecommands.smx] "Nicole<2><STEAM_1:0:162762726><>" changed cvar (cvar "vs_max_team_switches") (value "100")
L 09/04/2020 - 21:22:27: -------- Mapchange to c2m1_highway --------
L 09/04/2020 - 21:31:24: [basebans.smx] "Nicole<2><STEAM_1:0:162762726><>" banned "Arcane Wizard<425><STEAM_1:1:108932493><>" (minutes "0") (reason "Troll")
L 09/04/2020 - 21:32:54: [admin_hp.smx]  
L 09/04/2020 - 21:34:55: -------- Mapchange to c5m1_waterfront --------
L 09/04/2020 - 21:45:13: -------- Mapchange to c5m2_park --------
L 09/04/2020 - 21:57:29: [basebans.smx] "Nicole<2><STEAM_1:0:162762726><>" banned "Diego<483><STEAM_1:0:31905433><>" (minutes "0") (reason "Troll")
L 09/04/2020 - 21:58:43: -------- Mapchange to c5m3_cemetery --------
L 09/04/2020 - 22:03:21: [basecommands.smx] "Nicole<2><STEAM_1:0:162762726><>" changed cvar (cvar "vs_max_team_switches") (value "0")
