L 07/27/2021 - 18:43:58: SourceMod log file session started (file "D:\Steam\steamapps\common\Left 4 Dead 2\left4dead2\addons\sourcemod\logs\L20210727.log") (Version "1.10.0.6492")
L 07/27/2021 - 18:43:58: [simplewelcomemsg.smx] Set the maximum number of lines of.
L 07/27/2021 - 18:44:03: [basecommands.smx] "Console<0><Console><Console>" changed cvar (cvar "sv_force_time_of_day") (value "0")
L 07/27/2021 - 18:44:03: [basecommands.smx] "Console<0><Console><Console>" changed cvar (cvar "z_witch_damage_per_kill_hit") (value "120")
L 07/27/2021 - 18:44:03: [basecommands.smx] "Console<0><Console><Console>" changed cvar (cvar "z_witch_anger_rate") (value "0.4")
L 07/27/2021 - 18:44:03: [basecommands.smx] "Console<0><Console><Console>" changed cvar (cvar "z_witch_flashlight_range") (value "2000")
L 07/27/2021 - 18:44:03: [basecommands.smx] "Console<0><Console><Console>" changed cvar (cvar "z_witch_burn_time") (value "100")
L 07/27/2021 - 18:44:03: [basecommands.smx] "Console<0><Console><Console>" changed cvar (cvar "z_tank_health") (value "4000")
L 07/27/2021 - 18:44:03: [basecommands.smx] "Console<0><Console><Console>" changed cvar (cvar "z_ghost_delay_min") (value "15")
L 07/27/2021 - 18:44:03: [basecommands.smx] "Console<0><Console><Console>" changed cvar (cvar "z_ghost_delay_max") (value "15")
L 07/27/2021 - 18:44:03: [basecommands.smx] "Console<0><Console><Console>" changed cvar (cvar "z_hunter_limit") (value "1")
L 07/27/2021 - 18:44:03: [basecommands.smx] "Console<0><Console><Console>" changed cvar (cvar "z_smoker_limit") (value "1")
L 07/27/2021 - 18:44:03: [basecommands.smx] "Console<0><Console><Console>" changed cvar (cvar "z_jockey_limit") (value "1")
L 07/27/2021 - 18:44:03: [basecommands.smx] "Console<0><Console><Console>" changed cvar (cvar "versus_tank_chance_intro") (value "1")
L 07/27/2021 - 18:44:03: [basecommands.smx] "Console<0><Console><Console>" changed cvar (cvar "versus_tank_chance_finale") (value "1")
L 07/27/2021 - 18:44:03: [basecommands.smx] "Console<0><Console><Console>" changed cvar (cvar "versus_tank_chance") (value "1")
L 07/27/2021 - 18:44:03: [basecommands.smx] "Console<0><Console><Console>" changed cvar (cvar "versus_witch_chance_intro") (value "0")
L 07/27/2021 - 18:44:03: [basecommands.smx] "Console<0><Console><Console>" changed cvar (cvar "versus_witch_chance_finale") (value "0")
L 07/27/2021 - 18:44:03: [basecommands.smx] "Console<0><Console><Console>" changed cvar (cvar "versus_witch_chance") (value "1")
L 07/27/2021 - 18:44:03: [basecommands.smx] "Console<0><Console><Console>" changed cvar (cvar "director_force_tank") (value "1")
L 07/27/2021 - 18:44:03: [basecommands.smx] "Console<0><Console><Console>" changed cvar (cvar "versus_boss_flow_min") (value "0.4")
L 07/27/2021 - 18:44:03: [basecommands.smx] "Console<0><Console><Console>" changed cvar (cvar "versus_boss_flow_max") (value "0.6")
L 07/27/2021 - 18:44:03: [basecommands.smx] "Console<0><Console><Console>" changed cvar (cvar "versus_boss_flow_min_intro") (value "0.1")
L 07/27/2021 - 18:44:03: [basecommands.smx] "Console<0><Console><Console>" changed cvar (cvar "versus_boss_flow_max_intro") (value "0.2")
L 07/27/2021 - 18:44:03: [basecommands.smx] "Console<0><Console><Console>" changed cvar (cvar "versus_boss_flow_min_finale") (value "0.1")
L 07/27/2021 - 18:44:03: [basecommands.smx] "Console<0><Console><Console>" changed cvar (cvar "versus_boss_flow_max_finale") (value "0.2")
L 07/27/2021 - 18:44:03: [basecommands.smx] "Console<0><Console><Console>" changed cvar (cvar "boomer_vomit_delay") (value "0.1")
L 07/27/2021 - 18:44:03: [basecommands.smx] "Console<0><Console><Console>" changed cvar (cvar "smoker_tongue_delay") (value "0.1")
L 07/27/2021 - 18:44:03: [basecommands.smx] "Console<0><Console><Console>" changed cvar (cvar "vs_survival_bonus") (value "35")
L 07/27/2021 - 18:44:03: [basecommands.smx] "Console<0><Console><Console>" changed cvar (cvar "z_tank_throw_health") (value "10")
L 07/27/2021 - 18:44:03: [basecommands.smx] "Console<0><Console><Console>" changed cvar (cvar "sv_client_min_interp_ratio") (value "-1")
L 07/27/2021 - 18:44:03: [basecommands.smx] "Console<0><Console><Console>" changed cvar (cvar "sv_client_max_interp_ratio") (value "0")
L 07/27/2021 - 18:44:03: [basecommands.smx] "Console<0><Console><Console>" changed cvar (cvar "sv_minrate") (value "100000")
L 07/27/2021 - 18:44:03: [basecommands.smx] "Console<0><Console><Console>" changed cvar (cvar "sv_maxrate") (value "100000")
L 07/27/2021 - 18:44:03: [basecommands.smx] "Console<0><Console><Console>" changed cvar (cvar "sv_mincmdrate") (value "100")
L 07/27/2021 - 18:44:03: [basecommands.smx] "Console<0><Console><Console>" changed cvar (cvar "sv_maxcmdrate") (value "100")
L 07/27/2021 - 18:44:03: [basecommands.smx] "Console<0><Console><Console>" changed cvar (cvar "sv_minupdaterate") (value "100")
L 07/27/2021 - 18:44:03: [basecommands.smx] "Console<0><Console><Console>" changed cvar (cvar "sv_maxupdaterate") (value "100")
L 07/27/2021 - 18:44:03: [basecommands.smx] "Console<0><Console><Console>" changed cvar (cvar "nb_update_frequency") (value "0.014")
L 07/27/2021 - 18:44:03: [basecommands.smx] "Console<0><Console><Console>" changed cvar (cvar "net_splitpacket_maxrate") (value "50000")
L 07/27/2021 - 18:44:03: [basecommands.smx] "Console<0><Console><Console>" changed cvar (cvar "fps_max") (value "0")
L 07/27/2021 - 18:44:03: [basecommands.smx] "Console<0><Console><Console>" changed cvar (cvar "hostname") (value "Versus")
L 07/27/2021 - 18:48:04: [admin_hp.smx]  
L 07/27/2021 - 18:50:41: [l4d2_skill_detect.smx] Clear: 7 freed 2 from 4: time: 1.39 / -1.00 -- class: jockey (with shove? 0)
L 07/27/2021 - 18:51:04: [l4d2_skill_detect.smx] Charge carry start: 5 - 8 -- time: 413.61
L 07/27/2021 - 18:51:06: [l4d2_skill_detect.smx] Clear: 6 freed 8 from 5: time: 0.00 / 1.30 -- class: charger (with shove? 0)
L 07/27/2021 - 18:51:08: [l4d2_skill_detect.smx] Checking charge victim: 5 - 8 - flags: 1 (alive? 1)
L 07/27/2021 - 18:51:20: [l4d2_skill_detect.smx] Clear: 7 freed 2 from 3: time: 0.80 / -1.00 -- class: hunter (with shove? 0)
L 07/27/2021 - 18:51:24: [l4d2_skill_detect.smx] Clear: 6 freed 2 from 4: time: -1.00 / 0.35 -- class: smoker (with shove? 0)
L 07/27/2021 - 18:52:05: [l4d2_skill_detect.smx] Charge carry start: 3 - 2 -- time: 474.76
L 07/27/2021 - 18:52:09: [l4d2_skill_detect.smx] Clear: 7 freed 2 from 3: time: 1.51 / 3.22 -- class: charger (with shove? 0)
L 07/27/2021 - 18:52:09: [l4d2_skill_detect.smx] Checking charge victim: 3 - 2 - flags: 1 (alive? 1)
L 07/27/2021 - 18:52:09: [l4d2_skill_detect.smx] Checking charge victim: 3 - 8 - flags: 0 (alive? 1)
L 07/27/2021 - 18:52:35: [l4d2_skill_detect.smx] Clear: 2 freed 8 from 4: time: 1.24 / -1.00 -- class: hunter (with shove? 0)
L 07/27/2021 - 18:53:04: [l4d2_skill_detect.smx] Charge carry start: 3 - 7 -- time: 532.98
L 07/27/2021 - 18:53:06: [l4d2_skill_detect.smx] Clear: 6 freed 7 from 3: time: 0.34 / 2.07 -- class: charger (with shove? 0)
L 07/27/2021 - 18:53:07: [l4d2_skill_detect.smx] Checking charge victim: 3 - 8 - flags: 0 (alive? 1)
L 07/27/2021 - 18:53:07: [l4d2_skill_detect.smx] Checking charge victim: 3 - 7 - flags: 1 (alive? 1)
L 07/27/2021 - 18:53:08: [l4d2_skill_detect.smx] Clear: 6 freed 7 from 4: time: 0.94 / -1.00 -- class: jockey (with shove? 1)
L 07/27/2021 - 18:53:39: [l4d2_skill_detect.smx] Clear: 7 freed 2 from 9: time: 1.39 / -1.00 -- class: hunter (with shove? 0)
L 07/27/2021 - 18:54:28: [l4d2_skill_detect.smx] Charge carry start: 5 - 7 -- time: 617.08
L 07/27/2021 - 18:54:31: [l4d2_skill_detect.smx] Checking charge victim: 5 - 7 - flags: 1 (alive? 1)
L 07/27/2021 - 18:55:51: [l4d2_skill_detect.smx] Clear: 3 freed 5 from 8: time: 0.20 / 2.03 -- class: smoker (with shove? 0)
L 07/27/2021 - 18:56:00: [l4d2_skill_detect.smx] Charge carry start: 7 - 1 -- time: 709.09
L 07/27/2021 - 18:56:03: [l4d2_skill_detect.smx] Clear: 4 freed 1 from 7: time: 0.58 / 3.19 -- class: charger (with shove? 0)
L 07/27/2021 - 18:56:04: [l4d2_skill_detect.smx] Checking charge victim: 7 - 1 - flags: 1 (alive? 1)
L 07/27/2021 - 18:56:49: [l4d2_skill_detect.smx] Clear: 1 freed 4 from 7: time: 2.27 / 6.25 -- class: smoker (with shove? 0)
L 07/27/2021 - 18:57:20: [l4d2_skill_detect.smx] Clear: 3 freed 4 from 6: time: 0.95 / -1.00 -- class: hunter (with shove? 0)
L 07/27/2021 - 18:57:27: [l4d2_skill_detect.smx] Clear: 4 freed 1 from 8: time: 3.57 / -1.00 -- class: jockey (with shove? 0)
L 07/27/2021 - 18:58:50: [l4d2_skill_detect.smx] Clear: 5 freed 1 from 6: time: 0.64 / -1.00 -- class: jockey (with shove? 0)
L 07/27/2021 - 18:59:36: [l4d2_skill_detect.smx] calarm trigger: caller 854 / activator 854 / delay: 0.00
L 07/27/2021 - 19:00:10: [l4d2_skill_detect.smx] Clear: 1 freed 5 from 6: time: -1.00 / 1.97 -- class: smoker (with shove? 0)
L 07/27/2021 - 19:00:13: [l4d2_skill_detect.smx] Clear: 4 freed 3 from 2: time: 1.54 / -1.00 -- class: hunter (with shove? 1)
L 07/27/2021 - 19:01:07: [l4d2_skill_detect.smx] Clear: 9 freed 5 from 7: time: 1.17 / -1.00 -- class: hunter (with shove? 0)
L 07/27/2021 - 19:01:15: [l4d2_skill_detect.smx] Clear: 4 freed 1 from 2: time: 2.67 / 5.19 -- class: smoker (with shove? 1)
L 07/27/2021 - 19:01:58: [l4d2_skill_detect.smx] Charge carry start: 2 - 5 -- time: 1066.78
L 07/27/2021 - 19:02:29: -------- Mapchange to c2m2_fairgrounds --------
L 07/27/2021 - 19:02:32: [basecommands.smx] "Console<0><Console><Console>" changed cvar (cvar "sv_force_time_of_day") (value "0")
L 07/27/2021 - 19:02:32: [basecommands.smx] "Console<0><Console><Console>" changed cvar (cvar "z_witch_damage_per_kill_hit") (value "120")
L 07/27/2021 - 19:02:32: [basecommands.smx] "Console<0><Console><Console>" changed cvar (cvar "z_witch_anger_rate") (value "0.4")
L 07/27/2021 - 19:02:32: [basecommands.smx] "Console<0><Console><Console>" changed cvar (cvar "z_witch_flashlight_range") (value "2000")
L 07/27/2021 - 19:02:32: [basecommands.smx] "Console<0><Console><Console>" changed cvar (cvar "z_witch_burn_time") (value "100")
L 07/27/2021 - 19:02:32: [basecommands.smx] "Console<0><Console><Console>" changed cvar (cvar "z_tank_health") (value "4000")
L 07/27/2021 - 19:02:32: [basecommands.smx] "Console<0><Console><Console>" changed cvar (cvar "z_ghost_delay_min") (value "15")
L 07/27/2021 - 19:02:32: [basecommands.smx] "Console<0><Console><Console>" changed cvar (cvar "z_ghost_delay_max") (value "15")
L 07/27/2021 - 19:02:32: [basecommands.smx] "Console<0><Console><Console>" changed cvar (cvar "z_hunter_limit") (value "1")
L 07/27/2021 - 19:02:32: [basecommands.smx] "Console<0><Console><Console>" changed cvar (cvar "z_smoker_limit") (value "1")
L 07/27/2021 - 19:02:32: [basecommands.smx] "Console<0><Console><Console>" changed cvar (cvar "z_jockey_limit") (value "1")
L 07/27/2021 - 19:02:32: [basecommands.smx] "Console<0><Console><Console>" changed cvar (cvar "versus_tank_chance_intro") (value "1")
L 07/27/2021 - 19:02:32: [basecommands.smx] "Console<0><Console><Console>" changed cvar (cvar "versus_tank_chance_finale") (value "1")
L 07/27/2021 - 19:02:32: [basecommands.smx] "Console<0><Console><Console>" changed cvar (cvar "versus_tank_chance") (value "1")
L 07/27/2021 - 19:02:32: [basecommands.smx] "Console<0><Console><Console>" changed cvar (cvar "versus_witch_chance_intro") (value "0")
L 07/27/2021 - 19:02:32: [basecommands.smx] "Console<0><Console><Console>" changed cvar (cvar "versus_witch_chance_finale") (value "0")
L 07/27/2021 - 19:02:32: [basecommands.smx] "Console<0><Console><Console>" changed cvar (cvar "versus_witch_chance") (value "1")
L 07/27/2021 - 19:02:32: [basecommands.smx] "Console<0><Console><Console>" changed cvar (cvar "director_force_tank") (value "1")
L 07/27/2021 - 19:02:32: [basecommands.smx] "Console<0><Console><Console>" changed cvar (cvar "versus_boss_flow_min") (value "0.4")
L 07/27/2021 - 19:02:32: [basecommands.smx] "Console<0><Console><Console>" changed cvar (cvar "versus_boss_flow_max") (value "0.6")
L 07/27/2021 - 19:02:32: [basecommands.smx] "Console<0><Console><Console>" changed cvar (cvar "versus_boss_flow_min_intro") (value "0.1")
L 07/27/2021 - 19:02:32: [basecommands.smx] "Console<0><Console><Console>" changed cvar (cvar "versus_boss_flow_max_intro") (value "0.2")
L 07/27/2021 - 19:02:32: [basecommands.smx] "Console<0><Console><Console>" changed cvar (cvar "versus_boss_flow_min_finale") (value "0.1")
L 07/27/2021 - 19:02:32: [basecommands.smx] "Console<0><Console><Console>" changed cvar (cvar "versus_boss_flow_max_finale") (value "0.2")
L 07/27/2021 - 19:02:32: [basecommands.smx] "Console<0><Console><Console>" changed cvar (cvar "boomer_vomit_delay") (value "0.1")
L 07/27/2021 - 19:02:32: [basecommands.smx] "Console<0><Console><Console>" changed cvar (cvar "smoker_tongue_delay") (value "0.1")
L 07/27/2021 - 19:02:32: [basecommands.smx] "Console<0><Console><Console>" changed cvar (cvar "vs_survival_bonus") (value "35")
L 07/27/2021 - 19:02:32: [basecommands.smx] "Console<0><Console><Console>" changed cvar (cvar "z_tank_throw_health") (value "10")
L 07/27/2021 - 19:02:32: [basecommands.smx] "Console<0><Console><Console>" changed cvar (cvar "sv_client_min_interp_ratio") (value "-1")
L 07/27/2021 - 19:02:32: [basecommands.smx] "Console<0><Console><Console>" changed cvar (cvar "sv_client_max_interp_ratio") (value "0")
L 07/27/2021 - 19:02:32: [basecommands.smx] "Console<0><Console><Console>" changed cvar (cvar "sv_minrate") (value "100000")
L 07/27/2021 - 19:02:32: [basecommands.smx] "Console<0><Console><Console>" changed cvar (cvar "sv_maxrate") (value "100000")
L 07/27/2021 - 19:02:32: [basecommands.smx] "Console<0><Console><Console>" changed cvar (cvar "sv_mincmdrate") (value "100")
L 07/27/2021 - 19:02:32: [basecommands.smx] "Console<0><Console><Console>" changed cvar (cvar "sv_maxcmdrate") (value "100")
L 07/27/2021 - 19:02:32: [basecommands.smx] "Console<0><Console><Console>" changed cvar (cvar "sv_minupdaterate") (value "100")
L 07/27/2021 - 19:02:32: [basecommands.smx] "Console<0><Console><Console>" changed cvar (cvar "sv_maxupdaterate") (value "100")
L 07/27/2021 - 19:02:32: [basecommands.smx] "Console<0><Console><Console>" changed cvar (cvar "nb_update_frequency") (value "0.014")
L 07/27/2021 - 19:02:32: [basecommands.smx] "Console<0><Console><Console>" changed cvar (cvar "net_splitpacket_maxrate") (value "50000")
L 07/27/2021 - 19:02:32: [basecommands.smx] "Console<0><Console><Console>" changed cvar (cvar "fps_max") (value "0")
L 07/27/2021 - 19:02:32: [basecommands.smx] "Console<0><Console><Console>" changed cvar (cvar "hostname") (value "Versus")
L 07/27/2021 - 19:05:56: [l4d2_skill_detect.smx] Clear: 7 freed 2 from 4: time: 0.86 / -1.00 -- class: jockey (with shove? 0)
L 07/27/2021 - 19:06:00: [l4d2_skill_detect.smx] Charge carry start: 9 - 2 -- time: 204.27
L 07/27/2021 - 19:06:02: [l4d2_skill_detect.smx] Clear: 6 freed 2 from 9: time: 0.93 / 2.00 -- class: charger (with shove? 0)
L 07/27/2021 - 19:06:03: [l4d2_skill_detect.smx] Checking charge victim: 9 - 2 - flags: 1 (alive? 1)
L 07/27/2021 - 19:06:34: [l4d2_skill_detect.smx] Clear: 8 freed 2 from 4: time: -1.00 / 2.65 -- class: smoker (with shove? 0)
L 07/27/2021 - 19:06:38: [l4d2_skill_detect.smx] Clear: 7 freed 2 from 5: time: 2.28 / -1.00 -- class: hunter (with shove? 0)
L 07/27/2021 - 19:07:04: [l4d2_skill_detect.smx] Charge carry start: 1 - 2 -- time: 268.38
L 07/27/2021 - 19:07:08: [l4d2_skill_detect.smx] Checking charge victim: 1 - 2 - flags: 1 (alive? 1)
L 07/27/2021 - 19:07:46: [l4d2_skill_detect.smx] Clear: 2 freed 7 from 1: time: 2.01 / -1.00 -- class: hunter (with shove? 0)
L 07/27/2021 - 19:08:31: [l4d2_skill_detect.smx] Witch Crown Check: Failed: bungled: 1 / crowntype: 0 (entity: 709)
L 07/27/2021 - 19:08:31: [l4d2_skill_detect.smx] Witch Crown Check: Further details: attacker: 🥐Le Facture Sensuale🎮, attacker dmg: 215, teamless dmg: 4
L 07/27/2021 - 19:09:26: [l4d2_skill_detect.smx] Clear: 6 freed 8 from 1: time: 1.33 / -1.00 -- class: jockey (with shove? 0)
L 07/27/2021 - 19:09:29: [l4d2_skill_detect.smx] Clear: 8 freed 6 from 4: time: 2.11 / -1.00 -- class: hunter (with shove? 0)
L 07/27/2021 - 19:09:30: [l4d2_tankswap.smx] ReplaceTank being called, client ｖｌａｄｉｍｉｒ target ♛ Rain ♛
L 07/27/2021 - 19:09:30: [l4d2_tankswap.smx] ZombieManager pointer: 0x42aec00
L 07/27/2021 - 19:09:32: [l4d2_tankswap.smx] ReplaceTank being called, client Jaiosky target ♛ Rain ♛
L 07/27/2021 - 19:09:32: [l4d2_tankswap.smx] ZombieManager pointer: 0x42aec00
L 07/27/2021 - 19:09:56: [l4d2_skill_detect.smx] Charge carry start: 4 - 8 -- time: 440.35
L 07/27/2021 - 19:09:57: [l4d2_skill_detect.smx] Clear: 6 freed 8 from 4: time: 0.00 / 0.98 -- class: charger (with shove? 0)
L 07/27/2021 - 19:10:00: [l4d2_skill_detect.smx] Checking charge victim: 4 - 8 - flags: 1 (alive? 1)
L 07/27/2021 - 19:10:34: [l4d2_skill_detect.smx] Charge carry start: 5 - 8 -- time: 478.70
L 07/27/2021 - 19:10:39: [l4d2_skill_detect.smx] Checking charge victim: 5 - 8 - flags: 1 (alive? 1)
L 07/27/2021 - 19:12:16: [l4d2_skill_detect.smx] Clear: 1 freed 3 from 8: time: -1.00 / 3.19 -- class: smoker (with shove? 0)
L 07/27/2021 - 19:12:47: [l4d2_skill_detect.smx] Charge carry start: 6 - 9 -- time: 611.01
L 07/27/2021 - 19:12:50: [l4d2_skill_detect.smx] Checking charge victim: 6 - 1 - flags: 0 (alive? 1)
L 07/27/2021 - 19:12:50: [l4d2_skill_detect.smx] Checking charge victim: 6 - 9 - flags: 1 (alive? 1)
L 07/27/2021 - 19:12:52: [l4d2_skill_detect.smx] Clear: 5 freed 9 from 6: time: 3.79 / 5.23 -- class: charger (with shove? 0)
L 07/27/2021 - 19:13:23: [l4d2_skill_detect.smx] Clear: 4 freed 4 from 6: time: -1.00 / 0.70 -- class: smoker (with shove? 1)
L 07/27/2021 - 19:14:13: [l4d2_skill_detect.smx] Clear: 9 freed 1 from 2: time: 1.92 / -1.00 -- class: jockey (with shove? 0)
L 07/27/2021 - 19:14:26: [l4d2_skill_detect.smx] Witch Crown Check: Failed: bungled: 1 / crowntype: 0 (entity: 613)
L 07/27/2021 - 19:14:26: [l4d2_skill_detect.smx] Witch Crown Check: Further details: attacker: Nami  ’, attacker dmg: 768, teamless dmg: 0
L 07/27/2021 - 19:16:18: -------- Mapchange to c2m3_coaster --------
L 07/27/2021 - 19:16:21: [basecommands.smx] "Console<0><Console><Console>" changed cvar (cvar "sv_force_time_of_day") (value "0")
L 07/27/2021 - 19:16:21: [basecommands.smx] "Console<0><Console><Console>" changed cvar (cvar "z_witch_damage_per_kill_hit") (value "120")
L 07/27/2021 - 19:16:21: [basecommands.smx] "Console<0><Console><Console>" changed cvar (cvar "z_witch_anger_rate") (value "0.4")
L 07/27/2021 - 19:16:21: [basecommands.smx] "Console<0><Console><Console>" changed cvar (cvar "z_witch_flashlight_range") (value "2000")
L 07/27/2021 - 19:16:21: [basecommands.smx] "Console<0><Console><Console>" changed cvar (cvar "z_witch_burn_time") (value "100")
L 07/27/2021 - 19:16:21: [basecommands.smx] "Console<0><Console><Console>" changed cvar (cvar "z_tank_health") (value "4000")
L 07/27/2021 - 19:16:21: [basecommands.smx] "Console<0><Console><Console>" changed cvar (cvar "z_ghost_delay_min") (value "15")
L 07/27/2021 - 19:16:21: [basecommands.smx] "Console<0><Console><Console>" changed cvar (cvar "z_ghost_delay_max") (value "15")
L 07/27/2021 - 19:16:21: [basecommands.smx] "Console<0><Console><Console>" changed cvar (cvar "z_hunter_limit") (value "1")
L 07/27/2021 - 19:16:21: [basecommands.smx] "Console<0><Console><Console>" changed cvar (cvar "z_smoker_limit") (value "1")
L 07/27/2021 - 19:16:21: [basecommands.smx] "Console<0><Console><Console>" changed cvar (cvar "z_jockey_limit") (value "1")
L 07/27/2021 - 19:16:21: [basecommands.smx] "Console<0><Console><Console>" changed cvar (cvar "versus_tank_chance_intro") (value "1")
L 07/27/2021 - 19:16:21: [basecommands.smx] "Console<0><Console><Console>" changed cvar (cvar "versus_tank_chance_finale") (value "1")
L 07/27/2021 - 19:16:21: [basecommands.smx] "Console<0><Console><Console>" changed cvar (cvar "versus_tank_chance") (value "1")
L 07/27/2021 - 19:16:21: [basecommands.smx] "Console<0><Console><Console>" changed cvar (cvar "versus_witch_chance_intro") (value "0")
L 07/27/2021 - 19:16:21: [basecommands.smx] "Console<0><Console><Console>" changed cvar (cvar "versus_witch_chance_finale") (value "0")
L 07/27/2021 - 19:16:21: [basecommands.smx] "Console<0><Console><Console>" changed cvar (cvar "versus_witch_chance") (value "1")
L 07/27/2021 - 19:16:21: [basecommands.smx] "Console<0><Console><Console>" changed cvar (cvar "director_force_tank") (value "1")
L 07/27/2021 - 19:16:21: [basecommands.smx] "Console<0><Console><Console>" changed cvar (cvar "versus_boss_flow_min") (value "0.4")
L 07/27/2021 - 19:16:21: [basecommands.smx] "Console<0><Console><Console>" changed cvar (cvar "versus_boss_flow_max") (value "0.6")
L 07/27/2021 - 19:16:21: [basecommands.smx] "Console<0><Console><Console>" changed cvar (cvar "versus_boss_flow_min_intro") (value "0.1")
L 07/27/2021 - 19:16:21: [basecommands.smx] "Console<0><Console><Console>" changed cvar (cvar "versus_boss_flow_max_intro") (value "0.2")
L 07/27/2021 - 19:16:21: [basecommands.smx] "Console<0><Console><Console>" changed cvar (cvar "versus_boss_flow_min_finale") (value "0.1")
L 07/27/2021 - 19:16:21: [basecommands.smx] "Console<0><Console><Console>" changed cvar (cvar "versus_boss_flow_max_finale") (value "0.2")
L 07/27/2021 - 19:16:21: [basecommands.smx] "Console<0><Console><Console>" changed cvar (cvar "boomer_vomit_delay") (value "0.1")
L 07/27/2021 - 19:16:21: [basecommands.smx] "Console<0><Console><Console>" changed cvar (cvar "smoker_tongue_delay") (value "0.1")
L 07/27/2021 - 19:16:21: [basecommands.smx] "Console<0><Console><Console>" changed cvar (cvar "vs_survival_bonus") (value "35")
L 07/27/2021 - 19:16:21: [basecommands.smx] "Console<0><Console><Console>" changed cvar (cvar "z_tank_throw_health") (value "10")
L 07/27/2021 - 19:16:21: [basecommands.smx] "Console<0><Console><Console>" changed cvar (cvar "sv_client_min_interp_ratio") (value "-1")
L 07/27/2021 - 19:16:21: [basecommands.smx] "Console<0><Console><Console>" changed cvar (cvar "sv_client_max_interp_ratio") (value "0")
L 07/27/2021 - 19:16:21: [basecommands.smx] "Console<0><Console><Console>" changed cvar (cvar "sv_minrate") (value "100000")
L 07/27/2021 - 19:16:21: [basecommands.smx] "Console<0><Console><Console>" changed cvar (cvar "sv_maxrate") (value "100000")
L 07/27/2021 - 19:16:21: [basecommands.smx] "Console<0><Console><Console>" changed cvar (cvar "sv_mincmdrate") (value "100")
L 07/27/2021 - 19:16:21: [basecommands.smx] "Console<0><Console><Console>" changed cvar (cvar "sv_maxcmdrate") (value "100")
L 07/27/2021 - 19:16:21: [basecommands.smx] "Console<0><Console><Console>" changed cvar (cvar "sv_minupdaterate") (value "100")
L 07/27/2021 - 19:16:21: [basecommands.smx] "Console<0><Console><Console>" changed cvar (cvar "sv_maxupdaterate") (value "100")
L 07/27/2021 - 19:16:21: [basecommands.smx] "Console<0><Console><Console>" changed cvar (cvar "nb_update_frequency") (value "0.014")
L 07/27/2021 - 19:16:21: [basecommands.smx] "Console<0><Console><Console>" changed cvar (cvar "net_splitpacket_maxrate") (value "50000")
L 07/27/2021 - 19:16:21: [basecommands.smx] "Console<0><Console><Console>" changed cvar (cvar "fps_max") (value "0")
L 07/27/2021 - 19:16:21: [basecommands.smx] "Console<0><Console><Console>" changed cvar (cvar "hostname") (value "Versus")
L 07/27/2021 - 19:18:02: [l4d2_skill_detect.smx] Clear: 4 freed 5 from 3: time: -1.00 / 1.31 -- class: smoker (with shove? 0)
L 07/27/2021 - 19:18:35: [l4d2_skill_detect.smx] Clear: 4 freed 9 from 6: time: -1.00 / 1.22 -- class: smoker (with shove? 1)
L 07/27/2021 - 19:18:53: [l4d2_skill_detect.smx] Charge carry start: 2 - 4 -- time: 148.45
L 07/27/2021 - 19:18:53: [l4d2_skill_detect.smx] Clear: 4 freed 4 from 2: time: 0.00 / 0.06 -- class: charger (with shove? 0)
L 07/27/2021 - 19:18:55: [l4d2_skill_detect.smx] Checking charge victim: 2 - 4 - flags: 1 (alive? 1)
L 07/27/2021 - 19:19:06: [l4d2_skill_detect.smx] Clear: 4 freed 5 from 7: time: -1.00 / 1.29 -- class: smoker (with shove? 1)
L 07/27/2021 - 19:20:10: [l4d2_skill_detect.smx] Clear: 9 freed 4 from 2: time: 0.54 / -1.00 -- class: jockey (with shove? 1)
L 07/27/2021 - 19:20:13: [l4d2_skill_detect.smx] Clear: 1 freed 4 from 6: time: 1.05 / -1.00 -- class: hunter (with shove? 0)
L 07/27/2021 - 19:20:18: [l4d2_skill_detect.smx] Clear: 4 freed 5 from 7: time: 3.37 / 234.04 -- class: charger (with shove? 0)
L 07/27/2021 - 19:21:02: [l4d2_skill_detect.smx] Clear: 9 freed 5 from 7: time: 5.36 / -1.00 -- class: jockey (with shove? 0)
L 07/27/2021 - 19:21:27: [l4d2_skill_detect.smx] Charge carry start: 6 - 1 -- time: 303.32
L 07/27/2021 - 19:21:30: [l4d2_skill_detect.smx] Checking charge victim: 6 - 1 - flags: 1 (alive? 1)
L 07/27/2021 - 19:21:31: [l4d2_skill_detect.smx] Charge carry start: 6 - 1 -- time: 307.39
L 07/27/2021 - 19:21:33: [l4d2_skill_detect.smx] Clear: 4 freed 1 from 6: time: 0.70 / 1.85 -- class: charger (with shove? 0)
L 07/27/2021 - 19:21:35: [l4d2_skill_detect.smx] Checking charge victim: 6 - 1 - flags: 1 (alive? 1)
L 07/27/2021 - 19:21:35: [l4d2_skill_detect.smx] Checking charge victim: 6 - 9 - flags: 0 (alive? 1)
L 07/27/2021 - 19:21:35: [l4d2_skill_detect.smx] Checking charge victim: 6 - 5 - flags: 0 (alive? 1)
L 07/27/2021 - 19:22:12: [l4d2_skill_detect.smx] Clear: 5 freed 1 from 2: time: -1.00 / 1.96 -- class: smoker (with shove? 1)
L 07/27/2021 - 19:22:33: [l4d2_skill_detect.smx] Charge carry start: 7 - 4 -- time: 368.88
L 07/27/2021 - 19:22:37: [l4d2_skill_detect.smx] Checking charge victim: 7 - 4 - flags: 1 (alive? 1)
L 07/27/2021 - 19:22:37: [l4d2_skill_detect.smx] Checking charge victim: 7 - 9 - flags: 0 (alive? 1)
L 07/27/2021 - 19:23:04: [l4d2_skill_detect.smx] Charge carry start: 6 - 4 -- time: 399.54
L 07/27/2021 - 19:23:07: [l4d2_skill_detect.smx] Checking charge victim: 6 - 4 - flags: 1 (alive? 1)
L 07/27/2021 - 19:23:07: [l4d2_skill_detect.smx] Checking charge victim: 6 - 5 - flags: 0 (alive? 1)
L 07/27/2021 - 19:23:08: [l4d2_skill_detect.smx] Checking charge victim: 6 - 9 - flags: 0 (alive? 1)
L 07/27/2021 - 19:23:09: [l4d2_skill_detect.smx] Clear: 1 freed 4 from 6: time: 4.53 / 5.86 -- class: charger (with shove? 0)
L 07/27/2021 - 19:23:11: [l4d2_skill_detect.smx] Clear: 5 freed 9 from 7: time: 2.39 / -1.00 -- class: hunter (with shove? 0)
L 07/27/2021 - 19:23:46: [l4d2_skill_detect.smx] Clear: 4 freed 9 from 7: time: 3.88 / -1.00 -- class: jockey (with shove? 1)
L 07/27/2021 - 19:24:10: [l4d2_skill_detect.smx] Clear: 5 freed 4 from 8: time: 2.02 / -1.00 -- class: hunter (with shove? 0)
L 07/27/2021 - 19:26:02: [l4d2_skill_detect.smx] Clear: 4 freed 1 from 8: time: -1.00 / 14.36 -- class: smoker (with shove? 0)
L 07/27/2021 - 19:28:20: [l4d2_skill_detect.smx] Clear: 6 freed 7 from 5: time: 1.54 / -1.00 -- class: jockey (with shove? 0)
L 07/27/2021 - 19:28:44: [l4d2_skill_detect.smx] Charge carry start: 1 - 2 -- time: 740.29
L 07/27/2021 - 19:28:48: [l4d2_skill_detect.smx] Checking charge victim: 1 - 2 - flags: 1 (alive? 1)
L 07/27/2021 - 19:28:50: [l4d2_skill_detect.smx] Clear: 8 freed 6 from 5: time: 1.14 / -1.00 -- class: hunter (with shove? 0)
L 07/27/2021 - 19:28:52: [l4d2_skill_detect.smx] Clear: 7 freed 8 from 9: time: 0.26 / 1.11 -- class: smoker (with shove? 0)
L 07/27/2021 - 19:28:53: [l4d2_skill_detect.smx] Clear: 6 freed 2 from 1: time: 7.46 / 9.01 -- class: charger (with shove? 0)
L 07/27/2021 - 19:29:26: [l4d2_skill_detect.smx] Clear: 6 freed 8 from 4: time: 4.64 / -1.00 -- class: jockey (with shove? 1)
L 07/27/2021 - 19:29:29: [l4d2_skill_detect.smx] Clear: 7 freed 2 from 9: time: 1.49 / 4.11 -- class: smoker (with shove? 0)
L 07/27/2021 - 19:30:07: [l4d2_skill_detect.smx] Clear: 6 freed 2 from 1: time: 1.88 / -1.00 -- class: hunter (with shove? 0)
L 07/27/2021 - 19:30:08: [l4d2_tankswap.smx] ReplaceTank being called, client Jaiosky target ♛ Rain ♛
L 07/27/2021 - 19:30:08: [l4d2_tankswap.smx] ZombieManager pointer: 0x42aec00
L 07/27/2021 - 19:31:53: [l4d2_skill_detect.smx] Charge carry start: 5 - 7 -- time: 929.21
L 07/27/2021 - 19:31:57: [l4d2_skill_detect.smx] Checking charge victim: 5 - 7 - flags: 1 (alive? 1)
L 07/27/2021 - 19:32:22: -------- Mapchange to c2m4_barns --------
L 07/27/2021 - 19:32:25: [basecommands.smx] "Console<0><Console><Console>" changed cvar (cvar "sv_force_time_of_day") (value "0")
L 07/27/2021 - 19:32:25: [basecommands.smx] "Console<0><Console><Console>" changed cvar (cvar "z_witch_damage_per_kill_hit") (value "120")
L 07/27/2021 - 19:32:25: [basecommands.smx] "Console<0><Console><Console>" changed cvar (cvar "z_witch_anger_rate") (value "0.4")
L 07/27/2021 - 19:32:25: [basecommands.smx] "Console<0><Console><Console>" changed cvar (cvar "z_witch_flashlight_range") (value "2000")
L 07/27/2021 - 19:32:25: [basecommands.smx] "Console<0><Console><Console>" changed cvar (cvar "z_witch_burn_time") (value "100")
L 07/27/2021 - 19:32:25: [basecommands.smx] "Console<0><Console><Console>" changed cvar (cvar "z_tank_health") (value "4000")
L 07/27/2021 - 19:32:25: [basecommands.smx] "Console<0><Console><Console>" changed cvar (cvar "z_ghost_delay_min") (value "15")
L 07/27/2021 - 19:32:25: [basecommands.smx] "Console<0><Console><Console>" changed cvar (cvar "z_ghost_delay_max") (value "15")
L 07/27/2021 - 19:32:25: [basecommands.smx] "Console<0><Console><Console>" changed cvar (cvar "z_hunter_limit") (value "1")
L 07/27/2021 - 19:32:25: [basecommands.smx] "Console<0><Console><Console>" changed cvar (cvar "z_smoker_limit") (value "1")
L 07/27/2021 - 19:32:25: [basecommands.smx] "Console<0><Console><Console>" changed cvar (cvar "z_jockey_limit") (value "1")
L 07/27/2021 - 19:32:25: [basecommands.smx] "Console<0><Console><Console>" changed cvar (cvar "versus_tank_chance_intro") (value "1")
L 07/27/2021 - 19:32:25: [basecommands.smx] "Console<0><Console><Console>" changed cvar (cvar "versus_tank_chance_finale") (value "1")
L 07/27/2021 - 19:32:25: [basecommands.smx] "Console<0><Console><Console>" changed cvar (cvar "versus_tank_chance") (value "1")
L 07/27/2021 - 19:32:25: [basecommands.smx] "Console<0><Console><Console>" changed cvar (cvar "versus_witch_chance_intro") (value "0")
L 07/27/2021 - 19:32:25: [basecommands.smx] "Console<0><Console><Console>" changed cvar (cvar "versus_witch_chance_finale") (value "0")
L 07/27/2021 - 19:32:25: [basecommands.smx] "Console<0><Console><Console>" changed cvar (cvar "versus_witch_chance") (value "1")
L 07/27/2021 - 19:32:25: [basecommands.smx] "Console<0><Console><Console>" changed cvar (cvar "director_force_tank") (value "1")
L 07/27/2021 - 19:32:25: [basecommands.smx] "Console<0><Console><Console>" changed cvar (cvar "versus_boss_flow_min") (value "0.4")
L 07/27/2021 - 19:32:25: [basecommands.smx] "Console<0><Console><Console>" changed cvar (cvar "versus_boss_flow_max") (value "0.6")
L 07/27/2021 - 19:32:25: [basecommands.smx] "Console<0><Console><Console>" changed cvar (cvar "versus_boss_flow_min_intro") (value "0.1")
L 07/27/2021 - 19:32:25: [basecommands.smx] "Console<0><Console><Console>" changed cvar (cvar "versus_boss_flow_max_intro") (value "0.2")
L 07/27/2021 - 19:32:25: [basecommands.smx] "Console<0><Console><Console>" changed cvar (cvar "versus_boss_flow_min_finale") (value "0.1")
L 07/27/2021 - 19:32:25: [basecommands.smx] "Console<0><Console><Console>" changed cvar (cvar "versus_boss_flow_max_finale") (value "0.2")
L 07/27/2021 - 19:32:25: [basecommands.smx] "Console<0><Console><Console>" changed cvar (cvar "boomer_vomit_delay") (value "0.1")
L 07/27/2021 - 19:32:25: [basecommands.smx] "Console<0><Console><Console>" changed cvar (cvar "smoker_tongue_delay") (value "0.1")
L 07/27/2021 - 19:32:25: [basecommands.smx] "Console<0><Console><Console>" changed cvar (cvar "vs_survival_bonus") (value "35")
L 07/27/2021 - 19:32:25: [basecommands.smx] "Console<0><Console><Console>" changed cvar (cvar "z_tank_throw_health") (value "10")
L 07/27/2021 - 19:32:25: [basecommands.smx] "Console<0><Console><Console>" changed cvar (cvar "sv_client_min_interp_ratio") (value "-1")
L 07/27/2021 - 19:32:25: [basecommands.smx] "Console<0><Console><Console>" changed cvar (cvar "sv_client_max_interp_ratio") (value "0")
L 07/27/2021 - 19:32:25: [basecommands.smx] "Console<0><Console><Console>" changed cvar (cvar "sv_minrate") (value "100000")
L 07/27/2021 - 19:32:25: [basecommands.smx] "Console<0><Console><Console>" changed cvar (cvar "sv_maxrate") (value "100000")
L 07/27/2021 - 19:32:25: [basecommands.smx] "Console<0><Console><Console>" changed cvar (cvar "sv_mincmdrate") (value "100")
L 07/27/2021 - 19:32:25: [basecommands.smx] "Console<0><Console><Console>" changed cvar (cvar "sv_maxcmdrate") (value "100")
L 07/27/2021 - 19:32:25: [basecommands.smx] "Console<0><Console><Console>" changed cvar (cvar "sv_minupdaterate") (value "100")
L 07/27/2021 - 19:32:25: [basecommands.smx] "Console<0><Console><Console>" changed cvar (cvar "sv_maxupdaterate") (value "100")
L 07/27/2021 - 19:32:25: [basecommands.smx] "Console<0><Console><Console>" changed cvar (cvar "nb_update_frequency") (value "0.014")
L 07/27/2021 - 19:32:25: [basecommands.smx] "Console<0><Console><Console>" changed cvar (cvar "net_splitpacket_maxrate") (value "50000")
L 07/27/2021 - 19:32:25: [basecommands.smx] "Console<0><Console><Console>" changed cvar (cvar "fps_max") (value "0")
L 07/27/2021 - 19:32:25: [basecommands.smx] "Console<0><Console><Console>" changed cvar (cvar "hostname") (value "Versus")
L 07/27/2021 - 19:34:03: [l4d2_skill_detect.smx] Clear: 9 freed 4 from 8: time: 1.11 / -1.00 -- class: hunter (with shove? 0)
L 07/27/2021 - 19:34:42: [l4d2_skill_detect.smx] Charge carry start: 8 - 1 -- time: 133.94
L 07/27/2021 - 19:34:45: [l4d2_skill_detect.smx] Clear: 5 freed 1 from 8: time: 0.94 / 2.47 -- class: charger (with shove? 0)
L 07/27/2021 - 19:34:46: [l4d2_skill_detect.smx] Checking charge victim: 8 - 1 - flags: 1 (alive? 1)
L 07/27/2021 - 19:35:05: [l4d2_skill_detect.smx] Witch Crown Check: Failed: bungled: 1 / crowntype: 0 (entity: 414)
L 07/27/2021 - 19:35:05: [l4d2_skill_detect.smx] Witch Crown Check: Further details: attacker: Grimm, attacker dmg: 508, teamless dmg: 0
L 07/27/2021 - 19:35:35: [l4d2_skill_detect.smx] Charge carry start: 2 - 1 -- time: 187.08
L 07/27/2021 - 19:35:37: [l4d2_skill_detect.smx] Clear: 5 freed 1 from 2: time: 1.05 / 2.02 -- class: charger (with shove? 0)
L 07/27/2021 - 19:35:38: [l4d2_skill_detect.smx] Checking charge victim: 2 - 1 - flags: 1 (alive? 1)
L 07/27/2021 - 19:36:35: [l4d2_tankswap.smx] ReplaceTank being called, client Juani Luna target 〄♪♫ BigDaddy™ ♪♫〄
L 07/27/2021 - 19:36:35: [l4d2_tankswap.smx] ZombieManager pointer: 0x42aec00
L 07/27/2021 - 19:37:30: [l4d2_skill_detect.smx] Clear: 5 freed 1 from 2: time: 1.21 / -1.00 -- class: hunter (with shove? 0)
L 07/27/2021 - 19:38:09: [l4d2_skill_detect.smx] Clear: 5 freed 9 from 6: time: 1.17 / -1.00 -- class: hunter (with shove? 0)
L 07/27/2021 - 19:39:22: [l4d2_skill_detect.smx] Charge carry start: 8 - 1 -- time: 414.01
L 07/27/2021 - 19:39:24: [l4d2_skill_detect.smx] Clear: 4 freed 1 from 8: time: 0.92 / 1.67 -- class: charger (with shove? 0)
L 07/27/2021 - 19:39:25: [l4d2_skill_detect.smx] Checking charge victim: 8 - 1 - flags: 1 (alive? 1)
L 07/27/2021 - 19:39:39: [l4d2_skill_detect.smx] Clear: 5 freed 9 from 7: time: 1.26 / -1.00 -- class: hunter (with shove? 0)
L 07/27/2021 - 19:39:48: [l4d2_skill_detect.smx] Clear: 1 freed 1 from 2: time: -1.00 / 0.14 -- class: smoker (with shove? 0)
L 07/27/2021 - 19:39:58: [l4d2_skill_detect.smx] Clear: 1 freed 4 from 2: time: 3.41 / 4.93 -- class: smoker (with shove? 0)
L 07/27/2021 - 19:40:17: [l4d2_skill_detect.smx] Clear: 5 freed 1 from 7: time: 3.64 / -1.00 -- class: jockey (with shove? 0)
L 07/27/2021 - 19:40:26: [l4d2_skill_detect.smx] Clear: 1 freed 1 from 2: time: -1.00 / 0.01 -- class: smoker (with shove? 0)
L 07/27/2021 - 19:40:39: [basebans.smx] "♛ Rain ♛<2><STEAM_1:0:162762726><>" banned "Nami  ’<38><STEAM_1:1:56200871><>" (minutes "0") (reason "Hack")
L 07/27/2021 - 19:41:27: [basebans.smx] "♛ Rain ♛<2><STEAM_1:0:162762726><>" banned "El ARi<68><STEAM_1:1:31093404><>" (minutes "0") (reason "Insoportable")
L 07/27/2021 - 19:42:43: [l4d2_skill_detect.smx] Clear: 7 freed 3 from 5: time: 1.72 / -1.00 -- class: jockey (with shove? 0)
L 07/27/2021 - 19:43:46: [l4d2_skill_detect.smx] Clear: 8 freed 6 from 4: time: -1.00 / 2.67 -- class: smoker (with shove? 1)
L 07/27/2021 - 19:43:59: [basebans.smx] "♛ Rain ♛<2><STEAM_1:0:162762726><>" banned "Jaiosky<34><STEAM_1:0:189488458><>" (minutes "0") (reason "Insoportable")
L 07/27/2021 - 19:44:28: [l4d2_skill_detect.smx] Clear: 7 freed 3 from 9: time: 1.82 / -1.00 -- class: jockey (with shove? 0)
L 07/27/2021 - 19:44:32: [l4d2_skill_detect.smx] Charge carry start: 2 - 7 -- time: 723.85
L 07/27/2021 - 19:44:35: [l4d2_skill_detect.smx] Checking charge victim: 2 - 7 - flags: 1 (alive? 1)
L 07/27/2021 - 19:44:36: [l4d2_skill_detect.smx] Clear: 3 freed 8 from 4: time: 2.58 / -1.00 -- class: hunter (with shove? 0)
L 07/27/2021 - 19:44:40: [l4d2_skill_detect.smx] Clear: 6 freed 7 from 2: time: 6.63 / 7.38 -- class: charger (with shove? 0)
L 07/27/2021 - 19:45:27: [l4d2_skill_detect.smx] Clear: 7 freed 6 from 2: time: 0.07 / 3.91 -- class: smoker (with shove? 1)
L 07/27/2021 - 19:45:36: [l4d2_skill_detect.smx] Charge carry start: 5 - 7 -- time: 787.60
L 07/27/2021 - 19:45:39: [l4d2_skill_detect.smx] Clear: 8 freed 7 from 5: time: 1.03 / 3.25 -- class: charger (with shove? 0)
L 07/27/2021 - 19:45:40: [l4d2_skill_detect.smx] Checking charge victim: 5 - 7 - flags: 1 (alive? 1)
L 07/27/2021 - 19:45:40: [l4d2_skill_detect.smx] Checking charge victim: 5 - 6 - flags: 0 (alive? 1)
L 07/27/2021 - 19:45:44: [l4d2_skill_detect.smx] Clear: 7 freed 6 from 1: time: 3.15 / -1.00 -- class: hunter (with shove? 1)
L 07/27/2021 - 19:46:16: [l4d2_skill_detect.smx] Charge carry start: 4 - 7 -- time: 827.88
L 07/27/2021 - 19:46:20: [l4d2_skill_detect.smx] Clear: 8 freed 6 from 1: time: 9.02 / -1.00 -- class: jockey (with shove? 0)
L 07/27/2021 - 19:46:21: [l4d2_skill_detect.smx] Checking charge victim: 4 - 7 - flags: 1 (alive? 1)
L 07/27/2021 - 19:46:23: [l4d2_skill_detect.smx] Clear: 8 freed 7 from 4: time: 3.98 / 6.29 -- class: charger (with shove? 0)
L 07/27/2021 - 19:46:23: [l4d2_tankswap.smx] ReplaceTank being called, client Tank target ♛ Rain ♛
L 07/27/2021 - 19:46:23: [l4d2_tankswap.smx] ZombieManager pointer: 0x42aec00
L 07/27/2021 - 19:46:26: [l4d2_skill_detect.smx] Clear: 6 freed 8 from 5: time: -1.00 / 2.47 -- class: smoker (with shove? 1)
L 07/27/2021 - 19:47:04: -------- Mapchange to c2m5_concert --------
L 07/27/2021 - 19:47:06: [basecommands.smx] "Console<0><Console><Console>" changed cvar (cvar "sv_force_time_of_day") (value "0")
L 07/27/2021 - 19:47:06: [basecommands.smx] "Console<0><Console><Console>" changed cvar (cvar "z_witch_damage_per_kill_hit") (value "120")
L 07/27/2021 - 19:47:06: [basecommands.smx] "Console<0><Console><Console>" changed cvar (cvar "z_witch_anger_rate") (value "0.4")
L 07/27/2021 - 19:47:06: [basecommands.smx] "Console<0><Console><Console>" changed cvar (cvar "z_witch_flashlight_range") (value "2000")
L 07/27/2021 - 19:47:06: [basecommands.smx] "Console<0><Console><Console>" changed cvar (cvar "z_witch_burn_time") (value "100")
L 07/27/2021 - 19:47:06: [basecommands.smx] "Console<0><Console><Console>" changed cvar (cvar "z_tank_health") (value "4000")
L 07/27/2021 - 19:47:06: [basecommands.smx] "Console<0><Console><Console>" changed cvar (cvar "z_ghost_delay_min") (value "15")
L 07/27/2021 - 19:47:06: [basecommands.smx] "Console<0><Console><Console>" changed cvar (cvar "z_ghost_delay_max") (value "15")
L 07/27/2021 - 19:47:06: [basecommands.smx] "Console<0><Console><Console>" changed cvar (cvar "z_hunter_limit") (value "1")
L 07/27/2021 - 19:47:06: [basecommands.smx] "Console<0><Console><Console>" changed cvar (cvar "z_smoker_limit") (value "1")
L 07/27/2021 - 19:47:06: [basecommands.smx] "Console<0><Console><Console>" changed cvar (cvar "z_jockey_limit") (value "1")
L 07/27/2021 - 19:47:06: [basecommands.smx] "Console<0><Console><Console>" changed cvar (cvar "versus_tank_chance_intro") (value "1")
L 07/27/2021 - 19:47:06: [basecommands.smx] "Console<0><Console><Console>" changed cvar (cvar "versus_tank_chance_finale") (value "1")
L 07/27/2021 - 19:47:06: [basecommands.smx] "Console<0><Console><Console>" changed cvar (cvar "versus_tank_chance") (value "1")
L 07/27/2021 - 19:47:06: [basecommands.smx] "Console<0><Console><Console>" changed cvar (cvar "versus_witch_chance_intro") (value "0")
L 07/27/2021 - 19:47:06: [basecommands.smx] "Console<0><Console><Console>" changed cvar (cvar "versus_witch_chance_finale") (value "0")
L 07/27/2021 - 19:47:06: [basecommands.smx] "Console<0><Console><Console>" changed cvar (cvar "versus_witch_chance") (value "1")
L 07/27/2021 - 19:47:06: [basecommands.smx] "Console<0><Console><Console>" changed cvar (cvar "director_force_tank") (value "1")
L 07/27/2021 - 19:47:06: [basecommands.smx] "Console<0><Console><Console>" changed cvar (cvar "versus_boss_flow_min") (value "0.4")
L 07/27/2021 - 19:47:06: [basecommands.smx] "Console<0><Console><Console>" changed cvar (cvar "versus_boss_flow_max") (value "0.6")
L 07/27/2021 - 19:47:06: [basecommands.smx] "Console<0><Console><Console>" changed cvar (cvar "versus_boss_flow_min_intro") (value "0.1")
L 07/27/2021 - 19:47:06: [basecommands.smx] "Console<0><Console><Console>" changed cvar (cvar "versus_boss_flow_max_intro") (value "0.2")
L 07/27/2021 - 19:47:06: [basecommands.smx] "Console<0><Console><Console>" changed cvar (cvar "versus_boss_flow_min_finale") (value "0.1")
L 07/27/2021 - 19:47:06: [basecommands.smx] "Console<0><Console><Console>" changed cvar (cvar "versus_boss_flow_max_finale") (value "0.2")
L 07/27/2021 - 19:47:06: [basecommands.smx] "Console<0><Console><Console>" changed cvar (cvar "boomer_vomit_delay") (value "0.1")
L 07/27/2021 - 19:47:06: [basecommands.smx] "Console<0><Console><Console>" changed cvar (cvar "smoker_tongue_delay") (value "0.1")
L 07/27/2021 - 19:47:06: [basecommands.smx] "Console<0><Console><Console>" changed cvar (cvar "vs_survival_bonus") (value "35")
L 07/27/2021 - 19:47:06: [basecommands.smx] "Console<0><Console><Console>" changed cvar (cvar "z_tank_throw_health") (value "10")
L 07/27/2021 - 19:47:06: [basecommands.smx] "Console<0><Console><Console>" changed cvar (cvar "sv_client_min_interp_ratio") (value "-1")
L 07/27/2021 - 19:47:06: [basecommands.smx] "Console<0><Console><Console>" changed cvar (cvar "sv_client_max_interp_ratio") (value "0")
L 07/27/2021 - 19:47:06: [basecommands.smx] "Console<0><Console><Console>" changed cvar (cvar "sv_minrate") (value "100000")
L 07/27/2021 - 19:47:06: [basecommands.smx] "Console<0><Console><Console>" changed cvar (cvar "sv_maxrate") (value "100000")
L 07/27/2021 - 19:47:06: [basecommands.smx] "Console<0><Console><Console>" changed cvar (cvar "sv_mincmdrate") (value "100")
L 07/27/2021 - 19:47:06: [basecommands.smx] "Console<0><Console><Console>" changed cvar (cvar "sv_maxcmdrate") (value "100")
L 07/27/2021 - 19:47:06: [basecommands.smx] "Console<0><Console><Console>" changed cvar (cvar "sv_minupdaterate") (value "100")
L 07/27/2021 - 19:47:06: [basecommands.smx] "Console<0><Console><Console>" changed cvar (cvar "sv_maxupdaterate") (value "100")
L 07/27/2021 - 19:47:06: [basecommands.smx] "Console<0><Console><Console>" changed cvar (cvar "nb_update_frequency") (value "0.014")
L 07/27/2021 - 19:47:06: [basecommands.smx] "Console<0><Console><Console>" changed cvar (cvar "net_splitpacket_maxrate") (value "50000")
L 07/27/2021 - 19:47:06: [basecommands.smx] "Console<0><Console><Console>" changed cvar (cvar "fps_max") (value "0")
L 07/27/2021 - 19:47:06: [basecommands.smx] "Console<0><Console><Console>" changed cvar (cvar "hostname") (value "Versus")
L 07/27/2021 - 19:48:45: [l4d2_skill_detect.smx] Clear: 4 freed 1 from 8: time: -1.00 / 2.24 -- class: smoker (with shove? 0)
L 07/27/2021 - 19:48:49: [l4d2_skill_detect.smx] Clear: 2 freed 11 from 6: time: 5.91 / -1.00 -- class: jockey (with shove? 1)
L 07/27/2021 - 19:49:27: [l4d2_skill_detect.smx] Clear: 1 freed 11 from 3: time: 6.05 / -1.00 -- class: jockey (with shove? 0)
L 07/27/2021 - 19:50:56: [playercommands.smx] "♛ Rain ♛<2><STEAM_1:0:162762726><>" slayed "Grimm<5><STEAM_1:1:441335043><>"
L 07/27/2021 - 19:52:46: [l4d2_skill_detect.smx] Charge carry start: 4 - 8 -- time: 337.50
L 07/27/2021 - 19:52:47: [l4d2_skill_detect.smx] Clear: 6 freed 8 from 10: time: -1.00 / 338.53 -- class: charger (with shove? 0)
L 07/27/2021 - 19:52:49: [l4d2_skill_detect.smx] Checking charge victim: 4 - 8 - flags: 1 (alive? 1)
L 07/27/2021 - 19:53:06: [l4d2_skill_detect.smx] Clear: 6 freed 5 from 3: time: 0.83 / 1.73 -- class: smoker (with shove? 1)
L 07/27/2021 - 19:53:11: [l4d2_skill_detect.smx] Clear: 8 freed 7 from 2: time: 0.98 / -1.00 -- class: jockey (with shove? 1)
L 07/27/2021 - 19:53:20: [l4d2_skill_detect.smx] Charge carry start: 1 - 7 -- time: 371.48
L 07/27/2021 - 19:53:24: [l4d2_skill_detect.smx] Checking charge victim: 1 - 7 - flags: 1 (alive? 1)
L 07/27/2021 - 19:53:24: [l4d2_skill_detect.smx] Checking charge victim: 1 - 5 - flags: 0 (alive? 1)
L 07/27/2021 - 19:53:29: [l4d2_skill_detect.smx] Clear: 8 freed 7 from 1: time: 6.94 / 8.23 -- class: charger (with shove? 0)
L 07/27/2021 - 19:54:04: -------- Mapchange to c5m1_waterfront --------
L 07/27/2021 - 19:54:08: [basecommands.smx] "Console<0><Console><Console>" changed cvar (cvar "sv_force_time_of_day") (value "0")
L 07/27/2021 - 19:54:08: [basecommands.smx] "Console<0><Console><Console>" changed cvar (cvar "z_witch_damage_per_kill_hit") (value "120")
L 07/27/2021 - 19:54:08: [basecommands.smx] "Console<0><Console><Console>" changed cvar (cvar "z_witch_anger_rate") (value "0.4")
L 07/27/2021 - 19:54:08: [basecommands.smx] "Console<0><Console><Console>" changed cvar (cvar "z_witch_flashlight_range") (value "2000")
L 07/27/2021 - 19:54:08: [basecommands.smx] "Console<0><Console><Console>" changed cvar (cvar "z_witch_burn_time") (value "100")
L 07/27/2021 - 19:54:08: [basecommands.smx] "Console<0><Console><Console>" changed cvar (cvar "z_tank_health") (value "4000")
L 07/27/2021 - 19:54:08: [basecommands.smx] "Console<0><Console><Console>" changed cvar (cvar "z_ghost_delay_min") (value "15")
L 07/27/2021 - 19:54:08: [basecommands.smx] "Console<0><Console><Console>" changed cvar (cvar "z_ghost_delay_max") (value "15")
L 07/27/2021 - 19:54:08: [basecommands.smx] "Console<0><Console><Console>" changed cvar (cvar "z_hunter_limit") (value "1")
L 07/27/2021 - 19:54:08: [basecommands.smx] "Console<0><Console><Console>" changed cvar (cvar "z_smoker_limit") (value "1")
L 07/27/2021 - 19:54:08: [basecommands.smx] "Console<0><Console><Console>" changed cvar (cvar "z_jockey_limit") (value "1")
L 07/27/2021 - 19:54:08: [basecommands.smx] "Console<0><Console><Console>" changed cvar (cvar "versus_tank_chance_intro") (value "1")
L 07/27/2021 - 19:54:08: [basecommands.smx] "Console<0><Console><Console>" changed cvar (cvar "versus_tank_chance_finale") (value "1")
L 07/27/2021 - 19:54:08: [basecommands.smx] "Console<0><Console><Console>" changed cvar (cvar "versus_tank_chance") (value "1")
L 07/27/2021 - 19:54:08: [basecommands.smx] "Console<0><Console><Console>" changed cvar (cvar "versus_witch_chance_intro") (value "0")
L 07/27/2021 - 19:54:08: [basecommands.smx] "Console<0><Console><Console>" changed cvar (cvar "versus_witch_chance_finale") (value "0")
L 07/27/2021 - 19:54:08: [basecommands.smx] "Console<0><Console><Console>" changed cvar (cvar "versus_witch_chance") (value "1")
L 07/27/2021 - 19:54:08: [basecommands.smx] "Console<0><Console><Console>" changed cvar (cvar "director_force_tank") (value "1")
L 07/27/2021 - 19:54:08: [basecommands.smx] "Console<0><Console><Console>" changed cvar (cvar "versus_boss_flow_min") (value "0.4")
L 07/27/2021 - 19:54:08: [basecommands.smx] "Console<0><Console><Console>" changed cvar (cvar "versus_boss_flow_max") (value "0.6")
L 07/27/2021 - 19:54:08: [basecommands.smx] "Console<0><Console><Console>" changed cvar (cvar "versus_boss_flow_min_intro") (value "0.1")
L 07/27/2021 - 19:54:08: [basecommands.smx] "Console<0><Console><Console>" changed cvar (cvar "versus_boss_flow_max_intro") (value "0.2")
L 07/27/2021 - 19:54:08: [basecommands.smx] "Console<0><Console><Console>" changed cvar (cvar "versus_boss_flow_min_finale") (value "0.1")
L 07/27/2021 - 19:54:08: [basecommands.smx] "Console<0><Console><Console>" changed cvar (cvar "versus_boss_flow_max_finale") (value "0.2")
L 07/27/2021 - 19:54:08: [basecommands.smx] "Console<0><Console><Console>" changed cvar (cvar "boomer_vomit_delay") (value "0.1")
L 07/27/2021 - 19:54:08: [basecommands.smx] "Console<0><Console><Console>" changed cvar (cvar "smoker_tongue_delay") (value "0.1")
L 07/27/2021 - 19:54:08: [basecommands.smx] "Console<0><Console><Console>" changed cvar (cvar "vs_survival_bonus") (value "35")
L 07/27/2021 - 19:54:08: [basecommands.smx] "Console<0><Console><Console>" changed cvar (cvar "z_tank_throw_health") (value "10")
L 07/27/2021 - 19:54:08: [basecommands.smx] "Console<0><Console><Console>" changed cvar (cvar "sv_client_min_interp_ratio") (value "-1")
L 07/27/2021 - 19:54:08: [basecommands.smx] "Console<0><Console><Console>" changed cvar (cvar "sv_client_max_interp_ratio") (value "0")
L 07/27/2021 - 19:54:08: [basecommands.smx] "Console<0><Console><Console>" changed cvar (cvar "sv_minrate") (value "100000")
L 07/27/2021 - 19:54:08: [basecommands.smx] "Console<0><Console><Console>" changed cvar (cvar "sv_maxrate") (value "100000")
L 07/27/2021 - 19:54:08: [basecommands.smx] "Console<0><Console><Console>" changed cvar (cvar "sv_mincmdrate") (value "100")
L 07/27/2021 - 19:54:08: [basecommands.smx] "Console<0><Console><Console>" changed cvar (cvar "sv_maxcmdrate") (value "100")
L 07/27/2021 - 19:54:08: [basecommands.smx] "Console<0><Console><Console>" changed cvar (cvar "sv_minupdaterate") (value "100")
L 07/27/2021 - 19:54:08: [basecommands.smx] "Console<0><Console><Console>" changed cvar (cvar "sv_maxupdaterate") (value "100")
L 07/27/2021 - 19:54:08: [basecommands.smx] "Console<0><Console><Console>" changed cvar (cvar "nb_update_frequency") (value "0.014")
L 07/27/2021 - 19:54:08: [basecommands.smx] "Console<0><Console><Console>" changed cvar (cvar "net_splitpacket_maxrate") (value "50000")
L 07/27/2021 - 19:54:08: [basecommands.smx] "Console<0><Console><Console>" changed cvar (cvar "fps_max") (value "0")
L 07/27/2021 - 19:54:08: [basecommands.smx] "Console<0><Console><Console>" changed cvar (cvar "hostname") (value "Versus")
L 07/27/2021 - 19:55:55: [l4d2_tankswap.smx] ReplaceTank being called, client ChineseDemocracy34 target ♛ Rain ♛
L 07/27/2021 - 19:55:55: [l4d2_tankswap.smx] ZombieManager pointer: 0x42aec00
L 07/27/2021 - 19:56:02: [l4d2_skill_detect.smx] Clear: 6 freed 8 from 4: time: 0.91 / -1.00 -- class: hunter (with shove? 0)
L 07/27/2021 - 19:56:20: [l4d2_skill_detect.smx] Clear: 5 freed 6 from 9: time: -1.00 / 0.72 -- class: smoker (with shove? 0)
L 07/27/2021 - 19:56:28: [l4d2_skill_detect.smx] Clear: 7 freed 6 from 8: time: 0.47 / -1.00 -- class: jockey (with shove? 0)
L 07/27/2021 - 19:57:49: [l4d2_skill_detect.smx] Charge carry start: 4 - 3 -- time: 220.37
L 07/27/2021 - 19:57:51: [l4d2_skill_detect.smx] Clear: 5 freed 3 from 4: time: 0.68 / 1.95 -- class: charger (with shove? 0)
L 07/27/2021 - 19:57:52: [l4d2_skill_detect.smx] Checking charge victim: 4 - 3 - flags: 1 (alive? 1)
L 07/27/2021 - 19:57:52: [l4d2_skill_detect.smx] Checking charge victim: 4 - 7 - flags: 0 (alive? 1)
L 07/27/2021 - 19:57:55: [l4d2_skill_detect.smx] Clear: 6 freed 7 from 8: time: 2.23 / -1.00 -- class: hunter (with shove? 0)
L 07/27/2021 - 19:58:24: [l4d2_skill_detect.smx] Clear: 7 freed 5 from 4: time: -1.00 / 1.63 -- class: smoker (with shove? 0)
L 07/27/2021 - 19:58:29: [l4d2_skill_detect.smx] Clear: 7 freed 3 from 1: time: 1.73 / -1.00 -- class: hunter (with shove? 0)
L 07/27/2021 - 19:58:59: [l4d2_skill_detect.smx] Clear: 7 freed 3 from 4: time: 4.66 / -1.00 -- class: jockey (with shove? 0)
L 07/27/2021 - 19:59:14: [l4d2_skill_detect.smx] Clear: 5 freed 3 from 1: time: 5.01 / 7.01 -- class: smoker (with shove? 1)
L 07/27/2021 - 19:59:26: [l4d2_skill_detect.smx] Clear: 5 freed 6 from 2: time: 2.11 / -1.00 -- class: jockey (with shove? 0)
L 07/27/2021 - 19:59:28: [l4d2_skill_detect.smx] Charge carry start: 4 - 6 -- time: 319.35
L 07/27/2021 - 19:59:32: [l4d2_skill_detect.smx] Checking charge victim: 4 - 7 - flags: 0 (alive? 1)
L 07/27/2021 - 19:59:32: [l4d2_skill_detect.smx] Clear: 5 freed 6 from 4: time: 1.69 / 4.28 -- class: charger (with shove? 0)
L 07/27/2021 - 19:59:32: [l4d2_skill_detect.smx] Checking charge victim: 4 - 6 - flags: 1 (alive? 1)
L 07/27/2021 - 19:59:53: [l4d2_skill_detect.smx] Clear: 5 freed 3 from 4: time: -1.00 / 1.29 -- class: smoker (with shove? 0)
L 07/27/2021 - 19:59:58: [l4d2_skill_detect.smx] Clear: 6 freed 3 from 1: time: 1.02 / -1.00 -- class: jockey (with shove? 1)
L 07/27/2021 - 20:00:02: [l4d2_skill_detect.smx] Charge carry start: 8 - 7 -- time: 353.01
L 07/27/2021 - 20:00:03: [l4d2_skill_detect.smx] Clear: 5 freed 7 from 8: time: 0.51 / 1.70 -- class: charger (with shove? 0)
L 07/27/2021 - 20:00:05: [l4d2_skill_detect.smx] Checking charge victim: 8 - 7 - flags: 1 (alive? 1)
L 07/27/2021 - 20:00:26: [basecommands.smx] "♛ Rain ♛<2><STEAM_1:0:162762726><>" changed cvar (cvar "vs_max_team_switches") (value "5")
L 07/27/2021 - 20:00:29: [basecommands.smx] "♛ Rain ♛<2><STEAM_1:0:162762726><>" changed cvar (cvar "vs_max_team_switches") (value "0")
L 07/27/2021 - 20:00:32: [basecommands.smx] "♛ Rain ♛<2><STEAM_1:0:162762726><>" changed cvar (cvar "vs_max_team_switches") (value "5")
L 07/27/2021 - 20:00:34: [l4d2_skill_detect.smx] Clear: 2 freed 5 from 10: time: 0.31 / 3.68 -- class: smoker (with shove? 1)
L 07/27/2021 - 20:00:41: [l4d2_skill_detect.smx] Charge carry start: 1 - 8 -- time: 392.10
L 07/27/2021 - 20:00:42: [l4d2_skill_detect.smx] Checking charge victim: 1 - 8 - flags: 33 (alive? 0)
L 07/27/2021 - 20:00:44: [l4d2_skill_detect.smx] Checking charge victim: 1 - 5 - flags: 0 (alive? 1)
L 07/27/2021 - 20:00:44: [l4d2_skill_detect.smx] Checking charge victim: 1 - 3 - flags: 0 (alive? 1)
L 07/27/2021 - 20:00:45: [l4d2_skill_detect.smx] Checking charge victim: 1 - 2 - flags: 0 (alive? 1)
L 07/27/2021 - 20:00:54: Log file closed.
