L 05/06/2021 - 02:11:51: SourceMod log file session started (file "D:\Steam\steamapps\common\Left 4 Dead 2\left4dead2\addons\sourcemod\logs\L20210506.log") (Version "1.10.0.6492")
L 05/06/2021 - 02:11:51: [simplewelcomemsg.smx] Set the maximum number of lines of.
L 05/06/2021 - 02:11:53: [basecommands.smx] "Console<0><Console><Console>" changed cvar (cvar "sv_force_time_of_day") (value "0")
L 05/06/2021 - 02:11:53: [basecommands.smx] "Console<0><Console><Console>" changed cvar (cvar "z_witch_damage_per_kill_hit") (value "120")
L 05/06/2021 - 02:11:53: [basecommands.smx] "Console<0><Console><Console>" changed cvar (cvar "z_witch_anger_rate") (value "0.4")
L 05/06/2021 - 02:11:53: [basecommands.smx] "Console<0><Console><Console>" changed cvar (cvar "z_witch_flashlight_range") (value "2000")
L 05/06/2021 - 02:11:53: [basecommands.smx] "Console<0><Console><Console>" changed cvar (cvar "z_witch_burn_time") (value "100")
L 05/06/2021 - 02:11:53: [basecommands.smx] "Console<0><Console><Console>" changed cvar (cvar "z_tank_health") (value "4000")
L 05/06/2021 - 02:11:53: [basecommands.smx] "Console<0><Console><Console>" changed cvar (cvar "z_ghost_delay_min") (value "15")
L 05/06/2021 - 02:11:53: [basecommands.smx] "Console<0><Console><Console>" changed cvar (cvar "z_ghost_delay_max") (value "15")
L 05/06/2021 - 02:11:53: [basecommands.smx] "Console<0><Console><Console>" changed cvar (cvar "z_hunter_limit") (value "1")
L 05/06/2021 - 02:11:53: [basecommands.smx] "Console<0><Console><Console>" changed cvar (cvar "z_smoker_limit") (value "1")
L 05/06/2021 - 02:11:53: [basecommands.smx] "Console<0><Console><Console>" changed cvar (cvar "z_jockey_limit") (value "1")
L 05/06/2021 - 02:11:53: [basecommands.smx] "Console<0><Console><Console>" changed cvar (cvar "versus_tank_chance_intro") (value "1")
L 05/06/2021 - 02:11:53: [basecommands.smx] "Console<0><Console><Console>" changed cvar (cvar "versus_tank_chance_finale") (value "1")
L 05/06/2021 - 02:11:53: [basecommands.smx] "Console<0><Console><Console>" changed cvar (cvar "versus_tank_chance") (value "1")
L 05/06/2021 - 02:11:53: [basecommands.smx] "Console<0><Console><Console>" changed cvar (cvar "versus_witch_chance_intro") (value "0")
L 05/06/2021 - 02:11:53: [basecommands.smx] "Console<0><Console><Console>" changed cvar (cvar "versus_witch_chance_finale") (value "0")
L 05/06/2021 - 02:11:53: [basecommands.smx] "Console<0><Console><Console>" changed cvar (cvar "versus_witch_chance") (value "1")
L 05/06/2021 - 02:11:53: [basecommands.smx] "Console<0><Console><Console>" changed cvar (cvar "director_force_tank") (value "1")
L 05/06/2021 - 02:11:53: [basecommands.smx] "Console<0><Console><Console>" changed cvar (cvar "versus_boss_flow_min") (value "0.4")
L 05/06/2021 - 02:11:53: [basecommands.smx] "Console<0><Console><Console>" changed cvar (cvar "versus_boss_flow_max") (value "0.6")
L 05/06/2021 - 02:11:53: [basecommands.smx] "Console<0><Console><Console>" changed cvar (cvar "versus_boss_flow_min_intro") (value "0.1")
L 05/06/2021 - 02:11:53: [basecommands.smx] "Console<0><Console><Console>" changed cvar (cvar "versus_boss_flow_max_intro") (value "0.2")
L 05/06/2021 - 02:11:53: [basecommands.smx] "Console<0><Console><Console>" changed cvar (cvar "versus_boss_flow_min_finale") (value "0.1")
L 05/06/2021 - 02:11:53: [basecommands.smx] "Console<0><Console><Console>" changed cvar (cvar "versus_boss_flow_max_finale") (value "0.2")
L 05/06/2021 - 02:11:53: [basecommands.smx] "Console<0><Console><Console>" changed cvar (cvar "boomer_vomit_delay") (value "0.1")
L 05/06/2021 - 02:11:53: [basecommands.smx] "Console<0><Console><Console>" changed cvar (cvar "smoker_tongue_delay") (value "0.1")
L 05/06/2021 - 02:11:53: [basecommands.smx] "Console<0><Console><Console>" changed cvar (cvar "vs_survival_bonus") (value "35")
L 05/06/2021 - 02:11:53: [basecommands.smx] "Console<0><Console><Console>" changed cvar (cvar "z_tank_throw_health") (value "10")
L 05/06/2021 - 02:11:53: [basecommands.smx] "Console<0><Console><Console>" changed cvar (cvar "sv_client_min_interp_ratio") (value "-1")
L 05/06/2021 - 02:11:53: [basecommands.smx] "Console<0><Console><Console>" changed cvar (cvar "sv_client_max_interp_ratio") (value "0")
L 05/06/2021 - 02:11:53: [basecommands.smx] "Console<0><Console><Console>" changed cvar (cvar "sv_minrate") (value "100000")
L 05/06/2021 - 02:11:53: [basecommands.smx] "Console<0><Console><Console>" changed cvar (cvar "sv_maxrate") (value "100000")
L 05/06/2021 - 02:11:53: [basecommands.smx] "Console<0><Console><Console>" changed cvar (cvar "sv_mincmdrate") (value "100")
L 05/06/2021 - 02:11:53: [basecommands.smx] "Console<0><Console><Console>" changed cvar (cvar "sv_maxcmdrate") (value "100")
L 05/06/2021 - 02:11:53: [basecommands.smx] "Console<0><Console><Console>" changed cvar (cvar "sv_minupdaterate") (value "100")
L 05/06/2021 - 02:11:53: [basecommands.smx] "Console<0><Console><Console>" changed cvar (cvar "sv_maxupdaterate") (value "100")
L 05/06/2021 - 02:11:53: [basecommands.smx] "Console<0><Console><Console>" changed cvar (cvar "nb_update_frequency") (value "0.014")
L 05/06/2021 - 02:11:53: [basecommands.smx] "Console<0><Console><Console>" changed cvar (cvar "net_splitpacket_maxrate") (value "50000")
L 05/06/2021 - 02:11:53: [basecommands.smx] "Console<0><Console><Console>" changed cvar (cvar "fps_max") (value "0")
L 05/06/2021 - 02:11:53: [basecommands.smx] "Console<0><Console><Console>" changed cvar (cvar "hostname") (value "Versus")
L 05/06/2021 - 02:13:21: [l4d2_skill_detect.smx] Clear: 2 freed 1 from 7: time: 0.06 / 1.58 -- class: smoker (with shove? 1)
L 05/06/2021 - 02:14:00: [l4d2_skill_detect.smx] Clear: 5 freed 1 from 7: time: -1.00 / 1.54 -- class: smoker (with shove? 1)
L 05/06/2021 - 02:14:04: [l4d2_skill_detect.smx] Clear: 1 freed 4 from 3: time: 0.81 / -1.00 -- class: jockey (with shove? 1)
L 05/06/2021 - 02:14:41: [l4d2_skill_detect.smx] Clear: 5 freed 1 from 7: time: -1.00 / 2.46 -- class: smoker (with shove? 1)
L 05/06/2021 - 02:15:13: [admin_hp.smx]  
L 05/06/2021 - 02:15:17: [l4d2_skill_detect.smx] Clear: 1 freed 4 from 7: time: -1.00 / 0.30 -- class: smoker (with shove? 0)
L 05/06/2021 - 02:15:44: [l4d2_skill_detect.smx] Clear: 2 freed 1 from 7: time: 0.30 / 3.65 -- class: smoker (with shove? 0)
L 05/06/2021 - 02:17:01: -------- Mapchange to c2m1_highway --------
L 05/06/2021 - 02:17:03: [basecommands.smx] "Console<0><Console><Console>" changed cvar (cvar "sv_force_time_of_day") (value "0")
L 05/06/2021 - 02:17:03: [basecommands.smx] "Console<0><Console><Console>" changed cvar (cvar "z_witch_damage_per_kill_hit") (value "120")
L 05/06/2021 - 02:17:03: [basecommands.smx] "Console<0><Console><Console>" changed cvar (cvar "z_witch_anger_rate") (value "0.4")
L 05/06/2021 - 02:17:03: [basecommands.smx] "Console<0><Console><Console>" changed cvar (cvar "z_witch_flashlight_range") (value "2000")
L 05/06/2021 - 02:17:03: [basecommands.smx] "Console<0><Console><Console>" changed cvar (cvar "z_witch_burn_time") (value "100")
L 05/06/2021 - 02:17:03: [basecommands.smx] "Console<0><Console><Console>" changed cvar (cvar "z_tank_health") (value "4000")
L 05/06/2021 - 02:17:03: [basecommands.smx] "Console<0><Console><Console>" changed cvar (cvar "z_ghost_delay_min") (value "15")
L 05/06/2021 - 02:17:03: [basecommands.smx] "Console<0><Console><Console>" changed cvar (cvar "z_ghost_delay_max") (value "15")
L 05/06/2021 - 02:17:03: [basecommands.smx] "Console<0><Console><Console>" changed cvar (cvar "z_hunter_limit") (value "1")
L 05/06/2021 - 02:17:03: [basecommands.smx] "Console<0><Console><Console>" changed cvar (cvar "z_smoker_limit") (value "1")
L 05/06/2021 - 02:17:03: [basecommands.smx] "Console<0><Console><Console>" changed cvar (cvar "z_jockey_limit") (value "1")
L 05/06/2021 - 02:17:03: [basecommands.smx] "Console<0><Console><Console>" changed cvar (cvar "versus_tank_chance_intro") (value "1")
L 05/06/2021 - 02:17:03: [basecommands.smx] "Console<0><Console><Console>" changed cvar (cvar "versus_tank_chance_finale") (value "1")
L 05/06/2021 - 02:17:03: [basecommands.smx] "Console<0><Console><Console>" changed cvar (cvar "versus_tank_chance") (value "1")
L 05/06/2021 - 02:17:03: [basecommands.smx] "Console<0><Console><Console>" changed cvar (cvar "versus_witch_chance_intro") (value "0")
L 05/06/2021 - 02:17:03: [basecommands.smx] "Console<0><Console><Console>" changed cvar (cvar "versus_witch_chance_finale") (value "0")
L 05/06/2021 - 02:17:03: [basecommands.smx] "Console<0><Console><Console>" changed cvar (cvar "versus_witch_chance") (value "1")
L 05/06/2021 - 02:17:03: [basecommands.smx] "Console<0><Console><Console>" changed cvar (cvar "director_force_tank") (value "1")
L 05/06/2021 - 02:17:03: [basecommands.smx] "Console<0><Console><Console>" changed cvar (cvar "versus_boss_flow_min") (value "0.4")
L 05/06/2021 - 02:17:03: [basecommands.smx] "Console<0><Console><Console>" changed cvar (cvar "versus_boss_flow_max") (value "0.6")
L 05/06/2021 - 02:17:03: [basecommands.smx] "Console<0><Console><Console>" changed cvar (cvar "versus_boss_flow_min_intro") (value "0.1")
L 05/06/2021 - 02:17:03: [basecommands.smx] "Console<0><Console><Console>" changed cvar (cvar "versus_boss_flow_max_intro") (value "0.2")
L 05/06/2021 - 02:17:03: [basecommands.smx] "Console<0><Console><Console>" changed cvar (cvar "versus_boss_flow_min_finale") (value "0.1")
L 05/06/2021 - 02:17:03: [basecommands.smx] "Console<0><Console><Console>" changed cvar (cvar "versus_boss_flow_max_finale") (value "0.2")
L 05/06/2021 - 02:17:03: [basecommands.smx] "Console<0><Console><Console>" changed cvar (cvar "boomer_vomit_delay") (value "0.1")
L 05/06/2021 - 02:17:03: [basecommands.smx] "Console<0><Console><Console>" changed cvar (cvar "smoker_tongue_delay") (value "0.1")
L 05/06/2021 - 02:17:03: [basecommands.smx] "Console<0><Console><Console>" changed cvar (cvar "vs_survival_bonus") (value "35")
L 05/06/2021 - 02:17:03: [basecommands.smx] "Console<0><Console><Console>" changed cvar (cvar "z_tank_throw_health") (value "10")
L 05/06/2021 - 02:17:03: [basecommands.smx] "Console<0><Console><Console>" changed cvar (cvar "sv_client_min_interp_ratio") (value "-1")
L 05/06/2021 - 02:17:03: [basecommands.smx] "Console<0><Console><Console>" changed cvar (cvar "sv_client_max_interp_ratio") (value "0")
L 05/06/2021 - 02:17:03: [basecommands.smx] "Console<0><Console><Console>" changed cvar (cvar "sv_minrate") (value "100000")
L 05/06/2021 - 02:17:03: [basecommands.smx] "Console<0><Console><Console>" changed cvar (cvar "sv_maxrate") (value "100000")
L 05/06/2021 - 02:17:03: [basecommands.smx] "Console<0><Console><Console>" changed cvar (cvar "sv_mincmdrate") (value "100")
L 05/06/2021 - 02:17:03: [basecommands.smx] "Console<0><Console><Console>" changed cvar (cvar "sv_maxcmdrate") (value "100")
L 05/06/2021 - 02:17:03: [basecommands.smx] "Console<0><Console><Console>" changed cvar (cvar "sv_minupdaterate") (value "100")
L 05/06/2021 - 02:17:03: [basecommands.smx] "Console<0><Console><Console>" changed cvar (cvar "sv_maxupdaterate") (value "100")
L 05/06/2021 - 02:17:03: [basecommands.smx] "Console<0><Console><Console>" changed cvar (cvar "nb_update_frequency") (value "0.014")
L 05/06/2021 - 02:17:03: [basecommands.smx] "Console<0><Console><Console>" changed cvar (cvar "net_splitpacket_maxrate") (value "50000")
L 05/06/2021 - 02:17:03: [basecommands.smx] "Console<0><Console><Console>" changed cvar (cvar "fps_max") (value "0")
L 05/06/2021 - 02:17:03: [basecommands.smx] "Console<0><Console><Console>" changed cvar (cvar "hostname") (value "Versus")
L 05/06/2021 - 02:18:40: [l4d2_skill_detect.smx] Charge carry start: 8 - 3 -- time: 101.73
L 05/06/2021 - 02:18:43: [l4d2_skill_detect.smx] Checking charge victim: 8 - 3 - flags: 1 (alive? 1)
L 05/06/2021 - 02:18:47: [l4d2_skill_detect.smx] Clear: 1 freed 2 from 9: time: 0.86 / -1.00 -- class: jockey (with shove? 0)
L 05/06/2021 - 02:19:50: [l4d2_skill_detect.smx] Clear: 1 freed 3 from 6: time: 0.83 / 171.44 -- class: charger (with shove? 0)
L 05/06/2021 - 02:20:55: [l4d2_skill_detect.smx] Charge carry start: 7 - 2 -- time: 236.56
L 05/06/2021 - 02:20:56: [l4d2_skill_detect.smx] Clear: 4 freed 2 from 7: time: 0.02 / 1.30 -- class: charger (with shove? 0)
L 05/06/2021 - 02:20:58: [l4d2_skill_detect.smx] Checking charge victim: 7 - 2 - flags: 1 (alive? 1)
L 05/06/2021 - 02:20:58: [l4d2_skill_detect.smx] Checking charge victim: 7 - 3 - flags: 0 (alive? 1)
L 05/06/2021 - 02:22:25: [l4d2_skill_detect.smx] Clear: 1 freed 4 from 9: time: -1.00 / 1.80 -- class: smoker (with shove? 0)
L 05/06/2021 - 02:22:27: [l4d2_skill_detect.smx] Clear: 1 freed 2 from 7: time: 0.93 / -1.00 -- class: jockey (with shove? 0)
L 05/06/2021 - 02:23:28: [admin_hp.smx]  
L 05/06/2021 - 02:23:41: [l4d2_skill_detect.smx] Clear: 2 freed 4 from 5: time: 2.07 / -1.00 -- class: jockey (with shove? 0)
L 05/06/2021 - 02:24:17: [l4d2_skill_detect.smx] Charge carry start: 5 - 4 -- time: 439.29
L 05/06/2021 - 02:24:19: [l4d2_skill_detect.smx] Clear: 1 freed 4 from 5: time: 0.25 / 1.50 -- class: charger (with shove? 0)
L 05/06/2021 - 02:24:21: [l4d2_skill_detect.smx] Checking charge victim: 5 - 4 - flags: 1 (alive? 1)
L 05/06/2021 - 02:25:14: [l4d2_skill_detect.smx] Clear: 2 freed 1 from 8: time: -1.00 / 1.83 -- class: smoker (with shove? 0)
L 05/06/2021 - 02:25:38: [l4d2_skill_detect.smx] Clear: 2 freed 4 from 5: time: 1.77 / -1.00 -- class: hunter (with shove? 0)
L 05/06/2021 - 02:26:03: [l4d2_skill_detect.smx] Clear: 4 freed 2 from 7: time: 1.36 / -1.00 -- class: jockey (with shove? 1)
L 05/06/2021 - 02:27:03: [l4d2_skill_detect.smx] Clear: 2 freed 3 from 6: time: -1.00 / 0.07 -- class: smoker (with shove? 0)
L 05/06/2021 - 02:27:18: [l4d2_skill_detect.smx] Clear: 2 freed 1 from 8: time: 1.26 / -1.00 -- class: hunter (with shove? 1)
L 05/06/2021 - 02:27:24: [l4d2_skill_detect.smx] Clear: 2 freed 3 from 5: time: 4.14 / -1.00 -- class: jockey (with shove? 0)
L 05/06/2021 - 02:28:38: [l4d2_skill_detect.smx] Clear: 1 freed 3 from 5: time: 2.05 / 3.69 -- class: smoker (with shove? 0)
L 05/06/2021 - 02:29:16: [l4d2_skill_detect.smx] Clear: 3 freed 4 from 5: time: 1.80 / -1.00 -- class: hunter (with shove? 1)
L 05/06/2021 - 02:29:43: [l4d2_skill_detect.smx] Clear: 3 freed 4 from 7: time: -1.00 / 3.41 -- class: smoker (with shove? 1)
L 05/06/2021 - 02:30:19: [l4d2_skill_detect.smx] Clear: 4 freed 3 from 6: time: 1.07 / -1.00 -- class: hunter (with shove? 1)
L 05/06/2021 - 02:30:21: [l4d2_skill_detect.smx] Clear: 1 freed 3 from 6: time: 2.41 / -1.00 -- class: hunter (with shove? 0)
L 05/06/2021 - 02:30:37: [l4d2_skill_detect.smx] Clear: 3 freed 4 from 8: time: -1.00 / 1.82 -- class: smoker (with shove? 0)
L 05/06/2021 - 02:30:58: [l4d2_skill_detect.smx] Charge carry start: 7 - 1 -- time: 840.19
L 05/06/2021 - 02:31:02: [l4d2_skill_detect.smx] Clear: 2 freed 1 from 7: time: 0.77 / 3.79 -- class: charger (with shove? 0)
L 05/06/2021 - 02:31:03: [l4d2_skill_detect.smx] Checking charge victim: 7 - 1 - flags: 1 (alive? 1)
L 05/06/2021 - 02:31:06: [l4d2_skill_detect.smx] Clear: 3 freed 2 from 5: time: 3.69 / -1.00 -- class: jockey (with shove? 0)
L 05/06/2021 - 02:33:26: [l4d2_skill_detect.smx] Clear: 10 freed 5 from 1: time: 7.64 / 9.15 -- class: smoker (with shove? 1)
L 05/06/2021 - 02:33:54: [l4d2_skill_detect.smx] Clear: 5 freed 10 from 3: time: 1.51 / -1.00 -- class: jockey (with shove? 0)
L 05/06/2021 - 02:34:09: [l4d2_skill_detect.smx] Clear: 8 freed 5 from 9: time: 2.40 / 3.78 -- class: smoker (with shove? 1)
L 05/06/2021 - 02:34:49: [l4d2_skill_detect.smx] Charge carry start: 2 - 6 -- time: 1070.50
L 05/06/2021 - 02:34:51: [l4d2_skill_detect.smx] Clear: 8 freed 6 from 2: time: 0.90 / 2.15 -- class: charger (with shove? 0)
L 05/06/2021 - 02:34:52: [l4d2_skill_detect.smx] Checking charge victim: 2 - 6 - flags: 1 (alive? 1)
L 05/06/2021 - 02:35:15: [l4d2_skill_detect.smx] Clear: 8 freed 10 from 2: time: 0.35 / -1.00 -- class: jockey (with shove? 1)
L 05/06/2021 - 02:35:27: [l4d2_skill_detect.smx] Clear: 5 freed 8 from 2: time: 5.68 / -1.00 -- class: jockey (with shove? 0)
L 05/06/2021 - 02:36:33: -------- Mapchange to c2m2_fairgrounds --------
L 05/06/2021 - 02:36:35: [basecommands.smx] "Console<0><Console><Console>" changed cvar (cvar "sv_force_time_of_day") (value "0")
L 05/06/2021 - 02:36:35: [basecommands.smx] "Console<0><Console><Console>" changed cvar (cvar "z_witch_damage_per_kill_hit") (value "120")
L 05/06/2021 - 02:36:35: [basecommands.smx] "Console<0><Console><Console>" changed cvar (cvar "z_witch_anger_rate") (value "0.4")
L 05/06/2021 - 02:36:35: [basecommands.smx] "Console<0><Console><Console>" changed cvar (cvar "z_witch_flashlight_range") (value "2000")
L 05/06/2021 - 02:36:35: [basecommands.smx] "Console<0><Console><Console>" changed cvar (cvar "z_witch_burn_time") (value "100")
L 05/06/2021 - 02:36:35: [basecommands.smx] "Console<0><Console><Console>" changed cvar (cvar "z_tank_health") (value "4000")
L 05/06/2021 - 02:36:35: [basecommands.smx] "Console<0><Console><Console>" changed cvar (cvar "z_ghost_delay_min") (value "15")
L 05/06/2021 - 02:36:35: [basecommands.smx] "Console<0><Console><Console>" changed cvar (cvar "z_ghost_delay_max") (value "15")
L 05/06/2021 - 02:36:35: [basecommands.smx] "Console<0><Console><Console>" changed cvar (cvar "z_hunter_limit") (value "1")
L 05/06/2021 - 02:36:35: [basecommands.smx] "Console<0><Console><Console>" changed cvar (cvar "z_smoker_limit") (value "1")
L 05/06/2021 - 02:36:35: [basecommands.smx] "Console<0><Console><Console>" changed cvar (cvar "z_jockey_limit") (value "1")
L 05/06/2021 - 02:36:35: [basecommands.smx] "Console<0><Console><Console>" changed cvar (cvar "versus_tank_chance_intro") (value "1")
L 05/06/2021 - 02:36:35: [basecommands.smx] "Console<0><Console><Console>" changed cvar (cvar "versus_tank_chance_finale") (value "1")
L 05/06/2021 - 02:36:35: [basecommands.smx] "Console<0><Console><Console>" changed cvar (cvar "versus_tank_chance") (value "1")
L 05/06/2021 - 02:36:35: [basecommands.smx] "Console<0><Console><Console>" changed cvar (cvar "versus_witch_chance_intro") (value "0")
L 05/06/2021 - 02:36:35: [basecommands.smx] "Console<0><Console><Console>" changed cvar (cvar "versus_witch_chance_finale") (value "0")
L 05/06/2021 - 02:36:35: [basecommands.smx] "Console<0><Console><Console>" changed cvar (cvar "versus_witch_chance") (value "1")
L 05/06/2021 - 02:36:35: [basecommands.smx] "Console<0><Console><Console>" changed cvar (cvar "director_force_tank") (value "1")
L 05/06/2021 - 02:36:35: [basecommands.smx] "Console<0><Console><Console>" changed cvar (cvar "versus_boss_flow_min") (value "0.4")
L 05/06/2021 - 02:36:35: [basecommands.smx] "Console<0><Console><Console>" changed cvar (cvar "versus_boss_flow_max") (value "0.6")
L 05/06/2021 - 02:36:35: [basecommands.smx] "Console<0><Console><Console>" changed cvar (cvar "versus_boss_flow_min_intro") (value "0.1")
L 05/06/2021 - 02:36:35: [basecommands.smx] "Console<0><Console><Console>" changed cvar (cvar "versus_boss_flow_max_intro") (value "0.2")
L 05/06/2021 - 02:36:35: [basecommands.smx] "Console<0><Console><Console>" changed cvar (cvar "versus_boss_flow_min_finale") (value "0.1")
L 05/06/2021 - 02:36:35: [basecommands.smx] "Console<0><Console><Console>" changed cvar (cvar "versus_boss_flow_max_finale") (value "0.2")
L 05/06/2021 - 02:36:35: [basecommands.smx] "Console<0><Console><Console>" changed cvar (cvar "boomer_vomit_delay") (value "0.1")
L 05/06/2021 - 02:36:35: [basecommands.smx] "Console<0><Console><Console>" changed cvar (cvar "smoker_tongue_delay") (value "0.1")
L 05/06/2021 - 02:36:35: [basecommands.smx] "Console<0><Console><Console>" changed cvar (cvar "vs_survival_bonus") (value "35")
L 05/06/2021 - 02:36:35: [basecommands.smx] "Console<0><Console><Console>" changed cvar (cvar "z_tank_throw_health") (value "10")
L 05/06/2021 - 02:36:35: [basecommands.smx] "Console<0><Console><Console>" changed cvar (cvar "sv_client_min_interp_ratio") (value "-1")
L 05/06/2021 - 02:36:35: [basecommands.smx] "Console<0><Console><Console>" changed cvar (cvar "sv_client_max_interp_ratio") (value "0")
L 05/06/2021 - 02:36:35: [basecommands.smx] "Console<0><Console><Console>" changed cvar (cvar "sv_minrate") (value "100000")
L 05/06/2021 - 02:36:35: [basecommands.smx] "Console<0><Console><Console>" changed cvar (cvar "sv_maxrate") (value "100000")
L 05/06/2021 - 02:36:35: [basecommands.smx] "Console<0><Console><Console>" changed cvar (cvar "sv_mincmdrate") (value "100")
L 05/06/2021 - 02:36:35: [basecommands.smx] "Console<0><Console><Console>" changed cvar (cvar "sv_maxcmdrate") (value "100")
L 05/06/2021 - 02:36:35: [basecommands.smx] "Console<0><Console><Console>" changed cvar (cvar "sv_minupdaterate") (value "100")
L 05/06/2021 - 02:36:35: [basecommands.smx] "Console<0><Console><Console>" changed cvar (cvar "sv_maxupdaterate") (value "100")
L 05/06/2021 - 02:36:35: [basecommands.smx] "Console<0><Console><Console>" changed cvar (cvar "nb_update_frequency") (value "0.014")
L 05/06/2021 - 02:36:35: [basecommands.smx] "Console<0><Console><Console>" changed cvar (cvar "net_splitpacket_maxrate") (value "50000")
L 05/06/2021 - 02:36:35: [basecommands.smx] "Console<0><Console><Console>" changed cvar (cvar "fps_max") (value "0")
L 05/06/2021 - 02:36:35: [basecommands.smx] "Console<0><Console><Console>" changed cvar (cvar "hostname") (value "Versus")
L 05/06/2021 - 02:38:07: [l4d2_skill_detect.smx] Clear: 2 freed 4 from 5: time: -1.00 / 1.65 -- class: smoker (with shove? 1)
L 05/06/2021 - 02:38:45: [l4d2_skill_detect.smx] Clear: 2 freed 1 from 7: time: -1.00 / 3.04 -- class: smoker (with shove? 0)
L 05/06/2021 - 02:39:19: [l4d2_skill_detect.smx] Clear: 4 freed 3 from 6: time: 1.42 / -1.00 -- class: hunter (with shove? 0)
L 05/06/2021 - 02:39:23: [l4d2_skill_detect.smx] Clear: 3 freed 2 from 5: time: 1.00 / 166.05 -- class: charger (with shove? 0)
L 05/06/2021 - 02:39:44: [l4d2_skill_detect.smx] Clear: 2 freed 4 from 7: time: 0.38 / 1.38 -- class: smoker (with shove? 1)
L 05/06/2021 - 02:40:16: [l4d2_skill_detect.smx] Clear: 4 freed 3 from 8: time: 1.47 / -1.00 -- class: jockey (with shove? 1)
L 05/06/2021 - 02:40:24: [l4d2_skill_detect.smx] Clear: 2 freed 1 from 7: time: -1.00 / 3.37 -- class: smoker (with shove? 0)
L 05/06/2021 - 02:40:31: [l4d2_skill_detect.smx] Witch Crown Check: Failed: bungled: 1 / crowntype: 1 (entity: 896)
L 05/06/2021 - 02:40:31: [l4d2_skill_detect.smx] Witch Crown Check: Further details: attacker: ♛ Rain ♛, attacker dmg: 654, teamless dmg: 0
L 05/06/2021 - 02:40:55: [l4d2_skill_detect.smx] Charge carry start: 7 - 4 -- time: 258.75
L 05/06/2021 - 02:40:57: [l4d2_skill_detect.smx] Clear: 2 freed 4 from 7: time: 0.48 / 2.22 -- class: charger (with shove? 0)
L 05/06/2021 - 02:40:59: [l4d2_skill_detect.smx] Checking charge victim: 7 - 3 - flags: 0 (alive? 1)
L 05/06/2021 - 02:40:59: [l4d2_skill_detect.smx] Checking charge victim: 7 - 1 - flags: 0 (alive? 1)
L 05/06/2021 - 02:40:59: [l4d2_skill_detect.smx] Checking charge victim: 7 - 4 - flags: 1 (alive? 1)
L 05/06/2021 - 02:41:34: [l4d2_skill_detect.smx] Clear: 1 freed 2 from 8: time: 1.35 / -1.00 -- class: hunter (with shove? 0)
L 05/06/2021 - 02:41:54: [l4d2_skill_detect.smx] Clear: 2 freed 4 from 6: time: 1.11 / -1.00 -- class: jockey (with shove? 0)
L 05/06/2021 - 02:42:39: [l4d2_skill_detect.smx] Clear: 2 freed 3 from 6: time: 1.19 / 2.63 -- class: smoker (with shove? 1)
L 05/06/2021 - 02:43:07: [l4d2_skill_detect.smx] Clear: 2 freed 3 from 6: time: -1.00 / 2.36 -- class: smoker (with shove? 0)
L 05/06/2021 - 02:43:21: [basecommands.smx] "♛ Rain ♛<2><STEAM_1:0:162762726><>" changed cvar (cvar "vs_max_team_switches") (value "0")
L 05/06/2021 - 02:43:37: [l4d2_skill_detect.smx] Clear: 1 freed 4 from 6: time: 8.10 / 10.58 -- class: smoker (with shove? 0)
L 05/06/2021 - 02:44:03: [l4d2_skill_detect.smx] Charge carry start: 6 - 3 -- time: 446.33
L 05/06/2021 - 02:44:06: [l4d2_skill_detect.smx] Checking charge victim: 6 - 3 - flags: 1 (alive? 1)
L 05/06/2021 - 02:44:21: [l4d2_skill_detect.smx] Clear: 2 freed 1 from 5: time: -1.00 / 1.14 -- class: smoker (with shove? 1)
L 05/06/2021 - 02:44:33: [l4d2_skill_detect.smx] Charge carry start: 7 - 4 -- time: 476.51
L 05/06/2021 - 02:44:36: [l4d2_skill_detect.smx] Clear: 2 freed 4 from 7: time: 1.64 / 3.05 -- class: charger (with shove? 0)
L 05/06/2021 - 02:44:36: [l4d2_skill_detect.smx] Checking charge victim: 7 - 4 - flags: 1 (alive? 1)
L 05/06/2021 - 02:45:14: [l4d2_skill_detect.smx] Clear: 4 freed 3 from 6: time: 1.33 / -1.00 -- class: jockey (with shove? 0)
L 05/06/2021 - 02:45:25: [l4d2_skill_detect.smx] Clear: 3 freed 4 from 5: time: 1.67 / -1.00 -- class: hunter (with shove? 1)
L 05/06/2021 - 02:45:51: [basecommands.smx] "♛ Rain ♛<2><STEAM_1:0:162762726><>" changed cvar (cvar "vs_max_team_switches") (value "0")
L 05/06/2021 - 02:47:43: [l4d2_skill_detect.smx] Clear: 10 freed 3 from 4: time: 1.54 / -1.00 -- class: hunter (with shove? 1)
L 05/06/2021 - 02:48:18: [l4d2_skill_detect.smx] Clear: 10 freed 9 from 4: time: 1.84 / -1.00 -- class: hunter (with shove? 0)
L 05/06/2021 - 02:48:35: [l4d2_skill_detect.smx] Charge carry start: 2 - 9 -- time: 717.98
L 05/06/2021 - 02:48:39: [l4d2_skill_detect.smx] Checking charge victim: 2 - 3 - flags: 0 (alive? 1)
L 05/06/2021 - 02:48:39: [l4d2_skill_detect.smx] Checking charge victim: 2 - 6 - flags: 0 (alive? 1)
L 05/06/2021 - 02:48:39: [l4d2_skill_detect.smx] Checking charge victim: 2 - 9 - flags: 1 (alive? 1)
L 05/06/2021 - 02:49:58: [l4d2_skill_detect.smx] Clear: 9 freed 10 from 2: time: 0.96 / 3.40 -- class: smoker (with shove? 1)
L 05/06/2021 - 02:50:14: [l4d2_skill_detect.smx] Charge carry start: 1 - 10 -- time: 817.35
L 05/06/2021 - 02:50:17: [l4d2_skill_detect.smx] Checking charge victim: 1 - 9 - flags: 0 (alive? 1)
L 05/06/2021 - 02:50:17: [l4d2_skill_detect.smx] Checking charge victim: 1 - 3 - flags: 0 (alive? 1)
L 05/06/2021 - 02:50:18: [l4d2_skill_detect.smx] Checking charge victim: 1 - 6 - flags: 0 (alive? 1)
L 05/06/2021 - 02:50:18: [l4d2_skill_detect.smx] Checking charge victim: 1 - 10 - flags: 1 (alive? 1)
L 05/06/2021 - 02:50:21: [l4d2_skill_detect.smx] Clear: 6 freed 10 from 1: time: 4.99 / 6.77 -- class: charger (with shove? 0)
L 05/06/2021 - 02:50:22: [l4d2_skill_detect.smx] Clear: 6 freed 3 from 2: time: 2.72 / -1.00 -- class: hunter (with shove? 0)
L 05/06/2021 - 02:50:58: -------- Mapchange to c11m1_greenhouse --------
L 05/06/2021 - 02:51:00: [basecommands.smx] "Console<0><Console><Console>" changed cvar (cvar "sv_force_time_of_day") (value "0")
L 05/06/2021 - 02:51:00: [basecommands.smx] "Console<0><Console><Console>" changed cvar (cvar "z_witch_damage_per_kill_hit") (value "120")
L 05/06/2021 - 02:51:00: [basecommands.smx] "Console<0><Console><Console>" changed cvar (cvar "z_witch_anger_rate") (value "0.4")
L 05/06/2021 - 02:51:00: [basecommands.smx] "Console<0><Console><Console>" changed cvar (cvar "z_witch_flashlight_range") (value "2000")
L 05/06/2021 - 02:51:00: [basecommands.smx] "Console<0><Console><Console>" changed cvar (cvar "z_witch_burn_time") (value "100")
L 05/06/2021 - 02:51:00: [basecommands.smx] "Console<0><Console><Console>" changed cvar (cvar "z_tank_health") (value "4000")
L 05/06/2021 - 02:51:00: [basecommands.smx] "Console<0><Console><Console>" changed cvar (cvar "z_ghost_delay_min") (value "15")
L 05/06/2021 - 02:51:00: [basecommands.smx] "Console<0><Console><Console>" changed cvar (cvar "z_ghost_delay_max") (value "15")
L 05/06/2021 - 02:51:00: [basecommands.smx] "Console<0><Console><Console>" changed cvar (cvar "z_hunter_limit") (value "1")
L 05/06/2021 - 02:51:00: [basecommands.smx] "Console<0><Console><Console>" changed cvar (cvar "z_smoker_limit") (value "1")
L 05/06/2021 - 02:51:00: [basecommands.smx] "Console<0><Console><Console>" changed cvar (cvar "z_jockey_limit") (value "1")
L 05/06/2021 - 02:51:00: [basecommands.smx] "Console<0><Console><Console>" changed cvar (cvar "versus_tank_chance_intro") (value "1")
L 05/06/2021 - 02:51:00: [basecommands.smx] "Console<0><Console><Console>" changed cvar (cvar "versus_tank_chance_finale") (value "1")
L 05/06/2021 - 02:51:00: [basecommands.smx] "Console<0><Console><Console>" changed cvar (cvar "versus_tank_chance") (value "1")
L 05/06/2021 - 02:51:00: [basecommands.smx] "Console<0><Console><Console>" changed cvar (cvar "versus_witch_chance_intro") (value "0")
L 05/06/2021 - 02:51:00: [basecommands.smx] "Console<0><Console><Console>" changed cvar (cvar "versus_witch_chance_finale") (value "0")
L 05/06/2021 - 02:51:00: [basecommands.smx] "Console<0><Console><Console>" changed cvar (cvar "versus_witch_chance") (value "1")
L 05/06/2021 - 02:51:00: [basecommands.smx] "Console<0><Console><Console>" changed cvar (cvar "director_force_tank") (value "1")
L 05/06/2021 - 02:51:00: [basecommands.smx] "Console<0><Console><Console>" changed cvar (cvar "versus_boss_flow_min") (value "0.4")
L 05/06/2021 - 02:51:00: [basecommands.smx] "Console<0><Console><Console>" changed cvar (cvar "versus_boss_flow_max") (value "0.6")
L 05/06/2021 - 02:51:00: [basecommands.smx] "Console<0><Console><Console>" changed cvar (cvar "versus_boss_flow_min_intro") (value "0.1")
L 05/06/2021 - 02:51:00: [basecommands.smx] "Console<0><Console><Console>" changed cvar (cvar "versus_boss_flow_max_intro") (value "0.2")
L 05/06/2021 - 02:51:00: [basecommands.smx] "Console<0><Console><Console>" changed cvar (cvar "versus_boss_flow_min_finale") (value "0.1")
L 05/06/2021 - 02:51:00: [basecommands.smx] "Console<0><Console><Console>" changed cvar (cvar "versus_boss_flow_max_finale") (value "0.2")
L 05/06/2021 - 02:51:00: [basecommands.smx] "Console<0><Console><Console>" changed cvar (cvar "boomer_vomit_delay") (value "0.1")
L 05/06/2021 - 02:51:00: [basecommands.smx] "Console<0><Console><Console>" changed cvar (cvar "smoker_tongue_delay") (value "0.1")
L 05/06/2021 - 02:51:00: [basecommands.smx] "Console<0><Console><Console>" changed cvar (cvar "vs_survival_bonus") (value "35")
L 05/06/2021 - 02:51:00: [basecommands.smx] "Console<0><Console><Console>" changed cvar (cvar "z_tank_throw_health") (value "10")
L 05/06/2021 - 02:51:00: [basecommands.smx] "Console<0><Console><Console>" changed cvar (cvar "sv_client_min_interp_ratio") (value "-1")
L 05/06/2021 - 02:51:00: [basecommands.smx] "Console<0><Console><Console>" changed cvar (cvar "sv_client_max_interp_ratio") (value "0")
L 05/06/2021 - 02:51:00: [basecommands.smx] "Console<0><Console><Console>" changed cvar (cvar "sv_minrate") (value "100000")
L 05/06/2021 - 02:51:00: [basecommands.smx] "Console<0><Console><Console>" changed cvar (cvar "sv_maxrate") (value "100000")
L 05/06/2021 - 02:51:00: [basecommands.smx] "Console<0><Console><Console>" changed cvar (cvar "sv_mincmdrate") (value "100")
L 05/06/2021 - 02:51:00: [basecommands.smx] "Console<0><Console><Console>" changed cvar (cvar "sv_maxcmdrate") (value "100")
L 05/06/2021 - 02:51:00: [basecommands.smx] "Console<0><Console><Console>" changed cvar (cvar "sv_minupdaterate") (value "100")
L 05/06/2021 - 02:51:00: [basecommands.smx] "Console<0><Console><Console>" changed cvar (cvar "sv_maxupdaterate") (value "100")
L 05/06/2021 - 02:51:00: [basecommands.smx] "Console<0><Console><Console>" changed cvar (cvar "nb_update_frequency") (value "0.014")
L 05/06/2021 - 02:51:00: [basecommands.smx] "Console<0><Console><Console>" changed cvar (cvar "net_splitpacket_maxrate") (value "50000")
L 05/06/2021 - 02:51:00: [basecommands.smx] "Console<0><Console><Console>" changed cvar (cvar "fps_max") (value "0")
L 05/06/2021 - 02:51:00: [basecommands.smx] "Console<0><Console><Console>" changed cvar (cvar "hostname") (value "Versus")
L 05/06/2021 - 02:52:37: [l4d2_skill_detect.smx] Clear: 3 freed 4 from 5: time: 1.23 / -1.00 -- class: jockey (with shove? 0)
L 05/06/2021 - 02:53:05: [l4d2_skill_detect.smx] Clear: 1 freed 2 from 5: time: -1.00 / 1.76 -- class: smoker (with shove? 1)
L 05/06/2021 - 02:53:08: [l4d2_skill_detect.smx] Clear: 2 freed 4 from 8: time: 1.24 / -1.00 -- class: jockey (with shove? 0)
L 05/06/2021 - 02:55:40: [l4d2_skill_detect.smx] Clear: 4 freed 1 from 7: time: 1.33 / -1.00 -- class: hunter (with shove? 1)
L 05/06/2021 - 02:55:42: [l4d2_skill_detect.smx] Charge carry start: 6 - 4 -- time: 285.57
L 05/06/2021 - 02:55:44: [l4d2_skill_detect.smx] Checking charge victim: 6 - 3 - flags: 42 (alive? 0)
L 05/06/2021 - 02:55:46: [l4d2_skill_detect.smx] Checking charge victim: 6 - 1 - flags: 0 (alive? 1)
L 05/06/2021 - 02:55:47: [l4d2_skill_detect.smx] Checking charge victim: 6 - 4 - flags: 131 (alive? 0)
L 05/06/2021 - 02:55:55: [l4d2_skill_detect.smx] Charge carry start: 6 - 2 -- time: 298.35
L 05/06/2021 - 02:55:58: [l4d2_skill_detect.smx] Checking charge victim: 6 - 2 - flags: 1 (alive? 1)
L 05/06/2021 - 02:56:07: [l4d2_skill_detect.smx] Clear: 1 freed 2 from 6: time: 11.16 / 12.10 -- class: charger (with shove? 0)
L 05/06/2021 - 02:56:23: [l4d2_skill_detect.smx] Clear: 2 freed 1 from 7: time: 7.51 / -1.00 -- class: hunter (with shove? 0)
L 05/06/2021 - 02:57:43: [l4d2_skill_detect.smx] Clear: 6 freed 7 from 4: time: 13.08 / 14.47 -- class: smoker (with shove? 0)
L 05/06/2021 - 02:58:18: [l4d2_skill_detect.smx] Clear: 9 freed 5 from 2: time: 1.61 / -1.00 -- class: jockey (with shove? 0)
L 05/06/2021 - 02:58:19: [l4d2_skill_detect.smx] Clear: 5 freed 7 from 1: time: 2.04 / -1.00 -- class: hunter (with shove? 0)
L 05/06/2021 - 02:58:36: [l4d2_skill_detect.smx] Clear: 6 freed 5 from 4: time: -1.00 / 1.51 -- class: smoker (with shove? 1)
L 05/06/2021 - 02:58:49: [l4d2_skill_detect.smx] Charge carry start: 2 - 6 -- time: 473.04
L 05/06/2021 - 02:58:51: [l4d2_skill_detect.smx] Checking charge victim: 2 - 6 - flags: 177 (alive? 0)
L 05/06/2021 - 02:59:15: [l4d2_skill_detect.smx] Clear: 7 freed 5 from 1: time: 2.67 / -1.00 -- class: jockey (with shove? 0)
L 05/06/2021 - 02:59:48: [l4d2_skill_detect.smx] Clear: 6 freed 5 from 8: time: 1.17 / -1.00 -- class: hunter (with shove? 0)
L 05/06/2021 - 02:59:51: [l4d2_skill_detect.smx] calarm trigger: caller 760 / activator 760 / delay: 0.00
L 05/06/2021 - 03:00:43: -------- Mapchange to c11m2_offices --------
L 05/06/2021 - 03:00:45: [basecommands.smx] "Console<0><Console><Console>" changed cvar (cvar "sv_force_time_of_day") (value "0")
L 05/06/2021 - 03:00:45: [basecommands.smx] "Console<0><Console><Console>" changed cvar (cvar "z_witch_damage_per_kill_hit") (value "120")
L 05/06/2021 - 03:00:45: [basecommands.smx] "Console<0><Console><Console>" changed cvar (cvar "z_witch_anger_rate") (value "0.4")
L 05/06/2021 - 03:00:45: [basecommands.smx] "Console<0><Console><Console>" changed cvar (cvar "z_witch_flashlight_range") (value "2000")
L 05/06/2021 - 03:00:45: [basecommands.smx] "Console<0><Console><Console>" changed cvar (cvar "z_witch_burn_time") (value "100")
L 05/06/2021 - 03:00:45: [basecommands.smx] "Console<0><Console><Console>" changed cvar (cvar "z_tank_health") (value "4000")
L 05/06/2021 - 03:00:45: [basecommands.smx] "Console<0><Console><Console>" changed cvar (cvar "z_ghost_delay_min") (value "15")
L 05/06/2021 - 03:00:45: [basecommands.smx] "Console<0><Console><Console>" changed cvar (cvar "z_ghost_delay_max") (value "15")
L 05/06/2021 - 03:00:45: [basecommands.smx] "Console<0><Console><Console>" changed cvar (cvar "z_hunter_limit") (value "1")
L 05/06/2021 - 03:00:45: [basecommands.smx] "Console<0><Console><Console>" changed cvar (cvar "z_smoker_limit") (value "1")
L 05/06/2021 - 03:00:45: [basecommands.smx] "Console<0><Console><Console>" changed cvar (cvar "z_jockey_limit") (value "1")
L 05/06/2021 - 03:00:45: [basecommands.smx] "Console<0><Console><Console>" changed cvar (cvar "versus_tank_chance_intro") (value "1")
L 05/06/2021 - 03:00:45: [basecommands.smx] "Console<0><Console><Console>" changed cvar (cvar "versus_tank_chance_finale") (value "1")
L 05/06/2021 - 03:00:45: [basecommands.smx] "Console<0><Console><Console>" changed cvar (cvar "versus_tank_chance") (value "1")
L 05/06/2021 - 03:00:45: [basecommands.smx] "Console<0><Console><Console>" changed cvar (cvar "versus_witch_chance_intro") (value "0")
L 05/06/2021 - 03:00:45: [basecommands.smx] "Console<0><Console><Console>" changed cvar (cvar "versus_witch_chance_finale") (value "0")
L 05/06/2021 - 03:00:45: [basecommands.smx] "Console<0><Console><Console>" changed cvar (cvar "versus_witch_chance") (value "1")
L 05/06/2021 - 03:00:45: [basecommands.smx] "Console<0><Console><Console>" changed cvar (cvar "director_force_tank") (value "1")
L 05/06/2021 - 03:00:45: [basecommands.smx] "Console<0><Console><Console>" changed cvar (cvar "versus_boss_flow_min") (value "0.4")
L 05/06/2021 - 03:00:45: [basecommands.smx] "Console<0><Console><Console>" changed cvar (cvar "versus_boss_flow_max") (value "0.6")
L 05/06/2021 - 03:00:45: [basecommands.smx] "Console<0><Console><Console>" changed cvar (cvar "versus_boss_flow_min_intro") (value "0.1")
L 05/06/2021 - 03:00:45: [basecommands.smx] "Console<0><Console><Console>" changed cvar (cvar "versus_boss_flow_max_intro") (value "0.2")
L 05/06/2021 - 03:00:45: [basecommands.smx] "Console<0><Console><Console>" changed cvar (cvar "versus_boss_flow_min_finale") (value "0.1")
L 05/06/2021 - 03:00:45: [basecommands.smx] "Console<0><Console><Console>" changed cvar (cvar "versus_boss_flow_max_finale") (value "0.2")
L 05/06/2021 - 03:00:45: [basecommands.smx] "Console<0><Console><Console>" changed cvar (cvar "boomer_vomit_delay") (value "0.1")
L 05/06/2021 - 03:00:45: [basecommands.smx] "Console<0><Console><Console>" changed cvar (cvar "smoker_tongue_delay") (value "0.1")
L 05/06/2021 - 03:00:45: [basecommands.smx] "Console<0><Console><Console>" changed cvar (cvar "vs_survival_bonus") (value "35")
L 05/06/2021 - 03:00:45: [basecommands.smx] "Console<0><Console><Console>" changed cvar (cvar "z_tank_throw_health") (value "10")
L 05/06/2021 - 03:00:45: [basecommands.smx] "Console<0><Console><Console>" changed cvar (cvar "sv_client_min_interp_ratio") (value "-1")
L 05/06/2021 - 03:00:45: [basecommands.smx] "Console<0><Console><Console>" changed cvar (cvar "sv_client_max_interp_ratio") (value "0")
L 05/06/2021 - 03:00:45: [basecommands.smx] "Console<0><Console><Console>" changed cvar (cvar "sv_minrate") (value "100000")
L 05/06/2021 - 03:00:45: [basecommands.smx] "Console<0><Console><Console>" changed cvar (cvar "sv_maxrate") (value "100000")
L 05/06/2021 - 03:00:45: [basecommands.smx] "Console<0><Console><Console>" changed cvar (cvar "sv_mincmdrate") (value "100")
L 05/06/2021 - 03:00:45: [basecommands.smx] "Console<0><Console><Console>" changed cvar (cvar "sv_maxcmdrate") (value "100")
L 05/06/2021 - 03:00:45: [basecommands.smx] "Console<0><Console><Console>" changed cvar (cvar "sv_minupdaterate") (value "100")
L 05/06/2021 - 03:00:45: [basecommands.smx] "Console<0><Console><Console>" changed cvar (cvar "sv_maxupdaterate") (value "100")
L 05/06/2021 - 03:00:45: [basecommands.smx] "Console<0><Console><Console>" changed cvar (cvar "nb_update_frequency") (value "0.014")
L 05/06/2021 - 03:00:45: [basecommands.smx] "Console<0><Console><Console>" changed cvar (cvar "net_splitpacket_maxrate") (value "50000")
L 05/06/2021 - 03:00:45: [basecommands.smx] "Console<0><Console><Console>" changed cvar (cvar "fps_max") (value "0")
L 05/06/2021 - 03:00:45: [basecommands.smx] "Console<0><Console><Console>" changed cvar (cvar "hostname") (value "Versus")
L 05/06/2021 - 03:01:50: [l4d2_skill_detect.smx] Clear: 5 freed 6 from 2: time: 5.02 / -1.00 -- class: jockey (with shove? 0)
L 05/06/2021 - 03:02:23: [l4d2_skill_detect.smx] Clear: 10 freed 7 from 2: time: 8.77 / 10.61 -- class: smoker (with shove? 1)
L 05/06/2021 - 03:02:40: [l4d2_skill_detect.smx] Clear: 7 freed 5 from 4: time: 8.23 / -1.00 -- class: hunter (with shove? 0)
L 05/06/2021 - 03:04:42: [l4d2_skill_detect.smx] Clear: 1 freed 9 from 7: time: 0.37 / 1.88 -- class: smoker (with shove? 0)
L 05/06/2021 - 03:05:11: [l4d2_skill_detect.smx] Clear: 9 freed 8 from 7: time: -1.00 / 1.42 -- class: smoker (with shove? 0)
L 05/06/2021 - 03:06:51: [l4d2_skill_detect.smx] Clear: 1 freed 1 from 5: time: -1.00 / 0.79 -- class: smoker (with shove? 1)
L 05/06/2021 - 03:07:13: [l4d2_skill_detect.smx] Witch Crown Check: crown shot: 882, harrassed: 1 (full health: 1000 / drawthresh: 500 / oneshot 0)
L 05/06/2021 - 03:07:26: [l4d2_skill_detect.smx] Clear: 9 freed 2 from 6: time: 1.26 / -1.00 -- class: jockey (with shove? 1)
L 05/06/2021 - 03:07:51: [tankdoorfix.smx] Door bug circumvented.
L 05/06/2021 - 03:07:58: [l4d2_skill_detect.smx] Clear: 1 freed 8 from 6: time: -1.00 / 0.47 -- class: smoker (with shove? 0)
L 05/06/2021 - 03:08:42: -------- Mapchange to c11m3_garage --------
L 05/06/2021 - 03:08:44: [basecommands.smx] "Console<0><Console><Console>" changed cvar (cvar "sv_force_time_of_day") (value "0")
L 05/06/2021 - 03:08:44: [basecommands.smx] "Console<0><Console><Console>" changed cvar (cvar "z_witch_damage_per_kill_hit") (value "120")
L 05/06/2021 - 03:08:44: [basecommands.smx] "Console<0><Console><Console>" changed cvar (cvar "z_witch_anger_rate") (value "0.4")
L 05/06/2021 - 03:08:44: [basecommands.smx] "Console<0><Console><Console>" changed cvar (cvar "z_witch_flashlight_range") (value "2000")
L 05/06/2021 - 03:08:44: [basecommands.smx] "Console<0><Console><Console>" changed cvar (cvar "z_witch_burn_time") (value "100")
L 05/06/2021 - 03:08:44: [basecommands.smx] "Console<0><Console><Console>" changed cvar (cvar "z_tank_health") (value "4000")
L 05/06/2021 - 03:08:44: [basecommands.smx] "Console<0><Console><Console>" changed cvar (cvar "z_ghost_delay_min") (value "15")
L 05/06/2021 - 03:08:44: [basecommands.smx] "Console<0><Console><Console>" changed cvar (cvar "z_ghost_delay_max") (value "15")
L 05/06/2021 - 03:08:44: [basecommands.smx] "Console<0><Console><Console>" changed cvar (cvar "z_hunter_limit") (value "1")
L 05/06/2021 - 03:08:44: [basecommands.smx] "Console<0><Console><Console>" changed cvar (cvar "z_smoker_limit") (value "1")
L 05/06/2021 - 03:08:44: [basecommands.smx] "Console<0><Console><Console>" changed cvar (cvar "z_jockey_limit") (value "1")
L 05/06/2021 - 03:08:44: [basecommands.smx] "Console<0><Console><Console>" changed cvar (cvar "versus_tank_chance_intro") (value "1")
L 05/06/2021 - 03:08:44: [basecommands.smx] "Console<0><Console><Console>" changed cvar (cvar "versus_tank_chance_finale") (value "1")
L 05/06/2021 - 03:08:44: [basecommands.smx] "Console<0><Console><Console>" changed cvar (cvar "versus_tank_chance") (value "1")
L 05/06/2021 - 03:08:44: [basecommands.smx] "Console<0><Console><Console>" changed cvar (cvar "versus_witch_chance_intro") (value "0")
L 05/06/2021 - 03:08:44: [basecommands.smx] "Console<0><Console><Console>" changed cvar (cvar "versus_witch_chance_finale") (value "0")
L 05/06/2021 - 03:08:44: [basecommands.smx] "Console<0><Console><Console>" changed cvar (cvar "versus_witch_chance") (value "1")
L 05/06/2021 - 03:08:44: [basecommands.smx] "Console<0><Console><Console>" changed cvar (cvar "director_force_tank") (value "1")
L 05/06/2021 - 03:08:44: [basecommands.smx] "Console<0><Console><Console>" changed cvar (cvar "versus_boss_flow_min") (value "0.4")
L 05/06/2021 - 03:08:44: [basecommands.smx] "Console<0><Console><Console>" changed cvar (cvar "versus_boss_flow_max") (value "0.6")
L 05/06/2021 - 03:08:45: [basecommands.smx] "Console<0><Console><Console>" changed cvar (cvar "versus_boss_flow_min_intro") (value "0.1")
L 05/06/2021 - 03:08:45: [basecommands.smx] "Console<0><Console><Console>" changed cvar (cvar "versus_boss_flow_max_intro") (value "0.2")
L 05/06/2021 - 03:08:45: [basecommands.smx] "Console<0><Console><Console>" changed cvar (cvar "versus_boss_flow_min_finale") (value "0.1")
L 05/06/2021 - 03:08:45: [basecommands.smx] "Console<0><Console><Console>" changed cvar (cvar "versus_boss_flow_max_finale") (value "0.2")
L 05/06/2021 - 03:08:45: [basecommands.smx] "Console<0><Console><Console>" changed cvar (cvar "boomer_vomit_delay") (value "0.1")
L 05/06/2021 - 03:08:45: [basecommands.smx] "Console<0><Console><Console>" changed cvar (cvar "smoker_tongue_delay") (value "0.1")
L 05/06/2021 - 03:08:45: [basecommands.smx] "Console<0><Console><Console>" changed cvar (cvar "vs_survival_bonus") (value "35")
L 05/06/2021 - 03:08:45: [basecommands.smx] "Console<0><Console><Console>" changed cvar (cvar "z_tank_throw_health") (value "10")
L 05/06/2021 - 03:08:45: [basecommands.smx] "Console<0><Console><Console>" changed cvar (cvar "sv_client_min_interp_ratio") (value "-1")
L 05/06/2021 - 03:08:45: [basecommands.smx] "Console<0><Console><Console>" changed cvar (cvar "sv_client_max_interp_ratio") (value "0")
L 05/06/2021 - 03:08:45: [basecommands.smx] "Console<0><Console><Console>" changed cvar (cvar "sv_minrate") (value "100000")
L 05/06/2021 - 03:08:45: [basecommands.smx] "Console<0><Console><Console>" changed cvar (cvar "sv_maxrate") (value "100000")
L 05/06/2021 - 03:08:45: [basecommands.smx] "Console<0><Console><Console>" changed cvar (cvar "sv_mincmdrate") (value "100")
L 05/06/2021 - 03:08:45: [basecommands.smx] "Console<0><Console><Console>" changed cvar (cvar "sv_maxcmdrate") (value "100")
L 05/06/2021 - 03:08:45: [basecommands.smx] "Console<0><Console><Console>" changed cvar (cvar "sv_minupdaterate") (value "100")
L 05/06/2021 - 03:08:45: [basecommands.smx] "Console<0><Console><Console>" changed cvar (cvar "sv_maxupdaterate") (value "100")
L 05/06/2021 - 03:08:45: [basecommands.smx] "Console<0><Console><Console>" changed cvar (cvar "nb_update_frequency") (value "0.014")
L 05/06/2021 - 03:08:45: [basecommands.smx] "Console<0><Console><Console>" changed cvar (cvar "net_splitpacket_maxrate") (value "50000")
L 05/06/2021 - 03:08:45: [basecommands.smx] "Console<0><Console><Console>" changed cvar (cvar "fps_max") (value "0")
L 05/06/2021 - 03:08:45: [basecommands.smx] "Console<0><Console><Console>" changed cvar (cvar "hostname") (value "Versus")
L 05/06/2021 - 03:10:07: [l4d2_skill_detect.smx] Charge carry start: 2 - 3 -- time: 79.50
L 05/06/2021 - 03:10:10: [l4d2_skill_detect.smx] Checking charge victim: 2 - 3 - flags: 1 (alive? 1)
L 05/06/2021 - 03:10:11: [l4d2_skill_detect.smx] Checking charge victim: 2 - 5 - flags: 0 (alive? 1)
L 05/06/2021 - 03:10:11: [l4d2_skill_detect.smx] Clear: 7 freed 3 from 2: time: 3.18 / 4.73 -- class: charger (with shove? 0)
L 05/06/2021 - 03:10:15: [l4d2_skill_detect.smx] Clear: 6 freed 3 from 1: time: 1.77 / -1.00 -- class: jockey (with shove? 1)
L 05/06/2021 - 03:10:43: [l4d2_skill_detect.smx] Clear: 6 freed 3 from 8: time: 12.16 / 14.47 -- class: smoker (with shove? 0)
L 05/06/2021 - 03:12:21: [l4d2_skill_detect.smx] Clear: 8 freed 9 from 6: time: 1.05 / 2.07 -- class: smoker (with shove? 0)
L 05/06/2021 - 03:12:55: [l4d2_skill_detect.smx] Clear: 2 freed 1 from 5: time: 2.64 / -1.00 -- class: hunter (with shove? 0)
L 05/06/2021 - 03:13:05: [l4d2_skill_detect.smx] Charge carry start: 3 - 8 -- time: 257.92
L 05/06/2021 - 03:13:08: [l4d2_skill_detect.smx] Clear: 9 freed 8 from 3: time: 0.95 / 3.16 -- class: charger (with shove? 0)
L 05/06/2021 - 03:13:09: [l4d2_skill_detect.smx] Checking charge victim: 3 - 8 - flags: 1 (alive? 1)
L 05/06/2021 - 03:13:11: [l4d2_skill_detect.smx] Clear: 2 freed 1 from 6: time: 0.83 / 3.76 -- class: smoker (with shove? 0)
L 05/06/2021 - 03:13:36: [l4d2_skill_detect.smx] Clear: 1 freed 9 from 6: time: -1.00 / 1.05 -- class: smoker (with shove? 0)
L 05/06/2021 - 03:14:07: [l4d2_skill_detect.smx] Clear: 2 freed 9 from 3: time: -1.00 / 0.86 -- class: smoker (with shove? 0)
L 05/06/2021 - 03:14:56: [l4d2_skill_detect.smx] Clear: 8 freed 1 from 7: time: 2.02 / -1.00 -- class: jockey (with shove? 0)
L 05/06/2021 - 03:15:14: [l4d2_skill_detect.smx] Witch Crown Check: Failed: bungled: 0 / crowntype: 0 (entity: 260)
L 05/06/2021 - 03:15:14: [l4d2_skill_detect.smx] Witch Crown Check: Further details: attacker: ◘©ratón☻ §, attacker dmg: 864, teamless dmg: 4
L 05/06/2021 - 03:18:57: [l4d2_skill_detect.smx] Clear: 9 freed 2 from 7: time: 0.96 / -1.00 -- class: hunter (with shove? 0)
L 05/06/2021 - 03:19:38: -------- Mapchange to c11m4_terminal --------
L 05/06/2021 - 03:19:41: [basecommands.smx] "Console<0><Console><Console>" changed cvar (cvar "sv_force_time_of_day") (value "0")
L 05/06/2021 - 03:19:41: [basecommands.smx] "Console<0><Console><Console>" changed cvar (cvar "z_witch_damage_per_kill_hit") (value "120")
L 05/06/2021 - 03:19:41: [basecommands.smx] "Console<0><Console><Console>" changed cvar (cvar "z_witch_anger_rate") (value "0.4")
L 05/06/2021 - 03:19:41: [basecommands.smx] "Console<0><Console><Console>" changed cvar (cvar "z_witch_flashlight_range") (value "2000")
L 05/06/2021 - 03:19:41: [basecommands.smx] "Console<0><Console><Console>" changed cvar (cvar "z_witch_burn_time") (value "100")
L 05/06/2021 - 03:19:41: [basecommands.smx] "Console<0><Console><Console>" changed cvar (cvar "z_tank_health") (value "4000")
L 05/06/2021 - 03:19:41: [basecommands.smx] "Console<0><Console><Console>" changed cvar (cvar "z_ghost_delay_min") (value "15")
L 05/06/2021 - 03:19:41: [basecommands.smx] "Console<0><Console><Console>" changed cvar (cvar "z_ghost_delay_max") (value "15")
L 05/06/2021 - 03:19:41: [basecommands.smx] "Console<0><Console><Console>" changed cvar (cvar "z_hunter_limit") (value "1")
L 05/06/2021 - 03:19:41: [basecommands.smx] "Console<0><Console><Console>" changed cvar (cvar "z_smoker_limit") (value "1")
L 05/06/2021 - 03:19:41: [basecommands.smx] "Console<0><Console><Console>" changed cvar (cvar "z_jockey_limit") (value "1")
L 05/06/2021 - 03:19:41: [basecommands.smx] "Console<0><Console><Console>" changed cvar (cvar "versus_tank_chance_intro") (value "1")
L 05/06/2021 - 03:19:41: [basecommands.smx] "Console<0><Console><Console>" changed cvar (cvar "versus_tank_chance_finale") (value "1")
L 05/06/2021 - 03:19:41: [basecommands.smx] "Console<0><Console><Console>" changed cvar (cvar "versus_tank_chance") (value "1")
L 05/06/2021 - 03:19:41: [basecommands.smx] "Console<0><Console><Console>" changed cvar (cvar "versus_witch_chance_intro") (value "0")
L 05/06/2021 - 03:19:41: [basecommands.smx] "Console<0><Console><Console>" changed cvar (cvar "versus_witch_chance_finale") (value "0")
L 05/06/2021 - 03:19:41: [basecommands.smx] "Console<0><Console><Console>" changed cvar (cvar "versus_witch_chance") (value "1")
L 05/06/2021 - 03:19:41: [basecommands.smx] "Console<0><Console><Console>" changed cvar (cvar "director_force_tank") (value "1")
L 05/06/2021 - 03:19:41: [basecommands.smx] "Console<0><Console><Console>" changed cvar (cvar "versus_boss_flow_min") (value "0.4")
L 05/06/2021 - 03:19:41: [basecommands.smx] "Console<0><Console><Console>" changed cvar (cvar "versus_boss_flow_max") (value "0.6")
L 05/06/2021 - 03:19:41: [basecommands.smx] "Console<0><Console><Console>" changed cvar (cvar "versus_boss_flow_min_intro") (value "0.1")
L 05/06/2021 - 03:19:41: [basecommands.smx] "Console<0><Console><Console>" changed cvar (cvar "versus_boss_flow_max_intro") (value "0.2")
L 05/06/2021 - 03:19:41: [basecommands.smx] "Console<0><Console><Console>" changed cvar (cvar "versus_boss_flow_min_finale") (value "0.1")
L 05/06/2021 - 03:19:41: [basecommands.smx] "Console<0><Console><Console>" changed cvar (cvar "versus_boss_flow_max_finale") (value "0.2")
L 05/06/2021 - 03:19:41: [basecommands.smx] "Console<0><Console><Console>" changed cvar (cvar "boomer_vomit_delay") (value "0.1")
L 05/06/2021 - 03:19:41: [basecommands.smx] "Console<0><Console><Console>" changed cvar (cvar "smoker_tongue_delay") (value "0.1")
L 05/06/2021 - 03:19:41: [basecommands.smx] "Console<0><Console><Console>" changed cvar (cvar "vs_survival_bonus") (value "35")
L 05/06/2021 - 03:19:41: [basecommands.smx] "Console<0><Console><Console>" changed cvar (cvar "z_tank_throw_health") (value "10")
L 05/06/2021 - 03:19:41: [basecommands.smx] "Console<0><Console><Console>" changed cvar (cvar "sv_client_min_interp_ratio") (value "-1")
L 05/06/2021 - 03:19:41: [basecommands.smx] "Console<0><Console><Console>" changed cvar (cvar "sv_client_max_interp_ratio") (value "0")
L 05/06/2021 - 03:19:41: [basecommands.smx] "Console<0><Console><Console>" changed cvar (cvar "sv_minrate") (value "100000")
L 05/06/2021 - 03:19:41: [basecommands.smx] "Console<0><Console><Console>" changed cvar (cvar "sv_maxrate") (value "100000")
L 05/06/2021 - 03:19:41: [basecommands.smx] "Console<0><Console><Console>" changed cvar (cvar "sv_mincmdrate") (value "100")
L 05/06/2021 - 03:19:41: [basecommands.smx] "Console<0><Console><Console>" changed cvar (cvar "sv_maxcmdrate") (value "100")
L 05/06/2021 - 03:19:41: [basecommands.smx] "Console<0><Console><Console>" changed cvar (cvar "sv_minupdaterate") (value "100")
L 05/06/2021 - 03:19:41: [basecommands.smx] "Console<0><Console><Console>" changed cvar (cvar "sv_maxupdaterate") (value "100")
L 05/06/2021 - 03:19:41: [basecommands.smx] "Console<0><Console><Console>" changed cvar (cvar "nb_update_frequency") (value "0.014")
L 05/06/2021 - 03:19:41: [basecommands.smx] "Console<0><Console><Console>" changed cvar (cvar "net_splitpacket_maxrate") (value "50000")
L 05/06/2021 - 03:19:41: [basecommands.smx] "Console<0><Console><Console>" changed cvar (cvar "fps_max") (value "0")
L 05/06/2021 - 03:19:41: [basecommands.smx] "Console<0><Console><Console>" changed cvar (cvar "hostname") (value "Versus")
L 05/06/2021 - 03:22:35: [l4d2_skill_detect.smx] Clear: 4 freed 2 from 7: time: -1.00 / 2.43 -- class: smoker (with shove? 1)
L 05/06/2021 - 03:22:57: [l4d2_skill_detect.smx] Clear: 9 freed 1 from 5: time: 2.25 / -1.00 -- class: jockey (with shove? 1)
L 05/06/2021 - 03:23:15: [l4d2_skill_detect.smx] Witch Crown Check: crown shot: 888, harrassed: 0 (full health: 1000 / drawthresh: 500 / oneshot 1)
L 05/06/2021 - 03:23:25: [l4d2_skill_detect.smx] Clear: 4 freed 1 from 3: time: 1.05 / -1.00 -- class: hunter (with shove? 1)
L 05/06/2021 - 03:24:06: [l4d2_skill_detect.smx] Clear: 1 freed 4 from 3: time: 6.07 / 8.00 -- class: smoker (with shove? 1)
L 05/06/2021 - 03:24:07: [l4d2_skill_detect.smx] Clear: 2 freed 9 from 7: time: 5.63 / -1.00 -- class: hunter (with shove? 0)
L 05/06/2021 - 03:25:57: [l4d2_skill_detect.smx] Clear: 5 freed 6 from 1: time: 1.38 / -1.00 -- class: hunter (with shove? 0)
L 05/06/2021 - 03:26:03: [l4d2_skill_detect.smx] Clear: 3 freed 7 from 9: time: 2.50 / -1.00 -- class: jockey (with shove? 0)
L 05/06/2021 - 03:26:40: [l4d2_skill_detect.smx] Clear: 3 freed 5 from 9: time: 2.27 / -1.00 -- class: hunter (with shove? 1)
L 05/06/2021 - 03:26:41: [l4d2_skill_detect.smx] Clear: 3 freed 6 from 1: time: -1.00 / 2.01 -- class: smoker (with shove? 1)
L 05/06/2021 - 03:26:49: [l4d2_skill_detect.smx] Clear: 6 freed 3 from 9: time: 2.23 / -1.00 -- class: hunter (with shove? 0)
L 05/06/2021 - 03:26:55: [l4d2_skill_detect.smx] Witch Crown Check: Failed: bungled: 1 / crowntype: 0 (entity: 320)
L 05/06/2021 - 03:26:55: [l4d2_skill_detect.smx] Witch Crown Check: Further details: attacker: T1noϟ, attacker dmg: 972, teamless dmg: 0
L 05/06/2021 - 03:28:22: [admin_hp.smx]  
L 05/06/2021 - 03:28:31: -------- Mapchange to c11m5_runway --------
L 05/06/2021 - 03:28:33: [basecommands.smx] "Console<0><Console><Console>" changed cvar (cvar "sv_force_time_of_day") (value "0")
L 05/06/2021 - 03:28:33: [basecommands.smx] "Console<0><Console><Console>" changed cvar (cvar "z_witch_damage_per_kill_hit") (value "120")
L 05/06/2021 - 03:28:33: [basecommands.smx] "Console<0><Console><Console>" changed cvar (cvar "z_witch_anger_rate") (value "0.4")
L 05/06/2021 - 03:28:33: [basecommands.smx] "Console<0><Console><Console>" changed cvar (cvar "z_witch_flashlight_range") (value "2000")
L 05/06/2021 - 03:28:33: [basecommands.smx] "Console<0><Console><Console>" changed cvar (cvar "z_witch_burn_time") (value "100")
L 05/06/2021 - 03:28:33: [basecommands.smx] "Console<0><Console><Console>" changed cvar (cvar "z_tank_health") (value "4000")
L 05/06/2021 - 03:28:33: [basecommands.smx] "Console<0><Console><Console>" changed cvar (cvar "z_ghost_delay_min") (value "15")
L 05/06/2021 - 03:28:33: [basecommands.smx] "Console<0><Console><Console>" changed cvar (cvar "z_ghost_delay_max") (value "15")
L 05/06/2021 - 03:28:33: [basecommands.smx] "Console<0><Console><Console>" changed cvar (cvar "z_hunter_limit") (value "1")
L 05/06/2021 - 03:28:33: [basecommands.smx] "Console<0><Console><Console>" changed cvar (cvar "z_smoker_limit") (value "1")
L 05/06/2021 - 03:28:33: [basecommands.smx] "Console<0><Console><Console>" changed cvar (cvar "z_jockey_limit") (value "1")
L 05/06/2021 - 03:28:33: [basecommands.smx] "Console<0><Console><Console>" changed cvar (cvar "versus_tank_chance_intro") (value "1")
L 05/06/2021 - 03:28:33: [basecommands.smx] "Console<0><Console><Console>" changed cvar (cvar "versus_tank_chance_finale") (value "1")
L 05/06/2021 - 03:28:33: [basecommands.smx] "Console<0><Console><Console>" changed cvar (cvar "versus_tank_chance") (value "1")
L 05/06/2021 - 03:28:33: [basecommands.smx] "Console<0><Console><Console>" changed cvar (cvar "versus_witch_chance_intro") (value "0")
L 05/06/2021 - 03:28:33: [basecommands.smx] "Console<0><Console><Console>" changed cvar (cvar "versus_witch_chance_finale") (value "0")
L 05/06/2021 - 03:28:33: [basecommands.smx] "Console<0><Console><Console>" changed cvar (cvar "versus_witch_chance") (value "1")
L 05/06/2021 - 03:28:33: [basecommands.smx] "Console<0><Console><Console>" changed cvar (cvar "director_force_tank") (value "1")
L 05/06/2021 - 03:28:33: [basecommands.smx] "Console<0><Console><Console>" changed cvar (cvar "versus_boss_flow_min") (value "0.4")
L 05/06/2021 - 03:28:33: [basecommands.smx] "Console<0><Console><Console>" changed cvar (cvar "versus_boss_flow_max") (value "0.6")
L 05/06/2021 - 03:28:33: [basecommands.smx] "Console<0><Console><Console>" changed cvar (cvar "versus_boss_flow_min_intro") (value "0.1")
L 05/06/2021 - 03:28:33: [basecommands.smx] "Console<0><Console><Console>" changed cvar (cvar "versus_boss_flow_max_intro") (value "0.2")
L 05/06/2021 - 03:28:33: [basecommands.smx] "Console<0><Console><Console>" changed cvar (cvar "versus_boss_flow_min_finale") (value "0.1")
L 05/06/2021 - 03:28:33: [basecommands.smx] "Console<0><Console><Console>" changed cvar (cvar "versus_boss_flow_max_finale") (value "0.2")
L 05/06/2021 - 03:28:33: [basecommands.smx] "Console<0><Console><Console>" changed cvar (cvar "boomer_vomit_delay") (value "0.1")
L 05/06/2021 - 03:28:33: [basecommands.smx] "Console<0><Console><Console>" changed cvar (cvar "smoker_tongue_delay") (value "0.1")
L 05/06/2021 - 03:28:33: [basecommands.smx] "Console<0><Console><Console>" changed cvar (cvar "vs_survival_bonus") (value "35")
L 05/06/2021 - 03:28:33: [basecommands.smx] "Console<0><Console><Console>" changed cvar (cvar "z_tank_throw_health") (value "10")
L 05/06/2021 - 03:28:33: [basecommands.smx] "Console<0><Console><Console>" changed cvar (cvar "sv_client_min_interp_ratio") (value "-1")
L 05/06/2021 - 03:28:33: [basecommands.smx] "Console<0><Console><Console>" changed cvar (cvar "sv_client_max_interp_ratio") (value "0")
L 05/06/2021 - 03:28:33: [basecommands.smx] "Console<0><Console><Console>" changed cvar (cvar "sv_minrate") (value "100000")
L 05/06/2021 - 03:28:33: [basecommands.smx] "Console<0><Console><Console>" changed cvar (cvar "sv_maxrate") (value "100000")
L 05/06/2021 - 03:28:33: [basecommands.smx] "Console<0><Console><Console>" changed cvar (cvar "sv_mincmdrate") (value "100")
L 05/06/2021 - 03:28:33: [basecommands.smx] "Console<0><Console><Console>" changed cvar (cvar "sv_maxcmdrate") (value "100")
L 05/06/2021 - 03:28:33: [basecommands.smx] "Console<0><Console><Console>" changed cvar (cvar "sv_minupdaterate") (value "100")
L 05/06/2021 - 03:28:33: [basecommands.smx] "Console<0><Console><Console>" changed cvar (cvar "sv_maxupdaterate") (value "100")
L 05/06/2021 - 03:28:33: [basecommands.smx] "Console<0><Console><Console>" changed cvar (cvar "nb_update_frequency") (value "0.014")
L 05/06/2021 - 03:28:33: [basecommands.smx] "Console<0><Console><Console>" changed cvar (cvar "net_splitpacket_maxrate") (value "50000")
L 05/06/2021 - 03:28:33: [basecommands.smx] "Console<0><Console><Console>" changed cvar (cvar "fps_max") (value "0")
L 05/06/2021 - 03:28:33: [basecommands.smx] "Console<0><Console><Console>" changed cvar (cvar "hostname") (value "Versus")
L 05/06/2021 - 03:29:53: [l4d2_skill_detect.smx] Clear: 8 freed 2 from 7: time: -1.00 / 1.23 -- class: smoker (with shove? 1)
L 05/06/2021 - 03:30:07: [l4d2_skill_detect.smx] Clear: 9 freed 8 from 6: time: 1.04 / -1.00 -- class: hunter (with shove? 0)
L 05/06/2021 - 03:30:25: [l4d2_skill_detect.smx] Clear: 1 freed 8 from 5: time: 0.91 / -1.00 -- class: jockey (with shove? 0)
L 05/06/2021 - 03:31:04: [l4d2_skill_detect.smx] Clear: 9 freed 1 from 3: time: -1.00 / 2.22 -- class: smoker (with shove? 0)
L 05/06/2021 - 03:31:09: [l4d2_skill_detect.smx] Clear: 1 freed 8 from 7: time: 3.82 / -1.00 -- class: jockey (with shove? 0)
L 05/06/2021 - 03:31:47: [l4d2_skill_detect.smx] Clear: 1 freed 2 from 3: time: 1.86 / 4.23 -- class: smoker (with shove? 1)
L 05/06/2021 - 03:31:57: [l4d2_skill_detect.smx] Charge carry start: 7 - 8 -- time: 201.67
L 05/06/2021 - 03:32:01: [l4d2_skill_detect.smx] Checking charge victim: 7 - 8 - flags: 1 (alive? 1)
L 05/06/2021 - 03:32:02: [l4d2_skill_detect.smx] Clear: 2 freed 8 from 7: time: 2.97 / 5.11 -- class: charger (with shove? 0)
L 05/06/2021 - 03:33:24: [l4d2_skill_detect.smx] Clear: 1 freed 8 from 5: time: 5.72 / -1.00 -- class: jockey (with shove? 0)
L 05/06/2021 - 03:34:01: [l4d2_skill_detect.smx] Clear: 1 freed 9 from 5: time: 3.23 / 6.63 -- class: smoker (with shove? 0)
L 05/06/2021 - 03:34:16: [l4d2_skill_detect.smx] Clear: 9 freed 8 from 7: time: 1.89 / -1.00 -- class: hunter (with shove? 0)
L 05/06/2021 - 03:37:54: [l4d2_skill_detect.smx] Clear: 3 freed 6 from 1: time: -1.00 / 3.13 -- class: smoker (with shove? 0)
L 05/06/2021 - 03:38:57: [l4d2_skill_detect.smx] Clear: 5 freed 6 from 2: time: 1.23 / 4.47 -- class: smoker (with shove? 0)
L 05/06/2021 - 03:38:59: [l4d2_skill_detect.smx] Clear: 3 freed 7 from 9: time: 4.09 / -1.00 -- class: hunter (with shove? 1)
L 05/06/2021 - 03:39:09: [l4d2_skill_detect.smx] Clear: 6 freed 3 from 1: time: 2.21 / -1.00 -- class: jockey (with shove? 1)
L 05/06/2021 - 03:39:46: [l4d2_skill_detect.smx] Charge carry start: 2 - 3 -- time: 670.64
L 05/06/2021 - 03:39:50: [l4d2_skill_detect.smx] Checking charge victim: 2 - 3 - flags: 1 (alive? 1)
L 05/06/2021 - 03:39:50: [l4d2_skill_detect.smx] Checking charge victim: 2 - 7 - flags: 0 (alive? 1)
L 05/06/2021 - 03:39:53: [l4d2_skill_detect.smx] Clear: 7 freed 3 from 2: time: 5.30 / 6.78 -- class: charger (with shove? 0)
L 05/06/2021 - 03:39:58: [l4d2_skill_detect.smx] Clear: 6 freed 3 from 4: time: 1.29 / -1.00 -- class: hunter (with shove? 0)
L 05/06/2021 - 03:40:21: [l4d2_skill_detect.smx] Clear: 7 freed 6 from 2: time: 1.15 / -1.00 -- class: hunter (with shove? 0)
L 05/06/2021 - 03:40:39: [l4d2_skill_detect.smx] Charge carry start: 1 - 7 -- time: 723.52
L 05/06/2021 - 03:40:43: [l4d2_skill_detect.smx] Checking charge victim: 1 - 6 - flags: 0 (alive? 1)
L 05/06/2021 - 03:40:43: [l4d2_skill_detect.smx] Checking charge victim: 1 - 7 - flags: 1 (alive? 1)
L 05/06/2021 - 03:40:43: [l4d2_skill_detect.smx] Checking charge victim: 1 - 5 - flags: 0 (alive? 1)
L 05/06/2021 - 03:40:45: [l4d2_skill_detect.smx] Clear: 3 freed 7 from 1: time: 3.35 / 5.47 -- class: charger (with shove? 0)
L 05/06/2021 - 03:40:47: [l4d2_skill_detect.smx] Clear: 6 freed 7 from 8: time: 1.22 / -1.00 -- class: jockey (with shove? 1)
L 05/06/2021 - 03:40:59: [l4d2_skill_detect.smx] Clear: 5 freed 3 from 9: time: -1.00 / 3.05 -- class: smoker (with shove? 0)
L 05/06/2021 - 03:41:28: [l4d2_skill_detect.smx] Clear: 5 freed 6 from 2: time: 0.96 / -1.00 -- class: jockey (with shove? 0)
L 05/06/2021 - 03:41:31: [l4d2_skill_detect.smx] Charge carry start: 9 - 6 -- time: 775.65
L 05/06/2021 - 03:41:36: [l4d2_skill_detect.smx] Checking charge victim: 9 - 6 - flags: 1 (alive? 1)
L 05/06/2021 - 03:41:38: [l4d2_skill_detect.smx] Clear: 7 freed 6 from 9: time: 4.11 / 6.64 -- class: charger (with shove? 0)
L 05/06/2021 - 03:41:56: [l4d2_skill_detect.smx] Clear: 5 freed 7 from 2: time: 1.61 / 3.86 -- class: smoker (with shove? 0)
L 05/06/2021 - 03:41:57: [l4d2_skill_detect.smx] Clear: 6 freed 3 from 1: time: 2.52 / -1.00 -- class: hunter (with shove? 0)
L 05/06/2021 - 03:42:22: [l4d2_skill_detect.smx] Clear: 3 freed 6 from 9: time: 3.53 / -1.00 -- class: jockey (with shove? 0)
L 05/06/2021 - 03:43:42: -------- Mapchange to c2m1_highway --------
L 05/06/2021 - 03:43:44: [basecommands.smx] "Console<0><Console><Console>" changed cvar (cvar "sv_force_time_of_day") (value "0")
L 05/06/2021 - 03:43:44: [basecommands.smx] "Console<0><Console><Console>" changed cvar (cvar "z_witch_damage_per_kill_hit") (value "120")
L 05/06/2021 - 03:43:44: [basecommands.smx] "Console<0><Console><Console>" changed cvar (cvar "z_witch_anger_rate") (value "0.4")
L 05/06/2021 - 03:43:44: [basecommands.smx] "Console<0><Console><Console>" changed cvar (cvar "z_witch_flashlight_range") (value "2000")
L 05/06/2021 - 03:43:44: [basecommands.smx] "Console<0><Console><Console>" changed cvar (cvar "z_witch_burn_time") (value "100")
L 05/06/2021 - 03:43:44: [basecommands.smx] "Console<0><Console><Console>" changed cvar (cvar "z_tank_health") (value "4000")
L 05/06/2021 - 03:43:44: [basecommands.smx] "Console<0><Console><Console>" changed cvar (cvar "z_ghost_delay_min") (value "15")
L 05/06/2021 - 03:43:44: [basecommands.smx] "Console<0><Console><Console>" changed cvar (cvar "z_ghost_delay_max") (value "15")
L 05/06/2021 - 03:43:44: [basecommands.smx] "Console<0><Console><Console>" changed cvar (cvar "z_hunter_limit") (value "1")
L 05/06/2021 - 03:43:44: [basecommands.smx] "Console<0><Console><Console>" changed cvar (cvar "z_smoker_limit") (value "1")
L 05/06/2021 - 03:43:44: [basecommands.smx] "Console<0><Console><Console>" changed cvar (cvar "z_jockey_limit") (value "1")
L 05/06/2021 - 03:43:44: [basecommands.smx] "Console<0><Console><Console>" changed cvar (cvar "versus_tank_chance_intro") (value "1")
L 05/06/2021 - 03:43:44: [basecommands.smx] "Console<0><Console><Console>" changed cvar (cvar "versus_tank_chance_finale") (value "1")
L 05/06/2021 - 03:43:44: [basecommands.smx] "Console<0><Console><Console>" changed cvar (cvar "versus_tank_chance") (value "1")
L 05/06/2021 - 03:43:44: [basecommands.smx] "Console<0><Console><Console>" changed cvar (cvar "versus_witch_chance_intro") (value "0")
L 05/06/2021 - 03:43:44: [basecommands.smx] "Console<0><Console><Console>" changed cvar (cvar "versus_witch_chance_finale") (value "0")
L 05/06/2021 - 03:43:44: [basecommands.smx] "Console<0><Console><Console>" changed cvar (cvar "versus_witch_chance") (value "1")
L 05/06/2021 - 03:43:44: [basecommands.smx] "Console<0><Console><Console>" changed cvar (cvar "director_force_tank") (value "1")
L 05/06/2021 - 03:43:44: [basecommands.smx] "Console<0><Console><Console>" changed cvar (cvar "versus_boss_flow_min") (value "0.4")
L 05/06/2021 - 03:43:44: [basecommands.smx] "Console<0><Console><Console>" changed cvar (cvar "versus_boss_flow_max") (value "0.6")
L 05/06/2021 - 03:43:44: [basecommands.smx] "Console<0><Console><Console>" changed cvar (cvar "versus_boss_flow_min_intro") (value "0.1")
L 05/06/2021 - 03:43:44: [basecommands.smx] "Console<0><Console><Console>" changed cvar (cvar "versus_boss_flow_max_intro") (value "0.2")
L 05/06/2021 - 03:43:44: [basecommands.smx] "Console<0><Console><Console>" changed cvar (cvar "versus_boss_flow_min_finale") (value "0.1")
L 05/06/2021 - 03:43:44: [basecommands.smx] "Console<0><Console><Console>" changed cvar (cvar "versus_boss_flow_max_finale") (value "0.2")
L 05/06/2021 - 03:43:44: [basecommands.smx] "Console<0><Console><Console>" changed cvar (cvar "boomer_vomit_delay") (value "0.1")
L 05/06/2021 - 03:43:44: [basecommands.smx] "Console<0><Console><Console>" changed cvar (cvar "smoker_tongue_delay") (value "0.1")
L 05/06/2021 - 03:43:44: [basecommands.smx] "Console<0><Console><Console>" changed cvar (cvar "vs_survival_bonus") (value "35")
L 05/06/2021 - 03:43:44: [basecommands.smx] "Console<0><Console><Console>" changed cvar (cvar "z_tank_throw_health") (value "10")
L 05/06/2021 - 03:43:44: [basecommands.smx] "Console<0><Console><Console>" changed cvar (cvar "sv_client_min_interp_ratio") (value "-1")
L 05/06/2021 - 03:43:44: [basecommands.smx] "Console<0><Console><Console>" changed cvar (cvar "sv_client_max_interp_ratio") (value "0")
L 05/06/2021 - 03:43:44: [basecommands.smx] "Console<0><Console><Console>" changed cvar (cvar "sv_minrate") (value "100000")
L 05/06/2021 - 03:43:44: [basecommands.smx] "Console<0><Console><Console>" changed cvar (cvar "sv_maxrate") (value "100000")
L 05/06/2021 - 03:43:44: [basecommands.smx] "Console<0><Console><Console>" changed cvar (cvar "sv_mincmdrate") (value "100")
L 05/06/2021 - 03:43:44: [basecommands.smx] "Console<0><Console><Console>" changed cvar (cvar "sv_maxcmdrate") (value "100")
L 05/06/2021 - 03:43:44: [basecommands.smx] "Console<0><Console><Console>" changed cvar (cvar "sv_minupdaterate") (value "100")
L 05/06/2021 - 03:43:44: [basecommands.smx] "Console<0><Console><Console>" changed cvar (cvar "sv_maxupdaterate") (value "100")
L 05/06/2021 - 03:43:44: [basecommands.smx] "Console<0><Console><Console>" changed cvar (cvar "nb_update_frequency") (value "0.014")
L 05/06/2021 - 03:43:44: [basecommands.smx] "Console<0><Console><Console>" changed cvar (cvar "net_splitpacket_maxrate") (value "50000")
L 05/06/2021 - 03:43:44: [basecommands.smx] "Console<0><Console><Console>" changed cvar (cvar "fps_max") (value "0")
L 05/06/2021 - 03:43:44: [basecommands.smx] "Console<0><Console><Console>" changed cvar (cvar "hostname") (value "Versus")
L 05/06/2021 - 03:46:32: [l4d2_skill_detect.smx] Clear: 2 freed 9 from 3: time: 0.98 / -1.00 -- class: jockey (with shove? 0)
L 05/06/2021 - 03:47:11: [l4d2_skill_detect.smx] Clear: 8 freed 2 from 5: time: 4.84 / 10.41 -- class: smoker (with shove? 1)
L 05/06/2021 - 03:47:35: [l4d2_skill_detect.smx] Clear: 8 freed 2 from 5: time: 3.02 / 6.13 -- class: smoker (with shove? 1)
L 05/06/2021 - 03:48:07: [l4d2_skill_detect.smx] Clear: 8 freed 2 from 3: time: 2.58 / -1.00 -- class: hunter (with shove? 0)
L 05/06/2021 - 03:48:32: [l4d2_skill_detect.smx] Charge carry start: 3 - 2 -- time: 305.07
L 05/06/2021 - 03:48:32: [l4d2_skill_detect.smx] Clear: 2 freed 2 from 3: time: 0.00 / 0.07 -- class: charger (with shove? 0)
L 05/06/2021 - 03:48:35: [l4d2_skill_detect.smx] Checking charge victim: 3 - 2 - flags: 1 (alive? 1)
L 05/06/2021 - 03:48:47: [l4d2_skill_detect.smx] Clear: 1 freed 9 from 5: time: 1.48 / -1.00 -- class: jockey (with shove? 0)
L 05/06/2021 - 03:49:15: [l4d2_skill_detect.smx] Clear: 9 freed 1 from 7: time: 1.89 / -1.00 -- class: hunter (with shove? 0)
L 05/06/2021 - 03:49:57: [l4d2_skill_detect.smx] Clear: 2 freed 2 from 3: time: -1.00 / 0.08 -- class: smoker (with shove? 0)
L 05/06/2021 - 03:51:08: [l4d2_skill_detect.smx] Clear: 8 freed 1 from 7: time: -1.00 / 2.07 -- class: smoker (with shove? 0)
L 05/06/2021 - 03:51:47: [l4d2_skill_detect.smx] Clear: 2 freed 4 from 3: time: 4.26 / -1.00 -- class: hunter (with shove? 0)
L 05/06/2021 - 03:52:09: [l4d2_skill_detect.smx] Charge carry start: 5 - 4 -- time: 521.61
L 05/06/2021 - 03:52:13: [l4d2_skill_detect.smx] Checking charge victim: 5 - 4 - flags: 1 (alive? 1)
L 05/06/2021 - 03:52:13: [l4d2_skill_detect.smx] Clear: 2 freed 4 from 5: time: 2.63 / 3.98 -- class: charger (with shove? 0)
L 05/06/2021 - 03:52:17: [l4d2_skill_detect.smx] Clear: 9 freed 2 from 3: time: 2.07 / -1.00 -- class: jockey (with shove? 1)
L 05/06/2021 - 03:52:49: [l4d2_skill_detect.smx] Clear: 2 freed 4 from 7: time: 1.72 / -1.00 -- class: hunter (with shove? 0)
L 05/06/2021 - 03:52:52: [l4d2_skill_detect.smx] Clear: 2 freed 4 from 5: time: 0.01 / 1.64 -- class: smoker (with shove? 1)
L 05/06/2021 - 03:53:34: [l4d2_skill_detect.smx] Clear: 9 freed 2 from 6: time: 1.39 / -1.00 -- class: hunter (with shove? 0)
L 05/06/2021 - 03:54:48: [l4d2_skill_detect.smx] Clear: 3 freed 7 from 1: time: 1.48 / -1.00 -- class: hunter (with shove? 0)
L 05/06/2021 - 03:55:03: [l4d2_skill_detect.smx] Charge carry start: 9 - 8 -- time: 696.07
L 05/06/2021 - 03:55:08: [l4d2_skill_detect.smx] Checking charge victim: 9 - 8 - flags: 1 (alive? 1)
L 05/06/2021 - 03:55:51: [l4d2_skill_detect.smx] Charge carry start: 9 - 7 -- time: 744.19
L 05/06/2021 - 03:55:55: [l4d2_skill_detect.smx] Checking charge victim: 9 - 7 - flags: 1 (alive? 1)
L 05/06/2021 - 03:56:24: -------- Mapchange to c2m2_fairgrounds --------
L 05/06/2021 - 03:56:26: [basecommands.smx] "Console<0><Console><Console>" changed cvar (cvar "sv_force_time_of_day") (value "0")
L 05/06/2021 - 03:56:26: [basecommands.smx] "Console<0><Console><Console>" changed cvar (cvar "z_witch_damage_per_kill_hit") (value "120")
L 05/06/2021 - 03:56:26: [basecommands.smx] "Console<0><Console><Console>" changed cvar (cvar "z_witch_anger_rate") (value "0.4")
L 05/06/2021 - 03:56:26: [basecommands.smx] "Console<0><Console><Console>" changed cvar (cvar "z_witch_flashlight_range") (value "2000")
L 05/06/2021 - 03:56:26: [basecommands.smx] "Console<0><Console><Console>" changed cvar (cvar "z_witch_burn_time") (value "100")
L 05/06/2021 - 03:56:26: [basecommands.smx] "Console<0><Console><Console>" changed cvar (cvar "z_tank_health") (value "4000")
L 05/06/2021 - 03:56:26: [basecommands.smx] "Console<0><Console><Console>" changed cvar (cvar "z_ghost_delay_min") (value "15")
L 05/06/2021 - 03:56:26: [basecommands.smx] "Console<0><Console><Console>" changed cvar (cvar "z_ghost_delay_max") (value "15")
L 05/06/2021 - 03:56:26: [basecommands.smx] "Console<0><Console><Console>" changed cvar (cvar "z_hunter_limit") (value "1")
L 05/06/2021 - 03:56:26: [basecommands.smx] "Console<0><Console><Console>" changed cvar (cvar "z_smoker_limit") (value "1")
L 05/06/2021 - 03:56:26: [basecommands.smx] "Console<0><Console><Console>" changed cvar (cvar "z_jockey_limit") (value "1")
L 05/06/2021 - 03:56:26: [basecommands.smx] "Console<0><Console><Console>" changed cvar (cvar "versus_tank_chance_intro") (value "1")
L 05/06/2021 - 03:56:26: [basecommands.smx] "Console<0><Console><Console>" changed cvar (cvar "versus_tank_chance_finale") (value "1")
L 05/06/2021 - 03:56:26: [basecommands.smx] "Console<0><Console><Console>" changed cvar (cvar "versus_tank_chance") (value "1")
L 05/06/2021 - 03:56:26: [basecommands.smx] "Console<0><Console><Console>" changed cvar (cvar "versus_witch_chance_intro") (value "0")
L 05/06/2021 - 03:56:26: [basecommands.smx] "Console<0><Console><Console>" changed cvar (cvar "versus_witch_chance_finale") (value "0")
L 05/06/2021 - 03:56:26: [basecommands.smx] "Console<0><Console><Console>" changed cvar (cvar "versus_witch_chance") (value "1")
L 05/06/2021 - 03:56:26: [basecommands.smx] "Console<0><Console><Console>" changed cvar (cvar "director_force_tank") (value "1")
L 05/06/2021 - 03:56:26: [basecommands.smx] "Console<0><Console><Console>" changed cvar (cvar "versus_boss_flow_min") (value "0.4")
L 05/06/2021 - 03:56:26: [basecommands.smx] "Console<0><Console><Console>" changed cvar (cvar "versus_boss_flow_max") (value "0.6")
L 05/06/2021 - 03:56:26: [basecommands.smx] "Console<0><Console><Console>" changed cvar (cvar "versus_boss_flow_min_intro") (value "0.1")
L 05/06/2021 - 03:56:26: [basecommands.smx] "Console<0><Console><Console>" changed cvar (cvar "versus_boss_flow_max_intro") (value "0.2")
L 05/06/2021 - 03:56:26: [basecommands.smx] "Console<0><Console><Console>" changed cvar (cvar "versus_boss_flow_min_finale") (value "0.1")
L 05/06/2021 - 03:56:26: [basecommands.smx] "Console<0><Console><Console>" changed cvar (cvar "versus_boss_flow_max_finale") (value "0.2")
L 05/06/2021 - 03:56:26: [basecommands.smx] "Console<0><Console><Console>" changed cvar (cvar "boomer_vomit_delay") (value "0.1")
L 05/06/2021 - 03:56:26: [basecommands.smx] "Console<0><Console><Console>" changed cvar (cvar "smoker_tongue_delay") (value "0.1")
L 05/06/2021 - 03:56:26: [basecommands.smx] "Console<0><Console><Console>" changed cvar (cvar "vs_survival_bonus") (value "35")
L 05/06/2021 - 03:56:26: [basecommands.smx] "Console<0><Console><Console>" changed cvar (cvar "z_tank_throw_health") (value "10")
L 05/06/2021 - 03:56:26: [basecommands.smx] "Console<0><Console><Console>" changed cvar (cvar "sv_client_min_interp_ratio") (value "-1")
L 05/06/2021 - 03:56:26: [basecommands.smx] "Console<0><Console><Console>" changed cvar (cvar "sv_client_max_interp_ratio") (value "0")
L 05/06/2021 - 03:56:26: [basecommands.smx] "Console<0><Console><Console>" changed cvar (cvar "sv_minrate") (value "100000")
L 05/06/2021 - 03:56:26: [basecommands.smx] "Console<0><Console><Console>" changed cvar (cvar "sv_maxrate") (value "100000")
L 05/06/2021 - 03:56:26: [basecommands.smx] "Console<0><Console><Console>" changed cvar (cvar "sv_mincmdrate") (value "100")
L 05/06/2021 - 03:56:26: [basecommands.smx] "Console<0><Console><Console>" changed cvar (cvar "sv_maxcmdrate") (value "100")
L 05/06/2021 - 03:56:26: [basecommands.smx] "Console<0><Console><Console>" changed cvar (cvar "sv_minupdaterate") (value "100")
L 05/06/2021 - 03:56:26: [basecommands.smx] "Console<0><Console><Console>" changed cvar (cvar "sv_maxupdaterate") (value "100")
L 05/06/2021 - 03:56:26: [basecommands.smx] "Console<0><Console><Console>" changed cvar (cvar "nb_update_frequency") (value "0.014")
L 05/06/2021 - 03:56:26: [basecommands.smx] "Console<0><Console><Console>" changed cvar (cvar "net_splitpacket_maxrate") (value "50000")
L 05/06/2021 - 03:56:26: [basecommands.smx] "Console<0><Console><Console>" changed cvar (cvar "fps_max") (value "0")
L 05/06/2021 - 03:56:26: [basecommands.smx] "Console<0><Console><Console>" changed cvar (cvar "hostname") (value "Versus")
L 05/06/2021 - 03:57:51: [l4d2_skill_detect.smx] Clear: 1 freed 3 from 4: time: 3.54 / -1.00 -- class: jockey (with shove? 0)
L 05/06/2021 - 03:57:55: [l4d2_skill_detect.smx] Clear: 1 freed 3 from 7: time: 1.09 / -1.00 -- class: hunter (with shove? 0)
L 05/06/2021 - 03:58:53: [l4d2_skill_detect.smx] Clear: 9 freed 1 from 7: time: 7.18 / -1.00 -- class: jockey (with shove? 1)
L 05/06/2021 - 03:58:56: [l4d2_skill_detect.smx] Clear: 3 freed 1 from 4: time: 0.11 / 1.63 -- class: smoker (with shove? 1)
L 05/06/2021 - 03:59:24: [l4d2_skill_detect.smx] Witch Crown Check: Failed: bungled: 1 / crowntype: 0 (entity: 357)
L 05/06/2021 - 03:59:24: [l4d2_skill_detect.smx] Witch Crown Check: Further details: attacker: T3rM1l, attacker dmg: 448, teamless dmg: 0
L 05/06/2021 - 04:00:37: [l4d2_skill_detect.smx] Charge carry start: 4 - 2 -- time: 248.50
L 05/06/2021 - 04:00:40: [l4d2_skill_detect.smx] Clear: 1 freed 2 from 4: time: 1.83 / 3.05 -- class: charger (with shove? 0)
L 05/06/2021 - 04:00:40: [l4d2_skill_detect.smx] Checking charge victim: 4 - 2 - flags: 1 (alive? 1)
L 05/06/2021 - 04:00:52: [l4d2_skill_detect.smx] Clear: 2 freed 9 from 6: time: 6.89 / 10.65 -- class: smoker (with shove? 0)
L 05/06/2021 - 04:01:46: [l4d2_skill_detect.smx] Clear: 9 freed 1 from 8: time: 2.30 / -1.00 -- class: hunter (with shove? 0)
L 05/06/2021 - 04:01:50: [l4d2_skill_detect.smx] Clear: 1 freed 2 from 6: time: 1.59 / 5.21 -- class: smoker (with shove? 1)
L 05/06/2021 - 04:02:34: [l4d2_skill_detect.smx] Clear: 2 freed 9 from 6: time: 4.61 / 9.40 -- class: smoker (with shove? 1)
L 05/06/2021 - 04:02:57: Log file closed.
