L 10/22/2020 - 00:44:29: SourceMod log file session started (file "D:\Steam\steamapps\common\Left 4 Dead 2\left4dead2\addons\sourcemod\logs\L20201022.log") (Version "1.10.0.6492")
L 10/22/2020 - 00:44:29: [simplewelcomemsg.smx] Set the maximum number of lines of.
L 10/22/2020 - 00:44:35: [basecommands.smx] "Console<0><Console><Console>" changed cvar (cvar "sv_force_time_of_day") (value "0")
L 10/22/2020 - 00:44:35: [basecommands.smx] "Console<0><Console><Console>" changed cvar (cvar "z_witch_damage_per_kill_hit") (value "120")
L 10/22/2020 - 00:44:35: [basecommands.smx] "Console<0><Console><Console>" changed cvar (cvar "z_witch_anger_rate") (value "0.5")
L 10/22/2020 - 00:44:35: [basecommands.smx] "Console<0><Console><Console>" changed cvar (cvar "z_witch_flashlight_range") (value "2000")
L 10/22/2020 - 00:44:35: [basecommands.smx] "Console<0><Console><Console>" changed cvar (cvar "z_witch_burn_time") (value "100")
L 10/22/2020 - 00:44:35: [basecommands.smx] "Console<0><Console><Console>" changed cvar (cvar "z_tank_health") (value "4333")
L 10/22/2020 - 00:44:35: [basecommands.smx] "Console<0><Console><Console>" changed cvar (cvar "tank_burn_duration") (value "999999")
L 10/22/2020 - 00:44:35: [basecommands.smx] "Console<0><Console><Console>" changed cvar (cvar "z_ghost_delay_min") (value "18")
L 10/22/2020 - 00:44:35: [basecommands.smx] "Console<0><Console><Console>" changed cvar (cvar "z_ghost_delay_max") (value "18")
L 10/22/2020 - 00:44:35: [basecommands.smx] "Console<0><Console><Console>" changed cvar (cvar "versus_tank_chance_intro") (value "1")
L 10/22/2020 - 00:44:35: [basecommands.smx] "Console<0><Console><Console>" changed cvar (cvar "versus_tank_chance_finale") (value "1")
L 10/22/2020 - 00:44:35: [basecommands.smx] "Console<0><Console><Console>" changed cvar (cvar "versus_tank_chance") (value "1")
L 10/22/2020 - 00:44:35: [basecommands.smx] "Console<0><Console><Console>" changed cvar (cvar "versus_witch_chance_intro") (value "0")
L 10/22/2020 - 00:44:35: [basecommands.smx] "Console<0><Console><Console>" changed cvar (cvar "versus_witch_chance_finale") (value "0")
L 10/22/2020 - 00:44:35: [basecommands.smx] "Console<0><Console><Console>" changed cvar (cvar "versus_witch_chance") (value "1")
L 10/22/2020 - 00:44:35: [basecommands.smx] "Console<0><Console><Console>" changed cvar (cvar "boomer_vomit_delay") (value "0.1")
L 10/22/2020 - 00:44:35: [basecommands.smx] "Console<0><Console><Console>" changed cvar (cvar "smoker_tongue_delay") (value "0.1")
L 10/22/2020 - 00:44:35: [basecommands.smx] "Console<0><Console><Console>" changed cvar (cvar "hostname") (value "Versus")
L 10/22/2020 - 00:44:48: [l4d_profile_checker_v12.smx] [l4d_profile_checker] #DEBUG: sFriendID 76561198285791180
L 10/22/2020 - 00:44:48: [l4d_profile_checker_v12.smx] [l4d_profile_checker] #DEBUG: begin search in whitelist 76561198285791180
L 10/22/2020 - 00:44:48: [l4d_profile_checker_v12.smx] [l4d_profile_checker] #DEBUG: link profiles/76561198285791180/?xml=1
L 10/22/2020 - 00:50:51: Log file closed.
L 10/22/2020 - 00:53:54: SourceMod log file session started (file "D:\Steam\steamapps\common\Left 4 Dead 2\left4dead2\addons\sourcemod\logs\L20201022.log") (Version "1.10.0.6492")
L 10/22/2020 - 00:53:54: [simplewelcomemsg.smx] Set the maximum number of lines of.
L 10/22/2020 - 00:54:02: [basecommands.smx] "Console<0><Console><Console>" changed cvar (cvar "sv_force_time_of_day") (value "0")
L 10/22/2020 - 00:54:02: [basecommands.smx] "Console<0><Console><Console>" changed cvar (cvar "z_witch_damage_per_kill_hit") (value "120")
L 10/22/2020 - 00:54:02: [basecommands.smx] "Console<0><Console><Console>" changed cvar (cvar "z_witch_anger_rate") (value "0.5")
L 10/22/2020 - 00:54:02: [basecommands.smx] "Console<0><Console><Console>" changed cvar (cvar "z_witch_flashlight_range") (value "2000")
L 10/22/2020 - 00:54:02: [basecommands.smx] "Console<0><Console><Console>" changed cvar (cvar "z_witch_burn_time") (value "100")
L 10/22/2020 - 00:54:02: [basecommands.smx] "Console<0><Console><Console>" changed cvar (cvar "z_tank_health") (value "4333")
L 10/22/2020 - 00:54:02: [basecommands.smx] "Console<0><Console><Console>" changed cvar (cvar "tank_burn_duration") (value "999999")
L 10/22/2020 - 00:54:02: [basecommands.smx] "Console<0><Console><Console>" changed cvar (cvar "z_ghost_delay_min") (value "18")
L 10/22/2020 - 00:54:02: [basecommands.smx] "Console<0><Console><Console>" changed cvar (cvar "z_ghost_delay_max") (value "18")
L 10/22/2020 - 00:54:02: [basecommands.smx] "Console<0><Console><Console>" changed cvar (cvar "versus_tank_chance_intro") (value "1")
L 10/22/2020 - 00:54:02: [basecommands.smx] "Console<0><Console><Console>" changed cvar (cvar "versus_tank_chance_finale") (value "1")
L 10/22/2020 - 00:54:02: [basecommands.smx] "Console<0><Console><Console>" changed cvar (cvar "versus_tank_chance") (value "1")
L 10/22/2020 - 00:54:02: [basecommands.smx] "Console<0><Console><Console>" changed cvar (cvar "versus_witch_chance_intro") (value "0")
L 10/22/2020 - 00:54:02: [basecommands.smx] "Console<0><Console><Console>" changed cvar (cvar "versus_witch_chance_finale") (value "0")
L 10/22/2020 - 00:54:02: [basecommands.smx] "Console<0><Console><Console>" changed cvar (cvar "versus_witch_chance") (value "1")
L 10/22/2020 - 00:54:02: [basecommands.smx] "Console<0><Console><Console>" changed cvar (cvar "boomer_vomit_delay") (value "0.1")
L 10/22/2020 - 00:54:02: [basecommands.smx] "Console<0><Console><Console>" changed cvar (cvar "smoker_tongue_delay") (value "0.1")
L 10/22/2020 - 00:54:02: [basecommands.smx] "Console<0><Console><Console>" changed cvar (cvar "vs_survival_bonus") (value "35")
L 10/22/2020 - 00:54:02: [basecommands.smx] "Console<0><Console><Console>" changed cvar (cvar "hostname") (value "Versus")
L 10/22/2020 - 00:54:16: [l4d_profile_checker_v12.smx] [l4d_profile_checker] #DEBUG: sFriendID 76561198285791180
L 10/22/2020 - 00:54:16: [l4d_profile_checker_v12.smx] [l4d_profile_checker] #DEBUG: begin search in whitelist 76561198285791180
L 10/22/2020 - 00:54:16: [l4d_profile_checker_v12.smx] [l4d_profile_checker] #DEBUG: link profiles/76561198285791180/?xml=1
L 10/22/2020 - 00:59:34: [admin_hp.smx]  
L 10/22/2020 - 00:59:37: [admin_hp.smx]  
L 10/22/2020 - 01:04:16: Log file closed.
L 10/22/2020 - 01:10:28: SourceMod log file session started (file "D:\Steam\steamapps\common\Left 4 Dead 2\left4dead2\addons\sourcemod\logs\L20201022.log") (Version "1.10.0.6492")
L 10/22/2020 - 01:10:28: [simplewelcomemsg.smx] Set the maximum number of lines of.
L 10/22/2020 - 01:10:34: [basecommands.smx] "Console<0><Console><Console>" changed cvar (cvar "sv_force_time_of_day") (value "0")
L 10/22/2020 - 01:10:34: [basecommands.smx] "Console<0><Console><Console>" changed cvar (cvar "z_witch_damage_per_kill_hit") (value "120")
L 10/22/2020 - 01:10:34: [basecommands.smx] "Console<0><Console><Console>" changed cvar (cvar "z_witch_anger_rate") (value "0.5")
L 10/22/2020 - 01:10:34: [basecommands.smx] "Console<0><Console><Console>" changed cvar (cvar "z_witch_flashlight_range") (value "2000")
L 10/22/2020 - 01:10:34: [basecommands.smx] "Console<0><Console><Console>" changed cvar (cvar "z_witch_burn_time") (value "100")
L 10/22/2020 - 01:10:34: [basecommands.smx] "Console<0><Console><Console>" changed cvar (cvar "z_tank_health") (value "4333")
L 10/22/2020 - 01:10:34: [basecommands.smx] "Console<0><Console><Console>" changed cvar (cvar "tank_burn_duration") (value "999999")
L 10/22/2020 - 01:10:34: [basecommands.smx] "Console<0><Console><Console>" changed cvar (cvar "z_ghost_delay_min") (value "18")
L 10/22/2020 - 01:10:34: [basecommands.smx] "Console<0><Console><Console>" changed cvar (cvar "z_ghost_delay_max") (value "18")
L 10/22/2020 - 01:10:34: [basecommands.smx] "Console<0><Console><Console>" changed cvar (cvar "versus_tank_chance_intro") (value "1")
L 10/22/2020 - 01:10:34: [basecommands.smx] "Console<0><Console><Console>" changed cvar (cvar "versus_tank_chance_finale") (value "1")
L 10/22/2020 - 01:10:34: [basecommands.smx] "Console<0><Console><Console>" changed cvar (cvar "versus_tank_chance") (value "1")
L 10/22/2020 - 01:10:34: [basecommands.smx] "Console<0><Console><Console>" changed cvar (cvar "versus_witch_chance_intro") (value "0")
L 10/22/2020 - 01:10:34: [basecommands.smx] "Console<0><Console><Console>" changed cvar (cvar "versus_witch_chance_finale") (value "0")
L 10/22/2020 - 01:10:34: [basecommands.smx] "Console<0><Console><Console>" changed cvar (cvar "versus_witch_chance") (value "1")
L 10/22/2020 - 01:10:34: [basecommands.smx] "Console<0><Console><Console>" changed cvar (cvar "boomer_vomit_delay") (value "0.1")
L 10/22/2020 - 01:10:34: [basecommands.smx] "Console<0><Console><Console>" changed cvar (cvar "smoker_tongue_delay") (value "0.1")
L 10/22/2020 - 01:10:34: [basecommands.smx] "Console<0><Console><Console>" changed cvar (cvar "vs_survival_bonus") (value "35")
L 10/22/2020 - 01:10:34: [basecommands.smx] "Console<0><Console><Console>" changed cvar (cvar "hostname") (value "Versus")
L 10/22/2020 - 01:10:47: [l4d_profile_checker_v12.smx] [l4d_profile_checker] #DEBUG: sFriendID 76561198285791180
L 10/22/2020 - 01:10:47: [l4d_profile_checker_v12.smx] [l4d_profile_checker] #DEBUG: begin search in whitelist 76561198285791180
L 10/22/2020 - 01:10:47: [l4d_profile_checker_v12.smx] [l4d_profile_checker] #DEBUG: link profiles/76561198285791180/?xml=1
L 10/22/2020 - 01:14:55: [admin_hp.smx]  
L 10/22/2020 - 01:14:55: [admin_hp.smx]  
L 10/22/2020 - 01:14:55: [admin_hp.smx]  
L 10/22/2020 - 01:14:55: [admin_hp.smx]  
L 10/22/2020 - 01:14:55: [admin_hp.smx]  
L 10/22/2020 - 01:14:55: [admin_hp.smx]  
L 10/22/2020 - 01:14:56: [admin_hp.smx]  
L 10/22/2020 - 01:14:56: [admin_hp.smx]  
L 10/22/2020 - 01:14:56: [admin_hp.smx]  
L 10/22/2020 - 01:14:56: [admin_hp.smx]  
L 10/22/2020 - 01:14:56: [admin_hp.smx]  
L 10/22/2020 - 01:14:56: [admin_hp.smx]  
L 10/22/2020 - 01:14:57: [admin_hp.smx]  
L 10/22/2020 - 01:14:57: [admin_hp.smx]  
L 10/22/2020 - 01:14:57: [admin_hp.smx]  
L 10/22/2020 - 01:14:57: [admin_hp.smx]  
L 10/22/2020 - 01:14:57: [admin_hp.smx]  
L 10/22/2020 - 01:14:57: [admin_hp.smx]  
L 10/22/2020 - 01:14:58: [admin_hp.smx]  
L 10/22/2020 - 01:14:58: [admin_hp.smx]  
L 10/22/2020 - 01:14:58: [admin_hp.smx]  
L 10/22/2020 - 01:14:58: [admin_hp.smx]  
L 10/22/2020 - 01:14:58: [admin_hp.smx]  
L 10/22/2020 - 01:14:58: [admin_hp.smx]  
L 10/22/2020 - 01:14:59: [admin_hp.smx]  
L 10/22/2020 - 01:14:59: [admin_hp.smx]  
L 10/22/2020 - 01:14:59: [admin_hp.smx]  
L 10/22/2020 - 01:15:40: [admin_hp.smx]  
L 10/22/2020 - 01:16:38: [admin_hp.smx]  
L 10/22/2020 - 01:18:08: Log file closed.
L 10/22/2020 - 01:23:48: SourceMod log file session started (file "D:\Steam\steamapps\common\Left 4 Dead 2\left4dead2\addons\sourcemod\logs\L20201022.log") (Version "1.10.0.6492")
L 10/22/2020 - 01:23:48: [simplewelcomemsg.smx] Set the maximum number of lines of.
L 10/22/2020 - 01:23:53: [basecommands.smx] "Console<0><Console><Console>" changed cvar (cvar "sv_force_time_of_day") (value "0")
L 10/22/2020 - 01:23:53: [basecommands.smx] "Console<0><Console><Console>" changed cvar (cvar "z_witch_damage_per_kill_hit") (value "120")
L 10/22/2020 - 01:23:53: [basecommands.smx] "Console<0><Console><Console>" changed cvar (cvar "z_witch_anger_rate") (value "0.5")
L 10/22/2020 - 01:23:53: [basecommands.smx] "Console<0><Console><Console>" changed cvar (cvar "z_witch_flashlight_range") (value "2000")
L 10/22/2020 - 01:23:53: [basecommands.smx] "Console<0><Console><Console>" changed cvar (cvar "z_witch_burn_time") (value "100")
L 10/22/2020 - 01:23:53: [basecommands.smx] "Console<0><Console><Console>" changed cvar (cvar "z_tank_health") (value "4333")
L 10/22/2020 - 01:23:53: [basecommands.smx] "Console<0><Console><Console>" changed cvar (cvar "tank_burn_duration") (value "999999")
L 10/22/2020 - 01:23:53: [basecommands.smx] "Console<0><Console><Console>" changed cvar (cvar "z_ghost_delay_min") (value "18")
L 10/22/2020 - 01:23:53: [basecommands.smx] "Console<0><Console><Console>" changed cvar (cvar "z_ghost_delay_max") (value "18")
L 10/22/2020 - 01:23:53: [basecommands.smx] "Console<0><Console><Console>" changed cvar (cvar "versus_tank_chance_intro") (value "1")
L 10/22/2020 - 01:23:53: [basecommands.smx] "Console<0><Console><Console>" changed cvar (cvar "versus_tank_chance_finale") (value "1")
L 10/22/2020 - 01:23:53: [basecommands.smx] "Console<0><Console><Console>" changed cvar (cvar "versus_tank_chance") (value "1")
L 10/22/2020 - 01:23:53: [basecommands.smx] "Console<0><Console><Console>" changed cvar (cvar "versus_witch_chance_intro") (value "0")
L 10/22/2020 - 01:23:53: [basecommands.smx] "Console<0><Console><Console>" changed cvar (cvar "versus_witch_chance_finale") (value "0")
L 10/22/2020 - 01:23:53: [basecommands.smx] "Console<0><Console><Console>" changed cvar (cvar "versus_witch_chance") (value "1")
L 10/22/2020 - 01:23:53: [basecommands.smx] "Console<0><Console><Console>" changed cvar (cvar "boomer_vomit_delay") (value "0.1")
L 10/22/2020 - 01:23:53: [basecommands.smx] "Console<0><Console><Console>" changed cvar (cvar "smoker_tongue_delay") (value "0.1")
L 10/22/2020 - 01:23:53: [basecommands.smx] "Console<0><Console><Console>" changed cvar (cvar "vs_survival_bonus") (value "35")
L 10/22/2020 - 01:23:53: [basecommands.smx] "Console<0><Console><Console>" changed cvar (cvar "hostname") (value "Versus")
L 10/22/2020 - 01:24:06: [l4d_profile_checker_v12.smx] [l4d_profile_checker] #DEBUG: sFriendID 76561198285791180
L 10/22/2020 - 01:24:06: [l4d_profile_checker_v12.smx] [l4d_profile_checker] #DEBUG: begin search in whitelist 76561198285791180
L 10/22/2020 - 01:24:06: [l4d_profile_checker_v12.smx] [l4d_profile_checker] #DEBUG: link profiles/76561198285791180/?xml=1
L 10/22/2020 - 01:26:39: [admin_hp.smx]  
L 10/22/2020 - 01:29:10: [admin_hp.smx]  
L 10/22/2020 - 01:30:37: [admin_hp.smx]  
L 10/22/2020 - 01:32:07: [admin_hp.smx]  
L 10/22/2020 - 01:32:30: [admin_hp.smx]  
L 10/22/2020 - 01:33:43: Log file closed.
L 10/22/2020 - 01:39:57: SourceMod log file session started (file "D:\Steam\steamapps\common\Left 4 Dead 2\left4dead2\addons\sourcemod\logs\L20201022.log") (Version "1.10.0.6492")
L 10/22/2020 - 01:39:57: [simplewelcomemsg.smx] Set the maximum number of lines of.
L 10/22/2020 - 01:40:03: [basecommands.smx] "Console<0><Console><Console>" changed cvar (cvar "sv_force_time_of_day") (value "0")
L 10/22/2020 - 01:40:03: [basecommands.smx] "Console<0><Console><Console>" changed cvar (cvar "z_witch_damage_per_kill_hit") (value "120")
L 10/22/2020 - 01:40:03: [basecommands.smx] "Console<0><Console><Console>" changed cvar (cvar "z_witch_anger_rate") (value "0.5")
L 10/22/2020 - 01:40:03: [basecommands.smx] "Console<0><Console><Console>" changed cvar (cvar "z_witch_flashlight_range") (value "2000")
L 10/22/2020 - 01:40:03: [basecommands.smx] "Console<0><Console><Console>" changed cvar (cvar "z_witch_burn_time") (value "100")
L 10/22/2020 - 01:40:03: [basecommands.smx] "Console<0><Console><Console>" changed cvar (cvar "z_tank_health") (value "4333")
L 10/22/2020 - 01:40:03: [basecommands.smx] "Console<0><Console><Console>" changed cvar (cvar "tank_burn_duration") (value "999999")
L 10/22/2020 - 01:40:03: [basecommands.smx] "Console<0><Console><Console>" changed cvar (cvar "z_ghost_delay_min") (value "18")
L 10/22/2020 - 01:40:03: [basecommands.smx] "Console<0><Console><Console>" changed cvar (cvar "z_ghost_delay_max") (value "18")
L 10/22/2020 - 01:40:03: [basecommands.smx] "Console<0><Console><Console>" changed cvar (cvar "versus_tank_chance_intro") (value "1")
L 10/22/2020 - 01:40:03: [basecommands.smx] "Console<0><Console><Console>" changed cvar (cvar "versus_tank_chance_finale") (value "1")
L 10/22/2020 - 01:40:03: [basecommands.smx] "Console<0><Console><Console>" changed cvar (cvar "versus_tank_chance") (value "1")
L 10/22/2020 - 01:40:03: [basecommands.smx] "Console<0><Console><Console>" changed cvar (cvar "versus_witch_chance_intro") (value "0")
L 10/22/2020 - 01:40:03: [basecommands.smx] "Console<0><Console><Console>" changed cvar (cvar "versus_witch_chance_finale") (value "0")
L 10/22/2020 - 01:40:03: [basecommands.smx] "Console<0><Console><Console>" changed cvar (cvar "versus_witch_chance") (value "1")
L 10/22/2020 - 01:40:03: [basecommands.smx] "Console<0><Console><Console>" changed cvar (cvar "boomer_vomit_delay") (value "0.1")
L 10/22/2020 - 01:40:03: [basecommands.smx] "Console<0><Console><Console>" changed cvar (cvar "smoker_tongue_delay") (value "0.1")
L 10/22/2020 - 01:40:03: [basecommands.smx] "Console<0><Console><Console>" changed cvar (cvar "vs_survival_bonus") (value "35")
L 10/22/2020 - 01:40:03: [basecommands.smx] "Console<0><Console><Console>" changed cvar (cvar "hostname") (value "Versus")
L 10/22/2020 - 01:40:17: [l4d_profile_checker_v12.smx] [l4d_profile_checker] #DEBUG: sFriendID 76561198285791180
L 10/22/2020 - 01:40:17: [l4d_profile_checker_v12.smx] [l4d_profile_checker] #DEBUG: begin search in whitelist 76561198285791180
L 10/22/2020 - 01:40:17: [l4d_profile_checker_v12.smx] [l4d_profile_checker] #DEBUG: link profiles/76561198285791180/?xml=1
L 10/22/2020 - 01:43:58: [admin_hp.smx]  
L 10/22/2020 - 01:44:00: [admin_hp.smx]  
L 10/22/2020 - 01:44:00: [admin_hp.smx]  
L 10/22/2020 - 01:44:00: [admin_hp.smx]  
L 10/22/2020 - 01:44:00: [admin_hp.smx]  
L 10/22/2020 - 01:44:01: [admin_hp.smx]  
L 10/22/2020 - 01:44:01: [admin_hp.smx]  
L 10/22/2020 - 01:44:01: [admin_hp.smx]  
L 10/22/2020 - 01:44:01: [admin_hp.smx]  
L 10/22/2020 - 01:44:01: [admin_hp.smx]  
L 10/22/2020 - 01:44:01: [admin_hp.smx]  
L 10/22/2020 - 01:44:01: [admin_hp.smx]  
L 10/22/2020 - 01:44:02: [admin_hp.smx]  
L 10/22/2020 - 01:44:02: [admin_hp.smx]  
L 10/22/2020 - 01:44:02: [admin_hp.smx]  
L 10/22/2020 - 01:44:02: [admin_hp.smx]  
L 10/22/2020 - 01:44:02: [admin_hp.smx]  
L 10/22/2020 - 01:44:03: [admin_hp.smx]  
L 10/22/2020 - 01:44:03: [admin_hp.smx]  
L 10/22/2020 - 01:44:03: [admin_hp.smx]  
L 10/22/2020 - 01:44:03: [admin_hp.smx]  
L 10/22/2020 - 01:44:03: [admin_hp.smx]  
L 10/22/2020 - 01:44:03: [admin_hp.smx]  
L 10/22/2020 - 01:44:04: [admin_hp.smx]  
L 10/22/2020 - 01:44:04: [admin_hp.smx]  
L 10/22/2020 - 01:44:04: [admin_hp.smx]  
L 10/22/2020 - 01:44:04: [admin_hp.smx]  
L 10/22/2020 - 01:44:04: [admin_hp.smx]  
L 10/22/2020 - 01:44:05: [admin_hp.smx]  
L 10/22/2020 - 01:44:05: [admin_hp.smx]  
L 10/22/2020 - 01:44:05: [admin_hp.smx]  
L 10/22/2020 - 01:44:05: [admin_hp.smx]  
L 10/22/2020 - 01:44:05: [admin_hp.smx]  
L 10/22/2020 - 01:45:59: [admin_hp.smx]  
L 10/22/2020 - 01:46:54: [admin_hp.smx]  
L 10/22/2020 - 01:47:58: Log file closed.
L 10/22/2020 - 01:54:40: SourceMod log file session started (file "D:\Steam\steamapps\common\Left 4 Dead 2\left4dead2\addons\sourcemod\logs\L20201022.log") (Version "1.10.0.6492")
L 10/22/2020 - 01:54:40: [simplewelcomemsg.smx] Set the maximum number of lines of.
L 10/22/2020 - 01:54:46: [basecommands.smx] "Console<0><Console><Console>" changed cvar (cvar "sv_force_time_of_day") (value "0")
L 10/22/2020 - 01:54:46: [basecommands.smx] "Console<0><Console><Console>" changed cvar (cvar "z_witch_damage_per_kill_hit") (value "120")
L 10/22/2020 - 01:54:46: [basecommands.smx] "Console<0><Console><Console>" changed cvar (cvar "z_witch_anger_rate") (value "0.5")
L 10/22/2020 - 01:54:46: [basecommands.smx] "Console<0><Console><Console>" changed cvar (cvar "z_witch_flashlight_range") (value "2000")
L 10/22/2020 - 01:54:46: [basecommands.smx] "Console<0><Console><Console>" changed cvar (cvar "z_witch_burn_time") (value "100")
L 10/22/2020 - 01:54:46: [basecommands.smx] "Console<0><Console><Console>" changed cvar (cvar "z_tank_health") (value "4333")
L 10/22/2020 - 01:54:46: [basecommands.smx] "Console<0><Console><Console>" changed cvar (cvar "tank_burn_duration") (value "999999")
L 10/22/2020 - 01:54:46: [basecommands.smx] "Console<0><Console><Console>" changed cvar (cvar "z_ghost_delay_min") (value "18")
L 10/22/2020 - 01:54:46: [basecommands.smx] "Console<0><Console><Console>" changed cvar (cvar "z_ghost_delay_max") (value "18")
L 10/22/2020 - 01:54:46: [basecommands.smx] "Console<0><Console><Console>" changed cvar (cvar "versus_tank_chance_intro") (value "1")
L 10/22/2020 - 01:54:46: [basecommands.smx] "Console<0><Console><Console>" changed cvar (cvar "versus_tank_chance_finale") (value "1")
L 10/22/2020 - 01:54:46: [basecommands.smx] "Console<0><Console><Console>" changed cvar (cvar "versus_tank_chance") (value "1")
L 10/22/2020 - 01:54:46: [basecommands.smx] "Console<0><Console><Console>" changed cvar (cvar "versus_witch_chance_intro") (value "0")
L 10/22/2020 - 01:54:46: [basecommands.smx] "Console<0><Console><Console>" changed cvar (cvar "versus_witch_chance_finale") (value "0")
L 10/22/2020 - 01:54:46: [basecommands.smx] "Console<0><Console><Console>" changed cvar (cvar "versus_witch_chance") (value "1")
L 10/22/2020 - 01:54:46: [basecommands.smx] "Console<0><Console><Console>" changed cvar (cvar "boomer_vomit_delay") (value "0.1")
L 10/22/2020 - 01:54:46: [basecommands.smx] "Console<0><Console><Console>" changed cvar (cvar "smoker_tongue_delay") (value "0.1")
L 10/22/2020 - 01:54:46: [basecommands.smx] "Console<0><Console><Console>" changed cvar (cvar "vs_survival_bonus") (value "35")
L 10/22/2020 - 01:54:46: [basecommands.smx] "Console<0><Console><Console>" changed cvar (cvar "hostname") (value "Versus")
L 10/22/2020 - 01:54:59: [l4d_profile_checker_v12.smx] [l4d_profile_checker] #DEBUG: sFriendID 76561198285791180
L 10/22/2020 - 01:54:59: [l4d_profile_checker_v12.smx] [l4d_profile_checker] #DEBUG: begin search in whitelist 76561198285791180
L 10/22/2020 - 01:54:59: [l4d_profile_checker_v12.smx] [l4d_profile_checker] #DEBUG: link profiles/76561198285791180/?xml=1
L 10/22/2020 - 01:56:46: [admin_hp.smx]  
L 10/22/2020 - 01:59:54: [admin_hp.smx]  
L 10/22/2020 - 02:00:01: [admin_hp.smx]  
L 10/22/2020 - 02:01:17: Log file closed.
L 10/22/2020 - 02:12:33: SourceMod log file session started (file "D:\Steam\steamapps\common\Left 4 Dead 2\left4dead2\addons\sourcemod\logs\L20201022.log") (Version "1.10.0.6492")
L 10/22/2020 - 02:12:33: [simplewelcomemsg.smx] Set the maximum number of lines of.
L 10/22/2020 - 02:12:39: [basecommands.smx] "Console<0><Console><Console>" changed cvar (cvar "sv_force_time_of_day") (value "0")
L 10/22/2020 - 02:12:39: [basecommands.smx] "Console<0><Console><Console>" changed cvar (cvar "z_witch_damage_per_kill_hit") (value "120")
L 10/22/2020 - 02:12:39: [basecommands.smx] "Console<0><Console><Console>" changed cvar (cvar "z_witch_anger_rate") (value "0.5")
L 10/22/2020 - 02:12:39: [basecommands.smx] "Console<0><Console><Console>" changed cvar (cvar "z_witch_flashlight_range") (value "2000")
L 10/22/2020 - 02:12:39: [basecommands.smx] "Console<0><Console><Console>" changed cvar (cvar "z_witch_burn_time") (value "100")
L 10/22/2020 - 02:12:39: [basecommands.smx] "Console<0><Console><Console>" changed cvar (cvar "z_tank_health") (value "4333")
L 10/22/2020 - 02:12:39: [basecommands.smx] "Console<0><Console><Console>" changed cvar (cvar "tank_burn_duration") (value "999999")
L 10/22/2020 - 02:12:39: [basecommands.smx] "Console<0><Console><Console>" changed cvar (cvar "z_ghost_delay_min") (value "18")
L 10/22/2020 - 02:12:39: [basecommands.smx] "Console<0><Console><Console>" changed cvar (cvar "z_ghost_delay_max") (value "18")
L 10/22/2020 - 02:12:39: [basecommands.smx] "Console<0><Console><Console>" changed cvar (cvar "versus_tank_chance_intro") (value "1")
L 10/22/2020 - 02:12:39: [basecommands.smx] "Console<0><Console><Console>" changed cvar (cvar "versus_tank_chance_finale") (value "1")
L 10/22/2020 - 02:12:39: [basecommands.smx] "Console<0><Console><Console>" changed cvar (cvar "versus_tank_chance") (value "1")
L 10/22/2020 - 02:12:39: [basecommands.smx] "Console<0><Console><Console>" changed cvar (cvar "versus_witch_chance_intro") (value "0")
L 10/22/2020 - 02:12:39: [basecommands.smx] "Console<0><Console><Console>" changed cvar (cvar "versus_witch_chance_finale") (value "0")
L 10/22/2020 - 02:12:39: [basecommands.smx] "Console<0><Console><Console>" changed cvar (cvar "versus_witch_chance") (value "1")
L 10/22/2020 - 02:12:39: [basecommands.smx] "Console<0><Console><Console>" changed cvar (cvar "boomer_vomit_delay") (value "0.1")
L 10/22/2020 - 02:12:39: [basecommands.smx] "Console<0><Console><Console>" changed cvar (cvar "smoker_tongue_delay") (value "0.1")
L 10/22/2020 - 02:12:39: [basecommands.smx] "Console<0><Console><Console>" changed cvar (cvar "vs_survival_bonus") (value "35")
L 10/22/2020 - 02:12:39: [basecommands.smx] "Console<0><Console><Console>" changed cvar (cvar "hostname") (value "Versus")
L 10/22/2020 - 02:12:52: [l4d_profile_checker_v12.smx] [l4d_profile_checker] #DEBUG: sFriendID 76561198285791180
L 10/22/2020 - 02:12:52: [l4d_profile_checker_v12.smx] [l4d_profile_checker] #DEBUG: begin search in whitelist 76561198285791180
L 10/22/2020 - 02:12:52: [l4d_profile_checker_v12.smx] [l4d_profile_checker] #DEBUG: link profiles/76561198285791180/?xml=1
L 10/22/2020 - 02:15:06: [admin_hp.smx]  
L 10/22/2020 - 02:17:32: [admin_hp.smx]  
L 10/22/2020 - 02:20:53: [admin_hp.smx]  
L 10/22/2020 - 02:21:18: [admin_hp.smx]  
L 10/22/2020 - 02:21:25: [admin_hp.smx]  
L 10/22/2020 - 02:22:30: [admin_hp.smx]  
L 10/22/2020 - 02:23:45: Log file closed.
L 10/22/2020 - 02:36:29: SourceMod log file session started (file "D:\Steam\steamapps\common\Left 4 Dead 2\left4dead2\addons\sourcemod\logs\L20201022.log") (Version "1.10.0.6492")
L 10/22/2020 - 02:36:29: [simplewelcomemsg.smx] Set the maximum number of lines of.
L 10/22/2020 - 02:36:34: [basecommands.smx] "Console<0><Console><Console>" changed cvar (cvar "sv_force_time_of_day") (value "0")
L 10/22/2020 - 02:36:34: [basecommands.smx] "Console<0><Console><Console>" changed cvar (cvar "z_witch_damage_per_kill_hit") (value "120")
L 10/22/2020 - 02:36:34: [basecommands.smx] "Console<0><Console><Console>" changed cvar (cvar "z_witch_anger_rate") (value "0.5")
L 10/22/2020 - 02:36:34: [basecommands.smx] "Console<0><Console><Console>" changed cvar (cvar "z_witch_flashlight_range") (value "2000")
L 10/22/2020 - 02:36:34: [basecommands.smx] "Console<0><Console><Console>" changed cvar (cvar "z_witch_burn_time") (value "100")
L 10/22/2020 - 02:36:34: [basecommands.smx] "Console<0><Console><Console>" changed cvar (cvar "z_tank_health") (value "4333")
L 10/22/2020 - 02:36:34: [basecommands.smx] "Console<0><Console><Console>" changed cvar (cvar "tank_burn_duration") (value "999999")
L 10/22/2020 - 02:36:34: [basecommands.smx] "Console<0><Console><Console>" changed cvar (cvar "z_ghost_delay_min") (value "18")
L 10/22/2020 - 02:36:34: [basecommands.smx] "Console<0><Console><Console>" changed cvar (cvar "z_ghost_delay_max") (value "18")
L 10/22/2020 - 02:36:34: [basecommands.smx] "Console<0><Console><Console>" changed cvar (cvar "versus_tank_chance_intro") (value "1")
L 10/22/2020 - 02:36:34: [basecommands.smx] "Console<0><Console><Console>" changed cvar (cvar "versus_tank_chance_finale") (value "1")
L 10/22/2020 - 02:36:34: [basecommands.smx] "Console<0><Console><Console>" changed cvar (cvar "versus_tank_chance") (value "1")
L 10/22/2020 - 02:36:34: [basecommands.smx] "Console<0><Console><Console>" changed cvar (cvar "versus_witch_chance_intro") (value "0")
L 10/22/2020 - 02:36:34: [basecommands.smx] "Console<0><Console><Console>" changed cvar (cvar "versus_witch_chance_finale") (value "0")
L 10/22/2020 - 02:36:34: [basecommands.smx] "Console<0><Console><Console>" changed cvar (cvar "versus_witch_chance") (value "1")
L 10/22/2020 - 02:36:34: [basecommands.smx] "Console<0><Console><Console>" changed cvar (cvar "boomer_vomit_delay") (value "0.1")
L 10/22/2020 - 02:36:35: [basecommands.smx] "Console<0><Console><Console>" changed cvar (cvar "smoker_tongue_delay") (value "0.1")
L 10/22/2020 - 02:36:35: [basecommands.smx] "Console<0><Console><Console>" changed cvar (cvar "vs_survival_bonus") (value "35")
L 10/22/2020 - 02:36:35: [basecommands.smx] "Console<0><Console><Console>" changed cvar (cvar "hostname") (value "Versus")
L 10/22/2020 - 02:36:55: [l4d_profile_checker_v12.smx] [l4d_profile_checker] #DEBUG: sFriendID 76561198285791180
L 10/22/2020 - 02:36:55: [l4d_profile_checker_v12.smx] [l4d_profile_checker] #DEBUG: begin search in whitelist 76561198285791180
L 10/22/2020 - 02:36:55: [l4d_profile_checker_v12.smx] [l4d_profile_checker] #DEBUG: link profiles/76561198285791180/?xml=1
L 10/22/2020 - 02:41:32: [admin_hp.smx]  
L 10/22/2020 - 02:41:48: -------- Mapchange to c2m1_highway --------
L 10/22/2020 - 02:41:52: [basecommands.smx] "Console<0><Console><Console>" changed cvar (cvar "sv_force_time_of_day") (value "0")
L 10/22/2020 - 02:41:52: [basecommands.smx] "Console<0><Console><Console>" changed cvar (cvar "z_witch_damage_per_kill_hit") (value "120")
L 10/22/2020 - 02:41:52: [basecommands.smx] "Console<0><Console><Console>" changed cvar (cvar "z_witch_anger_rate") (value "0.5")
L 10/22/2020 - 02:41:52: [basecommands.smx] "Console<0><Console><Console>" changed cvar (cvar "z_witch_flashlight_range") (value "2000")
L 10/22/2020 - 02:41:53: [basecommands.smx] "Console<0><Console><Console>" changed cvar (cvar "z_witch_burn_time") (value "100")
L 10/22/2020 - 02:41:53: [basecommands.smx] "Console<0><Console><Console>" changed cvar (cvar "z_tank_health") (value "4333")
L 10/22/2020 - 02:41:53: [basecommands.smx] "Console<0><Console><Console>" changed cvar (cvar "tank_burn_duration") (value "999999")
L 10/22/2020 - 02:41:53: [basecommands.smx] "Console<0><Console><Console>" changed cvar (cvar "z_ghost_delay_min") (value "18")
L 10/22/2020 - 02:41:53: [basecommands.smx] "Console<0><Console><Console>" changed cvar (cvar "z_ghost_delay_max") (value "18")
L 10/22/2020 - 02:41:53: [basecommands.smx] "Console<0><Console><Console>" changed cvar (cvar "versus_tank_chance_intro") (value "1")
L 10/22/2020 - 02:41:53: [basecommands.smx] "Console<0><Console><Console>" changed cvar (cvar "versus_tank_chance_finale") (value "1")
L 10/22/2020 - 02:41:53: [basecommands.smx] "Console<0><Console><Console>" changed cvar (cvar "versus_tank_chance") (value "1")
L 10/22/2020 - 02:41:53: [basecommands.smx] "Console<0><Console><Console>" changed cvar (cvar "versus_witch_chance_intro") (value "0")
L 10/22/2020 - 02:41:53: [basecommands.smx] "Console<0><Console><Console>" changed cvar (cvar "versus_witch_chance_finale") (value "0")
L 10/22/2020 - 02:41:53: [basecommands.smx] "Console<0><Console><Console>" changed cvar (cvar "versus_witch_chance") (value "1")
L 10/22/2020 - 02:41:53: [basecommands.smx] "Console<0><Console><Console>" changed cvar (cvar "boomer_vomit_delay") (value "0.1")
L 10/22/2020 - 02:41:53: [basecommands.smx] "Console<0><Console><Console>" changed cvar (cvar "smoker_tongue_delay") (value "0.1")
L 10/22/2020 - 02:41:53: [basecommands.smx] "Console<0><Console><Console>" changed cvar (cvar "vs_survival_bonus") (value "35")
L 10/22/2020 - 02:41:53: [basecommands.smx] "Console<0><Console><Console>" changed cvar (cvar "hostname") (value "Versus")
L 10/22/2020 - 02:44:37: [l4d_profile_checker_v12.smx] [l4d_profile_checker] #DEBUG: sFriendID 76561198864945931
L 10/22/2020 - 02:44:37: [l4d_profile_checker_v12.smx] [l4d_profile_checker] #DEBUG: begin search in whitelist 76561198864945931
L 10/22/2020 - 02:44:37: [l4d_profile_checker_v12.smx] [l4d_profile_checker] #DEBUG: link profiles/76561198864945931/?xml=1
L 10/22/2020 - 02:45:48: [admin_hp.smx]  
L 10/22/2020 - 02:46:09: [l4d_profile_checker_v12.smx] [l4d_profile_checker] #DEBUG: sFriendID 76561198127302422
L 10/22/2020 - 02:46:09: [l4d_profile_checker_v12.smx] [l4d_profile_checker] #DEBUG: begin search in whitelist 76561198127302422
L 10/22/2020 - 02:46:09: [l4d_profile_checker_v12.smx] [l4d_profile_checker] #DEBUG: link profiles/76561198127302422/?xml=1
L 10/22/2020 - 02:46:25: [l4d_profile_checker_v12.smx] [l4d_profile_checker] #DEBUG: sFriendID 76561199060487144
L 10/22/2020 - 02:46:25: [l4d_profile_checker_v12.smx] [l4d_profile_checker] #DEBUG: begin search in whitelist 76561199060487144
L 10/22/2020 - 02:46:25: [l4d_profile_checker_v12.smx] [l4d_profile_checker] #DEBUG: link profiles/76561199060487144/?xml=1
L 10/22/2020 - 02:48:02: [l4d_profile_checker_v12.smx] [l4d_profile_checker] #DEBUG: sFriendID 76561198261192191
L 10/22/2020 - 02:48:02: [l4d_profile_checker_v12.smx] [l4d_profile_checker] #DEBUG: begin search in whitelist 76561198261192191
L 10/22/2020 - 02:48:02: [l4d_profile_checker_v12.smx] [l4d_profile_checker] #DEBUG: link profiles/76561198261192191/?xml=1
L 10/22/2020 - 02:50:37: [l4d_profile_checker_v12.smx] [l4d_profile_checker] #DEBUG: sFriendID 76561198129417050
L 10/22/2020 - 02:50:37: [l4d_profile_checker_v12.smx] [l4d_profile_checker] #DEBUG: begin search in whitelist 76561198129417050
L 10/22/2020 - 02:50:37: [l4d_profile_checker_v12.smx] [l4d_profile_checker] #DEBUG: link profiles/76561198129417050/?xml=1
L 10/22/2020 - 02:52:19: Log file closed.
L 10/22/2020 - 02:58:59: SourceMod log file session started (file "D:\Steam\steamapps\common\Left 4 Dead 2\left4dead2\addons\sourcemod\logs\L20201022.log") (Version "1.10.0.6492")
L 10/22/2020 - 02:58:59: [simplewelcomemsg.smx] Set the maximum number of lines of.
L 10/22/2020 - 02:59:04: [basecommands.smx] "Console<0><Console><Console>" changed cvar (cvar "sv_force_time_of_day") (value "0")
L 10/22/2020 - 02:59:04: [basecommands.smx] "Console<0><Console><Console>" changed cvar (cvar "z_witch_damage_per_kill_hit") (value "120")
L 10/22/2020 - 02:59:04: [basecommands.smx] "Console<0><Console><Console>" changed cvar (cvar "z_witch_anger_rate") (value "0.5")
L 10/22/2020 - 02:59:04: [basecommands.smx] "Console<0><Console><Console>" changed cvar (cvar "z_witch_flashlight_range") (value "2000")
L 10/22/2020 - 02:59:04: [basecommands.smx] "Console<0><Console><Console>" changed cvar (cvar "z_witch_burn_time") (value "100")
L 10/22/2020 - 02:59:04: [basecommands.smx] "Console<0><Console><Console>" changed cvar (cvar "z_tank_health") (value "4333")
L 10/22/2020 - 02:59:04: [basecommands.smx] "Console<0><Console><Console>" changed cvar (cvar "tank_burn_duration") (value "999999")
L 10/22/2020 - 02:59:04: [basecommands.smx] "Console<0><Console><Console>" changed cvar (cvar "z_ghost_delay_min") (value "18")
L 10/22/2020 - 02:59:04: [basecommands.smx] "Console<0><Console><Console>" changed cvar (cvar "z_ghost_delay_max") (value "18")
L 10/22/2020 - 02:59:04: [basecommands.smx] "Console<0><Console><Console>" changed cvar (cvar "versus_tank_chance_intro") (value "1")
L 10/22/2020 - 02:59:04: [basecommands.smx] "Console<0><Console><Console>" changed cvar (cvar "versus_tank_chance_finale") (value "1")
L 10/22/2020 - 02:59:04: [basecommands.smx] "Console<0><Console><Console>" changed cvar (cvar "versus_tank_chance") (value "1")
L 10/22/2020 - 02:59:04: [basecommands.smx] "Console<0><Console><Console>" changed cvar (cvar "versus_witch_chance_intro") (value "0")
L 10/22/2020 - 02:59:04: [basecommands.smx] "Console<0><Console><Console>" changed cvar (cvar "versus_witch_chance_finale") (value "0")
L 10/22/2020 - 02:59:04: [basecommands.smx] "Console<0><Console><Console>" changed cvar (cvar "versus_witch_chance") (value "1")
L 10/22/2020 - 02:59:04: [basecommands.smx] "Console<0><Console><Console>" changed cvar (cvar "boomer_vomit_delay") (value "0.1")
L 10/22/2020 - 02:59:04: [basecommands.smx] "Console<0><Console><Console>" changed cvar (cvar "smoker_tongue_delay") (value "0.1")
L 10/22/2020 - 02:59:04: [basecommands.smx] "Console<0><Console><Console>" changed cvar (cvar "vs_survival_bonus") (value "35")
L 10/22/2020 - 02:59:04: [basecommands.smx] "Console<0><Console><Console>" changed cvar (cvar "hostname") (value "Versus")
L 10/22/2020 - 02:59:24: [l4d_profile_checker_v12.smx] [l4d_profile_checker] #DEBUG: sFriendID 76561198285791180
L 10/22/2020 - 02:59:24: [l4d_profile_checker_v12.smx] [l4d_profile_checker] #DEBUG: begin search in whitelist 76561198285791180
L 10/22/2020 - 02:59:24: [l4d_profile_checker_v12.smx] [l4d_profile_checker] #DEBUG: link profiles/76561198285791180/?xml=1
L 10/22/2020 - 03:00:23: [l4d_profile_checker_v12.smx] [l4d_profile_checker] #DEBUG: sFriendID 76561199069651265
L 10/22/2020 - 03:00:23: [l4d_profile_checker_v12.smx] [l4d_profile_checker] #DEBUG: begin search in whitelist 76561199069651265
L 10/22/2020 - 03:00:23: [l4d_profile_checker_v12.smx] [l4d_profile_checker] #DEBUG: link profiles/76561199069651265/?xml=1
L 10/22/2020 - 03:01:03: [l4d_profile_checker_v12.smx] [l4d_profile_checker] #DEBUG: sFriendID 76561198060497623
L 10/22/2020 - 03:01:03: [l4d_profile_checker_v12.smx] [l4d_profile_checker] #DEBUG: begin search in whitelist 76561198060497623
L 10/22/2020 - 03:01:03: [l4d_profile_checker_v12.smx] [l4d_profile_checker] #DEBUG: link profiles/76561198060497623/?xml=1
L 10/22/2020 - 03:02:17: [l4d_profile_checker_v12.smx] [l4d_profile_checker] #DEBUG: sFriendID 76561198261192191
L 10/22/2020 - 03:02:17: [l4d_profile_checker_v12.smx] [l4d_profile_checker] #DEBUG: begin search in whitelist 76561198261192191
L 10/22/2020 - 03:02:17: [l4d_profile_checker_v12.smx] [l4d_profile_checker] #DEBUG: link profiles/76561198261192191/?xml=1
L 10/22/2020 - 03:02:28: [basebans.smx] "♛ Rain ♛<2><STEAM_1:0:162762726><>" banned "Skyliner33<7><STEAM_1:1:50115947><>" (minutes "0") (reason "Troll de Mierda")
L 10/22/2020 - 03:02:41: [l4d_profile_checker_v12.smx] [l4d_profile_checker] #DEBUG: sFriendID 76561199006131487
L 10/22/2020 - 03:02:41: [l4d_profile_checker_v12.smx] [l4d_profile_checker] #DEBUG: begin search in whitelist 76561199006131487
L 10/22/2020 - 03:02:41: [l4d_profile_checker_v12.smx] [l4d_profile_checker] #DEBUG: link profiles/76561199006131487/?xml=1
L 10/22/2020 - 03:04:37: [l4d_profile_checker_v12.smx] [l4d_profile_checker] #DEBUG: sFriendID 76561198878747939
L 10/22/2020 - 03:04:37: [l4d_profile_checker_v12.smx] [l4d_profile_checker] #DEBUG: begin search in whitelist 76561198878747939
L 10/22/2020 - 03:04:37: [l4d_profile_checker_v12.smx] [l4d_profile_checker] #DEBUG: link profiles/76561198878747939/?xml=1
L 10/22/2020 - 03:05:35: [l4d_profile_checker_v12.smx] [l4d_profile_checker] #DEBUG: sFriendID 76561198024186902
L 10/22/2020 - 03:05:35: [l4d_profile_checker_v12.smx] [l4d_profile_checker] #DEBUG: begin search in whitelist 76561198024186902
L 10/22/2020 - 03:05:35: [l4d_profile_checker_v12.smx] [l4d_profile_checker] #DEBUG: link profiles/76561198024186902/?xml=1
L 10/22/2020 - 03:07:15: [l4d_profile_checker_v12.smx] [l4d_profile_checker] #DEBUG: sFriendID 76561199059824104
L 10/22/2020 - 03:07:15: [l4d_profile_checker_v12.smx] [l4d_profile_checker] #DEBUG: begin search in whitelist 76561199059824104
L 10/22/2020 - 03:07:15: [l4d_profile_checker_v12.smx] [l4d_profile_checker] #DEBUG: link profiles/76561199059824104/?xml=1
L 10/22/2020 - 03:08:03: [l4d_profile_checker_v12.smx] [l4d_profile_checker] #DEBUG: sFriendID 76561198444831946
L 10/22/2020 - 03:08:03: [l4d_profile_checker_v12.smx] [l4d_profile_checker] #DEBUG: begin search in whitelist 76561198444831946
L 10/22/2020 - 03:08:03: [l4d_profile_checker_v12.smx] [l4d_profile_checker] #DEBUG: link profiles/76561198444831946/?xml=1
L 10/22/2020 - 03:09:30: -------- Mapchange to c5m2_park --------
L 10/22/2020 - 03:09:36: [basecommands.smx] "Console<0><Console><Console>" changed cvar (cvar "sv_force_time_of_day") (value "0")
L 10/22/2020 - 03:09:36: [basecommands.smx] "Console<0><Console><Console>" changed cvar (cvar "z_witch_damage_per_kill_hit") (value "120")
L 10/22/2020 - 03:09:36: [basecommands.smx] "Console<0><Console><Console>" changed cvar (cvar "z_witch_anger_rate") (value "0.5")
L 10/22/2020 - 03:09:36: [basecommands.smx] "Console<0><Console><Console>" changed cvar (cvar "z_witch_flashlight_range") (value "2000")
L 10/22/2020 - 03:09:36: [basecommands.smx] "Console<0><Console><Console>" changed cvar (cvar "z_witch_burn_time") (value "100")
L 10/22/2020 - 03:09:36: [basecommands.smx] "Console<0><Console><Console>" changed cvar (cvar "z_tank_health") (value "4333")
L 10/22/2020 - 03:09:36: [basecommands.smx] "Console<0><Console><Console>" changed cvar (cvar "tank_burn_duration") (value "999999")
L 10/22/2020 - 03:09:36: [basecommands.smx] "Console<0><Console><Console>" changed cvar (cvar "z_ghost_delay_min") (value "18")
L 10/22/2020 - 03:09:36: [basecommands.smx] "Console<0><Console><Console>" changed cvar (cvar "z_ghost_delay_max") (value "18")
L 10/22/2020 - 03:09:36: [basecommands.smx] "Console<0><Console><Console>" changed cvar (cvar "versus_tank_chance_intro") (value "1")
L 10/22/2020 - 03:09:36: [basecommands.smx] "Console<0><Console><Console>" changed cvar (cvar "versus_tank_chance_finale") (value "1")
L 10/22/2020 - 03:09:36: [basecommands.smx] "Console<0><Console><Console>" changed cvar (cvar "versus_tank_chance") (value "1")
L 10/22/2020 - 03:09:36: [basecommands.smx] "Console<0><Console><Console>" changed cvar (cvar "versus_witch_chance_intro") (value "0")
L 10/22/2020 - 03:09:36: [basecommands.smx] "Console<0><Console><Console>" changed cvar (cvar "versus_witch_chance_finale") (value "0")
L 10/22/2020 - 03:09:36: [basecommands.smx] "Console<0><Console><Console>" changed cvar (cvar "versus_witch_chance") (value "1")
L 10/22/2020 - 03:09:36: [basecommands.smx] "Console<0><Console><Console>" changed cvar (cvar "boomer_vomit_delay") (value "0.1")
L 10/22/2020 - 03:09:36: [basecommands.smx] "Console<0><Console><Console>" changed cvar (cvar "smoker_tongue_delay") (value "0.1")
L 10/22/2020 - 03:09:36: [basecommands.smx] "Console<0><Console><Console>" changed cvar (cvar "vs_survival_bonus") (value "35")
L 10/22/2020 - 03:09:36: [basecommands.smx] "Console<0><Console><Console>" changed cvar (cvar "hostname") (value "Versus")
L 10/22/2020 - 03:11:17: [l4d_profile_checker_v12.smx] [l4d_profile_checker] #DEBUG: sFriendID 76561199087758706
L 10/22/2020 - 03:11:17: [l4d_profile_checker_v12.smx] [l4d_profile_checker] #DEBUG: begin search in whitelist 76561199087758706
L 10/22/2020 - 03:11:17: [l4d_profile_checker_v12.smx] [l4d_profile_checker] #DEBUG: link profiles/76561199087758706/?xml=1
L 10/22/2020 - 03:12:38: [l4d_profile_checker_v12.smx] [l4d_profile_checker] #DEBUG: sFriendID 76561199061132131
L 10/22/2020 - 03:12:38: [l4d_profile_checker_v12.smx] [l4d_profile_checker] #DEBUG: begin search in whitelist 76561199061132131
L 10/22/2020 - 03:12:38: [l4d_profile_checker_v12.smx] [l4d_profile_checker] #DEBUG: link profiles/76561199061132131/?xml=1
L 10/22/2020 - 03:25:03: -------- Mapchange to c5m3_cemetery --------
L 10/22/2020 - 03:25:08: [basecommands.smx] "Console<0><Console><Console>" changed cvar (cvar "sv_force_time_of_day") (value "0")
L 10/22/2020 - 03:25:08: [basecommands.smx] "Console<0><Console><Console>" changed cvar (cvar "z_witch_damage_per_kill_hit") (value "120")
L 10/22/2020 - 03:25:08: [basecommands.smx] "Console<0><Console><Console>" changed cvar (cvar "z_witch_anger_rate") (value "0.5")
L 10/22/2020 - 03:25:08: [basecommands.smx] "Console<0><Console><Console>" changed cvar (cvar "z_witch_flashlight_range") (value "2000")
L 10/22/2020 - 03:25:08: [basecommands.smx] "Console<0><Console><Console>" changed cvar (cvar "z_witch_burn_time") (value "100")
L 10/22/2020 - 03:25:08: [basecommands.smx] "Console<0><Console><Console>" changed cvar (cvar "z_tank_health") (value "4333")
L 10/22/2020 - 03:25:08: [basecommands.smx] "Console<0><Console><Console>" changed cvar (cvar "tank_burn_duration") (value "999999")
L 10/22/2020 - 03:25:08: [basecommands.smx] "Console<0><Console><Console>" changed cvar (cvar "z_ghost_delay_min") (value "18")
L 10/22/2020 - 03:25:08: [basecommands.smx] "Console<0><Console><Console>" changed cvar (cvar "z_ghost_delay_max") (value "18")
L 10/22/2020 - 03:25:08: [basecommands.smx] "Console<0><Console><Console>" changed cvar (cvar "versus_tank_chance_intro") (value "1")
L 10/22/2020 - 03:25:08: [basecommands.smx] "Console<0><Console><Console>" changed cvar (cvar "versus_tank_chance_finale") (value "1")
L 10/22/2020 - 03:25:08: [basecommands.smx] "Console<0><Console><Console>" changed cvar (cvar "versus_tank_chance") (value "1")
L 10/22/2020 - 03:25:08: [basecommands.smx] "Console<0><Console><Console>" changed cvar (cvar "versus_witch_chance_intro") (value "0")
L 10/22/2020 - 03:25:08: [basecommands.smx] "Console<0><Console><Console>" changed cvar (cvar "versus_witch_chance_finale") (value "0")
L 10/22/2020 - 03:25:08: [basecommands.smx] "Console<0><Console><Console>" changed cvar (cvar "versus_witch_chance") (value "1")
L 10/22/2020 - 03:25:08: [basecommands.smx] "Console<0><Console><Console>" changed cvar (cvar "boomer_vomit_delay") (value "0.1")
L 10/22/2020 - 03:25:08: [basecommands.smx] "Console<0><Console><Console>" changed cvar (cvar "smoker_tongue_delay") (value "0.1")
L 10/22/2020 - 03:25:08: [basecommands.smx] "Console<0><Console><Console>" changed cvar (cvar "vs_survival_bonus") (value "35")
L 10/22/2020 - 03:25:08: [basecommands.smx] "Console<0><Console><Console>" changed cvar (cvar "hostname") (value "Versus")
L 10/22/2020 - 03:28:10: [l4d_profile_checker_v12.smx] [l4d_profile_checker] #DEBUG: sFriendID 76561198384089594
L 10/22/2020 - 03:28:10: [l4d_profile_checker_v12.smx] [l4d_profile_checker] #DEBUG: begin search in whitelist 76561198384089594
L 10/22/2020 - 03:28:10: [l4d_profile_checker_v12.smx] [l4d_profile_checker] #DEBUG: link profiles/76561198384089594/?xml=1
L 10/22/2020 - 03:28:15: [l4d_profile_checker_v12.smx] [l4d_profile_checker] #DEBUG: sFriendID 76561198117214566
L 10/22/2020 - 03:28:15: [l4d_profile_checker_v12.smx] [l4d_profile_checker] #DEBUG: begin search in whitelist 76561198117214566
L 10/22/2020 - 03:28:15: [l4d_profile_checker_v12.smx] [l4d_profile_checker] #DEBUG: link profiles/76561198117214566/?xml=1
L 10/22/2020 - 03:31:27: [l4d_profile_checker_v12.smx] [l4d_profile_checker] #DEBUG: sFriendID 76561198353788396
L 10/22/2020 - 03:31:27: [l4d_profile_checker_v12.smx] [l4d_profile_checker] #DEBUG: begin search in whitelist 76561198353788396
L 10/22/2020 - 03:31:27: [l4d_profile_checker_v12.smx] [l4d_profile_checker] #DEBUG: link profiles/76561198353788396/?xml=1
L 10/22/2020 - 03:38:08: [l4d_profile_checker_v12.smx] [l4d_profile_checker] #DEBUG: sFriendID 76561198149310208
L 10/22/2020 - 03:38:08: [l4d_profile_checker_v12.smx] [l4d_profile_checker] #DEBUG: begin search in whitelist 76561198149310208
L 10/22/2020 - 03:38:08: [l4d_profile_checker_v12.smx] [l4d_profile_checker] #DEBUG: link profiles/76561198149310208/?xml=1
L 10/22/2020 - 03:41:31: -------- Mapchange to c5m4_quarter --------
L 10/22/2020 - 03:41:36: [basecommands.smx] "Console<0><Console><Console>" changed cvar (cvar "sv_force_time_of_day") (value "0")
L 10/22/2020 - 03:41:36: [basecommands.smx] "Console<0><Console><Console>" changed cvar (cvar "z_witch_damage_per_kill_hit") (value "120")
L 10/22/2020 - 03:41:36: [basecommands.smx] "Console<0><Console><Console>" changed cvar (cvar "z_witch_anger_rate") (value "0.5")
L 10/22/2020 - 03:41:36: [basecommands.smx] "Console<0><Console><Console>" changed cvar (cvar "z_witch_flashlight_range") (value "2000")
L 10/22/2020 - 03:41:36: [basecommands.smx] "Console<0><Console><Console>" changed cvar (cvar "z_witch_burn_time") (value "100")
L 10/22/2020 - 03:41:36: [basecommands.smx] "Console<0><Console><Console>" changed cvar (cvar "z_tank_health") (value "4333")
L 10/22/2020 - 03:41:36: [basecommands.smx] "Console<0><Console><Console>" changed cvar (cvar "tank_burn_duration") (value "999999")
L 10/22/2020 - 03:41:36: [basecommands.smx] "Console<0><Console><Console>" changed cvar (cvar "z_ghost_delay_min") (value "18")
L 10/22/2020 - 03:41:36: [basecommands.smx] "Console<0><Console><Console>" changed cvar (cvar "z_ghost_delay_max") (value "18")
L 10/22/2020 - 03:41:36: [basecommands.smx] "Console<0><Console><Console>" changed cvar (cvar "versus_tank_chance_intro") (value "1")
L 10/22/2020 - 03:41:36: [basecommands.smx] "Console<0><Console><Console>" changed cvar (cvar "versus_tank_chance_finale") (value "1")
L 10/22/2020 - 03:41:36: [basecommands.smx] "Console<0><Console><Console>" changed cvar (cvar "versus_tank_chance") (value "1")
L 10/22/2020 - 03:41:36: [basecommands.smx] "Console<0><Console><Console>" changed cvar (cvar "versus_witch_chance_intro") (value "0")
L 10/22/2020 - 03:41:36: [basecommands.smx] "Console<0><Console><Console>" changed cvar (cvar "versus_witch_chance_finale") (value "0")
L 10/22/2020 - 03:41:36: [basecommands.smx] "Console<0><Console><Console>" changed cvar (cvar "versus_witch_chance") (value "1")
L 10/22/2020 - 03:41:36: [basecommands.smx] "Console<0><Console><Console>" changed cvar (cvar "boomer_vomit_delay") (value "0.1")
L 10/22/2020 - 03:41:36: [basecommands.smx] "Console<0><Console><Console>" changed cvar (cvar "smoker_tongue_delay") (value "0.1")
L 10/22/2020 - 03:41:36: [basecommands.smx] "Console<0><Console><Console>" changed cvar (cvar "vs_survival_bonus") (value "35")
L 10/22/2020 - 03:41:36: [basecommands.smx] "Console<0><Console><Console>" changed cvar (cvar "hostname") (value "Versus")
L 10/22/2020 - 03:42:48: [l4d_profile_checker_v12.smx] [l4d_profile_checker] #DEBUG: sFriendID 76561199076359962
L 10/22/2020 - 03:42:48: [l4d_profile_checker_v12.smx] [l4d_profile_checker] #DEBUG: begin search in whitelist 76561199076359962
L 10/22/2020 - 03:42:48: [l4d_profile_checker_v12.smx] [l4d_profile_checker] #DEBUG: link profiles/76561199076359962/?xml=1
L 10/22/2020 - 03:47:33: [l4d_profile_checker_v12.smx] [l4d_profile_checker] #DEBUG: sFriendID 76561198168178480
L 10/22/2020 - 03:47:33: [l4d_profile_checker_v12.smx] [l4d_profile_checker] #DEBUG: begin search in whitelist 76561198168178480
L 10/22/2020 - 03:47:33: [l4d_profile_checker_v12.smx] [l4d_profile_checker] #DEBUG: link profiles/76561198168178480/?xml=1
L 10/22/2020 - 03:47:35: [l4d_profile_checker_v12.smx] [l4d_profile_checker] #DEBUG: sFriendID 76561198090115121
L 10/22/2020 - 03:47:35: [l4d_profile_checker_v12.smx] [l4d_profile_checker] #DEBUG: begin search in whitelist 76561198090115121
L 10/22/2020 - 03:47:35: [l4d_profile_checker_v12.smx] [l4d_profile_checker] #DEBUG: link profiles/76561198090115121/?xml=1
L 10/22/2020 - 03:52:41: -------- Mapchange to c5m5_bridge --------
L 10/22/2020 - 03:52:48: [basecommands.smx] "Console<0><Console><Console>" changed cvar (cvar "sv_force_time_of_day") (value "0")
L 10/22/2020 - 03:52:48: [basecommands.smx] "Console<0><Console><Console>" changed cvar (cvar "z_witch_damage_per_kill_hit") (value "120")
L 10/22/2020 - 03:52:48: [basecommands.smx] "Console<0><Console><Console>" changed cvar (cvar "z_witch_anger_rate") (value "0.5")
L 10/22/2020 - 03:52:48: [basecommands.smx] "Console<0><Console><Console>" changed cvar (cvar "z_witch_flashlight_range") (value "2000")
L 10/22/2020 - 03:52:48: [basecommands.smx] "Console<0><Console><Console>" changed cvar (cvar "z_witch_burn_time") (value "100")
L 10/22/2020 - 03:52:48: [basecommands.smx] "Console<0><Console><Console>" changed cvar (cvar "z_tank_health") (value "4333")
L 10/22/2020 - 03:52:48: [basecommands.smx] "Console<0><Console><Console>" changed cvar (cvar "tank_burn_duration") (value "999999")
L 10/22/2020 - 03:52:48: [basecommands.smx] "Console<0><Console><Console>" changed cvar (cvar "z_ghost_delay_min") (value "18")
L 10/22/2020 - 03:52:48: [basecommands.smx] "Console<0><Console><Console>" changed cvar (cvar "z_ghost_delay_max") (value "18")
L 10/22/2020 - 03:52:48: [basecommands.smx] "Console<0><Console><Console>" changed cvar (cvar "versus_tank_chance_intro") (value "1")
L 10/22/2020 - 03:52:48: [basecommands.smx] "Console<0><Console><Console>" changed cvar (cvar "versus_tank_chance_finale") (value "1")
L 10/22/2020 - 03:52:48: [basecommands.smx] "Console<0><Console><Console>" changed cvar (cvar "versus_tank_chance") (value "1")
L 10/22/2020 - 03:52:48: [basecommands.smx] "Console<0><Console><Console>" changed cvar (cvar "versus_witch_chance_intro") (value "0")
L 10/22/2020 - 03:52:48: [basecommands.smx] "Console<0><Console><Console>" changed cvar (cvar "versus_witch_chance_finale") (value "0")
L 10/22/2020 - 03:52:48: [basecommands.smx] "Console<0><Console><Console>" changed cvar (cvar "versus_witch_chance") (value "1")
L 10/22/2020 - 03:52:48: [basecommands.smx] "Console<0><Console><Console>" changed cvar (cvar "boomer_vomit_delay") (value "0.1")
L 10/22/2020 - 03:52:48: [basecommands.smx] "Console<0><Console><Console>" changed cvar (cvar "smoker_tongue_delay") (value "0.1")
L 10/22/2020 - 03:52:48: [basecommands.smx] "Console<0><Console><Console>" changed cvar (cvar "vs_survival_bonus") (value "35")
L 10/22/2020 - 03:52:48: [basecommands.smx] "Console<0><Console><Console>" changed cvar (cvar "hostname") (value "Versus")
L 10/22/2020 - 03:57:04: [l4d_profile_checker_v12.smx] [l4d_profile_checker] #DEBUG: sFriendID 76561198187380529
L 10/22/2020 - 03:57:04: [l4d_profile_checker_v12.smx] [l4d_profile_checker] #DEBUG: begin search in whitelist 76561198187380529
L 10/22/2020 - 03:57:04: [l4d_profile_checker_v12.smx] [l4d_profile_checker] #DEBUG: link profiles/76561198187380529/?xml=1
L 10/22/2020 - 04:02:00: Log file closed.
L 10/22/2020 - 04:14:39: SourceMod log file session started (file "D:\Steam\steamapps\common\Left 4 Dead 2\left4dead2\addons\sourcemod\logs\L20201022.log") (Version "1.10.0.6492")
L 10/22/2020 - 04:14:39: [simplewelcomemsg.smx] Set the maximum number of lines of.
L 10/22/2020 - 04:14:45: [basecommands.smx] "Console<0><Console><Console>" changed cvar (cvar "sv_force_time_of_day") (value "0")
L 10/22/2020 - 04:14:45: [basecommands.smx] "Console<0><Console><Console>" changed cvar (cvar "z_witch_damage_per_kill_hit") (value "120")
L 10/22/2020 - 04:14:45: [basecommands.smx] "Console<0><Console><Console>" changed cvar (cvar "z_witch_anger_rate") (value "0.5")
L 10/22/2020 - 04:14:45: [basecommands.smx] "Console<0><Console><Console>" changed cvar (cvar "z_witch_flashlight_range") (value "2000")
L 10/22/2020 - 04:14:45: [basecommands.smx] "Console<0><Console><Console>" changed cvar (cvar "z_witch_burn_time") (value "100")
L 10/22/2020 - 04:14:45: [basecommands.smx] "Console<0><Console><Console>" changed cvar (cvar "z_tank_health") (value "4333")
L 10/22/2020 - 04:14:45: [basecommands.smx] "Console<0><Console><Console>" changed cvar (cvar "tank_burn_duration") (value "999999")
L 10/22/2020 - 04:14:45: [basecommands.smx] "Console<0><Console><Console>" changed cvar (cvar "z_ghost_delay_min") (value "18")
L 10/22/2020 - 04:14:45: [basecommands.smx] "Console<0><Console><Console>" changed cvar (cvar "z_ghost_delay_max") (value "18")
L 10/22/2020 - 04:14:45: [basecommands.smx] "Console<0><Console><Console>" changed cvar (cvar "versus_tank_chance_intro") (value "1")
L 10/22/2020 - 04:14:45: [basecommands.smx] "Console<0><Console><Console>" changed cvar (cvar "versus_tank_chance_finale") (value "1")
L 10/22/2020 - 04:14:45: [basecommands.smx] "Console<0><Console><Console>" changed cvar (cvar "versus_tank_chance") (value "1")
L 10/22/2020 - 04:14:45: [basecommands.smx] "Console<0><Console><Console>" changed cvar (cvar "versus_witch_chance_intro") (value "0")
L 10/22/2020 - 04:14:45: [basecommands.smx] "Console<0><Console><Console>" changed cvar (cvar "versus_witch_chance_finale") (value "0")
L 10/22/2020 - 04:14:45: [basecommands.smx] "Console<0><Console><Console>" changed cvar (cvar "versus_witch_chance") (value "1")
L 10/22/2020 - 04:14:45: [basecommands.smx] "Console<0><Console><Console>" changed cvar (cvar "boomer_vomit_delay") (value "0.1")
L 10/22/2020 - 04:14:45: [basecommands.smx] "Console<0><Console><Console>" changed cvar (cvar "smoker_tongue_delay") (value "0.1")
L 10/22/2020 - 04:14:45: [basecommands.smx] "Console<0><Console><Console>" changed cvar (cvar "vs_survival_bonus") (value "35")
L 10/22/2020 - 04:14:45: [basecommands.smx] "Console<0><Console><Console>" changed cvar (cvar "hostname") (value "Versus")
L 10/22/2020 - 04:15:03: [l4d_profile_checker_v12.smx] [l4d_profile_checker] #DEBUG: sFriendID 76561198285791180
L 10/22/2020 - 04:15:03: [l4d_profile_checker_v12.smx] [l4d_profile_checker] #DEBUG: begin search in whitelist 76561198285791180
L 10/22/2020 - 04:15:03: [l4d_profile_checker_v12.smx] [l4d_profile_checker] #DEBUG: link profiles/76561198285791180/?xml=1
L 10/22/2020 - 04:20:17: [admin_hp.smx]  
L 10/22/2020 - 04:20:19: [admin_hp.smx]  
L 10/22/2020 - 04:22:44: [admin_hp.smx]  
L 10/22/2020 - 04:24:20: Log file closed.
L 10/22/2020 - 22:38:26: SourceMod log file session started (file "D:\Steam\steamapps\common\Left 4 Dead 2\left4dead2\addons\sourcemod\logs\L20201022.log") (Version "1.10.0.6492")
L 10/22/2020 - 22:38:26: [simplewelcomemsg.smx] Set the maximum number of lines of.
L 10/22/2020 - 22:38:37: [basecommands.smx] "Console<0><Console><Console>" changed cvar (cvar "sv_force_time_of_day") (value "0")
L 10/22/2020 - 22:38:37: [basecommands.smx] "Console<0><Console><Console>" changed cvar (cvar "z_witch_damage_per_kill_hit") (value "120")
L 10/22/2020 - 22:38:37: [basecommands.smx] "Console<0><Console><Console>" changed cvar (cvar "z_witch_anger_rate") (value "0.5")
L 10/22/2020 - 22:38:37: [basecommands.smx] "Console<0><Console><Console>" changed cvar (cvar "z_witch_flashlight_range") (value "2000")
L 10/22/2020 - 22:38:37: [basecommands.smx] "Console<0><Console><Console>" changed cvar (cvar "z_witch_burn_time") (value "100")
L 10/22/2020 - 22:38:37: [basecommands.smx] "Console<0><Console><Console>" changed cvar (cvar "z_tank_health") (value "4333")
L 10/22/2020 - 22:38:37: [basecommands.smx] "Console<0><Console><Console>" changed cvar (cvar "tank_burn_duration") (value "999999")
L 10/22/2020 - 22:38:37: [basecommands.smx] "Console<0><Console><Console>" changed cvar (cvar "z_ghost_delay_min") (value "18")
L 10/22/2020 - 22:38:37: [basecommands.smx] "Console<0><Console><Console>" changed cvar (cvar "z_ghost_delay_max") (value "18")
L 10/22/2020 - 22:38:37: [basecommands.smx] "Console<0><Console><Console>" changed cvar (cvar "versus_tank_chance_intro") (value "1")
L 10/22/2020 - 22:38:37: [basecommands.smx] "Console<0><Console><Console>" changed cvar (cvar "versus_tank_chance_finale") (value "1")
L 10/22/2020 - 22:38:37: [basecommands.smx] "Console<0><Console><Console>" changed cvar (cvar "versus_tank_chance") (value "1")
L 10/22/2020 - 22:38:37: [basecommands.smx] "Console<0><Console><Console>" changed cvar (cvar "versus_witch_chance_intro") (value "0")
L 10/22/2020 - 22:38:37: [basecommands.smx] "Console<0><Console><Console>" changed cvar (cvar "versus_witch_chance_finale") (value "0")
L 10/22/2020 - 22:38:37: [basecommands.smx] "Console<0><Console><Console>" changed cvar (cvar "versus_witch_chance") (value "1")
L 10/22/2020 - 22:38:37: [basecommands.smx] "Console<0><Console><Console>" changed cvar (cvar "boomer_vomit_delay") (value "0.1")
L 10/22/2020 - 22:38:37: [basecommands.smx] "Console<0><Console><Console>" changed cvar (cvar "smoker_tongue_delay") (value "0.1")
L 10/22/2020 - 22:38:37: [basecommands.smx] "Console<0><Console><Console>" changed cvar (cvar "vs_survival_bonus") (value "35")
L 10/22/2020 - 22:38:37: [basecommands.smx] "Console<0><Console><Console>" changed cvar (cvar "hostname") (value "Versus")
L 10/22/2020 - 22:39:00: [l4d_profile_checker_v12.smx] [l4d_profile_checker] #DEBUG: sFriendID 76561198285791180
L 10/22/2020 - 22:39:00: [l4d_profile_checker_v12.smx] [l4d_profile_checker] #DEBUG: begin search in whitelist 76561198285791180
L 10/22/2020 - 22:39:00: [l4d_profile_checker_v12.smx] [l4d_profile_checker] #DEBUG: link profiles/76561198285791180/?xml=1
L 10/22/2020 - 22:39:45: [l4d_profile_checker_v12.smx] [l4d_profile_checker] #DEBUG: sFriendID 76561197968568617
L 10/22/2020 - 22:39:45: [l4d_profile_checker_v12.smx] [l4d_profile_checker] #DEBUG: begin search in whitelist 76561197968568617
L 10/22/2020 - 22:39:45: [l4d_profile_checker_v12.smx] [l4d_profile_checker] #DEBUG: link profiles/76561197968568617/?xml=1
L 10/22/2020 - 22:40:52: [l4d_profile_checker_v12.smx] [l4d_profile_checker] #DEBUG: sFriendID 76561198366642352
L 10/22/2020 - 22:40:52: [l4d_profile_checker_v12.smx] [l4d_profile_checker] #DEBUG: begin search in whitelist 76561198366642352
L 10/22/2020 - 22:40:52: [l4d_profile_checker_v12.smx] [l4d_profile_checker] #DEBUG: link profiles/76561198366642352/?xml=1
L 10/22/2020 - 22:42:42: [l4d_profile_checker_v12.smx] [l4d_profile_checker] #DEBUG: sFriendID 76561198086503120
L 10/22/2020 - 22:42:42: [l4d_profile_checker_v12.smx] [l4d_profile_checker] #DEBUG: begin search in whitelist 76561198086503120
L 10/22/2020 - 22:42:42: [l4d_profile_checker_v12.smx] [l4d_profile_checker] #DEBUG: link profiles/76561198086503120/?xml=1
L 10/22/2020 - 22:43:18: [l4d_profile_checker_v12.smx] [l4d_profile_checker] #DEBUG: sFriendID 76561198258805311
L 10/22/2020 - 22:43:18: [l4d_profile_checker_v12.smx] [l4d_profile_checker] #DEBUG: begin search in whitelist 76561198258805311
L 10/22/2020 - 22:43:18: [l4d_profile_checker_v12.smx] [l4d_profile_checker] #DEBUG: link profiles/76561198258805311/?xml=1
L 10/22/2020 - 22:45:36: [l4d_profile_checker_v12.smx] [l4d_profile_checker] #DEBUG: sFriendID 76561198268074131
L 10/22/2020 - 22:45:36: [l4d_profile_checker_v12.smx] [l4d_profile_checker] #DEBUG: begin search in whitelist 76561198268074131
L 10/22/2020 - 22:45:36: [l4d_profile_checker_v12.smx] [l4d_profile_checker] #DEBUG: link profiles/76561198268074131/?xml=1
L 10/22/2020 - 22:45:43: [l4d_profile_checker_v12.smx] [l4d_profile_checker] #DEBUG: sFriendID 76561198274690096
L 10/22/2020 - 22:45:43: [l4d_profile_checker_v12.smx] [l4d_profile_checker] #DEBUG: begin search in whitelist 76561198274690096
L 10/22/2020 - 22:45:43: [l4d_profile_checker_v12.smx] [l4d_profile_checker] #DEBUG: link profiles/76561198274690096/?xml=1
L 10/22/2020 - 22:45:44: [l4d_profile_checker_v12.smx] [l4d_profile_checker] #DEBUG: sFriendID 76561198327108264
L 10/22/2020 - 22:45:44: [l4d_profile_checker_v12.smx] [l4d_profile_checker] #DEBUG: begin search in whitelist 76561198327108264
L 10/22/2020 - 22:45:44: [l4d_profile_checker_v12.smx] [l4d_profile_checker] #DEBUG: link profiles/76561198327108264/?xml=1
L 10/22/2020 - 22:45:53: [l4d_profile_checker_v12.smx] [l4d_profile_checker] #DEBUG: sFriendID 76561198271688675
L 10/22/2020 - 22:45:53: [l4d_profile_checker_v12.smx] [l4d_profile_checker] #DEBUG: begin search in whitelist 76561198271688675
L 10/22/2020 - 22:45:53: [l4d_profile_checker_v12.smx] [l4d_profile_checker] #DEBUG: link profiles/76561198271688675/?xml=1
L 10/22/2020 - 22:48:59: [l4d_profile_checker_v12.smx] [l4d_profile_checker] #DEBUG: sFriendID 76561199049053700
L 10/22/2020 - 22:48:59: [l4d_profile_checker_v12.smx] [l4d_profile_checker] #DEBUG: begin search in whitelist 76561199049053700
L 10/22/2020 - 22:48:59: [l4d_profile_checker_v12.smx] [l4d_profile_checker] #DEBUG: link profiles/76561199049053700/?xml=1
L 10/22/2020 - 22:49:56: [l4d_profile_checker_v12.smx] [l4d_profile_checker] #DEBUG: sFriendID 76561198008067031
L 10/22/2020 - 22:49:56: [l4d_profile_checker_v12.smx] [l4d_profile_checker] #DEBUG: begin search in whitelist 76561198008067031
L 10/22/2020 - 22:49:56: [l4d_profile_checker_v12.smx] [l4d_profile_checker] #DEBUG: link profiles/76561198008067031/?xml=1
L 10/22/2020 - 22:52:13: [l4d_profile_checker_v12.smx] [l4d_profile_checker] #DEBUG: sFriendID 76561198808577433
L 10/22/2020 - 22:52:13: [l4d_profile_checker_v12.smx] [l4d_profile_checker] #DEBUG: begin search in whitelist 76561198808577433
L 10/22/2020 - 22:52:13: [l4d_profile_checker_v12.smx] [l4d_profile_checker] #DEBUG: link profiles/76561198808577433/?xml=1
L 10/22/2020 - 22:52:32: [l4d_profile_checker_v12.smx] [l4d_profile_checker] #DEBUG: sFriendID 76561198080174307
L 10/22/2020 - 22:52:32: [l4d_profile_checker_v12.smx] [l4d_profile_checker] #DEBUG: begin search in whitelist 76561198080174307
L 10/22/2020 - 22:52:32: [l4d_profile_checker_v12.smx] [l4d_profile_checker] #DEBUG: link profiles/76561198080174307/?xml=1
L 10/22/2020 - 22:53:20: [l4d_profile_checker_v12.smx] [l4d_profile_checker] #DEBUG: sFriendID 76561198164104773
L 10/22/2020 - 22:53:20: [l4d_profile_checker_v12.smx] [l4d_profile_checker] #DEBUG: begin search in whitelist 76561198164104773
L 10/22/2020 - 22:53:20: [l4d_profile_checker_v12.smx] [l4d_profile_checker] #DEBUG: link profiles/76561198164104773/?xml=1
L 10/22/2020 - 22:53:25: [l4d_profile_checker_v12.smx] [l4d_profile_checker] #DEBUG: sFriendID 76561198829563722
L 10/22/2020 - 22:53:25: [l4d_profile_checker_v12.smx] [l4d_profile_checker] #DEBUG: begin search in whitelist 76561198829563722
L 10/22/2020 - 22:53:25: [l4d_profile_checker_v12.smx] [l4d_profile_checker] #DEBUG: link profiles/76561198829563722/?xml=1
L 10/22/2020 - 22:53:49: [l4d_profile_checker_v12.smx] [l4d_profile_checker] #DEBUG: sFriendID 76561199083131683
L 10/22/2020 - 22:53:49: [l4d_profile_checker_v12.smx] [l4d_profile_checker] #DEBUG: begin search in whitelist 76561199083131683
L 10/22/2020 - 22:53:49: [l4d_profile_checker_v12.smx] [l4d_profile_checker] #DEBUG: link profiles/76561199083131683/?xml=1
L 10/22/2020 - 22:56:19: [l4d_profile_checker_v12.smx] [l4d_profile_checker] #DEBUG: sFriendID 76561198134688886
L 10/22/2020 - 22:56:19: [l4d_profile_checker_v12.smx] [l4d_profile_checker] #DEBUG: begin search in whitelist 76561198134688886
L 10/22/2020 - 22:56:19: [l4d_profile_checker_v12.smx] [l4d_profile_checker] #DEBUG: link profiles/76561198134688886/?xml=1
L 10/22/2020 - 22:56:40: [l4d_profile_checker_v12.smx] [l4d_profile_checker] #DEBUG: sFriendID 76561199011449765
L 10/22/2020 - 22:56:40: [l4d_profile_checker_v12.smx] [l4d_profile_checker] #DEBUG: begin search in whitelist 76561199011449765
L 10/22/2020 - 22:56:40: [l4d_profile_checker_v12.smx] [l4d_profile_checker] #DEBUG: link profiles/76561199011449765/?xml=1
L 10/22/2020 - 22:56:58: -------- Mapchange to c2m2_fairgrounds --------
L 10/22/2020 - 22:57:04: [basecommands.smx] "Console<0><Console><Console>" changed cvar (cvar "sv_force_time_of_day") (value "0")
L 10/22/2020 - 22:57:04: [basecommands.smx] "Console<0><Console><Console>" changed cvar (cvar "z_witch_damage_per_kill_hit") (value "120")
L 10/22/2020 - 22:57:04: [basecommands.smx] "Console<0><Console><Console>" changed cvar (cvar "z_witch_anger_rate") (value "0.5")
L 10/22/2020 - 22:57:04: [basecommands.smx] "Console<0><Console><Console>" changed cvar (cvar "z_witch_flashlight_range") (value "2000")
L 10/22/2020 - 22:57:04: [basecommands.smx] "Console<0><Console><Console>" changed cvar (cvar "z_witch_burn_time") (value "100")
L 10/22/2020 - 22:57:04: [basecommands.smx] "Console<0><Console><Console>" changed cvar (cvar "z_tank_health") (value "4333")
L 10/22/2020 - 22:57:04: [basecommands.smx] "Console<0><Console><Console>" changed cvar (cvar "tank_burn_duration") (value "999999")
L 10/22/2020 - 22:57:04: [basecommands.smx] "Console<0><Console><Console>" changed cvar (cvar "z_ghost_delay_min") (value "18")
L 10/22/2020 - 22:57:04: [basecommands.smx] "Console<0><Console><Console>" changed cvar (cvar "z_ghost_delay_max") (value "18")
L 10/22/2020 - 22:57:04: [basecommands.smx] "Console<0><Console><Console>" changed cvar (cvar "versus_tank_chance_intro") (value "1")
L 10/22/2020 - 22:57:04: [basecommands.smx] "Console<0><Console><Console>" changed cvar (cvar "versus_tank_chance_finale") (value "1")
L 10/22/2020 - 22:57:04: [basecommands.smx] "Console<0><Console><Console>" changed cvar (cvar "versus_tank_chance") (value "1")
L 10/22/2020 - 22:57:04: [basecommands.smx] "Console<0><Console><Console>" changed cvar (cvar "versus_witch_chance_intro") (value "0")
L 10/22/2020 - 22:57:04: [basecommands.smx] "Console<0><Console><Console>" changed cvar (cvar "versus_witch_chance_finale") (value "0")
L 10/22/2020 - 22:57:04: [basecommands.smx] "Console<0><Console><Console>" changed cvar (cvar "versus_witch_chance") (value "1")
L 10/22/2020 - 22:57:04: [basecommands.smx] "Console<0><Console><Console>" changed cvar (cvar "boomer_vomit_delay") (value "0.1")
L 10/22/2020 - 22:57:04: [basecommands.smx] "Console<0><Console><Console>" changed cvar (cvar "smoker_tongue_delay") (value "0.1")
L 10/22/2020 - 22:57:04: [basecommands.smx] "Console<0><Console><Console>" changed cvar (cvar "vs_survival_bonus") (value "35")
L 10/22/2020 - 22:57:04: [basecommands.smx] "Console<0><Console><Console>" changed cvar (cvar "hostname") (value "Versus")
L 10/22/2020 - 22:57:39: [l4d_profile_checker_v12.smx] [l4d_profile_checker] #DEBUG: sFriendID 76561198217562463
L 10/22/2020 - 22:57:39: [l4d_profile_checker_v12.smx] [l4d_profile_checker] #DEBUG: begin search in whitelist 76561198217562463
L 10/22/2020 - 22:57:39: [l4d_profile_checker_v12.smx] [l4d_profile_checker] #DEBUG: link profiles/76561198217562463/?xml=1
L 10/22/2020 - 22:58:54: [l4d_profile_checker_v12.smx] [l4d_profile_checker] #DEBUG: sFriendID 76561199060189853
L 10/22/2020 - 22:58:54: [l4d_profile_checker_v12.smx] [l4d_profile_checker] #DEBUG: begin search in whitelist 76561199060189853
L 10/22/2020 - 22:58:54: [l4d_profile_checker_v12.smx] [l4d_profile_checker] #DEBUG: link profiles/76561199060189853/?xml=1
L 10/22/2020 - 22:59:13: [l4d_profile_checker_v12.smx] [l4d_profile_checker] #DEBUG: sFriendID 76561198271688675
L 10/22/2020 - 22:59:13: [l4d_profile_checker_v12.smx] [l4d_profile_checker] #DEBUG: begin search in whitelist 76561198271688675
L 10/22/2020 - 22:59:13: [l4d_profile_checker_v12.smx] [l4d_profile_checker] #DEBUG: link profiles/76561198271688675/?xml=1
L 10/22/2020 - 23:01:18: [l4d_profile_checker_v12.smx] [l4d_profile_checker] #DEBUG: sFriendID 76561198037242823
L 10/22/2020 - 23:01:18: [l4d_profile_checker_v12.smx] [l4d_profile_checker] #DEBUG: begin search in whitelist 76561198037242823
L 10/22/2020 - 23:01:18: [l4d_profile_checker_v12.smx] [l4d_profile_checker] #DEBUG: link profiles/76561198037242823/?xml=1
L 10/22/2020 - 23:01:51: [l4d_profile_checker_v12.smx] [l4d_profile_checker] #DEBUG: sFriendID 76561198829563722
L 10/22/2020 - 23:01:51: [l4d_profile_checker_v12.smx] [l4d_profile_checker] #DEBUG: begin search in whitelist 76561198829563722
L 10/22/2020 - 23:01:51: [l4d_profile_checker_v12.smx] [l4d_profile_checker] #DEBUG: link profiles/76561198829563722/?xml=1
L 10/22/2020 - 23:03:16: [l4d_profile_checker_v12.smx] [l4d_profile_checker] #DEBUG: sFriendID 76561198453063656
L 10/22/2020 - 23:03:16: [l4d_profile_checker_v12.smx] [l4d_profile_checker] #DEBUG: begin search in whitelist 76561198453063656
L 10/22/2020 - 23:03:16: [l4d_profile_checker_v12.smx] [l4d_profile_checker] #DEBUG: link profiles/76561198453063656/?xml=1
L 10/22/2020 - 23:06:59: [l4d_profile_checker_v12.smx] [l4d_profile_checker] #DEBUG: sFriendID 76561199084508301
L 10/22/2020 - 23:07:00: [l4d_profile_checker_v12.smx] [l4d_profile_checker] #DEBUG: begin search in whitelist 76561199084508301
L 10/22/2020 - 23:07:00: [l4d_profile_checker_v12.smx] [l4d_profile_checker] #DEBUG: link profiles/76561199084508301/?xml=1
L 10/22/2020 - 23:07:14: [l4d_profile_checker_v12.smx] [l4d_profile_checker] #DEBUG: sFriendID 76561198204416173
L 10/22/2020 - 23:07:14: [l4d_profile_checker_v12.smx] [l4d_profile_checker] #DEBUG: begin search in whitelist 76561198204416173
L 10/22/2020 - 23:07:14: [l4d_profile_checker_v12.smx] [l4d_profile_checker] #DEBUG: link profiles/76561198204416173/?xml=1
L 10/22/2020 - 23:08:52: [basecommands.smx] "Duяåznlто™<3><STEAM_1:1:4151444><>" kicked "CHKS<84><STEAM_1:1:122075222><>" (reason "")
L 10/22/2020 - 23:10:37: [l4d_profile_checker_v12.smx] [l4d_profile_checker] #DEBUG: sFriendID 76561199041265942
L 10/22/2020 - 23:10:37: [l4d_profile_checker_v12.smx] [l4d_profile_checker] #DEBUG: begin search in whitelist 76561199041265942
L 10/22/2020 - 23:10:37: [l4d_profile_checker_v12.smx] [l4d_profile_checker] #DEBUG: link profiles/76561199041265942/?xml=1
L 10/22/2020 - 23:11:32: [l4d_profile_checker_v12.smx] [l4d_profile_checker] #DEBUG: sFriendID 76561198330184311
L 10/22/2020 - 23:11:32: [l4d_profile_checker_v12.smx] [l4d_profile_checker] #DEBUG: begin search in whitelist 76561198330184311
L 10/22/2020 - 23:11:32: [l4d_profile_checker_v12.smx] [l4d_profile_checker] #DEBUG: link profiles/76561198330184311/?xml=1
L 10/22/2020 - 23:13:29: -------- Mapchange to c2m3_coaster --------
L 10/22/2020 - 23:13:34: [basecommands.smx] "Console<0><Console><Console>" changed cvar (cvar "sv_force_time_of_day") (value "0")
L 10/22/2020 - 23:13:34: [basecommands.smx] "Console<0><Console><Console>" changed cvar (cvar "z_witch_damage_per_kill_hit") (value "120")
L 10/22/2020 - 23:13:34: [basecommands.smx] "Console<0><Console><Console>" changed cvar (cvar "z_witch_anger_rate") (value "0.5")
L 10/22/2020 - 23:13:34: [basecommands.smx] "Console<0><Console><Console>" changed cvar (cvar "z_witch_flashlight_range") (value "2000")
L 10/22/2020 - 23:13:34: [basecommands.smx] "Console<0><Console><Console>" changed cvar (cvar "z_witch_burn_time") (value "100")
L 10/22/2020 - 23:13:34: [basecommands.smx] "Console<0><Console><Console>" changed cvar (cvar "z_tank_health") (value "4333")
L 10/22/2020 - 23:13:34: [basecommands.smx] "Console<0><Console><Console>" changed cvar (cvar "tank_burn_duration") (value "999999")
L 10/22/2020 - 23:13:34: [basecommands.smx] "Console<0><Console><Console>" changed cvar (cvar "z_ghost_delay_min") (value "18")
L 10/22/2020 - 23:13:34: [basecommands.smx] "Console<0><Console><Console>" changed cvar (cvar "z_ghost_delay_max") (value "18")
L 10/22/2020 - 23:13:34: [basecommands.smx] "Console<0><Console><Console>" changed cvar (cvar "versus_tank_chance_intro") (value "1")
L 10/22/2020 - 23:13:34: [basecommands.smx] "Console<0><Console><Console>" changed cvar (cvar "versus_tank_chance_finale") (value "1")
L 10/22/2020 - 23:13:34: [basecommands.smx] "Console<0><Console><Console>" changed cvar (cvar "versus_tank_chance") (value "1")
L 10/22/2020 - 23:13:34: [basecommands.smx] "Console<0><Console><Console>" changed cvar (cvar "versus_witch_chance_intro") (value "0")
L 10/22/2020 - 23:13:34: [basecommands.smx] "Console<0><Console><Console>" changed cvar (cvar "versus_witch_chance_finale") (value "0")
L 10/22/2020 - 23:13:34: [basecommands.smx] "Console<0><Console><Console>" changed cvar (cvar "versus_witch_chance") (value "1")
L 10/22/2020 - 23:13:34: [basecommands.smx] "Console<0><Console><Console>" changed cvar (cvar "boomer_vomit_delay") (value "0.1")
L 10/22/2020 - 23:13:34: [basecommands.smx] "Console<0><Console><Console>" changed cvar (cvar "smoker_tongue_delay") (value "0.1")
L 10/22/2020 - 23:13:34: [basecommands.smx] "Console<0><Console><Console>" changed cvar (cvar "vs_survival_bonus") (value "35")
L 10/22/2020 - 23:13:34: [basecommands.smx] "Console<0><Console><Console>" changed cvar (cvar "hostname") (value "Versus")
L 10/22/2020 - 23:14:51: [l4d_profile_checker_v12.smx] [l4d_profile_checker] #DEBUG: sFriendID 76561199038054027
L 10/22/2020 - 23:14:51: [l4d_profile_checker_v12.smx] [l4d_profile_checker] #DEBUG: begin search in whitelist 76561199038054027
L 10/22/2020 - 23:14:51: [l4d_profile_checker_v12.smx] [l4d_profile_checker] #DEBUG: link profiles/76561199038054027/?xml=1
L 10/22/2020 - 23:15:31: [l4d_profile_checker_v12.smx] [l4d_profile_checker] #DEBUG: sFriendID 76561199056728351
L 10/22/2020 - 23:15:31: [l4d_profile_checker_v12.smx] [l4d_profile_checker] #DEBUG: begin search in whitelist 76561199056728351
L 10/22/2020 - 23:15:31: [l4d_profile_checker_v12.smx] [l4d_profile_checker] #DEBUG: link profiles/76561199056728351/?xml=1
L 10/22/2020 - 23:17:04: [l4d_profile_checker_v12.smx] [l4d_profile_checker] #DEBUG: sFriendID 76561198348722277
L 10/22/2020 - 23:17:04: [l4d_profile_checker_v12.smx] [l4d_profile_checker] #DEBUG: begin search in whitelist 76561198348722277
L 10/22/2020 - 23:17:04: [l4d_profile_checker_v12.smx] [l4d_profile_checker] #DEBUG: link profiles/76561198348722277/?xml=1
L 10/22/2020 - 23:17:08: [l4d_profile_checker_v12.smx] [l4d_profile_checker] #DEBUG: sFriendID 76561198083523442
L 10/22/2020 - 23:17:08: [l4d_profile_checker_v12.smx] [l4d_profile_checker] #DEBUG: begin search in whitelist 76561198083523442
L 10/22/2020 - 23:17:08: [l4d_profile_checker_v12.smx] [l4d_profile_checker] #DEBUG: link profiles/76561198083523442/?xml=1
L 10/22/2020 - 23:20:22: [admin_hp.smx]  
L 10/22/2020 - 23:21:39: [l4d_profile_checker_v12.smx] [l4d_profile_checker] #DEBUG: sFriendID 76561199004790756
L 10/22/2020 - 23:21:39: [l4d_profile_checker_v12.smx] [l4d_profile_checker] #DEBUG: begin search in whitelist 76561199004790756
L 10/22/2020 - 23:21:39: [l4d_profile_checker_v12.smx] [l4d_profile_checker] #DEBUG: link profiles/76561199004790756/?xml=1
L 10/22/2020 - 23:22:07: [l4d_profile_checker_v12.smx] [l4d_profile_checker] #DEBUG: sFriendID 76561198796472520
L 10/22/2020 - 23:22:07: [l4d_profile_checker_v12.smx] [l4d_profile_checker] #DEBUG: begin search in whitelist 76561198796472520
L 10/22/2020 - 23:22:07: [l4d_profile_checker_v12.smx] [l4d_profile_checker] #DEBUG: link profiles/76561198796472520/?xml=1
L 10/22/2020 - 23:24:13: -------- Mapchange to c2m4_barns --------
L 10/22/2020 - 23:24:18: [basecommands.smx] "Console<0><Console><Console>" changed cvar (cvar "sv_force_time_of_day") (value "0")
L 10/22/2020 - 23:24:18: [basecommands.smx] "Console<0><Console><Console>" changed cvar (cvar "z_witch_damage_per_kill_hit") (value "120")
L 10/22/2020 - 23:24:18: [basecommands.smx] "Console<0><Console><Console>" changed cvar (cvar "z_witch_anger_rate") (value "0.5")
L 10/22/2020 - 23:24:19: [basecommands.smx] "Console<0><Console><Console>" changed cvar (cvar "z_witch_flashlight_range") (value "2000")
L 10/22/2020 - 23:24:19: [basecommands.smx] "Console<0><Console><Console>" changed cvar (cvar "z_witch_burn_time") (value "100")
L 10/22/2020 - 23:24:19: [basecommands.smx] "Console<0><Console><Console>" changed cvar (cvar "z_tank_health") (value "4333")
L 10/22/2020 - 23:24:19: [basecommands.smx] "Console<0><Console><Console>" changed cvar (cvar "tank_burn_duration") (value "999999")
L 10/22/2020 - 23:24:19: [basecommands.smx] "Console<0><Console><Console>" changed cvar (cvar "z_ghost_delay_min") (value "18")
L 10/22/2020 - 23:24:19: [basecommands.smx] "Console<0><Console><Console>" changed cvar (cvar "z_ghost_delay_max") (value "18")
L 10/22/2020 - 23:24:19: [basecommands.smx] "Console<0><Console><Console>" changed cvar (cvar "versus_tank_chance_intro") (value "1")
L 10/22/2020 - 23:24:19: [basecommands.smx] "Console<0><Console><Console>" changed cvar (cvar "versus_tank_chance_finale") (value "1")
L 10/22/2020 - 23:24:19: [basecommands.smx] "Console<0><Console><Console>" changed cvar (cvar "versus_tank_chance") (value "1")
L 10/22/2020 - 23:24:19: [basecommands.smx] "Console<0><Console><Console>" changed cvar (cvar "versus_witch_chance_intro") (value "0")
L 10/22/2020 - 23:24:19: [basecommands.smx] "Console<0><Console><Console>" changed cvar (cvar "versus_witch_chance_finale") (value "0")
L 10/22/2020 - 23:24:19: [basecommands.smx] "Console<0><Console><Console>" changed cvar (cvar "versus_witch_chance") (value "1")
L 10/22/2020 - 23:24:19: [basecommands.smx] "Console<0><Console><Console>" changed cvar (cvar "boomer_vomit_delay") (value "0.1")
L 10/22/2020 - 23:24:19: [basecommands.smx] "Console<0><Console><Console>" changed cvar (cvar "smoker_tongue_delay") (value "0.1")
L 10/22/2020 - 23:24:19: [basecommands.smx] "Console<0><Console><Console>" changed cvar (cvar "vs_survival_bonus") (value "35")
L 10/22/2020 - 23:24:19: [basecommands.smx] "Console<0><Console><Console>" changed cvar (cvar "hostname") (value "Versus")
L 10/22/2020 - 23:25:22: [l4d_profile_checker_v12.smx] [l4d_profile_checker] #DEBUG: sFriendID 76561198984283839
L 10/22/2020 - 23:25:22: [l4d_profile_checker_v12.smx] [l4d_profile_checker] #DEBUG: begin search in whitelist 76561198984283839
L 10/22/2020 - 23:25:22: [l4d_profile_checker_v12.smx] [l4d_profile_checker] #DEBUG: link profiles/76561198984283839/?xml=1
L 10/22/2020 - 23:26:47: [l4d_profile_checker_v12.smx] [l4d_profile_checker] #DEBUG: sFriendID 76561198129417050
L 10/22/2020 - 23:26:47: [l4d_profile_checker_v12.smx] [l4d_profile_checker] #DEBUG: begin search in whitelist 76561198129417050
L 10/22/2020 - 23:26:47: [l4d_profile_checker_v12.smx] [l4d_profile_checker] #DEBUG: link profiles/76561198129417050/?xml=1
L 10/22/2020 - 23:27:44: [l4d_profile_checker_v12.smx] [l4d_profile_checker] #DEBUG: sFriendID 76561199008857522
L 10/22/2020 - 23:27:44: [l4d_profile_checker_v12.smx] [l4d_profile_checker] #DEBUG: begin search in whitelist 76561199008857522
L 10/22/2020 - 23:27:44: [l4d_profile_checker_v12.smx] [l4d_profile_checker] #DEBUG: link profiles/76561199008857522/?xml=1
L 10/22/2020 - 23:32:41: [playercommands.smx] "♛ Rain ♛<2><STEAM_1:0:162762726><>" slayed "Coach<165><BOT><>"
L 10/22/2020 - 23:34:16: [l4d_profile_checker_v12.smx] [l4d_profile_checker] #DEBUG: sFriendID 76561199004790756
L 10/22/2020 - 23:34:16: [l4d_profile_checker_v12.smx] [l4d_profile_checker] #DEBUG: begin search in whitelist 76561199004790756
L 10/22/2020 - 23:34:16: [l4d_profile_checker_v12.smx] [l4d_profile_checker] #DEBUG: link profiles/76561199004790756/?xml=1
L 10/22/2020 - 23:36:19: [l4d_profile_checker_v12.smx] [l4d_profile_checker] #DEBUG: sFriendID 76561198448929041
L 10/22/2020 - 23:36:19: [l4d_profile_checker_v12.smx] [l4d_profile_checker] #DEBUG: begin search in whitelist 76561198448929041
L 10/22/2020 - 23:36:19: [l4d_profile_checker_v12.smx] [l4d_profile_checker] #DEBUG: link profiles/76561198448929041/?xml=1
