L 08/12/2021 - 01:35:06: SourceMod log file session started (file "D:\Steam\steamapps\common\Left 4 Dead 2\left4dead2\addons\sourcemod\logs\L20210812.log") (Version "1.10.0.6492")
L 08/12/2021 - 01:35:06: [simplewelcomemsg.smx] Set the maximum number of lines of.
L 08/12/2021 - 01:35:09: [basecommands.smx] "Console<0><Console><Console>" changed cvar (cvar "sv_force_time_of_day") (value "0")
L 08/12/2021 - 01:35:09: [basecommands.smx] "Console<0><Console><Console>" changed cvar (cvar "z_witch_damage_per_kill_hit") (value "120")
L 08/12/2021 - 01:35:09: [basecommands.smx] "Console<0><Console><Console>" changed cvar (cvar "z_witch_anger_rate") (value "0.4")
L 08/12/2021 - 01:35:09: [basecommands.smx] "Console<0><Console><Console>" changed cvar (cvar "z_witch_flashlight_range") (value "2000")
L 08/12/2021 - 01:35:09: [basecommands.smx] "Console<0><Console><Console>" changed cvar (cvar "z_witch_burn_time") (value "100")
L 08/12/2021 - 01:35:09: [basecommands.smx] "Console<0><Console><Console>" changed cvar (cvar "z_tank_health") (value "4000")
L 08/12/2021 - 01:35:09: [basecommands.smx] "Console<0><Console><Console>" changed cvar (cvar "z_ghost_delay_min") (value "15")
L 08/12/2021 - 01:35:09: [basecommands.smx] "Console<0><Console><Console>" changed cvar (cvar "z_ghost_delay_max") (value "15")
L 08/12/2021 - 01:35:09: [basecommands.smx] "Console<0><Console><Console>" changed cvar (cvar "z_hunter_limit") (value "1")
L 08/12/2021 - 01:35:09: [basecommands.smx] "Console<0><Console><Console>" changed cvar (cvar "z_smoker_limit") (value "1")
L 08/12/2021 - 01:35:09: [basecommands.smx] "Console<0><Console><Console>" changed cvar (cvar "z_jockey_limit") (value "1")
L 08/12/2021 - 01:35:09: [basecommands.smx] "Console<0><Console><Console>" changed cvar (cvar "versus_tank_chance_intro") (value "1")
L 08/12/2021 - 01:35:09: [basecommands.smx] "Console<0><Console><Console>" changed cvar (cvar "versus_tank_chance_finale") (value "1")
L 08/12/2021 - 01:35:09: [basecommands.smx] "Console<0><Console><Console>" changed cvar (cvar "versus_tank_chance") (value "1")
L 08/12/2021 - 01:35:09: [basecommands.smx] "Console<0><Console><Console>" changed cvar (cvar "versus_witch_chance_intro") (value "0")
L 08/12/2021 - 01:35:09: [basecommands.smx] "Console<0><Console><Console>" changed cvar (cvar "versus_witch_chance_finale") (value "0")
L 08/12/2021 - 01:35:09: [basecommands.smx] "Console<0><Console><Console>" changed cvar (cvar "versus_witch_chance") (value "1")
L 08/12/2021 - 01:35:09: [basecommands.smx] "Console<0><Console><Console>" changed cvar (cvar "director_force_tank") (value "1")
L 08/12/2021 - 01:35:09: [basecommands.smx] "Console<0><Console><Console>" changed cvar (cvar "versus_boss_flow_min") (value "0.4")
L 08/12/2021 - 01:35:09: [basecommands.smx] "Console<0><Console><Console>" changed cvar (cvar "versus_boss_flow_max") (value "0.6")
L 08/12/2021 - 01:35:09: [basecommands.smx] "Console<0><Console><Console>" changed cvar (cvar "versus_boss_flow_min_intro") (value "0.1")
L 08/12/2021 - 01:35:09: [basecommands.smx] "Console<0><Console><Console>" changed cvar (cvar "versus_boss_flow_max_intro") (value "0.2")
L 08/12/2021 - 01:35:09: [basecommands.smx] "Console<0><Console><Console>" changed cvar (cvar "versus_boss_flow_min_finale") (value "0.1")
L 08/12/2021 - 01:35:09: [basecommands.smx] "Console<0><Console><Console>" changed cvar (cvar "versus_boss_flow_max_finale") (value "0.2")
L 08/12/2021 - 01:35:09: [basecommands.smx] "Console<0><Console><Console>" changed cvar (cvar "boomer_vomit_delay") (value "0.1")
L 08/12/2021 - 01:35:09: [basecommands.smx] "Console<0><Console><Console>" changed cvar (cvar "smoker_tongue_delay") (value "0.1")
L 08/12/2021 - 01:35:09: [basecommands.smx] "Console<0><Console><Console>" changed cvar (cvar "vs_survival_bonus") (value "35")
L 08/12/2021 - 01:35:09: [basecommands.smx] "Console<0><Console><Console>" changed cvar (cvar "z_tank_throw_health") (value "10")
L 08/12/2021 - 01:35:09: [basecommands.smx] "Console<0><Console><Console>" changed cvar (cvar "sv_client_min_interp_ratio") (value "-1")
L 08/12/2021 - 01:35:09: [basecommands.smx] "Console<0><Console><Console>" changed cvar (cvar "sv_client_max_interp_ratio") (value "0")
L 08/12/2021 - 01:35:09: [basecommands.smx] "Console<0><Console><Console>" changed cvar (cvar "sv_minrate") (value "100000")
L 08/12/2021 - 01:35:09: [basecommands.smx] "Console<0><Console><Console>" changed cvar (cvar "sv_maxrate") (value "100000")
L 08/12/2021 - 01:35:09: [basecommands.smx] "Console<0><Console><Console>" changed cvar (cvar "sv_mincmdrate") (value "100")
L 08/12/2021 - 01:35:09: [basecommands.smx] "Console<0><Console><Console>" changed cvar (cvar "sv_maxcmdrate") (value "100")
L 08/12/2021 - 01:35:09: [basecommands.smx] "Console<0><Console><Console>" changed cvar (cvar "sv_minupdaterate") (value "100")
L 08/12/2021 - 01:35:09: [basecommands.smx] "Console<0><Console><Console>" changed cvar (cvar "sv_maxupdaterate") (value "100")
L 08/12/2021 - 01:35:09: [basecommands.smx] "Console<0><Console><Console>" changed cvar (cvar "nb_update_frequency") (value "0.014")
L 08/12/2021 - 01:35:09: [basecommands.smx] "Console<0><Console><Console>" changed cvar (cvar "net_splitpacket_maxrate") (value "50000")
L 08/12/2021 - 01:35:09: [basecommands.smx] "Console<0><Console><Console>" changed cvar (cvar "fps_max") (value "0")
L 08/12/2021 - 01:35:09: [basecommands.smx] "Console<0><Console><Console>" changed cvar (cvar "hostname") (value "Versus")
L 08/12/2021 - 01:36:31: Log file closed.
L 08/12/2021 - 16:06:39: SourceMod log file session started (file "D:\Steam\steamapps\common\Left 4 Dead 2\left4dead2\addons\sourcemod\logs\L20210812.log") (Version "1.10.0.6492")
L 08/12/2021 - 16:06:39: [simplewelcomemsg.smx] Set the maximum number of lines of.
L 08/12/2021 - 16:06:47: [basecommands.smx] "Console<0><Console><Console>" changed cvar (cvar "sv_force_time_of_day") (value "0")
L 08/12/2021 - 16:06:47: [basecommands.smx] "Console<0><Console><Console>" changed cvar (cvar "z_witch_damage_per_kill_hit") (value "120")
L 08/12/2021 - 16:06:47: [basecommands.smx] "Console<0><Console><Console>" changed cvar (cvar "z_witch_anger_rate") (value "0.4")
L 08/12/2021 - 16:06:47: [basecommands.smx] "Console<0><Console><Console>" changed cvar (cvar "z_witch_flashlight_range") (value "2000")
L 08/12/2021 - 16:06:47: [basecommands.smx] "Console<0><Console><Console>" changed cvar (cvar "z_witch_burn_time") (value "100")
L 08/12/2021 - 16:06:47: [basecommands.smx] "Console<0><Console><Console>" changed cvar (cvar "z_tank_health") (value "4000")
L 08/12/2021 - 16:06:47: [basecommands.smx] "Console<0><Console><Console>" changed cvar (cvar "z_ghost_delay_min") (value "15")
L 08/12/2021 - 16:06:47: [basecommands.smx] "Console<0><Console><Console>" changed cvar (cvar "z_ghost_delay_max") (value "15")
L 08/12/2021 - 16:06:47: [basecommands.smx] "Console<0><Console><Console>" changed cvar (cvar "z_hunter_limit") (value "1")
L 08/12/2021 - 16:06:47: [basecommands.smx] "Console<0><Console><Console>" changed cvar (cvar "z_smoker_limit") (value "1")
L 08/12/2021 - 16:06:47: [basecommands.smx] "Console<0><Console><Console>" changed cvar (cvar "z_jockey_limit") (value "1")
L 08/12/2021 - 16:06:47: [basecommands.smx] "Console<0><Console><Console>" changed cvar (cvar "versus_tank_chance_intro") (value "1")
L 08/12/2021 - 16:06:47: [basecommands.smx] "Console<0><Console><Console>" changed cvar (cvar "versus_tank_chance_finale") (value "1")
L 08/12/2021 - 16:06:47: [basecommands.smx] "Console<0><Console><Console>" changed cvar (cvar "versus_tank_chance") (value "1")
L 08/12/2021 - 16:06:47: [basecommands.smx] "Console<0><Console><Console>" changed cvar (cvar "versus_witch_chance_intro") (value "0")
L 08/12/2021 - 16:06:47: [basecommands.smx] "Console<0><Console><Console>" changed cvar (cvar "versus_witch_chance_finale") (value "0")
L 08/12/2021 - 16:06:47: [basecommands.smx] "Console<0><Console><Console>" changed cvar (cvar "versus_witch_chance") (value "1")
L 08/12/2021 - 16:06:47: [basecommands.smx] "Console<0><Console><Console>" changed cvar (cvar "director_force_tank") (value "1")
L 08/12/2021 - 16:06:47: [basecommands.smx] "Console<0><Console><Console>" changed cvar (cvar "versus_boss_flow_min") (value "0.4")
L 08/12/2021 - 16:06:47: [basecommands.smx] "Console<0><Console><Console>" changed cvar (cvar "versus_boss_flow_max") (value "0.6")
L 08/12/2021 - 16:06:47: [basecommands.smx] "Console<0><Console><Console>" changed cvar (cvar "versus_boss_flow_min_intro") (value "0.1")
L 08/12/2021 - 16:06:47: [basecommands.smx] "Console<0><Console><Console>" changed cvar (cvar "versus_boss_flow_max_intro") (value "0.2")
L 08/12/2021 - 16:06:47: [basecommands.smx] "Console<0><Console><Console>" changed cvar (cvar "versus_boss_flow_min_finale") (value "0.1")
L 08/12/2021 - 16:06:47: [basecommands.smx] "Console<0><Console><Console>" changed cvar (cvar "versus_boss_flow_max_finale") (value "0.2")
L 08/12/2021 - 16:06:47: [basecommands.smx] "Console<0><Console><Console>" changed cvar (cvar "boomer_vomit_delay") (value "0.1")
L 08/12/2021 - 16:06:47: [basecommands.smx] "Console<0><Console><Console>" changed cvar (cvar "smoker_tongue_delay") (value "0.1")
L 08/12/2021 - 16:06:47: [basecommands.smx] "Console<0><Console><Console>" changed cvar (cvar "vs_survival_bonus") (value "35")
L 08/12/2021 - 16:06:47: [basecommands.smx] "Console<0><Console><Console>" changed cvar (cvar "z_tank_throw_health") (value "10")
L 08/12/2021 - 16:06:47: [basecommands.smx] "Console<0><Console><Console>" changed cvar (cvar "sv_client_min_interp_ratio") (value "-1")
L 08/12/2021 - 16:06:47: [basecommands.smx] "Console<0><Console><Console>" changed cvar (cvar "sv_client_max_interp_ratio") (value "0")
L 08/12/2021 - 16:06:47: [basecommands.smx] "Console<0><Console><Console>" changed cvar (cvar "sv_minrate") (value "100000")
L 08/12/2021 - 16:06:47: [basecommands.smx] "Console<0><Console><Console>" changed cvar (cvar "sv_maxrate") (value "100000")
L 08/12/2021 - 16:06:47: [basecommands.smx] "Console<0><Console><Console>" changed cvar (cvar "sv_mincmdrate") (value "100")
L 08/12/2021 - 16:06:47: [basecommands.smx] "Console<0><Console><Console>" changed cvar (cvar "sv_maxcmdrate") (value "100")
L 08/12/2021 - 16:06:47: [basecommands.smx] "Console<0><Console><Console>" changed cvar (cvar "sv_minupdaterate") (value "100")
L 08/12/2021 - 16:06:47: [basecommands.smx] "Console<0><Console><Console>" changed cvar (cvar "sv_maxupdaterate") (value "100")
L 08/12/2021 - 16:06:47: [basecommands.smx] "Console<0><Console><Console>" changed cvar (cvar "nb_update_frequency") (value "0.014")
L 08/12/2021 - 16:06:47: [basecommands.smx] "Console<0><Console><Console>" changed cvar (cvar "net_splitpacket_maxrate") (value "50000")
L 08/12/2021 - 16:06:47: [basecommands.smx] "Console<0><Console><Console>" changed cvar (cvar "fps_max") (value "0")
L 08/12/2021 - 16:06:47: [basecommands.smx] "Console<0><Console><Console>" changed cvar (cvar "hostname") (value "Versus")
L 08/12/2021 - 16:08:52: [l4d2_skill_detect.smx] Clear: 2 freed 3 from 8: time: -1.00 / 1.54 -- class: smoker (with shove? 0)
L 08/12/2021 - 16:09:31: [l4d2_skill_detect.smx] Charge carry start: 6 - 2 -- time: 163.61
L 08/12/2021 - 16:09:34: [l4d2_skill_detect.smx] Clear: 1 freed 2 from 6: time: 0.53 / 2.58 -- class: charger (with shove? 0)
L 08/12/2021 - 16:09:35: [l4d2_skill_detect.smx] Checking charge victim: 6 - 3 - flags: 0 (alive? 1)
L 08/12/2021 - 16:09:35: [l4d2_skill_detect.smx] Checking charge victim: 6 - 2 - flags: 1 (alive? 1)
L 08/12/2021 - 16:11:18: [l4d2_skill_detect.smx] Clear: 3 freed 2 from 8: time: -1.00 / 3.54 -- class: smoker (with shove? 0)
L 08/12/2021 - 16:11:48: [l4d2_skill_detect.smx] Clear: 3 freed 1 from 8: time: 2.01 / -1.00 -- class: hunter (with shove? 1)
L 08/12/2021 - 16:12:46: [l4d2_skill_detect.smx] Clear: 8 freed 7 from 6: time: 1.80 / -1.00 -- class: jockey (with shove? 1)
L 08/12/2021 - 16:12:54: [l4d2_skill_detect.smx] Clear: 2 freed 7 from 9: time: -1.00 / 0.64 -- class: smoker (with shove? 0)
L 08/12/2021 - 16:13:33: [l4d2_skill_detect.smx] Clear: 1 freed 7 from 10: time: 2.14 / -1.00 -- class: jockey (with shove? 0)
L 08/12/2021 - 16:14:10: [l4d2_skill_detect.smx] Charge carry start: 3 - 7 -- time: 441.94
L 08/12/2021 - 16:14:10: [l4d2_skill_detect.smx] Clear: 2 freed 7 from 3: time: 0.00 / 0.37 -- class: charger (with shove? 0)
L 08/12/2021 - 16:14:13: [l4d2_skill_detect.smx] Checking charge victim: 3 - 7 - flags: 1 (alive? 1)
L 08/12/2021 - 16:14:16: [l4d2_skill_detect.smx] Clear: 2 freed 1 from 5: time: -1.00 / 2.33 -- class: smoker (with shove? 1)
L 08/12/2021 - 16:15:32: [l4d2_skill_detect.smx] Clear: 8 freed 1 from 3: time: 3.08 / 4.59 -- class: smoker (with shove? 0)
L 08/12/2021 - 16:15:39: [l4d2_skill_detect.smx] Clear: 1 freed 7 from 5: time: 2.92 / -1.00 -- class: jockey (with shove? 1)
L 08/12/2021 - 16:16:17: [l4d2_skill_detect.smx] Clear: 8 freed 7 from 4: time: 0.17 / 4.94 -- class: smoker (with shove? 0)
L 08/12/2021 - 16:16:44: [l4d2_skill_detect.smx] Clear: 7 freed 8 from 6: time: -1.00 / 3.05 -- class: smoker (with shove? 0)
L 08/12/2021 - 16:16:44: [l4d2_skill_detect.smx] Charge carry start: 4 - 1 -- time: 595.90
L 08/12/2021 - 16:16:49: [l4d2_skill_detect.smx] Checking charge victim: 4 - 1 - flags: 1 (alive? 1)
L 08/12/2021 - 16:16:50: [l4d2_skill_detect.smx] Clear: 7 freed 1 from 4: time: 2.95 / 6.03 -- class: charger (with shove? 0)
L 08/12/2021 - 16:17:06: [l4d2_skill_detect.smx] Clear: 8 freed 2 from 3: time: 1.19 / -1.00 -- class: hunter (with shove? 0)
L 08/12/2021 - 16:17:12: [l4d2_skill_detect.smx] calarm trigger: caller 833 / activator 833 / delay: 0.00
L 08/12/2021 - 16:17:15: [l4d2_skill_detect.smx] Clear: 2 freed 7 from 4: time: 1.86 / -1.00 -- class: jockey (with shove? 0)
L 08/12/2021 - 16:21:31: [l4d2_skill_detect.smx] Clear: 11 freed 3 from 7: time: 1.26 / -1.00 -- class: hunter (with shove? 0)
L 08/12/2021 - 16:22:22: [l4d2_skill_detect.smx] Clear: 10 freed 11 from 8: time: 1.02 / -1.00 -- class: hunter (with shove? 0)
L 08/12/2021 - 16:22:23: [l4d2_skill_detect.smx] Charge carry start: 1 - 10 -- time: 935.16
L 08/12/2021 - 16:22:26: [l4d2_skill_detect.smx] Checking charge victim: 1 - 10 - flags: 1 (alive? 1)
L 08/12/2021 - 16:22:27: [l4d2_skill_detect.smx] Checking charge victim: 1 - 5 - flags: 0 (alive? 1)
L 08/12/2021 - 16:22:30: [l4d2_skill_detect.smx] Clear: 5 freed 10 from 1: time: 6.36 / 7.40 -- class: charger (with shove? 0)
L 08/12/2021 - 16:22:40: [l4d2_skill_detect.smx] Clear: 3 freed 5 from 7: time: -1.00 / 1.59 -- class: smoker (with shove? 1)
L 08/12/2021 - 16:23:11: [l4d2_skill_detect.smx] Charge carry start: 7 - 10 -- time: 983.00
L 08/12/2021 - 16:23:13: [l4d2_skill_detect.smx] Clear: 3 freed 10 from 7: time: 1.38 / 2.13 -- class: charger (with shove? 0)
L 08/12/2021 - 16:23:14: [l4d2_skill_detect.smx] Checking charge victim: 7 - 10 - flags: 1 (alive? 1)
L 08/12/2021 - 16:23:39: [l4d2_skill_detect.smx] Clear: 6 freed 5 from 8: time: -1.00 / 3.22 -- class: smoker (with shove? 1)
L 08/12/2021 - 16:23:46: [l4d2_skill_detect.smx] Clear: 11 freed 3 from 7: time: 2.69 / -1.00 -- class: jockey (with shove? 1)
L 08/12/2021 - 16:24:22: [l4d2_skill_detect.smx] Charge carry start: 8 - 3 -- time: 1054.58
L 08/12/2021 - 16:24:25: [l4d2_skill_detect.smx] Clear: 6 freed 3 from 8: time: 1.89 / 2.93 -- class: charger (with shove? 0)
L 08/12/2021 - 16:24:26: [l4d2_skill_detect.smx] Checking charge victim: 8 - 3 - flags: 1 (alive? 1)
L 08/12/2021 - 16:24:29: [l4d2_skill_detect.smx] calarm trigger: caller 802 / activator 802 / delay: 0.00
L 08/12/2021 - 16:24:34: -------- Mapchange to c11m1_greenhouse --------
L 08/12/2021 - 16:24:39: [basecommands.smx] "Console<0><Console><Console>" changed cvar (cvar "sv_force_time_of_day") (value "0")
L 08/12/2021 - 16:24:39: [basecommands.smx] "Console<0><Console><Console>" changed cvar (cvar "z_witch_damage_per_kill_hit") (value "120")
L 08/12/2021 - 16:24:39: [basecommands.smx] "Console<0><Console><Console>" changed cvar (cvar "z_witch_anger_rate") (value "0.4")
L 08/12/2021 - 16:24:39: [basecommands.smx] "Console<0><Console><Console>" changed cvar (cvar "z_witch_flashlight_range") (value "2000")
L 08/12/2021 - 16:24:39: [basecommands.smx] "Console<0><Console><Console>" changed cvar (cvar "z_witch_burn_time") (value "100")
L 08/12/2021 - 16:24:39: [basecommands.smx] "Console<0><Console><Console>" changed cvar (cvar "z_tank_health") (value "4000")
L 08/12/2021 - 16:24:39: [basecommands.smx] "Console<0><Console><Console>" changed cvar (cvar "z_ghost_delay_min") (value "15")
L 08/12/2021 - 16:24:39: [basecommands.smx] "Console<0><Console><Console>" changed cvar (cvar "z_ghost_delay_max") (value "15")
L 08/12/2021 - 16:24:39: [basecommands.smx] "Console<0><Console><Console>" changed cvar (cvar "z_hunter_limit") (value "1")
L 08/12/2021 - 16:24:39: [basecommands.smx] "Console<0><Console><Console>" changed cvar (cvar "z_smoker_limit") (value "1")
L 08/12/2021 - 16:24:39: [basecommands.smx] "Console<0><Console><Console>" changed cvar (cvar "z_jockey_limit") (value "1")
L 08/12/2021 - 16:24:39: [basecommands.smx] "Console<0><Console><Console>" changed cvar (cvar "versus_tank_chance_intro") (value "1")
L 08/12/2021 - 16:24:39: [basecommands.smx] "Console<0><Console><Console>" changed cvar (cvar "versus_tank_chance_finale") (value "1")
L 08/12/2021 - 16:24:39: [basecommands.smx] "Console<0><Console><Console>" changed cvar (cvar "versus_tank_chance") (value "1")
L 08/12/2021 - 16:24:39: [basecommands.smx] "Console<0><Console><Console>" changed cvar (cvar "versus_witch_chance_intro") (value "0")
L 08/12/2021 - 16:24:39: [basecommands.smx] "Console<0><Console><Console>" changed cvar (cvar "versus_witch_chance_finale") (value "0")
L 08/12/2021 - 16:24:39: [basecommands.smx] "Console<0><Console><Console>" changed cvar (cvar "versus_witch_chance") (value "1")
L 08/12/2021 - 16:24:39: [basecommands.smx] "Console<0><Console><Console>" changed cvar (cvar "director_force_tank") (value "1")
L 08/12/2021 - 16:24:39: [basecommands.smx] "Console<0><Console><Console>" changed cvar (cvar "versus_boss_flow_min") (value "0.4")
L 08/12/2021 - 16:24:39: [basecommands.smx] "Console<0><Console><Console>" changed cvar (cvar "versus_boss_flow_max") (value "0.6")
L 08/12/2021 - 16:24:39: [basecommands.smx] "Console<0><Console><Console>" changed cvar (cvar "versus_boss_flow_min_intro") (value "0.1")
L 08/12/2021 - 16:24:39: [basecommands.smx] "Console<0><Console><Console>" changed cvar (cvar "versus_boss_flow_max_intro") (value "0.2")
L 08/12/2021 - 16:24:39: [basecommands.smx] "Console<0><Console><Console>" changed cvar (cvar "versus_boss_flow_min_finale") (value "0.1")
L 08/12/2021 - 16:24:39: [basecommands.smx] "Console<0><Console><Console>" changed cvar (cvar "versus_boss_flow_max_finale") (value "0.2")
L 08/12/2021 - 16:24:39: [basecommands.smx] "Console<0><Console><Console>" changed cvar (cvar "boomer_vomit_delay") (value "0.1")
L 08/12/2021 - 16:24:39: [basecommands.smx] "Console<0><Console><Console>" changed cvar (cvar "smoker_tongue_delay") (value "0.1")
L 08/12/2021 - 16:24:39: [basecommands.smx] "Console<0><Console><Console>" changed cvar (cvar "vs_survival_bonus") (value "35")
L 08/12/2021 - 16:24:39: [basecommands.smx] "Console<0><Console><Console>" changed cvar (cvar "z_tank_throw_health") (value "10")
L 08/12/2021 - 16:24:39: [basecommands.smx] "Console<0><Console><Console>" changed cvar (cvar "sv_client_min_interp_ratio") (value "-1")
L 08/12/2021 - 16:24:39: [basecommands.smx] "Console<0><Console><Console>" changed cvar (cvar "sv_client_max_interp_ratio") (value "0")
L 08/12/2021 - 16:24:39: [basecommands.smx] "Console<0><Console><Console>" changed cvar (cvar "sv_minrate") (value "100000")
L 08/12/2021 - 16:24:39: [basecommands.smx] "Console<0><Console><Console>" changed cvar (cvar "sv_maxrate") (value "100000")
L 08/12/2021 - 16:24:39: [basecommands.smx] "Console<0><Console><Console>" changed cvar (cvar "sv_mincmdrate") (value "100")
L 08/12/2021 - 16:24:39: [basecommands.smx] "Console<0><Console><Console>" changed cvar (cvar "sv_maxcmdrate") (value "100")
L 08/12/2021 - 16:24:39: [basecommands.smx] "Console<0><Console><Console>" changed cvar (cvar "sv_minupdaterate") (value "100")
L 08/12/2021 - 16:24:39: [basecommands.smx] "Console<0><Console><Console>" changed cvar (cvar "sv_maxupdaterate") (value "100")
L 08/12/2021 - 16:24:39: [basecommands.smx] "Console<0><Console><Console>" changed cvar (cvar "nb_update_frequency") (value "0.014")
L 08/12/2021 - 16:24:39: [basecommands.smx] "Console<0><Console><Console>" changed cvar (cvar "net_splitpacket_maxrate") (value "50000")
L 08/12/2021 - 16:24:39: [basecommands.smx] "Console<0><Console><Console>" changed cvar (cvar "fps_max") (value "0")
L 08/12/2021 - 16:24:39: [basecommands.smx] "Console<0><Console><Console>" changed cvar (cvar "hostname") (value "Versus")
L 08/12/2021 - 16:26:36: -------- Mapchange to c1m1_hotel --------
L 08/12/2021 - 16:26:40: [basecommands.smx] "Console<0><Console><Console>" changed cvar (cvar "sv_force_time_of_day") (value "0")
L 08/12/2021 - 16:26:40: [basecommands.smx] "Console<0><Console><Console>" changed cvar (cvar "z_witch_damage_per_kill_hit") (value "120")
L 08/12/2021 - 16:26:40: [basecommands.smx] "Console<0><Console><Console>" changed cvar (cvar "z_witch_anger_rate") (value "0.4")
L 08/12/2021 - 16:26:40: [basecommands.smx] "Console<0><Console><Console>" changed cvar (cvar "z_witch_flashlight_range") (value "2000")
L 08/12/2021 - 16:26:40: [basecommands.smx] "Console<0><Console><Console>" changed cvar (cvar "z_witch_burn_time") (value "100")
L 08/12/2021 - 16:26:40: [basecommands.smx] "Console<0><Console><Console>" changed cvar (cvar "z_tank_health") (value "4000")
L 08/12/2021 - 16:26:40: [basecommands.smx] "Console<0><Console><Console>" changed cvar (cvar "z_ghost_delay_min") (value "15")
L 08/12/2021 - 16:26:40: [basecommands.smx] "Console<0><Console><Console>" changed cvar (cvar "z_ghost_delay_max") (value "15")
L 08/12/2021 - 16:26:40: [basecommands.smx] "Console<0><Console><Console>" changed cvar (cvar "z_hunter_limit") (value "1")
L 08/12/2021 - 16:26:40: [basecommands.smx] "Console<0><Console><Console>" changed cvar (cvar "z_smoker_limit") (value "1")
L 08/12/2021 - 16:26:40: [basecommands.smx] "Console<0><Console><Console>" changed cvar (cvar "z_jockey_limit") (value "1")
L 08/12/2021 - 16:26:40: [basecommands.smx] "Console<0><Console><Console>" changed cvar (cvar "versus_tank_chance_intro") (value "1")
L 08/12/2021 - 16:26:40: [basecommands.smx] "Console<0><Console><Console>" changed cvar (cvar "versus_tank_chance_finale") (value "1")
L 08/12/2021 - 16:26:40: [basecommands.smx] "Console<0><Console><Console>" changed cvar (cvar "versus_tank_chance") (value "1")
L 08/12/2021 - 16:26:40: [basecommands.smx] "Console<0><Console><Console>" changed cvar (cvar "versus_witch_chance_intro") (value "0")
L 08/12/2021 - 16:26:40: [basecommands.smx] "Console<0><Console><Console>" changed cvar (cvar "versus_witch_chance_finale") (value "0")
L 08/12/2021 - 16:26:40: [basecommands.smx] "Console<0><Console><Console>" changed cvar (cvar "versus_witch_chance") (value "1")
L 08/12/2021 - 16:26:40: [basecommands.smx] "Console<0><Console><Console>" changed cvar (cvar "director_force_tank") (value "1")
L 08/12/2021 - 16:26:40: [basecommands.smx] "Console<0><Console><Console>" changed cvar (cvar "versus_boss_flow_min") (value "0.4")
L 08/12/2021 - 16:26:40: [basecommands.smx] "Console<0><Console><Console>" changed cvar (cvar "versus_boss_flow_max") (value "0.6")
L 08/12/2021 - 16:26:40: [basecommands.smx] "Console<0><Console><Console>" changed cvar (cvar "versus_boss_flow_min_intro") (value "0.1")
L 08/12/2021 - 16:26:40: [basecommands.smx] "Console<0><Console><Console>" changed cvar (cvar "versus_boss_flow_max_intro") (value "0.2")
L 08/12/2021 - 16:26:40: [basecommands.smx] "Console<0><Console><Console>" changed cvar (cvar "versus_boss_flow_min_finale") (value "0.1")
L 08/12/2021 - 16:26:40: [basecommands.smx] "Console<0><Console><Console>" changed cvar (cvar "versus_boss_flow_max_finale") (value "0.2")
L 08/12/2021 - 16:26:40: [basecommands.smx] "Console<0><Console><Console>" changed cvar (cvar "boomer_vomit_delay") (value "0.1")
L 08/12/2021 - 16:26:40: [basecommands.smx] "Console<0><Console><Console>" changed cvar (cvar "smoker_tongue_delay") (value "0.1")
L 08/12/2021 - 16:26:40: [basecommands.smx] "Console<0><Console><Console>" changed cvar (cvar "vs_survival_bonus") (value "35")
L 08/12/2021 - 16:26:40: [basecommands.smx] "Console<0><Console><Console>" changed cvar (cvar "z_tank_throw_health") (value "10")
L 08/12/2021 - 16:26:40: [basecommands.smx] "Console<0><Console><Console>" changed cvar (cvar "sv_client_min_interp_ratio") (value "-1")
L 08/12/2021 - 16:26:40: [basecommands.smx] "Console<0><Console><Console>" changed cvar (cvar "sv_client_max_interp_ratio") (value "0")
L 08/12/2021 - 16:26:40: [basecommands.smx] "Console<0><Console><Console>" changed cvar (cvar "sv_minrate") (value "100000")
L 08/12/2021 - 16:26:40: [basecommands.smx] "Console<0><Console><Console>" changed cvar (cvar "sv_maxrate") (value "100000")
L 08/12/2021 - 16:26:40: [basecommands.smx] "Console<0><Console><Console>" changed cvar (cvar "sv_mincmdrate") (value "100")
L 08/12/2021 - 16:26:40: [basecommands.smx] "Console<0><Console><Console>" changed cvar (cvar "sv_maxcmdrate") (value "100")
L 08/12/2021 - 16:26:40: [basecommands.smx] "Console<0><Console><Console>" changed cvar (cvar "sv_minupdaterate") (value "100")
L 08/12/2021 - 16:26:40: [basecommands.smx] "Console<0><Console><Console>" changed cvar (cvar "sv_maxupdaterate") (value "100")
L 08/12/2021 - 16:26:40: [basecommands.smx] "Console<0><Console><Console>" changed cvar (cvar "nb_update_frequency") (value "0.014")
L 08/12/2021 - 16:26:40: [basecommands.smx] "Console<0><Console><Console>" changed cvar (cvar "net_splitpacket_maxrate") (value "50000")
L 08/12/2021 - 16:26:40: [basecommands.smx] "Console<0><Console><Console>" changed cvar (cvar "fps_max") (value "0")
L 08/12/2021 - 16:26:40: [basecommands.smx] "Console<0><Console><Console>" changed cvar (cvar "hostname") (value "Versus")
L 08/12/2021 - 16:28:48: [l4d2_skill_detect.smx] Clear: 7 freed 8 from 4: time: 3.79 / -1.00 -- class: hunter (with shove? 0)
L 08/12/2021 - 16:28:51: [admin_hp.smx]  
L 08/12/2021 - 16:28:51: [admin_hp.smx]  
L 08/12/2021 - 16:29:15: Log file closed.
