L 07/11/2020 - 02:55:17: SourceMod log file session started (file "L20200711.log") (Version "1.8.0.6041")
L 07/11/2020 - 02:55:17: -------- Mapchange to c1m2_streets --------
L 07/11/2020 - 02:55:20: [simplewelcomemsg.smx] Set the maximum number of lines of.
L 07/11/2020 - 02:55:39: [SM] Changed map to "c1m2_streets"
L 07/11/2020 - 02:55:42: -------- Mapchange to c1m2_streets --------
L 07/11/2020 - 03:06:37: Log file closed.
L 07/11/2020 - 03:44:36: SourceMod log file session started (file "L20200711.log") (Version "1.8.0.6041")
L 07/11/2020 - 03:44:36: Log file closed.
L 07/11/2020 - 03:46:44: SourceMod log file session started (file "L20200711.log") (Version "1.8.0.6041")
L 07/11/2020 - 03:46:44: -------- Mapchange to c1m2_streets --------
L 07/11/2020 - 03:46:47: [simplewelcomemsg.smx] Set the maximum number of lines of.
L 07/11/2020 - 03:47:11: [SM] Changed map to "c1m2_streets"
L 07/11/2020 - 03:47:25: -------- Mapchange to c1m2_streets --------
L 07/11/2020 - 03:49:22: Log file closed.
L 07/11/2020 - 03:50:30: SourceMod log file session started (file "L20200711.log") (Version "1.8.0.6041")
L 07/11/2020 - 03:50:30: -------- Mapchange to c1m2_streets --------
L 07/11/2020 - 03:50:34: [simplewelcomemsg.smx] Set the maximum number of lines of.
L 07/11/2020 - 03:50:52: [SM] Changed map to "c1m2_streets"
L 07/11/2020 - 03:51:06: -------- Mapchange to c1m2_streets --------
L 07/11/2020 - 03:52:18: Log file closed.
L 07/11/2020 - 03:53:16: SourceMod log file session started (file "L20200711.log") (Version "1.8.0.6041")
L 07/11/2020 - 03:53:16: -------- Mapchange to c1m2_streets --------
L 07/11/2020 - 03:53:18: [simplewelcomemsg.smx] Set the maximum number of lines of.
L 07/11/2020 - 03:53:34: [SM] Changed map to "c1m2_streets"
L 07/11/2020 - 03:53:43: -------- Mapchange to c1m2_streets --------
L 07/11/2020 - 03:56:41: Log file closed.
L 07/11/2020 - 04:25:45: SourceMod log file session started (file "L20200711.log") (Version "1.8.0.6041")
L 07/11/2020 - 04:25:45: Log file closed.
L 07/11/2020 - 04:33:53: SourceMod log file session started (file "L20200711.log") (Version "1.8.0.6041")
L 07/11/2020 - 04:33:53: -------- Mapchange to c1m2_streets --------
L 07/11/2020 - 04:33:57: [simplewelcomemsg.smx] Set the maximum number of lines of.
L 07/11/2020 - 04:34:25: [SM] Changed map to "c1m2_streets"
L 07/11/2020 - 04:34:48: -------- Mapchange to c1m2_streets --------
L 07/11/2020 - 04:36:23: Log file closed.
L 07/11/2020 - 04:38:31: SourceMod log file session started (file "L20200711.log") (Version "1.8.0.6041")
L 07/11/2020 - 04:38:31: -------- Mapchange to c1m2_streets --------
L 07/11/2020 - 04:38:34: [simplewelcomemsg.smx] Set the maximum number of lines of.
L 07/11/2020 - 04:39:59: -------- Mapchange to c1m2_streets --------
L 07/11/2020 - 04:40:15: [SM] Changed map to "c1m2_streets"
L 07/11/2020 - 04:40:27: -------- Mapchange to c1m2_streets --------
L 07/11/2020 - 05:05:14: SourceMod log file session started (file "L20200711.log") (Version "1.8.0.6041")
L 07/11/2020 - 05:05:14: Log file closed.
L 07/11/2020 - 05:08:13: SourceMod log file session started (file "L20200711.log") (Version "1.8.0.6041")
L 07/11/2020 - 05:08:13: Log file closed.
L 07/11/2020 - 05:27:19: SourceMod log file session started (file "L20200711.log") (Version "1.8.0.6041")
L 07/11/2020 - 05:27:19: -------- Mapchange to c1m2_streets --------
L 07/11/2020 - 05:27:22: [simplewelcomemsg.smx] Set the maximum number of lines of.
L 07/11/2020 - 05:27:42: [SM] Changed map to "c1m2_streets"
L 07/11/2020 - 05:27:49: -------- Mapchange to c1m2_streets --------
L 07/11/2020 - 05:49:31: SourceMod log file session started (file "L20200711.log") (Version "1.8.0.6041")
L 07/11/2020 - 05:49:31: Log file closed.
L 07/11/2020 - 05:57:39: SourceMod log file session started (file "L20200711.log") (Version "1.8.0.6041")
L 07/11/2020 - 05:57:39: -------- Mapchange to c1m2_streets --------
L 07/11/2020 - 05:57:43: [simplewelcomemsg.smx] Set the maximum number of lines of.
L 07/11/2020 - 05:58:17: [SM] Changed map to "c1m2_streets"
L 07/11/2020 - 05:58:37: -------- Mapchange to c1m2_streets --------
L 07/11/2020 - 06:01:27: -------- Mapchange to c13m1_alpinecreek --------
L 07/11/2020 - 06:03:21: Log file closed.
L 07/11/2020 - 06:05:27: SourceMod log file session started (file "L20200711.log") (Version "1.8.0.6041")
L 07/11/2020 - 06:05:27: -------- Mapchange to c1m2_streets --------
L 07/11/2020 - 06:05:30: [simplewelcomemsg.smx] Set the maximum number of lines of.
L 07/11/2020 - 06:05:49: [SM] Changed map to "c1m2_streets"
L 07/11/2020 - 06:05:55: -------- Mapchange to c1m2_streets --------
L 07/11/2020 - 06:11:10: Log file closed.
L 07/11/2020 - 23:22:22: SourceMod log file session started (file "L20200711.log") (Version "1.8.0.6041")
L 07/11/2020 - 23:22:22: Log file closed.
L 07/11/2020 - 23:29:41: SourceMod log file session started (file "L20200711.log") (Version "1.8.0.6041")
L 07/11/2020 - 23:29:41: -------- Mapchange to c5m1_waterfront --------
L 07/11/2020 - 23:29:46: [simplewelcomemsg.smx] Set the maximum number of lines of.
L 07/11/2020 - 23:30:05: [SM] Changed map to "c5m1_waterfront"
L 07/11/2020 - 23:30:08: -------- Mapchange to c5m1_waterfront --------
L 07/11/2020 - 23:33:02: Log file closed.
L 07/11/2020 - 23:34:28: SourceMod log file session started (file "L20200711.log") (Version "1.8.0.6041")
L 07/11/2020 - 23:34:28: -------- Mapchange to c5m1_waterfront --------
L 07/11/2020 - 23:34:31: [simplewelcomemsg.smx] Set the maximum number of lines of.
L 07/11/2020 - 23:34:41: [SM] Changed map to "c5m1_waterfront"
L 07/11/2020 - 23:34:44: -------- Mapchange to c5m1_waterfront --------
L 07/11/2020 - 23:39:53: -------- Mapchange to c5m2_park --------
L 07/11/2020 - 23:47:37: -------- Mapchange to c5m3_cemetery --------
L 07/11/2020 - 23:55:12: -------- Mapchange to c2m3_coaster --------
L 07/11/2020 - 23:56:22: [funcommands.smx] "۩ fᵉᵃʳ ۩ Rain❤Delta<50><STEAM_1:0:162762726><>" toggled noclip on "۩ fᵉᵃʳ ۩ Rain❤Delta<50><STEAM_1:0:162762726><>"
L 07/11/2020 - 23:56:35: [funcommands.smx] "۩ fᵉᵃʳ ۩ Rain❤Delta<50><STEAM_1:0:162762726><>" toggled noclip on "۩ fᵉᵃʳ ۩ Rain❤Delta<50><STEAM_1:0:162762726><>"
