L 08/29/2020 - 11:31:49: SourceMod log file session started (file "L20200829.log") (Version "1.8.0.6041")
L 08/29/2020 - 11:31:49: -------- Mapchange to c1m1_hotel --------
L 08/29/2020 - 11:31:54: [l4d2_itemgiver.smx] Detected Left4Dead2!
L 08/29/2020 - 11:31:55: [simplewelcomemsg.smx] Set the maximum number of lines of.
L 08/29/2020 - 11:32:13: [SM] Changed map to "c1m1_hotel"
L 08/29/2020 - 11:32:15: -------- Mapchange to c1m1_hotel --------
L 08/29/2020 - 11:34:48: [playercommands.smx] "Rain❤Delta<2><STEAM_1:0:162762726><>" slayed "Rain❤Delta<2><STEAM_1:0:162762726><>"
L 08/29/2020 - 11:36:14: Log file closed.
L 08/29/2020 - 11:40:30: SourceMod log file session started (file "L20200829.log") (Version "1.8.0.6041")
L 08/29/2020 - 11:40:30: -------- Mapchange to c1m1_hotel --------
L 08/29/2020 - 11:40:30: [l4d2_itemgiver.smx] Detected Left4Dead2!
L 08/29/2020 - 11:40:31: [simplewelcomemsg.smx] Set the maximum number of lines of.
L 08/29/2020 - 11:40:36: [SM] Changed map to "c1m1_hotel"
L 08/29/2020 - 11:40:38: -------- Mapchange to c1m1_hotel --------
L 08/29/2020 - 11:42:27: Log file closed.
L 08/29/2020 - 12:02:57: SourceMod log file session started (file "L20200829.log") (Version "1.8.0.6041")
L 08/29/2020 - 12:02:57: -------- Mapchange to c1m1_hotel --------
L 08/29/2020 - 12:02:59: [l4d2_itemgiver.smx] Detected Left4Dead2!
L 08/29/2020 - 12:02:59: [simplewelcomemsg.smx] Set the maximum number of lines of.
L 08/29/2020 - 12:03:08: [SM] Changed map to "c1m1_hotel"
L 08/29/2020 - 12:03:11: -------- Mapchange to c1m1_hotel --------
L 08/29/2020 - 12:05:30: Log file closed.
L 08/29/2020 - 12:07:00: SourceMod log file session started (file "L20200829.log") (Version "1.8.0.6041")
L 08/29/2020 - 12:07:00: -------- Mapchange to c1m1_hotel --------
L 08/29/2020 - 12:07:02: [l4d2_itemgiver.smx] Detected Left4Dead2!
L 08/29/2020 - 12:07:02: [simplewelcomemsg.smx] Set the maximum number of lines of.
L 08/29/2020 - 12:07:11: [SM] Changed map to "c1m1_hotel"
L 08/29/2020 - 12:07:14: -------- Mapchange to c1m1_hotel --------
L 08/29/2020 - 12:08:53: Log file closed.
L 08/29/2020 - 12:11:10: SourceMod log file session started (file "L20200829.log") (Version "1.8.0.6041")
L 08/29/2020 - 12:11:10: -------- Mapchange to c1m1_hotel --------
L 08/29/2020 - 12:11:11: [l4d2_itemgiver.smx] Detected Left4Dead2!
L 08/29/2020 - 12:11:11: [simplewelcomemsg.smx] Set the maximum number of lines of.
L 08/29/2020 - 12:11:16: [SM] Changed map to "c1m1_hotel"
L 08/29/2020 - 12:11:19: -------- Mapchange to c1m1_hotel --------
L 08/29/2020 - 12:12:30: Log file closed.
L 08/29/2020 - 12:16:04: SourceMod log file session started (file "L20200829.log") (Version "1.8.0.6041")
L 08/29/2020 - 12:16:04: -------- Mapchange to c1m1_hotel --------
L 08/29/2020 - 12:16:05: [l4d2_itemgiver.smx] Detected Left4Dead2!
L 08/29/2020 - 12:16:05: [simplewelcomemsg.smx] Set the maximum number of lines of.
L 08/29/2020 - 12:16:10: [SM] Changed map to "c1m1_hotel"
L 08/29/2020 - 12:16:13: -------- Mapchange to c1m1_hotel --------
L 08/29/2020 - 12:21:01: Log file closed.
L 08/29/2020 - 14:48:44: SourceMod log file session started (file "L20200829.log") (Version "1.8.0.6041")
L 08/29/2020 - 14:48:44: -------- Mapchange to c1m1_hotel --------
L 08/29/2020 - 14:48:51: [l4d2_itemgiver.smx] Detected Left4Dead2!
L 08/29/2020 - 14:48:52: [simplewelcomemsg.smx] Set the maximum number of lines of.
L 08/29/2020 - 14:49:45: [SM] Changed map to "c1m1_hotel"
L 08/29/2020 - 14:49:46: -------- Mapchange to c1m1_hotel --------
L 08/29/2020 - 14:52:48: [basecommands.smx] "Rain❤Delta<2><STEAM_1:0:162762726><>" changed cvar (cvar "sv_force_time_of_day") (value "0")
L 08/29/2020 - 14:52:48: [basecommands.smx] "Rain❤Delta<2><STEAM_1:0:162762726><>" changed cvar (cvar "versus_tank_chance_intro") (value "1")
L 08/29/2020 - 14:52:48: [basecommands.smx] "Rain❤Delta<2><STEAM_1:0:162762726><>" changed cvar (cvar "versus_tank_chance_finale") (value "0")
L 08/29/2020 - 14:52:48: [basecommands.smx] "Rain❤Delta<2><STEAM_1:0:162762726><>" changed cvar (cvar "versus_tank_chance") (value "1")
L 08/29/2020 - 14:52:48: [basecommands.smx] "Rain❤Delta<2><STEAM_1:0:162762726><>" changed cvar (cvar "versus_witch_chance_intro") (value "0")
L 08/29/2020 - 14:52:48: [basecommands.smx] "Rain❤Delta<2><STEAM_1:0:162762726><>" changed cvar (cvar "versus_witch_chance_finale") (value "1")
L 08/29/2020 - 14:52:48: [basecommands.smx] "Rain❤Delta<2><STEAM_1:0:162762726><>" changed cvar (cvar "versus_witch_chance") (value "1")
L 08/29/2020 - 14:56:01: Log file closed.
L 08/29/2020 - 15:07:53: SourceMod log file session started (file "L20200829.log") (Version "1.8.0.6041")
L 08/29/2020 - 15:07:53: -------- Mapchange to c1m1_hotel --------
L 08/29/2020 - 15:07:58: [l4d2_itemgiver.smx] Detected Left4Dead2!
L 08/29/2020 - 15:07:58: [simplewelcomemsg.smx] Set the maximum number of lines of.
L 08/29/2020 - 15:08:21: [SM] Changed map to "c1m1_hotel"
L 08/29/2020 - 15:08:22: -------- Mapchange to c1m1_hotel --------
L 08/29/2020 - 15:26:51: SourceMod log file session started (file "L20200829.log") (Version "1.8.0.6041")
L 08/29/2020 - 15:26:51: -------- Mapchange to c1m1_hotel --------
L 08/29/2020 - 15:26:57: [l4d2_itemgiver.smx] Detected Left4Dead2!
L 08/29/2020 - 15:26:57: [simplewelcomemsg.smx] Set the maximum number of lines of.
L 08/29/2020 - 15:27:18: [SM] Changed map to "c1m1_hotel"
L 08/29/2020 - 15:27:19: -------- Mapchange to c1m1_hotel --------
L 08/29/2020 - 15:29:07: [basecommands.smx] "Rain❤Delta<2><STEAM_1:0:162762726><>" changed cvar (cvar "sv_force_time_of_day") (value "0")
L 08/29/2020 - 15:29:07: [basecommands.smx] "Rain❤Delta<2><STEAM_1:0:162762726><>" changed cvar (cvar "versus_tank_chance_intro") (value "1")
L 08/29/2020 - 15:29:07: [basecommands.smx] "Rain❤Delta<2><STEAM_1:0:162762726><>" changed cvar (cvar "versus_tank_chance_finale") (value "0")
L 08/29/2020 - 15:29:07: [basecommands.smx] "Rain❤Delta<2><STEAM_1:0:162762726><>" changed cvar (cvar "versus_tank_chance") (value "1")
L 08/29/2020 - 15:29:07: [basecommands.smx] "Rain❤Delta<2><STEAM_1:0:162762726><>" changed cvar (cvar "versus_witch_chance_intro") (value "0")
L 08/29/2020 - 15:29:07: [basecommands.smx] "Rain❤Delta<2><STEAM_1:0:162762726><>" changed cvar (cvar "versus_witch_chance_finale") (value "1")
L 08/29/2020 - 15:29:07: [basecommands.smx] "Rain❤Delta<2><STEAM_1:0:162762726><>" changed cvar (cvar "versus_witch_chance") (value "1")
L 08/29/2020 - 15:39:32: [basecommands.smx] "Rain❤Delta<2><STEAM_1:0:162762726><>" changed map to "c5m1_waterfront"
L 08/29/2020 - 15:39:35: [SM] Changed map to "c5m1_waterfront"
L 08/29/2020 - 15:39:37: -------- Mapchange to c5m1_waterfront --------
L 08/29/2020 - 15:51:24: -------- Mapchange to c5m2_park --------
L 08/29/2020 - 16:06:31: -------- Mapchange to c5m3_cemetery --------
L 08/29/2020 - 16:30:01: -------- Mapchange to c5m4_quarter --------
L 08/29/2020 - 16:42:40: -------- Mapchange to c5m5_bridge --------
L 08/29/2020 - 16:50:41: -------- Mapchange to c6m1_riverbank --------
L 08/29/2020 - 17:06:51: -------- Mapchange to c6m2_bedlam --------
L 08/29/2020 - 17:29:19: -------- Mapchange to c6m3_port --------
L 08/29/2020 - 17:40:16: -------- Mapchange to c2m1_highway --------
L 08/29/2020 - 17:46:09: [basecommands.smx] "Rain❤Delta<2><STEAM_1:0:162762726><>" kicked "Skarchitos<301><STEAM_1:0:170507222><>" (reason "")
L 08/29/2020 - 17:56:30: [basecommands.smx] "Rain❤Delta<2><STEAM_1:0:162762726><>" kicked "lighthehunter<374><STEAM_1:1:555616047><>" (reason "")
L 08/29/2020 - 18:03:47: [playercommands.smx] "Delta❤Rain<342><STEAM_1:0:555087244><>" slayed "Rain❤Delta<2><STEAM_1:0:162762726><>"
L 08/29/2020 - 18:03:47: [playercommands.smx] "Delta❤Rain<342><STEAM_1:0:555087244><>" slayed "🥐 Facturita Juega 🎮<378><STEAM_1:1:522713982><>"
L 08/29/2020 - 18:03:47: [playercommands.smx] "Delta❤Rain<342><STEAM_1:0:555087244><>" slayed "diegohperillo<225><STEAM_1:0:438735709><>"
L 08/29/2020 - 18:03:48: [playercommands.smx] "Delta❤Rain<342><STEAM_1:0:555087244><>" slayed "...<380><STEAM_1:0:48274161><>"
L 08/29/2020 - 18:03:48: [playercommands.smx] "Delta❤Rain<342><STEAM_1:0:555087244><>" slayed "☼♣♪Julius<362><STEAM_1:0:168843845><>"
L 08/29/2020 - 18:03:49: [playercommands.smx] "Delta❤Rain<342><STEAM_1:0:555087244><>" slayed "Delta❤Rain<342><STEAM_1:0:555087244><>"
L 08/29/2020 - 18:04:04: -------- Mapchange to c2m2_fairgrounds --------
L 08/29/2020 - 18:09:25: [basecommands.smx] "Rain❤Delta<2><STEAM_1:0:162762726><>" changed map to "c11m1_greenhouse"
L 08/29/2020 - 18:09:28: [SM] Changed map to "c11m1_greenhouse"
L 08/29/2020 - 18:09:33: -------- Mapchange to c11m1_greenhouse --------
L 08/29/2020 - 18:18:44: -------- Mapchange to c11m2_offices --------
L 08/29/2020 - 18:28:44: -------- Mapchange to c11m3_garage --------
L 08/29/2020 - 18:30:23: [basebans.smx] "Rain❤Delta<2><STEAM_1:0:162762726><>" banned "Juansebastian Aisama<491><STEAM_1:0:526427363><>" (minutes "0") (reason "Troll")
L 08/29/2020 - 18:42:07: -------- Mapchange to c11m4_terminal --------
L 08/29/2020 - 18:53:16: -------- Mapchange to c11m5_runway --------
L 08/29/2020 - 19:02:06: -------- Mapchange to c12m1_hilltop --------
L 08/29/2020 - 19:13:39: -------- Mapchange to C12m2_traintunnel --------
L 08/29/2020 - 19:24:03: -------- Mapchange to C12m3_bridge --------
L 08/29/2020 - 19:34:29: -------- Mapchange to C12m4_barn --------
L 08/29/2020 - 19:39:26: [basebans.smx] "Rain❤Delta<2><STEAM_1:0:162762726><>" banned "Mr.Pato<660><STEAM_1:1:96208274><>" (minutes "0") (reason "Troll")
L 08/29/2020 - 19:40:58: [funvotes.smx] "Rain❤Delta<2><STEAM_1:0:162762726><>" initiated an alltalk vote.
L 08/29/2020 - 19:41:08: [funvotes.smx] Changing alltalk to 1 due to vote.
L 08/29/2020 - 19:44:19: -------- Mapchange to C12m5_cornfield --------
L 08/29/2020 - 19:55:21: [funvotes.smx] "Rain❤Delta<2><STEAM_1:0:162762726><>" initiated an alltalk vote.
L 08/29/2020 - 19:55:38: [funvotes.smx] Changing alltalk to 1 due to vote.
L 08/29/2020 - 19:57:41: -------- Mapchange to C12m1_hilltop --------
L 08/29/2020 - 19:58:30: [basecommands.smx] "Rain❤Delta<2><STEAM_1:0:162762726><>" changed map to "c8m1_apartment"
L 08/29/2020 - 19:58:33: [SM] Changed map to "c8m1_apartment"
L 08/29/2020 - 19:58:37: -------- Mapchange to c8m1_apartment --------
L 08/29/2020 - 19:59:54: [basebans.smx] "Rain❤Delta<2><STEAM_1:0:162762726><>" banned "Mael<699><STEAM_1:0:425871938><>" (minutes "0") (reason "Troll")
L 08/29/2020 - 20:04:49: [basebans.smx] "Rain❤Delta<2><STEAM_1:0:162762726><>" banned "nYKø404<707><STEAM_1:1:514539488><>" (minutes "0") (reason "Troll")
L 08/29/2020 - 20:06:50: [basecommands.smx] "Rain❤Delta<2><STEAM_1:0:162762726><>" changed cvar (cvar "sv_alltalk") (value "0")
L 08/29/2020 - 20:07:31: [basecommands.smx] "Rain❤Delta<2><STEAM_1:0:162762726><>" changed cvar (cvar "sv_alltalk") (value "1")
L 08/29/2020 - 20:08:03: [admin_hp.smx]  El Administrador 🥐 Facturita Juega 🎮 Le Restauró la Vida a los Sobrevivientes al 100%
L 08/29/2020 - 20:08:03: [admin_hp.smx]  El Administrador 🥐 Facturita Juega 🎮 Le Restauró la Vida a los Sobrevivientes al 100%
L 08/29/2020 - 20:08:05: [basecommands.smx] "Rain❤Delta<2><STEAM_1:0:162762726><>" changed cvar (cvar "sv_alltalk") (value "0")
L 08/29/2020 - 20:12:13: -------- Mapchange to c8m2_subway --------
L 08/29/2020 - 20:24:40: -------- Mapchange to c8m3_sewers --------
L 08/29/2020 - 20:39:48: -------- Mapchange to c8m4_interior --------
L 08/29/2020 - 20:57:00: -------- Mapchange to c8m5_rooftop --------
L 08/29/2020 - 21:04:17: [basecommands.smx] "🥐 Facturita Juega 🎮<378><STEAM_1:1:522713982><>" kicked "El cri<812><STEAM_1:0:555033706><>" (reason "")
L 08/29/2020 - 21:12:56: -------- Mapchange to c1m1_hotel --------
L 08/29/2020 - 21:13:51: Log file closed.
