L 06/03/2020 - 00:01:22: SourceMod log file session started (file "L20200603.log") (Version "1.8.0.6041")
L 06/03/2020 - 00:01:22: -------- Mapchange to d1_trainstation_06_d --------
L 06/03/2020 - 00:01:27: [GEOIP] GeoIP database info: GEO-106FREE 20180206 Build 1 Copyright (c) 2018 MaxMind Inc All Rights Reserved
L 06/03/2020 - 00:01:32: [simplewelcomemsg.smx] Set the maximum number of lines of.
L 06/03/2020 - 00:02:04: [SM] Changed map to "d1_trainstation_06_d"
L 06/03/2020 - 00:03:19: -------- Mapchange to d1_trainstation_06_d --------
L 06/03/2020 - 00:08:37: -------- Mapchange to d1_canals_01_d --------
L 06/03/2020 - 00:15:15: -------- Mapchange to d1_canals_01a_d --------
L 06/03/2020 - 00:24:53: -------- Mapchange to d1_canals_02_d --------
L 06/03/2020 - 00:29:59: -------- Mapchange to d1_canals_03_d --------
L 06/03/2020 - 00:45:07: [playercommands.smx] "Duяåznlто™<3><STEAM_1:1:4151444><>" slayed "☣DrRicardoBarreda™︻芫═<4><STEAM_1:1:522713982><>"
L 06/03/2020 - 00:46:25: -------- Mapchange to d1_canals_05_d --------
L 06/03/2020 - 00:59:11: -------- Mapchange to d1_canals_06_d --------
L 06/03/2020 - 01:04:49: [funcommands.smx] "Duяåznlто™<3><STEAM_1:1:4151444><>" toggled noclip on "Duяåznlто™<3><STEAM_1:1:4151444><>"
L 06/03/2020 - 01:04:53: [funcommands.smx] "Duяåznlто™<3><STEAM_1:1:4151444><>" toggled noclip on "Duяåznlто™<3><STEAM_1:1:4151444><>"
L 06/03/2020 - 01:12:43: -------- Mapchange to d1_canals_07_d --------
L 06/03/2020 - 01:18:41: [funcommands.smx] "Rain❤Delta<2><STEAM_1:0:162762726><>" toggled noclip on "Rain❤Delta<2><STEAM_1:0:162762726><>"
L 06/03/2020 - 01:18:45: [funcommands.smx] "Rain❤Delta<2><STEAM_1:0:162762726><>" toggled noclip on "Duяåznlто™<3><STEAM_1:1:4151444><>"
L 06/03/2020 - 01:18:47: [funcommands.smx] "Rain❤Delta<2><STEAM_1:0:162762726><>" toggled noclip on "☣DrRicardoBarreda™︻芫═<4><STEAM_1:1:522713982><>"
L 06/03/2020 - 01:18:52: [funcommands.smx] "Rain❤Delta<2><STEAM_1:0:162762726><>" toggled noclip on "Duяåznlто™<3><STEAM_1:1:4151444><>"
L 06/03/2020 - 01:18:52: [funcommands.smx] "Rain❤Delta<2><STEAM_1:0:162762726><>" toggled noclip on "☣DrRicardoBarreda™︻芫═<4><STEAM_1:1:522713982><>"
L 06/03/2020 - 01:18:54: [funcommands.smx] "Rain❤Delta<2><STEAM_1:0:162762726><>" toggled noclip on "Rain❤Delta<2><STEAM_1:0:162762726><>"
L 06/03/2020 - 01:30:48: -------- Mapchange to d1_canals_08_d --------
L 06/03/2020 - 01:34:11: Log file closed.
L 06/03/2020 - 15:02:50: SourceMod log file session started (file "L20200603.log") (Version "1.8.0.6041")
L 06/03/2020 - 15:02:50: Log file closed.
L 06/03/2020 - 15:12:35: SourceMod log file session started (file "L20200603.log") (Version "1.8.0.6041")
L 06/03/2020 - 15:12:35: Log file closed.
L 06/03/2020 - 20:05:21: SourceMod log file session started (file "L20200603.log") (Version "1.8.0.6041")
L 06/03/2020 - 20:05:21: Log file closed.
L 06/03/2020 - 23:37:10: SourceMod log file session started (file "L20200603.log") (Version "1.8.0.6041")
L 06/03/2020 - 23:37:10: -------- Mapchange to c1m1_hotel --------
L 06/03/2020 - 23:37:15: [GEOIP] GeoIP database info: GEO-106FREE 20180206 Build 1 Copyright (c) 2018 MaxMind Inc All Rights Reserved
L 06/03/2020 - 23:37:19: [simplewelcomemsg.smx] Set the maximum number of lines of.
L 06/03/2020 - 23:37:37: [SM] Changed map to "c1m1_hotel"
L 06/03/2020 - 23:37:40: -------- Mapchange to c1m1_hotel --------
L 06/03/2020 - 23:38:54: [basecommands.smx] "Rain❤Delta<2><STEAM_1:0:162762726><>" kicked "Duяåznlто™<3><STEAM_1:1:4151444><>" (reason "")
L 06/03/2020 - 23:41:26: -------- Mapchange to d2_coast_10_d --------
L 06/03/2020 - 23:58:52: -------- Mapchange to d2_coast_11_d --------
