L 11/20/2020 - 20:28:31: SourceMod log file session started (file "D:\Steam\steamapps\common\Left 4 Dead 2\left4dead2\addons\sourcemod\logs\L20201120.log") (Version "1.10.0.6492")
L 11/20/2020 - 20:28:31: [simplewelcomemsg.smx] Set the maximum number of lines of.
L 11/20/2020 - 20:28:37: [basecommands.smx] "Console<0><Console><Console>" changed cvar (cvar "sv_force_time_of_day") (value "0")
L 11/20/2020 - 20:28:37: [basecommands.smx] "Console<0><Console><Console>" changed cvar (cvar "z_witch_damage_per_kill_hit") (value "120")
L 11/20/2020 - 20:28:37: [basecommands.smx] "Console<0><Console><Console>" changed cvar (cvar "z_witch_anger_rate") (value "0.4")
L 11/20/2020 - 20:28:37: [basecommands.smx] "Console<0><Console><Console>" changed cvar (cvar "z_witch_flashlight_range") (value "2000")
L 11/20/2020 - 20:28:37: [basecommands.smx] "Console<0><Console><Console>" changed cvar (cvar "z_witch_burn_time") (value "100")
L 11/20/2020 - 20:28:37: [basecommands.smx] "Console<0><Console><Console>" changed cvar (cvar "z_tank_health") (value "4000")
L 11/20/2020 - 20:28:37: [basecommands.smx] "Console<0><Console><Console>" changed cvar (cvar "z_ghost_delay_min") (value "15")
L 11/20/2020 - 20:28:37: [basecommands.smx] "Console<0><Console><Console>" changed cvar (cvar "z_ghost_delay_max") (value "15")
L 11/20/2020 - 20:28:37: [basecommands.smx] "Console<0><Console><Console>" changed cvar (cvar "z_hunter_limit") (value "1")
L 11/20/2020 - 20:28:37: [basecommands.smx] "Console<0><Console><Console>" changed cvar (cvar "z_smoker_limit") (value "1")
L 11/20/2020 - 20:28:37: [basecommands.smx] "Console<0><Console><Console>" changed cvar (cvar "z_jockey_limit") (value "1")
L 11/20/2020 - 20:28:37: [basecommands.smx] "Console<0><Console><Console>" changed cvar (cvar "versus_tank_chance_intro") (value "1")
L 11/20/2020 - 20:28:37: [basecommands.smx] "Console<0><Console><Console>" changed cvar (cvar "versus_tank_chance_finale") (value "1")
L 11/20/2020 - 20:28:37: [basecommands.smx] "Console<0><Console><Console>" changed cvar (cvar "versus_tank_chance") (value "1")
L 11/20/2020 - 20:28:37: [basecommands.smx] "Console<0><Console><Console>" changed cvar (cvar "versus_witch_chance_intro") (value "0")
L 11/20/2020 - 20:28:37: [basecommands.smx] "Console<0><Console><Console>" changed cvar (cvar "versus_witch_chance_finale") (value "0")
L 11/20/2020 - 20:28:37: [basecommands.smx] "Console<0><Console><Console>" changed cvar (cvar "versus_witch_chance") (value "1")
L 11/20/2020 - 20:28:37: [basecommands.smx] "Console<0><Console><Console>" changed cvar (cvar "director_force_tank") (value "1")
L 11/20/2020 - 20:28:37: [basecommands.smx] "Console<0><Console><Console>" changed cvar (cvar "versus_boss_flow_min") (value "0.4")
L 11/20/2020 - 20:28:37: [basecommands.smx] "Console<0><Console><Console>" changed cvar (cvar "versus_boss_flow_max") (value "0.6")
L 11/20/2020 - 20:28:37: [basecommands.smx] "Console<0><Console><Console>" changed cvar (cvar "versus_boss_flow_min_intro") (value "0.1")
L 11/20/2020 - 20:28:37: [basecommands.smx] "Console<0><Console><Console>" changed cvar (cvar "versus_boss_flow_max_intro") (value "0.2")
L 11/20/2020 - 20:28:37: [basecommands.smx] "Console<0><Console><Console>" changed cvar (cvar "versus_boss_flow_min_finale") (value "0.1")
L 11/20/2020 - 20:28:37: [basecommands.smx] "Console<0><Console><Console>" changed cvar (cvar "versus_boss_flow_max_finale") (value "0.2")
L 11/20/2020 - 20:28:37: [basecommands.smx] "Console<0><Console><Console>" changed cvar (cvar "boomer_vomit_delay") (value "0.1")
L 11/20/2020 - 20:28:37: [basecommands.smx] "Console<0><Console><Console>" changed cvar (cvar "smoker_tongue_delay") (value "0.1")
L 11/20/2020 - 20:28:37: [basecommands.smx] "Console<0><Console><Console>" changed cvar (cvar "vs_survival_bonus") (value "35")
L 11/20/2020 - 20:28:37: [basecommands.smx] "Console<0><Console><Console>" changed cvar (cvar "z_tank_throw_health") (value "10")
L 11/20/2020 - 20:28:37: [basecommands.smx] "Console<0><Console><Console>" changed cvar (cvar "sv_client_min_interp_ratio") (value "-1")
L 11/20/2020 - 20:28:37: [basecommands.smx] "Console<0><Console><Console>" changed cvar (cvar "sv_client_max_interp_ratio") (value "0")
L 11/20/2020 - 20:28:37: [basecommands.smx] "Console<0><Console><Console>" changed cvar (cvar "sv_minrate") (value "60000")
L 11/20/2020 - 20:28:37: [basecommands.smx] "Console<0><Console><Console>" changed cvar (cvar "sv_maxrate") (value "60000")
L 11/20/2020 - 20:28:37: [basecommands.smx] "Console<0><Console><Console>" changed cvar (cvar "sv_mincmdrate") (value "60")
L 11/20/2020 - 20:28:37: [basecommands.smx] "Console<0><Console><Console>" changed cvar (cvar "sv_maxcmdrate") (value "60")
L 11/20/2020 - 20:28:37: [basecommands.smx] "Console<0><Console><Console>" changed cvar (cvar "sv_minupdaterate") (value "60")
L 11/20/2020 - 20:28:37: [basecommands.smx] "Console<0><Console><Console>" changed cvar (cvar "sv_maxupdaterate") (value "60")
L 11/20/2020 - 20:28:37: [basecommands.smx] "Console<0><Console><Console>" changed cvar (cvar "fps_max") (value "0")
L 11/20/2020 - 20:28:37: [basecommands.smx] "Console<0><Console><Console>" changed cvar (cvar "hostname") (value "Versus")
L 11/20/2020 - 20:29:38: [l4d2_skill_detect.smx] Charge carry start: 6 - 1 -- time: 58.06
L 11/20/2020 - 20:29:41: [l4d2_skill_detect.smx] Checking charge victim: 6 - 1 - flags: 1 (alive? 1)
L 11/20/2020 - 20:29:44: [admin_hp.smx]  
L 11/20/2020 - 20:30:16: [l4d2_skill_detect.smx] Clear: 2 freed 4 from 5: time: -1.00 / 1.36 -- class: smoker (with shove? 1)
L 11/20/2020 - 20:30:58: [l4d2_skill_detect.smx] Clear: 4 freed 2 from 8: time: 1.03 / -1.00 -- class: jockey (with shove? 0)
L 11/20/2020 - 20:31:38: [l4d2_skill_detect.smx] Clear: 4 freed 2 from 8: time: 2.53 / -1.00 -- class: jockey (with shove? 0)
L 11/20/2020 - 20:31:46: Log file closed.
L 11/20/2020 - 20:53:45: SourceMod log file session started (file "D:\Steam\steamapps\common\Left 4 Dead 2\left4dead2\addons\sourcemod\logs\L20201120.log") (Version "1.10.0.6492")
L 11/20/2020 - 20:53:45: [simplewelcomemsg.smx] Set the maximum number of lines of.
L 11/20/2020 - 20:53:52: [basecommands.smx] "Console<0><Console><Console>" changed cvar (cvar "sv_force_time_of_day") (value "0")
L 11/20/2020 - 20:53:52: [basecommands.smx] "Console<0><Console><Console>" changed cvar (cvar "z_witch_damage_per_kill_hit") (value "120")
L 11/20/2020 - 20:53:52: [basecommands.smx] "Console<0><Console><Console>" changed cvar (cvar "z_witch_anger_rate") (value "0.4")
L 11/20/2020 - 20:53:52: [basecommands.smx] "Console<0><Console><Console>" changed cvar (cvar "z_witch_flashlight_range") (value "2000")
L 11/20/2020 - 20:53:52: [basecommands.smx] "Console<0><Console><Console>" changed cvar (cvar "z_witch_burn_time") (value "100")
L 11/20/2020 - 20:53:52: [basecommands.smx] "Console<0><Console><Console>" changed cvar (cvar "z_tank_health") (value "4000")
L 11/20/2020 - 20:53:52: [basecommands.smx] "Console<0><Console><Console>" changed cvar (cvar "z_ghost_delay_min") (value "15")
L 11/20/2020 - 20:53:52: [basecommands.smx] "Console<0><Console><Console>" changed cvar (cvar "z_ghost_delay_max") (value "15")
L 11/20/2020 - 20:53:52: [basecommands.smx] "Console<0><Console><Console>" changed cvar (cvar "z_hunter_limit") (value "1")
L 11/20/2020 - 20:53:52: [basecommands.smx] "Console<0><Console><Console>" changed cvar (cvar "z_smoker_limit") (value "1")
L 11/20/2020 - 20:53:52: [basecommands.smx] "Console<0><Console><Console>" changed cvar (cvar "z_jockey_limit") (value "1")
L 11/20/2020 - 20:53:52: [basecommands.smx] "Console<0><Console><Console>" changed cvar (cvar "versus_tank_chance_intro") (value "1")
L 11/20/2020 - 20:53:52: [basecommands.smx] "Console<0><Console><Console>" changed cvar (cvar "versus_tank_chance_finale") (value "1")
L 11/20/2020 - 20:53:52: [basecommands.smx] "Console<0><Console><Console>" changed cvar (cvar "versus_tank_chance") (value "1")
L 11/20/2020 - 20:53:52: [basecommands.smx] "Console<0><Console><Console>" changed cvar (cvar "versus_witch_chance_intro") (value "0")
L 11/20/2020 - 20:53:52: [basecommands.smx] "Console<0><Console><Console>" changed cvar (cvar "versus_witch_chance_finale") (value "0")
L 11/20/2020 - 20:53:52: [basecommands.smx] "Console<0><Console><Console>" changed cvar (cvar "versus_witch_chance") (value "1")
L 11/20/2020 - 20:53:52: [basecommands.smx] "Console<0><Console><Console>" changed cvar (cvar "director_force_tank") (value "1")
L 11/20/2020 - 20:53:52: [basecommands.smx] "Console<0><Console><Console>" changed cvar (cvar "versus_boss_flow_min") (value "0.4")
L 11/20/2020 - 20:53:52: [basecommands.smx] "Console<0><Console><Console>" changed cvar (cvar "versus_boss_flow_max") (value "0.6")
L 11/20/2020 - 20:53:52: [basecommands.smx] "Console<0><Console><Console>" changed cvar (cvar "versus_boss_flow_min_intro") (value "0.1")
L 11/20/2020 - 20:53:52: [basecommands.smx] "Console<0><Console><Console>" changed cvar (cvar "versus_boss_flow_max_intro") (value "0.2")
L 11/20/2020 - 20:53:52: [basecommands.smx] "Console<0><Console><Console>" changed cvar (cvar "versus_boss_flow_min_finale") (value "0.1")
L 11/20/2020 - 20:53:52: [basecommands.smx] "Console<0><Console><Console>" changed cvar (cvar "versus_boss_flow_max_finale") (value "0.2")
L 11/20/2020 - 20:53:52: [basecommands.smx] "Console<0><Console><Console>" changed cvar (cvar "boomer_vomit_delay") (value "0.1")
L 11/20/2020 - 20:53:52: [basecommands.smx] "Console<0><Console><Console>" changed cvar (cvar "smoker_tongue_delay") (value "0.1")
L 11/20/2020 - 20:53:52: [basecommands.smx] "Console<0><Console><Console>" changed cvar (cvar "vs_survival_bonus") (value "35")
L 11/20/2020 - 20:53:52: [basecommands.smx] "Console<0><Console><Console>" changed cvar (cvar "z_tank_throw_health") (value "10")
L 11/20/2020 - 20:53:52: [basecommands.smx] "Console<0><Console><Console>" changed cvar (cvar "sv_client_min_interp_ratio") (value "-1")
L 11/20/2020 - 20:53:52: [basecommands.smx] "Console<0><Console><Console>" changed cvar (cvar "sv_client_max_interp_ratio") (value "0")
L 11/20/2020 - 20:53:52: [basecommands.smx] "Console<0><Console><Console>" changed cvar (cvar "sv_minrate") (value "120000")
L 11/20/2020 - 20:53:52: [basecommands.smx] "Console<0><Console><Console>" changed cvar (cvar "sv_maxrate") (value "120000")
L 11/20/2020 - 20:53:52: [basecommands.smx] "Console<0><Console><Console>" changed cvar (cvar "sv_mincmdrate") (value "100")
L 11/20/2020 - 20:53:52: [basecommands.smx] "Console<0><Console><Console>" changed cvar (cvar "sv_maxcmdrate") (value "100")
L 11/20/2020 - 20:53:52: [basecommands.smx] "Console<0><Console><Console>" changed cvar (cvar "sv_minupdaterate") (value "100")
L 11/20/2020 - 20:53:52: [basecommands.smx] "Console<0><Console><Console>" changed cvar (cvar "sv_maxupdaterate") (value "100")
L 11/20/2020 - 20:53:52: [basecommands.smx] "Console<0><Console><Console>" changed cvar (cvar "fps_max") (value "0")
L 11/20/2020 - 20:53:52: [basecommands.smx] "Console<0><Console><Console>" changed cvar (cvar "hostname") (value "Versus")
L 11/20/2020 - 20:55:49: Log file closed.
L 11/20/2020 - 21:02:31: SourceMod log file session started (file "D:\Steam\steamapps\common\Left 4 Dead 2\left4dead2\addons\sourcemod\logs\L20201120.log") (Version "1.10.0.6492")
L 11/20/2020 - 21:02:31: [simplewelcomemsg.smx] Set the maximum number of lines of.
L 11/20/2020 - 21:02:33: [basecommands.smx] "Console<0><Console><Console>" changed cvar (cvar "sv_force_time_of_day") (value "0")
L 11/20/2020 - 21:02:33: [basecommands.smx] "Console<0><Console><Console>" changed cvar (cvar "z_witch_damage_per_kill_hit") (value "120")
L 11/20/2020 - 21:02:33: [basecommands.smx] "Console<0><Console><Console>" changed cvar (cvar "z_witch_anger_rate") (value "0.4")
L 11/20/2020 - 21:02:33: [basecommands.smx] "Console<0><Console><Console>" changed cvar (cvar "z_witch_flashlight_range") (value "2000")
L 11/20/2020 - 21:02:33: [basecommands.smx] "Console<0><Console><Console>" changed cvar (cvar "z_witch_burn_time") (value "100")
L 11/20/2020 - 21:02:33: [basecommands.smx] "Console<0><Console><Console>" changed cvar (cvar "z_tank_health") (value "4000")
L 11/20/2020 - 21:02:33: [basecommands.smx] "Console<0><Console><Console>" changed cvar (cvar "z_ghost_delay_min") (value "15")
L 11/20/2020 - 21:02:33: [basecommands.smx] "Console<0><Console><Console>" changed cvar (cvar "z_ghost_delay_max") (value "15")
L 11/20/2020 - 21:02:33: [basecommands.smx] "Console<0><Console><Console>" changed cvar (cvar "z_hunter_limit") (value "1")
L 11/20/2020 - 21:02:33: [basecommands.smx] "Console<0><Console><Console>" changed cvar (cvar "z_smoker_limit") (value "1")
L 11/20/2020 - 21:02:33: [basecommands.smx] "Console<0><Console><Console>" changed cvar (cvar "z_jockey_limit") (value "1")
L 11/20/2020 - 21:02:33: [basecommands.smx] "Console<0><Console><Console>" changed cvar (cvar "versus_tank_chance_intro") (value "1")
L 11/20/2020 - 21:02:33: [basecommands.smx] "Console<0><Console><Console>" changed cvar (cvar "versus_tank_chance_finale") (value "1")
L 11/20/2020 - 21:02:33: [basecommands.smx] "Console<0><Console><Console>" changed cvar (cvar "versus_tank_chance") (value "1")
L 11/20/2020 - 21:02:33: [basecommands.smx] "Console<0><Console><Console>" changed cvar (cvar "versus_witch_chance_intro") (value "0")
L 11/20/2020 - 21:02:33: [basecommands.smx] "Console<0><Console><Console>" changed cvar (cvar "versus_witch_chance_finale") (value "0")
L 11/20/2020 - 21:02:33: [basecommands.smx] "Console<0><Console><Console>" changed cvar (cvar "versus_witch_chance") (value "1")
L 11/20/2020 - 21:02:33: [basecommands.smx] "Console<0><Console><Console>" changed cvar (cvar "director_force_tank") (value "1")
L 11/20/2020 - 21:02:33: [basecommands.smx] "Console<0><Console><Console>" changed cvar (cvar "versus_boss_flow_min") (value "0.4")
L 11/20/2020 - 21:02:33: [basecommands.smx] "Console<0><Console><Console>" changed cvar (cvar "versus_boss_flow_max") (value "0.6")
L 11/20/2020 - 21:02:33: [basecommands.smx] "Console<0><Console><Console>" changed cvar (cvar "versus_boss_flow_min_intro") (value "0.1")
L 11/20/2020 - 21:02:33: [basecommands.smx] "Console<0><Console><Console>" changed cvar (cvar "versus_boss_flow_max_intro") (value "0.2")
L 11/20/2020 - 21:02:33: [basecommands.smx] "Console<0><Console><Console>" changed cvar (cvar "versus_boss_flow_min_finale") (value "0.1")
L 11/20/2020 - 21:02:33: [basecommands.smx] "Console<0><Console><Console>" changed cvar (cvar "versus_boss_flow_max_finale") (value "0.2")
L 11/20/2020 - 21:02:33: [basecommands.smx] "Console<0><Console><Console>" changed cvar (cvar "boomer_vomit_delay") (value "0.1")
L 11/20/2020 - 21:02:33: [basecommands.smx] "Console<0><Console><Console>" changed cvar (cvar "smoker_tongue_delay") (value "0.1")
L 11/20/2020 - 21:02:33: [basecommands.smx] "Console<0><Console><Console>" changed cvar (cvar "vs_survival_bonus") (value "35")
L 11/20/2020 - 21:02:33: [basecommands.smx] "Console<0><Console><Console>" changed cvar (cvar "z_tank_throw_health") (value "10")
L 11/20/2020 - 21:02:33: [basecommands.smx] "Console<0><Console><Console>" changed cvar (cvar "sv_client_min_interp_ratio") (value "-1")
L 11/20/2020 - 21:02:33: [basecommands.smx] "Console<0><Console><Console>" changed cvar (cvar "sv_client_max_interp_ratio") (value "0")
L 11/20/2020 - 21:02:33: [basecommands.smx] "Console<0><Console><Console>" changed cvar (cvar "sv_minrate") (value "120000")
L 11/20/2020 - 21:02:33: [basecommands.smx] "Console<0><Console><Console>" changed cvar (cvar "sv_maxrate") (value "120000")
L 11/20/2020 - 21:02:33: [basecommands.smx] "Console<0><Console><Console>" changed cvar (cvar "sv_mincmdrate") (value "100")
L 11/20/2020 - 21:02:33: [basecommands.smx] "Console<0><Console><Console>" changed cvar (cvar "sv_maxcmdrate") (value "100")
L 11/20/2020 - 21:02:33: [basecommands.smx] "Console<0><Console><Console>" changed cvar (cvar "sv_minupdaterate") (value "100")
L 11/20/2020 - 21:02:33: [basecommands.smx] "Console<0><Console><Console>" changed cvar (cvar "sv_maxupdaterate") (value "100")
L 11/20/2020 - 21:02:33: [basecommands.smx] "Console<0><Console><Console>" changed cvar (cvar "fps_max") (value "0")
L 11/20/2020 - 21:02:33: [basecommands.smx] "Console<0><Console><Console>" changed cvar (cvar "hostname") (value "Versus")
L 11/20/2020 - 21:05:02: [l4d2_skill_detect.smx] Clear: 1 freed 4 from 10: time: 1.39 / -1.00 -- class: jockey (with shove? 0)
L 11/20/2020 - 21:05:04: [l4d2_skill_detect.smx] Clear: 1 freed 5 from 6: time: 2.65 / 4.67 -- class: smoker (with shove? 1)
L 11/20/2020 - 21:05:31: [l4d2_skill_detect.smx] Charge carry start: 7 - 5 -- time: 172.01
L 11/20/2020 - 21:05:34: [l4d2_skill_detect.smx] Clear: 1 freed 5 from 7: time: 1.83 / 2.58 -- class: charger (with shove? 0)
L 11/20/2020 - 21:05:34: [l4d2_skill_detect.smx] Checking charge victim: 7 - 5 - flags: 1 (alive? 1)
L 11/20/2020 - 21:06:55: [l4d2_skill_detect.smx] Clear: 1 freed 2 from 4: time: 0.14 / -1.00 -- class: hunter (with shove? 1)
L 11/20/2020 - 21:06:56: [l4d2_skill_detect.smx] Clear: 3 freed 2 from 4: time: 0.91 / -1.00 -- class: hunter (with shove? 0)
L 11/20/2020 - 21:07:27: [l4d2_skill_detect.smx] Clear: 3 freed 5 from 9: time: 0.58 / 2.27 -- class: smoker (with shove? 1)
L 11/20/2020 - 21:07:53: [l4d2_skill_detect.smx] Clear: 2 freed 4 from 9: time: -1.00 / 2.23 -- class: smoker (with shove? 0)
L 11/20/2020 - 21:09:02: [l4d2_skill_detect.smx] Clear: 2 freed 6 from 5: time: -1.00 / 0.55 -- class: smoker (with shove? 0)
L 11/20/2020 - 21:09:19: [l4d2_skill_detect.smx] calarm trigger: caller 575 / activator 575 / delay: 0.00
L 11/20/2020 - 21:11:01: [l4d2_skill_detect.smx] Clear: 12 freed 8 from 4: time: -1.00 / 1.85 -- class: smoker (with shove? 1)
L 11/20/2020 - 21:11:35: [l4d2_skill_detect.smx] Clear: 3 freed 12 from 1: time: 6.33 / -1.00 -- class: jockey (with shove? 0)
L 11/20/2020 - 21:12:13: [l4d2_skill_detect.smx] Clear: 12 freed 9 from 2: time: 3.79 / 3.80 -- class: smoker (with shove? 1)
L 11/20/2020 - 21:13:24: Log file closed.
L 11/20/2020 - 22:06:51: SourceMod log file session started (file "D:\Steam\steamapps\common\Left 4 Dead 2\left4dead2\addons\sourcemod\logs\L20201120.log") (Version "1.10.0.6492")
L 11/20/2020 - 22:06:51: [simplewelcomemsg.smx] Set the maximum number of lines of.
L 11/20/2020 - 22:06:57: [basecommands.smx] "Console<0><Console><Console>" changed cvar (cvar "sv_force_time_of_day") (value "0")
L 11/20/2020 - 22:06:57: [basecommands.smx] "Console<0><Console><Console>" changed cvar (cvar "z_witch_damage_per_kill_hit") (value "120")
L 11/20/2020 - 22:06:57: [basecommands.smx] "Console<0><Console><Console>" changed cvar (cvar "z_witch_anger_rate") (value "0.4")
L 11/20/2020 - 22:06:57: [basecommands.smx] "Console<0><Console><Console>" changed cvar (cvar "z_witch_flashlight_range") (value "2000")
L 11/20/2020 - 22:06:57: [basecommands.smx] "Console<0><Console><Console>" changed cvar (cvar "z_witch_burn_time") (value "100")
L 11/20/2020 - 22:06:57: [basecommands.smx] "Console<0><Console><Console>" changed cvar (cvar "z_tank_health") (value "4000")
L 11/20/2020 - 22:06:57: [basecommands.smx] "Console<0><Console><Console>" changed cvar (cvar "z_ghost_delay_min") (value "15")
L 11/20/2020 - 22:06:57: [basecommands.smx] "Console<0><Console><Console>" changed cvar (cvar "z_ghost_delay_max") (value "15")
L 11/20/2020 - 22:06:57: [basecommands.smx] "Console<0><Console><Console>" changed cvar (cvar "z_hunter_limit") (value "1")
L 11/20/2020 - 22:06:57: [basecommands.smx] "Console<0><Console><Console>" changed cvar (cvar "z_smoker_limit") (value "1")
L 11/20/2020 - 22:06:57: [basecommands.smx] "Console<0><Console><Console>" changed cvar (cvar "z_jockey_limit") (value "1")
L 11/20/2020 - 22:06:57: [basecommands.smx] "Console<0><Console><Console>" changed cvar (cvar "versus_tank_chance_intro") (value "1")
L 11/20/2020 - 22:06:57: [basecommands.smx] "Console<0><Console><Console>" changed cvar (cvar "versus_tank_chance_finale") (value "1")
L 11/20/2020 - 22:06:57: [basecommands.smx] "Console<0><Console><Console>" changed cvar (cvar "versus_tank_chance") (value "1")
L 11/20/2020 - 22:06:57: [basecommands.smx] "Console<0><Console><Console>" changed cvar (cvar "versus_witch_chance_intro") (value "0")
L 11/20/2020 - 22:06:57: [basecommands.smx] "Console<0><Console><Console>" changed cvar (cvar "versus_witch_chance_finale") (value "0")
L 11/20/2020 - 22:06:57: [basecommands.smx] "Console<0><Console><Console>" changed cvar (cvar "versus_witch_chance") (value "1")
L 11/20/2020 - 22:06:57: [basecommands.smx] "Console<0><Console><Console>" changed cvar (cvar "director_force_tank") (value "1")
L 11/20/2020 - 22:06:57: [basecommands.smx] "Console<0><Console><Console>" changed cvar (cvar "versus_boss_flow_min") (value "0.4")
L 11/20/2020 - 22:06:57: [basecommands.smx] "Console<0><Console><Console>" changed cvar (cvar "versus_boss_flow_max") (value "0.6")
L 11/20/2020 - 22:06:57: [basecommands.smx] "Console<0><Console><Console>" changed cvar (cvar "versus_boss_flow_min_intro") (value "0.1")
L 11/20/2020 - 22:06:57: [basecommands.smx] "Console<0><Console><Console>" changed cvar (cvar "versus_boss_flow_max_intro") (value "0.2")
L 11/20/2020 - 22:06:57: [basecommands.smx] "Console<0><Console><Console>" changed cvar (cvar "versus_boss_flow_min_finale") (value "0.1")
L 11/20/2020 - 22:06:57: [basecommands.smx] "Console<0><Console><Console>" changed cvar (cvar "versus_boss_flow_max_finale") (value "0.2")
L 11/20/2020 - 22:06:57: [basecommands.smx] "Console<0><Console><Console>" changed cvar (cvar "boomer_vomit_delay") (value "0.1")
L 11/20/2020 - 22:06:57: [basecommands.smx] "Console<0><Console><Console>" changed cvar (cvar "smoker_tongue_delay") (value "0.1")
L 11/20/2020 - 22:06:57: [basecommands.smx] "Console<0><Console><Console>" changed cvar (cvar "vs_survival_bonus") (value "35")
L 11/20/2020 - 22:06:57: [basecommands.smx] "Console<0><Console><Console>" changed cvar (cvar "z_tank_throw_health") (value "10")
L 11/20/2020 - 22:06:57: [basecommands.smx] "Console<0><Console><Console>" changed cvar (cvar "sv_client_min_interp_ratio") (value "-1")
L 11/20/2020 - 22:06:57: [basecommands.smx] "Console<0><Console><Console>" changed cvar (cvar "sv_client_max_interp_ratio") (value "0")
L 11/20/2020 - 22:06:57: [basecommands.smx] "Console<0><Console><Console>" changed cvar (cvar "sv_minrate") (value "120000")
L 11/20/2020 - 22:06:57: [basecommands.smx] "Console<0><Console><Console>" changed cvar (cvar "sv_maxrate") (value "120000")
L 11/20/2020 - 22:06:57: [basecommands.smx] "Console<0><Console><Console>" changed cvar (cvar "sv_mincmdrate") (value "100")
L 11/20/2020 - 22:06:57: [basecommands.smx] "Console<0><Console><Console>" changed cvar (cvar "sv_maxcmdrate") (value "100")
L 11/20/2020 - 22:06:57: [basecommands.smx] "Console<0><Console><Console>" changed cvar (cvar "sv_minupdaterate") (value "100")
L 11/20/2020 - 22:06:57: [basecommands.smx] "Console<0><Console><Console>" changed cvar (cvar "sv_maxupdaterate") (value "100")
L 11/20/2020 - 22:06:57: [basecommands.smx] "Console<0><Console><Console>" changed cvar (cvar "fps_max") (value "0")
L 11/20/2020 - 22:06:57: [basecommands.smx] "Console<0><Console><Console>" changed cvar (cvar "hostname") (value "Versus")
L 11/20/2020 - 22:08:22: [basecommands.smx] "♛ Rain ♛<2><STEAM_1:0:162762726><>" changed cvar (cvar "vs_max_team_switches") (value "5")
L 11/20/2020 - 22:08:29: [basecommands.smx] "♛ Rain ♛<2><STEAM_1:0:162762726><>" changed cvar (cvar "vs_max_team_switches") (value "0")
L 11/20/2020 - 22:08:39: [l4d2_skill_detect.smx] Charge carry start: 5 - 6 -- time: 105.15
L 11/20/2020 - 22:08:41: [l4d2_skill_detect.smx] Clear: 1 freed 6 from 5: time: 0.43 / 1.86 -- class: charger (with shove? 0)
L 11/20/2020 - 22:08:43: [l4d2_skill_detect.smx] Checking charge victim: 5 - 6 - flags: 1 (alive? 1)
L 11/20/2020 - 22:10:18: [l4d2_skill_detect.smx] Charge carry start: 4 - 6 -- time: 203.20
L 11/20/2020 - 22:10:20: [l4d2_skill_detect.smx] Clear: 2 freed 6 from 4: time: 0.12 / 1.90 -- class: charger (with shove? 0)
L 11/20/2020 - 22:10:21: [l4d2_skill_detect.smx] Checking charge victim: 4 - 6 - flags: 1 (alive? 1)
L 11/20/2020 - 22:10:40: -------- Mapchange to c11m1_greenhouse --------
L 11/20/2020 - 22:10:44: [basecommands.smx] "Console<0><Console><Console>" changed cvar (cvar "sv_force_time_of_day") (value "0")
L 11/20/2020 - 22:10:44: [basecommands.smx] "Console<0><Console><Console>" changed cvar (cvar "z_witch_damage_per_kill_hit") (value "120")
L 11/20/2020 - 22:10:44: [basecommands.smx] "Console<0><Console><Console>" changed cvar (cvar "z_witch_anger_rate") (value "0.4")
L 11/20/2020 - 22:10:44: [basecommands.smx] "Console<0><Console><Console>" changed cvar (cvar "z_witch_flashlight_range") (value "2000")
L 11/20/2020 - 22:10:44: [basecommands.smx] "Console<0><Console><Console>" changed cvar (cvar "z_witch_burn_time") (value "100")
L 11/20/2020 - 22:10:44: [basecommands.smx] "Console<0><Console><Console>" changed cvar (cvar "z_tank_health") (value "4000")
L 11/20/2020 - 22:10:44: [basecommands.smx] "Console<0><Console><Console>" changed cvar (cvar "z_ghost_delay_min") (value "15")
L 11/20/2020 - 22:10:44: [basecommands.smx] "Console<0><Console><Console>" changed cvar (cvar "z_ghost_delay_max") (value "15")
L 11/20/2020 - 22:10:44: [basecommands.smx] "Console<0><Console><Console>" changed cvar (cvar "z_hunter_limit") (value "1")
L 11/20/2020 - 22:10:44: [basecommands.smx] "Console<0><Console><Console>" changed cvar (cvar "z_smoker_limit") (value "1")
L 11/20/2020 - 22:10:44: [basecommands.smx] "Console<0><Console><Console>" changed cvar (cvar "z_jockey_limit") (value "1")
L 11/20/2020 - 22:10:44: [basecommands.smx] "Console<0><Console><Console>" changed cvar (cvar "versus_tank_chance_intro") (value "1")
L 11/20/2020 - 22:10:44: [basecommands.smx] "Console<0><Console><Console>" changed cvar (cvar "versus_tank_chance_finale") (value "1")
L 11/20/2020 - 22:10:44: [basecommands.smx] "Console<0><Console><Console>" changed cvar (cvar "versus_tank_chance") (value "1")
L 11/20/2020 - 22:10:44: [basecommands.smx] "Console<0><Console><Console>" changed cvar (cvar "versus_witch_chance_intro") (value "0")
L 11/20/2020 - 22:10:44: [basecommands.smx] "Console<0><Console><Console>" changed cvar (cvar "versus_witch_chance_finale") (value "0")
L 11/20/2020 - 22:10:44: [basecommands.smx] "Console<0><Console><Console>" changed cvar (cvar "versus_witch_chance") (value "1")
L 11/20/2020 - 22:10:44: [basecommands.smx] "Console<0><Console><Console>" changed cvar (cvar "director_force_tank") (value "1")
L 11/20/2020 - 22:10:44: [basecommands.smx] "Console<0><Console><Console>" changed cvar (cvar "versus_boss_flow_min") (value "0.4")
L 11/20/2020 - 22:10:44: [basecommands.smx] "Console<0><Console><Console>" changed cvar (cvar "versus_boss_flow_max") (value "0.6")
L 11/20/2020 - 22:10:44: [basecommands.smx] "Console<0><Console><Console>" changed cvar (cvar "versus_boss_flow_min_intro") (value "0.1")
L 11/20/2020 - 22:10:44: [basecommands.smx] "Console<0><Console><Console>" changed cvar (cvar "versus_boss_flow_max_intro") (value "0.2")
L 11/20/2020 - 22:10:44: [basecommands.smx] "Console<0><Console><Console>" changed cvar (cvar "versus_boss_flow_min_finale") (value "0.1")
L 11/20/2020 - 22:10:44: [basecommands.smx] "Console<0><Console><Console>" changed cvar (cvar "versus_boss_flow_max_finale") (value "0.2")
L 11/20/2020 - 22:10:44: [basecommands.smx] "Console<0><Console><Console>" changed cvar (cvar "boomer_vomit_delay") (value "0.1")
L 11/20/2020 - 22:10:44: [basecommands.smx] "Console<0><Console><Console>" changed cvar (cvar "smoker_tongue_delay") (value "0.1")
L 11/20/2020 - 22:10:44: [basecommands.smx] "Console<0><Console><Console>" changed cvar (cvar "vs_survival_bonus") (value "35")
L 11/20/2020 - 22:10:44: [basecommands.smx] "Console<0><Console><Console>" changed cvar (cvar "z_tank_throw_health") (value "10")
L 11/20/2020 - 22:10:44: [basecommands.smx] "Console<0><Console><Console>" changed cvar (cvar "sv_client_min_interp_ratio") (value "-1")
L 11/20/2020 - 22:10:44: [basecommands.smx] "Console<0><Console><Console>" changed cvar (cvar "sv_client_max_interp_ratio") (value "0")
L 11/20/2020 - 22:10:44: [basecommands.smx] "Console<0><Console><Console>" changed cvar (cvar "sv_minrate") (value "120000")
L 11/20/2020 - 22:10:44: [basecommands.smx] "Console<0><Console><Console>" changed cvar (cvar "sv_maxrate") (value "120000")
L 11/20/2020 - 22:10:44: [basecommands.smx] "Console<0><Console><Console>" changed cvar (cvar "sv_mincmdrate") (value "100")
L 11/20/2020 - 22:10:44: [basecommands.smx] "Console<0><Console><Console>" changed cvar (cvar "sv_maxcmdrate") (value "100")
L 11/20/2020 - 22:10:44: [basecommands.smx] "Console<0><Console><Console>" changed cvar (cvar "sv_minupdaterate") (value "100")
L 11/20/2020 - 22:10:44: [basecommands.smx] "Console<0><Console><Console>" changed cvar (cvar "sv_maxupdaterate") (value "100")
L 11/20/2020 - 22:10:44: [basecommands.smx] "Console<0><Console><Console>" changed cvar (cvar "fps_max") (value "0")
L 11/20/2020 - 22:10:44: [basecommands.smx] "Console<0><Console><Console>" changed cvar (cvar "hostname") (value "Versus")
L 11/20/2020 - 22:12:40: [admin_hp.smx]  
L 11/20/2020 - 22:12:40: [l4d2_skill_detect.smx] Clear: 4 freed 1 from 9: time: 9.09 / 13.33 -- class: smoker (with shove? 1)
L 11/20/2020 - 22:12:42: [admin_hp.smx]  
L 11/20/2020 - 22:12:43: [admin_hp.smx]  
L 11/20/2020 - 22:12:44: [admin_hp.smx]  
L 11/20/2020 - 22:12:44: [admin_hp.smx]  
L 11/20/2020 - 22:12:45: [admin_hp.smx]  
L 11/20/2020 - 22:12:45: [admin_hp.smx]  
L 11/20/2020 - 22:12:45: [admin_hp.smx]  
L 11/20/2020 - 22:12:45: [admin_hp.smx]  
L 11/20/2020 - 22:12:46: [admin_hp.smx]  
L 11/20/2020 - 22:12:46: [admin_hp.smx]  
L 11/20/2020 - 22:12:46: [admin_hp.smx]  
L 11/20/2020 - 22:12:46: [admin_hp.smx]  
L 11/20/2020 - 22:12:46: [admin_hp.smx]  
L 11/20/2020 - 22:12:46: [admin_hp.smx]  
L 11/20/2020 - 22:12:47: [admin_hp.smx]  
L 11/20/2020 - 22:12:47: [admin_hp.smx]  
L 11/20/2020 - 22:12:47: [admin_hp.smx]  
L 11/20/2020 - 22:12:47: [admin_hp.smx]  
L 11/20/2020 - 22:12:47: [admin_hp.smx]  
L 11/20/2020 - 22:12:47: [admin_hp.smx]  
L 11/20/2020 - 22:12:48: [admin_hp.smx]  
L 11/20/2020 - 22:12:48: [admin_hp.smx]  
L 11/20/2020 - 22:12:48: [admin_hp.smx]  
L 11/20/2020 - 22:12:48: [admin_hp.smx]  
L 11/20/2020 - 22:12:48: [l4d2_skill_detect.smx] Clear: 1 freed 2 from 6: time: 19.41 / -1.00 -- class: hunter (with shove? 0)
L 11/20/2020 - 22:12:48: [admin_hp.smx]  
L 11/20/2020 - 22:12:48: [admin_hp.smx]  
L 11/20/2020 - 22:12:49: [admin_hp.smx]  
L 11/20/2020 - 22:12:49: [admin_hp.smx]  
L 11/20/2020 - 22:12:49: [admin_hp.smx]  
L 11/20/2020 - 22:13:21: -------- Mapchange to c11m1_greenhouse --------
L 11/20/2020 - 22:13:22: [basecommands.smx] "Console<0><Console><Console>" changed cvar (cvar "sv_force_time_of_day") (value "0")
L 11/20/2020 - 22:13:22: [basecommands.smx] "Console<0><Console><Console>" changed cvar (cvar "z_witch_damage_per_kill_hit") (value "120")
L 11/20/2020 - 22:13:22: [basecommands.smx] "Console<0><Console><Console>" changed cvar (cvar "z_witch_anger_rate") (value "0.4")
L 11/20/2020 - 22:13:22: [basecommands.smx] "Console<0><Console><Console>" changed cvar (cvar "z_witch_flashlight_range") (value "2000")
L 11/20/2020 - 22:13:22: [basecommands.smx] "Console<0><Console><Console>" changed cvar (cvar "z_witch_burn_time") (value "100")
L 11/20/2020 - 22:13:22: [basecommands.smx] "Console<0><Console><Console>" changed cvar (cvar "z_tank_health") (value "4000")
L 11/20/2020 - 22:13:22: [basecommands.smx] "Console<0><Console><Console>" changed cvar (cvar "z_ghost_delay_min") (value "15")
L 11/20/2020 - 22:13:22: [basecommands.smx] "Console<0><Console><Console>" changed cvar (cvar "z_ghost_delay_max") (value "15")
L 11/20/2020 - 22:13:22: [basecommands.smx] "Console<0><Console><Console>" changed cvar (cvar "z_hunter_limit") (value "1")
L 11/20/2020 - 22:13:22: [basecommands.smx] "Console<0><Console><Console>" changed cvar (cvar "z_smoker_limit") (value "1")
L 11/20/2020 - 22:13:22: [basecommands.smx] "Console<0><Console><Console>" changed cvar (cvar "z_jockey_limit") (value "1")
L 11/20/2020 - 22:13:22: [basecommands.smx] "Console<0><Console><Console>" changed cvar (cvar "versus_tank_chance_intro") (value "1")
L 11/20/2020 - 22:13:22: [basecommands.smx] "Console<0><Console><Console>" changed cvar (cvar "versus_tank_chance_finale") (value "1")
L 11/20/2020 - 22:13:22: [basecommands.smx] "Console<0><Console><Console>" changed cvar (cvar "versus_tank_chance") (value "1")
L 11/20/2020 - 22:13:22: [basecommands.smx] "Console<0><Console><Console>" changed cvar (cvar "versus_witch_chance_intro") (value "0")
L 11/20/2020 - 22:13:22: [basecommands.smx] "Console<0><Console><Console>" changed cvar (cvar "versus_witch_chance_finale") (value "0")
L 11/20/2020 - 22:13:22: [basecommands.smx] "Console<0><Console><Console>" changed cvar (cvar "versus_witch_chance") (value "1")
L 11/20/2020 - 22:13:22: [basecommands.smx] "Console<0><Console><Console>" changed cvar (cvar "director_force_tank") (value "1")
L 11/20/2020 - 22:13:22: [basecommands.smx] "Console<0><Console><Console>" changed cvar (cvar "versus_boss_flow_min") (value "0.4")
L 11/20/2020 - 22:13:22: [basecommands.smx] "Console<0><Console><Console>" changed cvar (cvar "versus_boss_flow_max") (value "0.6")
L 11/20/2020 - 22:13:22: [basecommands.smx] "Console<0><Console><Console>" changed cvar (cvar "versus_boss_flow_min_intro") (value "0.1")
L 11/20/2020 - 22:13:22: [basecommands.smx] "Console<0><Console><Console>" changed cvar (cvar "versus_boss_flow_max_intro") (value "0.2")
L 11/20/2020 - 22:13:22: [basecommands.smx] "Console<0><Console><Console>" changed cvar (cvar "versus_boss_flow_min_finale") (value "0.1")
L 11/20/2020 - 22:13:22: [basecommands.smx] "Console<0><Console><Console>" changed cvar (cvar "versus_boss_flow_max_finale") (value "0.2")
L 11/20/2020 - 22:13:22: [basecommands.smx] "Console<0><Console><Console>" changed cvar (cvar "boomer_vomit_delay") (value "0.1")
L 11/20/2020 - 22:13:22: [basecommands.smx] "Console<0><Console><Console>" changed cvar (cvar "smoker_tongue_delay") (value "0.1")
L 11/20/2020 - 22:13:22: [basecommands.smx] "Console<0><Console><Console>" changed cvar (cvar "vs_survival_bonus") (value "35")
L 11/20/2020 - 22:13:22: [basecommands.smx] "Console<0><Console><Console>" changed cvar (cvar "z_tank_throw_health") (value "10")
L 11/20/2020 - 22:13:22: [basecommands.smx] "Console<0><Console><Console>" changed cvar (cvar "sv_client_min_interp_ratio") (value "-1")
L 11/20/2020 - 22:13:22: [basecommands.smx] "Console<0><Console><Console>" changed cvar (cvar "sv_client_max_interp_ratio") (value "0")
L 11/20/2020 - 22:13:22: [basecommands.smx] "Console<0><Console><Console>" changed cvar (cvar "sv_minrate") (value "120000")
L 11/20/2020 - 22:13:22: [basecommands.smx] "Console<0><Console><Console>" changed cvar (cvar "sv_maxrate") (value "120000")
L 11/20/2020 - 22:13:22: [basecommands.smx] "Console<0><Console><Console>" changed cvar (cvar "sv_mincmdrate") (value "100")
L 11/20/2020 - 22:13:22: [basecommands.smx] "Console<0><Console><Console>" changed cvar (cvar "sv_maxcmdrate") (value "100")
L 11/20/2020 - 22:13:22: [basecommands.smx] "Console<0><Console><Console>" changed cvar (cvar "sv_minupdaterate") (value "100")
L 11/20/2020 - 22:13:22: [basecommands.smx] "Console<0><Console><Console>" changed cvar (cvar "sv_maxupdaterate") (value "100")
L 11/20/2020 - 22:13:22: [basecommands.smx] "Console<0><Console><Console>" changed cvar (cvar "fps_max") (value "0")
L 11/20/2020 - 22:13:22: [basecommands.smx] "Console<0><Console><Console>" changed cvar (cvar "hostname") (value "Versus")
L 11/20/2020 - 22:14:37: [l4d2_skill_detect.smx] Clear: 1 freed 3 from 9: time: 5.58 / -1.00 -- class: jockey (with shove? 0)
L 11/20/2020 - 22:14:43: [l4d2_skill_detect.smx] Clear: 1 freed 3 from 8: time: 5.25 / -1.00 -- class: hunter (with shove? 0)
L 11/20/2020 - 22:15:25: [admin_hp.smx]  
L 11/20/2020 - 22:16:22: [l4d2_skill_detect.smx] Clear: 1 freed 2 from 3: time: 6.30 / -1.00 -- class: jockey (with shove? 0)
L 11/20/2020 - 22:19:50: [l4d2_skill_detect.smx] Charge carry start: 4 - 8 -- time: 384.85
L 11/20/2020 - 22:19:52: [l4d2_skill_detect.smx] Clear: 3 freed 8 from 4: time: 0.47 / 1.22 -- class: charger (with shove? 0)
L 11/20/2020 - 22:19:53: [l4d2_skill_detect.smx] Checking charge victim: 4 - 8 - flags: 1 (alive? 1)
L 11/20/2020 - 22:20:32: [l4d2_skill_detect.smx] Charge carry start: 1 - 9 -- time: 426.94
L 11/20/2020 - 22:20:37: [l4d2_skill_detect.smx] Checking charge victim: 1 - 9 - flags: 19 (alive? 0)
L 11/20/2020 - 22:20:46: [l4d2_skill_detect.smx] Charge carry start: 1 - 8 -- time: 440.60
L 11/20/2020 - 22:20:50: [l4d2_skill_detect.smx] Checking charge victim: 1 - 8 - flags: 19 (alive? 0)
L 11/20/2020 - 22:21:15: -------- Mapchange to c11m2_offices --------
L 11/20/2020 - 22:21:17: [basecommands.smx] "Console<0><Console><Console>" changed cvar (cvar "sv_force_time_of_day") (value "0")
L 11/20/2020 - 22:21:17: [basecommands.smx] "Console<0><Console><Console>" changed cvar (cvar "z_witch_damage_per_kill_hit") (value "120")
L 11/20/2020 - 22:21:17: [basecommands.smx] "Console<0><Console><Console>" changed cvar (cvar "z_witch_anger_rate") (value "0.4")
L 11/20/2020 - 22:21:17: [basecommands.smx] "Console<0><Console><Console>" changed cvar (cvar "z_witch_flashlight_range") (value "2000")
L 11/20/2020 - 22:21:18: [basecommands.smx] "Console<0><Console><Console>" changed cvar (cvar "z_witch_burn_time") (value "100")
L 11/20/2020 - 22:21:18: [basecommands.smx] "Console<0><Console><Console>" changed cvar (cvar "z_tank_health") (value "4000")
L 11/20/2020 - 22:21:18: [basecommands.smx] "Console<0><Console><Console>" changed cvar (cvar "z_ghost_delay_min") (value "15")
L 11/20/2020 - 22:21:18: [basecommands.smx] "Console<0><Console><Console>" changed cvar (cvar "z_ghost_delay_max") (value "15")
L 11/20/2020 - 22:21:18: [basecommands.smx] "Console<0><Console><Console>" changed cvar (cvar "z_hunter_limit") (value "1")
L 11/20/2020 - 22:21:18: [basecommands.smx] "Console<0><Console><Console>" changed cvar (cvar "z_smoker_limit") (value "1")
L 11/20/2020 - 22:21:18: [basecommands.smx] "Console<0><Console><Console>" changed cvar (cvar "z_jockey_limit") (value "1")
L 11/20/2020 - 22:21:18: [basecommands.smx] "Console<0><Console><Console>" changed cvar (cvar "versus_tank_chance_intro") (value "1")
L 11/20/2020 - 22:21:18: [basecommands.smx] "Console<0><Console><Console>" changed cvar (cvar "versus_tank_chance_finale") (value "1")
L 11/20/2020 - 22:21:18: [basecommands.smx] "Console<0><Console><Console>" changed cvar (cvar "versus_tank_chance") (value "1")
L 11/20/2020 - 22:21:18: [basecommands.smx] "Console<0><Console><Console>" changed cvar (cvar "versus_witch_chance_intro") (value "0")
L 11/20/2020 - 22:21:18: [basecommands.smx] "Console<0><Console><Console>" changed cvar (cvar "versus_witch_chance_finale") (value "0")
L 11/20/2020 - 22:21:18: [basecommands.smx] "Console<0><Console><Console>" changed cvar (cvar "versus_witch_chance") (value "1")
L 11/20/2020 - 22:21:18: [basecommands.smx] "Console<0><Console><Console>" changed cvar (cvar "director_force_tank") (value "1")
L 11/20/2020 - 22:21:18: [basecommands.smx] "Console<0><Console><Console>" changed cvar (cvar "versus_boss_flow_min") (value "0.4")
L 11/20/2020 - 22:21:18: [basecommands.smx] "Console<0><Console><Console>" changed cvar (cvar "versus_boss_flow_max") (value "0.6")
L 11/20/2020 - 22:21:18: [basecommands.smx] "Console<0><Console><Console>" changed cvar (cvar "versus_boss_flow_min_intro") (value "0.1")
L 11/20/2020 - 22:21:18: [basecommands.smx] "Console<0><Console><Console>" changed cvar (cvar "versus_boss_flow_max_intro") (value "0.2")
L 11/20/2020 - 22:21:18: [basecommands.smx] "Console<0><Console><Console>" changed cvar (cvar "versus_boss_flow_min_finale") (value "0.1")
L 11/20/2020 - 22:21:18: [basecommands.smx] "Console<0><Console><Console>" changed cvar (cvar "versus_boss_flow_max_finale") (value "0.2")
L 11/20/2020 - 22:21:18: [basecommands.smx] "Console<0><Console><Console>" changed cvar (cvar "boomer_vomit_delay") (value "0.1")
L 11/20/2020 - 22:21:18: [basecommands.smx] "Console<0><Console><Console>" changed cvar (cvar "smoker_tongue_delay") (value "0.1")
L 11/20/2020 - 22:21:18: [basecommands.smx] "Console<0><Console><Console>" changed cvar (cvar "vs_survival_bonus") (value "35")
L 11/20/2020 - 22:21:18: [basecommands.smx] "Console<0><Console><Console>" changed cvar (cvar "z_tank_throw_health") (value "10")
L 11/20/2020 - 22:21:18: [basecommands.smx] "Console<0><Console><Console>" changed cvar (cvar "sv_client_min_interp_ratio") (value "-1")
L 11/20/2020 - 22:21:18: [basecommands.smx] "Console<0><Console><Console>" changed cvar (cvar "sv_client_max_interp_ratio") (value "0")
L 11/20/2020 - 22:21:18: [basecommands.smx] "Console<0><Console><Console>" changed cvar (cvar "sv_minrate") (value "120000")
L 11/20/2020 - 22:21:18: [basecommands.smx] "Console<0><Console><Console>" changed cvar (cvar "sv_maxrate") (value "120000")
L 11/20/2020 - 22:21:18: [basecommands.smx] "Console<0><Console><Console>" changed cvar (cvar "sv_mincmdrate") (value "100")
L 11/20/2020 - 22:21:18: [basecommands.smx] "Console<0><Console><Console>" changed cvar (cvar "sv_maxcmdrate") (value "100")
L 11/20/2020 - 22:21:18: [basecommands.smx] "Console<0><Console><Console>" changed cvar (cvar "sv_minupdaterate") (value "100")
L 11/20/2020 - 22:21:18: [basecommands.smx] "Console<0><Console><Console>" changed cvar (cvar "sv_maxupdaterate") (value "100")
L 11/20/2020 - 22:21:18: [basecommands.smx] "Console<0><Console><Console>" changed cvar (cvar "fps_max") (value "0")
L 11/20/2020 - 22:21:18: [basecommands.smx] "Console<0><Console><Console>" changed cvar (cvar "hostname") (value "Versus")
L 11/20/2020 - 22:22:24: [l4d2_skill_detect.smx] Clear: 4 freed 3 from 6: time: -1.00 / 1.01 -- class: smoker (with shove? 1)
L 11/20/2020 - 22:24:49: [l4d2_skill_detect.smx] Clear: 1 freed 2 from 5: time: 10.26 / -1.00 -- class: jockey (with shove? 0)
L 11/20/2020 - 22:24:54: [l4d2_skill_detect.smx] Clear: 1 freed 2 from 8: time: -1.00 / 1.80 -- class: smoker (with shove? 1)
L 11/20/2020 - 22:25:17: [l4d2_skill_detect.smx] Clear: 1 freed 3 from 8: time: 1.06 / -1.00 -- class: hunter (with shove? 0)
L 11/20/2020 - 22:25:55: [l4d2_skill_detect.smx] Charge carry start: 8 - 1 -- time: 276.67
L 11/20/2020 - 22:25:56: [l4d2_skill_detect.smx] Clear: 1 freed 1 from 8: time: 0.00 / 0.04 -- class: charger (with shove? 0)
L 11/20/2020 - 22:25:58: [l4d2_skill_detect.smx] Checking charge victim: 8 - 1 - flags: 1 (alive? 1)
L 11/20/2020 - 22:26:00: [l4d2_skill_detect.smx] Clear: 3 freed 7 from 4: time: -1.00 / 2.22 -- class: smoker (with shove? 1)
L 11/20/2020 - 22:26:08: [l4d2_skill_detect.smx] Clear: 7 freed 3 from 5: time: 1.66 / -1.00 -- class: jockey (with shove? 1)
L 11/20/2020 - 22:26:12: [l4d2_skill_detect.smx] Clear: 7 freed 3 from 6: time: 0.92 / -1.00 -- class: hunter (with shove? 0)
L 11/20/2020 - 22:26:34: [l4d2_skill_detect.smx] Charge carry start: 5 - 3 -- time: 315.50
L 11/20/2020 - 22:26:36: [l4d2_skill_detect.smx] Clear: 1 freed 3 from 5: time: 0.58 / 1.77 -- class: charger (with shove? 0)
L 11/20/2020 - 22:26:38: [l4d2_skill_detect.smx] Checking charge victim: 5 - 3 - flags: 1 (alive? 1)
L 11/20/2020 - 22:26:38: [l4d2_skill_detect.smx] Checking charge victim: 5 - 7 - flags: 0 (alive? 1)
L 11/20/2020 - 22:27:03: [l4d2_skill_detect.smx] Clear: 2 freed 3 from 4: time: 3.07 / -1.00 -- class: hunter (with shove? 0)
L 11/20/2020 - 22:27:21: [l4d2_skill_detect.smx] Clear: 1 freed 2 from 6: time: 4.62 / -1.00 -- class: jockey (with shove? 0)
L 11/20/2020 - 22:27:23: [l4d2_skill_detect.smx] Witch Crown Check: crown shot: 968, harrassed: 1 (full health: 1000 / drawthresh: 500 / oneshot 0)
L 11/20/2020 - 22:27:28: [l4d2_skill_detect.smx] Clear: 2 freed 1 from 8: time: 2.38 / -1.00 -- class: hunter (with shove? 0)
L 11/20/2020 - 22:27:32: [l4d2_skill_detect.smx] Clear: 1 freed 2 from 4: time: -1.00 / 1.36 -- class: smoker (with shove? 1)
L 11/20/2020 - 22:27:56: [l4d2_skill_detect.smx] Clear: 7 freed 2 from 8: time: 1.59 / -1.00 -- class: jockey (with shove? 0)
L 11/20/2020 - 22:28:08: [l4d2_skill_detect.smx] Clear: 7 freed 2 from 3: time: 0.79 / 7.60 -- class: smoker (with shove? 0)
L 11/20/2020 - 22:30:10: [l4d2_skill_detect.smx] Clear: 5 freed 4 from 2: time: 1.32 / -1.00 -- class: hunter (with shove? 0)
L 11/20/2020 - 22:31:23: [l4d2_skill_detect.smx] Charge carry start: 9 - 5 -- time: 604.53
L 11/20/2020 - 22:31:26: [l4d2_skill_detect.smx] Clear: 4 freed 5 from 9: time: 1.37 / 2.47 -- class: charger (with shove? 0)
L 11/20/2020 - 22:31:27: [l4d2_skill_detect.smx] Checking charge victim: 9 - 5 - flags: 1 (alive? 1)
L 11/20/2020 - 22:31:31: [l4d2_skill_detect.smx] Clear: 10 freed 8 from 1: time: 6.98 / -1.00 -- class: jockey (with shove? 0)
L 11/20/2020 - 22:32:01: [l4d2_skill_detect.smx] Charge carry start: 1 - 4 -- time: 641.66
L 11/20/2020 - 22:32:06: [l4d2_skill_detect.smx] Checking charge victim: 1 - 4 - flags: 145 (alive? 1)
L 11/20/2020 - 22:32:09: [l4d2_skill_detect.smx] Checking charge victim: 1 - 4 - flags: 401 (alive? 0)
L 11/20/2020 - 22:32:25: -------- Mapchange to c11m3_garage --------
L 11/20/2020 - 22:32:26: [basecommands.smx] "Console<0><Console><Console>" changed cvar (cvar "sv_force_time_of_day") (value "0")
L 11/20/2020 - 22:32:26: [basecommands.smx] "Console<0><Console><Console>" changed cvar (cvar "z_witch_damage_per_kill_hit") (value "120")
L 11/20/2020 - 22:32:26: [basecommands.smx] "Console<0><Console><Console>" changed cvar (cvar "z_witch_anger_rate") (value "0.4")
L 11/20/2020 - 22:32:26: [basecommands.smx] "Console<0><Console><Console>" changed cvar (cvar "z_witch_flashlight_range") (value "2000")
L 11/20/2020 - 22:32:26: [basecommands.smx] "Console<0><Console><Console>" changed cvar (cvar "z_witch_burn_time") (value "100")
L 11/20/2020 - 22:32:26: [basecommands.smx] "Console<0><Console><Console>" changed cvar (cvar "z_tank_health") (value "4000")
L 11/20/2020 - 22:32:26: [basecommands.smx] "Console<0><Console><Console>" changed cvar (cvar "z_ghost_delay_min") (value "15")
L 11/20/2020 - 22:32:26: [basecommands.smx] "Console<0><Console><Console>" changed cvar (cvar "z_ghost_delay_max") (value "15")
L 11/20/2020 - 22:32:26: [basecommands.smx] "Console<0><Console><Console>" changed cvar (cvar "z_hunter_limit") (value "1")
L 11/20/2020 - 22:32:26: [basecommands.smx] "Console<0><Console><Console>" changed cvar (cvar "z_smoker_limit") (value "1")
L 11/20/2020 - 22:32:26: [basecommands.smx] "Console<0><Console><Console>" changed cvar (cvar "z_jockey_limit") (value "1")
L 11/20/2020 - 22:32:26: [basecommands.smx] "Console<0><Console><Console>" changed cvar (cvar "versus_tank_chance_intro") (value "1")
L 11/20/2020 - 22:32:26: [basecommands.smx] "Console<0><Console><Console>" changed cvar (cvar "versus_tank_chance_finale") (value "1")
L 11/20/2020 - 22:32:26: [basecommands.smx] "Console<0><Console><Console>" changed cvar (cvar "versus_tank_chance") (value "1")
L 11/20/2020 - 22:32:26: [basecommands.smx] "Console<0><Console><Console>" changed cvar (cvar "versus_witch_chance_intro") (value "0")
L 11/20/2020 - 22:32:26: [basecommands.smx] "Console<0><Console><Console>" changed cvar (cvar "versus_witch_chance_finale") (value "0")
L 11/20/2020 - 22:32:26: [basecommands.smx] "Console<0><Console><Console>" changed cvar (cvar "versus_witch_chance") (value "1")
L 11/20/2020 - 22:32:26: [basecommands.smx] "Console<0><Console><Console>" changed cvar (cvar "director_force_tank") (value "1")
L 11/20/2020 - 22:32:26: [basecommands.smx] "Console<0><Console><Console>" changed cvar (cvar "versus_boss_flow_min") (value "0.4")
L 11/20/2020 - 22:32:26: [basecommands.smx] "Console<0><Console><Console>" changed cvar (cvar "versus_boss_flow_max") (value "0.6")
L 11/20/2020 - 22:32:26: [basecommands.smx] "Console<0><Console><Console>" changed cvar (cvar "versus_boss_flow_min_intro") (value "0.1")
L 11/20/2020 - 22:32:26: [basecommands.smx] "Console<0><Console><Console>" changed cvar (cvar "versus_boss_flow_max_intro") (value "0.2")
L 11/20/2020 - 22:32:26: [basecommands.smx] "Console<0><Console><Console>" changed cvar (cvar "versus_boss_flow_min_finale") (value "0.1")
L 11/20/2020 - 22:32:26: [basecommands.smx] "Console<0><Console><Console>" changed cvar (cvar "versus_boss_flow_max_finale") (value "0.2")
L 11/20/2020 - 22:32:26: [basecommands.smx] "Console<0><Console><Console>" changed cvar (cvar "boomer_vomit_delay") (value "0.1")
L 11/20/2020 - 22:32:26: [basecommands.smx] "Console<0><Console><Console>" changed cvar (cvar "smoker_tongue_delay") (value "0.1")
L 11/20/2020 - 22:32:26: [basecommands.smx] "Console<0><Console><Console>" changed cvar (cvar "vs_survival_bonus") (value "35")
L 11/20/2020 - 22:32:26: [basecommands.smx] "Console<0><Console><Console>" changed cvar (cvar "z_tank_throw_health") (value "10")
L 11/20/2020 - 22:32:26: [basecommands.smx] "Console<0><Console><Console>" changed cvar (cvar "sv_client_min_interp_ratio") (value "-1")
L 11/20/2020 - 22:32:26: [basecommands.smx] "Console<0><Console><Console>" changed cvar (cvar "sv_client_max_interp_ratio") (value "0")
L 11/20/2020 - 22:32:26: [basecommands.smx] "Console<0><Console><Console>" changed cvar (cvar "sv_minrate") (value "120000")
L 11/20/2020 - 22:32:26: [basecommands.smx] "Console<0><Console><Console>" changed cvar (cvar "sv_maxrate") (value "120000")
L 11/20/2020 - 22:32:26: [basecommands.smx] "Console<0><Console><Console>" changed cvar (cvar "sv_mincmdrate") (value "100")
L 11/20/2020 - 22:32:26: [basecommands.smx] "Console<0><Console><Console>" changed cvar (cvar "sv_maxcmdrate") (value "100")
L 11/20/2020 - 22:32:26: [basecommands.smx] "Console<0><Console><Console>" changed cvar (cvar "sv_minupdaterate") (value "100")
L 11/20/2020 - 22:32:26: [basecommands.smx] "Console<0><Console><Console>" changed cvar (cvar "sv_maxupdaterate") (value "100")
L 11/20/2020 - 22:32:26: [basecommands.smx] "Console<0><Console><Console>" changed cvar (cvar "fps_max") (value "0")
L 11/20/2020 - 22:32:26: [basecommands.smx] "Console<0><Console><Console>" changed cvar (cvar "hostname") (value "Versus")
L 11/20/2020 - 22:34:31: [l4d2_skill_detect.smx] Clear: 3 freed 4 from 9: time: 1.79 / -1.00 -- class: jockey (with shove? 0)
L 11/20/2020 - 22:35:17: [l4d2_skill_detect.smx] Charge carry start: 5 - 1 -- time: 162.73
L 11/20/2020 - 22:35:19: [l4d2_skill_detect.smx] Clear: 3 freed 1 from 5: time: 1.44 / 2.87 -- class: charger (with shove? 0)
L 11/20/2020 - 22:35:20: [l4d2_skill_detect.smx] Checking charge victim: 5 - 1 - flags: 1 (alive? 1)
L 11/20/2020 - 22:35:20: [l4d2_skill_detect.smx] Checking charge victim: 5 - 4 - flags: 0 (alive? 1)
L 11/20/2020 - 22:35:20: [l4d2_skill_detect.smx] Checking charge victim: 5 - 2 - flags: 0 (alive? 1)
L 11/20/2020 - 22:35:22: [l4d2_skill_detect.smx] Clear: 3 freed 1 from 8: time: 0.76 / -1.00 -- class: jockey (with shove? 0)
L 11/20/2020 - 22:36:06: [l4d2_skill_detect.smx] Clear: 2 freed 4 from 7: time: 2.69 / 5.27 -- class: smoker (with shove? 0)
L 11/20/2020 - 22:37:03: [basecommands.smx] "Duяåznlто™<3><STEAM_1:1:4151444><>" changed cvar (cvar "vs_max_team_switches") (value "0")
L 11/20/2020 - 22:37:09: [basecommands.smx] "Duяåznlто™<3><STEAM_1:1:4151444><>" changed cvar (cvar "vs_max_team_switches") (value "5")
L 11/20/2020 - 22:37:37: [l4d2_skill_detect.smx] Clear: 9 freed 6 from 1: time: 1.02 / -1.00 -- class: hunter (with shove? 0)
L 11/20/2020 - 22:37:53: [l4d2_skill_detect.smx] Charge carry start: 10 - 4 -- time: 319.23
L 11/20/2020 - 22:37:55: [l4d2_skill_detect.smx] Clear: 9 freed 4 from 10: time: 1.22 / 2.14 -- class: charger (with shove? 0)
L 11/20/2020 - 22:37:56: [l4d2_skill_detect.smx] Checking charge victim: 10 - 4 - flags: 1 (alive? 1)
L 11/20/2020 - 22:37:58: [l4d2_skill_detect.smx] Clear: 6 freed 5 from 8: time: 0.50 / -1.00 -- class: jockey (with shove? 1)
L 11/20/2020 - 22:38:36: [l4d2_skill_detect.smx] Clear: 6 freed 4 from 1: time: 3.67 / -1.00 -- class: jockey (with shove? 0)
L 11/20/2020 - 22:38:56: [l4d2_skill_detect.smx] Clear: 6 freed 9 from 2: time: 9.36 / -1.00 -- class: hunter (with shove? 1)
L 11/20/2020 - 22:39:03: [l4d2_skill_detect.smx] Clear: 9 freed 6 from 2: time: 0.89 / -1.00 -- class: hunter (with shove? 0)
L 11/20/2020 - 22:39:27: [l4d2_skill_detect.smx] Clear: 6 freed 4 from 8: time: 5.63 / -1.00 -- class: jockey (with shove? 0)
L 11/20/2020 - 22:39:50: [l4d2_tankswap.smx] ReplaceWithBot being called, client ♛ Rain ♛ boolean 1
L 11/20/2020 - 22:39:50: [l4d2_tankswap.smx] ReplaceTank being called, client agustin2907 target ♛ Rain ♛
L 11/20/2020 - 22:39:50: [l4d2_tankswap.smx] ZombieManager pointer: 0x467ac00
L 11/20/2020 - 22:39:58: [l4d2_skill_detect.smx] Clear: 6 freed 9 from 2: time: -1.00 / 2.58 -- class: smoker (with shove? 1)
L 11/20/2020 - 22:40:33: [basecommands.smx] "Duяåznlто™<3><STEAM_1:1:4151444><>" kicked "agustin2907<155><STEAM_1:0:521424183><>" (reason "")
L 11/20/2020 - 22:40:46: -------- Mapchange to c11m4_terminal --------
L 11/20/2020 - 22:40:48: [basecommands.smx] "Console<0><Console><Console>" changed cvar (cvar "sv_force_time_of_day") (value "0")
L 11/20/2020 - 22:40:48: [basecommands.smx] "Console<0><Console><Console>" changed cvar (cvar "z_witch_damage_per_kill_hit") (value "120")
L 11/20/2020 - 22:40:48: [basecommands.smx] "Console<0><Console><Console>" changed cvar (cvar "z_witch_anger_rate") (value "0.4")
L 11/20/2020 - 22:40:48: [basecommands.smx] "Console<0><Console><Console>" changed cvar (cvar "z_witch_flashlight_range") (value "2000")
L 11/20/2020 - 22:40:48: [basecommands.smx] "Console<0><Console><Console>" changed cvar (cvar "z_witch_burn_time") (value "100")
L 11/20/2020 - 22:40:48: [basecommands.smx] "Console<0><Console><Console>" changed cvar (cvar "z_tank_health") (value "4000")
L 11/20/2020 - 22:40:48: [basecommands.smx] "Console<0><Console><Console>" changed cvar (cvar "z_ghost_delay_min") (value "15")
L 11/20/2020 - 22:40:48: [basecommands.smx] "Console<0><Console><Console>" changed cvar (cvar "z_ghost_delay_max") (value "15")
L 11/20/2020 - 22:40:48: [basecommands.smx] "Console<0><Console><Console>" changed cvar (cvar "z_hunter_limit") (value "1")
L 11/20/2020 - 22:40:48: [basecommands.smx] "Console<0><Console><Console>" changed cvar (cvar "z_smoker_limit") (value "1")
L 11/20/2020 - 22:40:48: [basecommands.smx] "Console<0><Console><Console>" changed cvar (cvar "z_jockey_limit") (value "1")
L 11/20/2020 - 22:40:48: [basecommands.smx] "Console<0><Console><Console>" changed cvar (cvar "versus_tank_chance_intro") (value "1")
L 11/20/2020 - 22:40:48: [basecommands.smx] "Console<0><Console><Console>" changed cvar (cvar "versus_tank_chance_finale") (value "1")
L 11/20/2020 - 22:40:48: [basecommands.smx] "Console<0><Console><Console>" changed cvar (cvar "versus_tank_chance") (value "1")
L 11/20/2020 - 22:40:48: [basecommands.smx] "Console<0><Console><Console>" changed cvar (cvar "versus_witch_chance_intro") (value "0")
L 11/20/2020 - 22:40:48: [basecommands.smx] "Console<0><Console><Console>" changed cvar (cvar "versus_witch_chance_finale") (value "0")
L 11/20/2020 - 22:40:48: [basecommands.smx] "Console<0><Console><Console>" changed cvar (cvar "versus_witch_chance") (value "1")
L 11/20/2020 - 22:40:48: [basecommands.smx] "Console<0><Console><Console>" changed cvar (cvar "director_force_tank") (value "1")
L 11/20/2020 - 22:40:48: [basecommands.smx] "Console<0><Console><Console>" changed cvar (cvar "versus_boss_flow_min") (value "0.4")
L 11/20/2020 - 22:40:48: [basecommands.smx] "Console<0><Console><Console>" changed cvar (cvar "versus_boss_flow_max") (value "0.6")
L 11/20/2020 - 22:40:48: [basecommands.smx] "Console<0><Console><Console>" changed cvar (cvar "versus_boss_flow_min_intro") (value "0.1")
L 11/20/2020 - 22:40:48: [basecommands.smx] "Console<0><Console><Console>" changed cvar (cvar "versus_boss_flow_max_intro") (value "0.2")
L 11/20/2020 - 22:40:48: [basecommands.smx] "Console<0><Console><Console>" changed cvar (cvar "versus_boss_flow_min_finale") (value "0.1")
L 11/20/2020 - 22:40:48: [basecommands.smx] "Console<0><Console><Console>" changed cvar (cvar "versus_boss_flow_max_finale") (value "0.2")
L 11/20/2020 - 22:40:48: [basecommands.smx] "Console<0><Console><Console>" changed cvar (cvar "boomer_vomit_delay") (value "0.1")
L 11/20/2020 - 22:40:48: [basecommands.smx] "Console<0><Console><Console>" changed cvar (cvar "smoker_tongue_delay") (value "0.1")
L 11/20/2020 - 22:40:48: [basecommands.smx] "Console<0><Console><Console>" changed cvar (cvar "vs_survival_bonus") (value "35")
L 11/20/2020 - 22:40:48: [basecommands.smx] "Console<0><Console><Console>" changed cvar (cvar "z_tank_throw_health") (value "10")
L 11/20/2020 - 22:40:48: [basecommands.smx] "Console<0><Console><Console>" changed cvar (cvar "sv_client_min_interp_ratio") (value "-1")
L 11/20/2020 - 22:40:48: [basecommands.smx] "Console<0><Console><Console>" changed cvar (cvar "sv_client_max_interp_ratio") (value "0")
L 11/20/2020 - 22:40:48: [basecommands.smx] "Console<0><Console><Console>" changed cvar (cvar "sv_minrate") (value "120000")
L 11/20/2020 - 22:40:48: [basecommands.smx] "Console<0><Console><Console>" changed cvar (cvar "sv_maxrate") (value "120000")
L 11/20/2020 - 22:40:48: [basecommands.smx] "Console<0><Console><Console>" changed cvar (cvar "sv_mincmdrate") (value "100")
L 11/20/2020 - 22:40:48: [basecommands.smx] "Console<0><Console><Console>" changed cvar (cvar "sv_maxcmdrate") (value "100")
L 11/20/2020 - 22:40:48: [basecommands.smx] "Console<0><Console><Console>" changed cvar (cvar "sv_minupdaterate") (value "100")
L 11/20/2020 - 22:40:48: [basecommands.smx] "Console<0><Console><Console>" changed cvar (cvar "sv_maxupdaterate") (value "100")
L 11/20/2020 - 22:40:48: [basecommands.smx] "Console<0><Console><Console>" changed cvar (cvar "fps_max") (value "0")
L 11/20/2020 - 22:40:48: [basecommands.smx] "Console<0><Console><Console>" changed cvar (cvar "hostname") (value "Versus")
L 11/20/2020 - 22:43:52: [l4d2_skill_detect.smx] Clear: 1 freed 5 from 7: time: 1.83 / -1.00 -- class: jockey (with shove? 1)
L 11/20/2020 - 22:43:58: [l4d2_skill_detect.smx] Witch Crown Check: crown shot: 982, harrassed: 0 (full health: 1000 / drawthresh: 500 / oneshot 1)
L 11/20/2020 - 22:45:44: [l4d2_skill_detect.smx] Clear: 6 freed 1 from 4: time: 2.80 / 6.72 -- class: smoker (with shove? 1)
L 11/20/2020 - 22:46:00: [l4d2_skill_detect.smx] Clear: 2 freed 1 from 3: time: 1.83 / -1.00 -- class: hunter (with shove? 0)
L 11/20/2020 - 22:47:22: [l4d2_skill_detect.smx] Clear: 5 freed 2 from 4: time: -1.00 / 1.83 -- class: smoker (with shove? 1)
L 11/20/2020 - 22:47:29: [l4d2_skill_detect.smx] Clear: 2 freed 1 from 9: time: 2.08 / -1.00 -- class: jockey (with shove? 0)
L 11/20/2020 - 22:47:54: [l4d2_skill_detect.smx] Clear: 3 freed 1 from 6: time: -1.00 / 1.67 -- class: smoker (with shove? 1)
L 11/20/2020 - 22:48:01: [l4d2_skill_detect.smx] Charge carry start: 4 - 3 -- time: 431.98
L 11/20/2020 - 22:48:05: [l4d2_skill_detect.smx] Clear: 2 freed 3 from 4: time: 1.46 / 4.01 -- class: charger (with shove? 0)
L 11/20/2020 - 22:48:06: [l4d2_skill_detect.smx] Checking charge victim: 4 - 3 - flags: 1 (alive? 1)
L 11/20/2020 - 22:50:49: [l4d2_skill_detect.smx] Charge carry start: 7 - 4 -- time: 598.10
L 11/20/2020 - 22:50:53: [l4d2_skill_detect.smx] Checking charge victim: 7 - 4 - flags: 1 (alive? 1)
L 11/20/2020 - 22:50:53: [l4d2_skill_detect.smx] Checking charge victim: 7 - 6 - flags: 0 (alive? 1)
L 11/20/2020 - 22:51:31: [l4d2_skill_detect.smx] Clear: 10 freed 6 from 1: time: -1.00 / 3.44 -- class: smoker (with shove? 1)
L 11/20/2020 - 22:51:35: [l4d2_skill_detect.smx] Clear: 10 freed 11 from 7: time: 1.83 / -1.00 -- class: hunter (with shove? 0)
L 11/20/2020 - 22:51:41: [l4d2_skill_detect.smx] Charge carry start: 5 - 11 -- time: 649.70
L 11/20/2020 - 22:51:44: [l4d2_skill_detect.smx] Checking charge victim: 5 - 11 - flags: 1 (alive? 1)
L 11/20/2020 - 22:51:44: [l4d2_skill_detect.smx] Clear: 10 freed 11 from 5: time: 2.11 / 3.26 -- class: charger (with shove? 0)
L 11/20/2020 - 22:53:01: [l4d2_skill_detect.smx] Charge carry start: 1 - 4 -- time: 730.27
L 11/20/2020 - 22:53:03: [l4d2_skill_detect.smx] Clear: 8 freed 4 from 1: time: 0.95 / 1.98 -- class: charger (with shove? 0)
L 11/20/2020 - 22:53:34: [l4d2_skill_detect.smx] Clear: 6 freed 9 from 2: time: 5.39 / 11.75 -- class: smoker (with shove? 1)
L 11/20/2020 - 22:53:46: [l4d2_skill_detect.smx] Charge carry start: 7 - 3 -- time: 774.95
L 11/20/2020 - 22:53:49: [l4d2_skill_detect.smx] Checking charge victim: 7 - 9 - flags: 0 (alive? 1)
L 11/20/2020 - 22:53:50: [l4d2_skill_detect.smx] Checking charge victim: 7 - 3 - flags: 1 (alive? 1)
L 11/20/2020 - 22:53:51: [l4d2_skill_detect.smx] Clear: 9 freed 3 from 7: time: 2.97 / 4.53 -- class: charger (with shove? 0)
L 11/20/2020 - 22:54:18: [l4d2_skill_detect.smx] Clear: 6 freed 4 from 7: time: 1.05 / -1.00 -- class: hunter (with shove? 1)
L 11/20/2020 - 22:54:46: [l4d2_skill_detect.smx] Charge carry start: 2 - 4 -- time: 834.53
L 11/20/2020 - 22:54:49: [l4d2_skill_detect.smx] Checking charge victim: 2 - 6 - flags: 0 (alive? 1)
L 11/20/2020 - 22:54:49: [l4d2_skill_detect.smx] Checking charge victim: 2 - 4 - flags: 1 (alive? 0)
L 11/20/2020 - 22:54:52: [l4d2_skill_detect.smx] Clear: 9 freed 6 from 7: time: 0.33 / 3.77 -- class: smoker (with shove? 0)
L 11/20/2020 - 22:55:20: [l4d2_skill_detect.smx] Clear: 3 freed 9 from 2: time: 2.71 / -1.00 -- class: jockey (with shove? 1)
L 11/20/2020 - 22:55:35: [l4d2_skill_detect.smx] Charge carry start: 5 - 6 -- time: 884.01
L 11/20/2020 - 22:55:38: [l4d2_skill_detect.smx] Checking charge victim: 5 - 6 - flags: 1 (alive? 1)
L 11/20/2020 - 22:55:39: [l4d2_skill_detect.smx] Clear: 9 freed 6 from 5: time: 2.40 / 3.71 -- class: charger (with shove? 0)
L 11/20/2020 - 22:56:28: -------- Mapchange to c11m5_runway --------
L 11/20/2020 - 22:56:30: [basecommands.smx] "Console<0><Console><Console>" changed cvar (cvar "sv_force_time_of_day") (value "0")
L 11/20/2020 - 22:56:30: [basecommands.smx] "Console<0><Console><Console>" changed cvar (cvar "z_witch_damage_per_kill_hit") (value "120")
L 11/20/2020 - 22:56:30: [basecommands.smx] "Console<0><Console><Console>" changed cvar (cvar "z_witch_anger_rate") (value "0.4")
L 11/20/2020 - 22:56:30: [basecommands.smx] "Console<0><Console><Console>" changed cvar (cvar "z_witch_flashlight_range") (value "2000")
L 11/20/2020 - 22:56:30: [basecommands.smx] "Console<0><Console><Console>" changed cvar (cvar "z_witch_burn_time") (value "100")
L 11/20/2020 - 22:56:30: [basecommands.smx] "Console<0><Console><Console>" changed cvar (cvar "z_tank_health") (value "4000")
L 11/20/2020 - 22:56:30: [basecommands.smx] "Console<0><Console><Console>" changed cvar (cvar "z_ghost_delay_min") (value "15")
L 11/20/2020 - 22:56:30: [basecommands.smx] "Console<0><Console><Console>" changed cvar (cvar "z_ghost_delay_max") (value "15")
L 11/20/2020 - 22:56:30: [basecommands.smx] "Console<0><Console><Console>" changed cvar (cvar "z_hunter_limit") (value "1")
L 11/20/2020 - 22:56:30: [basecommands.smx] "Console<0><Console><Console>" changed cvar (cvar "z_smoker_limit") (value "1")
L 11/20/2020 - 22:56:30: [basecommands.smx] "Console<0><Console><Console>" changed cvar (cvar "z_jockey_limit") (value "1")
L 11/20/2020 - 22:56:30: [basecommands.smx] "Console<0><Console><Console>" changed cvar (cvar "versus_tank_chance_intro") (value "1")
L 11/20/2020 - 22:56:30: [basecommands.smx] "Console<0><Console><Console>" changed cvar (cvar "versus_tank_chance_finale") (value "1")
L 11/20/2020 - 22:56:30: [basecommands.smx] "Console<0><Console><Console>" changed cvar (cvar "versus_tank_chance") (value "1")
L 11/20/2020 - 22:56:30: [basecommands.smx] "Console<0><Console><Console>" changed cvar (cvar "versus_witch_chance_intro") (value "0")
L 11/20/2020 - 22:56:30: [basecommands.smx] "Console<0><Console><Console>" changed cvar (cvar "versus_witch_chance_finale") (value "0")
L 11/20/2020 - 22:56:30: [basecommands.smx] "Console<0><Console><Console>" changed cvar (cvar "versus_witch_chance") (value "1")
L 11/20/2020 - 22:56:30: [basecommands.smx] "Console<0><Console><Console>" changed cvar (cvar "director_force_tank") (value "1")
L 11/20/2020 - 22:56:30: [basecommands.smx] "Console<0><Console><Console>" changed cvar (cvar "versus_boss_flow_min") (value "0.4")
L 11/20/2020 - 22:56:30: [basecommands.smx] "Console<0><Console><Console>" changed cvar (cvar "versus_boss_flow_max") (value "0.6")
L 11/20/2020 - 22:56:30: [basecommands.smx] "Console<0><Console><Console>" changed cvar (cvar "versus_boss_flow_min_intro") (value "0.1")
L 11/20/2020 - 22:56:30: [basecommands.smx] "Console<0><Console><Console>" changed cvar (cvar "versus_boss_flow_max_intro") (value "0.2")
L 11/20/2020 - 22:56:30: [basecommands.smx] "Console<0><Console><Console>" changed cvar (cvar "versus_boss_flow_min_finale") (value "0.1")
L 11/20/2020 - 22:56:30: [basecommands.smx] "Console<0><Console><Console>" changed cvar (cvar "versus_boss_flow_max_finale") (value "0.2")
L 11/20/2020 - 22:56:30: [basecommands.smx] "Console<0><Console><Console>" changed cvar (cvar "boomer_vomit_delay") (value "0.1")
L 11/20/2020 - 22:56:30: [basecommands.smx] "Console<0><Console><Console>" changed cvar (cvar "smoker_tongue_delay") (value "0.1")
L 11/20/2020 - 22:56:30: [basecommands.smx] "Console<0><Console><Console>" changed cvar (cvar "vs_survival_bonus") (value "35")
L 11/20/2020 - 22:56:30: [basecommands.smx] "Console<0><Console><Console>" changed cvar (cvar "z_tank_throw_health") (value "10")
L 11/20/2020 - 22:56:30: [basecommands.smx] "Console<0><Console><Console>" changed cvar (cvar "sv_client_min_interp_ratio") (value "-1")
L 11/20/2020 - 22:56:30: [basecommands.smx] "Console<0><Console><Console>" changed cvar (cvar "sv_client_max_interp_ratio") (value "0")
L 11/20/2020 - 22:56:30: [basecommands.smx] "Console<0><Console><Console>" changed cvar (cvar "sv_minrate") (value "120000")
L 11/20/2020 - 22:56:30: [basecommands.smx] "Console<0><Console><Console>" changed cvar (cvar "sv_maxrate") (value "120000")
L 11/20/2020 - 22:56:30: [basecommands.smx] "Console<0><Console><Console>" changed cvar (cvar "sv_mincmdrate") (value "100")
L 11/20/2020 - 22:56:30: [basecommands.smx] "Console<0><Console><Console>" changed cvar (cvar "sv_maxcmdrate") (value "100")
L 11/20/2020 - 22:56:30: [basecommands.smx] "Console<0><Console><Console>" changed cvar (cvar "sv_minupdaterate") (value "100")
L 11/20/2020 - 22:56:30: [basecommands.smx] "Console<0><Console><Console>" changed cvar (cvar "sv_maxupdaterate") (value "100")
L 11/20/2020 - 22:56:30: [basecommands.smx] "Console<0><Console><Console>" changed cvar (cvar "fps_max") (value "0")
L 11/20/2020 - 22:56:30: [basecommands.smx] "Console<0><Console><Console>" changed cvar (cvar "hostname") (value "Versus")
L 11/20/2020 - 22:58:18: Log file closed.
L 11/20/2020 - 23:18:20: SourceMod log file session started (file "D:\Steam\steamapps\common\Left 4 Dead 2\left4dead2\addons\sourcemod\logs\L20201120.log") (Version "1.10.0.6492")
L 11/20/2020 - 23:18:20: [simplewelcomemsg.smx] Set the maximum number of lines of.
L 11/20/2020 - 23:18:23: [basecommands.smx] "Console<0><Console><Console>" changed cvar (cvar "sv_force_time_of_day") (value "0")
L 11/20/2020 - 23:18:23: [basecommands.smx] "Console<0><Console><Console>" changed cvar (cvar "z_witch_damage_per_kill_hit") (value "120")
L 11/20/2020 - 23:18:23: [basecommands.smx] "Console<0><Console><Console>" changed cvar (cvar "z_witch_anger_rate") (value "0.4")
L 11/20/2020 - 23:18:23: [basecommands.smx] "Console<0><Console><Console>" changed cvar (cvar "z_witch_flashlight_range") (value "2000")
L 11/20/2020 - 23:18:23: [basecommands.smx] "Console<0><Console><Console>" changed cvar (cvar "z_witch_burn_time") (value "100")
L 11/20/2020 - 23:18:23: [basecommands.smx] "Console<0><Console><Console>" changed cvar (cvar "z_tank_health") (value "4000")
L 11/20/2020 - 23:18:23: [basecommands.smx] "Console<0><Console><Console>" changed cvar (cvar "z_ghost_delay_min") (value "15")
L 11/20/2020 - 23:18:23: [basecommands.smx] "Console<0><Console><Console>" changed cvar (cvar "z_ghost_delay_max") (value "15")
L 11/20/2020 - 23:18:23: [basecommands.smx] "Console<0><Console><Console>" changed cvar (cvar "z_hunter_limit") (value "1")
L 11/20/2020 - 23:18:23: [basecommands.smx] "Console<0><Console><Console>" changed cvar (cvar "z_smoker_limit") (value "1")
L 11/20/2020 - 23:18:23: [basecommands.smx] "Console<0><Console><Console>" changed cvar (cvar "z_jockey_limit") (value "1")
L 11/20/2020 - 23:18:23: [basecommands.smx] "Console<0><Console><Console>" changed cvar (cvar "versus_tank_chance_intro") (value "1")
L 11/20/2020 - 23:18:23: [basecommands.smx] "Console<0><Console><Console>" changed cvar (cvar "versus_tank_chance_finale") (value "1")
L 11/20/2020 - 23:18:23: [basecommands.smx] "Console<0><Console><Console>" changed cvar (cvar "versus_tank_chance") (value "1")
L 11/20/2020 - 23:18:23: [basecommands.smx] "Console<0><Console><Console>" changed cvar (cvar "versus_witch_chance_intro") (value "0")
L 11/20/2020 - 23:18:23: [basecommands.smx] "Console<0><Console><Console>" changed cvar (cvar "versus_witch_chance_finale") (value "0")
L 11/20/2020 - 23:18:23: [basecommands.smx] "Console<0><Console><Console>" changed cvar (cvar "versus_witch_chance") (value "1")
L 11/20/2020 - 23:18:23: [basecommands.smx] "Console<0><Console><Console>" changed cvar (cvar "director_force_tank") (value "1")
L 11/20/2020 - 23:18:23: [basecommands.smx] "Console<0><Console><Console>" changed cvar (cvar "versus_boss_flow_min") (value "0.4")
L 11/20/2020 - 23:18:23: [basecommands.smx] "Console<0><Console><Console>" changed cvar (cvar "versus_boss_flow_max") (value "0.6")
L 11/20/2020 - 23:18:23: [basecommands.smx] "Console<0><Console><Console>" changed cvar (cvar "versus_boss_flow_min_intro") (value "0.1")
L 11/20/2020 - 23:18:23: [basecommands.smx] "Console<0><Console><Console>" changed cvar (cvar "versus_boss_flow_max_intro") (value "0.2")
L 11/20/2020 - 23:18:23: [basecommands.smx] "Console<0><Console><Console>" changed cvar (cvar "versus_boss_flow_min_finale") (value "0.1")
L 11/20/2020 - 23:18:23: [basecommands.smx] "Console<0><Console><Console>" changed cvar (cvar "versus_boss_flow_max_finale") (value "0.2")
L 11/20/2020 - 23:18:23: [basecommands.smx] "Console<0><Console><Console>" changed cvar (cvar "boomer_vomit_delay") (value "0.1")
L 11/20/2020 - 23:18:23: [basecommands.smx] "Console<0><Console><Console>" changed cvar (cvar "smoker_tongue_delay") (value "0.1")
L 11/20/2020 - 23:18:23: [basecommands.smx] "Console<0><Console><Console>" changed cvar (cvar "vs_survival_bonus") (value "35")
L 11/20/2020 - 23:18:23: [basecommands.smx] "Console<0><Console><Console>" changed cvar (cvar "z_tank_throw_health") (value "10")
L 11/20/2020 - 23:18:23: [basecommands.smx] "Console<0><Console><Console>" changed cvar (cvar "sv_client_min_interp_ratio") (value "-1")
L 11/20/2020 - 23:18:23: [basecommands.smx] "Console<0><Console><Console>" changed cvar (cvar "sv_client_max_interp_ratio") (value "0")
L 11/20/2020 - 23:18:23: [basecommands.smx] "Console<0><Console><Console>" changed cvar (cvar "sv_minrate") (value "120000")
L 11/20/2020 - 23:18:23: [basecommands.smx] "Console<0><Console><Console>" changed cvar (cvar "sv_maxrate") (value "120000")
L 11/20/2020 - 23:18:23: [basecommands.smx] "Console<0><Console><Console>" changed cvar (cvar "sv_mincmdrate") (value "100")
L 11/20/2020 - 23:18:23: [basecommands.smx] "Console<0><Console><Console>" changed cvar (cvar "sv_maxcmdrate") (value "100")
L 11/20/2020 - 23:18:23: [basecommands.smx] "Console<0><Console><Console>" changed cvar (cvar "sv_minupdaterate") (value "100")
L 11/20/2020 - 23:18:23: [basecommands.smx] "Console<0><Console><Console>" changed cvar (cvar "sv_maxupdaterate") (value "100")
L 11/20/2020 - 23:18:23: [basecommands.smx] "Console<0><Console><Console>" changed cvar (cvar "fps_max") (value "0")
L 11/20/2020 - 23:18:23: [basecommands.smx] "Console<0><Console><Console>" changed cvar (cvar "hostname") (value "Versus")
L 11/20/2020 - 23:20:15: [l4d2_skill_detect.smx] Clear: 1 freed 4 from 6: time: -1.00 / 1.94 -- class: smoker (with shove? 0)
L 11/20/2020 - 23:22:10: Log file closed.
