L 06/27/2020 - 00:40:42: SourceMod log file session started (file "L20200627.log") (Version "1.8.0.6041")
L 06/27/2020 - 00:40:42: Log file closed.
L 06/27/2020 - 00:49:20: SourceMod log file session started (file "L20200627.log") (Version "1.8.0.6041")
L 06/27/2020 - 00:49:20: -------- Mapchange to c1m2_streets --------
L 06/27/2020 - 00:49:45: [SM] Changed map to "c1m2_streets"
L 06/27/2020 - 00:49:48: -------- Mapchange to c1m2_streets --------
L 06/27/2020 - 00:51:10: Log file closed.
L 06/27/2020 - 00:52:54: SourceMod log file session started (file "L20200627.log") (Version "1.8.0.6041")
L 06/27/2020 - 00:52:54: -------- Mapchange to c1m2_streets --------
L 06/27/2020 - 00:53:01: [SM] Changed map to "c1m2_streets"
L 06/27/2020 - 00:53:05: -------- Mapchange to c1m2_streets --------
L 06/27/2020 - 00:55:18: Log file closed.
L 06/27/2020 - 01:40:08: SourceMod log file session started (file "L20200627.log") (Version "1.8.0.6041")
L 06/27/2020 - 01:40:08: Log file closed.
L 06/27/2020 - 17:20:13: SourceMod log file session started (file "L20200627.log") (Version "1.8.0.6041")
L 06/27/2020 - 17:20:13: Log file closed.
L 06/27/2020 - 17:41:07: SourceMod log file session started (file "L20200627.log") (Version "1.8.0.6041")
L 06/27/2020 - 17:41:07: -------- Mapchange to c10m1_caves --------
L 06/27/2020 - 17:41:30: [SM] Changed map to "c10m1_caves"
L 06/27/2020 - 17:41:33: -------- Mapchange to c10m1_caves --------
L 06/27/2020 - 17:42:58: [basecommands.smx] "۩ fᵉᵃʳ ۩ Rain❤Delta<2><STEAM_1:0:162762726><>" kicked "bazanmaximiliano68<3><STEAM_1:0:541226623><>" (reason "")
L 06/27/2020 - 17:43:25: Log file closed.
L 06/27/2020 - 17:49:04: SourceMod log file session started (file "L20200627.log") (Version "1.8.0.6041")
L 06/27/2020 - 17:49:04: Log file closed.
L 06/27/2020 - 17:54:02: SourceMod log file session started (file "L20200627.log") (Version "1.8.0.6041")
L 06/27/2020 - 17:54:02: Log file closed.
L 06/27/2020 - 18:10:49: SourceMod log file session started (file "L20200627.log") (Version "1.8.0.6041")
L 06/27/2020 - 18:10:49: Log file closed.
L 06/27/2020 - 18:23:54: SourceMod log file session started (file "L20200627.log") (Version "1.8.0.6041")
L 06/27/2020 - 18:23:54: Log file closed.
L 06/27/2020 - 18:25:47: SourceMod log file session started (file "L20200627.log") (Version "1.8.0.6041")
L 06/27/2020 - 18:25:47: -------- Mapchange to c1m1_hotel --------
L 06/27/2020 - 18:26:04: [SM] Changed map to "c1m1_hotel"
L 06/27/2020 - 18:26:07: -------- Mapchange to c1m1_hotel --------
L 06/27/2020 - 18:27:45: Log file closed.
L 06/27/2020 - 18:29:01: SourceMod log file session started (file "L20200627.log") (Version "1.8.0.6041")
L 06/27/2020 - 18:29:01: -------- Mapchange to c1m1_hotel --------
L 06/27/2020 - 18:29:08: [SM] Changed map to "c1m1_hotel"
L 06/27/2020 - 18:29:12: -------- Mapchange to c1m1_hotel --------
L 06/27/2020 - 18:30:31: Log file closed.
L 06/27/2020 - 18:32:09: SourceMod log file session started (file "L20200627.log") (Version "1.8.0.6041")
L 06/27/2020 - 18:32:09: -------- Mapchange to c1m2_streets --------
L 06/27/2020 - 18:32:18: [SM] Changed map to "c1m2_streets"
L 06/27/2020 - 18:32:21: -------- Mapchange to c1m2_streets --------
L 06/27/2020 - 18:33:40: Log file closed.
L 06/27/2020 - 19:22:07: SourceMod log file session started (file "L20200627.log") (Version "1.8.0.6041")
L 06/27/2020 - 19:22:07: Log file closed.
L 06/27/2020 - 20:54:28: SourceMod log file session started (file "L20200627.log") (Version "1.8.0.6041")
L 06/27/2020 - 20:54:28: Log file closed.
L 06/27/2020 - 21:35:20: SourceMod log file session started (file "L20200627.log") (Version "1.8.0.6041")
L 06/27/2020 - 21:35:20: Log file closed.
