L 12/24/2020 - 16:42:58: SourceMod log file session started (file "D:\Steam\steamapps\common\Left 4 Dead 2\left4dead2\addons\sourcemod\logs\L20201224.log") (Version "1.10.0.6492")
L 12/24/2020 - 16:42:58: [simplewelcomemsg.smx] Set the maximum number of lines of.
L 12/24/2020 - 16:43:06: [basecommands.smx] "Console<0><Console><Console>" changed cvar (cvar "sv_force_time_of_day") (value "0")
L 12/24/2020 - 16:43:06: [basecommands.smx] "Console<0><Console><Console>" changed cvar (cvar "z_witch_damage_per_kill_hit") (value "120")
L 12/24/2020 - 16:43:06: [basecommands.smx] "Console<0><Console><Console>" changed cvar (cvar "z_witch_anger_rate") (value "0.4")
L 12/24/2020 - 16:43:06: [basecommands.smx] "Console<0><Console><Console>" changed cvar (cvar "z_witch_flashlight_range") (value "2000")
L 12/24/2020 - 16:43:06: [basecommands.smx] "Console<0><Console><Console>" changed cvar (cvar "z_witch_burn_time") (value "100")
L 12/24/2020 - 16:43:06: [basecommands.smx] "Console<0><Console><Console>" changed cvar (cvar "z_tank_health") (value "4000")
L 12/24/2020 - 16:43:06: [basecommands.smx] "Console<0><Console><Console>" changed cvar (cvar "z_ghost_delay_min") (value "15")
L 12/24/2020 - 16:43:06: [basecommands.smx] "Console<0><Console><Console>" changed cvar (cvar "z_ghost_delay_max") (value "15")
L 12/24/2020 - 16:43:06: [basecommands.smx] "Console<0><Console><Console>" changed cvar (cvar "z_hunter_limit") (value "1")
L 12/24/2020 - 16:43:06: [basecommands.smx] "Console<0><Console><Console>" changed cvar (cvar "z_smoker_limit") (value "1")
L 12/24/2020 - 16:43:06: [basecommands.smx] "Console<0><Console><Console>" changed cvar (cvar "z_jockey_limit") (value "1")
L 12/24/2020 - 16:43:06: [basecommands.smx] "Console<0><Console><Console>" changed cvar (cvar "versus_tank_chance_intro") (value "1")
L 12/24/2020 - 16:43:06: [basecommands.smx] "Console<0><Console><Console>" changed cvar (cvar "versus_tank_chance_finale") (value "1")
L 12/24/2020 - 16:43:06: [basecommands.smx] "Console<0><Console><Console>" changed cvar (cvar "versus_tank_chance") (value "1")
L 12/24/2020 - 16:43:06: [basecommands.smx] "Console<0><Console><Console>" changed cvar (cvar "versus_witch_chance_intro") (value "0")
L 12/24/2020 - 16:43:06: [basecommands.smx] "Console<0><Console><Console>" changed cvar (cvar "versus_witch_chance_finale") (value "0")
L 12/24/2020 - 16:43:06: [basecommands.smx] "Console<0><Console><Console>" changed cvar (cvar "versus_witch_chance") (value "1")
L 12/24/2020 - 16:43:06: [basecommands.smx] "Console<0><Console><Console>" changed cvar (cvar "director_force_tank") (value "1")
L 12/24/2020 - 16:43:06: [basecommands.smx] "Console<0><Console><Console>" changed cvar (cvar "versus_boss_flow_min") (value "0.4")
L 12/24/2020 - 16:43:06: [basecommands.smx] "Console<0><Console><Console>" changed cvar (cvar "versus_boss_flow_max") (value "0.6")
L 12/24/2020 - 16:43:06: [basecommands.smx] "Console<0><Console><Console>" changed cvar (cvar "versus_boss_flow_min_intro") (value "0.1")
L 12/24/2020 - 16:43:06: [basecommands.smx] "Console<0><Console><Console>" changed cvar (cvar "versus_boss_flow_max_intro") (value "0.2")
L 12/24/2020 - 16:43:06: [basecommands.smx] "Console<0><Console><Console>" changed cvar (cvar "versus_boss_flow_min_finale") (value "0.1")
L 12/24/2020 - 16:43:06: [basecommands.smx] "Console<0><Console><Console>" changed cvar (cvar "versus_boss_flow_max_finale") (value "0.2")
L 12/24/2020 - 16:43:06: [basecommands.smx] "Console<0><Console><Console>" changed cvar (cvar "boomer_vomit_delay") (value "0.1")
L 12/24/2020 - 16:43:06: [basecommands.smx] "Console<0><Console><Console>" changed cvar (cvar "smoker_tongue_delay") (value "0.1")
L 12/24/2020 - 16:43:06: [basecommands.smx] "Console<0><Console><Console>" changed cvar (cvar "vs_survival_bonus") (value "35")
L 12/24/2020 - 16:43:06: [basecommands.smx] "Console<0><Console><Console>" changed cvar (cvar "z_tank_throw_health") (value "10")
L 12/24/2020 - 16:43:06: [basecommands.smx] "Console<0><Console><Console>" changed cvar (cvar "sv_client_min_interp_ratio") (value "-1")
L 12/24/2020 - 16:43:06: [basecommands.smx] "Console<0><Console><Console>" changed cvar (cvar "sv_client_max_interp_ratio") (value "0")
L 12/24/2020 - 16:43:06: [basecommands.smx] "Console<0><Console><Console>" changed cvar (cvar "sv_minrate") (value "100000")
L 12/24/2020 - 16:43:06: [basecommands.smx] "Console<0><Console><Console>" changed cvar (cvar "sv_maxrate") (value "100000")
L 12/24/2020 - 16:43:06: [basecommands.smx] "Console<0><Console><Console>" changed cvar (cvar "sv_mincmdrate") (value "100")
L 12/24/2020 - 16:43:06: [basecommands.smx] "Console<0><Console><Console>" changed cvar (cvar "sv_maxcmdrate") (value "100")
L 12/24/2020 - 16:43:06: [basecommands.smx] "Console<0><Console><Console>" changed cvar (cvar "sv_minupdaterate") (value "100")
L 12/24/2020 - 16:43:06: [basecommands.smx] "Console<0><Console><Console>" changed cvar (cvar "sv_maxupdaterate") (value "100")
L 12/24/2020 - 16:43:06: [basecommands.smx] "Console<0><Console><Console>" changed cvar (cvar "nb_update_frequency") (value "0.014")
L 12/24/2020 - 16:43:06: [basecommands.smx] "Console<0><Console><Console>" changed cvar (cvar "net_splitpacket_maxrate") (value "50000")
L 12/24/2020 - 16:43:06: [basecommands.smx] "Console<0><Console><Console>" changed cvar (cvar "fps_max") (value "0")
L 12/24/2020 - 16:43:06: [basecommands.smx] "Console<0><Console><Console>" changed cvar (cvar "hostname") (value "Versus")
L 12/24/2020 - 16:44:18: [basecommands.smx] "♛ Rain ♛<2><STEAM_1:0:162762726><>" changed cvar (cvar "vs_max_team_switches") (value "0")
L 12/24/2020 - 16:44:39: [l4d2_skill_detect.smx] Clear: 2 freed 1 from 6: time: 0.48 / 2.00 -- class: smoker (with shove? 0)
L 12/24/2020 - 16:45:23: [l4d2_skill_detect.smx] Clear: 2 freed 3 from 8: time: 0.94 / -1.00 -- class: hunter (with shove? 0)
L 12/24/2020 - 16:45:49: [l4d2_skill_detect.smx] Clear: 5 freed 3 from 8: time: 0.19 / -1.00 -- class: jockey (with shove? 0)
L 12/24/2020 - 16:46:13: [l4d2_skill_detect.smx] Charge carry start: 6 - 5 -- time: 210.11
L 12/24/2020 - 16:46:17: [l4d2_skill_detect.smx] Checking charge victim: 6 - 5 - flags: 1 (alive? 1)
L 12/24/2020 - 16:46:17: [l4d2_skill_detect.smx] Clear: 1 freed 5 from 6: time: 2.02 / 3.04 -- class: charger (with shove? 0)
L 12/24/2020 - 16:46:17: [l4d2_skill_detect.smx] Checking charge victim: 6 - 2 - flags: 0 (alive? 1)
L 12/24/2020 - 16:46:23: [l4d2_skill_detect.smx] Clear: 2 freed 1 from 8: time: 1.49 / -1.00 -- class: hunter (with shove? 1)
L 12/24/2020 - 16:46:38: [admin_hp.smx]  
L 12/24/2020 - 16:46:49: [l4d2_skill_detect.smx] Charge carry start: 7 - 5 -- time: 245.31
L 12/24/2020 - 16:46:51: [l4d2_skill_detect.smx] Clear: 2 freed 5 from 7: time: 0.63 / 2.63 -- class: charger (with shove? 0)
L 12/24/2020 - 16:46:53: [l4d2_skill_detect.smx] Checking charge victim: 7 - 5 - flags: 1 (alive? 1)
L 12/24/2020 - 16:46:54: [admin_hp.smx]  
L 12/24/2020 - 16:47:10: -------- Mapchange to c8m1_apartment --------
L 12/24/2020 - 16:47:11: [basecommands.smx] "Console<0><Console><Console>" changed cvar (cvar "sv_force_time_of_day") (value "0")
L 12/24/2020 - 16:47:11: [basecommands.smx] "Console<0><Console><Console>" changed cvar (cvar "z_witch_damage_per_kill_hit") (value "120")
L 12/24/2020 - 16:47:11: [basecommands.smx] "Console<0><Console><Console>" changed cvar (cvar "z_witch_anger_rate") (value "0.4")
L 12/24/2020 - 16:47:11: [basecommands.smx] "Console<0><Console><Console>" changed cvar (cvar "z_witch_flashlight_range") (value "2000")
L 12/24/2020 - 16:47:11: [basecommands.smx] "Console<0><Console><Console>" changed cvar (cvar "z_witch_burn_time") (value "100")
L 12/24/2020 - 16:47:11: [basecommands.smx] "Console<0><Console><Console>" changed cvar (cvar "z_tank_health") (value "4000")
L 12/24/2020 - 16:47:11: [basecommands.smx] "Console<0><Console><Console>" changed cvar (cvar "z_ghost_delay_min") (value "15")
L 12/24/2020 - 16:47:11: [basecommands.smx] "Console<0><Console><Console>" changed cvar (cvar "z_ghost_delay_max") (value "15")
L 12/24/2020 - 16:47:11: [basecommands.smx] "Console<0><Console><Console>" changed cvar (cvar "z_hunter_limit") (value "1")
L 12/24/2020 - 16:47:11: [basecommands.smx] "Console<0><Console><Console>" changed cvar (cvar "z_smoker_limit") (value "1")
L 12/24/2020 - 16:47:11: [basecommands.smx] "Console<0><Console><Console>" changed cvar (cvar "z_jockey_limit") (value "1")
L 12/24/2020 - 16:47:11: [basecommands.smx] "Console<0><Console><Console>" changed cvar (cvar "versus_tank_chance_intro") (value "1")
L 12/24/2020 - 16:47:11: [basecommands.smx] "Console<0><Console><Console>" changed cvar (cvar "versus_tank_chance_finale") (value "1")
L 12/24/2020 - 16:47:11: [basecommands.smx] "Console<0><Console><Console>" changed cvar (cvar "versus_tank_chance") (value "1")
L 12/24/2020 - 16:47:11: [basecommands.smx] "Console<0><Console><Console>" changed cvar (cvar "versus_witch_chance_intro") (value "0")
L 12/24/2020 - 16:47:11: [basecommands.smx] "Console<0><Console><Console>" changed cvar (cvar "versus_witch_chance_finale") (value "0")
L 12/24/2020 - 16:47:11: [basecommands.smx] "Console<0><Console><Console>" changed cvar (cvar "versus_witch_chance") (value "1")
L 12/24/2020 - 16:47:11: [basecommands.smx] "Console<0><Console><Console>" changed cvar (cvar "director_force_tank") (value "1")
L 12/24/2020 - 16:47:11: [basecommands.smx] "Console<0><Console><Console>" changed cvar (cvar "versus_boss_flow_min") (value "0.4")
L 12/24/2020 - 16:47:11: [basecommands.smx] "Console<0><Console><Console>" changed cvar (cvar "versus_boss_flow_max") (value "0.6")
L 12/24/2020 - 16:47:11: [basecommands.smx] "Console<0><Console><Console>" changed cvar (cvar "versus_boss_flow_min_intro") (value "0.1")
L 12/24/2020 - 16:47:11: [basecommands.smx] "Console<0><Console><Console>" changed cvar (cvar "versus_boss_flow_max_intro") (value "0.2")
L 12/24/2020 - 16:47:11: [basecommands.smx] "Console<0><Console><Console>" changed cvar (cvar "versus_boss_flow_min_finale") (value "0.1")
L 12/24/2020 - 16:47:11: [basecommands.smx] "Console<0><Console><Console>" changed cvar (cvar "versus_boss_flow_max_finale") (value "0.2")
L 12/24/2020 - 16:47:11: [basecommands.smx] "Console<0><Console><Console>" changed cvar (cvar "boomer_vomit_delay") (value "0.1")
L 12/24/2020 - 16:47:11: [basecommands.smx] "Console<0><Console><Console>" changed cvar (cvar "smoker_tongue_delay") (value "0.1")
L 12/24/2020 - 16:47:11: [basecommands.smx] "Console<0><Console><Console>" changed cvar (cvar "vs_survival_bonus") (value "35")
L 12/24/2020 - 16:47:11: [basecommands.smx] "Console<0><Console><Console>" changed cvar (cvar "z_tank_throw_health") (value "10")
L 12/24/2020 - 16:47:11: [basecommands.smx] "Console<0><Console><Console>" changed cvar (cvar "sv_client_min_interp_ratio") (value "-1")
L 12/24/2020 - 16:47:11: [basecommands.smx] "Console<0><Console><Console>" changed cvar (cvar "sv_client_max_interp_ratio") (value "0")
L 12/24/2020 - 16:47:11: [basecommands.smx] "Console<0><Console><Console>" changed cvar (cvar "sv_minrate") (value "100000")
L 12/24/2020 - 16:47:11: [basecommands.smx] "Console<0><Console><Console>" changed cvar (cvar "sv_maxrate") (value "100000")
L 12/24/2020 - 16:47:11: [basecommands.smx] "Console<0><Console><Console>" changed cvar (cvar "sv_mincmdrate") (value "100")
L 12/24/2020 - 16:47:11: [basecommands.smx] "Console<0><Console><Console>" changed cvar (cvar "sv_maxcmdrate") (value "100")
L 12/24/2020 - 16:47:11: [basecommands.smx] "Console<0><Console><Console>" changed cvar (cvar "sv_minupdaterate") (value "100")
L 12/24/2020 - 16:47:11: [basecommands.smx] "Console<0><Console><Console>" changed cvar (cvar "sv_maxupdaterate") (value "100")
L 12/24/2020 - 16:47:11: [basecommands.smx] "Console<0><Console><Console>" changed cvar (cvar "nb_update_frequency") (value "0.014")
L 12/24/2020 - 16:47:11: [basecommands.smx] "Console<0><Console><Console>" changed cvar (cvar "net_splitpacket_maxrate") (value "50000")
L 12/24/2020 - 16:47:11: [basecommands.smx] "Console<0><Console><Console>" changed cvar (cvar "fps_max") (value "0")
L 12/24/2020 - 16:47:11: [basecommands.smx] "Console<0><Console><Console>" changed cvar (cvar "hostname") (value "Versus")
L 12/24/2020 - 16:49:21: [l4d2_skill_detect.smx] Clear: 2 freed 7 from 6: time: 3.84 / -1.00 -- class: jockey (with shove? 1)
L 12/24/2020 - 16:49:47: [l4d2_skill_detect.smx] Clear: 7 freed 3 from 8: time: 1.55 / 149.05 -- class: charger (with shove? 0)
L 12/24/2020 - 16:50:16: [l4d2_skill_detect.smx] Clear: 1 freed 3 from 5: time: 2.21 / -1.00 -- class: hunter (with shove? 0)
L 12/24/2020 - 16:50:28: [l4d2_skill_detect.smx] Charge carry start: 6 - 2 -- time: 189.63
L 12/24/2020 - 16:50:31: [l4d2_skill_detect.smx] Checking charge victim: 6 - 3 - flags: 0 (alive? 1)
L 12/24/2020 - 16:50:32: [l4d2_skill_detect.smx] Checking charge victim: 6 - 2 - flags: 1 (alive? 1)
L 12/24/2020 - 16:50:49: [l4d2_skill_detect.smx] Clear: 3 freed 2 from 9: time: 1.50 / -1.00 -- class: hunter (with shove? 0)
L 12/24/2020 - 16:51:12: [l4d2_skill_detect.smx] Charge carry start: 5 - 1 -- time: 234.08
L 12/24/2020 - 16:51:15: [l4d2_skill_detect.smx] Clear: 8 freed 1 from 5: time: 1.82 / 2.85 -- class: charger (with shove? 0)
L 12/24/2020 - 16:51:15: [l4d2_skill_detect.smx] Checking charge victim: 5 - 1 - flags: 1 (alive? 1)
L 12/24/2020 - 16:51:25: [l4d2_skill_detect.smx] Clear: 8 freed 3 from 6: time: 1.16 / -1.00 -- class: hunter (with shove? 0)
L 12/24/2020 - 16:51:29: [l4d2_skill_detect.smx] Witch Crown Check: Failed: bungled: 1 / crowntype: 0 (entity: 170)
L 12/24/2020 - 16:51:29: [l4d2_skill_detect.smx] Witch Crown Check: Further details: attacker: Duяåznlто™, attacker dmg: 116, teamless dmg: 0
L 12/24/2020 - 16:51:49: [l4d2_skill_detect.smx] Clear: 3 freed 2 from 5: time: 1.44 / 3.47 -- class: smoker (with shove? 0)
L 12/24/2020 - 16:52:04: [l4d2_skill_detect.smx] Clear: 1 freed 3 from 9: time: 2.94 / -1.00 -- class: jockey (with shove? 0)
L 12/24/2020 - 16:52:06: [l4d2_skill_detect.smx] calarm trigger: caller 1171 / activator 1171 / delay: 0.00
L 12/24/2020 - 16:52:09: [l4d2_skill_detect.smx] Clear: 3 freed 2 from 5: time: 1.94 / 4.35 -- class: smoker (with shove? 0)
L 12/24/2020 - 16:52:13: [l4d2_skill_detect.smx] Clear: 3 freed 1 from 6: time: 1.50 / -1.00 -- class: hunter (with shove? 0)
L 12/24/2020 - 16:54:11: [l4d2_skill_detect.smx] Clear: 9 freed 6 from 2: time: 2.51 / -1.00 -- class: hunter (with shove? 0)
L 12/24/2020 - 16:54:53: [l4d2_skill_detect.smx] Clear: 9 freed 7 from 8: time: 1.35 / -1.00 -- class: hunter (with shove? 0)
L 12/24/2020 - 16:55:22: [l4d2_skill_detect.smx] Clear: 9 freed 6 from 3: time: 1.89 / -1.00 -- class: jockey (with shove? 0)
L 12/24/2020 - 16:55:24: [l4d2_skill_detect.smx] Charge carry start: 1 - 9 -- time: 485.54
L 12/24/2020 - 16:55:27: [l4d2_skill_detect.smx] Checking charge victim: 1 - 9 - flags: 1 (alive? 1)
L 12/24/2020 - 16:55:31: [l4d2_skill_detect.smx] Clear: 7 freed 9 from 1: time: 6.07 / 6.91 -- class: charger (with shove? 0)
L 12/24/2020 - 16:55:54: [l4d2_skill_detect.smx] Witch Crown Check: Failed: bungled: 1 / crowntype: 0 (entity: 231)
L 12/24/2020 - 16:55:54: [l4d2_skill_detect.smx] Witch Crown Check: Further details: attacker: Ban, attacker dmg: 146, teamless dmg: 0
L 12/24/2020 - 16:55:55: [l4d2_skill_detect.smx] Clear: 5 freed 6 from 3: time: 1.57 / -1.00 -- class: hunter (with shove? 0)
L 12/24/2020 - 16:56:01: [l4d2_skill_detect.smx] Clear: 5 freed 9 from 8: time: 1.19 / 7.23 -- class: smoker (with shove? 1)
L 12/24/2020 - 16:56:09: [l4d2_skill_detect.smx] Clear: 9 freed 5 from 1: time: 1.30 / -1.00 -- class: jockey (with shove? 0)
L 12/24/2020 - 16:56:20: [l4d2_skill_detect.smx] Charge carry start: 3 - 7 -- time: 541.73
L 12/24/2020 - 16:56:22: [l4d2_skill_detect.smx] Clear: 6 freed 7 from 3: time: 1.23 / 2.42 -- class: charger (with shove? 0)
L 12/24/2020 - 16:56:23: [l4d2_skill_detect.smx] Checking charge victim: 3 - 7 - flags: 1 (alive? 1)
L 12/24/2020 - 16:56:24: [l4d2_skill_detect.smx] Checking charge victim: 3 - 5 - flags: 0 (alive? 1)
L 12/24/2020 - 16:56:53: [l4d2_skill_detect.smx] calarm trigger: caller 1017 / activator 1017 / delay: 0.00
L 12/24/2020 - 16:56:56: [l4d2_skill_detect.smx] Clear: 6 freed 7 from 3: time: 1.05 / 4.77 -- class: smoker (with shove? 0)
L 12/24/2020 - 16:57:07: [l4d2_skill_detect.smx] Clear: 9 freed 6 from 1: time: 1.39 / -1.00 -- class: hunter (with shove? 0)
L 12/24/2020 - 16:57:54: [admin_hp.smx]  
L 12/24/2020 - 16:58:02: -------- Mapchange to c8m2_subway --------
L 12/24/2020 - 16:58:04: [basecommands.smx] "Console<0><Console><Console>" changed cvar (cvar "sv_force_time_of_day") (value "0")
L 12/24/2020 - 16:58:04: [basecommands.smx] "Console<0><Console><Console>" changed cvar (cvar "z_witch_damage_per_kill_hit") (value "120")
L 12/24/2020 - 16:58:04: [basecommands.smx] "Console<0><Console><Console>" changed cvar (cvar "z_witch_anger_rate") (value "0.4")
L 12/24/2020 - 16:58:04: [basecommands.smx] "Console<0><Console><Console>" changed cvar (cvar "z_witch_flashlight_range") (value "2000")
L 12/24/2020 - 16:58:04: [basecommands.smx] "Console<0><Console><Console>" changed cvar (cvar "z_witch_burn_time") (value "100")
L 12/24/2020 - 16:58:04: [basecommands.smx] "Console<0><Console><Console>" changed cvar (cvar "z_tank_health") (value "4000")
L 12/24/2020 - 16:58:04: [basecommands.smx] "Console<0><Console><Console>" changed cvar (cvar "z_ghost_delay_min") (value "15")
L 12/24/2020 - 16:58:04: [basecommands.smx] "Console<0><Console><Console>" changed cvar (cvar "z_ghost_delay_max") (value "15")
L 12/24/2020 - 16:58:04: [basecommands.smx] "Console<0><Console><Console>" changed cvar (cvar "z_hunter_limit") (value "1")
L 12/24/2020 - 16:58:04: [basecommands.smx] "Console<0><Console><Console>" changed cvar (cvar "z_smoker_limit") (value "1")
L 12/24/2020 - 16:58:04: [basecommands.smx] "Console<0><Console><Console>" changed cvar (cvar "z_jockey_limit") (value "1")
L 12/24/2020 - 16:58:04: [basecommands.smx] "Console<0><Console><Console>" changed cvar (cvar "versus_tank_chance_intro") (value "1")
L 12/24/2020 - 16:58:04: [basecommands.smx] "Console<0><Console><Console>" changed cvar (cvar "versus_tank_chance_finale") (value "1")
L 12/24/2020 - 16:58:04: [basecommands.smx] "Console<0><Console><Console>" changed cvar (cvar "versus_tank_chance") (value "1")
L 12/24/2020 - 16:58:04: [basecommands.smx] "Console<0><Console><Console>" changed cvar (cvar "versus_witch_chance_intro") (value "0")
L 12/24/2020 - 16:58:04: [basecommands.smx] "Console<0><Console><Console>" changed cvar (cvar "versus_witch_chance_finale") (value "0")
L 12/24/2020 - 16:58:04: [basecommands.smx] "Console<0><Console><Console>" changed cvar (cvar "versus_witch_chance") (value "1")
L 12/24/2020 - 16:58:04: [basecommands.smx] "Console<0><Console><Console>" changed cvar (cvar "director_force_tank") (value "1")
L 12/24/2020 - 16:58:04: [basecommands.smx] "Console<0><Console><Console>" changed cvar (cvar "versus_boss_flow_min") (value "0.4")
L 12/24/2020 - 16:58:04: [basecommands.smx] "Console<0><Console><Console>" changed cvar (cvar "versus_boss_flow_max") (value "0.6")
L 12/24/2020 - 16:58:04: [basecommands.smx] "Console<0><Console><Console>" changed cvar (cvar "versus_boss_flow_min_intro") (value "0.1")
L 12/24/2020 - 16:58:04: [basecommands.smx] "Console<0><Console><Console>" changed cvar (cvar "versus_boss_flow_max_intro") (value "0.2")
L 12/24/2020 - 16:58:04: [basecommands.smx] "Console<0><Console><Console>" changed cvar (cvar "versus_boss_flow_min_finale") (value "0.1")
L 12/24/2020 - 16:58:04: [basecommands.smx] "Console<0><Console><Console>" changed cvar (cvar "versus_boss_flow_max_finale") (value "0.2")
L 12/24/2020 - 16:58:04: [basecommands.smx] "Console<0><Console><Console>" changed cvar (cvar "boomer_vomit_delay") (value "0.1")
L 12/24/2020 - 16:58:04: [basecommands.smx] "Console<0><Console><Console>" changed cvar (cvar "smoker_tongue_delay") (value "0.1")
L 12/24/2020 - 16:58:04: [basecommands.smx] "Console<0><Console><Console>" changed cvar (cvar "vs_survival_bonus") (value "35")
L 12/24/2020 - 16:58:04: [basecommands.smx] "Console<0><Console><Console>" changed cvar (cvar "z_tank_throw_health") (value "10")
L 12/24/2020 - 16:58:04: [basecommands.smx] "Console<0><Console><Console>" changed cvar (cvar "sv_client_min_interp_ratio") (value "-1")
L 12/24/2020 - 16:58:04: [basecommands.smx] "Console<0><Console><Console>" changed cvar (cvar "sv_client_max_interp_ratio") (value "0")
L 12/24/2020 - 16:58:04: [basecommands.smx] "Console<0><Console><Console>" changed cvar (cvar "sv_minrate") (value "100000")
L 12/24/2020 - 16:58:04: [basecommands.smx] "Console<0><Console><Console>" changed cvar (cvar "sv_maxrate") (value "100000")
L 12/24/2020 - 16:58:04: [basecommands.smx] "Console<0><Console><Console>" changed cvar (cvar "sv_mincmdrate") (value "100")
L 12/24/2020 - 16:58:04: [basecommands.smx] "Console<0><Console><Console>" changed cvar (cvar "sv_maxcmdrate") (value "100")
L 12/24/2020 - 16:58:04: [basecommands.smx] "Console<0><Console><Console>" changed cvar (cvar "sv_minupdaterate") (value "100")
L 12/24/2020 - 16:58:04: [basecommands.smx] "Console<0><Console><Console>" changed cvar (cvar "sv_maxupdaterate") (value "100")
L 12/24/2020 - 16:58:04: [basecommands.smx] "Console<0><Console><Console>" changed cvar (cvar "nb_update_frequency") (value "0.014")
L 12/24/2020 - 16:58:04: [basecommands.smx] "Console<0><Console><Console>" changed cvar (cvar "net_splitpacket_maxrate") (value "50000")
L 12/24/2020 - 16:58:04: [basecommands.smx] "Console<0><Console><Console>" changed cvar (cvar "fps_max") (value "0")
L 12/24/2020 - 16:58:04: [basecommands.smx] "Console<0><Console><Console>" changed cvar (cvar "hostname") (value "Versus")
L 12/24/2020 - 16:59:33: [l4d2_skill_detect.smx] Clear: 8 freed 1 from 6: time: 0.09 / -1.00 -- class: hunter (with shove? 1)
L 12/24/2020 - 16:59:34: [l4d2_skill_detect.smx] Clear: 8 freed 1 from 6: time: 0.63 / -1.00 -- class: hunter (with shove? 1)
L 12/24/2020 - 16:59:34: [l4d2_skill_detect.smx] Clear: 3 freed 1 from 6: time: 1.03 / -1.00 -- class: hunter (with shove? 0)
L 12/24/2020 - 16:59:37: [l4d2_skill_detect.smx] Clear: 8 freed 3 from 9: time: 0.36 / 90.07 -- class: charger (with shove? 0)
L 12/24/2020 - 17:00:19: [l4d2_skill_detect.smx] Clear: 3 freed 2 from 7: time: 1.07 / -1.00 -- class: hunter (with shove? 0)
L 12/24/2020 - 17:00:26: [l4d2_skill_detect.smx] Clear: 2 freed 8 from 5: time: -1.00 / 2.23 -- class: smoker (with shove? 0)
L 12/24/2020 - 17:00:42: [l4d2_skill_detect.smx] Clear: 8 freed 2 from 7: time: 1.22 / 155.17 -- class: charger (with shove? 0)
L 12/24/2020 - 17:01:04: [l4d2_skill_detect.smx] Clear: 1 freed 1 from 7: time: -1.00 / 0.27 -- class: smoker (with shove? 1)
L 12/24/2020 - 17:01:12: [l4d2_skill_detect.smx] Charge carry start: 5 - 1 -- time: 185.30
L 12/24/2020 - 17:01:15: [l4d2_skill_detect.smx] Checking charge victim: 5 - 1 - flags: 1 (alive? 1)
L 12/24/2020 - 17:01:15: [l4d2_skill_detect.smx] Clear: 2 freed 1 from 5: time: 2.03 / 2.90 -- class: charger (with shove? 0)
L 12/24/2020 - 17:01:52: [l4d2_skill_detect.smx] Witch Crown Check: Failed: bungled: 1 / crowntype: 0 (entity: 104)
L 12/24/2020 - 17:01:52: [l4d2_skill_detect.smx] Witch Crown Check: Further details: attacker: Peinate que viene Gente™, attacker dmg: 773, teamless dmg: 0
L 12/24/2020 - 17:01:58: [l4d2_skill_detect.smx] Clear: 8 freed 3 from 4: time: 5.46 / -1.00 -- class: hunter (with shove? 0)
L 12/24/2020 - 17:02:54: [l4d2_skill_detect.smx] Clear: 2 freed 8 from 5: time: -1.00 / 3.13 -- class: smoker (with shove? 0)
L 12/24/2020 - 17:02:54: [l4d2_skill_detect.smx] Charge carry start: 7 - 3 -- time: 287.16
L 12/24/2020 - 17:02:57: [l4d2_skill_detect.smx] Checking charge victim: 7 - 3 - flags: 1 (alive? 1)
L 12/24/2020 - 17:02:59: [l4d2_skill_detect.smx] Clear: 2 freed 3 from 7: time: 3.72 / 4.50 -- class: charger (with shove? 0)
L 12/24/2020 - 17:03:01: [l4d2_skill_detect.smx] Clear: 2 freed 8 from 4: time: 3.58 / -1.00 -- class: jockey (with shove? 0)
L 12/24/2020 - 17:03:26: [l4d2_skill_detect.smx] Clear: 3 freed 2 from 7: time: 3.86 / 3.87 -- class: smoker (with shove? 0)
L 12/24/2020 - 17:04:01: [l4d2_skill_detect.smx] Clear: 3 freed 8 from 7: time: 2.05 / -1.00 -- class: jockey (with shove? 1)
L 12/24/2020 - 17:04:12: [l4d2_skill_detect.smx] Charge carry start: 4 - 2 -- time: 365.06
L 12/24/2020 - 17:04:15: [l4d2_skill_detect.smx] Clear: 3 freed 2 from 4: time: 1.67 / 3.05 -- class: charger (with shove? 0)
L 12/24/2020 - 17:04:15: [l4d2_skill_detect.smx] Checking charge victim: 4 - 2 - flags: 1 (alive? 1)
L 12/24/2020 - 17:06:10: [l4d2_skill_detect.smx] Charge carry start: 9 - 6 -- time: 483.34
L 12/24/2020 - 17:06:14: [l4d2_skill_detect.smx] Checking charge victim: 9 - 6 - flags: 1 (alive? 1)
L 12/24/2020 - 17:06:17: [l4d2_skill_detect.smx] Clear: 7 freed 4 from 1: time: 2.23 / -1.00 -- class: hunter (with shove? 0)
L 12/24/2020 - 17:06:21: [l4d2_skill_detect.smx] Clear: 4 freed 6 from 9: time: 9.42 / 10.49 -- class: charger (with shove? 0)
L 12/24/2020 - 17:06:33: [l4d2_skill_detect.smx] Clear: 7 freed 2 from 8: time: 14.73 / -1.00 -- class: jockey (with shove? 0)
L 12/24/2020 - 17:06:46: [l4d2_skill_detect.smx] Clear: 7 freed 2 from 1: time: 2.26 / 3.28 -- class: smoker (with shove? 1)
L 12/24/2020 - 17:06:51: [l4d2_skill_detect.smx] Clear: 7 freed 2 from 3: time: 2.39 / -1.00 -- class: hunter (with shove? 0)
L 12/24/2020 - 17:07:22: [l4d2_skill_detect.smx] Clear: 4 freed 5 from 1: time: 2.05 / -1.00 -- class: jockey (with shove? 0)
L 12/24/2020 - 17:07:34: [l4d2_skill_detect.smx] Clear: 5 freed 7 from 3: time: -1.00 / 4.32 -- class: smoker (with shove? 1)
L 12/24/2020 - 17:07:36: [l4d2_skill_detect.smx] Clear: 7 freed 5 from 9: time: 1.45 / -1.00 -- class: hunter (with shove? 1)
L 12/24/2020 - 17:07:45: [l4d2_skill_detect.smx] Clear: 5 freed 7 from 9: time: 3.09 / -1.00 -- class: hunter (with shove? 0)
L 12/24/2020 - 17:07:54: [l4d2_skill_detect.smx] Charge carry start: 1 - 5 -- time: 586.54
L 12/24/2020 - 17:07:57: [l4d2_skill_detect.smx] Checking charge victim: 1 - 5 - flags: 1 (alive? 1)
L 12/24/2020 - 17:07:58: [l4d2_skill_detect.smx] Checking charge victim: 1 - 7 - flags: 0 (alive? 1)
L 12/24/2020 - 17:07:58: [l4d2_skill_detect.smx] Clear: 7 freed 7 from 3: time: -1.00 / 0.67 -- class: smoker (with shove? 1)
L 12/24/2020 - 17:07:58: [l4d2_skill_detect.smx] Clear: 4 freed 5 from 1: time: 3.20 / 4.51 -- class: charger (with shove? 0)
L 12/24/2020 - 17:08:21: [l4d2_skill_detect.smx] Clear: 7 freed 5 from 9: time: 2.77 / -1.00 -- class: jockey (with shove? 1)
L 12/24/2020 - 17:08:30: [l4d2_skill_detect.smx] Clear: 7 freed 5 from 3: time: 1.69 / 622.60 -- class: charger (with shove? 0)
L 12/24/2020 - 17:08:56: [l4d2_skill_detect.smx] Clear: 5 freed 6 from 8: time: 2.19 / -1.00 -- class: hunter (with shove? 0)
L 12/24/2020 - 17:09:35: -------- Mapchange to c8m3_sewers --------
L 12/24/2020 - 17:09:38: [basecommands.smx] "Console<0><Console><Console>" changed cvar (cvar "sv_force_time_of_day") (value "0")
L 12/24/2020 - 17:09:38: [basecommands.smx] "Console<0><Console><Console>" changed cvar (cvar "z_witch_damage_per_kill_hit") (value "120")
L 12/24/2020 - 17:09:38: [basecommands.smx] "Console<0><Console><Console>" changed cvar (cvar "z_witch_anger_rate") (value "0.4")
L 12/24/2020 - 17:09:38: [basecommands.smx] "Console<0><Console><Console>" changed cvar (cvar "z_witch_flashlight_range") (value "2000")
L 12/24/2020 - 17:09:38: [basecommands.smx] "Console<0><Console><Console>" changed cvar (cvar "z_witch_burn_time") (value "100")
L 12/24/2020 - 17:09:38: [basecommands.smx] "Console<0><Console><Console>" changed cvar (cvar "z_tank_health") (value "4000")
L 12/24/2020 - 17:09:38: [basecommands.smx] "Console<0><Console><Console>" changed cvar (cvar "z_ghost_delay_min") (value "15")
L 12/24/2020 - 17:09:38: [basecommands.smx] "Console<0><Console><Console>" changed cvar (cvar "z_ghost_delay_max") (value "15")
L 12/24/2020 - 17:09:38: [basecommands.smx] "Console<0><Console><Console>" changed cvar (cvar "z_hunter_limit") (value "1")
L 12/24/2020 - 17:09:38: [basecommands.smx] "Console<0><Console><Console>" changed cvar (cvar "z_smoker_limit") (value "1")
L 12/24/2020 - 17:09:38: [basecommands.smx] "Console<0><Console><Console>" changed cvar (cvar "z_jockey_limit") (value "1")
L 12/24/2020 - 17:09:38: [basecommands.smx] "Console<0><Console><Console>" changed cvar (cvar "versus_tank_chance_intro") (value "1")
L 12/24/2020 - 17:09:38: [basecommands.smx] "Console<0><Console><Console>" changed cvar (cvar "versus_tank_chance_finale") (value "1")
L 12/24/2020 - 17:09:38: [basecommands.smx] "Console<0><Console><Console>" changed cvar (cvar "versus_tank_chance") (value "1")
L 12/24/2020 - 17:09:38: [basecommands.smx] "Console<0><Console><Console>" changed cvar (cvar "versus_witch_chance_intro") (value "0")
L 12/24/2020 - 17:09:38: [basecommands.smx] "Console<0><Console><Console>" changed cvar (cvar "versus_witch_chance_finale") (value "0")
L 12/24/2020 - 17:09:38: [basecommands.smx] "Console<0><Console><Console>" changed cvar (cvar "versus_witch_chance") (value "1")
L 12/24/2020 - 17:09:38: [basecommands.smx] "Console<0><Console><Console>" changed cvar (cvar "director_force_tank") (value "1")
L 12/24/2020 - 17:09:38: [basecommands.smx] "Console<0><Console><Console>" changed cvar (cvar "versus_boss_flow_min") (value "0.4")
L 12/24/2020 - 17:09:38: [basecommands.smx] "Console<0><Console><Console>" changed cvar (cvar "versus_boss_flow_max") (value "0.6")
L 12/24/2020 - 17:09:38: [basecommands.smx] "Console<0><Console><Console>" changed cvar (cvar "versus_boss_flow_min_intro") (value "0.1")
L 12/24/2020 - 17:09:38: [basecommands.smx] "Console<0><Console><Console>" changed cvar (cvar "versus_boss_flow_max_intro") (value "0.2")
L 12/24/2020 - 17:09:38: [basecommands.smx] "Console<0><Console><Console>" changed cvar (cvar "versus_boss_flow_min_finale") (value "0.1")
L 12/24/2020 - 17:09:38: [basecommands.smx] "Console<0><Console><Console>" changed cvar (cvar "versus_boss_flow_max_finale") (value "0.2")
L 12/24/2020 - 17:09:38: [basecommands.smx] "Console<0><Console><Console>" changed cvar (cvar "boomer_vomit_delay") (value "0.1")
L 12/24/2020 - 17:09:38: [basecommands.smx] "Console<0><Console><Console>" changed cvar (cvar "smoker_tongue_delay") (value "0.1")
L 12/24/2020 - 17:09:38: [basecommands.smx] "Console<0><Console><Console>" changed cvar (cvar "vs_survival_bonus") (value "35")
L 12/24/2020 - 17:09:38: [basecommands.smx] "Console<0><Console><Console>" changed cvar (cvar "z_tank_throw_health") (value "10")
L 12/24/2020 - 17:09:38: [basecommands.smx] "Console<0><Console><Console>" changed cvar (cvar "sv_client_min_interp_ratio") (value "-1")
L 12/24/2020 - 17:09:38: [basecommands.smx] "Console<0><Console><Console>" changed cvar (cvar "sv_client_max_interp_ratio") (value "0")
L 12/24/2020 - 17:09:38: [basecommands.smx] "Console<0><Console><Console>" changed cvar (cvar "sv_minrate") (value "100000")
L 12/24/2020 - 17:09:38: [basecommands.smx] "Console<0><Console><Console>" changed cvar (cvar "sv_maxrate") (value "100000")
L 12/24/2020 - 17:09:38: [basecommands.smx] "Console<0><Console><Console>" changed cvar (cvar "sv_mincmdrate") (value "100")
L 12/24/2020 - 17:09:38: [basecommands.smx] "Console<0><Console><Console>" changed cvar (cvar "sv_maxcmdrate") (value "100")
L 12/24/2020 - 17:09:38: [basecommands.smx] "Console<0><Console><Console>" changed cvar (cvar "sv_minupdaterate") (value "100")
L 12/24/2020 - 17:09:38: [basecommands.smx] "Console<0><Console><Console>" changed cvar (cvar "sv_maxupdaterate") (value "100")
L 12/24/2020 - 17:09:38: [basecommands.smx] "Console<0><Console><Console>" changed cvar (cvar "nb_update_frequency") (value "0.014")
L 12/24/2020 - 17:09:38: [basecommands.smx] "Console<0><Console><Console>" changed cvar (cvar "net_splitpacket_maxrate") (value "50000")
L 12/24/2020 - 17:09:38: [basecommands.smx] "Console<0><Console><Console>" changed cvar (cvar "fps_max") (value "0")
L 12/24/2020 - 17:09:38: [basecommands.smx] "Console<0><Console><Console>" changed cvar (cvar "hostname") (value "Versus")
L 12/24/2020 - 17:10:39: [basecommands.smx] "♛ Rain ♛<2><STEAM_1:0:162762726><>" changed cvar (cvar "vs_max_team_switches") (value "5")
L 12/24/2020 - 17:10:43: [basecommands.smx] "♛ Rain ♛<2><STEAM_1:0:162762726><>" changed cvar (cvar "vs_max_team_switches") (value "0")
L 12/24/2020 - 17:12:48: [l4d2_skill_detect.smx] Clear: 9 freed 1 from 4: time: 8.06 / -1.00 -- class: hunter (with shove? 0)
L 12/24/2020 - 17:14:44: [l4d2_skill_detect.smx] Clear: 2 freed 6 from 7: time: 2.60 / -1.00 -- class: jockey (with shove? 0)
L 12/24/2020 - 17:14:53: [l4d2_skill_detect.smx] Clear: 5 freed 2 from 3: time: 1.20 / -1.00 -- class: hunter (with shove? 0)
L 12/24/2020 - 17:15:27: [l4d2_skill_detect.smx] Charge carry start: 1 - 4 -- time: 346.77
L 12/24/2020 - 17:15:29: [l4d2_skill_detect.smx] Clear: 2 freed 4 from 1: time: 1.57 / 2.47 -- class: charger (with shove? 0)
L 12/24/2020 - 17:15:30: [l4d2_skill_detect.smx] Checking charge victim: 1 - 4 - flags: 1 (alive? 1)
L 12/24/2020 - 17:15:34: [l4d2_skill_detect.smx] Clear: 8 freed 4 from 9: time: 3.66 / -1.00 -- class: jockey (with shove? 0)
L 12/24/2020 - 17:16:07: [l4d2_skill_detect.smx] Clear: 4 freed 2 from 7: time: 1.79 / -1.00 -- class: hunter (with shove? 0)
L 12/24/2020 - 17:16:50: [l4d2_skill_detect.smx] Clear: 5 freed 4 from 3: time: 3.92 / -1.00 -- class: jockey (with shove? 0)
L 12/24/2020 - 17:17:17: [l4d2_skill_detect.smx] Charge carry start: 3 - 6 -- time: 457.31
L 12/24/2020 - 17:17:22: [l4d2_skill_detect.smx] Checking charge victim: 3 - 6 - flags: 1 (alive? 1)
L 12/24/2020 - 17:17:24: [l4d2_skill_detect.smx] Clear: 5 freed 2 from 1: time: 2.86 / -1.00 -- class: hunter (with shove? 0)
L 12/24/2020 - 17:17:30: [l4d2_skill_detect.smx] Clear: 4 freed 6 from 3: time: 10.70 / 12.92 -- class: charger (with shove? 0)
L 12/24/2020 - 17:17:37: [l4d2_skill_detect.smx] Clear: 4 freed 2 from 7: time: 8.79 / 9.69 -- class: smoker (with shove? 1)
L 12/24/2020 - 17:17:58: [l4d2_skill_detect.smx] Clear: 5 freed 9 from 1: time: 5.27 / -1.00 -- class: jockey (with shove? 0)
L 12/24/2020 - 17:18:05: [l4d2_skill_detect.smx] Charge carry start: 7 - 4 -- time: 504.86
L 12/24/2020 - 17:18:10: [l4d2_skill_detect.smx] Checking charge victim: 7 - 4 - flags: 1 (alive? 1)
L 12/24/2020 - 17:18:13: [l4d2_skill_detect.smx] Clear: 9 freed 4 from 7: time: 4.78 / 7.78 -- class: charger (with shove? 0)
L 12/24/2020 - 17:18:47: [basecommands.smx] "♛ Rain ♛<2><STEAM_1:0:162762726><>" kicked "Shururo :@<96><STEAM_1:0:58913487><>" (reason "")
L 12/24/2020 - 17:19:01: -------- Mapchange to c8m4_interior --------
L 12/24/2020 - 17:19:04: [basecommands.smx] "Console<0><Console><Console>" changed cvar (cvar "sv_force_time_of_day") (value "0")
L 12/24/2020 - 17:19:04: [basecommands.smx] "Console<0><Console><Console>" changed cvar (cvar "z_witch_damage_per_kill_hit") (value "120")
L 12/24/2020 - 17:19:04: [basecommands.smx] "Console<0><Console><Console>" changed cvar (cvar "z_witch_anger_rate") (value "0.4")
L 12/24/2020 - 17:19:04: [basecommands.smx] "Console<0><Console><Console>" changed cvar (cvar "z_witch_flashlight_range") (value "2000")
L 12/24/2020 - 17:19:04: [basecommands.smx] "Console<0><Console><Console>" changed cvar (cvar "z_witch_burn_time") (value "100")
L 12/24/2020 - 17:19:04: [basecommands.smx] "Console<0><Console><Console>" changed cvar (cvar "z_tank_health") (value "4000")
L 12/24/2020 - 17:19:04: [basecommands.smx] "Console<0><Console><Console>" changed cvar (cvar "z_ghost_delay_min") (value "15")
L 12/24/2020 - 17:19:04: [basecommands.smx] "Console<0><Console><Console>" changed cvar (cvar "z_ghost_delay_max") (value "15")
L 12/24/2020 - 17:19:04: [basecommands.smx] "Console<0><Console><Console>" changed cvar (cvar "z_hunter_limit") (value "1")
L 12/24/2020 - 17:19:04: [basecommands.smx] "Console<0><Console><Console>" changed cvar (cvar "z_smoker_limit") (value "1")
L 12/24/2020 - 17:19:04: [basecommands.smx] "Console<0><Console><Console>" changed cvar (cvar "z_jockey_limit") (value "1")
L 12/24/2020 - 17:19:04: [basecommands.smx] "Console<0><Console><Console>" changed cvar (cvar "versus_tank_chance_intro") (value "1")
L 12/24/2020 - 17:19:04: [basecommands.smx] "Console<0><Console><Console>" changed cvar (cvar "versus_tank_chance_finale") (value "1")
L 12/24/2020 - 17:19:04: [basecommands.smx] "Console<0><Console><Console>" changed cvar (cvar "versus_tank_chance") (value "1")
L 12/24/2020 - 17:19:04: [basecommands.smx] "Console<0><Console><Console>" changed cvar (cvar "versus_witch_chance_intro") (value "0")
L 12/24/2020 - 17:19:04: [basecommands.smx] "Console<0><Console><Console>" changed cvar (cvar "versus_witch_chance_finale") (value "0")
L 12/24/2020 - 17:19:04: [basecommands.smx] "Console<0><Console><Console>" changed cvar (cvar "versus_witch_chance") (value "1")
L 12/24/2020 - 17:19:04: [basecommands.smx] "Console<0><Console><Console>" changed cvar (cvar "director_force_tank") (value "1")
L 12/24/2020 - 17:19:04: [basecommands.smx] "Console<0><Console><Console>" changed cvar (cvar "versus_boss_flow_min") (value "0.4")
L 12/24/2020 - 17:19:04: [basecommands.smx] "Console<0><Console><Console>" changed cvar (cvar "versus_boss_flow_max") (value "0.6")
L 12/24/2020 - 17:19:04: [basecommands.smx] "Console<0><Console><Console>" changed cvar (cvar "versus_boss_flow_min_intro") (value "0.1")
L 12/24/2020 - 17:19:04: [basecommands.smx] "Console<0><Console><Console>" changed cvar (cvar "versus_boss_flow_max_intro") (value "0.2")
L 12/24/2020 - 17:19:04: [basecommands.smx] "Console<0><Console><Console>" changed cvar (cvar "versus_boss_flow_min_finale") (value "0.1")
L 12/24/2020 - 17:19:04: [basecommands.smx] "Console<0><Console><Console>" changed cvar (cvar "versus_boss_flow_max_finale") (value "0.2")
L 12/24/2020 - 17:19:04: [basecommands.smx] "Console<0><Console><Console>" changed cvar (cvar "boomer_vomit_delay") (value "0.1")
L 12/24/2020 - 17:19:04: [basecommands.smx] "Console<0><Console><Console>" changed cvar (cvar "smoker_tongue_delay") (value "0.1")
L 12/24/2020 - 17:19:04: [basecommands.smx] "Console<0><Console><Console>" changed cvar (cvar "vs_survival_bonus") (value "35")
L 12/24/2020 - 17:19:04: [basecommands.smx] "Console<0><Console><Console>" changed cvar (cvar "z_tank_throw_health") (value "10")
L 12/24/2020 - 17:19:04: [basecommands.smx] "Console<0><Console><Console>" changed cvar (cvar "sv_client_min_interp_ratio") (value "-1")
L 12/24/2020 - 17:19:04: [basecommands.smx] "Console<0><Console><Console>" changed cvar (cvar "sv_client_max_interp_ratio") (value "0")
L 12/24/2020 - 17:19:04: [basecommands.smx] "Console<0><Console><Console>" changed cvar (cvar "sv_minrate") (value "100000")
L 12/24/2020 - 17:19:04: [basecommands.smx] "Console<0><Console><Console>" changed cvar (cvar "sv_maxrate") (value "100000")
L 12/24/2020 - 17:19:04: [basecommands.smx] "Console<0><Console><Console>" changed cvar (cvar "sv_mincmdrate") (value "100")
L 12/24/2020 - 17:19:04: [basecommands.smx] "Console<0><Console><Console>" changed cvar (cvar "sv_maxcmdrate") (value "100")
L 12/24/2020 - 17:19:04: [basecommands.smx] "Console<0><Console><Console>" changed cvar (cvar "sv_minupdaterate") (value "100")
L 12/24/2020 - 17:19:04: [basecommands.smx] "Console<0><Console><Console>" changed cvar (cvar "sv_maxupdaterate") (value "100")
L 12/24/2020 - 17:19:04: [basecommands.smx] "Console<0><Console><Console>" changed cvar (cvar "nb_update_frequency") (value "0.014")
L 12/24/2020 - 17:19:04: [basecommands.smx] "Console<0><Console><Console>" changed cvar (cvar "net_splitpacket_maxrate") (value "50000")
L 12/24/2020 - 17:19:04: [basecommands.smx] "Console<0><Console><Console>" changed cvar (cvar "fps_max") (value "0")
L 12/24/2020 - 17:19:04: [basecommands.smx] "Console<0><Console><Console>" changed cvar (cvar "hostname") (value "Versus")
L 12/24/2020 - 17:19:43: [basecommands.smx] "Duяåznlто™<4><STEAM_1:1:4151444><>" changed cvar (cvar "vs_max_team_switches") (value "5")
L 12/24/2020 - 17:19:44: [basecommands.smx] "♛ Rain ♛<2><STEAM_1:0:162762726><>" changed cvar (cvar "vs_max_team_switches") (value "5")
L 12/24/2020 - 17:19:53: [basecommands.smx] "Duяåznlто™<4><STEAM_1:1:4151444><>" changed cvar (cvar "vs_max_team_switches") (value "0")
L 12/24/2020 - 17:19:58: [basecommands.smx] "♛ Rain ♛<2><STEAM_1:0:162762726><>" changed cvar (cvar "vs_max_team_switches") (value "0")
L 12/24/2020 - 17:20:01: [basecommands.smx] "♛ Rain ♛<2><STEAM_1:0:162762726><>" kicked "FrancoPITTA<103><STEAM_1:0:87211579><>" (reason "")
L 12/24/2020 - 17:20:25: [basecommands.smx] "♛ Rain ♛<2><STEAM_1:0:162762726><>" changed cvar (cvar "vs_max_team_switches") (value "5")
L 12/24/2020 - 17:20:52: [basecommands.smx] "♛ Rain ♛<2><STEAM_1:0:162762726><>" changed cvar (cvar "vs_max_team_switches") (value "0")
L 12/24/2020 - 17:20:56: [l4d2_skill_detect.smx] Clear: 3 freed 1 from 10: time: 1.16 / 2.41 -- class: smoker (with shove? 1)
L 12/24/2020 - 17:21:15: [l4d2_skill_detect.smx] Clear: 7 freed 1 from 10: time: -1.00 / 0.16 -- class: smoker (with shove? 1)
L 12/24/2020 - 17:21:56: [l4d2_skill_detect.smx] Clear: 7 freed 1 from 6: time: 1.22 / -1.00 -- class: hunter (with shove? 0)
L 12/24/2020 - 17:22:09: [l4d2_skill_detect.smx] Charge carry start: 5 - 3 -- time: 182.47
L 12/24/2020 - 17:22:13: [l4d2_skill_detect.smx] Checking charge victim: 5 - 7 - flags: 0 (alive? 1)
L 12/24/2020 - 17:22:13: [l4d2_skill_detect.smx] Checking charge victim: 5 - 1 - flags: 0 (alive? 1)
L 12/24/2020 - 17:22:15: [l4d2_skill_detect.smx] Checking charge victim: 5 - 3 - flags: 1 (alive? 1)
L 12/24/2020 - 17:22:16: [l4d2_skill_detect.smx] Clear: 7 freed 3 from 5: time: 3.36 / 6.86 -- class: charger (with shove? 0)
L 12/24/2020 - 17:23:17: [l4d2_skill_detect.smx] Clear: 3 freed 8 from 2: time: -1.00 / 0.92 -- class: smoker (with shove? 0)
L 12/24/2020 - 17:23:25: [l4d2_skill_detect.smx] Clear: 8 freed 8 from 2: time: -1.00 / 0.00 -- class: smoker (with shove? 0)
L 12/24/2020 - 17:23:54: [l4d2_skill_detect.smx] Charge carry start: 4 - 7 -- time: 286.60
L 12/24/2020 - 17:23:57: [l4d2_skill_detect.smx] Checking charge victim: 4 - 7 - flags: 1 (alive? 1)
L 12/24/2020 - 17:23:58: [l4d2_skill_detect.smx] Clear: 3 freed 1 from 9: time: 2.70 / -1.00 -- class: jockey (with shove? 1)
L 12/24/2020 - 17:24:00: [l4d2_skill_detect.smx] Clear: 8 freed 7 from 4: time: 5.69 / 7.01 -- class: charger (with shove? 0)
L 12/24/2020 - 17:24:06: [l4d2_skill_detect.smx] Clear: 7 freed 8 from 2: time: 1.35 / -1.00 -- class: hunter (with shove? 0)
L 12/24/2020 - 17:25:29: [l4d2_skill_detect.smx] Clear: 1 freed 3 from 5: time: 2.17 / -1.00 -- class: jockey (with shove? 0)
L 12/24/2020 - 17:25:32: [l4d2_skill_detect.smx] Witch Crown Check: Failed: bungled: 1 / crowntype: 1 (entity: 213)
L 12/24/2020 - 17:25:32: [l4d2_skill_detect.smx] Witch Crown Check: Further details: attacker: Peinate que viene Gente™, attacker dmg: 0, teamless dmg: 8
L 12/24/2020 - 17:25:47: [l4d2_skill_detect.smx] Clear: 7 freed 3 from 9: time: 10.44 / 11.08 -- class: smoker (with shove? 1)
L 12/24/2020 - 17:27:06: [l4d2_skill_detect.smx] Charge carry start: 3 - 6 -- time: 478.70
L 12/24/2020 - 17:27:09: [l4d2_skill_detect.smx] Clear: 5 freed 6 from 3: time: 0.55 / 2.86 -- class: charger (with shove? 0)
L 12/24/2020 - 17:27:09: [l4d2_skill_detect.smx] Checking charge victim: 3 - 9 - flags: 0 (alive? 1)
L 12/24/2020 - 17:27:10: [l4d2_skill_detect.smx] Checking charge victim: 3 - 6 - flags: 1 (alive? 1)
L 12/24/2020 - 17:28:17: [l4d2_skill_detect.smx] Clear: 6 freed 4 from 3: time: -1.00 / 0.19 -- class: smoker (with shove? 0)
L 12/24/2020 - 17:29:07: [l4d2_skill_detect.smx] Clear: 5 freed 6 from 8: time: -1.00 / 0.52 -- class: smoker (with shove? 0)
L 12/24/2020 - 17:29:15: [l4d2_skill_detect.smx] Clear: 6 freed 4 from 8: time: -1.00 / 1.41 -- class: smoker (with shove? 1)
L 12/24/2020 - 17:30:05: [l4d2_skill_detect.smx] Charge carry start: 7 - 5 -- time: 658.07
L 12/24/2020 - 17:30:07: [l4d2_skill_detect.smx] Clear: 6 freed 5 from 7: time: 0.02 / 1.34 -- class: charger (with shove? 0)
L 12/24/2020 - 17:30:09: [l4d2_skill_detect.smx] Checking charge victim: 7 - 5 - flags: 1 (alive? 1)
L 12/24/2020 - 17:30:10: [l4d2_skill_detect.smx] Clear: 4 freed 6 from 8: time: -1.00 / 1.63 -- class: smoker (with shove? 0)
L 12/24/2020 - 17:30:35: [l4d2_skill_detect.smx] Clear: 9 freed 6 from 7: time: 1.53 / -1.00 -- class: hunter (with shove? 1)
L 12/24/2020 - 17:30:39: [l4d2_skill_detect.smx] Charge carry start: 8 - 4 -- time: 691.41
L 12/24/2020 - 17:30:42: [l4d2_skill_detect.smx] Checking charge victim: 8 - 4 - flags: 1 (alive? 1)
L 12/24/2020 - 17:30:42: [l4d2_skill_detect.smx] Clear: 6 freed 4 from 8: time: 2.14 / 3.50 -- class: charger (with shove? 0)
L 12/24/2020 - 17:30:47: [l4d2_skill_detect.smx] Clear: 4 freed 9 from 1: time: 0.16 / 1.69 -- class: smoker (with shove? 1)
L 12/24/2020 - 17:30:50: [l4d2_skill_detect.smx] Clear: 6 freed 4 from 3: time: 1.56 / -1.00 -- class: jockey (with shove? 0)
L 12/24/2020 - 17:31:54: [l4d2_skill_detect.smx] Clear: 9 freed 5 from 8: time: 0.94 / -1.00 -- class: hunter (with shove? 0)
L 12/24/2020 - 17:32:11: [l4d2_skill_detect.smx] Charge carry start: 1 - 6 -- time: 784.23
L 12/24/2020 - 17:32:15: [l4d2_skill_detect.smx] Clear: 0 freed 6 from 1: time: 0.00 / 3.58 -- class: charger (with shove? 0)
L 12/24/2020 - 17:32:15: [l4d2_skill_detect.smx] Checking charge victim: 1 - 6 - flags: 43 (alive? 0)
L 12/24/2020 - 17:32:15: [l4d2_skill_detect.smx] Witch Crown Check: Failed: bungled: 1 / crowntype: 0 (entity: 68)
L 12/24/2020 - 17:32:15: [l4d2_skill_detect.smx] Witch Crown Check: Further details: attacker: SAVI, attacker dmg: 912, teamless dmg: 0
L 12/24/2020 - 17:32:24: [l4d2_skill_detect.smx] Clear: 9 freed 4 from 8: time: 1.53 / -1.00 -- class: jockey (with shove? 1)
L 12/24/2020 - 17:32:59: [l4d2_skill_detect.smx] Clear: 5 freed 9 from 8: time: 4.02 / -1.00 -- class: jockey (with shove? 0)
L 12/24/2020 - 17:33:26: -------- Mapchange to c8m5_rooftop --------
L 12/24/2020 - 17:33:28: [basecommands.smx] "Console<0><Console><Console>" changed cvar (cvar "sv_force_time_of_day") (value "0")
L 12/24/2020 - 17:33:28: [basecommands.smx] "Console<0><Console><Console>" changed cvar (cvar "z_witch_damage_per_kill_hit") (value "120")
L 12/24/2020 - 17:33:28: [basecommands.smx] "Console<0><Console><Console>" changed cvar (cvar "z_witch_anger_rate") (value "0.4")
L 12/24/2020 - 17:33:28: [basecommands.smx] "Console<0><Console><Console>" changed cvar (cvar "z_witch_flashlight_range") (value "2000")
L 12/24/2020 - 17:33:28: [basecommands.smx] "Console<0><Console><Console>" changed cvar (cvar "z_witch_burn_time") (value "100")
L 12/24/2020 - 17:33:28: [basecommands.smx] "Console<0><Console><Console>" changed cvar (cvar "z_tank_health") (value "4000")
L 12/24/2020 - 17:33:28: [basecommands.smx] "Console<0><Console><Console>" changed cvar (cvar "z_ghost_delay_min") (value "15")
L 12/24/2020 - 17:33:28: [basecommands.smx] "Console<0><Console><Console>" changed cvar (cvar "z_ghost_delay_max") (value "15")
L 12/24/2020 - 17:33:28: [basecommands.smx] "Console<0><Console><Console>" changed cvar (cvar "z_hunter_limit") (value "1")
L 12/24/2020 - 17:33:28: [basecommands.smx] "Console<0><Console><Console>" changed cvar (cvar "z_smoker_limit") (value "1")
L 12/24/2020 - 17:33:28: [basecommands.smx] "Console<0><Console><Console>" changed cvar (cvar "z_jockey_limit") (value "1")
L 12/24/2020 - 17:33:28: [basecommands.smx] "Console<0><Console><Console>" changed cvar (cvar "versus_tank_chance_intro") (value "1")
L 12/24/2020 - 17:33:28: [basecommands.smx] "Console<0><Console><Console>" changed cvar (cvar "versus_tank_chance_finale") (value "1")
L 12/24/2020 - 17:33:28: [basecommands.smx] "Console<0><Console><Console>" changed cvar (cvar "versus_tank_chance") (value "1")
L 12/24/2020 - 17:33:28: [basecommands.smx] "Console<0><Console><Console>" changed cvar (cvar "versus_witch_chance_intro") (value "0")
L 12/24/2020 - 17:33:28: [basecommands.smx] "Console<0><Console><Console>" changed cvar (cvar "versus_witch_chance_finale") (value "0")
L 12/24/2020 - 17:33:29: [basecommands.smx] "Console<0><Console><Console>" changed cvar (cvar "versus_witch_chance") (value "1")
L 12/24/2020 - 17:33:29: [basecommands.smx] "Console<0><Console><Console>" changed cvar (cvar "director_force_tank") (value "1")
L 12/24/2020 - 17:33:29: [basecommands.smx] "Console<0><Console><Console>" changed cvar (cvar "versus_boss_flow_min") (value "0.4")
L 12/24/2020 - 17:33:29: [basecommands.smx] "Console<0><Console><Console>" changed cvar (cvar "versus_boss_flow_max") (value "0.6")
L 12/24/2020 - 17:33:29: [basecommands.smx] "Console<0><Console><Console>" changed cvar (cvar "versus_boss_flow_min_intro") (value "0.1")
L 12/24/2020 - 17:33:29: [basecommands.smx] "Console<0><Console><Console>" changed cvar (cvar "versus_boss_flow_max_intro") (value "0.2")
L 12/24/2020 - 17:33:29: [basecommands.smx] "Console<0><Console><Console>" changed cvar (cvar "versus_boss_flow_min_finale") (value "0.1")
L 12/24/2020 - 17:33:29: [basecommands.smx] "Console<0><Console><Console>" changed cvar (cvar "versus_boss_flow_max_finale") (value "0.2")
L 12/24/2020 - 17:33:29: [basecommands.smx] "Console<0><Console><Console>" changed cvar (cvar "boomer_vomit_delay") (value "0.1")
L 12/24/2020 - 17:33:29: [basecommands.smx] "Console<0><Console><Console>" changed cvar (cvar "smoker_tongue_delay") (value "0.1")
L 12/24/2020 - 17:33:29: [basecommands.smx] "Console<0><Console><Console>" changed cvar (cvar "vs_survival_bonus") (value "35")
L 12/24/2020 - 17:33:29: [basecommands.smx] "Console<0><Console><Console>" changed cvar (cvar "z_tank_throw_health") (value "10")
L 12/24/2020 - 17:33:29: [basecommands.smx] "Console<0><Console><Console>" changed cvar (cvar "sv_client_min_interp_ratio") (value "-1")
L 12/24/2020 - 17:33:29: [basecommands.smx] "Console<0><Console><Console>" changed cvar (cvar "sv_client_max_interp_ratio") (value "0")
L 12/24/2020 - 17:33:29: [basecommands.smx] "Console<0><Console><Console>" changed cvar (cvar "sv_minrate") (value "100000")
L 12/24/2020 - 17:33:29: [basecommands.smx] "Console<0><Console><Console>" changed cvar (cvar "sv_maxrate") (value "100000")
L 12/24/2020 - 17:33:29: [basecommands.smx] "Console<0><Console><Console>" changed cvar (cvar "sv_mincmdrate") (value "100")
L 12/24/2020 - 17:33:29: [basecommands.smx] "Console<0><Console><Console>" changed cvar (cvar "sv_maxcmdrate") (value "100")
L 12/24/2020 - 17:33:29: [basecommands.smx] "Console<0><Console><Console>" changed cvar (cvar "sv_minupdaterate") (value "100")
L 12/24/2020 - 17:33:29: [basecommands.smx] "Console<0><Console><Console>" changed cvar (cvar "sv_maxupdaterate") (value "100")
L 12/24/2020 - 17:33:29: [basecommands.smx] "Console<0><Console><Console>" changed cvar (cvar "nb_update_frequency") (value "0.014")
L 12/24/2020 - 17:33:29: [basecommands.smx] "Console<0><Console><Console>" changed cvar (cvar "net_splitpacket_maxrate") (value "50000")
L 12/24/2020 - 17:33:29: [basecommands.smx] "Console<0><Console><Console>" changed cvar (cvar "fps_max") (value "0")
L 12/24/2020 - 17:33:29: [basecommands.smx] "Console<0><Console><Console>" changed cvar (cvar "hostname") (value "Versus")
L 12/24/2020 - 17:35:41: [l4d2_skill_detect.smx] Clear: 1 freed 7 from 6: time: 0.98 / -1.00 -- class: jockey (with shove? 1)
L 12/24/2020 - 17:36:07: [l4d2_skill_detect.smx] Charge carry start: 5 - 7 -- time: 156.06
L 12/24/2020 - 17:36:09: [l4d2_skill_detect.smx] Clear: 3 freed 1 from 4: time: 2.05 / 3.44 -- class: smoker (with shove? 1)
L 12/24/2020 - 17:36:12: [l4d2_skill_detect.smx] Checking charge victim: 5 - 7 - flags: 1 (alive? 1)
L 12/24/2020 - 17:36:14: [l4d2_skill_detect.smx] Clear: 8 freed 7 from 5: time: 4.13 / 6.32 -- class: charger (with shove? 0)
L 12/24/2020 - 17:36:42: [l4d2_skill_detect.smx] Clear: 7 freed 1 from 6: time: 3.52 / -1.00 -- class: hunter (with shove? 0)
L 12/24/2020 - 17:37:30: [l4d2_skill_detect.smx] Clear: 8 freed 1 from 5: time: 0.50 / 1.52 -- class: smoker (with shove? 1)
L 12/24/2020 - 17:38:24: [l4d2_skill_detect.smx] Clear: 7 freed 3 from 6: time: 0.49 / 292.97 -- class: charger (with shove? 0)
L 12/24/2020 - 17:38:52: [l4d2_skill_detect.smx] Clear: 3 freed 1 from 6: time: 2.45 / 3.47 -- class: smoker (with shove? 1)
L 12/24/2020 - 17:39:17: [l4d2_skill_detect.smx] Charge carry start: 4 - 7 -- time: 345.75
L 12/24/2020 - 17:39:20: [l4d2_skill_detect.smx] Clear: 3 freed 7 from 4: time: 1.11 / 2.89 -- class: charger (with shove? 0)
L 12/24/2020 - 17:39:21: [l4d2_skill_detect.smx] Checking charge victim: 4 - 7 - flags: 1 (alive? 1)
L 12/24/2020 - 17:39:29: [l4d2_skill_detect.smx] Clear: 1 freed 8 from 6: time: -1.00 / 1.70 -- class: smoker (with shove? 0)
L 12/24/2020 - 17:39:48: [l4d2_skill_detect.smx] Clear: 8 freed 3 from 4: time: 1.44 / -1.00 -- class: jockey (with shove? 0)
L 12/24/2020 - 17:40:21: [l4d2_skill_detect.smx] Clear: 8 freed 7 from 4: time: 2.67 / -1.00 -- class: hunter (with shove? 0)
L 12/24/2020 - 17:40:55: [l4d2_skill_detect.smx] Clear: 7 freed 8 from 6: time: 1.31 / -1.00 -- class: jockey (with shove? 0)
L 12/24/2020 - 17:41:25: [l4d2_skill_detect.smx] Clear: 1 freed 3 from 6: time: 0.48 / 3.70 -- class: smoker (with shove? 0)
L 12/24/2020 - 17:41:32: [l4d2_skill_detect.smx] Clear: 1 freed 3 from 2: time: 2.39 / -1.00 -- class: jockey (with shove? 0)
L 12/24/2020 - 17:42:28: [l4d2_skill_detect.smx] Clear: 7 freed 1 from 2: time: 1.11 / -1.00 -- class: hunter (with shove? 0)
L 12/24/2020 - 17:42:36: [l4d2_skill_detect.smx] Clear: 3 freed 7 from 5: time: 1.96 / -1.00 -- class: jockey (with shove? 1)
L 12/24/2020 - 17:43:11: [l4d2_skill_detect.smx] Clear: 7 freed 1 from 5: time: 1.45 / -1.00 -- class: jockey (with shove? 0)
L 12/24/2020 - 17:43:16: [l4d2_skill_detect.smx] Clear: 7 freed 8 from 6: time: 3.27 / -1.00 -- class: hunter (with shove? 0)
L 12/24/2020 - 17:45:10: [l4d2_skill_detect.smx] Charge carry start: 3 - 2 -- time: 698.41
L 12/24/2020 - 17:45:15: [l4d2_skill_detect.smx] Checking charge victim: 3 - 2 - flags: 43 (alive? 0)
L 12/24/2020 - 17:45:38: [l4d2_skill_detect.smx] Clear: 5 freed 6 from 8: time: 1.01 / -1.00 -- class: hunter (with shove? 1)
L 12/24/2020 - 17:46:51: [l4d2_skill_detect.smx] Clear: 0 freed 6 from 8: time: 40.51 / -1.00 -- class: jockey (with shove? 0)
L 12/24/2020 - 17:47:06: -------- Mapchange to c1m1_hotel --------
L 12/24/2020 - 17:47:09: [basecommands.smx] "Console<0><Console><Console>" changed cvar (cvar "sv_force_time_of_day") (value "0")
L 12/24/2020 - 17:47:09: [basecommands.smx] "Console<0><Console><Console>" changed cvar (cvar "z_witch_damage_per_kill_hit") (value "120")
L 12/24/2020 - 17:47:09: [basecommands.smx] "Console<0><Console><Console>" changed cvar (cvar "z_witch_anger_rate") (value "0.4")
L 12/24/2020 - 17:47:09: [basecommands.smx] "Console<0><Console><Console>" changed cvar (cvar "z_witch_flashlight_range") (value "2000")
L 12/24/2020 - 17:47:09: [basecommands.smx] "Console<0><Console><Console>" changed cvar (cvar "z_witch_burn_time") (value "100")
L 12/24/2020 - 17:47:10: [basecommands.smx] "Console<0><Console><Console>" changed cvar (cvar "z_tank_health") (value "4000")
L 12/24/2020 - 17:47:10: [basecommands.smx] "Console<0><Console><Console>" changed cvar (cvar "z_ghost_delay_min") (value "15")
L 12/24/2020 - 17:47:10: [basecommands.smx] "Console<0><Console><Console>" changed cvar (cvar "z_ghost_delay_max") (value "15")
L 12/24/2020 - 17:47:10: [basecommands.smx] "Console<0><Console><Console>" changed cvar (cvar "z_hunter_limit") (value "1")
L 12/24/2020 - 17:47:10: [basecommands.smx] "Console<0><Console><Console>" changed cvar (cvar "z_smoker_limit") (value "1")
L 12/24/2020 - 17:47:10: [basecommands.smx] "Console<0><Console><Console>" changed cvar (cvar "z_jockey_limit") (value "1")
L 12/24/2020 - 17:47:10: [basecommands.smx] "Console<0><Console><Console>" changed cvar (cvar "versus_tank_chance_intro") (value "1")
L 12/24/2020 - 17:47:10: [basecommands.smx] "Console<0><Console><Console>" changed cvar (cvar "versus_tank_chance_finale") (value "1")
L 12/24/2020 - 17:47:10: [basecommands.smx] "Console<0><Console><Console>" changed cvar (cvar "versus_tank_chance") (value "1")
L 12/24/2020 - 17:47:10: [basecommands.smx] "Console<0><Console><Console>" changed cvar (cvar "versus_witch_chance_intro") (value "0")
L 12/24/2020 - 17:47:10: [basecommands.smx] "Console<0><Console><Console>" changed cvar (cvar "versus_witch_chance_finale") (value "0")
L 12/24/2020 - 17:47:10: [basecommands.smx] "Console<0><Console><Console>" changed cvar (cvar "versus_witch_chance") (value "1")
L 12/24/2020 - 17:47:10: [basecommands.smx] "Console<0><Console><Console>" changed cvar (cvar "director_force_tank") (value "1")
L 12/24/2020 - 17:47:10: [basecommands.smx] "Console<0><Console><Console>" changed cvar (cvar "versus_boss_flow_min") (value "0.4")
L 12/24/2020 - 17:47:10: [basecommands.smx] "Console<0><Console><Console>" changed cvar (cvar "versus_boss_flow_max") (value "0.6")
L 12/24/2020 - 17:47:10: [basecommands.smx] "Console<0><Console><Console>" changed cvar (cvar "versus_boss_flow_min_intro") (value "0.1")
L 12/24/2020 - 17:47:10: [basecommands.smx] "Console<0><Console><Console>" changed cvar (cvar "versus_boss_flow_max_intro") (value "0.2")
L 12/24/2020 - 17:47:10: [basecommands.smx] "Console<0><Console><Console>" changed cvar (cvar "versus_boss_flow_min_finale") (value "0.1")
L 12/24/2020 - 17:47:10: [basecommands.smx] "Console<0><Console><Console>" changed cvar (cvar "versus_boss_flow_max_finale") (value "0.2")
L 12/24/2020 - 17:47:10: [basecommands.smx] "Console<0><Console><Console>" changed cvar (cvar "boomer_vomit_delay") (value "0.1")
L 12/24/2020 - 17:47:10: [basecommands.smx] "Console<0><Console><Console>" changed cvar (cvar "smoker_tongue_delay") (value "0.1")
L 12/24/2020 - 17:47:10: [basecommands.smx] "Console<0><Console><Console>" changed cvar (cvar "vs_survival_bonus") (value "35")
L 12/24/2020 - 17:47:10: [basecommands.smx] "Console<0><Console><Console>" changed cvar (cvar "z_tank_throw_health") (value "10")
L 12/24/2020 - 17:47:10: [basecommands.smx] "Console<0><Console><Console>" changed cvar (cvar "sv_client_min_interp_ratio") (value "-1")
L 12/24/2020 - 17:47:10: [basecommands.smx] "Console<0><Console><Console>" changed cvar (cvar "sv_client_max_interp_ratio") (value "0")
L 12/24/2020 - 17:47:10: [basecommands.smx] "Console<0><Console><Console>" changed cvar (cvar "sv_minrate") (value "100000")
L 12/24/2020 - 17:47:10: [basecommands.smx] "Console<0><Console><Console>" changed cvar (cvar "sv_maxrate") (value "100000")
L 12/24/2020 - 17:47:10: [basecommands.smx] "Console<0><Console><Console>" changed cvar (cvar "sv_mincmdrate") (value "100")
L 12/24/2020 - 17:47:10: [basecommands.smx] "Console<0><Console><Console>" changed cvar (cvar "sv_maxcmdrate") (value "100")
L 12/24/2020 - 17:47:10: [basecommands.smx] "Console<0><Console><Console>" changed cvar (cvar "sv_minupdaterate") (value "100")
L 12/24/2020 - 17:47:10: [basecommands.smx] "Console<0><Console><Console>" changed cvar (cvar "sv_maxupdaterate") (value "100")
L 12/24/2020 - 17:47:10: [basecommands.smx] "Console<0><Console><Console>" changed cvar (cvar "nb_update_frequency") (value "0.014")
L 12/24/2020 - 17:47:10: [basecommands.smx] "Console<0><Console><Console>" changed cvar (cvar "net_splitpacket_maxrate") (value "50000")
L 12/24/2020 - 17:47:10: [basecommands.smx] "Console<0><Console><Console>" changed cvar (cvar "fps_max") (value "0")
L 12/24/2020 - 17:47:10: [basecommands.smx] "Console<0><Console><Console>" changed cvar (cvar "hostname") (value "Versus")
L 12/24/2020 - 17:48:58: [l4d2_skill_detect.smx] Clear: 1 freed 10 from 8: time: 0.34 / 1.37 -- class: smoker (with shove? 1)
L 12/24/2020 - 17:49:26: [l4d2_skill_detect.smx] Clear: 1 freed 3 from 4: time: 0.97 / -1.00 -- class: jockey (with shove? 0)
L 12/24/2020 - 17:50:43: [l4d2_skill_detect.smx] Clear: 1 freed 9 from 4: time: 1.27 / -1.00 -- class: hunter (with shove? 0)
L 12/24/2020 - 17:51:39: [l4d2_skill_detect.smx] Clear: 3 freed 7 from 4: time: 0.32 / 1.83 -- class: smoker (with shove? 0)
L 12/24/2020 - 17:51:59: [l4d2_skill_detect.smx] Clear: 1 freed 7 from 4: time: 0.42 / 0.94 -- class: smoker (with shove? 0)
L 12/24/2020 - 17:52:44: [l4d2_skill_detect.smx] Charge carry start: 4 - 1 -- time: 353.47
L 12/24/2020 - 17:52:47: [l4d2_skill_detect.smx] Checking charge victim: 4 - 1 - flags: 1 (alive? 1)
L 12/24/2020 - 17:52:51: [l4d2_skill_detect.smx] Clear: 6 freed 1 from 4: time: 6.15 / 7.03 -- class: charger (with shove? 0)
L 12/24/2020 - 17:53:06: [l4d2_skill_detect.smx] Clear: 3 freed 7 from 5: time: 1.41 / -1.00 -- class: hunter (with shove? 0)
L 12/24/2020 - 17:54:42: [l4d2_skill_detect.smx] Clear: 7 freed 3 from 2: time: -1.00 / 1.42 -- class: smoker (with shove? 1)
L 12/24/2020 - 17:55:08: [l4d2_skill_detect.smx] Charge carry start: 5 - 3 -- time: 497.45
L 12/24/2020 - 17:55:09: [l4d2_skill_detect.smx] Clear: 1 freed 3 from 5: time: 0.26 / 1.22 -- class: charger (with shove? 0)
L 12/24/2020 - 17:55:11: [l4d2_skill_detect.smx] Checking charge victim: 5 - 3 - flags: 1 (alive? 1)
L 12/24/2020 - 17:55:13: [l4d2_skill_detect.smx] Clear: 7 freed 1 from 2: time: 1.52 / -1.00 -- class: hunter (with shove? 0)
L 12/24/2020 - 17:55:20: [l4d2_skill_detect.smx] Clear: 7 freed 8 from 6: time: -1.00 / 0.92 -- class: smoker (with shove? 0)
L 12/24/2020 - 17:55:31: [l4d2_skill_detect.smx] Clear: 1 freed 8 from 6: time: -1.00 / 1.76 -- class: smoker (with shove? 1)
L 12/24/2020 - 17:57:05: [l4d2_skill_detect.smx] Clear: 11 freed 12 from 7: time: 1.50 / -1.00 -- class: hunter (with shove? 1)
L 12/24/2020 - 17:57:09: [l4d2_skill_detect.smx] Clear: 12 freed 10 from 7: time: 1.41 / -1.00 -- class: hunter (with shove? 1)
L 12/24/2020 - 17:57:11: [l4d2_skill_detect.smx] Clear: 12 freed 11 from 3: time: 5.21 / 6.92 -- class: smoker (with shove? 1)
L 12/24/2020 - 17:57:15: [l4d2_skill_detect.smx] Clear: 10 freed 4 from 7: time: 1.00 / -1.00 -- class: hunter (with shove? 1)
L 12/24/2020 - 17:58:01: [playercommands.smx] "♛ Rain ♛<2><STEAM_1:0:162762726><>" slayed "Duяåznlто™<4><STEAM_1:1:4151444><>"
L 12/24/2020 - 17:58:15: [l4d2_skill_detect.smx] Clear: 4 freed 10 from 1: time: 5.98 / -1.00 -- class: jockey (with shove? 1)
L 12/24/2020 - 17:58:19: [l4d2_skill_detect.smx] Clear: 10 freed 2 from 6: time: 0.96 / -1.00 -- class: hunter (with shove? 0)
L 12/24/2020 - 17:58:28: [l4d2_skill_detect.smx] Charge carry start: 9 - 10 -- time: 696.85
L 12/24/2020 - 17:58:30: [l4d2_skill_detect.smx] Clear: 2 freed 10 from 9: time: 1.48 / 2.46 -- class: charger (with shove? 0)
L 12/24/2020 - 17:58:31: [l4d2_skill_detect.smx] Checking charge victim: 9 - 10 - flags: 1 (alive? 1)
L 12/24/2020 - 17:58:48: [l4d2_skill_detect.smx] Clear: 2 freed 4 from 1: time: 0.46 / 2.92 -- class: smoker (with shove? 1)
L 12/24/2020 - 17:58:52: [l4d2_skill_detect.smx] Clear: 2 freed 10 from 6: time: 1.45 / -1.00 -- class: jockey (with shove? 0)
L 12/24/2020 - 17:58:55: [l4d2_skill_detect.smx] Clear: 2 freed 4 from 3: time: 0.97 / -1.00 -- class: hunter (with shove? 0)
L 12/24/2020 - 17:59:48: [l4d2_skill_detect.smx] Charge carry start: 1 - 5 -- time: 776.82
L 12/24/2020 - 17:59:50: [l4d2_skill_detect.smx] Clear: 4 freed 8 from 3: time: 4.16 / -1.00 -- class: jockey (with shove? 1)
L 12/24/2020 - 17:59:51: [l4d2_skill_detect.smx] Checking charge victim: 1 - 5 - flags: 1 (alive? 1)
L 12/24/2020 - 17:59:55: [l4d2_skill_detect.smx] Clear: 4 freed 5 from 1: time: 5.39 / 6.77 -- class: charger (with shove? 0)
L 12/24/2020 - 18:00:21: [l4d2_skill_detect.smx] Clear: 9 freed 4 from 1: time: 0.92 / -1.00 -- class: jockey (with shove? 1)
L 12/24/2020 - 18:00:26: [l4d2_skill_detect.smx] Clear: 8 freed 4 from 3: time: 2.48 / -1.00 -- class: hunter (with shove? 1)
L 12/24/2020 - 18:01:01: -------- Mapchange to c1m2_streets --------
L 12/24/2020 - 18:01:03: [basecommands.smx] "Console<0><Console><Console>" changed cvar (cvar "sv_force_time_of_day") (value "0")
L 12/24/2020 - 18:01:03: [basecommands.smx] "Console<0><Console><Console>" changed cvar (cvar "z_witch_damage_per_kill_hit") (value "120")
L 12/24/2020 - 18:01:03: [basecommands.smx] "Console<0><Console><Console>" changed cvar (cvar "z_witch_anger_rate") (value "0.4")
L 12/24/2020 - 18:01:03: [basecommands.smx] "Console<0><Console><Console>" changed cvar (cvar "z_witch_flashlight_range") (value "2000")
L 12/24/2020 - 18:01:03: [basecommands.smx] "Console<0><Console><Console>" changed cvar (cvar "z_witch_burn_time") (value "100")
L 12/24/2020 - 18:01:03: [basecommands.smx] "Console<0><Console><Console>" changed cvar (cvar "z_tank_health") (value "4000")
L 12/24/2020 - 18:01:03: [basecommands.smx] "Console<0><Console><Console>" changed cvar (cvar "z_ghost_delay_min") (value "15")
L 12/24/2020 - 18:01:03: [basecommands.smx] "Console<0><Console><Console>" changed cvar (cvar "z_ghost_delay_max") (value "15")
L 12/24/2020 - 18:01:03: [basecommands.smx] "Console<0><Console><Console>" changed cvar (cvar "z_hunter_limit") (value "1")
L 12/24/2020 - 18:01:03: [basecommands.smx] "Console<0><Console><Console>" changed cvar (cvar "z_smoker_limit") (value "1")
L 12/24/2020 - 18:01:03: [basecommands.smx] "Console<0><Console><Console>" changed cvar (cvar "z_jockey_limit") (value "1")
L 12/24/2020 - 18:01:03: [basecommands.smx] "Console<0><Console><Console>" changed cvar (cvar "versus_tank_chance_intro") (value "1")
L 12/24/2020 - 18:01:03: [basecommands.smx] "Console<0><Console><Console>" changed cvar (cvar "versus_tank_chance_finale") (value "1")
L 12/24/2020 - 18:01:03: [basecommands.smx] "Console<0><Console><Console>" changed cvar (cvar "versus_tank_chance") (value "1")
L 12/24/2020 - 18:01:03: [basecommands.smx] "Console<0><Console><Console>" changed cvar (cvar "versus_witch_chance_intro") (value "0")
L 12/24/2020 - 18:01:03: [basecommands.smx] "Console<0><Console><Console>" changed cvar (cvar "versus_witch_chance_finale") (value "0")
L 12/24/2020 - 18:01:03: [basecommands.smx] "Console<0><Console><Console>" changed cvar (cvar "versus_witch_chance") (value "1")
L 12/24/2020 - 18:01:03: [basecommands.smx] "Console<0><Console><Console>" changed cvar (cvar "director_force_tank") (value "1")
L 12/24/2020 - 18:01:03: [basecommands.smx] "Console<0><Console><Console>" changed cvar (cvar "versus_boss_flow_min") (value "0.4")
L 12/24/2020 - 18:01:03: [basecommands.smx] "Console<0><Console><Console>" changed cvar (cvar "versus_boss_flow_max") (value "0.6")
L 12/24/2020 - 18:01:03: [basecommands.smx] "Console<0><Console><Console>" changed cvar (cvar "versus_boss_flow_min_intro") (value "0.1")
L 12/24/2020 - 18:01:03: [basecommands.smx] "Console<0><Console><Console>" changed cvar (cvar "versus_boss_flow_max_intro") (value "0.2")
L 12/24/2020 - 18:01:03: [basecommands.smx] "Console<0><Console><Console>" changed cvar (cvar "versus_boss_flow_min_finale") (value "0.1")
L 12/24/2020 - 18:01:03: [basecommands.smx] "Console<0><Console><Console>" changed cvar (cvar "versus_boss_flow_max_finale") (value "0.2")
L 12/24/2020 - 18:01:03: [basecommands.smx] "Console<0><Console><Console>" changed cvar (cvar "boomer_vomit_delay") (value "0.1")
L 12/24/2020 - 18:01:03: [basecommands.smx] "Console<0><Console><Console>" changed cvar (cvar "smoker_tongue_delay") (value "0.1")
L 12/24/2020 - 18:01:03: [basecommands.smx] "Console<0><Console><Console>" changed cvar (cvar "vs_survival_bonus") (value "35")
L 12/24/2020 - 18:01:03: [basecommands.smx] "Console<0><Console><Console>" changed cvar (cvar "z_tank_throw_health") (value "10")
L 12/24/2020 - 18:01:03: [basecommands.smx] "Console<0><Console><Console>" changed cvar (cvar "sv_client_min_interp_ratio") (value "-1")
L 12/24/2020 - 18:01:03: [basecommands.smx] "Console<0><Console><Console>" changed cvar (cvar "sv_client_max_interp_ratio") (value "0")
L 12/24/2020 - 18:01:03: [basecommands.smx] "Console<0><Console><Console>" changed cvar (cvar "sv_minrate") (value "100000")
L 12/24/2020 - 18:01:03: [basecommands.smx] "Console<0><Console><Console>" changed cvar (cvar "sv_maxrate") (value "100000")
L 12/24/2020 - 18:01:03: [basecommands.smx] "Console<0><Console><Console>" changed cvar (cvar "sv_mincmdrate") (value "100")
L 12/24/2020 - 18:01:03: [basecommands.smx] "Console<0><Console><Console>" changed cvar (cvar "sv_maxcmdrate") (value "100")
L 12/24/2020 - 18:01:03: [basecommands.smx] "Console<0><Console><Console>" changed cvar (cvar "sv_minupdaterate") (value "100")
L 12/24/2020 - 18:01:03: [basecommands.smx] "Console<0><Console><Console>" changed cvar (cvar "sv_maxupdaterate") (value "100")
L 12/24/2020 - 18:01:03: [basecommands.smx] "Console<0><Console><Console>" changed cvar (cvar "nb_update_frequency") (value "0.014")
L 12/24/2020 - 18:01:03: [basecommands.smx] "Console<0><Console><Console>" changed cvar (cvar "net_splitpacket_maxrate") (value "50000")
L 12/24/2020 - 18:01:03: [basecommands.smx] "Console<0><Console><Console>" changed cvar (cvar "fps_max") (value "0")
L 12/24/2020 - 18:01:03: [basecommands.smx] "Console<0><Console><Console>" changed cvar (cvar "hostname") (value "Versus")
L 12/24/2020 - 18:02:08: [basecommands.smx] "Duяåznlто™<4><STEAM_1:1:4151444><>" changed cvar (cvar "vs_max_team_switches") (value "0")
L 12/24/2020 - 18:03:13: [l4d2_skill_detect.smx] Charge carry start: 10 - 7 -- time: 127.75
L 12/24/2020 - 18:03:17: [l4d2_skill_detect.smx] Checking charge victim: 10 - 6 - flags: 0 (alive? 1)
L 12/24/2020 - 18:03:18: [l4d2_skill_detect.smx] Checking charge victim: 10 - 7 - flags: 1 (alive? 1)
L 12/24/2020 - 18:03:19: [l4d2_skill_detect.smx] Clear: 1 freed 7 from 10: time: 3.76 / 6.62 -- class: charger (with shove? 0)
L 12/24/2020 - 18:03:29: [l4d2_skill_detect.smx] Clear: 1 freed 7 from 2: time: 1.37 / -1.00 -- class: jockey (with shove? 0)
L 12/24/2020 - 18:04:15: [l4d2_skill_detect.smx] Clear: 1 freed 6 from 8: time: -1.00 / 2.05 -- class: smoker (with shove? 1)
L 12/24/2020 - 18:06:29: [l4d2_skill_detect.smx] Clear: 1 freed 6 from 8: time: 0.91 / -1.00 -- class: jockey (with shove? 0)
L 12/24/2020 - 18:06:38: [l4d2_skill_detect.smx] Clear: 1 freed 1 from 4: time: -1.00 / 0.08 -- class: smoker (with shove? 0)
L 12/24/2020 - 18:06:43: [l4d2_skill_detect.smx] Clear: 6 freed 7 from 10: time: 1.45 / -1.00 -- class: hunter (with shove? 1)
L 12/24/2020 - 18:06:45: [l4d2_skill_detect.smx] Clear: 6 freed 1 from 10: time: 1.11 / -1.00 -- class: hunter (with shove? 0)
L 12/24/2020 - 18:07:17: [l4d2_skill_detect.smx] Charge carry start: 4 - 1 -- time: 371.86
L 12/24/2020 - 18:07:19: [l4d2_skill_detect.smx] Clear: 6 freed 1 from 4: time: 0.57 / 1.94 -- class: charger (with shove? 0)
L 12/24/2020 - 18:07:20: [l4d2_skill_detect.smx] Checking charge victim: 4 - 1 - flags: 1 (alive? 1)
L 12/24/2020 - 18:08:27: [l4d2_skill_detect.smx] Clear: 1 freed 6 from 5: time: -1.00 / 3.02 -- class: smoker (with shove? 0)
L 12/24/2020 - 18:09:03: [l4d2_skill_detect.smx] Charge carry start: 8 - 3 -- time: 477.98
L 12/24/2020 - 18:09:06: [l4d2_skill_detect.smx] Checking charge victim: 8 - 1 - flags: 0 (alive? 1)
L 12/24/2020 - 18:09:06: [l4d2_skill_detect.smx] Checking charge victim: 8 - 3 - flags: 1 (alive? 1)
L 12/24/2020 - 18:09:07: [l4d2_skill_detect.smx] Clear: 7 freed 3 from 8: time: 2.77 / 4.10 -- class: charger (with shove? 0)
L 12/24/2020 - 18:09:28: [l4d2_skill_detect.smx] Clear: 7 freed 1 from 4: time: 0.75 / 0.76 -- class: smoker (with shove? 1)
L 12/24/2020 - 18:09:46: [l4d2_skill_detect.smx] Clear: 6 freed 3 from 4: time: -1.00 / 1.89 -- class: smoker (with shove? 1)
L 12/24/2020 - 18:10:08: [l4d2_skill_detect.smx] Charge carry start: 10 - 1 -- time: 542.82
L 12/24/2020 - 18:10:09: [l4d2_skill_detect.smx] Clear: 3 freed 1 from 10: time: 0.34 / 1.54 -- class: charger (with shove? 0)
L 12/24/2020 - 18:10:11: [l4d2_skill_detect.smx] Checking charge victim: 10 - 1 - flags: 1 (alive? 1)
L 12/24/2020 - 18:10:12: [l4d2_skill_detect.smx] Checking charge victim: 10 - 7 - flags: 0 (alive? 1)
L 12/24/2020 - 18:10:29: [l4d2_skill_detect.smx] Clear: 6 freed 7 from 4: time: 10.03 / -1.00 -- class: hunter (with shove? 0)
L 12/24/2020 - 18:10:53: [l4d2_skill_detect.smx] Charge carry start: 5 - 6 -- time: 588.17
L 12/24/2020 - 18:10:55: [l4d2_skill_detect.smx] Witch Crown Check: crown shot: 912, harrassed: 1 (full health: 1000 / drawthresh: 500 / oneshot 0)
L 12/24/2020 - 18:10:56: [l4d2_skill_detect.smx] Checking charge victim: 5 - 6 - flags: 1 (alive? 1)
L 12/24/2020 - 18:10:58: [l4d2_skill_detect.smx] Clear: 3 freed 6 from 5: time: 3.50 / 4.63 -- class: charger (with shove? 0)
L 12/24/2020 - 18:11:18: [l4d2_skill_detect.smx] Clear: 7 freed 3 from 8: time: 1.16 / 3.77 -- class: smoker (with shove? 0)
L 12/24/2020 - 18:11:42: [l4d2_skill_detect.smx] Charge carry start: 4 - 3 -- time: 636.60
L 12/24/2020 - 18:11:45: [l4d2_skill_detect.smx] Clear: 6 freed 3 from 4: time: 1.59 / 2.96 -- class: charger (with shove? 0)
L 12/24/2020 - 18:11:45: [l4d2_skill_detect.smx] Checking charge victim: 4 - 3 - flags: 1 (alive? 1)
L 12/24/2020 - 18:11:52: [l4d2_skill_detect.smx] Clear: 7 freed 6 from 8: time: 1.34 / -1.00 -- class: jockey (with shove? 1)
L 12/24/2020 - 18:12:02: [l4d2_skill_detect.smx] Clear: 1 freed 7 from 10: time: -1.00 / 0.97 -- class: smoker (with shove? 0)
L 12/24/2020 - 18:12:10: [l4d2_skill_detect.smx] Clear: 3 freed 1 from 5: time: 1.53 / -1.00 -- class: hunter (with shove? 0)
L 12/24/2020 - 18:12:26: [l4d2_skill_detect.smx] Clear: 6 freed 3 from 8: time: 1.75 / 680.79 -- class: charger (with shove? 0)
L 12/24/2020 - 18:12:42: [l4d2_skill_detect.smx] Clear: 1 freed 6 from 4: time: -1.00 / 1.85 -- class: smoker (with shove? 0)
L 12/24/2020 - 18:13:06: [l4d2_skill_detect.smx] Clear: 7 freed 6 from 8: time: 0.80 / -1.00 -- class: hunter (with shove? 1)
L 12/24/2020 - 18:13:09: [l4d2_skill_detect.smx] Clear: 6 freed 7 from 8: time: 1.42 / -1.00 -- class: hunter (with shove? 0)
L 12/24/2020 - 18:13:17: [l4d2_skill_detect.smx] Charge carry start: 4 - 3 -- time: 731.48
L 12/24/2020 - 18:13:19: [l4d2_skill_detect.smx] Clear: 1 freed 3 from 4: time: 1.13 / 2.15 -- class: charger (with shove? 0)
L 12/24/2020 - 18:13:20: [l4d2_skill_detect.smx] Checking charge victim: 4 - 3 - flags: 1 (alive? 1)
L 12/24/2020 - 18:13:36: [l4d2_skill_detect.smx] Clear: 3 freed 1 from 5: time: -1.00 / 1.83 -- class: smoker (with shove? 1)
L 12/24/2020 - 18:13:44: [l4d2_skill_detect.smx] Clear: 1 freed 6 from 10: time: 1.03 / -1.00 -- class: hunter (with shove? 0)
L 12/24/2020 - 18:14:04: [l4d2_skill_detect.smx] Clear: 1 freed 3 from 4: time: 2.91 / -1.00 -- class: jockey (with shove? 0)
L 12/24/2020 - 18:14:35: [l4d2_skill_detect.smx] Clear: 1 freed 3 from 4: time: 2.26 / -1.00 -- class: hunter (with shove? 0)
L 12/24/2020 - 18:16:01: [l4d2_skill_detect.smx] Clear: 3 freed 1 from 10: time: 2.19 / -1.00 -- class: jockey (with shove? 0)
L 12/24/2020 - 18:16:12: [l4d2_skill_detect.smx] Charge carry start: 4 - 7 -- time: 907.23
L 12/24/2020 - 18:16:16: [l4d2_skill_detect.smx] Checking charge victim: 4 - 7 - flags: 1 (alive? 1)
L 12/24/2020 - 18:17:10: [basecommands.smx] "♛ Rain ♛<2><STEAM_1:0:162762726><>" kicked "Blackworsnop25<227><STEAM_1:0:503905123><>" (reason "")
L 12/24/2020 - 18:17:13: [basecommands.smx] "♛ Rain ♛<2><STEAM_1:0:162762726><>" changed cvar (cvar "vs_max_team_switches") (value "5")
L 12/24/2020 - 18:17:34: [l4d2_skill_detect.smx] Clear: 8 freed 9 from 7: time: 3.75 / -1.00 -- class: hunter (with shove? 1)
L 12/24/2020 - 18:17:40: [basecommands.smx] "♛ Rain ♛<2><STEAM_1:0:162762726><>" changed cvar (cvar "vs_max_team_switches") (value "0")
L 12/24/2020 - 18:18:28: [basebans.smx] "♛ Rain ♛<2><STEAM_1:0:162762726><>" banned "✔ɴɪɢʜᴛᴡᴏʟꜰ✔<235><STEAM_1:0:522966796><>" (minutes "0") (reason "Hack")
L 12/24/2020 - 18:18:31: [l4d2_skill_detect.smx] Clear: 8 freed 5 from 9: time: 0.22 / 3.52 -- class: smoker (with shove? 1)
L 12/24/2020 - 18:19:25: [l4d2_skill_detect.smx] Clear: 10 freed 5 from 1: time: 0.68 / -1.00 -- class: hunter (with shove? 1)
L 12/24/2020 - 18:20:44: [l4d2_skill_detect.smx] Clear: 7 freed 4 from 6: time: 12.07 / -1.00 -- class: hunter (with shove? 0)
L 12/24/2020 - 18:21:34: [l4d2_skill_detect.smx] Charge carry start: 6 - 10 -- time: 1228.63
L 12/24/2020 - 18:21:38: [l4d2_skill_detect.smx] Checking charge victim: 6 - 10 - flags: 1 (alive? 1)
L 12/24/2020 - 18:22:11: -------- Mapchange to c1m3_mall --------
L 12/24/2020 - 18:22:14: [basecommands.smx] "Console<0><Console><Console>" changed cvar (cvar "sv_force_time_of_day") (value "0")
L 12/24/2020 - 18:22:14: [basecommands.smx] "Console<0><Console><Console>" changed cvar (cvar "z_witch_damage_per_kill_hit") (value "120")
L 12/24/2020 - 18:22:14: [basecommands.smx] "Console<0><Console><Console>" changed cvar (cvar "z_witch_anger_rate") (value "0.4")
L 12/24/2020 - 18:22:14: [basecommands.smx] "Console<0><Console><Console>" changed cvar (cvar "z_witch_flashlight_range") (value "2000")
L 12/24/2020 - 18:22:14: [basecommands.smx] "Console<0><Console><Console>" changed cvar (cvar "z_witch_burn_time") (value "100")
L 12/24/2020 - 18:22:14: [basecommands.smx] "Console<0><Console><Console>" changed cvar (cvar "z_tank_health") (value "4000")
L 12/24/2020 - 18:22:14: [basecommands.smx] "Console<0><Console><Console>" changed cvar (cvar "z_ghost_delay_min") (value "15")
L 12/24/2020 - 18:22:14: [basecommands.smx] "Console<0><Console><Console>" changed cvar (cvar "z_ghost_delay_max") (value "15")
L 12/24/2020 - 18:22:14: [basecommands.smx] "Console<0><Console><Console>" changed cvar (cvar "z_hunter_limit") (value "1")
L 12/24/2020 - 18:22:14: [basecommands.smx] "Console<0><Console><Console>" changed cvar (cvar "z_smoker_limit") (value "1")
L 12/24/2020 - 18:22:14: [basecommands.smx] "Console<0><Console><Console>" changed cvar (cvar "z_jockey_limit") (value "1")
L 12/24/2020 - 18:22:14: [basecommands.smx] "Console<0><Console><Console>" changed cvar (cvar "versus_tank_chance_intro") (value "1")
L 12/24/2020 - 18:22:14: [basecommands.smx] "Console<0><Console><Console>" changed cvar (cvar "versus_tank_chance_finale") (value "1")
L 12/24/2020 - 18:22:14: [basecommands.smx] "Console<0><Console><Console>" changed cvar (cvar "versus_tank_chance") (value "1")
L 12/24/2020 - 18:22:14: [basecommands.smx] "Console<0><Console><Console>" changed cvar (cvar "versus_witch_chance_intro") (value "0")
L 12/24/2020 - 18:22:14: [basecommands.smx] "Console<0><Console><Console>" changed cvar (cvar "versus_witch_chance_finale") (value "0")
L 12/24/2020 - 18:22:14: [basecommands.smx] "Console<0><Console><Console>" changed cvar (cvar "versus_witch_chance") (value "1")
L 12/24/2020 - 18:22:14: [basecommands.smx] "Console<0><Console><Console>" changed cvar (cvar "director_force_tank") (value "1")
L 12/24/2020 - 18:22:14: [basecommands.smx] "Console<0><Console><Console>" changed cvar (cvar "versus_boss_flow_min") (value "0.4")
L 12/24/2020 - 18:22:14: [basecommands.smx] "Console<0><Console><Console>" changed cvar (cvar "versus_boss_flow_max") (value "0.6")
L 12/24/2020 - 18:22:14: [basecommands.smx] "Console<0><Console><Console>" changed cvar (cvar "versus_boss_flow_min_intro") (value "0.1")
L 12/24/2020 - 18:22:14: [basecommands.smx] "Console<0><Console><Console>" changed cvar (cvar "versus_boss_flow_max_intro") (value "0.2")
L 12/24/2020 - 18:22:14: [basecommands.smx] "Console<0><Console><Console>" changed cvar (cvar "versus_boss_flow_min_finale") (value "0.1")
L 12/24/2020 - 18:22:14: [basecommands.smx] "Console<0><Console><Console>" changed cvar (cvar "versus_boss_flow_max_finale") (value "0.2")
L 12/24/2020 - 18:22:14: [basecommands.smx] "Console<0><Console><Console>" changed cvar (cvar "boomer_vomit_delay") (value "0.1")
L 12/24/2020 - 18:22:14: [basecommands.smx] "Console<0><Console><Console>" changed cvar (cvar "smoker_tongue_delay") (value "0.1")
L 12/24/2020 - 18:22:14: [basecommands.smx] "Console<0><Console><Console>" changed cvar (cvar "vs_survival_bonus") (value "35")
L 12/24/2020 - 18:22:14: [basecommands.smx] "Console<0><Console><Console>" changed cvar (cvar "z_tank_throw_health") (value "10")
L 12/24/2020 - 18:22:14: [basecommands.smx] "Console<0><Console><Console>" changed cvar (cvar "sv_client_min_interp_ratio") (value "-1")
L 12/24/2020 - 18:22:14: [basecommands.smx] "Console<0><Console><Console>" changed cvar (cvar "sv_client_max_interp_ratio") (value "0")
L 12/24/2020 - 18:22:14: [basecommands.smx] "Console<0><Console><Console>" changed cvar (cvar "sv_minrate") (value "100000")
L 12/24/2020 - 18:22:14: [basecommands.smx] "Console<0><Console><Console>" changed cvar (cvar "sv_maxrate") (value "100000")
L 12/24/2020 - 18:22:14: [basecommands.smx] "Console<0><Console><Console>" changed cvar (cvar "sv_mincmdrate") (value "100")
L 12/24/2020 - 18:22:14: [basecommands.smx] "Console<0><Console><Console>" changed cvar (cvar "sv_maxcmdrate") (value "100")
L 12/24/2020 - 18:22:14: [basecommands.smx] "Console<0><Console><Console>" changed cvar (cvar "sv_minupdaterate") (value "100")
L 12/24/2020 - 18:22:14: [basecommands.smx] "Console<0><Console><Console>" changed cvar (cvar "sv_maxupdaterate") (value "100")
L 12/24/2020 - 18:22:14: [basecommands.smx] "Console<0><Console><Console>" changed cvar (cvar "nb_update_frequency") (value "0.014")
L 12/24/2020 - 18:22:14: [basecommands.smx] "Console<0><Console><Console>" changed cvar (cvar "net_splitpacket_maxrate") (value "50000")
L 12/24/2020 - 18:22:14: [basecommands.smx] "Console<0><Console><Console>" changed cvar (cvar "fps_max") (value "0")
L 12/24/2020 - 18:22:14: [basecommands.smx] "Console<0><Console><Console>" changed cvar (cvar "hostname") (value "Versus")
L 12/24/2020 - 18:24:22: [l4d2_skill_detect.smx] Clear: 9 freed 1 from 5: time: 2.45 / -1.00 -- class: hunter (with shove? 0)
L 12/24/2020 - 18:25:40: [l4d2_skill_detect.smx] Clear: 9 freed 1 from 4: time: 2.11 / -1.00 -- class: hunter (with shove? 0)
L 12/24/2020 - 18:26:30: [l4d2_skill_detect.smx] Clear: 1 freed 3 from 7: time: 3.66 / -1.00 -- class: hunter (with shove? 1)
L 12/24/2020 - 18:27:26: [l4d2_skill_detect.smx] Clear: 1 freed 9 from 6: time: -1.00 / 2.39 -- class: smoker (with shove? 0)
L 12/24/2020 - 18:28:05: [l4d2_skill_detect.smx] Charge carry start: 7 - 1 -- time: 349.00
L 12/24/2020 - 18:28:09: [l4d2_skill_detect.smx] Clear: 3 freed 1 from 7: time: 1.61 / 3.71 -- class: charger (with shove? 0)
L 12/24/2020 - 18:28:09: [l4d2_skill_detect.smx] Checking charge victim: 7 - 1 - flags: 1 (alive? 1)
L 12/24/2020 - 18:28:18: [l4d2_skill_detect.smx] Clear: 9 freed 2 from 10: time: 7.08 / -1.00 -- class: hunter (with shove? 0)
L 12/24/2020 - 18:28:33: [l4d2_skill_detect.smx] Clear: 9 freed 3 from 6: time: 8.36 / 10.82 -- class: smoker (with shove? 0)
L 12/24/2020 - 18:29:09: [l4d2_skill_detect.smx] Clear: 2 freed 9 from 10: time: 2.23 / -1.00 -- class: jockey (with shove? 0)
L 12/24/2020 - 18:32:19: [l4d2_skill_detect.smx] Clear: 8 freed 7 from 1: time: 2.20 / -1.00 -- class: hunter (with shove? 0)
L 12/24/2020 - 18:32:22: [l4d2_skill_detect.smx] Witch Crown Check: Failed: bungled: 1 / crowntype: 1 (entity: 269)
L 12/24/2020 - 18:32:22: [l4d2_skill_detect.smx] Witch Crown Check: Further details: attacker: REVOLUTION OF MADRID, attacker dmg: 584, teamless dmg: 16
L 12/24/2020 - 18:33:56: -------- Mapchange to c1m4_atrium --------
L 12/24/2020 - 18:33:58: [basecommands.smx] "Console<0><Console><Console>" changed cvar (cvar "sv_force_time_of_day") (value "0")
L 12/24/2020 - 18:33:58: [basecommands.smx] "Console<0><Console><Console>" changed cvar (cvar "z_witch_damage_per_kill_hit") (value "120")
L 12/24/2020 - 18:33:58: [basecommands.smx] "Console<0><Console><Console>" changed cvar (cvar "z_witch_anger_rate") (value "0.4")
L 12/24/2020 - 18:33:58: [basecommands.smx] "Console<0><Console><Console>" changed cvar (cvar "z_witch_flashlight_range") (value "2000")
L 12/24/2020 - 18:33:58: [basecommands.smx] "Console<0><Console><Console>" changed cvar (cvar "z_witch_burn_time") (value "100")
L 12/24/2020 - 18:33:58: [basecommands.smx] "Console<0><Console><Console>" changed cvar (cvar "z_tank_health") (value "4000")
L 12/24/2020 - 18:33:58: [basecommands.smx] "Console<0><Console><Console>" changed cvar (cvar "z_ghost_delay_min") (value "15")
L 12/24/2020 - 18:33:58: [basecommands.smx] "Console<0><Console><Console>" changed cvar (cvar "z_ghost_delay_max") (value "15")
L 12/24/2020 - 18:33:58: [basecommands.smx] "Console<0><Console><Console>" changed cvar (cvar "z_hunter_limit") (value "1")
L 12/24/2020 - 18:33:58: [basecommands.smx] "Console<0><Console><Console>" changed cvar (cvar "z_smoker_limit") (value "1")
L 12/24/2020 - 18:33:58: [basecommands.smx] "Console<0><Console><Console>" changed cvar (cvar "z_jockey_limit") (value "1")
L 12/24/2020 - 18:33:58: [basecommands.smx] "Console<0><Console><Console>" changed cvar (cvar "versus_tank_chance_intro") (value "1")
L 12/24/2020 - 18:33:58: [basecommands.smx] "Console<0><Console><Console>" changed cvar (cvar "versus_tank_chance_finale") (value "1")
L 12/24/2020 - 18:33:58: [basecommands.smx] "Console<0><Console><Console>" changed cvar (cvar "versus_tank_chance") (value "1")
L 12/24/2020 - 18:33:58: [basecommands.smx] "Console<0><Console><Console>" changed cvar (cvar "versus_witch_chance_intro") (value "0")
L 12/24/2020 - 18:33:58: [basecommands.smx] "Console<0><Console><Console>" changed cvar (cvar "versus_witch_chance_finale") (value "0")
L 12/24/2020 - 18:33:58: [basecommands.smx] "Console<0><Console><Console>" changed cvar (cvar "versus_witch_chance") (value "1")
L 12/24/2020 - 18:33:58: [basecommands.smx] "Console<0><Console><Console>" changed cvar (cvar "director_force_tank") (value "1")
L 12/24/2020 - 18:33:58: [basecommands.smx] "Console<0><Console><Console>" changed cvar (cvar "versus_boss_flow_min") (value "0.4")
L 12/24/2020 - 18:33:58: [basecommands.smx] "Console<0><Console><Console>" changed cvar (cvar "versus_boss_flow_max") (value "0.6")
L 12/24/2020 - 18:33:58: [basecommands.smx] "Console<0><Console><Console>" changed cvar (cvar "versus_boss_flow_min_intro") (value "0.1")
L 12/24/2020 - 18:33:58: [basecommands.smx] "Console<0><Console><Console>" changed cvar (cvar "versus_boss_flow_max_intro") (value "0.2")
L 12/24/2020 - 18:33:58: [basecommands.smx] "Console<0><Console><Console>" changed cvar (cvar "versus_boss_flow_min_finale") (value "0.1")
L 12/24/2020 - 18:33:58: [basecommands.smx] "Console<0><Console><Console>" changed cvar (cvar "versus_boss_flow_max_finale") (value "0.2")
L 12/24/2020 - 18:33:58: [basecommands.smx] "Console<0><Console><Console>" changed cvar (cvar "boomer_vomit_delay") (value "0.1")
L 12/24/2020 - 18:33:58: [basecommands.smx] "Console<0><Console><Console>" changed cvar (cvar "smoker_tongue_delay") (value "0.1")
L 12/24/2020 - 18:33:58: [basecommands.smx] "Console<0><Console><Console>" changed cvar (cvar "vs_survival_bonus") (value "35")
L 12/24/2020 - 18:33:58: [basecommands.smx] "Console<0><Console><Console>" changed cvar (cvar "z_tank_throw_health") (value "10")
L 12/24/2020 - 18:33:58: [basecommands.smx] "Console<0><Console><Console>" changed cvar (cvar "sv_client_min_interp_ratio") (value "-1")
L 12/24/2020 - 18:33:58: [basecommands.smx] "Console<0><Console><Console>" changed cvar (cvar "sv_client_max_interp_ratio") (value "0")
L 12/24/2020 - 18:33:58: [basecommands.smx] "Console<0><Console><Console>" changed cvar (cvar "sv_minrate") (value "100000")
L 12/24/2020 - 18:33:58: [basecommands.smx] "Console<0><Console><Console>" changed cvar (cvar "sv_maxrate") (value "100000")
L 12/24/2020 - 18:33:58: [basecommands.smx] "Console<0><Console><Console>" changed cvar (cvar "sv_mincmdrate") (value "100")
L 12/24/2020 - 18:33:58: [basecommands.smx] "Console<0><Console><Console>" changed cvar (cvar "sv_maxcmdrate") (value "100")
L 12/24/2020 - 18:33:58: [basecommands.smx] "Console<0><Console><Console>" changed cvar (cvar "sv_minupdaterate") (value "100")
L 12/24/2020 - 18:33:58: [basecommands.smx] "Console<0><Console><Console>" changed cvar (cvar "sv_maxupdaterate") (value "100")
L 12/24/2020 - 18:33:58: [basecommands.smx] "Console<0><Console><Console>" changed cvar (cvar "nb_update_frequency") (value "0.014")
L 12/24/2020 - 18:33:58: [basecommands.smx] "Console<0><Console><Console>" changed cvar (cvar "net_splitpacket_maxrate") (value "50000")
L 12/24/2020 - 18:33:58: [basecommands.smx] "Console<0><Console><Console>" changed cvar (cvar "fps_max") (value "0")
L 12/24/2020 - 18:33:58: [basecommands.smx] "Console<0><Console><Console>" changed cvar (cvar "hostname") (value "Versus")
L 12/24/2020 - 18:35:39: [l4d2_skill_detect.smx] Clear: 9 freed 3 from 7: time: 3.64 / -1.00 -- class: jockey (with shove? 0)
L 12/24/2020 - 18:37:22: [l4d2_skill_detect.smx] Clear: 9 freed 1 from 7: time: -1.00 / 0.19 -- class: smoker (with shove? 0)
L 12/24/2020 - 18:38:36: [playercommands.smx] "Peinate que viene Gente™<231><STEAM_1:1:522713982><>" renamed "✰Jony✰<273><STEAM_1:0:559759102><>" (to "noynoyo")
L 12/24/2020 - 18:39:10: [playercommands.smx] "Peinate que viene Gente™<231><STEAM_1:1:522713982><>" renamed "noynoyo<273><STEAM_1:0:559759102><>" (to "nonoo")
L 12/24/2020 - 18:39:22: [l4d2_skill_detect.smx] Charge carry start: 6 - 9 -- time: 322.75
L 12/24/2020 - 18:39:26: [l4d2_skill_detect.smx] Checking charge victim: 6 - 9 - flags: 1 (alive? 1)
L 12/24/2020 - 18:39:35: [l4d2_skill_detect.smx] Clear: 1 freed 9 from 6: time: 10.73 / 12.36 -- class: charger (with shove? 0)
L 12/24/2020 - 18:40:08: [l4d2_skill_detect.smx] Clear: 1 freed 4 from 2: time: 15.08 / -1.00 -- class: hunter (with shove? 0)
L 12/24/2020 - 18:41:01: [l4d2_skill_detect.smx] Charge carry start: 5 - 9 -- time: 422.01
L 12/24/2020 - 18:41:05: [l4d2_skill_detect.smx] Checking charge victim: 5 - 9 - flags: 1 (alive? 1)
L 12/24/2020 - 18:41:24: [l4d2_skill_detect.smx] Clear: 3 freed 1 from 7: time: 6.29 / 7.30 -- class: smoker (with shove? 0)
L 12/24/2020 - 18:41:44: [l4d2_skill_detect.smx] Clear: 3 freed 1 from 7: time: 1.11 / 2.91 -- class: smoker (with shove? 1)
L 12/24/2020 - 18:42:09: [funcommands.smx] "Peinate que viene Gente™<231><STEAM_1:1:522713982><>" ignited "Hans20<287><STEAM_1:1:506918789><>" (seconds "20.000000")
L 12/24/2020 - 18:43:03: [l4d2_skill_detect.smx] Clear: 4 freed 10 from 9: time: 1.51 / -1.00 -- class: hunter (with shove? 1)
L 12/24/2020 - 18:43:16: [funcommands.smx] "Peinate que viene Gente™<231><STEAM_1:1:522713982><>" drugged "♛ Rain ♛<2><STEAM_1:0:162762726><>"
L 12/24/2020 - 18:43:29: [l4d2_skill_detect.smx] Charge carry start: 9 - 10 -- time: 569.01
L 12/24/2020 - 18:43:32: [l4d2_skill_detect.smx] Checking charge victim: 9 - 7 - flags: 0 (alive? 1)
L 12/24/2020 - 18:43:32: [l4d2_skill_detect.smx] Checking charge victim: 9 - 10 - flags: 1 (alive? 1)
L 12/24/2020 - 18:43:32: [l4d2_skill_detect.smx] Checking charge victim: 9 - 4 - flags: 0 (alive? 1)
L 12/24/2020 - 18:43:43: [funcommands.smx] "Peinate que viene Gente™<231><STEAM_1:1:522713982><>" drugged "Nick<295><BOT><>"
L 12/24/2020 - 18:43:44: [funcommands.smx] "Peinate que viene Gente™<231><STEAM_1:1:522713982><>" drugged "マヌエ版オタ<195><STEAM_1:0:524361679><>"
L 12/24/2020 - 18:43:45: [funcommands.smx] "Peinate que viene Gente™<231><STEAM_1:1:522713982><>" drugged "mi pana miguel xd<285><STEAM_1:1:550446191><>"
L 12/24/2020 - 18:43:46: [funcommands.smx] "Peinate que viene Gente™<231><STEAM_1:1:522713982><>" drugged "Peinate que viene Gente™<231><STEAM_1:1:522713982><>"
L 12/24/2020 - 18:43:46: [funcommands.smx] "Peinate que viene Gente™<231><STEAM_1:1:522713982><>" drugged "Rochelle<296><BOT><>"
L 12/24/2020 - 18:44:01: -------- Mapchange to c5m1_waterfront --------
L 12/24/2020 - 18:44:02: [basecommands.smx] "Console<0><Console><Console>" changed cvar (cvar "sv_force_time_of_day") (value "0")
L 12/24/2020 - 18:44:02: [basecommands.smx] "Console<0><Console><Console>" changed cvar (cvar "z_witch_damage_per_kill_hit") (value "120")
L 12/24/2020 - 18:44:02: [basecommands.smx] "Console<0><Console><Console>" changed cvar (cvar "z_witch_anger_rate") (value "0.4")
L 12/24/2020 - 18:44:02: [basecommands.smx] "Console<0><Console><Console>" changed cvar (cvar "z_witch_flashlight_range") (value "2000")
L 12/24/2020 - 18:44:02: [basecommands.smx] "Console<0><Console><Console>" changed cvar (cvar "z_witch_burn_time") (value "100")
L 12/24/2020 - 18:44:02: [basecommands.smx] "Console<0><Console><Console>" changed cvar (cvar "z_tank_health") (value "4000")
L 12/24/2020 - 18:44:02: [basecommands.smx] "Console<0><Console><Console>" changed cvar (cvar "z_ghost_delay_min") (value "15")
L 12/24/2020 - 18:44:02: [basecommands.smx] "Console<0><Console><Console>" changed cvar (cvar "z_ghost_delay_max") (value "15")
L 12/24/2020 - 18:44:02: [basecommands.smx] "Console<0><Console><Console>" changed cvar (cvar "z_hunter_limit") (value "1")
L 12/24/2020 - 18:44:02: [basecommands.smx] "Console<0><Console><Console>" changed cvar (cvar "z_smoker_limit") (value "1")
L 12/24/2020 - 18:44:02: [basecommands.smx] "Console<0><Console><Console>" changed cvar (cvar "z_jockey_limit") (value "1")
L 12/24/2020 - 18:44:02: [basecommands.smx] "Console<0><Console><Console>" changed cvar (cvar "versus_tank_chance_intro") (value "1")
L 12/24/2020 - 18:44:02: [basecommands.smx] "Console<0><Console><Console>" changed cvar (cvar "versus_tank_chance_finale") (value "1")
L 12/24/2020 - 18:44:02: [basecommands.smx] "Console<0><Console><Console>" changed cvar (cvar "versus_tank_chance") (value "1")
L 12/24/2020 - 18:44:02: [basecommands.smx] "Console<0><Console><Console>" changed cvar (cvar "versus_witch_chance_intro") (value "0")
L 12/24/2020 - 18:44:02: [basecommands.smx] "Console<0><Console><Console>" changed cvar (cvar "versus_witch_chance_finale") (value "0")
L 12/24/2020 - 18:44:02: [basecommands.smx] "Console<0><Console><Console>" changed cvar (cvar "versus_witch_chance") (value "1")
L 12/24/2020 - 18:44:02: [basecommands.smx] "Console<0><Console><Console>" changed cvar (cvar "director_force_tank") (value "1")
L 12/24/2020 - 18:44:02: [basecommands.smx] "Console<0><Console><Console>" changed cvar (cvar "versus_boss_flow_min") (value "0.4")
L 12/24/2020 - 18:44:02: [basecommands.smx] "Console<0><Console><Console>" changed cvar (cvar "versus_boss_flow_max") (value "0.6")
L 12/24/2020 - 18:44:02: [basecommands.smx] "Console<0><Console><Console>" changed cvar (cvar "versus_boss_flow_min_intro") (value "0.1")
L 12/24/2020 - 18:44:02: [basecommands.smx] "Console<0><Console><Console>" changed cvar (cvar "versus_boss_flow_max_intro") (value "0.2")
L 12/24/2020 - 18:44:02: [basecommands.smx] "Console<0><Console><Console>" changed cvar (cvar "versus_boss_flow_min_finale") (value "0.1")
L 12/24/2020 - 18:44:02: [basecommands.smx] "Console<0><Console><Console>" changed cvar (cvar "versus_boss_flow_max_finale") (value "0.2")
L 12/24/2020 - 18:44:02: [basecommands.smx] "Console<0><Console><Console>" changed cvar (cvar "boomer_vomit_delay") (value "0.1")
L 12/24/2020 - 18:44:02: [basecommands.smx] "Console<0><Console><Console>" changed cvar (cvar "smoker_tongue_delay") (value "0.1")
L 12/24/2020 - 18:44:02: [basecommands.smx] "Console<0><Console><Console>" changed cvar (cvar "vs_survival_bonus") (value "35")
L 12/24/2020 - 18:44:02: [basecommands.smx] "Console<0><Console><Console>" changed cvar (cvar "z_tank_throw_health") (value "10")
L 12/24/2020 - 18:44:02: [basecommands.smx] "Console<0><Console><Console>" changed cvar (cvar "sv_client_min_interp_ratio") (value "-1")
L 12/24/2020 - 18:44:02: [basecommands.smx] "Console<0><Console><Console>" changed cvar (cvar "sv_client_max_interp_ratio") (value "0")
L 12/24/2020 - 18:44:02: [basecommands.smx] "Console<0><Console><Console>" changed cvar (cvar "sv_minrate") (value "100000")
L 12/24/2020 - 18:44:02: [basecommands.smx] "Console<0><Console><Console>" changed cvar (cvar "sv_maxrate") (value "100000")
L 12/24/2020 - 18:44:02: [basecommands.smx] "Console<0><Console><Console>" changed cvar (cvar "sv_mincmdrate") (value "100")
L 12/24/2020 - 18:44:02: [basecommands.smx] "Console<0><Console><Console>" changed cvar (cvar "sv_maxcmdrate") (value "100")
L 12/24/2020 - 18:44:02: [basecommands.smx] "Console<0><Console><Console>" changed cvar (cvar "sv_minupdaterate") (value "100")
L 12/24/2020 - 18:44:02: [basecommands.smx] "Console<0><Console><Console>" changed cvar (cvar "sv_maxupdaterate") (value "100")
L 12/24/2020 - 18:44:02: [basecommands.smx] "Console<0><Console><Console>" changed cvar (cvar "nb_update_frequency") (value "0.014")
L 12/24/2020 - 18:44:02: [basecommands.smx] "Console<0><Console><Console>" changed cvar (cvar "net_splitpacket_maxrate") (value "50000")
L 12/24/2020 - 18:44:02: [basecommands.smx] "Console<0><Console><Console>" changed cvar (cvar "fps_max") (value "0")
L 12/24/2020 - 18:44:02: [basecommands.smx] "Console<0><Console><Console>" changed cvar (cvar "hostname") (value "Versus")
L 12/24/2020 - 18:44:06: Log file closed.
