L 08/16/2021 - 16:07:27: SourceMod log file session started (file "D:\Steam\steamapps\common\Left 4 Dead 2\left4dead2\addons\sourcemod\logs\L20210816.log") (Version "1.10.0.6492")
L 08/16/2021 - 16:07:27: [simplewelcomemsg.smx] Set the maximum number of lines of.
L 08/16/2021 - 16:07:36: [basecommands.smx] "Console<0><Console><Console>" changed cvar (cvar "sv_force_time_of_day") (value "0")
L 08/16/2021 - 16:07:36: [basecommands.smx] "Console<0><Console><Console>" changed cvar (cvar "z_witch_damage_per_kill_hit") (value "120")
L 08/16/2021 - 16:07:36: [basecommands.smx] "Console<0><Console><Console>" changed cvar (cvar "z_witch_anger_rate") (value "0.4")
L 08/16/2021 - 16:07:36: [basecommands.smx] "Console<0><Console><Console>" changed cvar (cvar "z_witch_flashlight_range") (value "2000")
L 08/16/2021 - 16:07:36: [basecommands.smx] "Console<0><Console><Console>" changed cvar (cvar "z_witch_burn_time") (value "100")
L 08/16/2021 - 16:07:36: [basecommands.smx] "Console<0><Console><Console>" changed cvar (cvar "z_tank_health") (value "4000")
L 08/16/2021 - 16:07:36: [basecommands.smx] "Console<0><Console><Console>" changed cvar (cvar "z_ghost_delay_min") (value "15")
L 08/16/2021 - 16:07:36: [basecommands.smx] "Console<0><Console><Console>" changed cvar (cvar "z_ghost_delay_max") (value "15")
L 08/16/2021 - 16:07:36: [basecommands.smx] "Console<0><Console><Console>" changed cvar (cvar "z_hunter_limit") (value "1")
L 08/16/2021 - 16:07:36: [basecommands.smx] "Console<0><Console><Console>" changed cvar (cvar "z_smoker_limit") (value "1")
L 08/16/2021 - 16:07:36: [basecommands.smx] "Console<0><Console><Console>" changed cvar (cvar "z_jockey_limit") (value "1")
L 08/16/2021 - 16:07:36: [basecommands.smx] "Console<0><Console><Console>" changed cvar (cvar "versus_tank_chance_intro") (value "1")
L 08/16/2021 - 16:07:36: [basecommands.smx] "Console<0><Console><Console>" changed cvar (cvar "versus_tank_chance_finale") (value "1")
L 08/16/2021 - 16:07:36: [basecommands.smx] "Console<0><Console><Console>" changed cvar (cvar "versus_tank_chance") (value "1")
L 08/16/2021 - 16:07:36: [basecommands.smx] "Console<0><Console><Console>" changed cvar (cvar "versus_witch_chance_intro") (value "0")
L 08/16/2021 - 16:07:36: [basecommands.smx] "Console<0><Console><Console>" changed cvar (cvar "versus_witch_chance_finale") (value "0")
L 08/16/2021 - 16:07:36: [basecommands.smx] "Console<0><Console><Console>" changed cvar (cvar "versus_witch_chance") (value "1")
L 08/16/2021 - 16:07:36: [basecommands.smx] "Console<0><Console><Console>" changed cvar (cvar "director_force_tank") (value "1")
L 08/16/2021 - 16:07:36: [basecommands.smx] "Console<0><Console><Console>" changed cvar (cvar "versus_boss_flow_min") (value "0.4")
L 08/16/2021 - 16:07:36: [basecommands.smx] "Console<0><Console><Console>" changed cvar (cvar "versus_boss_flow_max") (value "0.6")
L 08/16/2021 - 16:07:36: [basecommands.smx] "Console<0><Console><Console>" changed cvar (cvar "versus_boss_flow_min_intro") (value "0.1")
L 08/16/2021 - 16:07:36: [basecommands.smx] "Console<0><Console><Console>" changed cvar (cvar "versus_boss_flow_max_intro") (value "0.2")
L 08/16/2021 - 16:07:36: [basecommands.smx] "Console<0><Console><Console>" changed cvar (cvar "versus_boss_flow_min_finale") (value "0.1")
L 08/16/2021 - 16:07:36: [basecommands.smx] "Console<0><Console><Console>" changed cvar (cvar "versus_boss_flow_max_finale") (value "0.2")
L 08/16/2021 - 16:07:36: [basecommands.smx] "Console<0><Console><Console>" changed cvar (cvar "boomer_vomit_delay") (value "0.1")
L 08/16/2021 - 16:07:36: [basecommands.smx] "Console<0><Console><Console>" changed cvar (cvar "smoker_tongue_delay") (value "0.1")
L 08/16/2021 - 16:07:36: [basecommands.smx] "Console<0><Console><Console>" changed cvar (cvar "vs_survival_bonus") (value "35")
L 08/16/2021 - 16:07:36: [basecommands.smx] "Console<0><Console><Console>" changed cvar (cvar "z_tank_throw_health") (value "10")
L 08/16/2021 - 16:07:36: [basecommands.smx] "Console<0><Console><Console>" changed cvar (cvar "sv_client_min_interp_ratio") (value "-1")
L 08/16/2021 - 16:07:36: [basecommands.smx] "Console<0><Console><Console>" changed cvar (cvar "sv_client_max_interp_ratio") (value "0")
L 08/16/2021 - 16:07:36: [basecommands.smx] "Console<0><Console><Console>" changed cvar (cvar "sv_minrate") (value "100000")
L 08/16/2021 - 16:07:36: [basecommands.smx] "Console<0><Console><Console>" changed cvar (cvar "sv_maxrate") (value "100000")
L 08/16/2021 - 16:07:36: [basecommands.smx] "Console<0><Console><Console>" changed cvar (cvar "sv_mincmdrate") (value "100")
L 08/16/2021 - 16:07:36: [basecommands.smx] "Console<0><Console><Console>" changed cvar (cvar "sv_maxcmdrate") (value "100")
L 08/16/2021 - 16:07:36: [basecommands.smx] "Console<0><Console><Console>" changed cvar (cvar "sv_minupdaterate") (value "100")
L 08/16/2021 - 16:07:36: [basecommands.smx] "Console<0><Console><Console>" changed cvar (cvar "sv_maxupdaterate") (value "100")
L 08/16/2021 - 16:07:36: [basecommands.smx] "Console<0><Console><Console>" changed cvar (cvar "nb_update_frequency") (value "0.014")
L 08/16/2021 - 16:07:36: [basecommands.smx] "Console<0><Console><Console>" changed cvar (cvar "net_splitpacket_maxrate") (value "50000")
L 08/16/2021 - 16:07:36: [basecommands.smx] "Console<0><Console><Console>" changed cvar (cvar "fps_max") (value "0")
L 08/16/2021 - 16:07:36: [basecommands.smx] "Console<0><Console><Console>" changed cvar (cvar "hostname") (value "Versus")
L 08/16/2021 - 16:08:55: [l4d2_skill_detect.smx] Charge carry start: 8 - 5 -- time: 110.32
L 08/16/2021 - 16:08:59: [l4d2_skill_detect.smx] Checking charge victim: 8 - 5 - flags: 1 (alive? 1)
L 08/16/2021 - 16:09:02: [l4d2_skill_detect.smx] Clear: 1 freed 5 from 9: time: 0.90 / -1.00 -- class: hunter (with shove? 0)
L 08/16/2021 - 16:10:29: [admin_hp.smx]  
L 08/16/2021 - 16:12:48: [l4d2_skill_detect.smx] Clear: 6 freed 1 from 8: time: 2.57 / -1.00 -- class: jockey (with shove? 0)
L 08/16/2021 - 16:14:51: [l4d2_skill_detect.smx] Clear: 6 freed 3 from 1: time: 1.61 / -1.00 -- class: jockey (with shove? 1)
L 08/16/2021 - 16:14:56: [l4d2_skill_detect.smx] Charge carry start: 4 - 7 -- time: 470.54
L 08/16/2021 - 16:14:56: [l4d2_skill_detect.smx] Clear: 6 freed 7 from 4: time: 0.00 / 0.14 -- class: charger (with shove? 0)
L 08/16/2021 - 16:14:58: [l4d2_skill_detect.smx] Checking charge victim: 4 - 7 - flags: 1 (alive? 1)
L 08/16/2021 - 16:15:36: [l4d2_skill_detect.smx] Charge carry start: 2 - 9 -- time: 511.06
L 08/16/2021 - 16:15:40: [l4d2_skill_detect.smx] Checking charge victim: 2 - 9 - flags: 1 (alive? 1)
L 08/16/2021 - 16:15:40: [l4d2_skill_detect.smx] Clear: 5 freed 9 from 2: time: 2.45 / 3.91 -- class: charger (with shove? 0)
L 08/16/2021 - 16:16:47: [l4d2_skill_detect.smx] Clear: 6 freed 9 from 1: time: -1.00 / 2.36 -- class: smoker (with shove? 0)
L 08/16/2021 - 16:17:02: [l4d2_skill_detect.smx] Clear: 6 freed 3 from 2: time: 1.21 / -1.00 -- class: hunter (with shove? 0)
L 08/16/2021 - 16:17:18: [l4d2_skill_detect.smx] Clear: 6 freed 5 from 1: time: 2.16 / -1.00 -- class: jockey (with shove? 0)
L 08/16/2021 - 16:17:47: [l4d2_skill_detect.smx] Clear: 5 freed 9 from 4: time: 3.22 / -1.00 -- class: hunter (with shove? 0)
L 08/16/2021 - 16:17:54: [l4d2_skill_detect.smx] Charge carry start: 7 - 5 -- time: 649.52
L 08/16/2021 - 16:17:56: [l4d2_skill_detect.smx] Clear: 9 freed 5 from 7: time: 0.23 / 1.38 -- class: charger (with shove? 0)
L 08/16/2021 - 16:17:58: [l4d2_skill_detect.smx] Checking charge victim: 7 - 5 - flags: 1 (alive? 1)
L 08/16/2021 - 16:18:13: [l4d2_skill_detect.smx] Clear: 6 freed 9 from 4: time: 1.75 / -1.00 -- class: jockey (with shove? 0)
L 08/16/2021 - 16:19:05: [l4d2_skill_detect.smx] Clear: 5 freed 3 from 1: time: 1.38 / -1.00 -- class: hunter (with shove? 0)
L 08/16/2021 - 16:19:22: [l4d2_skill_detect.smx] Witch Crown Check: Failed: bungled: 0 / crowntype: 0 (entity: 977)
L 08/16/2021 - 16:19:22: [l4d2_skill_detect.smx] Witch Crown Check: Further details: attacker: LoneWolf, attacker dmg: 188, teamless dmg: 12
L 08/16/2021 - 16:19:33: [l4d2_skill_detect.smx] Charge carry start: 1 - 5 -- time: 747.54
L 08/16/2021 - 16:19:37: [l4d2_skill_detect.smx] Checking charge victim: 1 - 5 - flags: 1 (alive? 1)
L 08/16/2021 - 16:19:39: [l4d2_skill_detect.smx] Clear: 6 freed 5 from 1: time: 4.19 / 6.00 -- class: charger (with shove? 0)
L 08/16/2021 - 16:20:02: [l4d2_skill_detect.smx] Clear: 6 freed 5 from 4: time: 1.57 / -1.00 -- class: hunter (with shove? 1)
L 08/16/2021 - 16:20:30: [l4d2_skill_detect.smx] Clear: 3 freed 5 from 4: time: 2.19 / 5.43 -- class: smoker (with shove? 1)
L 08/16/2021 - 16:20:40: [basecommands.smx] "♛ Rain Live ♛<2><STEAM_1:0:162762726><>" changed cvar (cvar "vs_max_team_switches") (value "5")
L 08/16/2021 - 16:21:30: [basecommands.smx] "♛ Rain Live ♛<2><STEAM_1:0:162762726><>" changed cvar (cvar "vs_max_team_switches") (value "0")
L 08/16/2021 - 16:21:33: [basecommands.smx] "♛ Rain Live ♛<2><STEAM_1:0:162762726><>" changed cvar (cvar "vs_max_team_switches") (value "5")
L 08/16/2021 - 16:21:40: [basecommands.smx] "♛ Rain Live ♛<2><STEAM_1:0:162762726><>" changed cvar (cvar "vs_max_team_switches") (value "0")
L 08/16/2021 - 16:21:44: [basecommands.smx] "♛ Rain Live ♛<2><STEAM_1:0:162762726><>" changed cvar (cvar "vs_max_team_switches") (value "5")
L 08/16/2021 - 16:21:48: [basecommands.smx] "♛ Rain Live ♛<2><STEAM_1:0:162762726><>" changed cvar (cvar "vs_max_team_switches") (value "0")
L 08/16/2021 - 16:22:02: [basecommands.smx] "♛ Rain Live ♛<2><STEAM_1:0:162762726><>" changed cvar (cvar "vs_max_team_switches") (value "5")
L 08/16/2021 - 16:22:26: [basecommands.smx] "♛ Rain Live ♛<2><STEAM_1:0:162762726><>" changed cvar (cvar "vs_max_team_switches") (value "0")
L 08/16/2021 - 16:23:11: [l4d2_skill_detect.smx] Clear: 4 freed 9 from 1: time: 2.07 / -1.00 -- class: jockey (with shove? 0)
L 08/16/2021 - 16:23:21: [l4d2_skill_detect.smx] Clear: 2 freed 6 from 7: time: 1.16 / -1.00 -- class: hunter (with shove? 0)
L 08/16/2021 - 16:24:27: [l4d2_skill_detect.smx] Clear: 2 freed 9 from 3: time: 1.10 / -1.00 -- class: jockey (with shove? 1)
L 08/16/2021 - 16:24:58: [l4d2_skill_detect.smx] Clear: 4 freed 6 from 1: time: 0.96 / -1.00 -- class: jockey (with shove? 1)
L 08/16/2021 - 16:25:03: [l4d2_skill_detect.smx] Clear: 4 freed 2 from 3: time: 0.65 / -1.00 -- class: hunter (with shove? 0)
L 08/16/2021 - 16:25:09: [l4d2_skill_detect.smx] Clear: 4 freed 6 from 7: time: -1.00 / 1.59 -- class: smoker (with shove? 1)
L 08/16/2021 - 16:25:34: [l4d2_skill_detect.smx] Clear: 2 freed 4 from 5: time: 1.90 / -1.00 -- class: hunter (with shove? 0)
L 08/16/2021 - 16:25:39: [l4d2_skill_detect.smx] Witch Crown Check: crown shot: 976, harrassed: 0 (full health: 1000 / drawthresh: 500 / oneshot 1)
L 08/16/2021 - 16:25:52: [l4d2_skill_detect.smx] Charge carry start: 3 - 9 -- time: 1126.67
L 08/16/2021 - 16:25:54: [l4d2_skill_detect.smx] Clear: 2 freed 9 from 3: time: 1.64 / 2.39 -- class: charger (with shove? 0)
L 08/16/2021 - 16:25:55: [l4d2_skill_detect.smx] Checking charge victim: 3 - 9 - flags: 1 (alive? 1)
L 08/16/2021 - 16:26:00: [l4d2_skill_detect.smx] Clear: 2 freed 4 from 1: time: 1.27 / 4.92 -- class: smoker (with shove? 1)
L 08/16/2021 - 16:26:32: [l4d2_skill_detect.smx] Clear: 4 freed 2 from 1: time: 1.29 / -1.00 -- class: hunter (with shove? 0)
L 08/16/2021 - 16:27:12: [l4d2_skill_detect.smx] Charge carry start: 1 - 4 -- time: 1207.25
L 08/16/2021 - 16:27:16: [l4d2_skill_detect.smx] Checking charge victim: 1 - 4 - flags: 1 (alive? 1)
L 08/16/2021 - 16:27:16: [l4d2_skill_detect.smx] Clear: 6 freed 4 from 1: time: 2.02 / 3.55 -- class: charger (with shove? 0)
L 08/16/2021 - 16:27:20: [l4d2_skill_detect.smx] Clear: 4 freed 9 from 7: time: -1.00 / 1.48 -- class: smoker (with shove? 1)
L 08/16/2021 - 16:27:26: [l4d2_skill_detect.smx] Clear: 4 freed 6 from 3: time: 1.29 / -1.00 -- class: jockey (with shove? 0)
L 08/16/2021 - 16:27:45: [l4d2_skill_detect.smx] Clear: 2 freed 9 from 5: time: 3.67 / -1.00 -- class: hunter (with shove? 0)
L 08/16/2021 - 16:27:46: [l4d2_skill_detect.smx] Clear: 6 freed 4 from 7: time: -1.00 / 0.63 -- class: smoker (with shove? 0)
L 08/16/2021 - 16:28:00: [l4d2_skill_detect.smx] Clear: 2 freed 6 from 7: time: 0.91 / 0.92 -- class: smoker (with shove? 1)
L 08/16/2021 - 16:28:52: [l4d2_skill_detect.smx] Clear: 6 freed 4 from 3: time: 1.35 / 5.88 -- class: smoker (with shove? 0)
L 08/16/2021 - 16:28:54: [l4d2_skill_detect.smx] Clear: 9 freed 6 from 1: time: 2.23 / -1.00 -- class: jockey (with shove? 1)
L 08/16/2021 - 16:29:21: [l4d2_skill_detect.smx] Charge carry start: 5 - 4 -- time: 1336.27
L 08/16/2021 - 16:29:25: [l4d2_skill_detect.smx] Checking charge victim: 5 - 4 - flags: 1 (alive? 1)
L 08/16/2021 - 16:29:53: -------- Mapchange to c2m2_fairgrounds --------
L 08/16/2021 - 16:29:55: [basecommands.smx] "Console<0><Console><Console>" changed cvar (cvar "sv_force_time_of_day") (value "0")
L 08/16/2021 - 16:29:55: [basecommands.smx] "Console<0><Console><Console>" changed cvar (cvar "z_witch_damage_per_kill_hit") (value "120")
L 08/16/2021 - 16:29:55: [basecommands.smx] "Console<0><Console><Console>" changed cvar (cvar "z_witch_anger_rate") (value "0.4")
L 08/16/2021 - 16:29:55: [basecommands.smx] "Console<0><Console><Console>" changed cvar (cvar "z_witch_flashlight_range") (value "2000")
L 08/16/2021 - 16:29:55: [basecommands.smx] "Console<0><Console><Console>" changed cvar (cvar "z_witch_burn_time") (value "100")
L 08/16/2021 - 16:29:55: [basecommands.smx] "Console<0><Console><Console>" changed cvar (cvar "z_tank_health") (value "4000")
L 08/16/2021 - 16:29:55: [basecommands.smx] "Console<0><Console><Console>" changed cvar (cvar "z_ghost_delay_min") (value "15")
L 08/16/2021 - 16:29:55: [basecommands.smx] "Console<0><Console><Console>" changed cvar (cvar "z_ghost_delay_max") (value "15")
L 08/16/2021 - 16:29:55: [basecommands.smx] "Console<0><Console><Console>" changed cvar (cvar "z_hunter_limit") (value "1")
L 08/16/2021 - 16:29:55: [basecommands.smx] "Console<0><Console><Console>" changed cvar (cvar "z_smoker_limit") (value "1")
L 08/16/2021 - 16:29:55: [basecommands.smx] "Console<0><Console><Console>" changed cvar (cvar "z_jockey_limit") (value "1")
L 08/16/2021 - 16:29:55: [basecommands.smx] "Console<0><Console><Console>" changed cvar (cvar "versus_tank_chance_intro") (value "1")
L 08/16/2021 - 16:29:55: [basecommands.smx] "Console<0><Console><Console>" changed cvar (cvar "versus_tank_chance_finale") (value "1")
L 08/16/2021 - 16:29:55: [basecommands.smx] "Console<0><Console><Console>" changed cvar (cvar "versus_tank_chance") (value "1")
L 08/16/2021 - 16:29:55: [basecommands.smx] "Console<0><Console><Console>" changed cvar (cvar "versus_witch_chance_intro") (value "0")
L 08/16/2021 - 16:29:55: [basecommands.smx] "Console<0><Console><Console>" changed cvar (cvar "versus_witch_chance_finale") (value "0")
L 08/16/2021 - 16:29:55: [basecommands.smx] "Console<0><Console><Console>" changed cvar (cvar "versus_witch_chance") (value "1")
L 08/16/2021 - 16:29:55: [basecommands.smx] "Console<0><Console><Console>" changed cvar (cvar "director_force_tank") (value "1")
L 08/16/2021 - 16:29:55: [basecommands.smx] "Console<0><Console><Console>" changed cvar (cvar "versus_boss_flow_min") (value "0.4")
L 08/16/2021 - 16:29:55: [basecommands.smx] "Console<0><Console><Console>" changed cvar (cvar "versus_boss_flow_max") (value "0.6")
L 08/16/2021 - 16:29:55: [basecommands.smx] "Console<0><Console><Console>" changed cvar (cvar "versus_boss_flow_min_intro") (value "0.1")
L 08/16/2021 - 16:29:55: [basecommands.smx] "Console<0><Console><Console>" changed cvar (cvar "versus_boss_flow_max_intro") (value "0.2")
L 08/16/2021 - 16:29:55: [basecommands.smx] "Console<0><Console><Console>" changed cvar (cvar "versus_boss_flow_min_finale") (value "0.1")
L 08/16/2021 - 16:29:55: [basecommands.smx] "Console<0><Console><Console>" changed cvar (cvar "versus_boss_flow_max_finale") (value "0.2")
L 08/16/2021 - 16:29:55: [basecommands.smx] "Console<0><Console><Console>" changed cvar (cvar "boomer_vomit_delay") (value "0.1")
L 08/16/2021 - 16:29:55: [basecommands.smx] "Console<0><Console><Console>" changed cvar (cvar "smoker_tongue_delay") (value "0.1")
L 08/16/2021 - 16:29:55: [basecommands.smx] "Console<0><Console><Console>" changed cvar (cvar "vs_survival_bonus") (value "35")
L 08/16/2021 - 16:29:55: [basecommands.smx] "Console<0><Console><Console>" changed cvar (cvar "z_tank_throw_health") (value "10")
L 08/16/2021 - 16:29:55: [basecommands.smx] "Console<0><Console><Console>" changed cvar (cvar "sv_client_min_interp_ratio") (value "-1")
L 08/16/2021 - 16:29:55: [basecommands.smx] "Console<0><Console><Console>" changed cvar (cvar "sv_client_max_interp_ratio") (value "0")
L 08/16/2021 - 16:29:55: [basecommands.smx] "Console<0><Console><Console>" changed cvar (cvar "sv_minrate") (value "100000")
L 08/16/2021 - 16:29:55: [basecommands.smx] "Console<0><Console><Console>" changed cvar (cvar "sv_maxrate") (value "100000")
L 08/16/2021 - 16:29:55: [basecommands.smx] "Console<0><Console><Console>" changed cvar (cvar "sv_mincmdrate") (value "100")
L 08/16/2021 - 16:29:55: [basecommands.smx] "Console<0><Console><Console>" changed cvar (cvar "sv_maxcmdrate") (value "100")
L 08/16/2021 - 16:29:55: [basecommands.smx] "Console<0><Console><Console>" changed cvar (cvar "sv_minupdaterate") (value "100")
L 08/16/2021 - 16:29:55: [basecommands.smx] "Console<0><Console><Console>" changed cvar (cvar "sv_maxupdaterate") (value "100")
L 08/16/2021 - 16:29:55: [basecommands.smx] "Console<0><Console><Console>" changed cvar (cvar "nb_update_frequency") (value "0.014")
L 08/16/2021 - 16:29:55: [basecommands.smx] "Console<0><Console><Console>" changed cvar (cvar "net_splitpacket_maxrate") (value "50000")
L 08/16/2021 - 16:29:55: [basecommands.smx] "Console<0><Console><Console>" changed cvar (cvar "fps_max") (value "0")
L 08/16/2021 - 16:29:55: [basecommands.smx] "Console<0><Console><Console>" changed cvar (cvar "hostname") (value "Versus")
L 08/16/2021 - 16:31:18: -------- Mapchange to c2m1_highway --------
L 08/16/2021 - 16:31:20: [basecommands.smx] "Console<0><Console><Console>" changed cvar (cvar "sv_force_time_of_day") (value "0")
L 08/16/2021 - 16:31:20: [basecommands.smx] "Console<0><Console><Console>" changed cvar (cvar "z_witch_damage_per_kill_hit") (value "120")
L 08/16/2021 - 16:31:20: [basecommands.smx] "Console<0><Console><Console>" changed cvar (cvar "z_witch_anger_rate") (value "0.4")
L 08/16/2021 - 16:31:20: [basecommands.smx] "Console<0><Console><Console>" changed cvar (cvar "z_witch_flashlight_range") (value "2000")
L 08/16/2021 - 16:31:20: [basecommands.smx] "Console<0><Console><Console>" changed cvar (cvar "z_witch_burn_time") (value "100")
L 08/16/2021 - 16:31:20: [basecommands.smx] "Console<0><Console><Console>" changed cvar (cvar "z_tank_health") (value "4000")
L 08/16/2021 - 16:31:20: [basecommands.smx] "Console<0><Console><Console>" changed cvar (cvar "z_ghost_delay_min") (value "15")
L 08/16/2021 - 16:31:20: [basecommands.smx] "Console<0><Console><Console>" changed cvar (cvar "z_ghost_delay_max") (value "15")
L 08/16/2021 - 16:31:20: [basecommands.smx] "Console<0><Console><Console>" changed cvar (cvar "z_hunter_limit") (value "1")
L 08/16/2021 - 16:31:20: [basecommands.smx] "Console<0><Console><Console>" changed cvar (cvar "z_smoker_limit") (value "1")
L 08/16/2021 - 16:31:20: [basecommands.smx] "Console<0><Console><Console>" changed cvar (cvar "z_jockey_limit") (value "1")
L 08/16/2021 - 16:31:20: [basecommands.smx] "Console<0><Console><Console>" changed cvar (cvar "versus_tank_chance_intro") (value "1")
L 08/16/2021 - 16:31:20: [basecommands.smx] "Console<0><Console><Console>" changed cvar (cvar "versus_tank_chance_finale") (value "1")
L 08/16/2021 - 16:31:20: [basecommands.smx] "Console<0><Console><Console>" changed cvar (cvar "versus_tank_chance") (value "1")
L 08/16/2021 - 16:31:20: [basecommands.smx] "Console<0><Console><Console>" changed cvar (cvar "versus_witch_chance_intro") (value "0")
L 08/16/2021 - 16:31:20: [basecommands.smx] "Console<0><Console><Console>" changed cvar (cvar "versus_witch_chance_finale") (value "0")
L 08/16/2021 - 16:31:20: [basecommands.smx] "Console<0><Console><Console>" changed cvar (cvar "versus_witch_chance") (value "1")
L 08/16/2021 - 16:31:20: [basecommands.smx] "Console<0><Console><Console>" changed cvar (cvar "director_force_tank") (value "1")
L 08/16/2021 - 16:31:20: [basecommands.smx] "Console<0><Console><Console>" changed cvar (cvar "versus_boss_flow_min") (value "0.4")
L 08/16/2021 - 16:31:20: [basecommands.smx] "Console<0><Console><Console>" changed cvar (cvar "versus_boss_flow_max") (value "0.6")
L 08/16/2021 - 16:31:20: [basecommands.smx] "Console<0><Console><Console>" changed cvar (cvar "versus_boss_flow_min_intro") (value "0.1")
L 08/16/2021 - 16:31:20: [basecommands.smx] "Console<0><Console><Console>" changed cvar (cvar "versus_boss_flow_max_intro") (value "0.2")
L 08/16/2021 - 16:31:20: [basecommands.smx] "Console<0><Console><Console>" changed cvar (cvar "versus_boss_flow_min_finale") (value "0.1")
L 08/16/2021 - 16:31:20: [basecommands.smx] "Console<0><Console><Console>" changed cvar (cvar "versus_boss_flow_max_finale") (value "0.2")
L 08/16/2021 - 16:31:20: [basecommands.smx] "Console<0><Console><Console>" changed cvar (cvar "boomer_vomit_delay") (value "0.1")
L 08/16/2021 - 16:31:20: [basecommands.smx] "Console<0><Console><Console>" changed cvar (cvar "smoker_tongue_delay") (value "0.1")
L 08/16/2021 - 16:31:20: [basecommands.smx] "Console<0><Console><Console>" changed cvar (cvar "vs_survival_bonus") (value "35")
L 08/16/2021 - 16:31:20: [basecommands.smx] "Console<0><Console><Console>" changed cvar (cvar "z_tank_throw_health") (value "10")
L 08/16/2021 - 16:31:20: [basecommands.smx] "Console<0><Console><Console>" changed cvar (cvar "sv_client_min_interp_ratio") (value "-1")
L 08/16/2021 - 16:31:20: [basecommands.smx] "Console<0><Console><Console>" changed cvar (cvar "sv_client_max_interp_ratio") (value "0")
L 08/16/2021 - 16:31:20: [basecommands.smx] "Console<0><Console><Console>" changed cvar (cvar "sv_minrate") (value "100000")
L 08/16/2021 - 16:31:20: [basecommands.smx] "Console<0><Console><Console>" changed cvar (cvar "sv_maxrate") (value "100000")
L 08/16/2021 - 16:31:20: [basecommands.smx] "Console<0><Console><Console>" changed cvar (cvar "sv_mincmdrate") (value "100")
L 08/16/2021 - 16:31:20: [basecommands.smx] "Console<0><Console><Console>" changed cvar (cvar "sv_maxcmdrate") (value "100")
L 08/16/2021 - 16:31:20: [basecommands.smx] "Console<0><Console><Console>" changed cvar (cvar "sv_minupdaterate") (value "100")
L 08/16/2021 - 16:31:20: [basecommands.smx] "Console<0><Console><Console>" changed cvar (cvar "sv_maxupdaterate") (value "100")
L 08/16/2021 - 16:31:20: [basecommands.smx] "Console<0><Console><Console>" changed cvar (cvar "nb_update_frequency") (value "0.014")
L 08/16/2021 - 16:31:20: [basecommands.smx] "Console<0><Console><Console>" changed cvar (cvar "net_splitpacket_maxrate") (value "50000")
L 08/16/2021 - 16:31:20: [basecommands.smx] "Console<0><Console><Console>" changed cvar (cvar "fps_max") (value "0")
L 08/16/2021 - 16:31:20: [basecommands.smx] "Console<0><Console><Console>" changed cvar (cvar "hostname") (value "Versus")
L 08/16/2021 - 16:33:15: [l4d2_skill_detect.smx] Charge carry start: 7 - 2 -- time: 139.17
L 08/16/2021 - 16:33:18: [l4d2_skill_detect.smx] Checking charge victim: 7 - 2 - flags: 1 (alive? 1)
L 08/16/2021 - 16:34:28: [l4d2_skill_detect.smx] Clear: 4 freed 3 from 5: time: 0.52 / -1.00 -- class: hunter (with shove? 0)
L 08/16/2021 - 16:34:42: [l4d2_skill_detect.smx] Charge carry start: 7 - 4 -- time: 226.34
L 08/16/2021 - 16:34:44: [l4d2_skill_detect.smx] Clear: 3 freed 4 from 7: time: 0.71 / 2.23 -- class: charger (with shove? 0)
L 08/16/2021 - 16:34:46: [l4d2_skill_detect.smx] Checking charge victim: 7 - 4 - flags: 1 (alive? 1)
L 08/16/2021 - 16:35:30: [l4d2_skill_detect.smx] Clear: 4 freed 1 from 6: time: -1.00 / 0.94 -- class: smoker (with shove? 0)
L 08/16/2021 - 16:35:41: [l4d2_skill_detect.smx] Charge carry start: 9 - 4 -- time: 285.14
L 08/16/2021 - 16:35:44: [l4d2_skill_detect.smx] Checking charge victim: 9 - 4 - flags: 1 (alive? 1)
L 08/16/2021 - 16:38:17: [l4d2_skill_detect.smx] Clear: 1 freed 4 from 6: time: -1.00 / 0.73 -- class: smoker (with shove? 0)
L 08/16/2021 - 16:38:26: [l4d2_skill_detect.smx] Clear: 5 freed 1 from 9: time: 1.10 / -1.00 -- class: jockey (with shove? 1)
L 08/16/2021 - 16:39:10: [l4d2_skill_detect.smx] Charge carry start: 6 - 3 -- time: 493.87
L 08/16/2021 - 16:39:13: [l4d2_skill_detect.smx] Checking charge victim: 6 - 3 - flags: 1 (alive? 1)
L 08/16/2021 - 16:39:17: [l4d2_skill_detect.smx] Clear: 5 freed 3 from 6: time: 5.41 / 6.91 -- class: charger (with shove? 0)
L 08/16/2021 - 16:39:35: [l4d2_skill_detect.smx] Clear: 4 freed 3 from 2: time: 0.95 / -1.00 -- class: jockey (with shove? 0)
L 08/16/2021 - 16:39:38: [basecommands.smx] "♛ Rain Live ♛<50><STEAM_1:0:162762726><>" changed cvar (cvar "vs_max_team_switches") (value "0")
L 08/16/2021 - 16:39:58: [basecommands.smx] "♛ Rain Live ♛<50><STEAM_1:0:162762726><>" changed cvar (cvar "vs_max_team_switches") (value "5")
L 08/16/2021 - 16:40:00: [basecommands.smx] "♛ Rain Live ♛<50><STEAM_1:0:162762726><>" changed cvar (cvar "vs_max_team_switches") (value "0")
L 08/16/2021 - 16:40:36: [l4d2_skill_detect.smx] calarm trigger: caller 865 / activator 865 / delay: 0.00
L 08/16/2021 - 16:40:56: [l4d2_skill_detect.smx] Clear: 8 freed 1 from 6: time: 4.01 / -1.00 -- class: jockey (with shove? 0)
L 08/16/2021 - 16:41:47: [l4d2_skill_detect.smx] Clear: 4 freed 8 from 2: time: -1.00 / 0.16 -- class: smoker (with shove? 0)
L 08/16/2021 - 16:41:50: [l4d2_skill_detect.smx] Clear: 8 freed 1 from 6: time: -1.00 / 0.86 -- class: smoker (with shove? 0)
L 08/16/2021 - 16:42:22: [l4d2_skill_detect.smx] Clear: 4 freed 3 from 9: time: 0.48 / -1.00 -- class: jockey (with shove? 1)
L 08/16/2021 - 16:42:25: [l4d2_skill_detect.smx] calarm trigger: caller 833 / activator 833 / delay: 0.00
L 08/16/2021 - 16:42:53: Log file closed.
