L 04/19/2021 - 00:21:08: SourceMod log file session started (file "D:\Steam\steamapps\common\Left 4 Dead 2\left4dead2\addons\sourcemod\logs\L20210419.log") (Version "1.10.0.6492")
L 04/19/2021 - 00:21:08: [simplewelcomemsg.smx] Set the maximum number of lines of.
L 04/19/2021 - 00:21:14: [basecommands.smx] "Console<0><Console><Console>" changed cvar (cvar "sv_force_time_of_day") (value "0")
L 04/19/2021 - 00:21:14: [basecommands.smx] "Console<0><Console><Console>" changed cvar (cvar "z_witch_damage_per_kill_hit") (value "120")
L 04/19/2021 - 00:21:14: [basecommands.smx] "Console<0><Console><Console>" changed cvar (cvar "z_witch_anger_rate") (value "0.4")
L 04/19/2021 - 00:21:14: [basecommands.smx] "Console<0><Console><Console>" changed cvar (cvar "z_witch_flashlight_range") (value "2000")
L 04/19/2021 - 00:21:14: [basecommands.smx] "Console<0><Console><Console>" changed cvar (cvar "z_witch_burn_time") (value "100")
L 04/19/2021 - 00:21:14: [basecommands.smx] "Console<0><Console><Console>" changed cvar (cvar "z_tank_health") (value "4000")
L 04/19/2021 - 00:21:14: [basecommands.smx] "Console<0><Console><Console>" changed cvar (cvar "z_ghost_delay_min") (value "15")
L 04/19/2021 - 00:21:14: [basecommands.smx] "Console<0><Console><Console>" changed cvar (cvar "z_ghost_delay_max") (value "15")
L 04/19/2021 - 00:21:14: [basecommands.smx] "Console<0><Console><Console>" changed cvar (cvar "z_hunter_limit") (value "1")
L 04/19/2021 - 00:21:14: [basecommands.smx] "Console<0><Console><Console>" changed cvar (cvar "z_smoker_limit") (value "1")
L 04/19/2021 - 00:21:14: [basecommands.smx] "Console<0><Console><Console>" changed cvar (cvar "z_jockey_limit") (value "1")
L 04/19/2021 - 00:21:14: [basecommands.smx] "Console<0><Console><Console>" changed cvar (cvar "versus_tank_chance_intro") (value "1")
L 04/19/2021 - 00:21:14: [basecommands.smx] "Console<0><Console><Console>" changed cvar (cvar "versus_tank_chance_finale") (value "1")
L 04/19/2021 - 00:21:14: [basecommands.smx] "Console<0><Console><Console>" changed cvar (cvar "versus_tank_chance") (value "1")
L 04/19/2021 - 00:21:14: [basecommands.smx] "Console<0><Console><Console>" changed cvar (cvar "versus_witch_chance_intro") (value "0")
L 04/19/2021 - 00:21:14: [basecommands.smx] "Console<0><Console><Console>" changed cvar (cvar "versus_witch_chance_finale") (value "0")
L 04/19/2021 - 00:21:14: [basecommands.smx] "Console<0><Console><Console>" changed cvar (cvar "versus_witch_chance") (value "1")
L 04/19/2021 - 00:21:14: [basecommands.smx] "Console<0><Console><Console>" changed cvar (cvar "director_force_tank") (value "1")
L 04/19/2021 - 00:21:14: [basecommands.smx] "Console<0><Console><Console>" changed cvar (cvar "versus_boss_flow_min") (value "0.4")
L 04/19/2021 - 00:21:14: [basecommands.smx] "Console<0><Console><Console>" changed cvar (cvar "versus_boss_flow_max") (value "0.6")
L 04/19/2021 - 00:21:14: [basecommands.smx] "Console<0><Console><Console>" changed cvar (cvar "versus_boss_flow_min_intro") (value "0.1")
L 04/19/2021 - 00:21:14: [basecommands.smx] "Console<0><Console><Console>" changed cvar (cvar "versus_boss_flow_max_intro") (value "0.2")
L 04/19/2021 - 00:21:14: [basecommands.smx] "Console<0><Console><Console>" changed cvar (cvar "versus_boss_flow_min_finale") (value "0.1")
L 04/19/2021 - 00:21:14: [basecommands.smx] "Console<0><Console><Console>" changed cvar (cvar "versus_boss_flow_max_finale") (value "0.2")
L 04/19/2021 - 00:21:14: [basecommands.smx] "Console<0><Console><Console>" changed cvar (cvar "boomer_vomit_delay") (value "0.1")
L 04/19/2021 - 00:21:14: [basecommands.smx] "Console<0><Console><Console>" changed cvar (cvar "smoker_tongue_delay") (value "0.1")
L 04/19/2021 - 00:21:14: [basecommands.smx] "Console<0><Console><Console>" changed cvar (cvar "vs_survival_bonus") (value "35")
L 04/19/2021 - 00:21:14: [basecommands.smx] "Console<0><Console><Console>" changed cvar (cvar "z_tank_throw_health") (value "10")
L 04/19/2021 - 00:21:14: [basecommands.smx] "Console<0><Console><Console>" changed cvar (cvar "sv_client_min_interp_ratio") (value "-1")
L 04/19/2021 - 00:21:14: [basecommands.smx] "Console<0><Console><Console>" changed cvar (cvar "sv_client_max_interp_ratio") (value "0")
L 04/19/2021 - 00:21:14: [basecommands.smx] "Console<0><Console><Console>" changed cvar (cvar "sv_minrate") (value "100000")
L 04/19/2021 - 00:21:14: [basecommands.smx] "Console<0><Console><Console>" changed cvar (cvar "sv_maxrate") (value "100000")
L 04/19/2021 - 00:21:14: [basecommands.smx] "Console<0><Console><Console>" changed cvar (cvar "sv_mincmdrate") (value "100")
L 04/19/2021 - 00:21:14: [basecommands.smx] "Console<0><Console><Console>" changed cvar (cvar "sv_maxcmdrate") (value "100")
L 04/19/2021 - 00:21:14: [basecommands.smx] "Console<0><Console><Console>" changed cvar (cvar "sv_minupdaterate") (value "100")
L 04/19/2021 - 00:21:14: [basecommands.smx] "Console<0><Console><Console>" changed cvar (cvar "sv_maxupdaterate") (value "100")
L 04/19/2021 - 00:21:14: [basecommands.smx] "Console<0><Console><Console>" changed cvar (cvar "nb_update_frequency") (value "0.014")
L 04/19/2021 - 00:21:14: [basecommands.smx] "Console<0><Console><Console>" changed cvar (cvar "net_splitpacket_maxrate") (value "50000")
L 04/19/2021 - 00:21:14: [basecommands.smx] "Console<0><Console><Console>" changed cvar (cvar "fps_max") (value "0")
L 04/19/2021 - 00:21:14: [basecommands.smx] "Console<0><Console><Console>" changed cvar (cvar "hostname") (value "Versus")
L 04/19/2021 - 00:27:00: Log file closed.
L 04/19/2021 - 01:36:35: SourceMod log file session started (file "D:\Steam\steamapps\common\Left 4 Dead 2\left4dead2\addons\sourcemod\logs\L20210419.log") (Version "1.10.0.6492")
L 04/19/2021 - 01:36:35: [simplewelcomemsg.smx] Set the maximum number of lines of.
L 04/19/2021 - 01:36:41: [basecommands.smx] "Console<0><Console><Console>" changed cvar (cvar "sv_force_time_of_day") (value "0")
L 04/19/2021 - 01:36:41: [basecommands.smx] "Console<0><Console><Console>" changed cvar (cvar "z_witch_damage_per_kill_hit") (value "120")
L 04/19/2021 - 01:36:41: [basecommands.smx] "Console<0><Console><Console>" changed cvar (cvar "z_witch_anger_rate") (value "0.4")
L 04/19/2021 - 01:36:41: [basecommands.smx] "Console<0><Console><Console>" changed cvar (cvar "z_witch_flashlight_range") (value "2000")
L 04/19/2021 - 01:36:41: [basecommands.smx] "Console<0><Console><Console>" changed cvar (cvar "z_witch_burn_time") (value "100")
L 04/19/2021 - 01:36:41: [basecommands.smx] "Console<0><Console><Console>" changed cvar (cvar "z_tank_health") (value "4000")
L 04/19/2021 - 01:36:41: [basecommands.smx] "Console<0><Console><Console>" changed cvar (cvar "z_ghost_delay_min") (value "15")
L 04/19/2021 - 01:36:41: [basecommands.smx] "Console<0><Console><Console>" changed cvar (cvar "z_ghost_delay_max") (value "15")
L 04/19/2021 - 01:36:41: [basecommands.smx] "Console<0><Console><Console>" changed cvar (cvar "z_hunter_limit") (value "1")
L 04/19/2021 - 01:36:41: [basecommands.smx] "Console<0><Console><Console>" changed cvar (cvar "z_smoker_limit") (value "1")
L 04/19/2021 - 01:36:41: [basecommands.smx] "Console<0><Console><Console>" changed cvar (cvar "z_jockey_limit") (value "1")
L 04/19/2021 - 01:36:41: [basecommands.smx] "Console<0><Console><Console>" changed cvar (cvar "versus_tank_chance_intro") (value "1")
L 04/19/2021 - 01:36:41: [basecommands.smx] "Console<0><Console><Console>" changed cvar (cvar "versus_tank_chance_finale") (value "1")
L 04/19/2021 - 01:36:41: [basecommands.smx] "Console<0><Console><Console>" changed cvar (cvar "versus_tank_chance") (value "1")
L 04/19/2021 - 01:36:41: [basecommands.smx] "Console<0><Console><Console>" changed cvar (cvar "versus_witch_chance_intro") (value "0")
L 04/19/2021 - 01:36:41: [basecommands.smx] "Console<0><Console><Console>" changed cvar (cvar "versus_witch_chance_finale") (value "0")
L 04/19/2021 - 01:36:41: [basecommands.smx] "Console<0><Console><Console>" changed cvar (cvar "versus_witch_chance") (value "1")
L 04/19/2021 - 01:36:41: [basecommands.smx] "Console<0><Console><Console>" changed cvar (cvar "director_force_tank") (value "1")
L 04/19/2021 - 01:36:41: [basecommands.smx] "Console<0><Console><Console>" changed cvar (cvar "versus_boss_flow_min") (value "0.4")
L 04/19/2021 - 01:36:41: [basecommands.smx] "Console<0><Console><Console>" changed cvar (cvar "versus_boss_flow_max") (value "0.6")
L 04/19/2021 - 01:36:41: [basecommands.smx] "Console<0><Console><Console>" changed cvar (cvar "versus_boss_flow_min_intro") (value "0.1")
L 04/19/2021 - 01:36:41: [basecommands.smx] "Console<0><Console><Console>" changed cvar (cvar "versus_boss_flow_max_intro") (value "0.2")
L 04/19/2021 - 01:36:41: [basecommands.smx] "Console<0><Console><Console>" changed cvar (cvar "versus_boss_flow_min_finale") (value "0.1")
L 04/19/2021 - 01:36:41: [basecommands.smx] "Console<0><Console><Console>" changed cvar (cvar "versus_boss_flow_max_finale") (value "0.2")
L 04/19/2021 - 01:36:41: [basecommands.smx] "Console<0><Console><Console>" changed cvar (cvar "boomer_vomit_delay") (value "0.1")
L 04/19/2021 - 01:36:41: [basecommands.smx] "Console<0><Console><Console>" changed cvar (cvar "smoker_tongue_delay") (value "0.1")
L 04/19/2021 - 01:36:41: [basecommands.smx] "Console<0><Console><Console>" changed cvar (cvar "vs_survival_bonus") (value "35")
L 04/19/2021 - 01:36:41: [basecommands.smx] "Console<0><Console><Console>" changed cvar (cvar "z_tank_throw_health") (value "10")
L 04/19/2021 - 01:36:41: [basecommands.smx] "Console<0><Console><Console>" changed cvar (cvar "sv_client_min_interp_ratio") (value "-1")
L 04/19/2021 - 01:36:41: [basecommands.smx] "Console<0><Console><Console>" changed cvar (cvar "sv_client_max_interp_ratio") (value "0")
L 04/19/2021 - 01:36:41: [basecommands.smx] "Console<0><Console><Console>" changed cvar (cvar "sv_minrate") (value "100000")
L 04/19/2021 - 01:36:42: [basecommands.smx] "Console<0><Console><Console>" changed cvar (cvar "sv_maxrate") (value "100000")
L 04/19/2021 - 01:36:42: [basecommands.smx] "Console<0><Console><Console>" changed cvar (cvar "sv_mincmdrate") (value "100")
L 04/19/2021 - 01:36:42: [basecommands.smx] "Console<0><Console><Console>" changed cvar (cvar "sv_maxcmdrate") (value "100")
L 04/19/2021 - 01:36:42: [basecommands.smx] "Console<0><Console><Console>" changed cvar (cvar "sv_minupdaterate") (value "100")
L 04/19/2021 - 01:36:42: [basecommands.smx] "Console<0><Console><Console>" changed cvar (cvar "sv_maxupdaterate") (value "100")
L 04/19/2021 - 01:36:42: [basecommands.smx] "Console<0><Console><Console>" changed cvar (cvar "nb_update_frequency") (value "0.014")
L 04/19/2021 - 01:36:42: [basecommands.smx] "Console<0><Console><Console>" changed cvar (cvar "net_splitpacket_maxrate") (value "50000")
L 04/19/2021 - 01:36:42: [basecommands.smx] "Console<0><Console><Console>" changed cvar (cvar "fps_max") (value "0")
L 04/19/2021 - 01:36:42: [basecommands.smx] "Console<0><Console><Console>" changed cvar (cvar "hostname") (value "Versus")
L 04/19/2021 - 01:38:35: [l4d2_skill_detect.smx] calarm trigger: caller 865 / activator 865 / delay: 0.00
L 04/19/2021 - 01:39:40: Log file closed.
L 04/19/2021 - 01:44:39: SourceMod log file session started (file "D:\Steam\steamapps\common\Left 4 Dead 2\left4dead2\addons\sourcemod\logs\L20210419.log") (Version "1.10.0.6492")
L 04/19/2021 - 01:44:39: [simplewelcomemsg.smx] Set the maximum number of lines of.
L 04/19/2021 - 01:44:41: [basecommands.smx] "Console<0><Console><Console>" changed cvar (cvar "sv_force_time_of_day") (value "0")
L 04/19/2021 - 01:44:41: [basecommands.smx] "Console<0><Console><Console>" changed cvar (cvar "z_witch_damage_per_kill_hit") (value "120")
L 04/19/2021 - 01:44:41: [basecommands.smx] "Console<0><Console><Console>" changed cvar (cvar "z_witch_anger_rate") (value "0.4")
L 04/19/2021 - 01:44:41: [basecommands.smx] "Console<0><Console><Console>" changed cvar (cvar "z_witch_flashlight_range") (value "2000")
L 04/19/2021 - 01:44:41: [basecommands.smx] "Console<0><Console><Console>" changed cvar (cvar "z_witch_burn_time") (value "100")
L 04/19/2021 - 01:44:41: [basecommands.smx] "Console<0><Console><Console>" changed cvar (cvar "z_tank_health") (value "4000")
L 04/19/2021 - 01:44:41: [basecommands.smx] "Console<0><Console><Console>" changed cvar (cvar "z_ghost_delay_min") (value "15")
L 04/19/2021 - 01:44:41: [basecommands.smx] "Console<0><Console><Console>" changed cvar (cvar "z_ghost_delay_max") (value "15")
L 04/19/2021 - 01:44:41: [basecommands.smx] "Console<0><Console><Console>" changed cvar (cvar "z_hunter_limit") (value "1")
L 04/19/2021 - 01:44:41: [basecommands.smx] "Console<0><Console><Console>" changed cvar (cvar "z_smoker_limit") (value "1")
L 04/19/2021 - 01:44:41: [basecommands.smx] "Console<0><Console><Console>" changed cvar (cvar "z_jockey_limit") (value "1")
L 04/19/2021 - 01:44:41: [basecommands.smx] "Console<0><Console><Console>" changed cvar (cvar "versus_tank_chance_intro") (value "1")
L 04/19/2021 - 01:44:41: [basecommands.smx] "Console<0><Console><Console>" changed cvar (cvar "versus_tank_chance_finale") (value "1")
L 04/19/2021 - 01:44:41: [basecommands.smx] "Console<0><Console><Console>" changed cvar (cvar "versus_tank_chance") (value "1")
L 04/19/2021 - 01:44:41: [basecommands.smx] "Console<0><Console><Console>" changed cvar (cvar "versus_witch_chance_intro") (value "0")
L 04/19/2021 - 01:44:41: [basecommands.smx] "Console<0><Console><Console>" changed cvar (cvar "versus_witch_chance_finale") (value "0")
L 04/19/2021 - 01:44:41: [basecommands.smx] "Console<0><Console><Console>" changed cvar (cvar "versus_witch_chance") (value "1")
L 04/19/2021 - 01:44:41: [basecommands.smx] "Console<0><Console><Console>" changed cvar (cvar "director_force_tank") (value "1")
L 04/19/2021 - 01:44:41: [basecommands.smx] "Console<0><Console><Console>" changed cvar (cvar "versus_boss_flow_min") (value "0.4")
L 04/19/2021 - 01:44:41: [basecommands.smx] "Console<0><Console><Console>" changed cvar (cvar "versus_boss_flow_max") (value "0.6")
L 04/19/2021 - 01:44:41: [basecommands.smx] "Console<0><Console><Console>" changed cvar (cvar "versus_boss_flow_min_intro") (value "0.1")
L 04/19/2021 - 01:44:41: [basecommands.smx] "Console<0><Console><Console>" changed cvar (cvar "versus_boss_flow_max_intro") (value "0.2")
L 04/19/2021 - 01:44:41: [basecommands.smx] "Console<0><Console><Console>" changed cvar (cvar "versus_boss_flow_min_finale") (value "0.1")
L 04/19/2021 - 01:44:41: [basecommands.smx] "Console<0><Console><Console>" changed cvar (cvar "versus_boss_flow_max_finale") (value "0.2")
L 04/19/2021 - 01:44:41: [basecommands.smx] "Console<0><Console><Console>" changed cvar (cvar "boomer_vomit_delay") (value "0.1")
L 04/19/2021 - 01:44:41: [basecommands.smx] "Console<0><Console><Console>" changed cvar (cvar "smoker_tongue_delay") (value "0.1")
L 04/19/2021 - 01:44:41: [basecommands.smx] "Console<0><Console><Console>" changed cvar (cvar "vs_survival_bonus") (value "35")
L 04/19/2021 - 01:44:41: [basecommands.smx] "Console<0><Console><Console>" changed cvar (cvar "z_tank_throw_health") (value "10")
L 04/19/2021 - 01:44:41: [basecommands.smx] "Console<0><Console><Console>" changed cvar (cvar "sv_client_min_interp_ratio") (value "-1")
L 04/19/2021 - 01:44:41: [basecommands.smx] "Console<0><Console><Console>" changed cvar (cvar "sv_client_max_interp_ratio") (value "0")
L 04/19/2021 - 01:44:41: [basecommands.smx] "Console<0><Console><Console>" changed cvar (cvar "sv_minrate") (value "100000")
L 04/19/2021 - 01:44:41: [basecommands.smx] "Console<0><Console><Console>" changed cvar (cvar "sv_maxrate") (value "100000")
L 04/19/2021 - 01:44:41: [basecommands.smx] "Console<0><Console><Console>" changed cvar (cvar "sv_mincmdrate") (value "100")
L 04/19/2021 - 01:44:41: [basecommands.smx] "Console<0><Console><Console>" changed cvar (cvar "sv_maxcmdrate") (value "100")
L 04/19/2021 - 01:44:41: [basecommands.smx] "Console<0><Console><Console>" changed cvar (cvar "sv_minupdaterate") (value "100")
L 04/19/2021 - 01:44:41: [basecommands.smx] "Console<0><Console><Console>" changed cvar (cvar "sv_maxupdaterate") (value "100")
L 04/19/2021 - 01:44:41: [basecommands.smx] "Console<0><Console><Console>" changed cvar (cvar "nb_update_frequency") (value "0.014")
L 04/19/2021 - 01:44:41: [basecommands.smx] "Console<0><Console><Console>" changed cvar (cvar "net_splitpacket_maxrate") (value "50000")
L 04/19/2021 - 01:44:41: [basecommands.smx] "Console<0><Console><Console>" changed cvar (cvar "fps_max") (value "0")
L 04/19/2021 - 01:44:41: [basecommands.smx] "Console<0><Console><Console>" changed cvar (cvar "hostname") (value "Versus")
L 04/19/2021 - 01:46:14: [l4d2_skill_detect.smx] Clear: 2 freed 4 from 7: time: -1.00 / 6.36 -- class: smoker (with shove? 1)
L 04/19/2021 - 01:47:00: [l4d2_skill_detect.smx] calarm trigger: caller 833 / activator 833 / delay: 0.00
L 04/19/2021 - 01:49:43: [l4d2_skill_detect.smx] Clear: 4 freed 2 from 7: time: 0.95 / 3.35 -- class: smoker (with shove? 0)
L 04/19/2021 - 01:50:56: Log file closed.
L 04/19/2021 - 02:07:09: SourceMod log file session started (file "D:\Steam\steamapps\common\Left 4 Dead 2\left4dead2\addons\sourcemod\logs\L20210419.log") (Version "1.10.0.6492")
L 04/19/2021 - 02:07:09: [simplewelcomemsg.smx] Set the maximum number of lines of.
L 04/19/2021 - 02:07:13: [basecommands.smx] "Console<0><Console><Console>" changed cvar (cvar "sv_force_time_of_day") (value "0")
L 04/19/2021 - 02:07:13: [basecommands.smx] "Console<0><Console><Console>" changed cvar (cvar "z_witch_damage_per_kill_hit") (value "120")
L 04/19/2021 - 02:07:13: [basecommands.smx] "Console<0><Console><Console>" changed cvar (cvar "z_witch_anger_rate") (value "0.4")
L 04/19/2021 - 02:07:13: [basecommands.smx] "Console<0><Console><Console>" changed cvar (cvar "z_witch_flashlight_range") (value "2000")
L 04/19/2021 - 02:07:13: [basecommands.smx] "Console<0><Console><Console>" changed cvar (cvar "z_witch_burn_time") (value "100")
L 04/19/2021 - 02:07:13: [basecommands.smx] "Console<0><Console><Console>" changed cvar (cvar "z_tank_health") (value "4000")
L 04/19/2021 - 02:07:13: [basecommands.smx] "Console<0><Console><Console>" changed cvar (cvar "z_ghost_delay_min") (value "15")
L 04/19/2021 - 02:07:13: [basecommands.smx] "Console<0><Console><Console>" changed cvar (cvar "z_ghost_delay_max") (value "15")
L 04/19/2021 - 02:07:13: [basecommands.smx] "Console<0><Console><Console>" changed cvar (cvar "z_hunter_limit") (value "1")
L 04/19/2021 - 02:07:13: [basecommands.smx] "Console<0><Console><Console>" changed cvar (cvar "z_smoker_limit") (value "1")
L 04/19/2021 - 02:07:13: [basecommands.smx] "Console<0><Console><Console>" changed cvar (cvar "z_jockey_limit") (value "1")
L 04/19/2021 - 02:07:13: [basecommands.smx] "Console<0><Console><Console>" changed cvar (cvar "versus_tank_chance_intro") (value "1")
L 04/19/2021 - 02:07:13: [basecommands.smx] "Console<0><Console><Console>" changed cvar (cvar "versus_tank_chance_finale") (value "1")
L 04/19/2021 - 02:07:13: [basecommands.smx] "Console<0><Console><Console>" changed cvar (cvar "versus_tank_chance") (value "1")
L 04/19/2021 - 02:07:13: [basecommands.smx] "Console<0><Console><Console>" changed cvar (cvar "versus_witch_chance_intro") (value "0")
L 04/19/2021 - 02:07:13: [basecommands.smx] "Console<0><Console><Console>" changed cvar (cvar "versus_witch_chance_finale") (value "0")
L 04/19/2021 - 02:07:13: [basecommands.smx] "Console<0><Console><Console>" changed cvar (cvar "versus_witch_chance") (value "1")
L 04/19/2021 - 02:07:13: [basecommands.smx] "Console<0><Console><Console>" changed cvar (cvar "director_force_tank") (value "1")
L 04/19/2021 - 02:07:13: [basecommands.smx] "Console<0><Console><Console>" changed cvar (cvar "versus_boss_flow_min") (value "0.4")
L 04/19/2021 - 02:07:13: [basecommands.smx] "Console<0><Console><Console>" changed cvar (cvar "versus_boss_flow_max") (value "0.6")
L 04/19/2021 - 02:07:13: [basecommands.smx] "Console<0><Console><Console>" changed cvar (cvar "versus_boss_flow_min_intro") (value "0.1")
L 04/19/2021 - 02:07:13: [basecommands.smx] "Console<0><Console><Console>" changed cvar (cvar "versus_boss_flow_max_intro") (value "0.2")
L 04/19/2021 - 02:07:13: [basecommands.smx] "Console<0><Console><Console>" changed cvar (cvar "versus_boss_flow_min_finale") (value "0.1")
L 04/19/2021 - 02:07:13: [basecommands.smx] "Console<0><Console><Console>" changed cvar (cvar "versus_boss_flow_max_finale") (value "0.2")
L 04/19/2021 - 02:07:13: [basecommands.smx] "Console<0><Console><Console>" changed cvar (cvar "boomer_vomit_delay") (value "0.1")
L 04/19/2021 - 02:07:13: [basecommands.smx] "Console<0><Console><Console>" changed cvar (cvar "smoker_tongue_delay") (value "0.1")
L 04/19/2021 - 02:07:13: [basecommands.smx] "Console<0><Console><Console>" changed cvar (cvar "vs_survival_bonus") (value "35")
L 04/19/2021 - 02:07:13: [basecommands.smx] "Console<0><Console><Console>" changed cvar (cvar "z_tank_throw_health") (value "10")
L 04/19/2021 - 02:07:13: [basecommands.smx] "Console<0><Console><Console>" changed cvar (cvar "sv_client_min_interp_ratio") (value "-1")
L 04/19/2021 - 02:07:13: [basecommands.smx] "Console<0><Console><Console>" changed cvar (cvar "sv_client_max_interp_ratio") (value "0")
L 04/19/2021 - 02:07:13: [basecommands.smx] "Console<0><Console><Console>" changed cvar (cvar "sv_minrate") (value "100000")
L 04/19/2021 - 02:07:13: [basecommands.smx] "Console<0><Console><Console>" changed cvar (cvar "sv_maxrate") (value "100000")
L 04/19/2021 - 02:07:13: [basecommands.smx] "Console<0><Console><Console>" changed cvar (cvar "sv_mincmdrate") (value "100")
L 04/19/2021 - 02:07:13: [basecommands.smx] "Console<0><Console><Console>" changed cvar (cvar "sv_maxcmdrate") (value "100")
L 04/19/2021 - 02:07:13: [basecommands.smx] "Console<0><Console><Console>" changed cvar (cvar "sv_minupdaterate") (value "100")
L 04/19/2021 - 02:07:13: [basecommands.smx] "Console<0><Console><Console>" changed cvar (cvar "sv_maxupdaterate") (value "100")
L 04/19/2021 - 02:07:13: [basecommands.smx] "Console<0><Console><Console>" changed cvar (cvar "nb_update_frequency") (value "0.014")
L 04/19/2021 - 02:07:13: [basecommands.smx] "Console<0><Console><Console>" changed cvar (cvar "net_splitpacket_maxrate") (value "50000")
L 04/19/2021 - 02:07:13: [basecommands.smx] "Console<0><Console><Console>" changed cvar (cvar "fps_max") (value "0")
L 04/19/2021 - 02:07:13: [basecommands.smx] "Console<0><Console><Console>" changed cvar (cvar "hostname") (value "Versus")
L 04/19/2021 - 02:09:49: [admin_hp.smx]  
L 04/19/2021 - 02:11:13: [admin_hp.smx]  
L 04/19/2021 - 02:11:56: [l4d2_skill_detect.smx] calarm trigger: caller 1171 / activator 1171 / delay: 0.00
L 04/19/2021 - 02:12:15: -------- Mapchange to c8m2_subway --------
L 04/19/2021 - 02:12:17: [basecommands.smx] "Console<0><Console><Console>" changed cvar (cvar "sv_force_time_of_day") (value "0")
L 04/19/2021 - 02:12:17: [basecommands.smx] "Console<0><Console><Console>" changed cvar (cvar "z_witch_damage_per_kill_hit") (value "120")
L 04/19/2021 - 02:12:17: [basecommands.smx] "Console<0><Console><Console>" changed cvar (cvar "z_witch_anger_rate") (value "0.4")
L 04/19/2021 - 02:12:17: [basecommands.smx] "Console<0><Console><Console>" changed cvar (cvar "z_witch_flashlight_range") (value "2000")
L 04/19/2021 - 02:12:17: [basecommands.smx] "Console<0><Console><Console>" changed cvar (cvar "z_witch_burn_time") (value "100")
L 04/19/2021 - 02:12:17: [basecommands.smx] "Console<0><Console><Console>" changed cvar (cvar "z_tank_health") (value "4000")
L 04/19/2021 - 02:12:17: [basecommands.smx] "Console<0><Console><Console>" changed cvar (cvar "z_ghost_delay_min") (value "15")
L 04/19/2021 - 02:12:17: [basecommands.smx] "Console<0><Console><Console>" changed cvar (cvar "z_ghost_delay_max") (value "15")
L 04/19/2021 - 02:12:17: [basecommands.smx] "Console<0><Console><Console>" changed cvar (cvar "z_hunter_limit") (value "1")
L 04/19/2021 - 02:12:17: [basecommands.smx] "Console<0><Console><Console>" changed cvar (cvar "z_smoker_limit") (value "1")
L 04/19/2021 - 02:12:18: [basecommands.smx] "Console<0><Console><Console>" changed cvar (cvar "z_jockey_limit") (value "1")
L 04/19/2021 - 02:12:18: [basecommands.smx] "Console<0><Console><Console>" changed cvar (cvar "versus_tank_chance_intro") (value "1")
L 04/19/2021 - 02:12:18: [basecommands.smx] "Console<0><Console><Console>" changed cvar (cvar "versus_tank_chance_finale") (value "1")
L 04/19/2021 - 02:12:18: [basecommands.smx] "Console<0><Console><Console>" changed cvar (cvar "versus_tank_chance") (value "1")
L 04/19/2021 - 02:12:18: [basecommands.smx] "Console<0><Console><Console>" changed cvar (cvar "versus_witch_chance_intro") (value "0")
L 04/19/2021 - 02:12:18: [basecommands.smx] "Console<0><Console><Console>" changed cvar (cvar "versus_witch_chance_finale") (value "0")
L 04/19/2021 - 02:12:18: [basecommands.smx] "Console<0><Console><Console>" changed cvar (cvar "versus_witch_chance") (value "1")
L 04/19/2021 - 02:12:18: [basecommands.smx] "Console<0><Console><Console>" changed cvar (cvar "director_force_tank") (value "1")
L 04/19/2021 - 02:12:18: [basecommands.smx] "Console<0><Console><Console>" changed cvar (cvar "versus_boss_flow_min") (value "0.4")
L 04/19/2021 - 02:12:18: [basecommands.smx] "Console<0><Console><Console>" changed cvar (cvar "versus_boss_flow_max") (value "0.6")
L 04/19/2021 - 02:12:18: [basecommands.smx] "Console<0><Console><Console>" changed cvar (cvar "versus_boss_flow_min_intro") (value "0.1")
L 04/19/2021 - 02:12:18: [basecommands.smx] "Console<0><Console><Console>" changed cvar (cvar "versus_boss_flow_max_intro") (value "0.2")
L 04/19/2021 - 02:12:18: [basecommands.smx] "Console<0><Console><Console>" changed cvar (cvar "versus_boss_flow_min_finale") (value "0.1")
L 04/19/2021 - 02:12:18: [basecommands.smx] "Console<0><Console><Console>" changed cvar (cvar "versus_boss_flow_max_finale") (value "0.2")
L 04/19/2021 - 02:12:18: [basecommands.smx] "Console<0><Console><Console>" changed cvar (cvar "boomer_vomit_delay") (value "0.1")
L 04/19/2021 - 02:12:18: [basecommands.smx] "Console<0><Console><Console>" changed cvar (cvar "smoker_tongue_delay") (value "0.1")
L 04/19/2021 - 02:12:18: [basecommands.smx] "Console<0><Console><Console>" changed cvar (cvar "vs_survival_bonus") (value "35")
L 04/19/2021 - 02:12:18: [basecommands.smx] "Console<0><Console><Console>" changed cvar (cvar "z_tank_throw_health") (value "10")
L 04/19/2021 - 02:12:18: [basecommands.smx] "Console<0><Console><Console>" changed cvar (cvar "sv_client_min_interp_ratio") (value "-1")
L 04/19/2021 - 02:12:18: [basecommands.smx] "Console<0><Console><Console>" changed cvar (cvar "sv_client_max_interp_ratio") (value "0")
L 04/19/2021 - 02:12:18: [basecommands.smx] "Console<0><Console><Console>" changed cvar (cvar "sv_minrate") (value "100000")
L 04/19/2021 - 02:12:18: [basecommands.smx] "Console<0><Console><Console>" changed cvar (cvar "sv_maxrate") (value "100000")
L 04/19/2021 - 02:12:18: [basecommands.smx] "Console<0><Console><Console>" changed cvar (cvar "sv_mincmdrate") (value "100")
L 04/19/2021 - 02:12:18: [basecommands.smx] "Console<0><Console><Console>" changed cvar (cvar "sv_maxcmdrate") (value "100")
L 04/19/2021 - 02:12:18: [basecommands.smx] "Console<0><Console><Console>" changed cvar (cvar "sv_minupdaterate") (value "100")
L 04/19/2021 - 02:12:18: [basecommands.smx] "Console<0><Console><Console>" changed cvar (cvar "sv_maxupdaterate") (value "100")
L 04/19/2021 - 02:12:18: [basecommands.smx] "Console<0><Console><Console>" changed cvar (cvar "nb_update_frequency") (value "0.014")
L 04/19/2021 - 02:12:18: [basecommands.smx] "Console<0><Console><Console>" changed cvar (cvar "net_splitpacket_maxrate") (value "50000")
L 04/19/2021 - 02:12:18: [basecommands.smx] "Console<0><Console><Console>" changed cvar (cvar "fps_max") (value "0")
L 04/19/2021 - 02:12:18: [basecommands.smx] "Console<0><Console><Console>" changed cvar (cvar "hostname") (value "Versus")
L 04/19/2021 - 02:12:30: Log file closed.
L 04/19/2021 - 17:15:17: SourceMod log file session started (file "D:\Steam\steamapps\common\Left 4 Dead 2\left4dead2\addons\sourcemod\logs\L20210419.log") (Version "1.10.0.6492")
L 04/19/2021 - 17:15:17: [simplewelcomemsg.smx] Set the maximum number of lines of.
L 04/19/2021 - 17:15:24: [basecommands.smx] "Console<0><Console><Console>" changed cvar (cvar "sv_force_time_of_day") (value "0")
L 04/19/2021 - 17:15:24: [basecommands.smx] "Console<0><Console><Console>" changed cvar (cvar "z_witch_damage_per_kill_hit") (value "120")
L 04/19/2021 - 17:15:24: [basecommands.smx] "Console<0><Console><Console>" changed cvar (cvar "z_witch_anger_rate") (value "0.4")
L 04/19/2021 - 17:15:24: [basecommands.smx] "Console<0><Console><Console>" changed cvar (cvar "z_witch_flashlight_range") (value "2000")
L 04/19/2021 - 17:15:24: [basecommands.smx] "Console<0><Console><Console>" changed cvar (cvar "z_witch_burn_time") (value "100")
L 04/19/2021 - 17:15:24: [basecommands.smx] "Console<0><Console><Console>" changed cvar (cvar "z_tank_health") (value "4000")
L 04/19/2021 - 17:15:24: [basecommands.smx] "Console<0><Console><Console>" changed cvar (cvar "z_ghost_delay_min") (value "15")
L 04/19/2021 - 17:15:24: [basecommands.smx] "Console<0><Console><Console>" changed cvar (cvar "z_ghost_delay_max") (value "15")
L 04/19/2021 - 17:15:24: [basecommands.smx] "Console<0><Console><Console>" changed cvar (cvar "z_hunter_limit") (value "1")
L 04/19/2021 - 17:15:24: [basecommands.smx] "Console<0><Console><Console>" changed cvar (cvar "z_smoker_limit") (value "1")
L 04/19/2021 - 17:15:24: [basecommands.smx] "Console<0><Console><Console>" changed cvar (cvar "z_jockey_limit") (value "1")
L 04/19/2021 - 17:15:24: [basecommands.smx] "Console<0><Console><Console>" changed cvar (cvar "versus_tank_chance_intro") (value "1")
L 04/19/2021 - 17:15:24: [basecommands.smx] "Console<0><Console><Console>" changed cvar (cvar "versus_tank_chance_finale") (value "1")
L 04/19/2021 - 17:15:24: [basecommands.smx] "Console<0><Console><Console>" changed cvar (cvar "versus_tank_chance") (value "1")
L 04/19/2021 - 17:15:24: [basecommands.smx] "Console<0><Console><Console>" changed cvar (cvar "versus_witch_chance_intro") (value "0")
L 04/19/2021 - 17:15:24: [basecommands.smx] "Console<0><Console><Console>" changed cvar (cvar "versus_witch_chance_finale") (value "0")
L 04/19/2021 - 17:15:24: [basecommands.smx] "Console<0><Console><Console>" changed cvar (cvar "versus_witch_chance") (value "1")
L 04/19/2021 - 17:15:24: [basecommands.smx] "Console<0><Console><Console>" changed cvar (cvar "director_force_tank") (value "1")
L 04/19/2021 - 17:15:24: [basecommands.smx] "Console<0><Console><Console>" changed cvar (cvar "versus_boss_flow_min") (value "0.4")
L 04/19/2021 - 17:15:24: [basecommands.smx] "Console<0><Console><Console>" changed cvar (cvar "versus_boss_flow_max") (value "0.6")
L 04/19/2021 - 17:15:24: [basecommands.smx] "Console<0><Console><Console>" changed cvar (cvar "versus_boss_flow_min_intro") (value "0.1")
L 04/19/2021 - 17:15:24: [basecommands.smx] "Console<0><Console><Console>" changed cvar (cvar "versus_boss_flow_max_intro") (value "0.2")
L 04/19/2021 - 17:15:24: [basecommands.smx] "Console<0><Console><Console>" changed cvar (cvar "versus_boss_flow_min_finale") (value "0.1")
L 04/19/2021 - 17:15:24: [basecommands.smx] "Console<0><Console><Console>" changed cvar (cvar "versus_boss_flow_max_finale") (value "0.2")
L 04/19/2021 - 17:15:24: [basecommands.smx] "Console<0><Console><Console>" changed cvar (cvar "boomer_vomit_delay") (value "0.1")
L 04/19/2021 - 17:15:24: [basecommands.smx] "Console<0><Console><Console>" changed cvar (cvar "smoker_tongue_delay") (value "0.1")
L 04/19/2021 - 17:15:24: [basecommands.smx] "Console<0><Console><Console>" changed cvar (cvar "vs_survival_bonus") (value "35")
L 04/19/2021 - 17:15:24: [basecommands.smx] "Console<0><Console><Console>" changed cvar (cvar "z_tank_throw_health") (value "10")
L 04/19/2021 - 17:15:24: [basecommands.smx] "Console<0><Console><Console>" changed cvar (cvar "sv_client_min_interp_ratio") (value "-1")
L 04/19/2021 - 17:15:24: [basecommands.smx] "Console<0><Console><Console>" changed cvar (cvar "sv_client_max_interp_ratio") (value "0")
L 04/19/2021 - 17:15:24: [basecommands.smx] "Console<0><Console><Console>" changed cvar (cvar "sv_minrate") (value "100000")
L 04/19/2021 - 17:15:24: [basecommands.smx] "Console<0><Console><Console>" changed cvar (cvar "sv_maxrate") (value "100000")
L 04/19/2021 - 17:15:24: [basecommands.smx] "Console<0><Console><Console>" changed cvar (cvar "sv_mincmdrate") (value "100")
L 04/19/2021 - 17:15:24: [basecommands.smx] "Console<0><Console><Console>" changed cvar (cvar "sv_maxcmdrate") (value "100")
L 04/19/2021 - 17:15:24: [basecommands.smx] "Console<0><Console><Console>" changed cvar (cvar "sv_minupdaterate") (value "100")
L 04/19/2021 - 17:15:24: [basecommands.smx] "Console<0><Console><Console>" changed cvar (cvar "sv_maxupdaterate") (value "100")
L 04/19/2021 - 17:15:24: [basecommands.smx] "Console<0><Console><Console>" changed cvar (cvar "nb_update_frequency") (value "0.014")
L 04/19/2021 - 17:15:24: [basecommands.smx] "Console<0><Console><Console>" changed cvar (cvar "net_splitpacket_maxrate") (value "50000")
L 04/19/2021 - 17:15:24: [basecommands.smx] "Console<0><Console><Console>" changed cvar (cvar "fps_max") (value "0")
L 04/19/2021 - 17:15:24: [basecommands.smx] "Console<0><Console><Console>" changed cvar (cvar "hostname") (value "Versus")
L 04/19/2021 - 17:16:42: [l4d2_skill_detect.smx] Charge carry start: 8 - 4 -- time: 111.13
L 04/19/2021 - 17:16:45: [l4d2_skill_detect.smx] Checking charge victim: 8 - 4 - flags: 1 (alive? 1)
L 04/19/2021 - 17:16:46: [l4d2_skill_detect.smx] Checking charge victim: 8 - 2 - flags: 0 (alive? 1)
L 04/19/2021 - 17:16:54: [admin_hp.smx]  
L 04/19/2021 - 17:19:26: [l4d2_skill_detect.smx] Clear: 2 freed 1 from 9: time: -1.00 / 1.92 -- class: smoker (with shove? 1)
L 04/19/2021 - 17:19:54: [l4d2_skill_detect.smx] Clear: 8 freed 5 from 3: time: 1.89 / -1.00 -- class: hunter (with shove? 0)
L 04/19/2021 - 17:20:10: [basecommands.smx] "ɛʟ ɮǟռǟռɛʀօ<3><STEAM_1:1:4151444><>" changed cvar (cvar "vs_max_team_switches") (value "0")
L 04/19/2021 - 17:20:37: [l4d2_skill_detect.smx] Charge carry start: 4 - 6 -- time: 346.30
L 04/19/2021 - 17:20:38: [l4d2_skill_detect.smx] Clear: 1 freed 6 from 4: time: 0.64 / 1.61 -- class: charger (with shove? 0)
L 04/19/2021 - 17:20:40: [l4d2_skill_detect.smx] Checking charge victim: 4 - 6 - flags: 1 (alive? 1)
L 04/19/2021 - 17:20:43: [l4d2_skill_detect.smx] Clear: 1 freed 6 from 3: time: -1.00 / 1.90 -- class: smoker (with shove? 0)
L 04/19/2021 - 17:21:47: [l4d2_skill_detect.smx] Clear: 6 freed 2 from 5: time: 3.79 / -1.00 -- class: jockey (with shove? 0)
L 04/19/2021 - 17:22:48: [l4d2_skill_detect.smx] Clear: 2 freed 7 from 8: time: 1.89 / -1.00 -- class: hunter (with shove? 0)
L 04/19/2021 - 17:23:20: [basecommands.smx] "🥐Le Facture - L452R🎮<33><STEAM_1:1:522713982><>" changed cvar (cvar "vs_max_team_switches") (value "5")
L 04/19/2021 - 17:23:21: [l4d2_skill_detect.smx] Charge carry start: 10 - 6 -- time: 511.00
L 04/19/2021 - 17:23:24: [l4d2_skill_detect.smx] Checking charge victim: 10 - 6 - flags: 1 (alive? 1)
L 04/19/2021 - 17:23:38: [l4d2_skill_detect.smx] Clear: 1 freed 7 from 8: time: 11.55 / -1.00 -- class: hunter (with shove? 0)
L 04/19/2021 - 17:24:58: [basecommands.smx] "♛ Rain ♛<2><STEAM_1:0:162762726><>" kicked "QuasWexExort<52><STEAM_1:1:196218823><>" (reason "")
L 04/19/2021 - 17:25:13: [l4d2_skill_detect.smx] Clear: 5 freed 3 from 2: time: 2.09 / 4.02 -- class: smoker (with shove? 1)
L 04/19/2021 - 17:25:47: [l4d2_skill_detect.smx] Clear: 6 freed 5 from 2: time: 2.73 / -1.00 -- class: hunter (with shove? 0)
L 04/19/2021 - 17:26:27: [l4d2_skill_detect.smx] Clear: 3 freed 5 from 2: time: 7.53 / -1.00 -- class: jockey (with shove? 0)
L 04/19/2021 - 17:27:11: [l4d2_skill_detect.smx] Clear: 3 freed 5 from 7: time: 1.79 / -1.00 -- class: hunter (with shove? 0)
L 04/19/2021 - 17:27:48: [l4d2_skill_detect.smx] Clear: 3 freed 5 from 1: time: 0.91 / -1.00 -- class: hunter (with shove? 0)
L 04/19/2021 - 17:27:55: [l4d2_skill_detect.smx] Clear: 3 freed 8 from 7: time: 1.09 / 3.67 -- class: smoker (with shove? 0)
L 04/19/2021 - 17:28:02: [l4d2_skill_detect.smx] Charge carry start: 2 - 3 -- time: 791.48
L 04/19/2021 - 17:28:06: [l4d2_skill_detect.smx] Checking charge victim: 2 - 8 - flags: 0 (alive? 1)
L 04/19/2021 - 17:28:06: [l4d2_skill_detect.smx] Checking charge victim: 2 - 3 - flags: 1 (alive? 1)
L 04/19/2021 - 17:28:07: [l4d2_skill_detect.smx] Clear: 6 freed 3 from 2: time: 3.30 / 5.02 -- class: charger (with shove? 0)
L 04/19/2021 - 17:28:37: [l4d2_skill_detect.smx] Clear: 3 freed 6 from 2: time: -1.00 / 2.62 -- class: smoker (with shove? 0)
L 04/19/2021 - 17:28:59: [l4d2_skill_detect.smx] calarm trigger: caller 802 / activator 802 / delay: 0.00
L 04/19/2021 - 17:29:06: [l4d2_skill_detect.smx] Clear: 3 freed 6 from 7: time: 1.34 / -1.00 -- class: jockey (with shove? 1)
L 04/19/2021 - 17:29:08: [l4d2_skill_detect.smx] Clear: 3 freed 5 from 1: time: 0.57 / 857.83 -- class: charger (with shove? 0)
L 04/19/2021 - 17:29:27: [l4d2_tankswap.smx] ReplaceTank being called, client Tank target ♛ Rain ♛
L 04/19/2021 - 17:29:27: [l4d2_tankswap.smx] ZombieManager pointer: 0x29bec00
L 04/19/2021 - 17:29:38: [l4d2_skill_detect.smx] Charge carry start: 7 - 9 -- time: 887.19
L 04/19/2021 - 17:29:38: [tankdoorfix.smx] Door bug circumvented.
L 04/19/2021 - 17:29:42: [l4d2_skill_detect.smx] Checking charge victim: 7 - 9 - flags: 1 (alive? 1)
L 04/19/2021 - 17:29:53: [l4d2_skill_detect.smx] Clear: 5 freed 9 from 7: time: 13.29 / 15.65 -- class: charger (with shove? 0)
L 04/19/2021 - 17:30:15: -------- Mapchange to c2m2_fairgrounds --------
L 04/19/2021 - 17:30:17: [basecommands.smx] "Console<0><Console><Console>" changed cvar (cvar "sv_force_time_of_day") (value "0")
L 04/19/2021 - 17:30:17: [basecommands.smx] "Console<0><Console><Console>" changed cvar (cvar "z_witch_damage_per_kill_hit") (value "120")
L 04/19/2021 - 17:30:17: [basecommands.smx] "Console<0><Console><Console>" changed cvar (cvar "z_witch_anger_rate") (value "0.4")
L 04/19/2021 - 17:30:17: [basecommands.smx] "Console<0><Console><Console>" changed cvar (cvar "z_witch_flashlight_range") (value "2000")
L 04/19/2021 - 17:30:17: [basecommands.smx] "Console<0><Console><Console>" changed cvar (cvar "z_witch_burn_time") (value "100")
L 04/19/2021 - 17:30:17: [basecommands.smx] "Console<0><Console><Console>" changed cvar (cvar "z_tank_health") (value "4000")
L 04/19/2021 - 17:30:17: [basecommands.smx] "Console<0><Console><Console>" changed cvar (cvar "z_ghost_delay_min") (value "15")
L 04/19/2021 - 17:30:17: [basecommands.smx] "Console<0><Console><Console>" changed cvar (cvar "z_ghost_delay_max") (value "15")
L 04/19/2021 - 17:30:17: [basecommands.smx] "Console<0><Console><Console>" changed cvar (cvar "z_hunter_limit") (value "1")
L 04/19/2021 - 17:30:17: [basecommands.smx] "Console<0><Console><Console>" changed cvar (cvar "z_smoker_limit") (value "1")
L 04/19/2021 - 17:30:17: [basecommands.smx] "Console<0><Console><Console>" changed cvar (cvar "z_jockey_limit") (value "1")
L 04/19/2021 - 17:30:17: [basecommands.smx] "Console<0><Console><Console>" changed cvar (cvar "versus_tank_chance_intro") (value "1")
L 04/19/2021 - 17:30:17: [basecommands.smx] "Console<0><Console><Console>" changed cvar (cvar "versus_tank_chance_finale") (value "1")
L 04/19/2021 - 17:30:17: [basecommands.smx] "Console<0><Console><Console>" changed cvar (cvar "versus_tank_chance") (value "1")
L 04/19/2021 - 17:30:17: [basecommands.smx] "Console<0><Console><Console>" changed cvar (cvar "versus_witch_chance_intro") (value "0")
L 04/19/2021 - 17:30:17: [basecommands.smx] "Console<0><Console><Console>" changed cvar (cvar "versus_witch_chance_finale") (value "0")
L 04/19/2021 - 17:30:17: [basecommands.smx] "Console<0><Console><Console>" changed cvar (cvar "versus_witch_chance") (value "1")
L 04/19/2021 - 17:30:17: [basecommands.smx] "Console<0><Console><Console>" changed cvar (cvar "director_force_tank") (value "1")
L 04/19/2021 - 17:30:17: [basecommands.smx] "Console<0><Console><Console>" changed cvar (cvar "versus_boss_flow_min") (value "0.4")
L 04/19/2021 - 17:30:17: [basecommands.smx] "Console<0><Console><Console>" changed cvar (cvar "versus_boss_flow_max") (value "0.6")
L 04/19/2021 - 17:30:17: [basecommands.smx] "Console<0><Console><Console>" changed cvar (cvar "versus_boss_flow_min_intro") (value "0.1")
L 04/19/2021 - 17:30:17: [basecommands.smx] "Console<0><Console><Console>" changed cvar (cvar "versus_boss_flow_max_intro") (value "0.2")
L 04/19/2021 - 17:30:17: [basecommands.smx] "Console<0><Console><Console>" changed cvar (cvar "versus_boss_flow_min_finale") (value "0.1")
L 04/19/2021 - 17:30:17: [basecommands.smx] "Console<0><Console><Console>" changed cvar (cvar "versus_boss_flow_max_finale") (value "0.2")
L 04/19/2021 - 17:30:17: [basecommands.smx] "Console<0><Console><Console>" changed cvar (cvar "boomer_vomit_delay") (value "0.1")
L 04/19/2021 - 17:30:17: [basecommands.smx] "Console<0><Console><Console>" changed cvar (cvar "smoker_tongue_delay") (value "0.1")
L 04/19/2021 - 17:30:17: [basecommands.smx] "Console<0><Console><Console>" changed cvar (cvar "vs_survival_bonus") (value "35")
L 04/19/2021 - 17:30:17: [basecommands.smx] "Console<0><Console><Console>" changed cvar (cvar "z_tank_throw_health") (value "10")
L 04/19/2021 - 17:30:17: [basecommands.smx] "Console<0><Console><Console>" changed cvar (cvar "sv_client_min_interp_ratio") (value "-1")
L 04/19/2021 - 17:30:17: [basecommands.smx] "Console<0><Console><Console>" changed cvar (cvar "sv_client_max_interp_ratio") (value "0")
L 04/19/2021 - 17:30:17: [basecommands.smx] "Console<0><Console><Console>" changed cvar (cvar "sv_minrate") (value "100000")
L 04/19/2021 - 17:30:17: [basecommands.smx] "Console<0><Console><Console>" changed cvar (cvar "sv_maxrate") (value "100000")
L 04/19/2021 - 17:30:17: [basecommands.smx] "Console<0><Console><Console>" changed cvar (cvar "sv_mincmdrate") (value "100")
L 04/19/2021 - 17:30:17: [basecommands.smx] "Console<0><Console><Console>" changed cvar (cvar "sv_maxcmdrate") (value "100")
L 04/19/2021 - 17:30:17: [basecommands.smx] "Console<0><Console><Console>" changed cvar (cvar "sv_minupdaterate") (value "100")
L 04/19/2021 - 17:30:17: [basecommands.smx] "Console<0><Console><Console>" changed cvar (cvar "sv_maxupdaterate") (value "100")
L 04/19/2021 - 17:30:17: [basecommands.smx] "Console<0><Console><Console>" changed cvar (cvar "nb_update_frequency") (value "0.014")
L 04/19/2021 - 17:30:17: [basecommands.smx] "Console<0><Console><Console>" changed cvar (cvar "net_splitpacket_maxrate") (value "50000")
L 04/19/2021 - 17:30:17: [basecommands.smx] "Console<0><Console><Console>" changed cvar (cvar "fps_max") (value "0")
L 04/19/2021 - 17:30:17: [basecommands.smx] "Console<0><Console><Console>" changed cvar (cvar "hostname") (value "Versus")
L 04/19/2021 - 17:31:44: [l4d2_skill_detect.smx] Clear: 5 freed 9 from 1: time: 6.16 / -1.00 -- class: jockey (with shove? 0)
L 04/19/2021 - 17:31:44: [l4d2_skill_detect.smx] Clear: 3 freed 5 from 4: time: -1.00 / 1.01 -- class: smoker (with shove? 1)
L 04/19/2021 - 17:31:46: [l4d2_skill_detect.smx] Charge carry start: 7 - 5 -- time: 86.59
L 04/19/2021 - 17:31:50: [l4d2_skill_detect.smx] Checking charge victim: 7 - 5 - flags: 1 (alive? 1)
L 04/19/2021 - 17:31:52: [l4d2_skill_detect.smx] Clear: 6 freed 5 from 7: time: 3.82 / 6.19 -- class: charger (with shove? 0)
L 04/19/2021 - 17:32:12: [l4d2_skill_detect.smx] Clear: 6 freed 5 from 2: time: 1.47 / -1.00 -- class: hunter (with shove? 0)
L 04/19/2021 - 17:32:40: [l4d2_skill_detect.smx] Clear: 3 freed 9 from 7: time: 1.08 / -1.00 -- class: jockey (with shove? 0)
L 04/19/2021 - 17:32:52: [l4d2_skill_detect.smx] Charge carry start: 4 - 6 -- time: 153.14
L 04/19/2021 - 17:32:57: [l4d2_skill_detect.smx] Checking charge victim: 4 - 6 - flags: 1 (alive? 1)
L 04/19/2021 - 17:33:00: [l4d2_skill_detect.smx] Clear: 5 freed 6 from 4: time: 3.86 / 7.13 -- class: charger (with shove? 0)
L 04/19/2021 - 17:33:05: [l4d2_skill_detect.smx] Clear: 3 freed 6 from 1: time: 0.94 / -1.00 -- class: hunter (with shove? 0)
L 04/19/2021 - 17:33:18: [l4d2_skill_detect.smx] Clear: 9 freed 5 from 2: time: 4.15 / -1.00 -- class: jockey (with shove? 0)
L 04/19/2021 - 17:33:29: [l4d2_skill_detect.smx] Charge carry start: 1 - 6 -- time: 189.88
L 04/19/2021 - 17:33:31: [l4d2_skill_detect.smx] Clear: 5 freed 6 from 1: time: 0.90 / 1.95 -- class: charger (with shove? 0)
L 04/19/2021 - 17:33:33: [l4d2_skill_detect.smx] Checking charge victim: 1 - 6 - flags: 1 (alive? 1)
L 04/19/2021 - 17:33:38: [l4d2_skill_detect.smx] Clear: 5 freed 6 from 7: time: -1.00 / 1.48 -- class: smoker (with shove? 0)
L 04/19/2021 - 17:33:58: [l4d2_skill_detect.smx] Charge carry start: 1 - 9 -- time: 218.62
L 04/19/2021 - 17:34:00: [l4d2_skill_detect.smx] Clear: 3 freed 9 from 1: time: 1.14 / 2.41 -- class: charger (with shove? 0)
L 04/19/2021 - 17:34:01: [l4d2_skill_detect.smx] Clear: 3 freed 5 from 2: time: 2.81 / -1.00 -- class: jockey (with shove? 0)
L 04/19/2021 - 17:34:02: [l4d2_skill_detect.smx] Checking charge victim: 1 - 9 - flags: 1 (alive? 1)
L 04/19/2021 - 17:34:29: [l4d2_skill_detect.smx] Charge carry start: 2 - 6 -- time: 249.47
L 04/19/2021 - 17:34:30: [l4d2_skill_detect.smx] Clear: 5 freed 6 from 2: time: 0.18 / 1.13 -- class: charger (with shove? 0)
L 04/19/2021 - 17:34:32: [l4d2_skill_detect.smx] Checking charge victim: 2 - 6 - flags: 1 (alive? 1)
L 04/19/2021 - 17:34:32: [l4d2_skill_detect.smx] Clear: 3 freed 9 from 7: time: 1.67 / -1.00 -- class: hunter (with shove? 0)
L 04/19/2021 - 17:34:39: [l4d2_skill_detect.smx] Clear: 3 freed 5 from 1: time: -1.00 / 1.31 -- class: smoker (with shove? 0)
L 04/19/2021 - 17:35:03: [l4d2_skill_detect.smx] Charge carry start: 2 - 5 -- time: 283.47
L 04/19/2021 - 17:35:06: [l4d2_skill_detect.smx] Clear: 3 freed 5 from 2: time: 1.14 / 3.14 -- class: charger (with shove? 0)
L 04/19/2021 - 17:35:07: [l4d2_skill_detect.smx] Checking charge victim: 2 - 5 - flags: 1 (alive? 1)
L 04/19/2021 - 17:35:11: [l4d2_skill_detect.smx] Clear: 5 freed 6 from 7: time: 1.23 / -1.00 -- class: jockey (with shove? 1)
L 04/19/2021 - 17:35:11: [l4d2_skill_detect.smx] Witch Crown Check: crown shot: 749, harrassed: 1 (full health: 1000 / drawthresh: 500 / oneshot 0)
L 04/19/2021 - 17:35:17: [l4d2_skill_detect.smx] Clear: 6 freed 3 from 1: time: -1.00 / 2.26 -- class: smoker (with shove? 1)
L 04/19/2021 - 17:36:51: [basecommands.smx] "🥐Le Facture - L452R🎮<33><STEAM_1:1:522713982><>" changed cvar (cvar "vs_max_team_switches") (value "5")
L 04/19/2021 - 17:38:05: [l4d2_skill_detect.smx] Clear: 1 freed 2 from 3: time: 1.60 / -1.00 -- class: jockey (with shove? 1)
L 04/19/2021 - 17:38:08: [l4d2_skill_detect.smx] Charge carry start: 5 - 2 -- time: 458.83
L 04/19/2021 - 17:38:13: [l4d2_skill_detect.smx] Clear: 7 freed 2 from 5: time: 1.91 / 4.54 -- class: charger (with shove? 0)
L 04/19/2021 - 17:38:13: [l4d2_skill_detect.smx] Checking charge victim: 5 - 2 - flags: 1 (alive? 1)
L 04/19/2021 - 17:38:16: [l4d2_skill_detect.smx] Clear: 7 freed 1 from 3: time: 3.83 / -1.00 -- class: jockey (with shove? 1)
L 04/19/2021 - 17:38:32: [l4d2_skill_detect.smx] Clear: 4 freed 7 from 9: time: 1.18 / 2.86 -- class: smoker (with shove? 1)
L 04/19/2021 - 17:38:40: [l4d2_skill_detect.smx] Clear: 1 freed 4 from 6: time: 1.08 / -1.00 -- class: hunter (with shove? 0)
L 04/19/2021 - 17:39:16: [l4d2_skill_detect.smx] Witch Crown Check: Failed: bungled: 0 / crowntype: 0 (entity: 595)
L 04/19/2021 - 17:39:16: [l4d2_skill_detect.smx] Witch Crown Check: Further details: attacker: ♛ Rain ♛, attacker dmg: 50, teamless dmg: 0
L 04/19/2021 - 17:39:40: [l4d2_skill_detect.smx] Clear: 7 freed 1 from 8: time: -1.00 / 2.83 -- class: smoker (with shove? 0)
L 04/19/2021 - 17:40:04: [l4d2_skill_detect.smx] Charge carry start: 6 - 4 -- time: 574.75
L 04/19/2021 - 17:40:08: [l4d2_skill_detect.smx] Checking charge victim: 6 - 4 - flags: 1 (alive? 1)
L 04/19/2021 - 17:40:10: [l4d2_skill_detect.smx] Clear: 7 freed 1 from 3: time: 0.58 / 2.15 -- class: smoker (with shove? 0)
L 04/19/2021 - 17:40:13: [l4d2_skill_detect.smx] Clear: 2 freed 4 from 6: time: 7.47 / 8.48 -- class: charger (with shove? 0)
L 04/19/2021 - 17:41:16: -------- Mapchange to c2m3_coaster --------
L 04/19/2021 - 17:41:18: [basecommands.smx] "Console<0><Console><Console>" changed cvar (cvar "sv_force_time_of_day") (value "0")
L 04/19/2021 - 17:41:18: [basecommands.smx] "Console<0><Console><Console>" changed cvar (cvar "z_witch_damage_per_kill_hit") (value "120")
L 04/19/2021 - 17:41:18: [basecommands.smx] "Console<0><Console><Console>" changed cvar (cvar "z_witch_anger_rate") (value "0.4")
L 04/19/2021 - 17:41:18: [basecommands.smx] "Console<0><Console><Console>" changed cvar (cvar "z_witch_flashlight_range") (value "2000")
L 04/19/2021 - 17:41:18: [basecommands.smx] "Console<0><Console><Console>" changed cvar (cvar "z_witch_burn_time") (value "100")
L 04/19/2021 - 17:41:18: [basecommands.smx] "Console<0><Console><Console>" changed cvar (cvar "z_tank_health") (value "4000")
L 04/19/2021 - 17:41:18: [basecommands.smx] "Console<0><Console><Console>" changed cvar (cvar "z_ghost_delay_min") (value "15")
L 04/19/2021 - 17:41:18: [basecommands.smx] "Console<0><Console><Console>" changed cvar (cvar "z_ghost_delay_max") (value "15")
L 04/19/2021 - 17:41:18: [basecommands.smx] "Console<0><Console><Console>" changed cvar (cvar "z_hunter_limit") (value "1")
L 04/19/2021 - 17:41:18: [basecommands.smx] "Console<0><Console><Console>" changed cvar (cvar "z_smoker_limit") (value "1")
L 04/19/2021 - 17:41:18: [basecommands.smx] "Console<0><Console><Console>" changed cvar (cvar "z_jockey_limit") (value "1")
L 04/19/2021 - 17:41:18: [basecommands.smx] "Console<0><Console><Console>" changed cvar (cvar "versus_tank_chance_intro") (value "1")
L 04/19/2021 - 17:41:18: [basecommands.smx] "Console<0><Console><Console>" changed cvar (cvar "versus_tank_chance_finale") (value "1")
L 04/19/2021 - 17:41:18: [basecommands.smx] "Console<0><Console><Console>" changed cvar (cvar "versus_tank_chance") (value "1")
L 04/19/2021 - 17:41:18: [basecommands.smx] "Console<0><Console><Console>" changed cvar (cvar "versus_witch_chance_intro") (value "0")
L 04/19/2021 - 17:41:18: [basecommands.smx] "Console<0><Console><Console>" changed cvar (cvar "versus_witch_chance_finale") (value "0")
L 04/19/2021 - 17:41:18: [basecommands.smx] "Console<0><Console><Console>" changed cvar (cvar "versus_witch_chance") (value "1")
L 04/19/2021 - 17:41:18: [basecommands.smx] "Console<0><Console><Console>" changed cvar (cvar "director_force_tank") (value "1")
L 04/19/2021 - 17:41:18: [basecommands.smx] "Console<0><Console><Console>" changed cvar (cvar "versus_boss_flow_min") (value "0.4")
L 04/19/2021 - 17:41:18: [basecommands.smx] "Console<0><Console><Console>" changed cvar (cvar "versus_boss_flow_max") (value "0.6")
L 04/19/2021 - 17:41:18: [basecommands.smx] "Console<0><Console><Console>" changed cvar (cvar "versus_boss_flow_min_intro") (value "0.1")
L 04/19/2021 - 17:41:18: [basecommands.smx] "Console<0><Console><Console>" changed cvar (cvar "versus_boss_flow_max_intro") (value "0.2")
L 04/19/2021 - 17:41:18: [basecommands.smx] "Console<0><Console><Console>" changed cvar (cvar "versus_boss_flow_min_finale") (value "0.1")
L 04/19/2021 - 17:41:18: [basecommands.smx] "Console<0><Console><Console>" changed cvar (cvar "versus_boss_flow_max_finale") (value "0.2")
L 04/19/2021 - 17:41:18: [basecommands.smx] "Console<0><Console><Console>" changed cvar (cvar "boomer_vomit_delay") (value "0.1")
L 04/19/2021 - 17:41:18: [basecommands.smx] "Console<0><Console><Console>" changed cvar (cvar "smoker_tongue_delay") (value "0.1")
L 04/19/2021 - 17:41:18: [basecommands.smx] "Console<0><Console><Console>" changed cvar (cvar "vs_survival_bonus") (value "35")
L 04/19/2021 - 17:41:18: [basecommands.smx] "Console<0><Console><Console>" changed cvar (cvar "z_tank_throw_health") (value "10")
L 04/19/2021 - 17:41:18: [basecommands.smx] "Console<0><Console><Console>" changed cvar (cvar "sv_client_min_interp_ratio") (value "-1")
L 04/19/2021 - 17:41:18: [basecommands.smx] "Console<0><Console><Console>" changed cvar (cvar "sv_client_max_interp_ratio") (value "0")
L 04/19/2021 - 17:41:18: [basecommands.smx] "Console<0><Console><Console>" changed cvar (cvar "sv_minrate") (value "100000")
L 04/19/2021 - 17:41:18: [basecommands.smx] "Console<0><Console><Console>" changed cvar (cvar "sv_maxrate") (value "100000")
L 04/19/2021 - 17:41:18: [basecommands.smx] "Console<0><Console><Console>" changed cvar (cvar "sv_mincmdrate") (value "100")
L 04/19/2021 - 17:41:18: [basecommands.smx] "Console<0><Console><Console>" changed cvar (cvar "sv_maxcmdrate") (value "100")
L 04/19/2021 - 17:41:18: [basecommands.smx] "Console<0><Console><Console>" changed cvar (cvar "sv_minupdaterate") (value "100")
L 04/19/2021 - 17:41:18: [basecommands.smx] "Console<0><Console><Console>" changed cvar (cvar "sv_maxupdaterate") (value "100")
L 04/19/2021 - 17:41:18: [basecommands.smx] "Console<0><Console><Console>" changed cvar (cvar "nb_update_frequency") (value "0.014")
L 04/19/2021 - 17:41:18: [basecommands.smx] "Console<0><Console><Console>" changed cvar (cvar "net_splitpacket_maxrate") (value "50000")
L 04/19/2021 - 17:41:18: [basecommands.smx] "Console<0><Console><Console>" changed cvar (cvar "fps_max") (value "0")
L 04/19/2021 - 17:41:18: [basecommands.smx] "Console<0><Console><Console>" changed cvar (cvar "hostname") (value "Versus")
L 04/19/2021 - 17:42:38: [l4d2_skill_detect.smx] Clear: 3 freed 5 from 2: time: 1.58 / -1.00 -- class: hunter (with shove? 0)
L 04/19/2021 - 17:42:40: [l4d2_skill_detect.smx] Clear: 3 freed 6 from 1: time: 11.90 / 80.69 -- class: charger (with shove? 0)
L 04/19/2021 - 17:43:10: [l4d2_skill_detect.smx] Charge carry start: 7 - 5 -- time: 110.34
L 04/19/2021 - 17:43:13: [l4d2_skill_detect.smx] Clear: 8 freed 5 from 7: time: 0.60 / 2.69 -- class: charger (with shove? 0)
L 04/19/2021 - 17:43:14: [l4d2_skill_detect.smx] Checking charge victim: 7 - 5 - flags: 1 (alive? 1)
L 04/19/2021 - 17:43:43: [l4d2_skill_detect.smx] Charge carry start: 2 - 8 -- time: 142.94
L 04/19/2021 - 17:43:45: [l4d2_skill_detect.smx] Clear: 5 freed 8 from 2: time: 1.50 / 2.39 -- class: charger (with shove? 0)
L 04/19/2021 - 17:43:46: [l4d2_skill_detect.smx] Checking charge victim: 2 - 8 - flags: 1 (alive? 1)
L 04/19/2021 - 17:43:49: [l4d2_skill_detect.smx] Clear: 5 freed 3 from 7: time: 1.74 / -1.00 -- class: hunter (with shove? 0)
L 04/19/2021 - 17:44:10: [l4d2_skill_detect.smx] Clear: 6 freed 5 from 4: time: 4.38 / -1.00 -- class: jockey (with shove? 0)
L 04/19/2021 - 17:44:27: [l4d2_skill_detect.smx] Charge carry start: 1 - 5 -- time: 187.19
L 04/19/2021 - 17:44:31: [l4d2_skill_detect.smx] Checking charge victim: 1 - 3 - flags: 0 (alive? 1)
L 04/19/2021 - 17:44:31: [l4d2_skill_detect.smx] Checking charge victim: 1 - 6 - flags: 0 (alive? 1)
L 04/19/2021 - 17:44:31: [l4d2_skill_detect.smx] Checking charge victim: 1 - 5 - flags: 1 (alive? 1)
L 04/19/2021 - 17:44:32: [l4d2_skill_detect.smx] Clear: 6 freed 5 from 1: time: 2.81 / 4.76 -- class: charger (with shove? 0)
L 04/19/2021 - 17:44:41: [l4d2_skill_detect.smx] Clear: 8 freed 5 from 4: time: 1.33 / -1.00 -- class: hunter (with shove? 0)
L 04/19/2021 - 17:45:02: [l4d2_skill_detect.smx] Clear: 5 freed 3 from 1: time: 1.27 / 4.29 -- class: smoker (with shove? 0)
L 04/19/2021 - 17:45:08: [l4d2_skill_detect.smx] Charge carry start: 4 - 6 -- time: 228.30
L 04/19/2021 - 17:45:11: [l4d2_skill_detect.smx] Checking charge victim: 4 - 6 - flags: 1 (alive? 1)
L 04/19/2021 - 17:45:19: [l4d2_skill_detect.smx] Clear: 5 freed 6 from 4: time: 9.54 / 10.61 -- class: charger (with shove? 0)
L 04/19/2021 - 17:46:49: [l4d2_skill_detect.smx] Charge carry start: 3 - 1 -- time: 329.48
L 04/19/2021 - 17:46:53: [l4d2_skill_detect.smx] Checking charge victim: 3 - 1 - flags: 1 (alive? 1)
L 04/19/2021 - 17:46:53: [l4d2_skill_detect.smx] Clear: 7 freed 1 from 3: time: 2.22 / 3.58 -- class: charger (with shove? 0)
L 04/19/2021 - 17:47:29: [l4d2_skill_detect.smx] Clear: 1 freed 1 from 5: time: -1.00 / 0.27 -- class: smoker (with shove? 1)
L 04/19/2021 - 17:47:34: [l4d2_skill_detect.smx] Charge carry start: 8 - 1 -- time: 374.38
L 04/19/2021 - 17:47:34: [l4d2_skill_detect.smx] Clear: 4 freed 1 from 8: time: 0.00 / 0.05 -- class: charger (with shove? 0)
L 04/19/2021 - 17:47:37: [l4d2_skill_detect.smx] Checking charge victim: 8 - 1 - flags: 1 (alive? 1)
L 04/19/2021 - 17:48:19: [l4d2_skill_detect.smx] Clear: 7 freed 1 from 6: time: 10.08 / -1.00 -- class: jockey (with shove? 0)
L 04/19/2021 - 17:48:26: [l4d2_skill_detect.smx] Clear: 7 freed 2 from 3: time: 2.60 / -1.00 -- class: hunter (with shove? 0)
L 04/19/2021 - 17:48:42: [l4d2_skill_detect.smx] Charge carry start: 8 - 2 -- time: 442.22
L 04/19/2021 - 17:48:44: [l4d2_skill_detect.smx] Clear: 7 freed 2 from 8: time: 1.10 / 1.97 -- class: charger (with shove? 0)
L 04/19/2021 - 17:48:45: [l4d2_skill_detect.smx] Checking charge victim: 8 - 2 - flags: 1 (alive? 1)
L 04/19/2021 - 17:49:01: [l4d2_skill_detect.smx] Clear: 7 freed 1 from 5: time: 7.52 / 14.33 -- class: smoker (with shove? 1)
L 04/19/2021 - 17:49:21: Log file closed.
