L 04/28/2021 - 00:00:13: SourceMod log file session started (file "D:\Steam\steamapps\common\Left 4 Dead 2\left4dead2\addons\sourcemod\logs\L20210428.log") (Version "1.10.0.6492")
L 04/28/2021 - 00:00:13: [l4d2_skill_detect.smx] Clear: 7 freed 1 from 5: time: -1.00 / 1.86 -- class: smoker (with shove? 0)
L 04/28/2021 - 00:00:14: [l4d2_skill_detect.smx] Clear: 3 freed 2 from 6: time: 1.02 / -1.00 -- class: jockey (with shove? 0)
L 04/28/2021 - 00:21:01: Log file closed.
L 04/28/2021 - 20:33:33: SourceMod log file session started (file "D:\Steam\steamapps\common\Left 4 Dead 2\left4dead2\addons\sourcemod\logs\L20210428.log") (Version "1.10.0.6492")
L 04/28/2021 - 20:33:33: [simplewelcomemsg.smx] Set the maximum number of lines of.
L 04/28/2021 - 20:33:41: [basecommands.smx] "Console<0><Console><Console>" changed cvar (cvar "sv_force_time_of_day") (value "0")
L 04/28/2021 - 20:33:41: [basecommands.smx] "Console<0><Console><Console>" changed cvar (cvar "z_witch_damage_per_kill_hit") (value "120")
L 04/28/2021 - 20:33:41: [basecommands.smx] "Console<0><Console><Console>" changed cvar (cvar "z_witch_anger_rate") (value "0.4")
L 04/28/2021 - 20:33:41: [basecommands.smx] "Console<0><Console><Console>" changed cvar (cvar "z_witch_flashlight_range") (value "2000")
L 04/28/2021 - 20:33:41: [basecommands.smx] "Console<0><Console><Console>" changed cvar (cvar "z_witch_burn_time") (value "100")
L 04/28/2021 - 20:33:41: [basecommands.smx] "Console<0><Console><Console>" changed cvar (cvar "z_tank_health") (value "4000")
L 04/28/2021 - 20:33:41: [basecommands.smx] "Console<0><Console><Console>" changed cvar (cvar "z_ghost_delay_min") (value "15")
L 04/28/2021 - 20:33:41: [basecommands.smx] "Console<0><Console><Console>" changed cvar (cvar "z_ghost_delay_max") (value "15")
L 04/28/2021 - 20:33:41: [basecommands.smx] "Console<0><Console><Console>" changed cvar (cvar "z_hunter_limit") (value "1")
L 04/28/2021 - 20:33:41: [basecommands.smx] "Console<0><Console><Console>" changed cvar (cvar "z_smoker_limit") (value "1")
L 04/28/2021 - 20:33:41: [basecommands.smx] "Console<0><Console><Console>" changed cvar (cvar "z_jockey_limit") (value "1")
L 04/28/2021 - 20:33:41: [basecommands.smx] "Console<0><Console><Console>" changed cvar (cvar "versus_tank_chance_intro") (value "1")
L 04/28/2021 - 20:33:41: [basecommands.smx] "Console<0><Console><Console>" changed cvar (cvar "versus_tank_chance_finale") (value "1")
L 04/28/2021 - 20:33:41: [basecommands.smx] "Console<0><Console><Console>" changed cvar (cvar "versus_tank_chance") (value "1")
L 04/28/2021 - 20:33:41: [basecommands.smx] "Console<0><Console><Console>" changed cvar (cvar "versus_witch_chance_intro") (value "0")
L 04/28/2021 - 20:33:41: [basecommands.smx] "Console<0><Console><Console>" changed cvar (cvar "versus_witch_chance_finale") (value "0")
L 04/28/2021 - 20:33:41: [basecommands.smx] "Console<0><Console><Console>" changed cvar (cvar "versus_witch_chance") (value "1")
L 04/28/2021 - 20:33:41: [basecommands.smx] "Console<0><Console><Console>" changed cvar (cvar "director_force_tank") (value "1")
L 04/28/2021 - 20:33:41: [basecommands.smx] "Console<0><Console><Console>" changed cvar (cvar "versus_boss_flow_min") (value "0.4")
L 04/28/2021 - 20:33:41: [basecommands.smx] "Console<0><Console><Console>" changed cvar (cvar "versus_boss_flow_max") (value "0.6")
L 04/28/2021 - 20:33:41: [basecommands.smx] "Console<0><Console><Console>" changed cvar (cvar "versus_boss_flow_min_intro") (value "0.1")
L 04/28/2021 - 20:33:41: [basecommands.smx] "Console<0><Console><Console>" changed cvar (cvar "versus_boss_flow_max_intro") (value "0.2")
L 04/28/2021 - 20:33:41: [basecommands.smx] "Console<0><Console><Console>" changed cvar (cvar "versus_boss_flow_min_finale") (value "0.1")
L 04/28/2021 - 20:33:41: [basecommands.smx] "Console<0><Console><Console>" changed cvar (cvar "versus_boss_flow_max_finale") (value "0.2")
L 04/28/2021 - 20:33:41: [basecommands.smx] "Console<0><Console><Console>" changed cvar (cvar "boomer_vomit_delay") (value "0.1")
L 04/28/2021 - 20:33:41: [basecommands.smx] "Console<0><Console><Console>" changed cvar (cvar "smoker_tongue_delay") (value "0.1")
L 04/28/2021 - 20:33:41: [basecommands.smx] "Console<0><Console><Console>" changed cvar (cvar "vs_survival_bonus") (value "35")
L 04/28/2021 - 20:33:41: [basecommands.smx] "Console<0><Console><Console>" changed cvar (cvar "z_tank_throw_health") (value "10")
L 04/28/2021 - 20:33:41: [basecommands.smx] "Console<0><Console><Console>" changed cvar (cvar "sv_client_min_interp_ratio") (value "-1")
L 04/28/2021 - 20:33:41: [basecommands.smx] "Console<0><Console><Console>" changed cvar (cvar "sv_client_max_interp_ratio") (value "0")
L 04/28/2021 - 20:33:41: [basecommands.smx] "Console<0><Console><Console>" changed cvar (cvar "sv_minrate") (value "100000")
L 04/28/2021 - 20:33:41: [basecommands.smx] "Console<0><Console><Console>" changed cvar (cvar "sv_maxrate") (value "100000")
L 04/28/2021 - 20:33:41: [basecommands.smx] "Console<0><Console><Console>" changed cvar (cvar "sv_mincmdrate") (value "100")
L 04/28/2021 - 20:33:41: [basecommands.smx] "Console<0><Console><Console>" changed cvar (cvar "sv_maxcmdrate") (value "100")
L 04/28/2021 - 20:33:41: [basecommands.smx] "Console<0><Console><Console>" changed cvar (cvar "sv_minupdaterate") (value "100")
L 04/28/2021 - 20:33:41: [basecommands.smx] "Console<0><Console><Console>" changed cvar (cvar "sv_maxupdaterate") (value "100")
L 04/28/2021 - 20:33:41: [basecommands.smx] "Console<0><Console><Console>" changed cvar (cvar "nb_update_frequency") (value "0.014")
L 04/28/2021 - 20:33:41: [basecommands.smx] "Console<0><Console><Console>" changed cvar (cvar "net_splitpacket_maxrate") (value "50000")
L 04/28/2021 - 20:33:41: [basecommands.smx] "Console<0><Console><Console>" changed cvar (cvar "fps_max") (value "0")
L 04/28/2021 - 20:33:41: [basecommands.smx] "Console<0><Console><Console>" changed cvar (cvar "hostname") (value "Versus")
L 04/28/2021 - 20:38:09: [l4d2_skill_detect.smx] Clear: 5 freed 2 from 3: time: 0.13 / 4.30 -- class: smoker (with shove? 1)
L 04/28/2021 - 20:40:03: [admin_hp.smx]  
L 04/28/2021 - 20:42:18: [admin_hp.smx]  
L 04/28/2021 - 20:42:53: -------- Mapchange to c8m1_apartment --------
L 04/28/2021 - 20:42:58: [basecommands.smx] "Console<0><Console><Console>" changed cvar (cvar "sv_force_time_of_day") (value "0")
L 04/28/2021 - 20:42:58: [basecommands.smx] "Console<0><Console><Console>" changed cvar (cvar "z_witch_damage_per_kill_hit") (value "120")
L 04/28/2021 - 20:42:58: [basecommands.smx] "Console<0><Console><Console>" changed cvar (cvar "z_witch_anger_rate") (value "0.4")
L 04/28/2021 - 20:42:58: [basecommands.smx] "Console<0><Console><Console>" changed cvar (cvar "z_witch_flashlight_range") (value "2000")
L 04/28/2021 - 20:42:58: [basecommands.smx] "Console<0><Console><Console>" changed cvar (cvar "z_witch_burn_time") (value "100")
L 04/28/2021 - 20:42:58: [basecommands.smx] "Console<0><Console><Console>" changed cvar (cvar "z_tank_health") (value "4000")
L 04/28/2021 - 20:42:58: [basecommands.smx] "Console<0><Console><Console>" changed cvar (cvar "z_ghost_delay_min") (value "15")
L 04/28/2021 - 20:42:58: [basecommands.smx] "Console<0><Console><Console>" changed cvar (cvar "z_ghost_delay_max") (value "15")
L 04/28/2021 - 20:42:58: [basecommands.smx] "Console<0><Console><Console>" changed cvar (cvar "z_hunter_limit") (value "1")
L 04/28/2021 - 20:42:58: [basecommands.smx] "Console<0><Console><Console>" changed cvar (cvar "z_smoker_limit") (value "1")
L 04/28/2021 - 20:42:58: [basecommands.smx] "Console<0><Console><Console>" changed cvar (cvar "z_jockey_limit") (value "1")
L 04/28/2021 - 20:42:58: [basecommands.smx] "Console<0><Console><Console>" changed cvar (cvar "versus_tank_chance_intro") (value "1")
L 04/28/2021 - 20:42:58: [basecommands.smx] "Console<0><Console><Console>" changed cvar (cvar "versus_tank_chance_finale") (value "1")
L 04/28/2021 - 20:42:58: [basecommands.smx] "Console<0><Console><Console>" changed cvar (cvar "versus_tank_chance") (value "1")
L 04/28/2021 - 20:42:58: [basecommands.smx] "Console<0><Console><Console>" changed cvar (cvar "versus_witch_chance_intro") (value "0")
L 04/28/2021 - 20:42:58: [basecommands.smx] "Console<0><Console><Console>" changed cvar (cvar "versus_witch_chance_finale") (value "0")
L 04/28/2021 - 20:42:58: [basecommands.smx] "Console<0><Console><Console>" changed cvar (cvar "versus_witch_chance") (value "1")
L 04/28/2021 - 20:42:58: [basecommands.smx] "Console<0><Console><Console>" changed cvar (cvar "director_force_tank") (value "1")
L 04/28/2021 - 20:42:58: [basecommands.smx] "Console<0><Console><Console>" changed cvar (cvar "versus_boss_flow_min") (value "0.4")
L 04/28/2021 - 20:42:58: [basecommands.smx] "Console<0><Console><Console>" changed cvar (cvar "versus_boss_flow_max") (value "0.6")
L 04/28/2021 - 20:42:58: [basecommands.smx] "Console<0><Console><Console>" changed cvar (cvar "versus_boss_flow_min_intro") (value "0.1")
L 04/28/2021 - 20:42:58: [basecommands.smx] "Console<0><Console><Console>" changed cvar (cvar "versus_boss_flow_max_intro") (value "0.2")
L 04/28/2021 - 20:42:58: [basecommands.smx] "Console<0><Console><Console>" changed cvar (cvar "versus_boss_flow_min_finale") (value "0.1")
L 04/28/2021 - 20:42:58: [basecommands.smx] "Console<0><Console><Console>" changed cvar (cvar "versus_boss_flow_max_finale") (value "0.2")
L 04/28/2021 - 20:42:58: [basecommands.smx] "Console<0><Console><Console>" changed cvar (cvar "boomer_vomit_delay") (value "0.1")
L 04/28/2021 - 20:42:58: [basecommands.smx] "Console<0><Console><Console>" changed cvar (cvar "smoker_tongue_delay") (value "0.1")
L 04/28/2021 - 20:42:58: [basecommands.smx] "Console<0><Console><Console>" changed cvar (cvar "vs_survival_bonus") (value "35")
L 04/28/2021 - 20:42:58: [basecommands.smx] "Console<0><Console><Console>" changed cvar (cvar "z_tank_throw_health") (value "10")
L 04/28/2021 - 20:42:58: [basecommands.smx] "Console<0><Console><Console>" changed cvar (cvar "sv_client_min_interp_ratio") (value "-1")
L 04/28/2021 - 20:42:58: [basecommands.smx] "Console<0><Console><Console>" changed cvar (cvar "sv_client_max_interp_ratio") (value "0")
L 04/28/2021 - 20:42:58: [basecommands.smx] "Console<0><Console><Console>" changed cvar (cvar "sv_minrate") (value "100000")
L 04/28/2021 - 20:42:58: [basecommands.smx] "Console<0><Console><Console>" changed cvar (cvar "sv_maxrate") (value "100000")
L 04/28/2021 - 20:42:58: [basecommands.smx] "Console<0><Console><Console>" changed cvar (cvar "sv_mincmdrate") (value "100")
L 04/28/2021 - 20:42:58: [basecommands.smx] "Console<0><Console><Console>" changed cvar (cvar "sv_maxcmdrate") (value "100")
L 04/28/2021 - 20:42:58: [basecommands.smx] "Console<0><Console><Console>" changed cvar (cvar "sv_minupdaterate") (value "100")
L 04/28/2021 - 20:42:58: [basecommands.smx] "Console<0><Console><Console>" changed cvar (cvar "sv_maxupdaterate") (value "100")
L 04/28/2021 - 20:42:58: [basecommands.smx] "Console<0><Console><Console>" changed cvar (cvar "nb_update_frequency") (value "0.014")
L 04/28/2021 - 20:42:58: [basecommands.smx] "Console<0><Console><Console>" changed cvar (cvar "net_splitpacket_maxrate") (value "50000")
L 04/28/2021 - 20:42:58: [basecommands.smx] "Console<0><Console><Console>" changed cvar (cvar "fps_max") (value "0")
L 04/28/2021 - 20:42:58: [basecommands.smx] "Console<0><Console><Console>" changed cvar (cvar "hostname") (value "Versus")
L 04/28/2021 - 20:44:59: [l4d2_skill_detect.smx] Charge carry start: 8 - 6 -- time: 118.41
L 04/28/2021 - 20:45:02: [l4d2_skill_detect.smx] Clear: 2 freed 6 from 8: time: 1.40 / 2.65 -- class: charger (with shove? 0)
L 04/28/2021 - 20:45:03: [l4d2_skill_detect.smx] Checking charge victim: 8 - 6 - flags: 1 (alive? 1)
L 04/28/2021 - 20:46:26: [basecommands.smx] "Duяåznlто™<3><STEAM_1:1:4151444><>" changed cvar (cvar "vs_max_team_switches") (value "0")
L 04/28/2021 - 20:46:36: [l4d2_skill_detect.smx] Clear: 1 freed 3 from 8: time: 0.62 / -1.00 -- class: hunter (with shove? 0)
L 04/28/2021 - 20:46:46: [l4d2_skill_detect.smx] Clear: 6 freed 2 from 7: time: 0.94 / -1.00 -- class: jockey (with shove? 1)
L 04/28/2021 - 20:47:06: [l4d2_skill_detect.smx] Clear: 2 freed 3 from 5: time: 1.63 / -1.00 -- class: hunter (with shove? 0)
L 04/28/2021 - 20:47:31: [l4d2_skill_detect.smx] Clear: 6 freed 2 from 5: time: 1.82 / -1.00 -- class: jockey (with shove? 1)
L 04/28/2021 - 20:47:42: [l4d2_skill_detect.smx] Clear: 2 freed 6 from 7: time: 1.22 / 3.23 -- class: smoker (with shove? 1)
L 04/28/2021 - 20:47:53: [l4d2_skill_detect.smx] Clear: 3 freed 1 from 4: time: 1.02 / 291.79 -- class: charger (with shove? 0)
L 04/28/2021 - 20:47:56: [l4d2_skill_detect.smx] Clear: 1 freed 6 from 5: time: -1.00 / 1.59 -- class: smoker (with shove? 1)
L 04/28/2021 - 20:48:21: [l4d2_skill_detect.smx] Witch Crown Check: crown shot: 846, harrassed: 1 (full health: 1000 / drawthresh: 500 / oneshot 0)
L 04/28/2021 - 20:48:25: [l4d2_skill_detect.smx] Charge carry start: 5 - 2 -- time: 323.91
L 04/28/2021 - 20:48:28: [l4d2_skill_detect.smx] Clear: 3 freed 2 from 5: time: 2.07 / 3.63 -- class: charger (with shove? 0)
L 04/28/2021 - 20:48:28: [l4d2_skill_detect.smx] Checking charge victim: 5 - 2 - flags: 1 (alive? 1)
L 04/28/2021 - 20:49:02: [l4d2_skill_detect.smx] Charge carry start: 9 - 2 -- time: 360.70
L 04/28/2021 - 20:49:06: [l4d2_skill_detect.smx] Checking charge victim: 9 - 2 - flags: 1 (alive? 1)
L 04/28/2021 - 20:49:09: [l4d2_skill_detect.smx] Clear: 1 freed 2 from 9: time: 4.70 / 7.48 -- class: charger (with shove? 0)
L 04/28/2021 - 20:51:35: [l4d2_skill_detect.smx] Charge carry start: 4 - 9 -- time: 513.47
L 04/28/2021 - 20:51:37: [l4d2_skill_detect.smx] Checking charge victim: 4 - 9 - flags: 1 (alive? 1)
L 04/28/2021 - 20:52:07: [l4d2_skill_detect.smx] Clear: 9 freed 5 from 2: time: 2.73 / -1.00 -- class: jockey (with shove? 0)
L 04/28/2021 - 20:52:19: [l4d2_skill_detect.smx] Clear: 5 freed 3 from 4: time: -1.00 / 1.67 -- class: smoker (with shove? 0)
L 04/28/2021 - 20:52:34: [l4d2_skill_detect.smx] Charge carry start: 2 - 10 -- time: 572.22
L 04/28/2021 - 20:52:37: [l4d2_skill_detect.smx] Checking charge victim: 2 - 10 - flags: 1 (alive? 1)
L 04/28/2021 - 20:52:42: [l4d2_skill_detect.smx] Clear: 9 freed 10 from 2: time: 7.76 / 8.78 -- class: charger (with shove? 0)
L 04/28/2021 - 20:53:02: [l4d2_skill_detect.smx] Clear: 9 freed 10 from 1: time: 1.88 / -1.00 -- class: jockey (with shove? 0)
L 04/28/2021 - 20:53:04: [l4d2_skill_detect.smx] Clear: 9 freed 5 from 6: time: 1.07 / -1.00 -- class: hunter (with shove? 0)
L 04/28/2021 - 20:53:46: [l4d2_skill_detect.smx] Clear: 9 freed 10 from 2: time: 1.53 / -1.00 -- class: hunter (with shove? 0)
L 04/28/2021 - 20:54:13: [l4d2_skill_detect.smx] Charge carry start: 6 - 5 -- time: 671.70
L 04/28/2021 - 20:54:16: [l4d2_skill_detect.smx] Checking charge victim: 6 - 5 - flags: 17 (alive? 1)
L 04/28/2021 - 20:54:18: [l4d2_skill_detect.smx] Charge carry start: 6 - 10 -- time: 677.16
L 04/28/2021 - 20:54:19: [l4d2_skill_detect.smx] Clear: 3 freed 10 from 6: time: 0.00 / 0.11 -- class: charger (with shove? 0)
L 04/28/2021 - 20:54:21: [l4d2_skill_detect.smx] Checking charge victim: 6 - 10 - flags: 1 (alive? 1)
L 04/28/2021 - 20:54:46: [l4d2_skill_detect.smx] Clear: 3 freed 9 from 2: time: 2.42 / 5.65 -- class: smoker (with shove? 1)
L 04/28/2021 - 20:54:51: [l4d2_skill_detect.smx] Clear: 9 freed 3 from 5: time: 3.63 / -1.00 -- class: hunter (with shove? 0)
L 04/28/2021 - 20:56:03: -------- Mapchange to c8m2_subway --------
L 04/28/2021 - 20:56:05: [basecommands.smx] "Console<0><Console><Console>" changed cvar (cvar "sv_force_time_of_day") (value "0")
L 04/28/2021 - 20:56:05: [basecommands.smx] "Console<0><Console><Console>" changed cvar (cvar "z_witch_damage_per_kill_hit") (value "120")
L 04/28/2021 - 20:56:05: [basecommands.smx] "Console<0><Console><Console>" changed cvar (cvar "z_witch_anger_rate") (value "0.4")
L 04/28/2021 - 20:56:05: [basecommands.smx] "Console<0><Console><Console>" changed cvar (cvar "z_witch_flashlight_range") (value "2000")
L 04/28/2021 - 20:56:05: [basecommands.smx] "Console<0><Console><Console>" changed cvar (cvar "z_witch_burn_time") (value "100")
L 04/28/2021 - 20:56:05: [basecommands.smx] "Console<0><Console><Console>" changed cvar (cvar "z_tank_health") (value "4000")
L 04/28/2021 - 20:56:05: [basecommands.smx] "Console<0><Console><Console>" changed cvar (cvar "z_ghost_delay_min") (value "15")
L 04/28/2021 - 20:56:05: [basecommands.smx] "Console<0><Console><Console>" changed cvar (cvar "z_ghost_delay_max") (value "15")
L 04/28/2021 - 20:56:05: [basecommands.smx] "Console<0><Console><Console>" changed cvar (cvar "z_hunter_limit") (value "1")
L 04/28/2021 - 20:56:05: [basecommands.smx] "Console<0><Console><Console>" changed cvar (cvar "z_smoker_limit") (value "1")
L 04/28/2021 - 20:56:05: [basecommands.smx] "Console<0><Console><Console>" changed cvar (cvar "z_jockey_limit") (value "1")
L 04/28/2021 - 20:56:05: [basecommands.smx] "Console<0><Console><Console>" changed cvar (cvar "versus_tank_chance_intro") (value "1")
L 04/28/2021 - 20:56:05: [basecommands.smx] "Console<0><Console><Console>" changed cvar (cvar "versus_tank_chance_finale") (value "1")
L 04/28/2021 - 20:56:05: [basecommands.smx] "Console<0><Console><Console>" changed cvar (cvar "versus_tank_chance") (value "1")
L 04/28/2021 - 20:56:05: [basecommands.smx] "Console<0><Console><Console>" changed cvar (cvar "versus_witch_chance_intro") (value "0")
L 04/28/2021 - 20:56:05: [basecommands.smx] "Console<0><Console><Console>" changed cvar (cvar "versus_witch_chance_finale") (value "0")
L 04/28/2021 - 20:56:05: [basecommands.smx] "Console<0><Console><Console>" changed cvar (cvar "versus_witch_chance") (value "1")
L 04/28/2021 - 20:56:05: [basecommands.smx] "Console<0><Console><Console>" changed cvar (cvar "director_force_tank") (value "1")
L 04/28/2021 - 20:56:05: [basecommands.smx] "Console<0><Console><Console>" changed cvar (cvar "versus_boss_flow_min") (value "0.4")
L 04/28/2021 - 20:56:05: [basecommands.smx] "Console<0><Console><Console>" changed cvar (cvar "versus_boss_flow_max") (value "0.6")
L 04/28/2021 - 20:56:05: [basecommands.smx] "Console<0><Console><Console>" changed cvar (cvar "versus_boss_flow_min_intro") (value "0.1")
L 04/28/2021 - 20:56:05: [basecommands.smx] "Console<0><Console><Console>" changed cvar (cvar "versus_boss_flow_max_intro") (value "0.2")
L 04/28/2021 - 20:56:05: [basecommands.smx] "Console<0><Console><Console>" changed cvar (cvar "versus_boss_flow_min_finale") (value "0.1")
L 04/28/2021 - 20:56:05: [basecommands.smx] "Console<0><Console><Console>" changed cvar (cvar "versus_boss_flow_max_finale") (value "0.2")
L 04/28/2021 - 20:56:05: [basecommands.smx] "Console<0><Console><Console>" changed cvar (cvar "boomer_vomit_delay") (value "0.1")
L 04/28/2021 - 20:56:05: [basecommands.smx] "Console<0><Console><Console>" changed cvar (cvar "smoker_tongue_delay") (value "0.1")
L 04/28/2021 - 20:56:05: [basecommands.smx] "Console<0><Console><Console>" changed cvar (cvar "vs_survival_bonus") (value "35")
L 04/28/2021 - 20:56:05: [basecommands.smx] "Console<0><Console><Console>" changed cvar (cvar "z_tank_throw_health") (value "10")
L 04/28/2021 - 20:56:05: [basecommands.smx] "Console<0><Console><Console>" changed cvar (cvar "sv_client_min_interp_ratio") (value "-1")
L 04/28/2021 - 20:56:05: [basecommands.smx] "Console<0><Console><Console>" changed cvar (cvar "sv_client_max_interp_ratio") (value "0")
L 04/28/2021 - 20:56:05: [basecommands.smx] "Console<0><Console><Console>" changed cvar (cvar "sv_minrate") (value "100000")
L 04/28/2021 - 20:56:05: [basecommands.smx] "Console<0><Console><Console>" changed cvar (cvar "sv_maxrate") (value "100000")
L 04/28/2021 - 20:56:05: [basecommands.smx] "Console<0><Console><Console>" changed cvar (cvar "sv_mincmdrate") (value "100")
L 04/28/2021 - 20:56:05: [basecommands.smx] "Console<0><Console><Console>" changed cvar (cvar "sv_maxcmdrate") (value "100")
L 04/28/2021 - 20:56:05: [basecommands.smx] "Console<0><Console><Console>" changed cvar (cvar "sv_minupdaterate") (value "100")
L 04/28/2021 - 20:56:05: [basecommands.smx] "Console<0><Console><Console>" changed cvar (cvar "sv_maxupdaterate") (value "100")
L 04/28/2021 - 20:56:05: [basecommands.smx] "Console<0><Console><Console>" changed cvar (cvar "nb_update_frequency") (value "0.014")
L 04/28/2021 - 20:56:05: [basecommands.smx] "Console<0><Console><Console>" changed cvar (cvar "net_splitpacket_maxrate") (value "50000")
L 04/28/2021 - 20:56:05: [basecommands.smx] "Console<0><Console><Console>" changed cvar (cvar "fps_max") (value "0")
L 04/28/2021 - 20:56:05: [basecommands.smx] "Console<0><Console><Console>" changed cvar (cvar "hostname") (value "Versus")
L 04/28/2021 - 20:58:16: [l4d2_skill_detect.smx] Clear: 2 freed 6 from 7: time: 1.00 / -1.00 -- class: jockey (with shove? 0)
L 04/28/2021 - 20:58:41: [l4d2_skill_detect.smx] Clear: 1 freed 4 from 9: time: 1.66 / -1.00 -- class: jockey (with shove? 0)
L 04/28/2021 - 20:59:36: [l4d2_skill_detect.smx] Clear: 4 freed 6 from 7: time: 1.32 / -1.00 -- class: jockey (with shove? 0)
L 04/28/2021 - 20:59:39: [l4d2_skill_detect.smx] Clear: 2 freed 6 from 5: time: 1.49 / -1.00 -- class: hunter (with shove? 0)
L 04/28/2021 - 20:59:58: [l4d2_skill_detect.smx] Charge carry start: 5 - 1 -- time: 230.42
L 04/28/2021 - 21:00:01: [l4d2_skill_detect.smx] Checking charge victim: 5 - 1 - flags: 1 (alive? 1)
L 04/28/2021 - 21:00:01: [l4d2_skill_detect.smx] Checking charge victim: 5 - 4 - flags: 0 (alive? 1)
L 04/28/2021 - 21:00:03: [l4d2_skill_detect.smx] Clear: 2 freed 1 from 5: time: 3.27 / 4.57 -- class: charger (with shove? 0)
L 04/28/2021 - 21:00:20: [l4d2_skill_detect.smx] Clear: 6 freed 1 from 7: time: -1.00 / 1.38 -- class: smoker (with shove? 1)
L 04/28/2021 - 21:00:24: [l4d2_skill_detect.smx] Clear: 1 freed 6 from 3: time: 2.39 / -1.00 -- class: jockey (with shove? 1)
L 04/28/2021 - 21:01:14: [l4d2_skill_detect.smx] Clear: 1 freed 2 from 9: time: 7.63 / -1.00 -- class: hunter (with shove? 0)
L 04/28/2021 - 21:01:16: [l4d2_skill_detect.smx] Charge carry start: 3 - 2 -- time: 308.13
L 04/28/2021 - 21:01:18: [l4d2_skill_detect.smx] Clear: 1 freed 2 from 3: time: 0.63 / 1.98 -- class: charger (with shove? 0)
L 04/28/2021 - 21:01:19: [l4d2_skill_detect.smx] Checking charge victim: 3 - 2 - flags: 1 (alive? 1)
L 04/28/2021 - 21:01:37: [l4d2_skill_detect.smx] Clear: 1 freed 6 from 3: time: -1.00 / 0.91 -- class: smoker (with shove? 0)
L 04/28/2021 - 21:03:06: [l4d2_skill_detect.smx] Clear: 1 freed 6 from 7: time: -1.00 / 3.92 -- class: smoker (with shove? 0)
L 04/28/2021 - 21:03:12: [l4d2_skill_detect.smx] Charge carry start: 3 - 1 -- time: 424.39
L 04/28/2021 - 21:03:15: [l4d2_skill_detect.smx] Checking charge victim: 3 - 2 - flags: 0 (alive? 1)
L 04/28/2021 - 21:03:16: [l4d2_skill_detect.smx] Checking charge victim: 3 - 1 - flags: 1 (alive? 1)
L 04/28/2021 - 21:03:22: [l4d2_skill_detect.smx] Clear: 2 freed 1 from 3: time: 7.75 / 10.04 -- class: charger (with shove? 0)
L 04/28/2021 - 21:05:48: [l4d2_skill_detect.smx] Clear: 8 freed 7 from 2: time: 1.34 / -1.00 -- class: hunter (with shove? 1)
L 04/28/2021 - 21:05:49: [l4d2_skill_detect.smx] Clear: 9 freed 7 from 2: time: 2.27 / -1.00 -- class: hunter (with shove? 0)
L 04/28/2021 - 21:05:55: [l4d2_skill_detect.smx] Clear: 5 freed 7 from 10: time: 1.85 / -1.00 -- class: jockey (with shove? 0)
L 04/28/2021 - 21:06:20: [l4d2_skill_detect.smx] Clear: 9 freed 5 from 2: time: 0.61 / 611.75 -- class: charger (with shove? 0)
L 04/28/2021 - 21:06:35: [l4d2_skill_detect.smx] Clear: 9 freed 5 from 4: time: 2.44 / -1.00 -- class: jockey (with shove? 0)
L 04/28/2021 - 21:06:36: [l4d2_skill_detect.smx] Clear: 5 freed 8 from 10: time: 0.60 / -1.00 -- class: hunter (with shove? 1)
L 04/28/2021 - 21:07:27: [basecommands.smx] "♛ Rain ♛<2><STEAM_1:0:162762726><>" kicked "Leito<101><STEAM_1:0:419376145><>" (reason "")
L 04/28/2021 - 21:07:34: [l4d2_skill_detect.smx] Clear: 5 freed 8 from 7: time: 1.60 / -1.00 -- class: hunter (with shove? 1)
L 04/28/2021 - 21:07:53: [l4d2_skill_detect.smx] Charge carry start: 1 - 5 -- time: 704.48
L 04/28/2021 - 21:07:56: [l4d2_skill_detect.smx] Checking charge victim: 1 - 5 - flags: 1 (alive? 1)
L 04/28/2021 - 21:08:05: [basecommands.smx] "♛ Rain ♛<2><STEAM_1:0:162762726><>" changed cvar (cvar "vs_max_team_switches") (value "5")
L 04/28/2021 - 21:08:05: [basecommands.smx] "Duяåznlто™<3><STEAM_1:1:4151444><>" changed cvar (cvar "vs_max_team_switches") (value "5")
L 04/28/2021 - 21:08:15: [basecommands.smx] "♛ Rain ♛<2><STEAM_1:0:162762726><>" changed cvar (cvar "vs_max_team_switches") (value "5")
L 04/28/2021 - 21:08:22: -------- Mapchange to c8m3_sewers --------
L 04/28/2021 - 21:08:25: [basecommands.smx] "Console<0><Console><Console>" changed cvar (cvar "sv_force_time_of_day") (value "0")
L 04/28/2021 - 21:08:25: [basecommands.smx] "Console<0><Console><Console>" changed cvar (cvar "z_witch_damage_per_kill_hit") (value "120")
L 04/28/2021 - 21:08:25: [basecommands.smx] "Console<0><Console><Console>" changed cvar (cvar "z_witch_anger_rate") (value "0.4")
L 04/28/2021 - 21:08:25: [basecommands.smx] "Console<0><Console><Console>" changed cvar (cvar "z_witch_flashlight_range") (value "2000")
L 04/28/2021 - 21:08:25: [basecommands.smx] "Console<0><Console><Console>" changed cvar (cvar "z_witch_burn_time") (value "100")
L 04/28/2021 - 21:08:25: [basecommands.smx] "Console<0><Console><Console>" changed cvar (cvar "z_tank_health") (value "4000")
L 04/28/2021 - 21:08:25: [basecommands.smx] "Console<0><Console><Console>" changed cvar (cvar "z_ghost_delay_min") (value "15")
L 04/28/2021 - 21:08:25: [basecommands.smx] "Console<0><Console><Console>" changed cvar (cvar "z_ghost_delay_max") (value "15")
L 04/28/2021 - 21:08:25: [basecommands.smx] "Console<0><Console><Console>" changed cvar (cvar "z_hunter_limit") (value "1")
L 04/28/2021 - 21:08:25: [basecommands.smx] "Console<0><Console><Console>" changed cvar (cvar "z_smoker_limit") (value "1")
L 04/28/2021 - 21:08:25: [basecommands.smx] "Console<0><Console><Console>" changed cvar (cvar "z_jockey_limit") (value "1")
L 04/28/2021 - 21:08:25: [basecommands.smx] "Console<0><Console><Console>" changed cvar (cvar "versus_tank_chance_intro") (value "1")
L 04/28/2021 - 21:08:25: [basecommands.smx] "Console<0><Console><Console>" changed cvar (cvar "versus_tank_chance_finale") (value "1")
L 04/28/2021 - 21:08:25: [basecommands.smx] "Console<0><Console><Console>" changed cvar (cvar "versus_tank_chance") (value "1")
L 04/28/2021 - 21:08:25: [basecommands.smx] "Console<0><Console><Console>" changed cvar (cvar "versus_witch_chance_intro") (value "0")
L 04/28/2021 - 21:08:25: [basecommands.smx] "Console<0><Console><Console>" changed cvar (cvar "versus_witch_chance_finale") (value "0")
L 04/28/2021 - 21:08:25: [basecommands.smx] "Console<0><Console><Console>" changed cvar (cvar "versus_witch_chance") (value "1")
L 04/28/2021 - 21:08:25: [basecommands.smx] "Console<0><Console><Console>" changed cvar (cvar "director_force_tank") (value "1")
L 04/28/2021 - 21:08:25: [basecommands.smx] "Console<0><Console><Console>" changed cvar (cvar "versus_boss_flow_min") (value "0.4")
L 04/28/2021 - 21:08:25: [basecommands.smx] "Console<0><Console><Console>" changed cvar (cvar "versus_boss_flow_max") (value "0.6")
L 04/28/2021 - 21:08:25: [basecommands.smx] "Console<0><Console><Console>" changed cvar (cvar "versus_boss_flow_min_intro") (value "0.1")
L 04/28/2021 - 21:08:25: [basecommands.smx] "Console<0><Console><Console>" changed cvar (cvar "versus_boss_flow_max_intro") (value "0.2")
L 04/28/2021 - 21:08:25: [basecommands.smx] "Console<0><Console><Console>" changed cvar (cvar "versus_boss_flow_min_finale") (value "0.1")
L 04/28/2021 - 21:08:25: [basecommands.smx] "Console<0><Console><Console>" changed cvar (cvar "versus_boss_flow_max_finale") (value "0.2")
L 04/28/2021 - 21:08:25: [basecommands.smx] "Console<0><Console><Console>" changed cvar (cvar "boomer_vomit_delay") (value "0.1")
L 04/28/2021 - 21:08:25: [basecommands.smx] "Console<0><Console><Console>" changed cvar (cvar "smoker_tongue_delay") (value "0.1")
L 04/28/2021 - 21:08:25: [basecommands.smx] "Console<0><Console><Console>" changed cvar (cvar "vs_survival_bonus") (value "35")
L 04/28/2021 - 21:08:25: [basecommands.smx] "Console<0><Console><Console>" changed cvar (cvar "z_tank_throw_health") (value "10")
L 04/28/2021 - 21:08:25: [basecommands.smx] "Console<0><Console><Console>" changed cvar (cvar "sv_client_min_interp_ratio") (value "-1")
L 04/28/2021 - 21:08:25: [basecommands.smx] "Console<0><Console><Console>" changed cvar (cvar "sv_client_max_interp_ratio") (value "0")
L 04/28/2021 - 21:08:25: [basecommands.smx] "Console<0><Console><Console>" changed cvar (cvar "sv_minrate") (value "100000")
L 04/28/2021 - 21:08:25: [basecommands.smx] "Console<0><Console><Console>" changed cvar (cvar "sv_maxrate") (value "100000")
L 04/28/2021 - 21:08:25: [basecommands.smx] "Console<0><Console><Console>" changed cvar (cvar "sv_mincmdrate") (value "100")
L 04/28/2021 - 21:08:25: [basecommands.smx] "Console<0><Console><Console>" changed cvar (cvar "sv_maxcmdrate") (value "100")
L 04/28/2021 - 21:08:25: [basecommands.smx] "Console<0><Console><Console>" changed cvar (cvar "sv_minupdaterate") (value "100")
L 04/28/2021 - 21:08:25: [basecommands.smx] "Console<0><Console><Console>" changed cvar (cvar "sv_maxupdaterate") (value "100")
L 04/28/2021 - 21:08:25: [basecommands.smx] "Console<0><Console><Console>" changed cvar (cvar "nb_update_frequency") (value "0.014")
L 04/28/2021 - 21:08:25: [basecommands.smx] "Console<0><Console><Console>" changed cvar (cvar "net_splitpacket_maxrate") (value "50000")
L 04/28/2021 - 21:08:25: [basecommands.smx] "Console<0><Console><Console>" changed cvar (cvar "fps_max") (value "0")
L 04/28/2021 - 21:08:25: [basecommands.smx] "Console<0><Console><Console>" changed cvar (cvar "hostname") (value "Versus")
L 04/28/2021 - 21:09:17: [basecommands.smx] "♛ Rain ♛<2><STEAM_1:0:162762726><>" changed cvar (cvar "vs_max_team_switches") (value "0")
L 04/28/2021 - 21:10:13: [l4d2_skill_detect.smx] Clear: 6 freed 9 from 7: time: 1.22 / -1.00 -- class: jockey (with shove? 0)
L 04/28/2021 - 21:11:18: [l4d2_skill_detect.smx] Charge carry start: 4 - 9 -- time: 169.70
L 04/28/2021 - 21:11:20: [l4d2_skill_detect.smx] Clear: 6 freed 9 from 4: time: 1.43 / 2.34 -- class: charger (with shove? 0)
L 04/28/2021 - 21:11:20: [l4d2_skill_detect.smx] Checking charge victim: 4 - 9 - flags: 1 (alive? 1)
L 04/28/2021 - 21:11:43: [l4d2_skill_detect.smx] Clear: 9 freed 6 from 3: time: 1.39 / -1.00 -- class: jockey (with shove? 0)
L 04/28/2021 - 21:11:53: [l4d2_skill_detect.smx] Clear: 9 freed 2 from 7: time: 2.00 / -1.00 -- class: hunter (with shove? 0)
L 04/28/2021 - 21:12:09: [l4d2_skill_detect.smx] Clear: 9 freed 2 from 4: time: 2.41 / 4.66 -- class: smoker (with shove? 0)
L 04/28/2021 - 21:13:01: [l4d2_skill_detect.smx] Clear: 9 freed 2 from 8: time: 7.42 / -1.00 -- class: hunter (with shove? 0)
L 04/28/2021 - 21:14:03: [l4d2_skill_detect.smx] Charge carry start: 6 - 8 -- time: 334.97
L 04/28/2021 - 21:14:07: [l4d2_skill_detect.smx] Checking charge victim: 6 - 4 - flags: 0 (alive? 1)
L 04/28/2021 - 21:14:07: [l4d2_skill_detect.smx] Clear: 3 freed 8 from 6: time: 1.57 / 3.95 -- class: charger (with shove? 0)
L 04/28/2021 - 21:14:07: [l4d2_skill_detect.smx] Checking charge victim: 6 - 8 - flags: 1 (alive? 1)
L 04/28/2021 - 21:14:09: [l4d2_skill_detect.smx] Clear: 3 freed 4 from 9: time: 1.79 / -1.00 -- class: hunter (with shove? 0)
L 04/28/2021 - 21:14:12: [l4d2_skill_detect.smx] Clear: 4 freed 8 from 2: time: 0.91 / -1.00 -- class: jockey (with shove? 1)
L 04/28/2021 - 21:14:41: [l4d2_skill_detect.smx] Clear: 4 freed 5 from 6: time: 0.30 / 1.32 -- class: smoker (with shove? 1)
L 04/28/2021 - 21:14:59: [l4d2_skill_detect.smx] Clear: 3 freed 8 from 6: time: 0.52 / 2.05 -- class: smoker (with shove? 1)
L 04/28/2021 - 21:15:24: [l4d2_skill_detect.smx] Clear: 5 freed 3 from 9: time: 0.88 / -1.00 -- class: jockey (with shove? 1)
L 04/28/2021 - 21:16:05: [l4d2_skill_detect.smx] Charge carry start: 2 - 4 -- time: 456.57
L 04/28/2021 - 21:16:09: [l4d2_skill_detect.smx] Checking charge victim: 2 - 4 - flags: 1 (alive? 1)
L 04/28/2021 - 21:16:10: [l4d2_skill_detect.smx] Clear: 3 freed 4 from 2: time: 3.19 / 5.51 -- class: charger (with shove? 0)
L 04/28/2021 - 21:16:28: [l4d2_skill_detect.smx] Clear: 8 freed 4 from 10: time: 0.98 / -1.00 -- class: hunter (with shove? 1)
L 04/28/2021 - 21:16:41: [l4d2_skill_detect.smx] Clear: 4 freed 8 from 6: time: 4.57 / -1.00 -- class: jockey (with shove? 0)
L 04/28/2021 - 21:17:37: -------- Mapchange to c8m4_interior --------
L 04/28/2021 - 21:17:40: [basecommands.smx] "Console<0><Console><Console>" changed cvar (cvar "sv_force_time_of_day") (value "0")
L 04/28/2021 - 21:17:40: [basecommands.smx] "Console<0><Console><Console>" changed cvar (cvar "z_witch_damage_per_kill_hit") (value "120")
L 04/28/2021 - 21:17:40: [basecommands.smx] "Console<0><Console><Console>" changed cvar (cvar "z_witch_anger_rate") (value "0.4")
L 04/28/2021 - 21:17:40: [basecommands.smx] "Console<0><Console><Console>" changed cvar (cvar "z_witch_flashlight_range") (value "2000")
L 04/28/2021 - 21:17:40: [basecommands.smx] "Console<0><Console><Console>" changed cvar (cvar "z_witch_burn_time") (value "100")
L 04/28/2021 - 21:17:40: [basecommands.smx] "Console<0><Console><Console>" changed cvar (cvar "z_tank_health") (value "4000")
L 04/28/2021 - 21:17:40: [basecommands.smx] "Console<0><Console><Console>" changed cvar (cvar "z_ghost_delay_min") (value "15")
L 04/28/2021 - 21:17:40: [basecommands.smx] "Console<0><Console><Console>" changed cvar (cvar "z_ghost_delay_max") (value "15")
L 04/28/2021 - 21:17:40: [basecommands.smx] "Console<0><Console><Console>" changed cvar (cvar "z_hunter_limit") (value "1")
L 04/28/2021 - 21:17:40: [basecommands.smx] "Console<0><Console><Console>" changed cvar (cvar "z_smoker_limit") (value "1")
L 04/28/2021 - 21:17:40: [basecommands.smx] "Console<0><Console><Console>" changed cvar (cvar "z_jockey_limit") (value "1")
L 04/28/2021 - 21:17:40: [basecommands.smx] "Console<0><Console><Console>" changed cvar (cvar "versus_tank_chance_intro") (value "1")
L 04/28/2021 - 21:17:40: [basecommands.smx] "Console<0><Console><Console>" changed cvar (cvar "versus_tank_chance_finale") (value "1")
L 04/28/2021 - 21:17:40: [basecommands.smx] "Console<0><Console><Console>" changed cvar (cvar "versus_tank_chance") (value "1")
L 04/28/2021 - 21:17:40: [basecommands.smx] "Console<0><Console><Console>" changed cvar (cvar "versus_witch_chance_intro") (value "0")
L 04/28/2021 - 21:17:40: [basecommands.smx] "Console<0><Console><Console>" changed cvar (cvar "versus_witch_chance_finale") (value "0")
L 04/28/2021 - 21:17:40: [basecommands.smx] "Console<0><Console><Console>" changed cvar (cvar "versus_witch_chance") (value "1")
L 04/28/2021 - 21:17:40: [basecommands.smx] "Console<0><Console><Console>" changed cvar (cvar "director_force_tank") (value "1")
L 04/28/2021 - 21:17:40: [basecommands.smx] "Console<0><Console><Console>" changed cvar (cvar "versus_boss_flow_min") (value "0.4")
L 04/28/2021 - 21:17:40: [basecommands.smx] "Console<0><Console><Console>" changed cvar (cvar "versus_boss_flow_max") (value "0.6")
L 04/28/2021 - 21:17:40: [basecommands.smx] "Console<0><Console><Console>" changed cvar (cvar "versus_boss_flow_min_intro") (value "0.1")
L 04/28/2021 - 21:17:40: [basecommands.smx] "Console<0><Console><Console>" changed cvar (cvar "versus_boss_flow_max_intro") (value "0.2")
L 04/28/2021 - 21:17:40: [basecommands.smx] "Console<0><Console><Console>" changed cvar (cvar "versus_boss_flow_min_finale") (value "0.1")
L 04/28/2021 - 21:17:40: [basecommands.smx] "Console<0><Console><Console>" changed cvar (cvar "versus_boss_flow_max_finale") (value "0.2")
L 04/28/2021 - 21:17:40: [basecommands.smx] "Console<0><Console><Console>" changed cvar (cvar "boomer_vomit_delay") (value "0.1")
L 04/28/2021 - 21:17:40: [basecommands.smx] "Console<0><Console><Console>" changed cvar (cvar "smoker_tongue_delay") (value "0.1")
L 04/28/2021 - 21:17:40: [basecommands.smx] "Console<0><Console><Console>" changed cvar (cvar "vs_survival_bonus") (value "35")
L 04/28/2021 - 21:17:40: [basecommands.smx] "Console<0><Console><Console>" changed cvar (cvar "z_tank_throw_health") (value "10")
L 04/28/2021 - 21:17:40: [basecommands.smx] "Console<0><Console><Console>" changed cvar (cvar "sv_client_min_interp_ratio") (value "-1")
L 04/28/2021 - 21:17:40: [basecommands.smx] "Console<0><Console><Console>" changed cvar (cvar "sv_client_max_interp_ratio") (value "0")
L 04/28/2021 - 21:17:40: [basecommands.smx] "Console<0><Console><Console>" changed cvar (cvar "sv_minrate") (value "100000")
L 04/28/2021 - 21:17:40: [basecommands.smx] "Console<0><Console><Console>" changed cvar (cvar "sv_maxrate") (value "100000")
L 04/28/2021 - 21:17:40: [basecommands.smx] "Console<0><Console><Console>" changed cvar (cvar "sv_mincmdrate") (value "100")
L 04/28/2021 - 21:17:40: [basecommands.smx] "Console<0><Console><Console>" changed cvar (cvar "sv_maxcmdrate") (value "100")
L 04/28/2021 - 21:17:40: [basecommands.smx] "Console<0><Console><Console>" changed cvar (cvar "sv_minupdaterate") (value "100")
L 04/28/2021 - 21:17:40: [basecommands.smx] "Console<0><Console><Console>" changed cvar (cvar "sv_maxupdaterate") (value "100")
L 04/28/2021 - 21:17:40: [basecommands.smx] "Console<0><Console><Console>" changed cvar (cvar "nb_update_frequency") (value "0.014")
L 04/28/2021 - 21:17:40: [basecommands.smx] "Console<0><Console><Console>" changed cvar (cvar "net_splitpacket_maxrate") (value "50000")
L 04/28/2021 - 21:17:40: [basecommands.smx] "Console<0><Console><Console>" changed cvar (cvar "fps_max") (value "0")
L 04/28/2021 - 21:17:40: [basecommands.smx] "Console<0><Console><Console>" changed cvar (cvar "hostname") (value "Versus")
L 04/28/2021 - 21:18:18: [basecommands.smx] "♛ Rain ♛<2><STEAM_1:0:162762726><>" changed cvar (cvar "vs_max_team_switches") (value "5")
L 04/28/2021 - 21:18:21: [basecommands.smx] "Duяåznlто™<3><STEAM_1:1:4151444><>" changed cvar (cvar "vs_max_team_switches") (value "5")
L 04/28/2021 - 21:19:23: [l4d2_skill_detect.smx] Clear: 9 freed 2 from 3: time: 0.42 / -1.00 -- class: jockey (with shove? 1)
L 04/28/2021 - 21:19:25: [l4d2_skill_detect.smx] Charge carry start: 8 - 9 -- time: 102.06
L 04/28/2021 - 21:19:28: [l4d2_skill_detect.smx] Clear: 6 freed 9 from 8: time: 1.84 / 2.65 -- class: charger (with shove? 0)
L 04/28/2021 - 21:19:28: [l4d2_skill_detect.smx] Checking charge victim: 8 - 9 - flags: 1 (alive? 1)
L 04/28/2021 - 21:19:28: [l4d2_skill_detect.smx] Checking charge victim: 8 - 2 - flags: 0 (alive? 1)
L 04/28/2021 - 21:19:30: [l4d2_skill_detect.smx] Clear: 6 freed 9 from 3: time: 0.13 / -1.00 -- class: jockey (with shove? 0)
L 04/28/2021 - 21:19:45: [l4d2_skill_detect.smx] Clear: 9 freed 1 from 5: time: -1.00 / 1.68 -- class: smoker (with shove? 1)
L 04/28/2021 - 21:20:00: [l4d2_skill_detect.smx] Charge carry start: 3 - 6 -- time: 136.91
L 04/28/2021 - 21:20:04: [l4d2_skill_detect.smx] Checking charge victim: 3 - 6 - flags: 1 (alive? 1)
L 04/28/2021 - 21:20:24: [l4d2_skill_detect.smx] Clear: 6 freed 2 from 5: time: 1.08 / -1.00 -- class: hunter (with shove? 0)
L 04/28/2021 - 21:20:43: [l4d2_skill_detect.smx] Clear: 9 freed 2 from 3: time: -1.00 / 2.65 -- class: smoker (with shove? 1)
L 04/28/2021 - 21:21:10: [l4d2_skill_detect.smx] Clear: 1 freed 9 from 4: time: 0.19 / 206.98 -- class: charger (with shove? 0)
L 04/28/2021 - 21:21:40: [l4d2_skill_detect.smx] Clear: 9 freed 1 from 5: time: 0.10 / -1.00 -- class: jockey (with shove? 0)
L 04/28/2021 - 21:21:43: [l4d2_skill_detect.smx] Clear: 1 freed 9 from 4: time: 0.83 / 2.34 -- class: smoker (with shove? 0)
L 04/28/2021 - 21:23:28: [l4d2_skill_detect.smx] Clear: 1 freed 9 from 4: time: 4.20 / -1.00 -- class: jockey (with shove? 0)
L 04/28/2021 - 21:23:56: [l4d2_skill_detect.smx] Clear: 6 freed 2 from 5: time: 3.10 / -1.00 -- class: jockey (with shove? 1)
L 04/28/2021 - 21:26:04: [l4d2_skill_detect.smx] Charge carry start: 2 - 8 -- time: 500.52
L 04/28/2021 - 21:26:06: [l4d2_skill_detect.smx] Clear: 4 freed 8 from 2: time: 1.13 / 2.01 -- class: charger (with shove? 0)
L 04/28/2021 - 21:26:07: [l4d2_skill_detect.smx] Checking charge victim: 2 - 8 - flags: 1 (alive? 1)
L 04/28/2021 - 21:27:14: [l4d2_skill_detect.smx] Charge carry start: 9 - 3 -- time: 570.61
L 04/28/2021 - 21:27:17: [l4d2_skill_detect.smx] Clear: 4 freed 3 from 9: time: 2.11 / 3.57 -- class: charger (with shove? 0)
L 04/28/2021 - 21:27:17: [l4d2_skill_detect.smx] Checking charge victim: 9 - 3 - flags: 1 (alive? 1)
L 04/28/2021 - 21:27:35: [l4d2_skill_detect.smx] Clear: 4 freed 8 from 6: time: 1.94 / -1.00 -- class: jockey (with shove? 0)
L 04/28/2021 - 21:27:51: [l4d2_skill_detect.smx] Charge carry start: 1 - 7 -- time: 608.26
L 04/28/2021 - 21:27:54: [l4d2_skill_detect.smx] Clear: 4 freed 7 from 1: time: 2.39 / 2.41 -- class: charger (with shove? 0)
L 04/28/2021 - 21:27:54: [l4d2_skill_detect.smx] Checking charge victim: 1 - 7 - flags: 1 (alive? 1)
L 04/28/2021 - 21:28:22: [l4d2_skill_detect.smx] Charge carry start: 9 - 4 -- time: 639.07
L 04/28/2021 - 21:28:26: [l4d2_skill_detect.smx] Checking charge victim: 9 - 4 - flags: 1 (alive? 1)
L 04/28/2021 - 21:28:26: [l4d2_skill_detect.smx] Clear: 8 freed 4 from 9: time: 2.29 / 3.57 -- class: charger (with shove? 0)
L 04/28/2021 - 21:28:44: [l4d2_skill_detect.smx] Clear: 4 freed 7 from 2: time: 6.87 / -1.00 -- class: hunter (with shove? 0)
L 04/28/2021 - 21:28:54: [l4d2_skill_detect.smx] Charge carry start: 6 - 7 -- time: 670.70
L 04/28/2021 - 21:28:57: [l4d2_skill_detect.smx] Checking charge victim: 6 - 4 - flags: 0 (alive? 1)
L 04/28/2021 - 21:28:58: [l4d2_skill_detect.smx] Checking charge victim: 6 - 7 - flags: 1 (alive? 1)
L 04/28/2021 - 21:29:02: [l4d2_skill_detect.smx] Clear: 4 freed 3 from 6: time: 6.32 / 8.17 -- class: charger (with shove? 0)
L 04/28/2021 - 21:29:17: -------- Mapchange to c8m5_rooftop --------
L 04/28/2021 - 21:29:20: [basecommands.smx] "Console<0><Console><Console>" changed cvar (cvar "sv_force_time_of_day") (value "0")
L 04/28/2021 - 21:29:20: [basecommands.smx] "Console<0><Console><Console>" changed cvar (cvar "z_witch_damage_per_kill_hit") (value "120")
L 04/28/2021 - 21:29:20: [basecommands.smx] "Console<0><Console><Console>" changed cvar (cvar "z_witch_anger_rate") (value "0.4")
L 04/28/2021 - 21:29:20: [basecommands.smx] "Console<0><Console><Console>" changed cvar (cvar "z_witch_flashlight_range") (value "2000")
L 04/28/2021 - 21:29:20: [basecommands.smx] "Console<0><Console><Console>" changed cvar (cvar "z_witch_burn_time") (value "100")
L 04/28/2021 - 21:29:20: [basecommands.smx] "Console<0><Console><Console>" changed cvar (cvar "z_tank_health") (value "4000")
L 04/28/2021 - 21:29:20: [basecommands.smx] "Console<0><Console><Console>" changed cvar (cvar "z_ghost_delay_min") (value "15")
L 04/28/2021 - 21:29:20: [basecommands.smx] "Console<0><Console><Console>" changed cvar (cvar "z_ghost_delay_max") (value "15")
L 04/28/2021 - 21:29:20: [basecommands.smx] "Console<0><Console><Console>" changed cvar (cvar "z_hunter_limit") (value "1")
L 04/28/2021 - 21:29:20: [basecommands.smx] "Console<0><Console><Console>" changed cvar (cvar "z_smoker_limit") (value "1")
L 04/28/2021 - 21:29:20: [basecommands.smx] "Console<0><Console><Console>" changed cvar (cvar "z_jockey_limit") (value "1")
L 04/28/2021 - 21:29:20: [basecommands.smx] "Console<0><Console><Console>" changed cvar (cvar "versus_tank_chance_intro") (value "1")
L 04/28/2021 - 21:29:20: [basecommands.smx] "Console<0><Console><Console>" changed cvar (cvar "versus_tank_chance_finale") (value "1")
L 04/28/2021 - 21:29:20: [basecommands.smx] "Console<0><Console><Console>" changed cvar (cvar "versus_tank_chance") (value "1")
L 04/28/2021 - 21:29:20: [basecommands.smx] "Console<0><Console><Console>" changed cvar (cvar "versus_witch_chance_intro") (value "0")
L 04/28/2021 - 21:29:20: [basecommands.smx] "Console<0><Console><Console>" changed cvar (cvar "versus_witch_chance_finale") (value "0")
L 04/28/2021 - 21:29:20: [basecommands.smx] "Console<0><Console><Console>" changed cvar (cvar "versus_witch_chance") (value "1")
L 04/28/2021 - 21:29:20: [basecommands.smx] "Console<0><Console><Console>" changed cvar (cvar "director_force_tank") (value "1")
L 04/28/2021 - 21:29:20: [basecommands.smx] "Console<0><Console><Console>" changed cvar (cvar "versus_boss_flow_min") (value "0.4")
L 04/28/2021 - 21:29:20: [basecommands.smx] "Console<0><Console><Console>" changed cvar (cvar "versus_boss_flow_max") (value "0.6")
L 04/28/2021 - 21:29:20: [basecommands.smx] "Console<0><Console><Console>" changed cvar (cvar "versus_boss_flow_min_intro") (value "0.1")
L 04/28/2021 - 21:29:20: [basecommands.smx] "Console<0><Console><Console>" changed cvar (cvar "versus_boss_flow_max_intro") (value "0.2")
L 04/28/2021 - 21:29:20: [basecommands.smx] "Console<0><Console><Console>" changed cvar (cvar "versus_boss_flow_min_finale") (value "0.1")
L 04/28/2021 - 21:29:20: [basecommands.smx] "Console<0><Console><Console>" changed cvar (cvar "versus_boss_flow_max_finale") (value "0.2")
L 04/28/2021 - 21:29:20: [basecommands.smx] "Console<0><Console><Console>" changed cvar (cvar "boomer_vomit_delay") (value "0.1")
L 04/28/2021 - 21:29:20: [basecommands.smx] "Console<0><Console><Console>" changed cvar (cvar "smoker_tongue_delay") (value "0.1")
L 04/28/2021 - 21:29:20: [basecommands.smx] "Console<0><Console><Console>" changed cvar (cvar "vs_survival_bonus") (value "35")
L 04/28/2021 - 21:29:20: [basecommands.smx] "Console<0><Console><Console>" changed cvar (cvar "z_tank_throw_health") (value "10")
L 04/28/2021 - 21:29:20: [basecommands.smx] "Console<0><Console><Console>" changed cvar (cvar "sv_client_min_interp_ratio") (value "-1")
L 04/28/2021 - 21:29:20: [basecommands.smx] "Console<0><Console><Console>" changed cvar (cvar "sv_client_max_interp_ratio") (value "0")
L 04/28/2021 - 21:29:20: [basecommands.smx] "Console<0><Console><Console>" changed cvar (cvar "sv_minrate") (value "100000")
L 04/28/2021 - 21:29:20: [basecommands.smx] "Console<0><Console><Console>" changed cvar (cvar "sv_maxrate") (value "100000")
L 04/28/2021 - 21:29:20: [basecommands.smx] "Console<0><Console><Console>" changed cvar (cvar "sv_mincmdrate") (value "100")
L 04/28/2021 - 21:29:20: [basecommands.smx] "Console<0><Console><Console>" changed cvar (cvar "sv_maxcmdrate") (value "100")
L 04/28/2021 - 21:29:20: [basecommands.smx] "Console<0><Console><Console>" changed cvar (cvar "sv_minupdaterate") (value "100")
L 04/28/2021 - 21:29:20: [basecommands.smx] "Console<0><Console><Console>" changed cvar (cvar "sv_maxupdaterate") (value "100")
L 04/28/2021 - 21:29:20: [basecommands.smx] "Console<0><Console><Console>" changed cvar (cvar "nb_update_frequency") (value "0.014")
L 04/28/2021 - 21:29:20: [basecommands.smx] "Console<0><Console><Console>" changed cvar (cvar "net_splitpacket_maxrate") (value "50000")
L 04/28/2021 - 21:29:20: [basecommands.smx] "Console<0><Console><Console>" changed cvar (cvar "fps_max") (value "0")
L 04/28/2021 - 21:29:20: [basecommands.smx] "Console<0><Console><Console>" changed cvar (cvar "hostname") (value "Versus")
L 04/28/2021 - 21:31:06: [l4d2_skill_detect.smx] Clear: 2 freed 1 from 4: time: 1.48 / -1.00 -- class: hunter (with shove? 0)
L 04/28/2021 - 21:31:49: [l4d2_skill_detect.smx] Charge carry start: 4 - 6 -- time: 146.69
L 04/28/2021 - 21:31:52: [l4d2_skill_detect.smx] Clear: 2 freed 6 from 4: time: 0.46 / 2.80 -- class: charger (with shove? 0)
L 04/28/2021 - 21:31:54: [l4d2_skill_detect.smx] Checking charge victim: 4 - 6 - flags: 1 (alive? 1)
L 04/28/2021 - 21:32:42: [l4d2_skill_detect.smx] Clear: 6 freed 2 from 5: time: 5.05 / -1.00 -- class: jockey (with shove? 0)
L 04/28/2021 - 21:33:26: [l4d2_skill_detect.smx] Clear: 9 freed 6 from 4: time: 2.68 / 4.19 -- class: smoker (with shove? 0)
L 04/28/2021 - 21:34:10: [l4d2_skill_detect.smx] Clear: 2 freed 9 from 4: time: 2.08 / -1.00 -- class: jockey (with shove? 0)
L 04/28/2021 - 21:34:36: [l4d2_skill_detect.smx] Clear: 9 freed 2 from 7: time: 0.80 / -1.00 -- class: hunter (with shove? 0)
L 04/28/2021 - 21:34:49: [l4d2_skill_detect.smx] Charge carry start: 5 - 2 -- time: 326.69
L 04/28/2021 - 21:34:54: [l4d2_skill_detect.smx] Checking charge victim: 5 - 2 - flags: 1 (alive? 1)
L 04/28/2021 - 21:35:14: [l4d2_skill_detect.smx] Clear: 9 freed 6 from 3: time: 0.95 / 3.82 -- class: smoker (with shove? 0)
L 04/28/2021 - 21:35:40: [l4d2_skill_detect.smx] Charge carry start: 7 - 2 -- time: 377.94
L 04/28/2021 - 21:35:43: [l4d2_skill_detect.smx] Checking charge victim: 7 - 2 - flags: 1 (alive? 1)
L 04/28/2021 - 21:35:45: [l4d2_skill_detect.smx] Clear: 6 freed 2 from 7: time: 4.45 / 5.20 -- class: charger (with shove? 0)
L 04/28/2021 - 21:35:50: [l4d2_skill_detect.smx] Clear: 2 freed 6 from 10: time: 1.91 / -1.00 -- class: hunter (with shove? 0)
L 04/28/2021 - 21:36:22: [l4d2_skill_detect.smx] Clear: 6 freed 9 from 5: time: -1.00 / 1.51 -- class: smoker (with shove? 0)
L 04/28/2021 - 21:37:00: [l4d2_skill_detect.smx] Clear: 1 freed 2 from 3: time: 0.82 / -1.00 -- class: hunter (with shove? 0)
L 04/28/2021 - 21:37:40: [l4d2_skill_detect.smx] Clear: 1 freed 2 from 5: time: 2.05 / -1.00 -- class: jockey (with shove? 0)
L 04/28/2021 - 21:38:18: [l4d2_skill_detect.smx] Clear: 2 freed 1 from 10: time: 1.33 / -1.00 -- class: jockey (with shove? 0)
L 04/28/2021 - 21:38:45: [l4d2_skill_detect.smx] Clear: 9 freed 6 from 4: time: 1.11 / -1.00 -- class: hunter (with shove? 0)
L 04/28/2021 - 21:42:24: [l4d2_skill_detect.smx] Charge carry start: 1 - 5 -- time: 781.45
L 04/28/2021 - 21:42:29: [l4d2_skill_detect.smx] Checking charge victim: 1 - 5 - flags: 43 (alive? 0)
L 04/28/2021 - 21:42:30: [l4d2_skill_detect.smx] Clear: 4 freed 3 from 9: time: 3.09 / -1.00 -- class: jockey (with shove? 1)
L 04/28/2021 - 21:43:08: [l4d2_skill_detect.smx] Clear: 4 freed 8 from 1: time: 2.53 / -1.00 -- class: hunter (with shove? 0)
L 04/28/2021 - 21:43:13: [l4d2_skill_detect.smx] Clear: 8 freed 5 from 6: time: 3.04 / 5.51 -- class: smoker (with shove? 1)
L 04/28/2021 - 21:43:52: -------- Mapchange to c2m1_highway --------
L 04/28/2021 - 21:43:54: [basecommands.smx] "Console<0><Console><Console>" changed cvar (cvar "sv_force_time_of_day") (value "0")
L 04/28/2021 - 21:43:54: [basecommands.smx] "Console<0><Console><Console>" changed cvar (cvar "z_witch_damage_per_kill_hit") (value "120")
L 04/28/2021 - 21:43:54: [basecommands.smx] "Console<0><Console><Console>" changed cvar (cvar "z_witch_anger_rate") (value "0.4")
L 04/28/2021 - 21:43:54: [basecommands.smx] "Console<0><Console><Console>" changed cvar (cvar "z_witch_flashlight_range") (value "2000")
L 04/28/2021 - 21:43:54: [basecommands.smx] "Console<0><Console><Console>" changed cvar (cvar "z_witch_burn_time") (value "100")
L 04/28/2021 - 21:43:54: [basecommands.smx] "Console<0><Console><Console>" changed cvar (cvar "z_tank_health") (value "4000")
L 04/28/2021 - 21:43:54: [basecommands.smx] "Console<0><Console><Console>" changed cvar (cvar "z_ghost_delay_min") (value "15")
L 04/28/2021 - 21:43:54: [basecommands.smx] "Console<0><Console><Console>" changed cvar (cvar "z_ghost_delay_max") (value "15")
L 04/28/2021 - 21:43:54: [basecommands.smx] "Console<0><Console><Console>" changed cvar (cvar "z_hunter_limit") (value "1")
L 04/28/2021 - 21:43:54: [basecommands.smx] "Console<0><Console><Console>" changed cvar (cvar "z_smoker_limit") (value "1")
L 04/28/2021 - 21:43:54: [basecommands.smx] "Console<0><Console><Console>" changed cvar (cvar "z_jockey_limit") (value "1")
L 04/28/2021 - 21:43:54: [basecommands.smx] "Console<0><Console><Console>" changed cvar (cvar "versus_tank_chance_intro") (value "1")
L 04/28/2021 - 21:43:54: [basecommands.smx] "Console<0><Console><Console>" changed cvar (cvar "versus_tank_chance_finale") (value "1")
L 04/28/2021 - 21:43:54: [basecommands.smx] "Console<0><Console><Console>" changed cvar (cvar "versus_tank_chance") (value "1")
L 04/28/2021 - 21:43:54: [basecommands.smx] "Console<0><Console><Console>" changed cvar (cvar "versus_witch_chance_intro") (value "0")
L 04/28/2021 - 21:43:54: [basecommands.smx] "Console<0><Console><Console>" changed cvar (cvar "versus_witch_chance_finale") (value "0")
L 04/28/2021 - 21:43:54: [basecommands.smx] "Console<0><Console><Console>" changed cvar (cvar "versus_witch_chance") (value "1")
L 04/28/2021 - 21:43:54: [basecommands.smx] "Console<0><Console><Console>" changed cvar (cvar "director_force_tank") (value "1")
L 04/28/2021 - 21:43:54: [basecommands.smx] "Console<0><Console><Console>" changed cvar (cvar "versus_boss_flow_min") (value "0.4")
L 04/28/2021 - 21:43:54: [basecommands.smx] "Console<0><Console><Console>" changed cvar (cvar "versus_boss_flow_max") (value "0.6")
L 04/28/2021 - 21:43:54: [basecommands.smx] "Console<0><Console><Console>" changed cvar (cvar "versus_boss_flow_min_intro") (value "0.1")
L 04/28/2021 - 21:43:54: [basecommands.smx] "Console<0><Console><Console>" changed cvar (cvar "versus_boss_flow_max_intro") (value "0.2")
L 04/28/2021 - 21:43:54: [basecommands.smx] "Console<0><Console><Console>" changed cvar (cvar "versus_boss_flow_min_finale") (value "0.1")
L 04/28/2021 - 21:43:54: [basecommands.smx] "Console<0><Console><Console>" changed cvar (cvar "versus_boss_flow_max_finale") (value "0.2")
L 04/28/2021 - 21:43:54: [basecommands.smx] "Console<0><Console><Console>" changed cvar (cvar "boomer_vomit_delay") (value "0.1")
L 04/28/2021 - 21:43:54: [basecommands.smx] "Console<0><Console><Console>" changed cvar (cvar "smoker_tongue_delay") (value "0.1")
L 04/28/2021 - 21:43:54: [basecommands.smx] "Console<0><Console><Console>" changed cvar (cvar "vs_survival_bonus") (value "35")
L 04/28/2021 - 21:43:54: [basecommands.smx] "Console<0><Console><Console>" changed cvar (cvar "z_tank_throw_health") (value "10")
L 04/28/2021 - 21:43:54: [basecommands.smx] "Console<0><Console><Console>" changed cvar (cvar "sv_client_min_interp_ratio") (value "-1")
L 04/28/2021 - 21:43:54: [basecommands.smx] "Console<0><Console><Console>" changed cvar (cvar "sv_client_max_interp_ratio") (value "0")
L 04/28/2021 - 21:43:54: [basecommands.smx] "Console<0><Console><Console>" changed cvar (cvar "sv_minrate") (value "100000")
L 04/28/2021 - 21:43:54: [basecommands.smx] "Console<0><Console><Console>" changed cvar (cvar "sv_maxrate") (value "100000")
L 04/28/2021 - 21:43:54: [basecommands.smx] "Console<0><Console><Console>" changed cvar (cvar "sv_mincmdrate") (value "100")
L 04/28/2021 - 21:43:54: [basecommands.smx] "Console<0><Console><Console>" changed cvar (cvar "sv_maxcmdrate") (value "100")
L 04/28/2021 - 21:43:54: [basecommands.smx] "Console<0><Console><Console>" changed cvar (cvar "sv_minupdaterate") (value "100")
L 04/28/2021 - 21:43:54: [basecommands.smx] "Console<0><Console><Console>" changed cvar (cvar "sv_maxupdaterate") (value "100")
L 04/28/2021 - 21:43:54: [basecommands.smx] "Console<0><Console><Console>" changed cvar (cvar "nb_update_frequency") (value "0.014")
L 04/28/2021 - 21:43:54: [basecommands.smx] "Console<0><Console><Console>" changed cvar (cvar "net_splitpacket_maxrate") (value "50000")
L 04/28/2021 - 21:43:54: [basecommands.smx] "Console<0><Console><Console>" changed cvar (cvar "fps_max") (value "0")
L 04/28/2021 - 21:43:54: [basecommands.smx] "Console<0><Console><Console>" changed cvar (cvar "hostname") (value "Versus")
L 04/28/2021 - 21:47:09: [l4d2_skill_detect.smx] Clear: 9 freed 2 from 3: time: 0.47 / -1.00 -- class: jockey (with shove? 0)
L 04/28/2021 - 21:49:49: [l4d2_skill_detect.smx] Clear: 6 freed 1 from 5: time: 1.05 / -1.00 -- class: hunter (with shove? 0)
L 04/28/2021 - 21:55:33: [l4d2_skill_detect.smx] Clear: 9 freed 1 from 3: time: 1.32 / -1.00 -- class: hunter (with shove? 0)
L 04/28/2021 - 21:56:10: [l4d2_skill_detect.smx] Charge carry start: 3 - 6 -- time: 735.73
L 04/28/2021 - 21:56:14: [l4d2_skill_detect.smx] Checking charge victim: 3 - 1 - flags: 0 (alive? 1)
L 04/28/2021 - 21:56:14: [l4d2_skill_detect.smx] Checking charge victim: 3 - 6 - flags: 1 (alive? 1)
L 04/28/2021 - 21:56:14: [l4d2_skill_detect.smx] Checking charge victim: 3 - 2 - flags: 0 (alive? 1)
L 04/28/2021 - 21:56:15: [l4d2_skill_detect.smx] Clear: 1 freed 6 from 3: time: 2.65 / 4.44 -- class: charger (with shove? 0)
L 04/28/2021 - 21:56:19: [l4d2_skill_detect.smx] Clear: 6 freed 9 from 7: time: -1.00 / 0.32 -- class: smoker (with shove? 0)
L 04/28/2021 - 21:56:22: [l4d2_skill_detect.smx] Clear: 6 freed 2 from 5: time: 6.45 / -1.00 -- class: jockey (with shove? 1)
L 04/28/2021 - 21:57:13: [l4d2_skill_detect.smx] Clear: 6 freed 2 from 3: time: -1.00 / 2.59 -- class: smoker (with shove? 0)
L 04/28/2021 - 21:57:32: [l4d2_skill_detect.smx] Clear: 1 freed 6 from 3: time: 0.88 / 3.61 -- class: smoker (with shove? 0)
L 04/28/2021 - 21:57:43: [l4d2_skill_detect.smx] calarm trigger: caller 833 / activator 833 / delay: 0.00
L 04/28/2021 - 21:57:51: [l4d2_skill_detect.smx] Charge carry start: 5 - 1 -- time: 836.55
L 04/28/2021 - 21:57:51: [l4d2_skill_detect.smx] Clear: 6 freed 1 from 5: time: 0.00 / 0.42 -- class: charger (with shove? 0)
L 04/28/2021 - 21:57:54: [l4d2_skill_detect.smx] Checking charge victim: 5 - 1 - flags: 1 (alive? 1)
L 04/28/2021 - 21:59:18: [l4d2_skill_detect.smx] Clear: 8 freed 4 from 9: time: 4.20 / -1.00 -- class: hunter (with shove? 0)
L 04/28/2021 - 21:59:19: [l4d2_skill_detect.smx] Charge carry start: 2 - 8 -- time: 924.17
L 04/28/2021 - 21:59:21: [l4d2_skill_detect.smx] Clear: 3 freed 8 from 2: time: 1.41 / 2.16 -- class: charger (with shove? 0)
L 04/28/2021 - 21:59:22: [l4d2_skill_detect.smx] Checking charge victim: 2 - 8 - flags: 1 (alive? 1)
L 04/28/2021 - 21:59:25: [l4d2_skill_detect.smx] Clear: 8 freed 7 from 1: time: 0.95 / -1.00 -- class: jockey (with shove? 1)
L 04/28/2021 - 22:00:34: [l4d2_skill_detect.smx] Clear: 8 freed 7 from 1: time: 25.38 / 999.23 -- class: charger (with shove? 0)
L 04/28/2021 - 22:01:13: -------- Mapchange to c2m2_fairgrounds --------
L 04/28/2021 - 22:01:15: [basecommands.smx] "Console<0><Console><Console>" changed cvar (cvar "sv_force_time_of_day") (value "0")
L 04/28/2021 - 22:01:15: [basecommands.smx] "Console<0><Console><Console>" changed cvar (cvar "z_witch_damage_per_kill_hit") (value "120")
L 04/28/2021 - 22:01:15: [basecommands.smx] "Console<0><Console><Console>" changed cvar (cvar "z_witch_anger_rate") (value "0.4")
L 04/28/2021 - 22:01:15: [basecommands.smx] "Console<0><Console><Console>" changed cvar (cvar "z_witch_flashlight_range") (value "2000")
L 04/28/2021 - 22:01:15: [basecommands.smx] "Console<0><Console><Console>" changed cvar (cvar "z_witch_burn_time") (value "100")
L 04/28/2021 - 22:01:15: [basecommands.smx] "Console<0><Console><Console>" changed cvar (cvar "z_tank_health") (value "4000")
L 04/28/2021 - 22:01:15: [basecommands.smx] "Console<0><Console><Console>" changed cvar (cvar "z_ghost_delay_min") (value "15")
L 04/28/2021 - 22:01:15: [basecommands.smx] "Console<0><Console><Console>" changed cvar (cvar "z_ghost_delay_max") (value "15")
L 04/28/2021 - 22:01:15: [basecommands.smx] "Console<0><Console><Console>" changed cvar (cvar "z_hunter_limit") (value "1")
L 04/28/2021 - 22:01:15: [basecommands.smx] "Console<0><Console><Console>" changed cvar (cvar "z_smoker_limit") (value "1")
L 04/28/2021 - 22:01:15: [basecommands.smx] "Console<0><Console><Console>" changed cvar (cvar "z_jockey_limit") (value "1")
L 04/28/2021 - 22:01:15: [basecommands.smx] "Console<0><Console><Console>" changed cvar (cvar "versus_tank_chance_intro") (value "1")
L 04/28/2021 - 22:01:15: [basecommands.smx] "Console<0><Console><Console>" changed cvar (cvar "versus_tank_chance_finale") (value "1")
L 04/28/2021 - 22:01:15: [basecommands.smx] "Console<0><Console><Console>" changed cvar (cvar "versus_tank_chance") (value "1")
L 04/28/2021 - 22:01:15: [basecommands.smx] "Console<0><Console><Console>" changed cvar (cvar "versus_witch_chance_intro") (value "0")
L 04/28/2021 - 22:01:15: [basecommands.smx] "Console<0><Console><Console>" changed cvar (cvar "versus_witch_chance_finale") (value "0")
L 04/28/2021 - 22:01:15: [basecommands.smx] "Console<0><Console><Console>" changed cvar (cvar "versus_witch_chance") (value "1")
L 04/28/2021 - 22:01:15: [basecommands.smx] "Console<0><Console><Console>" changed cvar (cvar "director_force_tank") (value "1")
L 04/28/2021 - 22:01:15: [basecommands.smx] "Console<0><Console><Console>" changed cvar (cvar "versus_boss_flow_min") (value "0.4")
L 04/28/2021 - 22:01:15: [basecommands.smx] "Console<0><Console><Console>" changed cvar (cvar "versus_boss_flow_max") (value "0.6")
L 04/28/2021 - 22:01:15: [basecommands.smx] "Console<0><Console><Console>" changed cvar (cvar "versus_boss_flow_min_intro") (value "0.1")
L 04/28/2021 - 22:01:15: [basecommands.smx] "Console<0><Console><Console>" changed cvar (cvar "versus_boss_flow_max_intro") (value "0.2")
L 04/28/2021 - 22:01:15: [basecommands.smx] "Console<0><Console><Console>" changed cvar (cvar "versus_boss_flow_min_finale") (value "0.1")
L 04/28/2021 - 22:01:15: [basecommands.smx] "Console<0><Console><Console>" changed cvar (cvar "versus_boss_flow_max_finale") (value "0.2")
L 04/28/2021 - 22:01:15: [basecommands.smx] "Console<0><Console><Console>" changed cvar (cvar "boomer_vomit_delay") (value "0.1")
L 04/28/2021 - 22:01:15: [basecommands.smx] "Console<0><Console><Console>" changed cvar (cvar "smoker_tongue_delay") (value "0.1")
L 04/28/2021 - 22:01:15: [basecommands.smx] "Console<0><Console><Console>" changed cvar (cvar "vs_survival_bonus") (value "35")
L 04/28/2021 - 22:01:15: [basecommands.smx] "Console<0><Console><Console>" changed cvar (cvar "z_tank_throw_health") (value "10")
L 04/28/2021 - 22:01:15: [basecommands.smx] "Console<0><Console><Console>" changed cvar (cvar "sv_client_min_interp_ratio") (value "-1")
L 04/28/2021 - 22:01:15: [basecommands.smx] "Console<0><Console><Console>" changed cvar (cvar "sv_client_max_interp_ratio") (value "0")
L 04/28/2021 - 22:01:15: [basecommands.smx] "Console<0><Console><Console>" changed cvar (cvar "sv_minrate") (value "100000")
L 04/28/2021 - 22:01:15: [basecommands.smx] "Console<0><Console><Console>" changed cvar (cvar "sv_maxrate") (value "100000")
L 04/28/2021 - 22:01:15: [basecommands.smx] "Console<0><Console><Console>" changed cvar (cvar "sv_mincmdrate") (value "100")
L 04/28/2021 - 22:01:15: [basecommands.smx] "Console<0><Console><Console>" changed cvar (cvar "sv_maxcmdrate") (value "100")
L 04/28/2021 - 22:01:15: [basecommands.smx] "Console<0><Console><Console>" changed cvar (cvar "sv_minupdaterate") (value "100")
L 04/28/2021 - 22:01:15: [basecommands.smx] "Console<0><Console><Console>" changed cvar (cvar "sv_maxupdaterate") (value "100")
L 04/28/2021 - 22:01:15: [basecommands.smx] "Console<0><Console><Console>" changed cvar (cvar "nb_update_frequency") (value "0.014")
L 04/28/2021 - 22:01:15: [basecommands.smx] "Console<0><Console><Console>" changed cvar (cvar "net_splitpacket_maxrate") (value "50000")
L 04/28/2021 - 22:01:15: [basecommands.smx] "Console<0><Console><Console>" changed cvar (cvar "fps_max") (value "0")
L 04/28/2021 - 22:01:15: [basecommands.smx] "Console<0><Console><Console>" changed cvar (cvar "hostname") (value "Versus")
L 04/28/2021 - 22:04:15: [l4d2_skill_detect.smx] Clear: 6 freed 2 from 4: time: 1.23 / -1.00 -- class: hunter (with shove? 0)
L 04/28/2021 - 22:05:02: [l4d2_skill_detect.smx] Charge carry start: 7 - 9 -- time: 224.04
L 04/28/2021 - 22:05:05: [l4d2_skill_detect.smx] Clear: 1 freed 9 from 7: time: 0.05 / 3.26 -- class: charger (with shove? 0)
L 04/28/2021 - 22:05:07: [l4d2_skill_detect.smx] Checking charge victim: 7 - 9 - flags: 1 (alive? 1)
L 04/28/2021 - 22:05:41: [l4d2_skill_detect.smx] Clear: 1 freed 2 from 4: time: 7.22 / -1.00 -- class: jockey (with shove? 0)
L 04/28/2021 - 22:05:43: [l4d2_skill_detect.smx] Clear: 1 freed 2 from 3: time: 1.27 / -1.00 -- class: hunter (with shove? 0)
L 04/28/2021 - 22:05:49: [l4d2_skill_detect.smx] Clear: 6 freed 9 from 7: time: 2.87 / 7.67 -- class: smoker (with shove? 0)
L 04/28/2021 - 22:06:20: [l4d2_skill_detect.smx] Clear: 1 freed 6 from 4: time: 0.98 / -1.00 -- class: hunter (with shove? 0)
L 04/28/2021 - 22:06:38: [l4d2_skill_detect.smx] Charge carry start: 3 - 1 -- time: 320.03
L 04/28/2021 - 22:06:40: [l4d2_skill_detect.smx] Clear: 2 freed 1 from 3: time: 0.92 / 2.33 -- class: charger (with shove? 0)
L 04/28/2021 - 22:06:41: [l4d2_skill_detect.smx] Checking charge victim: 3 - 1 - flags: 1 (alive? 1)
L 04/28/2021 - 22:06:52: [l4d2_skill_detect.smx] Witch Crown Check: Failed: bungled: 1 / crowntype: 1 (entity: 595)
L 04/28/2021 - 22:06:52: [l4d2_skill_detect.smx] Witch Crown Check: Further details: attacker: ♛ Rain ♛, attacker dmg: 568, teamless dmg: 0
L 04/28/2021 - 22:06:59: [l4d2_skill_detect.smx] Clear: 2 freed 1 from 5: time: 0.97 / -1.00 -- class: jockey (with shove? 1)
L 04/28/2021 - 22:07:05: [l4d2_skill_detect.smx] Clear: 6 freed 6 from 3: time: -1.00 / 0.05 -- class: smoker (with shove? 0)
L 04/28/2021 - 22:07:17: [l4d2_skill_detect.smx] Clear: 6 freed 9 from 3: time: -1.00 / 2.66 -- class: smoker (with shove? 0)
L 04/28/2021 - 22:07:23: [l4d2_skill_detect.smx] Clear: 1 freed 2 from 4: time: 9.86 / -1.00 -- class: hunter (with shove? 0)
L 04/28/2021 - 22:07:44: [l4d2_skill_detect.smx] Clear: 1 freed 9 from 7: time: 1.07 / -1.00 -- class: hunter (with shove? 0)
L 04/28/2021 - 22:07:55: [l4d2_skill_detect.smx] Clear: 6 freed 9 from 3: time: -1.00 / 1.20 -- class: smoker (with shove? 1)
L 04/28/2021 - 22:09:02: [l4d2_skill_detect.smx] Clear: 9 freed 9 from 5: time: -1.00 / 0.17 -- class: smoker (with shove? 0)
L 04/28/2021 - 22:09:38: [l4d2_skill_detect.smx] Clear: 2 freed 1 from 3: time: 2.33 / -1.00 -- class: hunter (with shove? 0)
L 04/28/2021 - 22:09:53: [l4d2_skill_detect.smx] Clear: 6 freed 2 from 4: time: 7.16 / 515.44 -- class: charger (with shove? 0)
L 04/28/2021 - 22:10:47: [l4d2_skill_detect.smx] Clear: 6 freed 1 from 7: time: 3.15 / 569.39 -- class: charger (with shove? 0)
L 04/28/2021 - 22:12:25: [l4d2_skill_detect.smx] Charge carry start: 1 - 7 -- time: 666.67
L 04/28/2021 - 22:12:28: [l4d2_skill_detect.smx] Clear: 3 freed 7 from 1: time: 2.14 / 3.34 -- class: charger (with shove? 0)
L 04/28/2021 - 22:12:28: [l4d2_skill_detect.smx] Checking charge victim: 1 - 7 - flags: 1 (alive? 1)
L 04/28/2021 - 22:13:49: [l4d2_skill_detect.smx] Clear: 3 freed 7 from 1: time: 1.58 / -1.00 -- class: jockey (with shove? 0)
L 04/28/2021 - 22:14:14: [l4d2_skill_detect.smx] Witch Crown Check: Failed: bungled: 1 / crowntype: 1 (entity: 362)
L 04/28/2021 - 22:14:14: [l4d2_skill_detect.smx] Witch Crown Check: Further details: attacker: cristian, attacker dmg: 417, teamless dmg: 0
L 04/28/2021 - 22:14:15: [l4d2_skill_detect.smx] Charge carry start: 9 - 4 -- time: 776.75
L 04/28/2021 - 22:14:20: [l4d2_skill_detect.smx] Checking charge victim: 9 - 4 - flags: 1 (alive? 1)
L 04/28/2021 - 22:15:03: -------- Mapchange to c2m3_coaster --------
L 04/28/2021 - 22:15:05: [basecommands.smx] "Console<0><Console><Console>" changed cvar (cvar "sv_force_time_of_day") (value "0")
L 04/28/2021 - 22:15:05: [basecommands.smx] "Console<0><Console><Console>" changed cvar (cvar "z_witch_damage_per_kill_hit") (value "120")
L 04/28/2021 - 22:15:05: [basecommands.smx] "Console<0><Console><Console>" changed cvar (cvar "z_witch_anger_rate") (value "0.4")
L 04/28/2021 - 22:15:05: [basecommands.smx] "Console<0><Console><Console>" changed cvar (cvar "z_witch_flashlight_range") (value "2000")
L 04/28/2021 - 22:15:05: [basecommands.smx] "Console<0><Console><Console>" changed cvar (cvar "z_witch_burn_time") (value "100")
L 04/28/2021 - 22:15:05: [basecommands.smx] "Console<0><Console><Console>" changed cvar (cvar "z_tank_health") (value "4000")
L 04/28/2021 - 22:15:05: [basecommands.smx] "Console<0><Console><Console>" changed cvar (cvar "z_ghost_delay_min") (value "15")
L 04/28/2021 - 22:15:05: [basecommands.smx] "Console<0><Console><Console>" changed cvar (cvar "z_ghost_delay_max") (value "15")
L 04/28/2021 - 22:15:05: [basecommands.smx] "Console<0><Console><Console>" changed cvar (cvar "z_hunter_limit") (value "1")
L 04/28/2021 - 22:15:05: [basecommands.smx] "Console<0><Console><Console>" changed cvar (cvar "z_smoker_limit") (value "1")
L 04/28/2021 - 22:15:05: [basecommands.smx] "Console<0><Console><Console>" changed cvar (cvar "z_jockey_limit") (value "1")
L 04/28/2021 - 22:15:05: [basecommands.smx] "Console<0><Console><Console>" changed cvar (cvar "versus_tank_chance_intro") (value "1")
L 04/28/2021 - 22:15:05: [basecommands.smx] "Console<0><Console><Console>" changed cvar (cvar "versus_tank_chance_finale") (value "1")
L 04/28/2021 - 22:15:05: [basecommands.smx] "Console<0><Console><Console>" changed cvar (cvar "versus_tank_chance") (value "1")
L 04/28/2021 - 22:15:05: [basecommands.smx] "Console<0><Console><Console>" changed cvar (cvar "versus_witch_chance_intro") (value "0")
L 04/28/2021 - 22:15:05: [basecommands.smx] "Console<0><Console><Console>" changed cvar (cvar "versus_witch_chance_finale") (value "0")
L 04/28/2021 - 22:15:05: [basecommands.smx] "Console<0><Console><Console>" changed cvar (cvar "versus_witch_chance") (value "1")
L 04/28/2021 - 22:15:05: [basecommands.smx] "Console<0><Console><Console>" changed cvar (cvar "director_force_tank") (value "1")
L 04/28/2021 - 22:15:05: [basecommands.smx] "Console<0><Console><Console>" changed cvar (cvar "versus_boss_flow_min") (value "0.4")
L 04/28/2021 - 22:15:05: [basecommands.smx] "Console<0><Console><Console>" changed cvar (cvar "versus_boss_flow_max") (value "0.6")
L 04/28/2021 - 22:15:05: [basecommands.smx] "Console<0><Console><Console>" changed cvar (cvar "versus_boss_flow_min_intro") (value "0.1")
L 04/28/2021 - 22:15:05: [basecommands.smx] "Console<0><Console><Console>" changed cvar (cvar "versus_boss_flow_max_intro") (value "0.2")
L 04/28/2021 - 22:15:05: [basecommands.smx] "Console<0><Console><Console>" changed cvar (cvar "versus_boss_flow_min_finale") (value "0.1")
L 04/28/2021 - 22:15:05: [basecommands.smx] "Console<0><Console><Console>" changed cvar (cvar "versus_boss_flow_max_finale") (value "0.2")
L 04/28/2021 - 22:15:05: [basecommands.smx] "Console<0><Console><Console>" changed cvar (cvar "boomer_vomit_delay") (value "0.1")
L 04/28/2021 - 22:15:05: [basecommands.smx] "Console<0><Console><Console>" changed cvar (cvar "smoker_tongue_delay") (value "0.1")
L 04/28/2021 - 22:15:05: [basecommands.smx] "Console<0><Console><Console>" changed cvar (cvar "vs_survival_bonus") (value "35")
L 04/28/2021 - 22:15:05: [basecommands.smx] "Console<0><Console><Console>" changed cvar (cvar "z_tank_throw_health") (value "10")
L 04/28/2021 - 22:15:05: [basecommands.smx] "Console<0><Console><Console>" changed cvar (cvar "sv_client_min_interp_ratio") (value "-1")
L 04/28/2021 - 22:15:05: [basecommands.smx] "Console<0><Console><Console>" changed cvar (cvar "sv_client_max_interp_ratio") (value "0")
L 04/28/2021 - 22:15:05: [basecommands.smx] "Console<0><Console><Console>" changed cvar (cvar "sv_minrate") (value "100000")
L 04/28/2021 - 22:15:05: [basecommands.smx] "Console<0><Console><Console>" changed cvar (cvar "sv_maxrate") (value "100000")
L 04/28/2021 - 22:15:05: [basecommands.smx] "Console<0><Console><Console>" changed cvar (cvar "sv_mincmdrate") (value "100")
L 04/28/2021 - 22:15:05: [basecommands.smx] "Console<0><Console><Console>" changed cvar (cvar "sv_maxcmdrate") (value "100")
L 04/28/2021 - 22:15:05: [basecommands.smx] "Console<0><Console><Console>" changed cvar (cvar "sv_minupdaterate") (value "100")
L 04/28/2021 - 22:15:05: [basecommands.smx] "Console<0><Console><Console>" changed cvar (cvar "sv_maxupdaterate") (value "100")
L 04/28/2021 - 22:15:05: [basecommands.smx] "Console<0><Console><Console>" changed cvar (cvar "nb_update_frequency") (value "0.014")
L 04/28/2021 - 22:15:05: [basecommands.smx] "Console<0><Console><Console>" changed cvar (cvar "net_splitpacket_maxrate") (value "50000")
L 04/28/2021 - 22:15:05: [basecommands.smx] "Console<0><Console><Console>" changed cvar (cvar "fps_max") (value "0")
L 04/28/2021 - 22:15:05: [basecommands.smx] "Console<0><Console><Console>" changed cvar (cvar "hostname") (value "Versus")
L 04/28/2021 - 22:16:57: [l4d2_skill_detect.smx] Clear: 2 freed 1 from 5: time: 2.45 / 4.05 -- class: smoker (with shove? 0)
L 04/28/2021 - 22:18:10: [l4d2_skill_detect.smx] Clear: 1 freed 2 from 3: time: 1.77 / -1.00 -- class: jockey (with shove? 0)
L 04/28/2021 - 22:18:20: [l4d2_skill_detect.smx] Charge carry start: 8 - 2 -- time: 192.95
L 04/28/2021 - 22:18:23: [l4d2_skill_detect.smx] Clear: 1 freed 2 from 8: time: 1.41 / 2.58 -- class: charger (with shove? 0)
L 04/28/2021 - 22:18:24: [l4d2_skill_detect.smx] Checking charge victim: 8 - 2 - flags: 1 (alive? 1)
L 04/28/2021 - 22:18:24: [l4d2_skill_detect.smx] Checking charge victim: 8 - 6 - flags: 0 (alive? 1)
L 04/28/2021 - 22:18:36: [l4d2_skill_detect.smx] Witch Crown Check: Failed: bungled: 0 / crowntype: 0 (entity: 204)
L 04/28/2021 - 22:18:36: [l4d2_skill_detect.smx] Witch Crown Check: Further details: attacker: ♛ Rain ♛, attacker dmg: 936, teamless dmg: 0
L 04/28/2021 - 22:18:54: [l4d2_skill_detect.smx] Clear: 9 freed 1 from 8: time: 5.19 / -1.00 -- class: jockey (with shove? 0)
L 04/28/2021 - 22:18:58: [l4d2_skill_detect.smx] Clear: 6 freed 9 from 7: time: 1.05 / 2.55 -- class: smoker (with shove? 0)
L 04/28/2021 - 22:19:00: [l4d2_skill_detect.smx] Clear: 2 freed 9 from 5: time: 1.08 / -1.00 -- class: hunter (with shove? 0)
L 04/28/2021 - 22:19:43: [l4d2_skill_detect.smx] Clear: 6 freed 9 from 5: time: 0.67 / -1.00 -- class: jockey (with shove? 0)
L 04/28/2021 - 22:20:15: [l4d2_skill_detect.smx] Clear: 6 freed 1 from 5: time: 0.35 / 2.36 -- class: smoker (with shove? 0)
L 04/28/2021 - 22:20:35: [l4d2_skill_detect.smx] Clear: 9 freed 6 from 10: time: -1.00 / 327.57 -- class: smoker (with shove? 0)
L 04/28/2021 - 22:20:43: [l4d2_skill_detect.smx] Clear: 2 freed 1 from 3: time: 1.81 / -1.00 -- class: jockey (with shove? 0)
L 04/28/2021 - 22:21:16: [l4d2_skill_detect.smx] Clear: 6 freed 2 from 3: time: -1.00 / 2.22 -- class: smoker (with shove? 0)
L 04/28/2021 - 22:21:28: [l4d2_skill_detect.smx] Clear: 2 freed 6 from 7: time: 0.91 / -1.00 -- class: jockey (with shove? 0)
L 04/28/2021 - 22:22:00: [l4d2_skill_detect.smx] Charge carry start: 7 - 1 -- time: 412.86
L 04/28/2021 - 22:22:04: [l4d2_skill_detect.smx] Clear: 9 freed 1 from 7: time: 2.06 / 3.79 -- class: charger (with shove? 0)
L 04/28/2021 - 22:22:04: [l4d2_skill_detect.smx] Checking charge victim: 7 - 6 - flags: 0 (alive? 1)
L 04/28/2021 - 22:22:04: [l4d2_skill_detect.smx] Checking charge victim: 7 - 1 - flags: 1 (alive? 1)
L 04/28/2021 - 22:23:21: [l4d2_skill_detect.smx] Clear: 5 freed 3 from 9: time: 1.38 / -1.00 -- class: hunter (with shove? 0)
L 04/28/2021 - 22:23:23: [l4d2_skill_detect.smx] Charge carry start: 1 - 7 -- time: 495.19
L 04/28/2021 - 22:23:27: [l4d2_skill_detect.smx] Checking charge victim: 1 - 7 - flags: 1 (alive? 1)
L 04/28/2021 - 22:23:43: [l4d2_skill_detect.smx] Clear: 3 freed 7 from 1: time: 18.30 / 20.28 -- class: charger (with shove? 0)
L 04/28/2021 - 22:23:53: [l4d2_skill_detect.smx] Clear: 3 freed 4 from 2: time: 4.42 / 5.35 -- class: smoker (with shove? 1)
L 04/28/2021 - 22:24:15: [l4d2_skill_detect.smx] Charge carry start: 6 - 4 -- time: 547.03
L 04/28/2021 - 22:24:17: [l4d2_skill_detect.smx] Clear: 5 freed 3 from 2: time: -1.00 / 2.03 -- class: smoker (with shove? 0)
L 04/28/2021 - 22:24:19: [l4d2_skill_detect.smx] Checking charge victim: 6 - 4 - flags: 1 (alive? 1)
L 04/28/2021 - 22:24:21: [l4d2_skill_detect.smx] Clear: 5 freed 7 from 1: time: 3.32 / -1.00 -- class: hunter (with shove? 1)
L 04/28/2021 - 22:24:25: [l4d2_skill_detect.smx] Clear: 7 freed 5 from 1: time: 1.75 / -1.00 -- class: hunter (with shove? 1)
L 04/28/2021 - 22:24:28: [l4d2_skill_detect.smx] Clear: 5 freed 4 from 6: time: 10.90 / 13.39 -- class: charger (with shove? 0)
L 04/28/2021 - 22:25:05: [l4d2_skill_detect.smx] Clear: 7 freed 5 from 6: time: 3.75 / -1.00 -- class: hunter (with shove? 0)
L 04/28/2021 - 22:25:14: [l4d2_skill_detect.smx] Clear: 7 freed 8 from 9: time: 11.37 / 606.76 -- class: charger (with shove? 0)
L 04/28/2021 - 22:25:25: [admin_hp.smx]  
L 04/28/2021 - 22:25:51: [l4d2_skill_detect.smx] Charge carry start: 2 - 8 -- time: 643.59
L 04/28/2021 - 22:25:51: [l4d2_skill_detect.smx] Clear: 5 freed 8 from 2: time: 0.00 / 0.26 -- class: charger (with shove? 0)
L 04/28/2021 - 22:25:54: [l4d2_skill_detect.smx] Checking charge victim: 2 - 8 - flags: 1 (alive? 1)
L 04/28/2021 - 22:25:55: [l4d2_skill_detect.smx] Clear: 8 freed 4 from 9: time: 1.45 / 2.61 -- class: smoker (with shove? 1)
L 04/28/2021 - 22:26:15: [l4d2_skill_detect.smx] Clear: 3 freed 4 from 6: time: 2.47 / -1.00 -- class: jockey (with shove? 0)
L 04/28/2021 - 22:26:30: [l4d2_skill_detect.smx] Charge carry start: 9 - 7 -- time: 682.16
L 04/28/2021 - 22:26:34: [l4d2_skill_detect.smx] Checking charge victim: 9 - 7 - flags: 1 (alive? 1)
L 04/28/2021 - 22:26:34: [l4d2_skill_detect.smx] Clear: 5 freed 7 from 9: time: 2.64 / 4.14 -- class: charger (with shove? 0)
L 04/28/2021 - 22:26:39: [l4d2_skill_detect.smx] Clear: 4 freed 3 from 2: time: 7.66 / -1.00 -- class: hunter (with shove? 0)
L 04/28/2021 - 22:26:43: [l4d2_skill_detect.smx] Clear: 3 freed 4 from 6: time: -1.00 / 2.66 -- class: smoker (with shove? 0)
L 04/28/2021 - 22:27:24: [l4d2_skill_detect.smx] Clear: 5 freed 7 from 6: time: 7.36 / 9.39 -- class: smoker (with shove? 0)
L 04/28/2021 - 22:27:50: [l4d2_skill_detect.smx] Clear: 7 freed 4 from 2: time: 0.95 / -1.00 -- class: jockey (with shove? 1)
L 04/28/2021 - 22:28:08: [l4d2_skill_detect.smx] Clear: 3 freed 5 from 1: time: 2.95 / -1.00 -- class: hunter (with shove? 0)
L 04/28/2021 - 22:29:41: [l4d2_skill_detect.smx] Clear: 5 freed 7 from 9: time: 1.45 / 873.19 -- class: charger (with shove? 0)
L 04/28/2021 - 22:30:07: [l4d2_skill_detect.smx] Clear: 5 freed 7 from 2: time: -1.00 / 1.04 -- class: smoker (with shove? 0)
L 04/28/2021 - 22:30:11: [l4d2_skill_detect.smx] Clear: 3 freed 7 from 9: time: 1.47 / -1.00 -- class: hunter (with shove? 1)
L 04/28/2021 - 22:30:28: [l4d2_skill_detect.smx] Witch Crown Check: Failed: bungled: 1 / crowntype: 0 (entity: 163)
L 04/28/2021 - 22:30:28: [l4d2_skill_detect.smx] Witch Crown Check: Further details: attacker: Melee, attacker dmg: 349, teamless dmg: 0
L 04/28/2021 - 22:31:02: -------- Mapchange to c2m4_barns --------
L 04/28/2021 - 22:31:04: [basecommands.smx] "Console<0><Console><Console>" changed cvar (cvar "sv_force_time_of_day") (value "0")
L 04/28/2021 - 22:31:04: [basecommands.smx] "Console<0><Console><Console>" changed cvar (cvar "z_witch_damage_per_kill_hit") (value "120")
L 04/28/2021 - 22:31:04: [basecommands.smx] "Console<0><Console><Console>" changed cvar (cvar "z_witch_anger_rate") (value "0.4")
L 04/28/2021 - 22:31:04: [basecommands.smx] "Console<0><Console><Console>" changed cvar (cvar "z_witch_flashlight_range") (value "2000")
L 04/28/2021 - 22:31:04: [basecommands.smx] "Console<0><Console><Console>" changed cvar (cvar "z_witch_burn_time") (value "100")
L 04/28/2021 - 22:31:05: [basecommands.smx] "Console<0><Console><Console>" changed cvar (cvar "z_tank_health") (value "4000")
L 04/28/2021 - 22:31:05: [basecommands.smx] "Console<0><Console><Console>" changed cvar (cvar "z_ghost_delay_min") (value "15")
L 04/28/2021 - 22:31:05: [basecommands.smx] "Console<0><Console><Console>" changed cvar (cvar "z_ghost_delay_max") (value "15")
L 04/28/2021 - 22:31:05: [basecommands.smx] "Console<0><Console><Console>" changed cvar (cvar "z_hunter_limit") (value "1")
L 04/28/2021 - 22:31:05: [basecommands.smx] "Console<0><Console><Console>" changed cvar (cvar "z_smoker_limit") (value "1")
L 04/28/2021 - 22:31:05: [basecommands.smx] "Console<0><Console><Console>" changed cvar (cvar "z_jockey_limit") (value "1")
L 04/28/2021 - 22:31:05: [basecommands.smx] "Console<0><Console><Console>" changed cvar (cvar "versus_tank_chance_intro") (value "1")
L 04/28/2021 - 22:31:05: [basecommands.smx] "Console<0><Console><Console>" changed cvar (cvar "versus_tank_chance_finale") (value "1")
L 04/28/2021 - 22:31:05: [basecommands.smx] "Console<0><Console><Console>" changed cvar (cvar "versus_tank_chance") (value "1")
L 04/28/2021 - 22:31:05: [basecommands.smx] "Console<0><Console><Console>" changed cvar (cvar "versus_witch_chance_intro") (value "0")
L 04/28/2021 - 22:31:05: [basecommands.smx] "Console<0><Console><Console>" changed cvar (cvar "versus_witch_chance_finale") (value "0")
L 04/28/2021 - 22:31:05: [basecommands.smx] "Console<0><Console><Console>" changed cvar (cvar "versus_witch_chance") (value "1")
L 04/28/2021 - 22:31:05: [basecommands.smx] "Console<0><Console><Console>" changed cvar (cvar "director_force_tank") (value "1")
L 04/28/2021 - 22:31:05: [basecommands.smx] "Console<0><Console><Console>" changed cvar (cvar "versus_boss_flow_min") (value "0.4")
L 04/28/2021 - 22:31:05: [basecommands.smx] "Console<0><Console><Console>" changed cvar (cvar "versus_boss_flow_max") (value "0.6")
L 04/28/2021 - 22:31:05: [basecommands.smx] "Console<0><Console><Console>" changed cvar (cvar "versus_boss_flow_min_intro") (value "0.1")
L 04/28/2021 - 22:31:05: [basecommands.smx] "Console<0><Console><Console>" changed cvar (cvar "versus_boss_flow_max_intro") (value "0.2")
L 04/28/2021 - 22:31:05: [basecommands.smx] "Console<0><Console><Console>" changed cvar (cvar "versus_boss_flow_min_finale") (value "0.1")
L 04/28/2021 - 22:31:05: [basecommands.smx] "Console<0><Console><Console>" changed cvar (cvar "versus_boss_flow_max_finale") (value "0.2")
L 04/28/2021 - 22:31:05: [basecommands.smx] "Console<0><Console><Console>" changed cvar (cvar "boomer_vomit_delay") (value "0.1")
L 04/28/2021 - 22:31:05: [basecommands.smx] "Console<0><Console><Console>" changed cvar (cvar "smoker_tongue_delay") (value "0.1")
L 04/28/2021 - 22:31:05: [basecommands.smx] "Console<0><Console><Console>" changed cvar (cvar "vs_survival_bonus") (value "35")
L 04/28/2021 - 22:31:05: [basecommands.smx] "Console<0><Console><Console>" changed cvar (cvar "z_tank_throw_health") (value "10")
L 04/28/2021 - 22:31:05: [basecommands.smx] "Console<0><Console><Console>" changed cvar (cvar "sv_client_min_interp_ratio") (value "-1")
L 04/28/2021 - 22:31:05: [basecommands.smx] "Console<0><Console><Console>" changed cvar (cvar "sv_client_max_interp_ratio") (value "0")
L 04/28/2021 - 22:31:05: [basecommands.smx] "Console<0><Console><Console>" changed cvar (cvar "sv_minrate") (value "100000")
L 04/28/2021 - 22:31:05: [basecommands.smx] "Console<0><Console><Console>" changed cvar (cvar "sv_maxrate") (value "100000")
L 04/28/2021 - 22:31:05: [basecommands.smx] "Console<0><Console><Console>" changed cvar (cvar "sv_mincmdrate") (value "100")
L 04/28/2021 - 22:31:05: [basecommands.smx] "Console<0><Console><Console>" changed cvar (cvar "sv_maxcmdrate") (value "100")
L 04/28/2021 - 22:31:05: [basecommands.smx] "Console<0><Console><Console>" changed cvar (cvar "sv_minupdaterate") (value "100")
L 04/28/2021 - 22:31:05: [basecommands.smx] "Console<0><Console><Console>" changed cvar (cvar "sv_maxupdaterate") (value "100")
L 04/28/2021 - 22:31:05: [basecommands.smx] "Console<0><Console><Console>" changed cvar (cvar "nb_update_frequency") (value "0.014")
L 04/28/2021 - 22:31:05: [basecommands.smx] "Console<0><Console><Console>" changed cvar (cvar "net_splitpacket_maxrate") (value "50000")
L 04/28/2021 - 22:31:05: [basecommands.smx] "Console<0><Console><Console>" changed cvar (cvar "fps_max") (value "0")
L 04/28/2021 - 22:31:05: [basecommands.smx] "Console<0><Console><Console>" changed cvar (cvar "hostname") (value "Versus")
L 04/28/2021 - 22:32:55: [l4d2_skill_detect.smx] Clear: 6 freed 10 from 5: time: 1.60 / -1.00 -- class: jockey (with shove? 0)
L 04/28/2021 - 22:33:27: [l4d2_skill_detect.smx] Charge carry start: 5 - 6 -- time: 140.59
L 04/28/2021 - 22:33:29: [l4d2_skill_detect.smx] Clear: 10 freed 6 from 5: time: 0.11 / 2.12 -- class: charger (with shove? 0)
L 04/28/2021 - 22:33:31: [l4d2_skill_detect.smx] Checking charge victim: 5 - 1 - flags: 0 (alive? 1)
L 04/28/2021 - 22:33:31: [l4d2_skill_detect.smx] Checking charge victim: 5 - 6 - flags: 1 (alive? 1)
L 04/28/2021 - 22:34:00: [l4d2_skill_detect.smx] Clear: 10 freed 9 from 4: time: 0.43 / 3.93 -- class: smoker (with shove? 0)
L 04/28/2021 - 22:34:11: [l4d2_skill_detect.smx] Clear: 1 freed 9 from 7: time: 0.77 / -1.00 -- class: jockey (with shove? 0)
L 04/28/2021 - 22:34:32: [l4d2_skill_detect.smx] Clear: 6 freed 1 from 5: time: -1.00 / 2.11 -- class: smoker (with shove? 0)
L 04/28/2021 - 22:37:15: [l4d2_skill_detect.smx] Clear: 7 freed 5 from 1: time: 9.47 / -1.00 -- class: jockey (with shove? 0)
L 04/28/2021 - 22:37:18: [l4d2_skill_detect.smx] Clear: 7 freed 4 from 9: time: 13.05 / 15.54 -- class: smoker (with shove? 0)
L 04/28/2021 - 22:37:25: [l4d2_skill_detect.smx] Charge carry start: 6 - 2 -- time: 377.60
L 04/28/2021 - 22:37:26: [l4d2_skill_detect.smx] Clear: 7 freed 2 from 6: time: 0.20 / 1.70 -- class: charger (with shove? 0)
L 04/28/2021 - 22:37:28: [l4d2_skill_detect.smx] Checking charge victim: 6 - 2 - flags: 1 (alive? 1)
L 04/28/2021 - 22:37:53: [l4d2_skill_detect.smx] Clear: 5 freed 2 from 9: time: 3.70 / -1.00 -- class: jockey (with shove? 0)
L 04/28/2021 - 22:37:54: [l4d2_skill_detect.smx] Clear: 5 freed 4 from 6: time: -1.00 / 0.98 -- class: smoker (with shove? 0)
L 04/28/2021 - 22:38:45: [l4d2_skill_detect.smx] Clear: 5 freed 7 from 6: time: 0.91 / -1.00 -- class: jockey (with shove? 1)
L 04/28/2021 - 22:38:49: [l4d2_skill_detect.smx] Clear: 2 freed 5 from 9: time: 1.32 / -1.00 -- class: hunter (with shove? 0)
L 04/28/2021 - 22:39:35: [l4d2_skill_detect.smx] Clear: 7 freed 3 from 9: time: 2.44 / -1.00 -- class: jockey (with shove? 0)
L 04/28/2021 - 22:40:01: [l4d2_skill_detect.smx] Charge carry start: 9 - 5 -- time: 534.30
L 04/28/2021 - 22:40:04: [l4d2_skill_detect.smx] Checking charge victim: 9 - 5 - flags: 1 (alive? 1)
L 04/28/2021 - 22:40:46: -------- Mapchange to c2m5_concert --------
L 04/28/2021 - 22:40:48: [basecommands.smx] "Console<0><Console><Console>" changed cvar (cvar "sv_force_time_of_day") (value "0")
L 04/28/2021 - 22:40:48: [basecommands.smx] "Console<0><Console><Console>" changed cvar (cvar "z_witch_damage_per_kill_hit") (value "120")
L 04/28/2021 - 22:40:48: [basecommands.smx] "Console<0><Console><Console>" changed cvar (cvar "z_witch_anger_rate") (value "0.4")
L 04/28/2021 - 22:40:48: [basecommands.smx] "Console<0><Console><Console>" changed cvar (cvar "z_witch_flashlight_range") (value "2000")
L 04/28/2021 - 22:40:48: [basecommands.smx] "Console<0><Console><Console>" changed cvar (cvar "z_witch_burn_time") (value "100")
L 04/28/2021 - 22:40:48: [basecommands.smx] "Console<0><Console><Console>" changed cvar (cvar "z_tank_health") (value "4000")
L 04/28/2021 - 22:40:48: [basecommands.smx] "Console<0><Console><Console>" changed cvar (cvar "z_ghost_delay_min") (value "15")
L 04/28/2021 - 22:40:48: [basecommands.smx] "Console<0><Console><Console>" changed cvar (cvar "z_ghost_delay_max") (value "15")
L 04/28/2021 - 22:40:48: [basecommands.smx] "Console<0><Console><Console>" changed cvar (cvar "z_hunter_limit") (value "1")
L 04/28/2021 - 22:40:48: [basecommands.smx] "Console<0><Console><Console>" changed cvar (cvar "z_smoker_limit") (value "1")
L 04/28/2021 - 22:40:48: [basecommands.smx] "Console<0><Console><Console>" changed cvar (cvar "z_jockey_limit") (value "1")
L 04/28/2021 - 22:40:48: [basecommands.smx] "Console<0><Console><Console>" changed cvar (cvar "versus_tank_chance_intro") (value "1")
L 04/28/2021 - 22:40:48: [basecommands.smx] "Console<0><Console><Console>" changed cvar (cvar "versus_tank_chance_finale") (value "1")
L 04/28/2021 - 22:40:48: [basecommands.smx] "Console<0><Console><Console>" changed cvar (cvar "versus_tank_chance") (value "1")
L 04/28/2021 - 22:40:48: [basecommands.smx] "Console<0><Console><Console>" changed cvar (cvar "versus_witch_chance_intro") (value "0")
L 04/28/2021 - 22:40:48: [basecommands.smx] "Console<0><Console><Console>" changed cvar (cvar "versus_witch_chance_finale") (value "0")
L 04/28/2021 - 22:40:48: [basecommands.smx] "Console<0><Console><Console>" changed cvar (cvar "versus_witch_chance") (value "1")
L 04/28/2021 - 22:40:48: [basecommands.smx] "Console<0><Console><Console>" changed cvar (cvar "director_force_tank") (value "1")
L 04/28/2021 - 22:40:48: [basecommands.smx] "Console<0><Console><Console>" changed cvar (cvar "versus_boss_flow_min") (value "0.4")
L 04/28/2021 - 22:40:48: [basecommands.smx] "Console<0><Console><Console>" changed cvar (cvar "versus_boss_flow_max") (value "0.6")
L 04/28/2021 - 22:40:48: [basecommands.smx] "Console<0><Console><Console>" changed cvar (cvar "versus_boss_flow_min_intro") (value "0.1")
L 04/28/2021 - 22:40:48: [basecommands.smx] "Console<0><Console><Console>" changed cvar (cvar "versus_boss_flow_max_intro") (value "0.2")
L 04/28/2021 - 22:40:48: [basecommands.smx] "Console<0><Console><Console>" changed cvar (cvar "versus_boss_flow_min_finale") (value "0.1")
L 04/28/2021 - 22:40:48: [basecommands.smx] "Console<0><Console><Console>" changed cvar (cvar "versus_boss_flow_max_finale") (value "0.2")
L 04/28/2021 - 22:40:48: [basecommands.smx] "Console<0><Console><Console>" changed cvar (cvar "boomer_vomit_delay") (value "0.1")
L 04/28/2021 - 22:40:48: [basecommands.smx] "Console<0><Console><Console>" changed cvar (cvar "smoker_tongue_delay") (value "0.1")
L 04/28/2021 - 22:40:48: [basecommands.smx] "Console<0><Console><Console>" changed cvar (cvar "vs_survival_bonus") (value "35")
L 04/28/2021 - 22:40:48: [basecommands.smx] "Console<0><Console><Console>" changed cvar (cvar "z_tank_throw_health") (value "10")
L 04/28/2021 - 22:40:48: [basecommands.smx] "Console<0><Console><Console>" changed cvar (cvar "sv_client_min_interp_ratio") (value "-1")
L 04/28/2021 - 22:40:48: [basecommands.smx] "Console<0><Console><Console>" changed cvar (cvar "sv_client_max_interp_ratio") (value "0")
L 04/28/2021 - 22:40:48: [basecommands.smx] "Console<0><Console><Console>" changed cvar (cvar "sv_minrate") (value "100000")
L 04/28/2021 - 22:40:48: [basecommands.smx] "Console<0><Console><Console>" changed cvar (cvar "sv_maxrate") (value "100000")
L 04/28/2021 - 22:40:48: [basecommands.smx] "Console<0><Console><Console>" changed cvar (cvar "sv_mincmdrate") (value "100")
L 04/28/2021 - 22:40:48: [basecommands.smx] "Console<0><Console><Console>" changed cvar (cvar "sv_maxcmdrate") (value "100")
L 04/28/2021 - 22:40:48: [basecommands.smx] "Console<0><Console><Console>" changed cvar (cvar "sv_minupdaterate") (value "100")
L 04/28/2021 - 22:40:48: [basecommands.smx] "Console<0><Console><Console>" changed cvar (cvar "sv_maxupdaterate") (value "100")
L 04/28/2021 - 22:40:48: [basecommands.smx] "Console<0><Console><Console>" changed cvar (cvar "nb_update_frequency") (value "0.014")
L 04/28/2021 - 22:40:48: [basecommands.smx] "Console<0><Console><Console>" changed cvar (cvar "net_splitpacket_maxrate") (value "50000")
L 04/28/2021 - 22:40:48: [basecommands.smx] "Console<0><Console><Console>" changed cvar (cvar "fps_max") (value "0")
L 04/28/2021 - 22:40:48: [basecommands.smx] "Console<0><Console><Console>" changed cvar (cvar "hostname") (value "Versus")
L 04/28/2021 - 22:42:05: [l4d2_skill_detect.smx] Clear: 9 freed 1 from 5: time: -1.00 / 2.69 -- class: smoker (with shove? 1)
L 04/28/2021 - 22:42:06: [l4d2_skill_detect.smx] Clear: 1 freed 6 from 3: time: 0.90 / -1.00 -- class: jockey (with shove? 1)
L 04/28/2021 - 22:42:43: [l4d2_skill_detect.smx] Charge carry start: 2 - 6 -- time: 112.80
L 04/28/2021 - 22:42:47: [l4d2_skill_detect.smx] Checking charge victim: 2 - 6 - flags: 1 (alive? 1)
L 04/28/2021 - 22:42:48: [l4d2_skill_detect.smx] Clear: 1 freed 8 from 5: time: 2.54 / -1.00 -- class: jockey (with shove? 0)
L 04/28/2021 - 22:42:59: [l4d2_skill_detect.smx] Clear: 9 freed 8 from 7: time: 0.36 / 1.87 -- class: smoker (with shove? 1)
L 04/28/2021 - 22:43:43: [l4d2_skill_detect.smx] Charge carry start: 5 - 6 -- time: 173.22
L 04/28/2021 - 22:43:46: [l4d2_skill_detect.smx] Checking charge victim: 5 - 6 - flags: 1 (alive? 1)
L 04/28/2021 - 22:43:46: [l4d2_skill_detect.smx] Clear: 8 freed 6 from 5: time: 2.11 / 3.19 -- class: charger (with shove? 0)
L 04/28/2021 - 22:44:58: [l4d2_skill_detect.smx] Charge carry start: 3 - 1 -- time: 247.84
L 04/28/2021 - 22:45:01: [l4d2_skill_detect.smx] Clear: 8 freed 1 from 3: time: 2.11 / 3.10 -- class: charger (with shove? 0)
L 04/28/2021 - 22:45:01: [l4d2_skill_detect.smx] Checking charge victim: 3 - 1 - flags: 1 (alive? 1)
L 04/28/2021 - 22:45:01: [l4d2_skill_detect.smx] Checking charge victim: 3 - 6 - flags: 0 (alive? 1)
L 04/28/2021 - 22:45:08: [l4d2_skill_detect.smx] Clear: 6 freed 8 from 5: time: 1.96 / -1.00 -- class: jockey (with shove? 0)
L 04/28/2021 - 22:46:06: [l4d2_skill_detect.smx] Charge carry start: 2 - 8 -- time: 315.97
L 04/28/2021 - 22:46:10: [l4d2_skill_detect.smx] Clear: 1 freed 8 from 2: time: 1.17 / 3.80 -- class: charger (with shove? 0)
L 04/28/2021 - 22:46:11: [l4d2_skill_detect.smx] Checking charge victim: 2 - 8 - flags: 1 (alive? 1)
L 04/28/2021 - 22:46:11: [l4d2_skill_detect.smx] Checking charge victim: 2 - 9 - flags: 0 (alive? 1)
L 04/28/2021 - 22:46:33: [l4d2_skill_detect.smx] Clear: 9 freed 1 from 7: time: -1.00 / 1.45 -- class: smoker (with shove? 0)
L 04/28/2021 - 22:46:43: [l4d2_skill_detect.smx] Charge carry start: 3 - 6 -- time: 353.41
L 04/28/2021 - 22:46:46: [l4d2_skill_detect.smx] Clear: 9 freed 6 from 3: time: 0.95 / 2.51 -- class: charger (with shove? 0)
L 04/28/2021 - 22:46:47: [l4d2_skill_detect.smx] Checking charge victim: 3 - 6 - flags: 1 (alive? 1)
L 04/28/2021 - 22:47:24: [l4d2_skill_detect.smx] Clear: 8 freed 9 from 3: time: 2.29 / -1.00 -- class: hunter (with shove? 0)
L 04/28/2021 - 22:47:36: [l4d2_skill_detect.smx] Clear: 1 freed 9 from 11: time: 6.40 / 8.98 -- class: smoker (with shove? 0)
L 04/28/2021 - 22:48:04: [l4d2_skill_detect.smx] Clear: 6 freed 1 from 3: time: -1.00 / 1.63 -- class: smoker (with shove? 1)
L 04/28/2021 - 22:48:55: [l4d2_skill_detect.smx] Charge carry start: 5 - 6 -- time: 484.69
L 04/28/2021 - 22:48:57: [l4d2_skill_detect.smx] Clear: 1 freed 6 from 5: time: 1.70 / 2.58 -- class: charger (with shove? 0)
L 04/28/2021 - 22:48:57: [l4d2_skill_detect.smx] Checking charge victim: 5 - 6 - flags: 1 (alive? 1)
L 04/28/2021 - 22:50:44: [l4d2_skill_detect.smx] Clear: 2 freed 7 from 1: time: 0.95 / -1.00 -- class: jockey (with shove? 1)
L 04/28/2021 - 22:50:46: [l4d2_skill_detect.smx] Clear: 2 freed 3 from 8: time: -1.00 / 1.05 -- class: smoker (with shove? 1)
L 04/28/2021 - 22:52:00: [l4d2_skill_detect.smx] Clear: 5 freed 7 from 1: time: 1.65 / -1.00 -- class: hunter (with shove? 0)
L 04/28/2021 - 22:53:01: [l4d2_skill_detect.smx] Clear: 2 freed 7 from 1: time: 2.92 / 731.38 -- class: charger (with shove? 0)
L 04/28/2021 - 22:53:15: [l4d2_skill_detect.smx] Clear: 7 freed 5 from 8: time: 3.04 / -1.00 -- class: hunter (with shove? 0)
L 04/28/2021 - 22:53:30: [l4d2_skill_detect.smx] Clear: 5 freed 2 from 1: time: 0.20 / 1.90 -- class: smoker (with shove? 0)
L 04/28/2021 - 22:53:34: [l4d2_skill_detect.smx] Clear: 2 freed 3 from 9: time: 3.83 / -1.00 -- class: jockey (with shove? 0)
L 04/28/2021 - 22:53:41: [l4d2_skill_detect.smx] Charge carry start: 8 - 3 -- time: 770.63
L 04/28/2021 - 22:53:44: [l4d2_skill_detect.smx] Checking charge victim: 8 - 3 - flags: 1 (alive? 1)
L 04/28/2021 - 22:54:32: [l4d2_skill_detect.smx] Charge carry start: 8 - 5 -- time: 821.94
L 04/28/2021 - 22:54:36: [l4d2_skill_detect.smx] Checking charge victim: 8 - 5 - flags: 1 (alive? 1)
L 04/28/2021 - 22:54:54: Log file closed.
