L 04/23/2021 - 00:18:18: SourceMod log file session started (file "D:\Steam\steamapps\common\Left 4 Dead 2\left4dead2\addons\sourcemod\logs\L20210423.log") (Version "1.10.0.6492")
L 04/23/2021 - 00:18:18: [simplewelcomemsg.smx] Set the maximum number of lines of.
L 04/23/2021 - 00:18:25: [basecommands.smx] "Console<0><Console><Console>" changed cvar (cvar "sv_force_time_of_day") (value "0")
L 04/23/2021 - 00:18:25: [basecommands.smx] "Console<0><Console><Console>" changed cvar (cvar "z_witch_damage_per_kill_hit") (value "120")
L 04/23/2021 - 00:18:25: [basecommands.smx] "Console<0><Console><Console>" changed cvar (cvar "z_witch_anger_rate") (value "0.4")
L 04/23/2021 - 00:18:25: [basecommands.smx] "Console<0><Console><Console>" changed cvar (cvar "z_witch_flashlight_range") (value "2000")
L 04/23/2021 - 00:18:25: [basecommands.smx] "Console<0><Console><Console>" changed cvar (cvar "z_witch_burn_time") (value "100")
L 04/23/2021 - 00:18:25: [basecommands.smx] "Console<0><Console><Console>" changed cvar (cvar "z_tank_health") (value "4000")
L 04/23/2021 - 00:18:25: [basecommands.smx] "Console<0><Console><Console>" changed cvar (cvar "z_ghost_delay_min") (value "15")
L 04/23/2021 - 00:18:25: [basecommands.smx] "Console<0><Console><Console>" changed cvar (cvar "z_ghost_delay_max") (value "15")
L 04/23/2021 - 00:18:25: [basecommands.smx] "Console<0><Console><Console>" changed cvar (cvar "z_hunter_limit") (value "1")
L 04/23/2021 - 00:18:25: [basecommands.smx] "Console<0><Console><Console>" changed cvar (cvar "z_smoker_limit") (value "1")
L 04/23/2021 - 00:18:25: [basecommands.smx] "Console<0><Console><Console>" changed cvar (cvar "z_jockey_limit") (value "1")
L 04/23/2021 - 00:18:25: [basecommands.smx] "Console<0><Console><Console>" changed cvar (cvar "versus_tank_chance_intro") (value "1")
L 04/23/2021 - 00:18:25: [basecommands.smx] "Console<0><Console><Console>" changed cvar (cvar "versus_tank_chance_finale") (value "1")
L 04/23/2021 - 00:18:25: [basecommands.smx] "Console<0><Console><Console>" changed cvar (cvar "versus_tank_chance") (value "1")
L 04/23/2021 - 00:18:25: [basecommands.smx] "Console<0><Console><Console>" changed cvar (cvar "versus_witch_chance_intro") (value "0")
L 04/23/2021 - 00:18:25: [basecommands.smx] "Console<0><Console><Console>" changed cvar (cvar "versus_witch_chance_finale") (value "0")
L 04/23/2021 - 00:18:25: [basecommands.smx] "Console<0><Console><Console>" changed cvar (cvar "versus_witch_chance") (value "1")
L 04/23/2021 - 00:18:25: [basecommands.smx] "Console<0><Console><Console>" changed cvar (cvar "director_force_tank") (value "1")
L 04/23/2021 - 00:18:25: [basecommands.smx] "Console<0><Console><Console>" changed cvar (cvar "versus_boss_flow_min") (value "0.4")
L 04/23/2021 - 00:18:25: [basecommands.smx] "Console<0><Console><Console>" changed cvar (cvar "versus_boss_flow_max") (value "0.6")
L 04/23/2021 - 00:18:25: [basecommands.smx] "Console<0><Console><Console>" changed cvar (cvar "versus_boss_flow_min_intro") (value "0.1")
L 04/23/2021 - 00:18:25: [basecommands.smx] "Console<0><Console><Console>" changed cvar (cvar "versus_boss_flow_max_intro") (value "0.2")
L 04/23/2021 - 00:18:25: [basecommands.smx] "Console<0><Console><Console>" changed cvar (cvar "versus_boss_flow_min_finale") (value "0.1")
L 04/23/2021 - 00:18:25: [basecommands.smx] "Console<0><Console><Console>" changed cvar (cvar "versus_boss_flow_max_finale") (value "0.2")
L 04/23/2021 - 00:18:25: [basecommands.smx] "Console<0><Console><Console>" changed cvar (cvar "boomer_vomit_delay") (value "0.1")
L 04/23/2021 - 00:18:25: [basecommands.smx] "Console<0><Console><Console>" changed cvar (cvar "smoker_tongue_delay") (value "0.1")
L 04/23/2021 - 00:18:25: [basecommands.smx] "Console<0><Console><Console>" changed cvar (cvar "vs_survival_bonus") (value "35")
L 04/23/2021 - 00:18:25: [basecommands.smx] "Console<0><Console><Console>" changed cvar (cvar "z_tank_throw_health") (value "10")
L 04/23/2021 - 00:18:25: [basecommands.smx] "Console<0><Console><Console>" changed cvar (cvar "sv_client_min_interp_ratio") (value "-1")
L 04/23/2021 - 00:18:25: [basecommands.smx] "Console<0><Console><Console>" changed cvar (cvar "sv_client_max_interp_ratio") (value "0")
L 04/23/2021 - 00:18:25: [basecommands.smx] "Console<0><Console><Console>" changed cvar (cvar "sv_minrate") (value "100000")
L 04/23/2021 - 00:18:25: [basecommands.smx] "Console<0><Console><Console>" changed cvar (cvar "sv_maxrate") (value "100000")
L 04/23/2021 - 00:18:25: [basecommands.smx] "Console<0><Console><Console>" changed cvar (cvar "sv_mincmdrate") (value "100")
L 04/23/2021 - 00:18:25: [basecommands.smx] "Console<0><Console><Console>" changed cvar (cvar "sv_maxcmdrate") (value "100")
L 04/23/2021 - 00:18:25: [basecommands.smx] "Console<0><Console><Console>" changed cvar (cvar "sv_minupdaterate") (value "100")
L 04/23/2021 - 00:18:25: [basecommands.smx] "Console<0><Console><Console>" changed cvar (cvar "sv_maxupdaterate") (value "100")
L 04/23/2021 - 00:18:25: [basecommands.smx] "Console<0><Console><Console>" changed cvar (cvar "nb_update_frequency") (value "0.014")
L 04/23/2021 - 00:18:25: [basecommands.smx] "Console<0><Console><Console>" changed cvar (cvar "net_splitpacket_maxrate") (value "50000")
L 04/23/2021 - 00:18:25: [basecommands.smx] "Console<0><Console><Console>" changed cvar (cvar "fps_max") (value "0")
L 04/23/2021 - 00:18:25: [basecommands.smx] "Console<0><Console><Console>" changed cvar (cvar "hostname") (value "Versus")
L 04/23/2021 - 00:21:03: [l4d2_skill_detect.smx] calarm trigger: caller 865 / activator 865 / delay: 0.00
L 04/23/2021 - 00:21:54: [l4d2_skill_detect.smx] Clear: 3 freed 2 from 6: time: 7.13 / 9.50 -- class: smoker (with shove? 0)
L 04/23/2021 - 00:22:21: [l4d2_skill_detect.smx] Clear: 1 freed 4 from 7: time: 1.86 / -1.00 -- class: jockey (with shove? 0)
L 04/23/2021 - 00:23:12: -------- Mapchange to c2m2_fairgrounds --------
L 04/23/2021 - 00:23:14: [basecommands.smx] "Console<0><Console><Console>" changed cvar (cvar "sv_force_time_of_day") (value "0")
L 04/23/2021 - 00:23:14: [basecommands.smx] "Console<0><Console><Console>" changed cvar (cvar "z_witch_damage_per_kill_hit") (value "120")
L 04/23/2021 - 00:23:14: [basecommands.smx] "Console<0><Console><Console>" changed cvar (cvar "z_witch_anger_rate") (value "0.4")
L 04/23/2021 - 00:23:14: [basecommands.smx] "Console<0><Console><Console>" changed cvar (cvar "z_witch_flashlight_range") (value "2000")
L 04/23/2021 - 00:23:14: [basecommands.smx] "Console<0><Console><Console>" changed cvar (cvar "z_witch_burn_time") (value "100")
L 04/23/2021 - 00:23:14: [basecommands.smx] "Console<0><Console><Console>" changed cvar (cvar "z_tank_health") (value "4000")
L 04/23/2021 - 00:23:14: [basecommands.smx] "Console<0><Console><Console>" changed cvar (cvar "z_ghost_delay_min") (value "15")
L 04/23/2021 - 00:23:14: [basecommands.smx] "Console<0><Console><Console>" changed cvar (cvar "z_ghost_delay_max") (value "15")
L 04/23/2021 - 00:23:14: [basecommands.smx] "Console<0><Console><Console>" changed cvar (cvar "z_hunter_limit") (value "1")
L 04/23/2021 - 00:23:14: [basecommands.smx] "Console<0><Console><Console>" changed cvar (cvar "z_smoker_limit") (value "1")
L 04/23/2021 - 00:23:14: [basecommands.smx] "Console<0><Console><Console>" changed cvar (cvar "z_jockey_limit") (value "1")
L 04/23/2021 - 00:23:14: [basecommands.smx] "Console<0><Console><Console>" changed cvar (cvar "versus_tank_chance_intro") (value "1")
L 04/23/2021 - 00:23:14: [basecommands.smx] "Console<0><Console><Console>" changed cvar (cvar "versus_tank_chance_finale") (value "1")
L 04/23/2021 - 00:23:14: [basecommands.smx] "Console<0><Console><Console>" changed cvar (cvar "versus_tank_chance") (value "1")
L 04/23/2021 - 00:23:14: [basecommands.smx] "Console<0><Console><Console>" changed cvar (cvar "versus_witch_chance_intro") (value "0")
L 04/23/2021 - 00:23:14: [basecommands.smx] "Console<0><Console><Console>" changed cvar (cvar "versus_witch_chance_finale") (value "0")
L 04/23/2021 - 00:23:14: [basecommands.smx] "Console<0><Console><Console>" changed cvar (cvar "versus_witch_chance") (value "1")
L 04/23/2021 - 00:23:14: [basecommands.smx] "Console<0><Console><Console>" changed cvar (cvar "director_force_tank") (value "1")
L 04/23/2021 - 00:23:14: [basecommands.smx] "Console<0><Console><Console>" changed cvar (cvar "versus_boss_flow_min") (value "0.4")
L 04/23/2021 - 00:23:14: [basecommands.smx] "Console<0><Console><Console>" changed cvar (cvar "versus_boss_flow_max") (value "0.6")
L 04/23/2021 - 00:23:14: [basecommands.smx] "Console<0><Console><Console>" changed cvar (cvar "versus_boss_flow_min_intro") (value "0.1")
L 04/23/2021 - 00:23:14: [basecommands.smx] "Console<0><Console><Console>" changed cvar (cvar "versus_boss_flow_max_intro") (value "0.2")
L 04/23/2021 - 00:23:14: [basecommands.smx] "Console<0><Console><Console>" changed cvar (cvar "versus_boss_flow_min_finale") (value "0.1")
L 04/23/2021 - 00:23:14: [basecommands.smx] "Console<0><Console><Console>" changed cvar (cvar "versus_boss_flow_max_finale") (value "0.2")
L 04/23/2021 - 00:23:14: [basecommands.smx] "Console<0><Console><Console>" changed cvar (cvar "boomer_vomit_delay") (value "0.1")
L 04/23/2021 - 00:23:14: [basecommands.smx] "Console<0><Console><Console>" changed cvar (cvar "smoker_tongue_delay") (value "0.1")
L 04/23/2021 - 00:23:14: [basecommands.smx] "Console<0><Console><Console>" changed cvar (cvar "vs_survival_bonus") (value "35")
L 04/23/2021 - 00:23:14: [basecommands.smx] "Console<0><Console><Console>" changed cvar (cvar "z_tank_throw_health") (value "10")
L 04/23/2021 - 00:23:14: [basecommands.smx] "Console<0><Console><Console>" changed cvar (cvar "sv_client_min_interp_ratio") (value "-1")
L 04/23/2021 - 00:23:14: [basecommands.smx] "Console<0><Console><Console>" changed cvar (cvar "sv_client_max_interp_ratio") (value "0")
L 04/23/2021 - 00:23:14: [basecommands.smx] "Console<0><Console><Console>" changed cvar (cvar "sv_minrate") (value "100000")
L 04/23/2021 - 00:23:14: [basecommands.smx] "Console<0><Console><Console>" changed cvar (cvar "sv_maxrate") (value "100000")
L 04/23/2021 - 00:23:14: [basecommands.smx] "Console<0><Console><Console>" changed cvar (cvar "sv_mincmdrate") (value "100")
L 04/23/2021 - 00:23:14: [basecommands.smx] "Console<0><Console><Console>" changed cvar (cvar "sv_maxcmdrate") (value "100")
L 04/23/2021 - 00:23:14: [basecommands.smx] "Console<0><Console><Console>" changed cvar (cvar "sv_minupdaterate") (value "100")
L 04/23/2021 - 00:23:14: [basecommands.smx] "Console<0><Console><Console>" changed cvar (cvar "sv_maxupdaterate") (value "100")
L 04/23/2021 - 00:23:14: [basecommands.smx] "Console<0><Console><Console>" changed cvar (cvar "nb_update_frequency") (value "0.014")
L 04/23/2021 - 00:23:14: [basecommands.smx] "Console<0><Console><Console>" changed cvar (cvar "net_splitpacket_maxrate") (value "50000")
L 04/23/2021 - 00:23:14: [basecommands.smx] "Console<0><Console><Console>" changed cvar (cvar "fps_max") (value "0")
L 04/23/2021 - 00:23:14: [basecommands.smx] "Console<0><Console><Console>" changed cvar (cvar "hostname") (value "Versus")
L 04/23/2021 - 00:24:23: [l4d2_skill_detect.smx] Charge carry start: 6 - 1 -- time: 66.75
L 04/23/2021 - 00:24:26: [l4d2_skill_detect.smx] Checking charge victim: 6 - 1 - flags: 1 (alive? 1)
L 04/23/2021 - 00:24:27: [l4d2_skill_detect.smx] Clear: 3 freed 1 from 6: time: 3.31 / 4.40 -- class: charger (with shove? 0)
L 04/23/2021 - 00:26:21: [l4d2_skill_detect.smx] Clear: 2 freed 1 from 5: time: 4.58 / 7.96 -- class: smoker (with shove? 0)
L 04/23/2021 - 00:27:35: [l4d2_skill_detect.smx] Clear: 1 freed 1 from 7: time: -1.00 / 0.51 -- class: smoker (with shove? 0)
L 04/23/2021 - 00:28:50: Log file closed.
L 04/23/2021 - 15:27:25: SourceMod log file session started (file "D:\Steam\steamapps\common\Left 4 Dead 2\left4dead2\addons\sourcemod\logs\L20210423.log") (Version "1.10.0.6492")
L 04/23/2021 - 15:27:25: [simplewelcomemsg.smx] Set the maximum number of lines of.
L 04/23/2021 - 15:27:34: [basecommands.smx] "Console<0><Console><Console>" changed cvar (cvar "sv_force_time_of_day") (value "0")
L 04/23/2021 - 15:27:34: [basecommands.smx] "Console<0><Console><Console>" changed cvar (cvar "z_witch_damage_per_kill_hit") (value "120")
L 04/23/2021 - 15:27:34: [basecommands.smx] "Console<0><Console><Console>" changed cvar (cvar "z_witch_anger_rate") (value "0.4")
L 04/23/2021 - 15:27:34: [basecommands.smx] "Console<0><Console><Console>" changed cvar (cvar "z_witch_flashlight_range") (value "2000")
L 04/23/2021 - 15:27:34: [basecommands.smx] "Console<0><Console><Console>" changed cvar (cvar "z_witch_burn_time") (value "100")
L 04/23/2021 - 15:27:34: [basecommands.smx] "Console<0><Console><Console>" changed cvar (cvar "z_tank_health") (value "4000")
L 04/23/2021 - 15:27:34: [basecommands.smx] "Console<0><Console><Console>" changed cvar (cvar "z_ghost_delay_min") (value "15")
L 04/23/2021 - 15:27:34: [basecommands.smx] "Console<0><Console><Console>" changed cvar (cvar "z_ghost_delay_max") (value "15")
L 04/23/2021 - 15:27:34: [basecommands.smx] "Console<0><Console><Console>" changed cvar (cvar "z_hunter_limit") (value "1")
L 04/23/2021 - 15:27:34: [basecommands.smx] "Console<0><Console><Console>" changed cvar (cvar "z_smoker_limit") (value "1")
L 04/23/2021 - 15:27:34: [basecommands.smx] "Console<0><Console><Console>" changed cvar (cvar "z_jockey_limit") (value "1")
L 04/23/2021 - 15:27:34: [basecommands.smx] "Console<0><Console><Console>" changed cvar (cvar "versus_tank_chance_intro") (value "1")
L 04/23/2021 - 15:27:34: [basecommands.smx] "Console<0><Console><Console>" changed cvar (cvar "versus_tank_chance_finale") (value "1")
L 04/23/2021 - 15:27:34: [basecommands.smx] "Console<0><Console><Console>" changed cvar (cvar "versus_tank_chance") (value "1")
L 04/23/2021 - 15:27:34: [basecommands.smx] "Console<0><Console><Console>" changed cvar (cvar "versus_witch_chance_intro") (value "0")
L 04/23/2021 - 15:27:34: [basecommands.smx] "Console<0><Console><Console>" changed cvar (cvar "versus_witch_chance_finale") (value "0")
L 04/23/2021 - 15:27:34: [basecommands.smx] "Console<0><Console><Console>" changed cvar (cvar "versus_witch_chance") (value "1")
L 04/23/2021 - 15:27:34: [basecommands.smx] "Console<0><Console><Console>" changed cvar (cvar "director_force_tank") (value "1")
L 04/23/2021 - 15:27:34: [basecommands.smx] "Console<0><Console><Console>" changed cvar (cvar "versus_boss_flow_min") (value "0.4")
L 04/23/2021 - 15:27:34: [basecommands.smx] "Console<0><Console><Console>" changed cvar (cvar "versus_boss_flow_max") (value "0.6")
L 04/23/2021 - 15:27:34: [basecommands.smx] "Console<0><Console><Console>" changed cvar (cvar "versus_boss_flow_min_intro") (value "0.1")
L 04/23/2021 - 15:27:34: [basecommands.smx] "Console<0><Console><Console>" changed cvar (cvar "versus_boss_flow_max_intro") (value "0.2")
L 04/23/2021 - 15:27:34: [basecommands.smx] "Console<0><Console><Console>" changed cvar (cvar "versus_boss_flow_min_finale") (value "0.1")
L 04/23/2021 - 15:27:34: [basecommands.smx] "Console<0><Console><Console>" changed cvar (cvar "versus_boss_flow_max_finale") (value "0.2")
L 04/23/2021 - 15:27:34: [basecommands.smx] "Console<0><Console><Console>" changed cvar (cvar "boomer_vomit_delay") (value "0.1")
L 04/23/2021 - 15:27:34: [basecommands.smx] "Console<0><Console><Console>" changed cvar (cvar "smoker_tongue_delay") (value "0.1")
L 04/23/2021 - 15:27:34: [basecommands.smx] "Console<0><Console><Console>" changed cvar (cvar "vs_survival_bonus") (value "35")
L 04/23/2021 - 15:27:34: [basecommands.smx] "Console<0><Console><Console>" changed cvar (cvar "z_tank_throw_health") (value "10")
L 04/23/2021 - 15:27:34: [basecommands.smx] "Console<0><Console><Console>" changed cvar (cvar "sv_client_min_interp_ratio") (value "-1")
L 04/23/2021 - 15:27:34: [basecommands.smx] "Console<0><Console><Console>" changed cvar (cvar "sv_client_max_interp_ratio") (value "0")
L 04/23/2021 - 15:27:34: [basecommands.smx] "Console<0><Console><Console>" changed cvar (cvar "sv_minrate") (value "100000")
L 04/23/2021 - 15:27:34: [basecommands.smx] "Console<0><Console><Console>" changed cvar (cvar "sv_maxrate") (value "100000")
L 04/23/2021 - 15:27:34: [basecommands.smx] "Console<0><Console><Console>" changed cvar (cvar "sv_mincmdrate") (value "100")
L 04/23/2021 - 15:27:34: [basecommands.smx] "Console<0><Console><Console>" changed cvar (cvar "sv_maxcmdrate") (value "100")
L 04/23/2021 - 15:27:34: [basecommands.smx] "Console<0><Console><Console>" changed cvar (cvar "sv_minupdaterate") (value "100")
L 04/23/2021 - 15:27:34: [basecommands.smx] "Console<0><Console><Console>" changed cvar (cvar "sv_maxupdaterate") (value "100")
L 04/23/2021 - 15:27:34: [basecommands.smx] "Console<0><Console><Console>" changed cvar (cvar "nb_update_frequency") (value "0.014")
L 04/23/2021 - 15:27:34: [basecommands.smx] "Console<0><Console><Console>" changed cvar (cvar "net_splitpacket_maxrate") (value "50000")
L 04/23/2021 - 15:27:34: [basecommands.smx] "Console<0><Console><Console>" changed cvar (cvar "fps_max") (value "0")
L 04/23/2021 - 15:27:34: [basecommands.smx] "Console<0><Console><Console>" changed cvar (cvar "hostname") (value "Versus")
L 04/23/2021 - 15:29:17: [l4d2_skill_detect.smx] Clear: 1 freed 2 from 6: time: -1.00 / 0.91 -- class: smoker (with shove? 0)
L 04/23/2021 - 15:29:23: [l4d2_skill_detect.smx] Clear: 1 freed 2 from 3: time: 1.05 / -1.00 -- class: hunter (with shove? 0)
L 04/23/2021 - 15:30:07: [l4d2_skill_detect.smx] Clear: 1 freed 2 from 3: time: -1.00 / 1.94 -- class: smoker (with shove? 0)
L 04/23/2021 - 15:30:10: [admin_hp.smx]  
L 04/23/2021 - 15:30:52: [l4d2_skill_detect.smx] Clear: 1 freed 2 from 6: time: -1.00 / 1.24 -- class: smoker (with shove? 1)
L 04/23/2021 - 15:31:42: [l4d2_skill_detect.smx] Charge carry start: 7 - 4 -- time: 278.73
L 04/23/2021 - 15:31:43: [l4d2_skill_detect.smx] Clear: 1 freed 4 from 7: time: 0.94 / 1.79 -- class: charger (with shove? 0)
L 04/23/2021 - 15:31:44: [l4d2_skill_detect.smx] Checking charge victim: 7 - 4 - flags: 1 (alive? 1)
L 04/23/2021 - 15:31:55: [l4d2_skill_detect.smx] Clear: 1 freed 5 from 6: time: -1.00 / 1.51 -- class: smoker (with shove? 0)
L 04/23/2021 - 15:32:44: [l4d2_skill_detect.smx] Clear: 4 freed 5 from 3: time: -1.00 / 0.54 -- class: smoker (with shove? 0)
L 04/23/2021 - 15:32:58: -------- Mapchange to c2m1_highway --------
L 04/23/2021 - 15:33:01: [basecommands.smx] "Console<0><Console><Console>" changed cvar (cvar "sv_force_time_of_day") (value "0")
L 04/23/2021 - 15:33:01: [basecommands.smx] "Console<0><Console><Console>" changed cvar (cvar "z_witch_damage_per_kill_hit") (value "120")
L 04/23/2021 - 15:33:01: [basecommands.smx] "Console<0><Console><Console>" changed cvar (cvar "z_witch_anger_rate") (value "0.4")
L 04/23/2021 - 15:33:01: [basecommands.smx] "Console<0><Console><Console>" changed cvar (cvar "z_witch_flashlight_range") (value "2000")
L 04/23/2021 - 15:33:01: [basecommands.smx] "Console<0><Console><Console>" changed cvar (cvar "z_witch_burn_time") (value "100")
L 04/23/2021 - 15:33:01: [basecommands.smx] "Console<0><Console><Console>" changed cvar (cvar "z_tank_health") (value "4000")
L 04/23/2021 - 15:33:01: [basecommands.smx] "Console<0><Console><Console>" changed cvar (cvar "z_ghost_delay_min") (value "15")
L 04/23/2021 - 15:33:01: [basecommands.smx] "Console<0><Console><Console>" changed cvar (cvar "z_ghost_delay_max") (value "15")
L 04/23/2021 - 15:33:01: [basecommands.smx] "Console<0><Console><Console>" changed cvar (cvar "z_hunter_limit") (value "1")
L 04/23/2021 - 15:33:01: [basecommands.smx] "Console<0><Console><Console>" changed cvar (cvar "z_smoker_limit") (value "1")
L 04/23/2021 - 15:33:01: [basecommands.smx] "Console<0><Console><Console>" changed cvar (cvar "z_jockey_limit") (value "1")
L 04/23/2021 - 15:33:01: [basecommands.smx] "Console<0><Console><Console>" changed cvar (cvar "versus_tank_chance_intro") (value "1")
L 04/23/2021 - 15:33:01: [basecommands.smx] "Console<0><Console><Console>" changed cvar (cvar "versus_tank_chance_finale") (value "1")
L 04/23/2021 - 15:33:01: [basecommands.smx] "Console<0><Console><Console>" changed cvar (cvar "versus_tank_chance") (value "1")
L 04/23/2021 - 15:33:01: [basecommands.smx] "Console<0><Console><Console>" changed cvar (cvar "versus_witch_chance_intro") (value "0")
L 04/23/2021 - 15:33:01: [basecommands.smx] "Console<0><Console><Console>" changed cvar (cvar "versus_witch_chance_finale") (value "0")
L 04/23/2021 - 15:33:01: [basecommands.smx] "Console<0><Console><Console>" changed cvar (cvar "versus_witch_chance") (value "1")
L 04/23/2021 - 15:33:01: [basecommands.smx] "Console<0><Console><Console>" changed cvar (cvar "director_force_tank") (value "1")
L 04/23/2021 - 15:33:01: [basecommands.smx] "Console<0><Console><Console>" changed cvar (cvar "versus_boss_flow_min") (value "0.4")
L 04/23/2021 - 15:33:01: [basecommands.smx] "Console<0><Console><Console>" changed cvar (cvar "versus_boss_flow_max") (value "0.6")
L 04/23/2021 - 15:33:01: [basecommands.smx] "Console<0><Console><Console>" changed cvar (cvar "versus_boss_flow_min_intro") (value "0.1")
L 04/23/2021 - 15:33:01: [basecommands.smx] "Console<0><Console><Console>" changed cvar (cvar "versus_boss_flow_max_intro") (value "0.2")
L 04/23/2021 - 15:33:01: [basecommands.smx] "Console<0><Console><Console>" changed cvar (cvar "versus_boss_flow_min_finale") (value "0.1")
L 04/23/2021 - 15:33:01: [basecommands.smx] "Console<0><Console><Console>" changed cvar (cvar "versus_boss_flow_max_finale") (value "0.2")
L 04/23/2021 - 15:33:01: [basecommands.smx] "Console<0><Console><Console>" changed cvar (cvar "boomer_vomit_delay") (value "0.1")
L 04/23/2021 - 15:33:01: [basecommands.smx] "Console<0><Console><Console>" changed cvar (cvar "smoker_tongue_delay") (value "0.1")
L 04/23/2021 - 15:33:01: [basecommands.smx] "Console<0><Console><Console>" changed cvar (cvar "vs_survival_bonus") (value "35")
L 04/23/2021 - 15:33:01: [basecommands.smx] "Console<0><Console><Console>" changed cvar (cvar "z_tank_throw_health") (value "10")
L 04/23/2021 - 15:33:01: [basecommands.smx] "Console<0><Console><Console>" changed cvar (cvar "sv_client_min_interp_ratio") (value "-1")
L 04/23/2021 - 15:33:01: [basecommands.smx] "Console<0><Console><Console>" changed cvar (cvar "sv_client_max_interp_ratio") (value "0")
L 04/23/2021 - 15:33:01: [basecommands.smx] "Console<0><Console><Console>" changed cvar (cvar "sv_minrate") (value "100000")
L 04/23/2021 - 15:33:01: [basecommands.smx] "Console<0><Console><Console>" changed cvar (cvar "sv_maxrate") (value "100000")
L 04/23/2021 - 15:33:01: [basecommands.smx] "Console<0><Console><Console>" changed cvar (cvar "sv_mincmdrate") (value "100")
L 04/23/2021 - 15:33:01: [basecommands.smx] "Console<0><Console><Console>" changed cvar (cvar "sv_maxcmdrate") (value "100")
L 04/23/2021 - 15:33:01: [basecommands.smx] "Console<0><Console><Console>" changed cvar (cvar "sv_minupdaterate") (value "100")
L 04/23/2021 - 15:33:01: [basecommands.smx] "Console<0><Console><Console>" changed cvar (cvar "sv_maxupdaterate") (value "100")
L 04/23/2021 - 15:33:01: [basecommands.smx] "Console<0><Console><Console>" changed cvar (cvar "nb_update_frequency") (value "0.014")
L 04/23/2021 - 15:33:01: [basecommands.smx] "Console<0><Console><Console>" changed cvar (cvar "net_splitpacket_maxrate") (value "50000")
L 04/23/2021 - 15:33:01: [basecommands.smx] "Console<0><Console><Console>" changed cvar (cvar "fps_max") (value "0")
L 04/23/2021 - 15:33:01: [basecommands.smx] "Console<0><Console><Console>" changed cvar (cvar "hostname") (value "Versus")
L 04/23/2021 - 15:34:51: [l4d2_skill_detect.smx] Clear: 4 freed 2 from 8: time: 0.84 / 4.43 -- class: smoker (with shove? 0)
L 04/23/2021 - 15:36:07: [basecommands.smx] "ɛʟ ɮǟռǟռɛʀօ<3><STEAM_1:1:4151444><>" changed cvar (cvar "vs_max_team_switches") (value "0")
L 04/23/2021 - 15:36:07: [basecommands.smx] "ɛʟ ɮǟռǟռɛʀօ<3><STEAM_1:1:4151444><>" changed cvar (cvar "vs_max_team_switches") (value "5")
L 04/23/2021 - 15:36:13: [basecommands.smx] "♛ Rain ♛<2><STEAM_1:0:162762726><>" changed cvar (cvar "vs_max_team_switches") (value "0")
L 04/23/2021 - 15:37:41: [l4d2_skill_detect.smx] Clear: 5 freed 2 from 8: time: 3.20 / -1.00 -- class: jockey (with shove? 0)
L 04/23/2021 - 15:38:26: [l4d2_skill_detect.smx] Clear: 1 freed 5 from 6: time: -1.00 / 0.60 -- class: smoker (with shove? 0)
L 04/23/2021 - 15:38:40: [l4d2_skill_detect.smx] Clear: 1 freed 5 from 4: time: 2.22 / -1.00 -- class: jockey (with shove? 1)
L 04/23/2021 - 15:38:58: [basecommands.smx] "ɛʟ ɮǟռǟռɛʀօ<3><STEAM_1:1:4151444><>" changed cvar (cvar "vs_max_team_switches") (value "5")
L 04/23/2021 - 15:39:03: [basecommands.smx] "ɛʟ ɮǟռǟռɛʀօ<3><STEAM_1:1:4151444><>" changed cvar (cvar "vs_max_team_switches") (value "0")
L 04/23/2021 - 15:39:53: [l4d2_skill_detect.smx] Clear: 7 freed 9 from 3: time: 0.30 / -1.00 -- class: jockey (with shove? 0)
L 04/23/2021 - 15:40:30: [basecommands.smx] "♛ Rain ♛<2><STEAM_1:0:162762726><>" changed cvar (cvar "vs_max_team_switches") (value "5")
L 04/23/2021 - 15:40:31: [basecommands.smx] "♛ Rain ♛<2><STEAM_1:0:162762726><>" changed cvar (cvar "vs_max_team_switches") (value "0")
L 04/23/2021 - 15:40:41: [l4d2_skill_detect.smx] Clear: 3 freed 2 from 6: time: 1.01 / -1.00 -- class: hunter (with shove? 0)
L 04/23/2021 - 15:41:19: [l4d2_skill_detect.smx] Clear: 7 freed 1 from 11: time: 1.70 / 4.73 -- class: smoker (with shove? 1)
L 04/23/2021 - 15:41:23: [l4d2_skill_detect.smx] Clear: 1 freed 3 from 6: time: 7.73 / -1.00 -- class: jockey (with shove? 1)
L 04/23/2021 - 15:42:02: [l4d2_skill_detect.smx] Clear: 1 freed 3 from 11: time: 1.02 / -1.00 -- class: hunter (with shove? 0)
L 04/23/2021 - 15:42:42: [l4d2_skill_detect.smx] Charge carry start: 6 - 3 -- time: 578.94
L 04/23/2021 - 15:42:43: [l4d2_skill_detect.smx] Clear: 1 freed 3 from 6: time: 0.00 / 0.41 -- class: charger (with shove? 0)
L 04/23/2021 - 15:42:45: [l4d2_skill_detect.smx] Checking charge victim: 6 - 3 - flags: 1 (alive? 1)
L 04/23/2021 - 15:43:46: [l4d2_skill_detect.smx] Clear: 1 freed 3 from 6: time: 1.84 / -1.00 -- class: hunter (with shove? 0)
L 04/23/2021 - 15:43:52: [l4d2_skill_detect.smx] Charge carry start: 9 - 3 -- time: 648.60
L 04/23/2021 - 15:43:56: [l4d2_skill_detect.smx] Checking charge victim: 9 - 3 - flags: 1 (alive? 1)
L 04/23/2021 - 15:44:02: [l4d2_skill_detect.smx] Clear: 2 freed 7 from 8: time: 1.70 / 2.63 -- class: smoker (with shove? 0)
L 04/23/2021 - 15:44:38: [l4d2_skill_detect.smx] Clear: 2 freed 1 from 8: time: 2.67 / -1.00 -- class: hunter (with shove? 0)
L 04/23/2021 - 15:44:54: [l4d2_skill_detect.smx] Clear: 2 freed 1 from 11: time: -1.00 / 2.29 -- class: smoker (with shove? 1)
L 04/23/2021 - 15:45:18: [l4d2_skill_detect.smx] Clear: 2 freed 1 from 8: time: 5.89 / -1.00 -- class: hunter (with shove? 0)
L 04/23/2021 - 15:46:55: [l4d2_skill_detect.smx] Clear: 11 freed 6 from 7: time: 1.01 / -1.00 -- class: hunter (with shove? 0)
L 04/23/2021 - 15:46:59: [l4d2_skill_detect.smx] Clear: 6 freed 8 from 2: time: 1.22 / 3.25 -- class: smoker (with shove? 0)
L 04/23/2021 - 15:47:03: [l4d2_skill_detect.smx] Charge carry start: 1 - 9 -- time: 839.65
L 04/23/2021 - 15:47:06: [l4d2_skill_detect.smx] Clear: 6 freed 9 from 1: time: 1.71 / 3.07 -- class: charger (with shove? 0)
L 04/23/2021 - 15:47:07: [l4d2_skill_detect.smx] Checking charge victim: 1 - 9 - flags: 1 (alive? 1)
L 04/23/2021 - 15:48:47: [l4d2_skill_detect.smx] Clear: 9 freed 11 from 7: time: -1.00 / 1.70 -- class: smoker (with shove? 1)
L 04/23/2021 - 15:49:11: [l4d2_skill_detect.smx] Charge carry start: 2 - 11 -- time: 967.15
L 04/23/2021 - 15:49:14: [l4d2_skill_detect.smx] Checking charge victim: 2 - 11 - flags: 1 (alive? 1)
L 04/23/2021 - 15:50:18: -------- Mapchange to c2m2_fairgrounds --------
L 04/23/2021 - 15:50:20: [basecommands.smx] "Console<0><Console><Console>" changed cvar (cvar "sv_force_time_of_day") (value "0")
L 04/23/2021 - 15:50:20: [basecommands.smx] "Console<0><Console><Console>" changed cvar (cvar "z_witch_damage_per_kill_hit") (value "120")
L 04/23/2021 - 15:50:20: [basecommands.smx] "Console<0><Console><Console>" changed cvar (cvar "z_witch_anger_rate") (value "0.4")
L 04/23/2021 - 15:50:20: [basecommands.smx] "Console<0><Console><Console>" changed cvar (cvar "z_witch_flashlight_range") (value "2000")
L 04/23/2021 - 15:50:20: [basecommands.smx] "Console<0><Console><Console>" changed cvar (cvar "z_witch_burn_time") (value "100")
L 04/23/2021 - 15:50:20: [basecommands.smx] "Console<0><Console><Console>" changed cvar (cvar "z_tank_health") (value "4000")
L 04/23/2021 - 15:50:20: [basecommands.smx] "Console<0><Console><Console>" changed cvar (cvar "z_ghost_delay_min") (value "15")
L 04/23/2021 - 15:50:20: [basecommands.smx] "Console<0><Console><Console>" changed cvar (cvar "z_ghost_delay_max") (value "15")
L 04/23/2021 - 15:50:20: [basecommands.smx] "Console<0><Console><Console>" changed cvar (cvar "z_hunter_limit") (value "1")
L 04/23/2021 - 15:50:20: [basecommands.smx] "Console<0><Console><Console>" changed cvar (cvar "z_smoker_limit") (value "1")
L 04/23/2021 - 15:50:20: [basecommands.smx] "Console<0><Console><Console>" changed cvar (cvar "z_jockey_limit") (value "1")
L 04/23/2021 - 15:50:20: [basecommands.smx] "Console<0><Console><Console>" changed cvar (cvar "versus_tank_chance_intro") (value "1")
L 04/23/2021 - 15:50:20: [basecommands.smx] "Console<0><Console><Console>" changed cvar (cvar "versus_tank_chance_finale") (value "1")
L 04/23/2021 - 15:50:20: [basecommands.smx] "Console<0><Console><Console>" changed cvar (cvar "versus_tank_chance") (value "1")
L 04/23/2021 - 15:50:20: [basecommands.smx] "Console<0><Console><Console>" changed cvar (cvar "versus_witch_chance_intro") (value "0")
L 04/23/2021 - 15:50:20: [basecommands.smx] "Console<0><Console><Console>" changed cvar (cvar "versus_witch_chance_finale") (value "0")
L 04/23/2021 - 15:50:20: [basecommands.smx] "Console<0><Console><Console>" changed cvar (cvar "versus_witch_chance") (value "1")
L 04/23/2021 - 15:50:20: [basecommands.smx] "Console<0><Console><Console>" changed cvar (cvar "director_force_tank") (value "1")
L 04/23/2021 - 15:50:20: [basecommands.smx] "Console<0><Console><Console>" changed cvar (cvar "versus_boss_flow_min") (value "0.4")
L 04/23/2021 - 15:50:20: [basecommands.smx] "Console<0><Console><Console>" changed cvar (cvar "versus_boss_flow_max") (value "0.6")
L 04/23/2021 - 15:50:20: [basecommands.smx] "Console<0><Console><Console>" changed cvar (cvar "versus_boss_flow_min_intro") (value "0.1")
L 04/23/2021 - 15:50:20: [basecommands.smx] "Console<0><Console><Console>" changed cvar (cvar "versus_boss_flow_max_intro") (value "0.2")
L 04/23/2021 - 15:50:20: [basecommands.smx] "Console<0><Console><Console>" changed cvar (cvar "versus_boss_flow_min_finale") (value "0.1")
L 04/23/2021 - 15:50:20: [basecommands.smx] "Console<0><Console><Console>" changed cvar (cvar "versus_boss_flow_max_finale") (value "0.2")
L 04/23/2021 - 15:50:20: [basecommands.smx] "Console<0><Console><Console>" changed cvar (cvar "boomer_vomit_delay") (value "0.1")
L 04/23/2021 - 15:50:20: [basecommands.smx] "Console<0><Console><Console>" changed cvar (cvar "smoker_tongue_delay") (value "0.1")
L 04/23/2021 - 15:50:20: [basecommands.smx] "Console<0><Console><Console>" changed cvar (cvar "vs_survival_bonus") (value "35")
L 04/23/2021 - 15:50:20: [basecommands.smx] "Console<0><Console><Console>" changed cvar (cvar "z_tank_throw_health") (value "10")
L 04/23/2021 - 15:50:20: [basecommands.smx] "Console<0><Console><Console>" changed cvar (cvar "sv_client_min_interp_ratio") (value "-1")
L 04/23/2021 - 15:50:20: [basecommands.smx] "Console<0><Console><Console>" changed cvar (cvar "sv_client_max_interp_ratio") (value "0")
L 04/23/2021 - 15:50:20: [basecommands.smx] "Console<0><Console><Console>" changed cvar (cvar "sv_minrate") (value "100000")
L 04/23/2021 - 15:50:20: [basecommands.smx] "Console<0><Console><Console>" changed cvar (cvar "sv_maxrate") (value "100000")
L 04/23/2021 - 15:50:20: [basecommands.smx] "Console<0><Console><Console>" changed cvar (cvar "sv_mincmdrate") (value "100")
L 04/23/2021 - 15:50:20: [basecommands.smx] "Console<0><Console><Console>" changed cvar (cvar "sv_maxcmdrate") (value "100")
L 04/23/2021 - 15:50:20: [basecommands.smx] "Console<0><Console><Console>" changed cvar (cvar "sv_minupdaterate") (value "100")
L 04/23/2021 - 15:50:20: [basecommands.smx] "Console<0><Console><Console>" changed cvar (cvar "sv_maxupdaterate") (value "100")
L 04/23/2021 - 15:50:20: [basecommands.smx] "Console<0><Console><Console>" changed cvar (cvar "nb_update_frequency") (value "0.014")
L 04/23/2021 - 15:50:20: [basecommands.smx] "Console<0><Console><Console>" changed cvar (cvar "net_splitpacket_maxrate") (value "50000")
L 04/23/2021 - 15:50:20: [basecommands.smx] "Console<0><Console><Console>" changed cvar (cvar "fps_max") (value "0")
L 04/23/2021 - 15:50:20: [basecommands.smx] "Console<0><Console><Console>" changed cvar (cvar "hostname") (value "Versus")
L 04/23/2021 - 15:50:57: [basecommands.smx] "ɛʟ ɮǟռǟռɛʀօ<3><STEAM_1:1:4151444><>" changed cvar (cvar "vs_max_team_switches") (value "5")
L 04/23/2021 - 15:51:00: [basecommands.smx] "ɛʟ ɮǟռǟռɛʀօ<3><STEAM_1:1:4151444><>" changed cvar (cvar "vs_max_team_switches") (value "0")
L 04/23/2021 - 15:51:49: [basecommands.smx] "♛ Rain ♛<2><STEAM_1:0:162762726><>" changed cvar (cvar "vs_max_team_switches") (value "0")
L 04/23/2021 - 15:53:40: [l4d2_skill_detect.smx] Charge carry start: 3 - 1 -- time: 197.33
L 04/23/2021 - 15:53:44: [l4d2_skill_detect.smx] Checking charge victim: 3 - 2 - flags: 0 (alive? 1)
L 04/23/2021 - 15:53:45: [l4d2_skill_detect.smx] Clear: 7 freed 1 from 3: time: 1.72 / 4.81 -- class: charger (with shove? 0)
L 04/23/2021 - 15:53:45: [l4d2_skill_detect.smx] Checking charge victim: 3 - 1 - flags: 1 (alive? 1)
L 04/23/2021 - 15:54:17: [l4d2_skill_detect.smx] Clear: 2 freed 7 from 6: time: -1.00 / 2.00 -- class: smoker (with shove? 0)
L 04/23/2021 - 15:54:25: [l4d2_skill_detect.smx] Witch Crown Check: Failed: bungled: 1 / crowntype: 0 (entity: 259)
L 04/23/2021 - 15:54:25: [l4d2_skill_detect.smx] Witch Crown Check: Further details: attacker: ɛʟ ɮǟռǟռɛʀօ, attacker dmg: 62, teamless dmg: 0
L 04/23/2021 - 15:54:53: [l4d2_skill_detect.smx] Charge carry start: 6 - 2 -- time: 269.92
L 04/23/2021 - 15:54:56: [l4d2_skill_detect.smx] Checking charge victim: 6 - 5 - flags: 0 (alive? 1)
L 04/23/2021 - 15:54:57: [l4d2_skill_detect.smx] Checking charge victim: 6 - 2 - flags: 1 (alive? 1)
L 04/23/2021 - 15:55:01: [l4d2_skill_detect.smx] Clear: 7 freed 1 from 9: time: 6.25 / -1.00 -- class: jockey (with shove? 0)
L 04/23/2021 - 15:55:09: [l4d2_skill_detect.smx] Clear: 7 freed 2 from 6: time: 13.67 / 16.42 -- class: charger (with shove? 0)
L 04/23/2021 - 15:57:19: [l4d2_skill_detect.smx] Clear: 4 freed 6 from 5: time: -1.00 / 1.33 -- class: smoker (with shove? 1)
L 04/23/2021 - 15:57:42: [l4d2_skill_detect.smx] Clear: 6 freed 3 from 2: time: 3.83 / -1.00 -- class: jockey (with shove? 0)
L 04/23/2021 - 15:58:04: [l4d2_skill_detect.smx] Charge carry start: 1 - 3 -- time: 461.72
L 04/23/2021 - 15:58:06: [l4d2_skill_detect.smx] Clear: 6 freed 3 from 1: time: 0.77 / 1.83 -- class: charger (with shove? 0)
L 04/23/2021 - 15:58:08: [l4d2_skill_detect.smx] Checking charge victim: 1 - 3 - flags: 1 (alive? 1)
L 04/23/2021 - 15:58:34: [l4d2_skill_detect.smx] Clear: 3 freed 6 from 1: time: -1.00 / 1.76 -- class: smoker (with shove? 0)
L 04/23/2021 - 15:58:41: [l4d2_skill_detect.smx] Charge carry start: 2 - 6 -- time: 498.35
L 04/23/2021 - 15:58:46: [l4d2_skill_detect.smx] Checking charge victim: 2 - 3 - flags: 0 (alive? 1)
L 04/23/2021 - 15:58:46: [l4d2_skill_detect.smx] Checking charge victim: 2 - 6 - flags: 1 (alive? 1)
L 04/23/2021 - 15:58:49: [l4d2_skill_detect.smx] Clear: 3 freed 6 from 2: time: 5.75 / 7.76 -- class: charger (with shove? 0)
L 04/23/2021 - 15:59:25: [l4d2_skill_detect.smx] Clear: 3 freed 6 from 1: time: 0.88 / -1.00 -- class: hunter (with shove? 0)
L 04/23/2021 - 16:00:23: [l4d2_skill_detect.smx] Witch Crown Check: Failed: bungled: 1 / crowntype: 0 (entity: 624)
L 04/23/2021 - 16:00:23: [l4d2_skill_detect.smx] Witch Crown Check: Further details: attacker: jonibrides0101, attacker dmg: 69, teamless dmg: 0
L 04/23/2021 - 16:00:27: [l4d2_skill_detect.smx] Clear: 9 freed 4 from 7: time: 1.76 / -1.00 -- class: hunter (with shove? 0)
L 04/23/2021 - 16:00:29: [l4d2_skill_detect.smx] Clear: 9 freed 3 from 2: time: -1.00 / 3.54 -- class: smoker (with shove? 1)
L 04/23/2021 - 16:00:37: [l4d2_skill_detect.smx] Clear: 9 freed 3 from 1: time: 6.48 / -1.00 -- class: jockey (with shove? 0)
L 04/23/2021 - 16:01:07: [l4d2_skill_detect.smx] Charge carry start: 5 - 3 -- time: 644.64
L 04/23/2021 - 16:01:12: [l4d2_skill_detect.smx] Checking charge victim: 5 - 3 - flags: 1 (alive? 1)
L 04/23/2021 - 16:01:31: [l4d2_skill_detect.smx] Clear: 9 freed 3 from 5: time: 21.01 / 23.29 -- class: charger (with shove? 0)
L 04/23/2021 - 16:02:03: [l4d2_skill_detect.smx] Clear: 6 freed 9 from 2: time: 9.27 / -1.00 -- class: hunter (with shove? 0)
L 04/23/2021 - 16:02:15: -------- Mapchange to c2m3_coaster --------
L 04/23/2021 - 16:02:17: [basecommands.smx] "Console<0><Console><Console>" changed cvar (cvar "sv_force_time_of_day") (value "0")
L 04/23/2021 - 16:02:17: [basecommands.smx] "Console<0><Console><Console>" changed cvar (cvar "z_witch_damage_per_kill_hit") (value "120")
L 04/23/2021 - 16:02:17: [basecommands.smx] "Console<0><Console><Console>" changed cvar (cvar "z_witch_anger_rate") (value "0.4")
L 04/23/2021 - 16:02:17: [basecommands.smx] "Console<0><Console><Console>" changed cvar (cvar "z_witch_flashlight_range") (value "2000")
L 04/23/2021 - 16:02:17: [basecommands.smx] "Console<0><Console><Console>" changed cvar (cvar "z_witch_burn_time") (value "100")
L 04/23/2021 - 16:02:17: [basecommands.smx] "Console<0><Console><Console>" changed cvar (cvar "z_tank_health") (value "4000")
L 04/23/2021 - 16:02:17: [basecommands.smx] "Console<0><Console><Console>" changed cvar (cvar "z_ghost_delay_min") (value "15")
L 04/23/2021 - 16:02:17: [basecommands.smx] "Console<0><Console><Console>" changed cvar (cvar "z_ghost_delay_max") (value "15")
L 04/23/2021 - 16:02:17: [basecommands.smx] "Console<0><Console><Console>" changed cvar (cvar "z_hunter_limit") (value "1")
L 04/23/2021 - 16:02:17: [basecommands.smx] "Console<0><Console><Console>" changed cvar (cvar "z_smoker_limit") (value "1")
L 04/23/2021 - 16:02:17: [basecommands.smx] "Console<0><Console><Console>" changed cvar (cvar "z_jockey_limit") (value "1")
L 04/23/2021 - 16:02:17: [basecommands.smx] "Console<0><Console><Console>" changed cvar (cvar "versus_tank_chance_intro") (value "1")
L 04/23/2021 - 16:02:17: [basecommands.smx] "Console<0><Console><Console>" changed cvar (cvar "versus_tank_chance_finale") (value "1")
L 04/23/2021 - 16:02:17: [basecommands.smx] "Console<0><Console><Console>" changed cvar (cvar "versus_tank_chance") (value "1")
L 04/23/2021 - 16:02:17: [basecommands.smx] "Console<0><Console><Console>" changed cvar (cvar "versus_witch_chance_intro") (value "0")
L 04/23/2021 - 16:02:17: [basecommands.smx] "Console<0><Console><Console>" changed cvar (cvar "versus_witch_chance_finale") (value "0")
L 04/23/2021 - 16:02:17: [basecommands.smx] "Console<0><Console><Console>" changed cvar (cvar "versus_witch_chance") (value "1")
L 04/23/2021 - 16:02:17: [basecommands.smx] "Console<0><Console><Console>" changed cvar (cvar "director_force_tank") (value "1")
L 04/23/2021 - 16:02:17: [basecommands.smx] "Console<0><Console><Console>" changed cvar (cvar "versus_boss_flow_min") (value "0.4")
L 04/23/2021 - 16:02:17: [basecommands.smx] "Console<0><Console><Console>" changed cvar (cvar "versus_boss_flow_max") (value "0.6")
L 04/23/2021 - 16:02:17: [basecommands.smx] "Console<0><Console><Console>" changed cvar (cvar "versus_boss_flow_min_intro") (value "0.1")
L 04/23/2021 - 16:02:17: [basecommands.smx] "Console<0><Console><Console>" changed cvar (cvar "versus_boss_flow_max_intro") (value "0.2")
L 04/23/2021 - 16:02:17: [basecommands.smx] "Console<0><Console><Console>" changed cvar (cvar "versus_boss_flow_min_finale") (value "0.1")
L 04/23/2021 - 16:02:17: [basecommands.smx] "Console<0><Console><Console>" changed cvar (cvar "versus_boss_flow_max_finale") (value "0.2")
L 04/23/2021 - 16:02:17: [basecommands.smx] "Console<0><Console><Console>" changed cvar (cvar "boomer_vomit_delay") (value "0.1")
L 04/23/2021 - 16:02:17: [basecommands.smx] "Console<0><Console><Console>" changed cvar (cvar "smoker_tongue_delay") (value "0.1")
L 04/23/2021 - 16:02:17: [basecommands.smx] "Console<0><Console><Console>" changed cvar (cvar "vs_survival_bonus") (value "35")
L 04/23/2021 - 16:02:17: [basecommands.smx] "Console<0><Console><Console>" changed cvar (cvar "z_tank_throw_health") (value "10")
L 04/23/2021 - 16:02:17: [basecommands.smx] "Console<0><Console><Console>" changed cvar (cvar "sv_client_min_interp_ratio") (value "-1")
L 04/23/2021 - 16:02:17: [basecommands.smx] "Console<0><Console><Console>" changed cvar (cvar "sv_client_max_interp_ratio") (value "0")
L 04/23/2021 - 16:02:17: [basecommands.smx] "Console<0><Console><Console>" changed cvar (cvar "sv_minrate") (value "100000")
L 04/23/2021 - 16:02:17: [basecommands.smx] "Console<0><Console><Console>" changed cvar (cvar "sv_maxrate") (value "100000")
L 04/23/2021 - 16:02:17: [basecommands.smx] "Console<0><Console><Console>" changed cvar (cvar "sv_mincmdrate") (value "100")
L 04/23/2021 - 16:02:17: [basecommands.smx] "Console<0><Console><Console>" changed cvar (cvar "sv_maxcmdrate") (value "100")
L 04/23/2021 - 16:02:17: [basecommands.smx] "Console<0><Console><Console>" changed cvar (cvar "sv_minupdaterate") (value "100")
L 04/23/2021 - 16:02:17: [basecommands.smx] "Console<0><Console><Console>" changed cvar (cvar "sv_maxupdaterate") (value "100")
L 04/23/2021 - 16:02:17: [basecommands.smx] "Console<0><Console><Console>" changed cvar (cvar "nb_update_frequency") (value "0.014")
L 04/23/2021 - 16:02:17: [basecommands.smx] "Console<0><Console><Console>" changed cvar (cvar "net_splitpacket_maxrate") (value "50000")
L 04/23/2021 - 16:02:17: [basecommands.smx] "Console<0><Console><Console>" changed cvar (cvar "fps_max") (value "0")
L 04/23/2021 - 16:02:17: [basecommands.smx] "Console<0><Console><Console>" changed cvar (cvar "hostname") (value "Versus")
L 04/23/2021 - 16:03:00: [basecommands.smx] "♛ Rain ♛<2><STEAM_1:0:162762726><>" changed cvar (cvar "vs_max_team_switches") (value "0")
L 04/23/2021 - 16:03:03: [basecommands.smx] "ɛʟ ɮǟռǟռɛʀօ<3><STEAM_1:1:4151444><>" changed cvar (cvar "vs_max_team_switches") (value "0")
L 04/23/2021 - 16:03:46: [l4d2_skill_detect.smx] Clear: 1 freed 2 from 4: time: 1.51 / -1.00 -- class: hunter (with shove? 1)
L 04/23/2021 - 16:04:03: [l4d2_skill_detect.smx] Clear: 7 freed 1 from 5: time: 7.18 / -1.00 -- class: jockey (with shove? 0)
L 04/23/2021 - 16:04:23: [l4d2_skill_detect.smx] Clear: 8 freed 7 from 3: time: 1.08 / -1.00 -- class: hunter (with shove? 0)
L 04/23/2021 - 16:04:25: [l4d2_skill_detect.smx] Charge carry start: 4 - 8 -- time: 125.93
L 04/23/2021 - 16:04:27: [l4d2_skill_detect.smx] Clear: 1 freed 8 from 4: time: 0.09 / 1.45 -- class: charger (with shove? 0)
L 04/23/2021 - 16:04:29: [l4d2_skill_detect.smx] Checking charge victim: 4 - 2 - flags: 0 (alive? 1)
L 04/23/2021 - 16:04:29: [l4d2_skill_detect.smx] Checking charge victim: 4 - 8 - flags: 1 (alive? 1)
L 04/23/2021 - 16:05:08: [l4d2_skill_detect.smx] Charge carry start: 5 - 1 -- time: 168.55
L 04/23/2021 - 16:05:09: [l4d2_skill_detect.smx] Clear: 7 freed 1 from 5: time: 0.11 / 0.95 -- class: charger (with shove? 0)
L 04/23/2021 - 16:05:11: [l4d2_skill_detect.smx] Checking charge victim: 5 - 1 - flags: 1 (alive? 1)
L 04/23/2021 - 16:05:45: [l4d2_skill_detect.smx] Clear: 7 freed 8 from 3: time: 2.02 / -1.00 -- class: jockey (with shove? 0)
L 04/23/2021 - 16:06:16: [l4d2_skill_detect.smx] Charge carry start: 3 - 8 -- time: 236.92
L 04/23/2021 - 16:06:19: [l4d2_skill_detect.smx] Clear: 1 freed 8 from 3: time: 1.23 / 3.05 -- class: charger (with shove? 0)
L 04/23/2021 - 16:06:20: [l4d2_skill_detect.smx] Checking charge victim: 3 - 8 - flags: 1 (alive? 1)
L 04/23/2021 - 16:06:27: [l4d2_skill_detect.smx] Witch Crown Check: crown shot: 804, harrassed: 1 (full health: 1000 / drawthresh: 500 / oneshot 0)
L 04/23/2021 - 16:06:36: [l4d2_skill_detect.smx] Clear: 8 freed 2 from 9: time: -1.00 / 2.02 -- class: smoker (with shove? 0)
L 04/23/2021 - 16:07:42: [l4d2_skill_detect.smx] Charge carry start: 9 - 2 -- time: 322.16
L 04/23/2021 - 16:07:44: [l4d2_skill_detect.smx] Clear: 7 freed 2 from 9: time: 1.85 / 2.73 -- class: charger (with shove? 0)
L 04/23/2021 - 16:07:44: [l4d2_skill_detect.smx] Checking charge victim: 9 - 2 - flags: 1 (alive? 1)
L 04/23/2021 - 16:07:58: [l4d2_skill_detect.smx] Clear: 7 freed 2 from 3: time: -1.00 / 1.69 -- class: smoker (with shove? 0)
L 04/23/2021 - 16:08:23: [l4d2_skill_detect.smx] Clear: 7 freed 2 from 4: time: 1.32 / -1.00 -- class: jockey (with shove? 0)
L 04/23/2021 - 16:08:55: [l4d2_skill_detect.smx] Clear: 7 freed 1 from 3: time: 0.54 / -1.00 -- class: hunter (with shove? 0)
L 04/23/2021 - 16:09:31: [l4d2_skill_detect.smx] Clear: 7 freed 6 from 3: time: 5.81 / -1.00 -- class: jockey (with shove? 0)
L 04/23/2021 - 16:11:17: [l4d2_skill_detect.smx] Clear: 8 freed 1 from 3: time: 4.32 / -1.00 -- class: hunter (with shove? 0)
L 04/23/2021 - 16:11:30: [l4d2_skill_detect.smx] Clear: 1 freed 2 from 9: time: -1.00 / 2.78 -- class: smoker (with shove? 1)
L 04/23/2021 - 16:12:08: [l4d2_skill_detect.smx] Clear: 8 freed 7 from 4: time: -1.00 / 0.94 -- class: smoker (with shove? 0)
L 04/23/2021 - 16:13:00: [l4d2_skill_detect.smx] Charge carry start: 5 - 1 -- time: 640.45
L 04/23/2021 - 16:13:01: [l4d2_skill_detect.smx] Clear: 7 freed 1 from 5: time: 0.00 / 0.86 -- class: charger (with shove? 0)
L 04/23/2021 - 16:13:03: [l4d2_skill_detect.smx] Checking charge victim: 5 - 1 - flags: 1 (alive? 1)
L 04/23/2021 - 16:13:38: [l4d2_skill_detect.smx] Clear: 1 freed 8 from 9: time: 2.19 / -1.00 -- class: hunter (with shove? 0)
L 04/23/2021 - 16:15:09: [l4d2_skill_detect.smx] Clear: 9 freed 3 from 2: time: 1.51 / -1.00 -- class: hunter (with shove? 0)
L 04/23/2021 - 16:15:21: [l4d2_skill_detect.smx] Clear: 3 freed 5 from 8: time: 1.39 / -1.00 -- class: jockey (with shove? 0)
L 04/23/2021 - 16:15:56: [l4d2_skill_detect.smx] Clear: 4 freed 3 from 2: time: 0.71 / 816.88 -- class: charger (with shove? 0)
L 04/23/2021 - 16:15:57: [l4d2_skill_detect.smx] Clear: 4 freed 6 from 1: time: 1.98 / -1.00 -- class: hunter (with shove? 0)
L 04/23/2021 - 16:16:26: [l4d2_skill_detect.smx] Charge carry start: 1 - 5 -- time: 847.04
L 04/23/2021 - 16:16:27: [l4d2_skill_detect.smx] Clear: 4 freed 5 from 1: time: 0.00 / 0.14 -- class: charger (with shove? 0)
L 04/23/2021 - 16:16:30: [l4d2_skill_detect.smx] Checking charge victim: 1 - 5 - flags: 1 (alive? 1)
L 04/23/2021 - 16:16:30: [l4d2_skill_detect.smx] Clear: 4 freed 5 from 7: time: 1.86 / -1.00 -- class: jockey (with shove? 0)
L 04/23/2021 - 16:16:32: [l4d2_skill_detect.smx] Clear: 4 freed 9 from 8: time: 4.90 / -1.00 -- class: hunter (with shove? 0)
L 04/23/2021 - 16:17:14: [l4d2_skill_detect.smx] Charge carry start: 7 - 4 -- time: 894.71
L 04/23/2021 - 16:17:17: [l4d2_skill_detect.smx] Checking charge victim: 7 - 4 - flags: 1 (alive? 1)
L 04/23/2021 - 16:17:43: [l4d2_skill_detect.smx] Charge carry start: 7 - 4 -- time: 923.15
L 04/23/2021 - 16:17:45: [l4d2_skill_detect.smx] Checking charge victim: 7 - 4 - flags: 1 (alive? 1)
L 04/23/2021 - 16:17:46: [l4d2_skill_detect.smx] Clear: 3 freed 4 from 7: time: 2.61 / 3.54 -- class: charger (with shove? 0)
L 04/23/2021 - 16:18:13: -------- Mapchange to c2m4_barns --------
L 04/23/2021 - 16:18:15: [basecommands.smx] "Console<0><Console><Console>" changed cvar (cvar "sv_force_time_of_day") (value "0")
L 04/23/2021 - 16:18:15: [basecommands.smx] "Console<0><Console><Console>" changed cvar (cvar "z_witch_damage_per_kill_hit") (value "120")
L 04/23/2021 - 16:18:15: [basecommands.smx] "Console<0><Console><Console>" changed cvar (cvar "z_witch_anger_rate") (value "0.4")
L 04/23/2021 - 16:18:15: [basecommands.smx] "Console<0><Console><Console>" changed cvar (cvar "z_witch_flashlight_range") (value "2000")
L 04/23/2021 - 16:18:15: [basecommands.smx] "Console<0><Console><Console>" changed cvar (cvar "z_witch_burn_time") (value "100")
L 04/23/2021 - 16:18:15: [basecommands.smx] "Console<0><Console><Console>" changed cvar (cvar "z_tank_health") (value "4000")
L 04/23/2021 - 16:18:15: [basecommands.smx] "Console<0><Console><Console>" changed cvar (cvar "z_ghost_delay_min") (value "15")
L 04/23/2021 - 16:18:15: [basecommands.smx] "Console<0><Console><Console>" changed cvar (cvar "z_ghost_delay_max") (value "15")
L 04/23/2021 - 16:18:15: [basecommands.smx] "Console<0><Console><Console>" changed cvar (cvar "z_hunter_limit") (value "1")
L 04/23/2021 - 16:18:15: [basecommands.smx] "Console<0><Console><Console>" changed cvar (cvar "z_smoker_limit") (value "1")
L 04/23/2021 - 16:18:15: [basecommands.smx] "Console<0><Console><Console>" changed cvar (cvar "z_jockey_limit") (value "1")
L 04/23/2021 - 16:18:15: [basecommands.smx] "Console<0><Console><Console>" changed cvar (cvar "versus_tank_chance_intro") (value "1")
L 04/23/2021 - 16:18:15: [basecommands.smx] "Console<0><Console><Console>" changed cvar (cvar "versus_tank_chance_finale") (value "1")
L 04/23/2021 - 16:18:15: [basecommands.smx] "Console<0><Console><Console>" changed cvar (cvar "versus_tank_chance") (value "1")
L 04/23/2021 - 16:18:15: [basecommands.smx] "Console<0><Console><Console>" changed cvar (cvar "versus_witch_chance_intro") (value "0")
L 04/23/2021 - 16:18:15: [basecommands.smx] "Console<0><Console><Console>" changed cvar (cvar "versus_witch_chance_finale") (value "0")
L 04/23/2021 - 16:18:15: [basecommands.smx] "Console<0><Console><Console>" changed cvar (cvar "versus_witch_chance") (value "1")
L 04/23/2021 - 16:18:15: [basecommands.smx] "Console<0><Console><Console>" changed cvar (cvar "director_force_tank") (value "1")
L 04/23/2021 - 16:18:15: [basecommands.smx] "Console<0><Console><Console>" changed cvar (cvar "versus_boss_flow_min") (value "0.4")
L 04/23/2021 - 16:18:15: [basecommands.smx] "Console<0><Console><Console>" changed cvar (cvar "versus_boss_flow_max") (value "0.6")
L 04/23/2021 - 16:18:15: [basecommands.smx] "Console<0><Console><Console>" changed cvar (cvar "versus_boss_flow_min_intro") (value "0.1")
L 04/23/2021 - 16:18:15: [basecommands.smx] "Console<0><Console><Console>" changed cvar (cvar "versus_boss_flow_max_intro") (value "0.2")
L 04/23/2021 - 16:18:15: [basecommands.smx] "Console<0><Console><Console>" changed cvar (cvar "versus_boss_flow_min_finale") (value "0.1")
L 04/23/2021 - 16:18:15: [basecommands.smx] "Console<0><Console><Console>" changed cvar (cvar "versus_boss_flow_max_finale") (value "0.2")
L 04/23/2021 - 16:18:15: [basecommands.smx] "Console<0><Console><Console>" changed cvar (cvar "boomer_vomit_delay") (value "0.1")
L 04/23/2021 - 16:18:15: [basecommands.smx] "Console<0><Console><Console>" changed cvar (cvar "smoker_tongue_delay") (value "0.1")
L 04/23/2021 - 16:18:15: [basecommands.smx] "Console<0><Console><Console>" changed cvar (cvar "vs_survival_bonus") (value "35")
L 04/23/2021 - 16:18:15: [basecommands.smx] "Console<0><Console><Console>" changed cvar (cvar "z_tank_throw_health") (value "10")
L 04/23/2021 - 16:18:15: [basecommands.smx] "Console<0><Console><Console>" changed cvar (cvar "sv_client_min_interp_ratio") (value "-1")
L 04/23/2021 - 16:18:15: [basecommands.smx] "Console<0><Console><Console>" changed cvar (cvar "sv_client_max_interp_ratio") (value "0")
L 04/23/2021 - 16:18:15: [basecommands.smx] "Console<0><Console><Console>" changed cvar (cvar "sv_minrate") (value "100000")
L 04/23/2021 - 16:18:15: [basecommands.smx] "Console<0><Console><Console>" changed cvar (cvar "sv_maxrate") (value "100000")
L 04/23/2021 - 16:18:15: [basecommands.smx] "Console<0><Console><Console>" changed cvar (cvar "sv_mincmdrate") (value "100")
L 04/23/2021 - 16:18:15: [basecommands.smx] "Console<0><Console><Console>" changed cvar (cvar "sv_maxcmdrate") (value "100")
L 04/23/2021 - 16:18:15: [basecommands.smx] "Console<0><Console><Console>" changed cvar (cvar "sv_minupdaterate") (value "100")
L 04/23/2021 - 16:18:15: [basecommands.smx] "Console<0><Console><Console>" changed cvar (cvar "sv_maxupdaterate") (value "100")
L 04/23/2021 - 16:18:15: [basecommands.smx] "Console<0><Console><Console>" changed cvar (cvar "nb_update_frequency") (value "0.014")
L 04/23/2021 - 16:18:15: [basecommands.smx] "Console<0><Console><Console>" changed cvar (cvar "net_splitpacket_maxrate") (value "50000")
L 04/23/2021 - 16:18:15: [basecommands.smx] "Console<0><Console><Console>" changed cvar (cvar "fps_max") (value "0")
L 04/23/2021 - 16:18:15: [basecommands.smx] "Console<0><Console><Console>" changed cvar (cvar "hostname") (value "Versus")
L 04/23/2021 - 16:20:08: [l4d2_skill_detect.smx] Clear: 2 freed 7 from 5: time: 1.27 / -1.00 -- class: jockey (with shove? 0)
L 04/23/2021 - 16:20:35: [l4d2_skill_detect.smx] Clear: 7 freed 8 from 5: time: 2.23 / -1.00 -- class: hunter (with shove? 0)
L 04/23/2021 - 16:21:08: [l4d2_skill_detect.smx] Clear: 2 freed 7 from 5: time: 1.64 / -1.00 -- class: jockey (with shove? 0)
L 04/23/2021 - 16:21:21: [l4d2_skill_detect.smx] Witch Crown Check: Failed: bungled: 1 / crowntype: 0 (entity: 418)
L 04/23/2021 - 16:21:21: [l4d2_skill_detect.smx] Witch Crown Check: Further details: attacker: ɛʟ ɮǟռǟռɛʀօ, attacker dmg: 92, teamless dmg: 0
L 04/23/2021 - 16:21:52: [l4d2_skill_detect.smx] Clear: 1 freed 8 from 4: time: 1.73 / -1.00 -- class: jockey (with shove? 0)
L 04/23/2021 - 16:24:17: [l4d2_skill_detect.smx] Clear: 8 freed 2 from 3: time: 1.07 / -1.00 -- class: hunter (with shove? 0)
L 04/23/2021 - 16:25:29: [l4d2_skill_detect.smx] Clear: 10 freed 11 from 7: time: 12.05 / -1.00 -- class: hunter (with shove? 0)
L 04/23/2021 - 16:25:35: [l4d2_skill_detect.smx] Clear: 4 freed 3 from 8: time: 3.35 / -1.00 -- class: jockey (with shove? 0)
L 04/23/2021 - 16:26:02: [l4d2_skill_detect.smx] Charge carry start: 1 - 3 -- time: 464.75
L 04/23/2021 - 16:26:06: [l4d2_skill_detect.smx] Checking charge victim: 1 - 3 - flags: 1 (alive? 1)
L 04/23/2021 - 16:26:06: [l4d2_skill_detect.smx] Checking charge victim: 1 - 4 - flags: 0 (alive? 1)
L 04/23/2021 - 16:26:42: -------- Mapchange to c2m5_concert --------
L 04/23/2021 - 16:26:44: [basecommands.smx] "Console<0><Console><Console>" changed cvar (cvar "sv_force_time_of_day") (value "0")
L 04/23/2021 - 16:26:44: [basecommands.smx] "Console<0><Console><Console>" changed cvar (cvar "z_witch_damage_per_kill_hit") (value "120")
L 04/23/2021 - 16:26:44: [basecommands.smx] "Console<0><Console><Console>" changed cvar (cvar "z_witch_anger_rate") (value "0.4")
L 04/23/2021 - 16:26:44: [basecommands.smx] "Console<0><Console><Console>" changed cvar (cvar "z_witch_flashlight_range") (value "2000")
L 04/23/2021 - 16:26:44: [basecommands.smx] "Console<0><Console><Console>" changed cvar (cvar "z_witch_burn_time") (value "100")
L 04/23/2021 - 16:26:44: [basecommands.smx] "Console<0><Console><Console>" changed cvar (cvar "z_tank_health") (value "4000")
L 04/23/2021 - 16:26:44: [basecommands.smx] "Console<0><Console><Console>" changed cvar (cvar "z_ghost_delay_min") (value "15")
L 04/23/2021 - 16:26:44: [basecommands.smx] "Console<0><Console><Console>" changed cvar (cvar "z_ghost_delay_max") (value "15")
L 04/23/2021 - 16:26:44: [basecommands.smx] "Console<0><Console><Console>" changed cvar (cvar "z_hunter_limit") (value "1")
L 04/23/2021 - 16:26:44: [basecommands.smx] "Console<0><Console><Console>" changed cvar (cvar "z_smoker_limit") (value "1")
L 04/23/2021 - 16:26:44: [basecommands.smx] "Console<0><Console><Console>" changed cvar (cvar "z_jockey_limit") (value "1")
L 04/23/2021 - 16:26:44: [basecommands.smx] "Console<0><Console><Console>" changed cvar (cvar "versus_tank_chance_intro") (value "1")
L 04/23/2021 - 16:26:44: [basecommands.smx] "Console<0><Console><Console>" changed cvar (cvar "versus_tank_chance_finale") (value "1")
L 04/23/2021 - 16:26:44: [basecommands.smx] "Console<0><Console><Console>" changed cvar (cvar "versus_tank_chance") (value "1")
L 04/23/2021 - 16:26:44: [basecommands.smx] "Console<0><Console><Console>" changed cvar (cvar "versus_witch_chance_intro") (value "0")
L 04/23/2021 - 16:26:44: [basecommands.smx] "Console<0><Console><Console>" changed cvar (cvar "versus_witch_chance_finale") (value "0")
L 04/23/2021 - 16:26:44: [basecommands.smx] "Console<0><Console><Console>" changed cvar (cvar "versus_witch_chance") (value "1")
L 04/23/2021 - 16:26:44: [basecommands.smx] "Console<0><Console><Console>" changed cvar (cvar "director_force_tank") (value "1")
L 04/23/2021 - 16:26:44: [basecommands.smx] "Console<0><Console><Console>" changed cvar (cvar "versus_boss_flow_min") (value "0.4")
L 04/23/2021 - 16:26:44: [basecommands.smx] "Console<0><Console><Console>" changed cvar (cvar "versus_boss_flow_max") (value "0.6")
L 04/23/2021 - 16:26:44: [basecommands.smx] "Console<0><Console><Console>" changed cvar (cvar "versus_boss_flow_min_intro") (value "0.1")
L 04/23/2021 - 16:26:44: [basecommands.smx] "Console<0><Console><Console>" changed cvar (cvar "versus_boss_flow_max_intro") (value "0.2")
L 04/23/2021 - 16:26:44: [basecommands.smx] "Console<0><Console><Console>" changed cvar (cvar "versus_boss_flow_min_finale") (value "0.1")
L 04/23/2021 - 16:26:44: [basecommands.smx] "Console<0><Console><Console>" changed cvar (cvar "versus_boss_flow_max_finale") (value "0.2")
L 04/23/2021 - 16:26:44: [basecommands.smx] "Console<0><Console><Console>" changed cvar (cvar "boomer_vomit_delay") (value "0.1")
L 04/23/2021 - 16:26:44: [basecommands.smx] "Console<0><Console><Console>" changed cvar (cvar "smoker_tongue_delay") (value "0.1")
L 04/23/2021 - 16:26:44: [basecommands.smx] "Console<0><Console><Console>" changed cvar (cvar "vs_survival_bonus") (value "35")
L 04/23/2021 - 16:26:44: [basecommands.smx] "Console<0><Console><Console>" changed cvar (cvar "z_tank_throw_health") (value "10")
L 04/23/2021 - 16:26:44: [basecommands.smx] "Console<0><Console><Console>" changed cvar (cvar "sv_client_min_interp_ratio") (value "-1")
L 04/23/2021 - 16:26:44: [basecommands.smx] "Console<0><Console><Console>" changed cvar (cvar "sv_client_max_interp_ratio") (value "0")
L 04/23/2021 - 16:26:44: [basecommands.smx] "Console<0><Console><Console>" changed cvar (cvar "sv_minrate") (value "100000")
L 04/23/2021 - 16:26:44: [basecommands.smx] "Console<0><Console><Console>" changed cvar (cvar "sv_maxrate") (value "100000")
L 04/23/2021 - 16:26:44: [basecommands.smx] "Console<0><Console><Console>" changed cvar (cvar "sv_mincmdrate") (value "100")
L 04/23/2021 - 16:26:44: [basecommands.smx] "Console<0><Console><Console>" changed cvar (cvar "sv_maxcmdrate") (value "100")
L 04/23/2021 - 16:26:44: [basecommands.smx] "Console<0><Console><Console>" changed cvar (cvar "sv_minupdaterate") (value "100")
L 04/23/2021 - 16:26:44: [basecommands.smx] "Console<0><Console><Console>" changed cvar (cvar "sv_maxupdaterate") (value "100")
L 04/23/2021 - 16:26:44: [basecommands.smx] "Console<0><Console><Console>" changed cvar (cvar "nb_update_frequency") (value "0.014")
L 04/23/2021 - 16:26:44: [basecommands.smx] "Console<0><Console><Console>" changed cvar (cvar "net_splitpacket_maxrate") (value "50000")
L 04/23/2021 - 16:26:44: [basecommands.smx] "Console<0><Console><Console>" changed cvar (cvar "fps_max") (value "0")
L 04/23/2021 - 16:26:44: [basecommands.smx] "Console<0><Console><Console>" changed cvar (cvar "hostname") (value "Versus")
L 04/23/2021 - 16:28:30: [l4d2_skill_detect.smx] Clear: 3 freed 1 from 7: time: 1.00 / -1.00 -- class: jockey (with shove? 0)
L 04/23/2021 - 16:28:52: [l4d2_skill_detect.smx] Clear: 4 freed 1 from 5: time: 2.61 / 4.48 -- class: smoker (with shove? 0)
L 04/23/2021 - 16:29:24: Log file closed.
