L 11/16/2020 - 18:15:34: SourceMod log file session started (file "D:\Steam\steamapps\common\Left 4 Dead 2\left4dead2\addons\sourcemod\logs\L20201116.log") (Version "1.10.0.6492")
L 11/16/2020 - 18:15:34: [simplewelcomemsg.smx] Set the maximum number of lines of.
L 11/16/2020 - 18:15:45: [basecommands.smx] "Console<0><Console><Console>" changed cvar (cvar "sv_force_time_of_day") (value "0")
L 11/16/2020 - 18:15:45: [basecommands.smx] "Console<0><Console><Console>" changed cvar (cvar "z_witch_damage_per_kill_hit") (value "120")
L 11/16/2020 - 18:15:45: [basecommands.smx] "Console<0><Console><Console>" changed cvar (cvar "z_witch_anger_rate") (value "0.4")
L 11/16/2020 - 18:15:45: [basecommands.smx] "Console<0><Console><Console>" changed cvar (cvar "z_witch_flashlight_range") (value "2000")
L 11/16/2020 - 18:15:45: [basecommands.smx] "Console<0><Console><Console>" changed cvar (cvar "z_witch_burn_time") (value "100")
L 11/16/2020 - 18:15:45: [basecommands.smx] "Console<0><Console><Console>" changed cvar (cvar "z_tank_health") (value "4000")
L 11/16/2020 - 18:15:45: [basecommands.smx] "Console<0><Console><Console>" changed cvar (cvar "z_ghost_delay_min") (value "15")
L 11/16/2020 - 18:15:45: [basecommands.smx] "Console<0><Console><Console>" changed cvar (cvar "z_ghost_delay_max") (value "15")
L 11/16/2020 - 18:15:45: [basecommands.smx] "Console<0><Console><Console>" changed cvar (cvar "z_hunter_limit") (value "1")
L 11/16/2020 - 18:15:46: [basecommands.smx] "Console<0><Console><Console>" changed cvar (cvar "z_smoker_limit") (value "1")
L 11/16/2020 - 18:15:46: [basecommands.smx] "Console<0><Console><Console>" changed cvar (cvar "z_jockey_limit") (value "1")
L 11/16/2020 - 18:15:46: [basecommands.smx] "Console<0><Console><Console>" changed cvar (cvar "versus_tank_chance_intro") (value "1")
L 11/16/2020 - 18:15:46: [basecommands.smx] "Console<0><Console><Console>" changed cvar (cvar "versus_tank_chance_finale") (value "1")
L 11/16/2020 - 18:15:46: [basecommands.smx] "Console<0><Console><Console>" changed cvar (cvar "versus_tank_chance") (value "1")
L 11/16/2020 - 18:15:46: [basecommands.smx] "Console<0><Console><Console>" changed cvar (cvar "versus_witch_chance_intro") (value "0")
L 11/16/2020 - 18:15:46: [basecommands.smx] "Console<0><Console><Console>" changed cvar (cvar "versus_witch_chance_finale") (value "0")
L 11/16/2020 - 18:15:46: [basecommands.smx] "Console<0><Console><Console>" changed cvar (cvar "versus_witch_chance") (value "1")
L 11/16/2020 - 18:15:46: [basecommands.smx] "Console<0><Console><Console>" changed cvar (cvar "director_force_tank") (value "1")
L 11/16/2020 - 18:15:46: [basecommands.smx] "Console<0><Console><Console>" changed cvar (cvar "versus_boss_flow_min") (value "0.4")
L 11/16/2020 - 18:15:46: [basecommands.smx] "Console<0><Console><Console>" changed cvar (cvar "versus_boss_flow_max") (value "0.6")
L 11/16/2020 - 18:15:46: [basecommands.smx] "Console<0><Console><Console>" changed cvar (cvar "versus_boss_flow_min_intro") (value "0.1")
L 11/16/2020 - 18:15:46: [basecommands.smx] "Console<0><Console><Console>" changed cvar (cvar "versus_boss_flow_max_intro") (value "0.2")
L 11/16/2020 - 18:15:46: [basecommands.smx] "Console<0><Console><Console>" changed cvar (cvar "versus_boss_flow_min_finale") (value "0.1")
L 11/16/2020 - 18:15:46: [basecommands.smx] "Console<0><Console><Console>" changed cvar (cvar "versus_boss_flow_max_finale") (value "0.2")
L 11/16/2020 - 18:15:46: [basecommands.smx] "Console<0><Console><Console>" changed cvar (cvar "boomer_vomit_delay") (value "0.1")
L 11/16/2020 - 18:15:46: [basecommands.smx] "Console<0><Console><Console>" changed cvar (cvar "smoker_tongue_delay") (value "0.1")
L 11/16/2020 - 18:15:46: [basecommands.smx] "Console<0><Console><Console>" changed cvar (cvar "vs_survival_bonus") (value "35")
L 11/16/2020 - 18:15:46: [basecommands.smx] "Console<0><Console><Console>" changed cvar (cvar "z_tank_throw_health") (value "10")
L 11/16/2020 - 18:15:46: [basecommands.smx] "Console<0><Console><Console>" changed cvar (cvar "sv_client_min_interp_ratio") (value "-1")
L 11/16/2020 - 18:15:46: [basecommands.smx] "Console<0><Console><Console>" changed cvar (cvar "sv_client_max_interp_ratio") (value "0")
L 11/16/2020 - 18:15:46: [basecommands.smx] "Console<0><Console><Console>" changed cvar (cvar "sv_minrate") (value "60000")
L 11/16/2020 - 18:15:46: [basecommands.smx] "Console<0><Console><Console>" changed cvar (cvar "sv_maxrate") (value "60000")
L 11/16/2020 - 18:15:46: [basecommands.smx] "Console<0><Console><Console>" changed cvar (cvar "sv_mincmdrate") (value "60")
L 11/16/2020 - 18:15:46: [basecommands.smx] "Console<0><Console><Console>" changed cvar (cvar "sv_maxcmdrate") (value "60")
L 11/16/2020 - 18:15:46: [basecommands.smx] "Console<0><Console><Console>" changed cvar (cvar "sv_minupdaterate") (value "60")
L 11/16/2020 - 18:15:46: [basecommands.smx] "Console<0><Console><Console>" changed cvar (cvar "sv_maxupdaterate") (value "60")
L 11/16/2020 - 18:15:46: [basecommands.smx] "Console<0><Console><Console>" changed cvar (cvar "hostname") (value "Versus")
L 11/16/2020 - 18:18:44: Log file closed.
L 11/16/2020 - 18:29:23: SourceMod log file session started (file "D:\Steam\steamapps\common\Left 4 Dead 2\left4dead2\addons\sourcemod\logs\L20201116.log") (Version "1.10.0.6492")
L 11/16/2020 - 18:29:23: [simplewelcomemsg.smx] Set the maximum number of lines of.
L 11/16/2020 - 18:29:29: [basecommands.smx] "Console<0><Console><Console>" changed cvar (cvar "sv_force_time_of_day") (value "0")
L 11/16/2020 - 18:29:29: [basecommands.smx] "Console<0><Console><Console>" changed cvar (cvar "z_witch_damage_per_kill_hit") (value "120")
L 11/16/2020 - 18:29:29: [basecommands.smx] "Console<0><Console><Console>" changed cvar (cvar "z_witch_anger_rate") (value "0.4")
L 11/16/2020 - 18:29:29: [basecommands.smx] "Console<0><Console><Console>" changed cvar (cvar "z_witch_flashlight_range") (value "2000")
L 11/16/2020 - 18:29:29: [basecommands.smx] "Console<0><Console><Console>" changed cvar (cvar "z_witch_burn_time") (value "100")
L 11/16/2020 - 18:29:29: [basecommands.smx] "Console<0><Console><Console>" changed cvar (cvar "z_tank_health") (value "4000")
L 11/16/2020 - 18:29:29: [basecommands.smx] "Console<0><Console><Console>" changed cvar (cvar "z_ghost_delay_min") (value "15")
L 11/16/2020 - 18:29:29: [basecommands.smx] "Console<0><Console><Console>" changed cvar (cvar "z_ghost_delay_max") (value "15")
L 11/16/2020 - 18:29:29: [basecommands.smx] "Console<0><Console><Console>" changed cvar (cvar "z_hunter_limit") (value "1")
L 11/16/2020 - 18:29:29: [basecommands.smx] "Console<0><Console><Console>" changed cvar (cvar "z_smoker_limit") (value "1")
L 11/16/2020 - 18:29:29: [basecommands.smx] "Console<0><Console><Console>" changed cvar (cvar "z_jockey_limit") (value "1")
L 11/16/2020 - 18:29:29: [basecommands.smx] "Console<0><Console><Console>" changed cvar (cvar "versus_tank_chance_intro") (value "1")
L 11/16/2020 - 18:29:29: [basecommands.smx] "Console<0><Console><Console>" changed cvar (cvar "versus_tank_chance_finale") (value "1")
L 11/16/2020 - 18:29:29: [basecommands.smx] "Console<0><Console><Console>" changed cvar (cvar "versus_tank_chance") (value "1")
L 11/16/2020 - 18:29:29: [basecommands.smx] "Console<0><Console><Console>" changed cvar (cvar "versus_witch_chance_intro") (value "0")
L 11/16/2020 - 18:29:29: [basecommands.smx] "Console<0><Console><Console>" changed cvar (cvar "versus_witch_chance_finale") (value "0")
L 11/16/2020 - 18:29:29: [basecommands.smx] "Console<0><Console><Console>" changed cvar (cvar "versus_witch_chance") (value "1")
L 11/16/2020 - 18:29:29: [basecommands.smx] "Console<0><Console><Console>" changed cvar (cvar "director_force_tank") (value "1")
L 11/16/2020 - 18:29:29: [basecommands.smx] "Console<0><Console><Console>" changed cvar (cvar "versus_boss_flow_min") (value "0.4")
L 11/16/2020 - 18:29:29: [basecommands.smx] "Console<0><Console><Console>" changed cvar (cvar "versus_boss_flow_max") (value "0.6")
L 11/16/2020 - 18:29:29: [basecommands.smx] "Console<0><Console><Console>" changed cvar (cvar "versus_boss_flow_min_intro") (value "0.1")
L 11/16/2020 - 18:29:29: [basecommands.smx] "Console<0><Console><Console>" changed cvar (cvar "versus_boss_flow_max_intro") (value "0.2")
L 11/16/2020 - 18:29:29: [basecommands.smx] "Console<0><Console><Console>" changed cvar (cvar "versus_boss_flow_min_finale") (value "0.1")
L 11/16/2020 - 18:29:29: [basecommands.smx] "Console<0><Console><Console>" changed cvar (cvar "versus_boss_flow_max_finale") (value "0.2")
L 11/16/2020 - 18:29:29: [basecommands.smx] "Console<0><Console><Console>" changed cvar (cvar "boomer_vomit_delay") (value "0.1")
L 11/16/2020 - 18:29:29: [basecommands.smx] "Console<0><Console><Console>" changed cvar (cvar "smoker_tongue_delay") (value "0.1")
L 11/16/2020 - 18:29:29: [basecommands.smx] "Console<0><Console><Console>" changed cvar (cvar "vs_survival_bonus") (value "35")
L 11/16/2020 - 18:29:29: [basecommands.smx] "Console<0><Console><Console>" changed cvar (cvar "z_tank_throw_health") (value "10")
L 11/16/2020 - 18:29:29: [basecommands.smx] "Console<0><Console><Console>" changed cvar (cvar "sv_client_min_interp_ratio") (value "-1")
L 11/16/2020 - 18:29:29: [basecommands.smx] "Console<0><Console><Console>" changed cvar (cvar "sv_client_max_interp_ratio") (value "0")
L 11/16/2020 - 18:29:29: [basecommands.smx] "Console<0><Console><Console>" changed cvar (cvar "sv_minrate") (value "60000")
L 11/16/2020 - 18:29:29: [basecommands.smx] "Console<0><Console><Console>" changed cvar (cvar "sv_maxrate") (value "60000")
L 11/16/2020 - 18:29:29: [basecommands.smx] "Console<0><Console><Console>" changed cvar (cvar "sv_mincmdrate") (value "60")
L 11/16/2020 - 18:29:29: [basecommands.smx] "Console<0><Console><Console>" changed cvar (cvar "sv_maxcmdrate") (value "60")
L 11/16/2020 - 18:29:29: [basecommands.smx] "Console<0><Console><Console>" changed cvar (cvar "sv_minupdaterate") (value "60")
L 11/16/2020 - 18:29:29: [basecommands.smx] "Console<0><Console><Console>" changed cvar (cvar "sv_maxupdaterate") (value "60")
L 11/16/2020 - 18:29:29: [basecommands.smx] "Console<0><Console><Console>" changed cvar (cvar "hostname") (value "Versus")
L 11/16/2020 - 18:32:20: [l4d2_skill_detect.smx] Charge carry start: 8 - 5 -- time: 161.06
L 11/16/2020 - 18:32:21: [l4d2_skill_detect.smx] Clear: 3 freed 5 from 8: time: 0.30 / 1.34 -- class: charger (with shove? 0)
L 11/16/2020 - 18:32:23: [l4d2_skill_detect.smx] Checking charge victim: 8 - 5 - flags: 1 (alive? 1)
L 11/16/2020 - 18:33:11: [l4d2_skill_detect.smx] Clear: 3 freed 1 from 10: time: 1.39 / -1.00 -- class: jockey (with shove? 0)
L 11/16/2020 - 18:34:10: [l4d2_skill_detect.smx] Clear: 6 freed 1 from 2: time: -1.00 / 0.16 -- class: smoker (with shove? 0)
L 11/16/2020 - 18:34:11: [l4d2_skill_detect.smx] Clear: 4 freed 6 from 8: time: 1.03 / -1.00 -- class: jockey (with shove? 0)
L 11/16/2020 - 18:35:25: [l4d2_skill_detect.smx] Clear: 3 freed 1 from 2: time: 1.21 / -1.00 -- class: jockey (with shove? 1)
L 11/16/2020 - 18:37:10: [l4d2_skill_detect.smx] Clear: 3 freed 4 from 8: time: -1.00 / 1.73 -- class: smoker (with shove? 0)
L 11/16/2020 - 18:37:15: [l4d2_skill_detect.smx] Clear: 1 freed 4 from 9: time: 2.39 / -1.00 -- class: jockey (with shove? 0)
L 11/16/2020 - 18:38:10: [l4d2_skill_detect.smx] Clear: 3 freed 5 from 2: time: 1.00 / -1.00 -- class: hunter (with shove? 0)
L 11/16/2020 - 18:38:42: [l4d2_skill_detect.smx] Charge carry start: 2 - 1 -- time: 538.11
L 11/16/2020 - 18:38:43: [l4d2_skill_detect.smx] Clear: 5 freed 1 from 2: time: 0.08 / 1.25 -- class: charger (with shove? 0)
L 11/16/2020 - 18:38:45: [l4d2_skill_detect.smx] Checking charge victim: 2 - 1 - flags: 1 (alive? 1)
L 11/16/2020 - 18:38:46: [l4d2_skill_detect.smx] Clear: 4 freed 3 from 8: time: 3.10 / -1.00 -- class: jockey (with shove? 0)
L 11/16/2020 - 18:38:49: [l4d2_skill_detect.smx] Clear: 1 freed 4 from 9: time: -1.00 / 3.03 -- class: smoker (with shove? 0)
L 11/16/2020 - 18:43:27: [l4d2_skill_detect.smx] Clear: 2 freed 8 from 1: time: 2.54 / -1.00 -- class: jockey (with shove? 0)
L 11/16/2020 - 18:43:32: [l4d2_skill_detect.smx] Clear: 8 freed 9 from 4: time: 0.28 / 1.61 -- class: smoker (with shove? 1)
L 11/16/2020 - 18:44:16: [l4d2_skill_detect.smx] Clear: 7 freed 9 from 3: time: 2.64 / 4.54 -- class: smoker (with shove? 1)
L 11/16/2020 - 18:45:16: [l4d2_skill_detect.smx] Charge carry start: 1 - 2 -- time: 913.40
L 11/16/2020 - 18:45:20: [l4d2_skill_detect.smx] Checking charge victim: 1 - 2 - flags: 1 (alive? 1)
L 11/16/2020 - 18:45:37: [l4d2_skill_detect.smx] Clear: 7 freed 9 from 4: time: 0.41 / -1.00 -- class: hunter (with shove? 1)
L 11/16/2020 - 18:46:23: [l4d2_skill_detect.smx] Charge carry start: 4 - 2 -- time: 977.65
L 11/16/2020 - 18:46:27: [l4d2_skill_detect.smx] Checking charge victim: 4 - 2 - flags: 1 (alive? 1)
L 11/16/2020 - 18:46:58: [l4d2_skill_detect.smx] Clear: 6 freed 7 from 3: time: 2.34 / -1.00 -- class: hunter (with shove? 0)
L 11/16/2020 - 18:47:07: [l4d2_skill_detect.smx] Clear: 2 freed 9 from 4: time: 1.84 / -1.00 -- class: jockey (with shove? 1)
L 11/16/2020 - 18:47:30: [l4d2_skill_detect.smx] Clear: 2 freed 9 from 3: time: 0.08 / 2.38 -- class: smoker (with shove? 0)
L 11/16/2020 - 18:47:32: [l4d2_skill_detect.smx] Charge carry start: 1 - 6 -- time: 1045.13
L 11/16/2020 - 18:47:36: [l4d2_skill_detect.smx] Clear: 7 freed 6 from 1: time: 1.40 / 3.78 -- class: charger (with shove? 0)
L 11/16/2020 - 18:47:36: [l4d2_skill_detect.smx] Checking charge victim: 1 - 6 - flags: 1 (alive? 1)
L 11/16/2020 - 18:47:52: [l4d2_skill_detect.smx] Clear: 7 freed 6 from 8: time: 0.81 / -1.00 -- class: hunter (with shove? 0)
L 11/16/2020 - 18:48:24: [l4d2_skill_detect.smx] Clear: 7 freed 6 from 8: time: 2.76 / -1.00 -- class: jockey (with shove? 0)
L 11/16/2020 - 18:48:29: [l4d2_skill_detect.smx] Charge carry start: 3 - 9 -- time: 1100.70
L 11/16/2020 - 18:48:31: [l4d2_skill_detect.smx] Clear: 7 freed 7 from 1: time: -1.00 / 0.00 -- class: smoker (with shove? 0)
L 11/16/2020 - 18:48:31: [l4d2_skill_detect.smx] Clear: 7 freed 9 from 3: time: 0.86 / 2.41 -- class: charger (with shove? 0)
L 11/16/2020 - 18:48:33: [l4d2_skill_detect.smx] Checking charge victim: 3 - 9 - flags: 1 (alive? 1)
L 11/16/2020 - 18:49:27: [l4d2_skill_detect.smx] Clear: 2 freed 7 from 1: time: 2.03 / -1.00 -- class: hunter (with shove? 0)
L 11/16/2020 - 18:49:31: [l4d2_skill_detect.smx] Charge carry start: 8 - 6 -- time: 1162.30
L 11/16/2020 - 18:49:35: [l4d2_skill_detect.smx] Clear: 2 freed 6 from 8: time: 1.69 / 3.34 -- class: charger (with shove? 0)
L 11/16/2020 - 18:49:35: [l4d2_skill_detect.smx] Checking charge victim: 8 - 6 - flags: 1 (alive? 1)
L 11/16/2020 - 18:50:22: [l4d2_skill_detect.smx] Clear: 7 freed 6 from 3: time: 1.04 / -1.00 -- class: hunter (with shove? 0)
L 11/16/2020 - 18:50:38: [l4d2_skill_detect.smx] Charge carry start: 4 - 6 -- time: 1228.21
L 11/16/2020 - 18:50:42: [l4d2_skill_detect.smx] Checking charge victim: 4 - 6 - flags: 1 (alive? 1)
L 11/16/2020 - 18:50:43: [l4d2_skill_detect.smx] Clear: 2 freed 6 from 4: time: 2.71 / 4.98 -- class: charger (with shove? 0)
L 11/16/2020 - 18:50:51: [l4d2_skill_detect.smx] Clear: 6 freed 6 from 3: time: 0.00 / -1.00 -- class: jockey (with shove? 1)
L 11/16/2020 - 18:51:18: [l4d2_skill_detect.smx] Clear: 7 freed 6 from 4: time: 1.15 / -1.00 -- class: hunter (with shove? 0)
L 11/16/2020 - 18:52:04: -------- Mapchange to c2m2_fairgrounds --------
L 11/16/2020 - 18:52:09: [basecommands.smx] "Console<0><Console><Console>" changed cvar (cvar "sv_force_time_of_day") (value "0")
L 11/16/2020 - 18:52:09: [basecommands.smx] "Console<0><Console><Console>" changed cvar (cvar "z_witch_damage_per_kill_hit") (value "120")
L 11/16/2020 - 18:52:09: [basecommands.smx] "Console<0><Console><Console>" changed cvar (cvar "z_witch_anger_rate") (value "0.4")
L 11/16/2020 - 18:52:09: [basecommands.smx] "Console<0><Console><Console>" changed cvar (cvar "z_witch_flashlight_range") (value "2000")
L 11/16/2020 - 18:52:09: [basecommands.smx] "Console<0><Console><Console>" changed cvar (cvar "z_witch_burn_time") (value "100")
L 11/16/2020 - 18:52:09: [basecommands.smx] "Console<0><Console><Console>" changed cvar (cvar "z_tank_health") (value "4000")
L 11/16/2020 - 18:52:09: [basecommands.smx] "Console<0><Console><Console>" changed cvar (cvar "z_ghost_delay_min") (value "15")
L 11/16/2020 - 18:52:09: [basecommands.smx] "Console<0><Console><Console>" changed cvar (cvar "z_ghost_delay_max") (value "15")
L 11/16/2020 - 18:52:09: [basecommands.smx] "Console<0><Console><Console>" changed cvar (cvar "z_hunter_limit") (value "1")
L 11/16/2020 - 18:52:09: [basecommands.smx] "Console<0><Console><Console>" changed cvar (cvar "z_smoker_limit") (value "1")
L 11/16/2020 - 18:52:09: [basecommands.smx] "Console<0><Console><Console>" changed cvar (cvar "z_jockey_limit") (value "1")
L 11/16/2020 - 18:52:09: [basecommands.smx] "Console<0><Console><Console>" changed cvar (cvar "versus_tank_chance_intro") (value "1")
L 11/16/2020 - 18:52:09: [basecommands.smx] "Console<0><Console><Console>" changed cvar (cvar "versus_tank_chance_finale") (value "1")
L 11/16/2020 - 18:52:09: [basecommands.smx] "Console<0><Console><Console>" changed cvar (cvar "versus_tank_chance") (value "1")
L 11/16/2020 - 18:52:09: [basecommands.smx] "Console<0><Console><Console>" changed cvar (cvar "versus_witch_chance_intro") (value "0")
L 11/16/2020 - 18:52:09: [basecommands.smx] "Console<0><Console><Console>" changed cvar (cvar "versus_witch_chance_finale") (value "0")
L 11/16/2020 - 18:52:09: [basecommands.smx] "Console<0><Console><Console>" changed cvar (cvar "versus_witch_chance") (value "1")
L 11/16/2020 - 18:52:09: [basecommands.smx] "Console<0><Console><Console>" changed cvar (cvar "director_force_tank") (value "1")
L 11/16/2020 - 18:52:09: [basecommands.smx] "Console<0><Console><Console>" changed cvar (cvar "versus_boss_flow_min") (value "0.4")
L 11/16/2020 - 18:52:09: [basecommands.smx] "Console<0><Console><Console>" changed cvar (cvar "versus_boss_flow_max") (value "0.6")
L 11/16/2020 - 18:52:09: [basecommands.smx] "Console<0><Console><Console>" changed cvar (cvar "versus_boss_flow_min_intro") (value "0.1")
L 11/16/2020 - 18:52:09: [basecommands.smx] "Console<0><Console><Console>" changed cvar (cvar "versus_boss_flow_max_intro") (value "0.2")
L 11/16/2020 - 18:52:09: [basecommands.smx] "Console<0><Console><Console>" changed cvar (cvar "versus_boss_flow_min_finale") (value "0.1")
L 11/16/2020 - 18:52:09: [basecommands.smx] "Console<0><Console><Console>" changed cvar (cvar "versus_boss_flow_max_finale") (value "0.2")
L 11/16/2020 - 18:52:09: [basecommands.smx] "Console<0><Console><Console>" changed cvar (cvar "boomer_vomit_delay") (value "0.1")
L 11/16/2020 - 18:52:09: [basecommands.smx] "Console<0><Console><Console>" changed cvar (cvar "smoker_tongue_delay") (value "0.1")
L 11/16/2020 - 18:52:09: [basecommands.smx] "Console<0><Console><Console>" changed cvar (cvar "vs_survival_bonus") (value "35")
L 11/16/2020 - 18:52:09: [basecommands.smx] "Console<0><Console><Console>" changed cvar (cvar "z_tank_throw_health") (value "10")
L 11/16/2020 - 18:52:09: [basecommands.smx] "Console<0><Console><Console>" changed cvar (cvar "sv_client_min_interp_ratio") (value "-1")
L 11/16/2020 - 18:52:10: [basecommands.smx] "Console<0><Console><Console>" changed cvar (cvar "sv_client_max_interp_ratio") (value "0")
L 11/16/2020 - 18:52:10: [basecommands.smx] "Console<0><Console><Console>" changed cvar (cvar "sv_minrate") (value "60000")
L 11/16/2020 - 18:52:10: [basecommands.smx] "Console<0><Console><Console>" changed cvar (cvar "sv_maxrate") (value "60000")
L 11/16/2020 - 18:52:10: [basecommands.smx] "Console<0><Console><Console>" changed cvar (cvar "sv_mincmdrate") (value "60")
L 11/16/2020 - 18:52:10: [basecommands.smx] "Console<0><Console><Console>" changed cvar (cvar "sv_maxcmdrate") (value "60")
L 11/16/2020 - 18:52:10: [basecommands.smx] "Console<0><Console><Console>" changed cvar (cvar "sv_minupdaterate") (value "60")
L 11/16/2020 - 18:52:10: [basecommands.smx] "Console<0><Console><Console>" changed cvar (cvar "sv_maxupdaterate") (value "60")
L 11/16/2020 - 18:52:10: [basecommands.smx] "Console<0><Console><Console>" changed cvar (cvar "hostname") (value "Versus")
L 11/16/2020 - 18:54:07: [l4d2_skill_detect.smx] Clear: 1 freed 8 from 5: time: 1.48 / -1.00 -- class: hunter (with shove? 0)
L 11/16/2020 - 18:54:10: [l4d2_skill_detect.smx] Clear: 1 freed 8 from 9: time: -1.00 / 0.81 -- class: smoker (with shove? 0)
L 11/16/2020 - 18:54:38: [l4d2_skill_detect.smx] Clear: 8 freed 4 from 6: time: 4.21 / -1.00 -- class: jockey (with shove? 0)
L 11/16/2020 - 18:55:14: [l4d2_skill_detect.smx] Clear: 4 freed 1 from 5: time: 2.71 / -1.00 -- class: jockey (with shove? 1)
L 11/16/2020 - 18:55:35: [l4d2_skill_detect.smx] Clear: 3 freed 4 from 9: time: 0.66 / -1.00 -- class: hunter (with shove? 0)
L 11/16/2020 - 18:55:53: [l4d2_skill_detect.smx] Charge carry start: 6 - 8 -- time: 208.30
L 11/16/2020 - 18:55:58: [l4d2_skill_detect.smx] Checking charge victim: 6 - 8 - flags: 1 (alive? 1)
L 11/16/2020 - 18:55:59: [l4d2_skill_detect.smx] Clear: 4 freed 8 from 6: time: 2.38 / 5.29 -- class: charger (with shove? 0)
L 11/16/2020 - 18:56:09: [l4d2_skill_detect.smx] Clear: 3 freed 4 from 5: time: 3.19 / -1.00 -- class: jockey (with shove? 0)
L 11/16/2020 - 18:56:41: [l4d2_skill_detect.smx] Clear: 3 freed 4 from 6: time: 2.38 / 6.26 -- class: smoker (with shove? 1)
L 11/16/2020 - 18:57:12: [l4d2_skill_detect.smx] Clear: 3 freed 4 from 7: time: 5.88 / -1.00 -- class: hunter (with shove? 0)
L 11/16/2020 - 18:57:16: [l4d2_skill_detect.smx] Witch Crown Check: Failed: bungled: 1 / crowntype: 0 (entity: 699)
L 11/16/2020 - 18:57:16: [l4d2_skill_detect.smx] Witch Crown Check: Further details: attacker: Ahorra Grande Aurora Grounding, attacker dmg: 0, teamless dmg: 0
L 11/16/2020 - 18:59:17: [l4d2_skill_detect.smx] Charge carry start: 3 - 9 -- time: 407.36
L 11/16/2020 - 18:59:21: [l4d2_skill_detect.smx] Clear: 6 freed 9 from 3: time: 1.00 / 3.68 -- class: charger (with shove? 0)
L 11/16/2020 - 18:59:22: [l4d2_skill_detect.smx] Checking charge victim: 3 - 9 - flags: 1 (alive? 1)
L 11/16/2020 - 18:59:23: [l4d2_skill_detect.smx] Clear: 6 freed 7 from 4: time: 1.63 / 3.66 -- class: smoker (with shove? 1)
L 11/16/2020 - 19:00:09: [l4d2_skill_detect.smx] Clear: 7 freed 9 from 3: time: 1.76 / -1.00 -- class: hunter (with shove? 0)
L 11/16/2020 - 19:00:58: [l4d2_skill_detect.smx] Clear: 5 freed 6 from 1: time: 2.63 / -1.00 -- class: hunter (with shove? 0)
L 11/16/2020 - 19:00:59: [l4d2_skill_detect.smx] Charge carry start: 4 - 7 -- time: 501.15
L 11/16/2020 - 19:01:02: [l4d2_skill_detect.smx] Clear: 6 freed 7 from 4: time: 0.98 / 2.26 -- class: charger (with shove? 0)
L 11/16/2020 - 19:01:03: [l4d2_skill_detect.smx] Checking charge victim: 4 - 7 - flags: 1 (alive? 1)
L 11/16/2020 - 19:01:33: [l4d2_skill_detect.smx] Clear: 6 freed 5 from 4: time: 1.56 / -1.00 -- class: hunter (with shove? 1)
L 11/16/2020 - 19:01:36: [l4d2_skill_detect.smx] Clear: 6 freed 5 from 4: time: 1.11 / -1.00 -- class: hunter (with shove? 0)
L 11/16/2020 - 19:01:49: [l4d2_skill_detect.smx] Clear: 7 freed 9 from 1: time: -1.00 / 1.56 -- class: smoker (with shove? 1)
L 11/16/2020 - 19:01:54: [l4d2_skill_detect.smx] Clear: 9 freed 6 from 8: time: 1.95 / 555.01 -- class: charger (with shove? 0)
L 11/16/2020 - 19:02:22: [l4d2_skill_detect.smx] Clear: 9 freed 7 from 1: time: -1.00 / 4.78 -- class: smoker (with shove? 0)
L 11/16/2020 - 19:02:28: [l4d2_skill_detect.smx] Clear: 6 freed 5 from 8: time: 1.66 / -1.00 -- class: hunter (with shove? 0)
L 11/16/2020 - 19:03:07: [l4d2_skill_detect.smx] Clear: 9 freed 9 from 1: time: -1.00 / 0.03 -- class: smoker (with shove? 0)
L 11/16/2020 - 19:03:12: [l4d2_skill_detect.smx] Clear: 6 freed 7 from 1: time: -1.00 / 1.04 -- class: smoker (with shove? 1)
L 11/16/2020 - 19:03:53: [l4d2_skill_detect.smx] Clear: 7 freed 9 from 8: time: 0.51 / 3.69 -- class: smoker (with shove? 1)
L 11/16/2020 - 19:04:04: [l4d2_skill_detect.smx] Clear: 9 freed 7 from 4: time: 2.66 / -1.00 -- class: jockey (with shove? 1)
L 11/16/2020 - 19:04:18: [l4d2_skill_detect.smx] Charge carry start: 1 - 9 -- time: 692.78
L 11/16/2020 - 19:04:21: [l4d2_skill_detect.smx] Clear: 7 freed 9 from 1: time: 1.41 / 2.63 -- class: charger (with shove? 0)
L 11/16/2020 - 19:04:21: [l4d2_skill_detect.smx] Checking charge victim: 1 - 9 - flags: 1 (alive? 1)
L 11/16/2020 - 19:04:35: [l4d2_skill_detect.smx] Clear: 5 freed 7 from 4: time: -1.00 / 3.46 -- class: smoker (with shove? 0)
L 11/16/2020 - 19:05:11: [l4d2_skill_detect.smx] Clear: 5 freed 7 from 1: time: 0.90 / -1.00 -- class: jockey (with shove? 0)
L 11/16/2020 - 19:06:11: [l4d2_skill_detect.smx] Clear: 5 freed 7 from 8: time: 0.50 / -1.00 -- class: hunter (with shove? 0)
L 11/16/2020 - 19:06:27: [l4d2_skill_detect.smx] Charge carry start: 1 - 5 -- time: 819.31
L 11/16/2020 - 19:06:30: [l4d2_skill_detect.smx] Checking charge victim: 1 - 5 - flags: 1 (alive? 1)
L 11/16/2020 - 19:06:31: [l4d2_skill_detect.smx] Clear: 7 freed 5 from 1: time: 2.26 / 3.43 -- class: charger (with shove? 0)
L 11/16/2020 - 19:19:48: Log file closed.
