L 07/05/2020 - 04:48:02: SourceMod log file session started (file "L20200705.log") (Version "1.8.0.6041")
L 07/05/2020 - 04:48:02: -------- Mapchange to c1m2_streets --------
L 07/05/2020 - 04:48:07: [simplewelcomemsg.smx] Set the maximum number of lines of.
L 07/05/2020 - 04:48:25: [SM] Changed map to "c1m2_streets"
L 07/05/2020 - 04:48:28: -------- Mapchange to c1m2_streets --------
L 07/05/2020 - 04:53:11: [playercommands.smx] "۩ fᵉᵃʳ ۩ Rain❤Delta<2><STEAM_1:0:162762726><>" slayed "۩ fᵉᵃʳ ۩ Rain❤Delta<2><STEAM_1:0:162762726><>"
L 07/05/2020 - 04:53:11: [playercommands.smx] "۩ fᵉᵃʳ ۩ Rain❤Delta<2><STEAM_1:0:162762726><>" slayed "Spitter<26><BOT><>"
L 07/05/2020 - 04:53:11: [playercommands.smx] "۩ fᵉᵃʳ ۩ Rain❤Delta<2><STEAM_1:0:162762726><>" slayed "Rochelle<5><BOT><>"
L 07/05/2020 - 04:53:11: [playercommands.smx] "۩ fᵉᵃʳ ۩ Rain❤Delta<2><STEAM_1:0:162762726><>" slayed "Nick<6><BOT><>"
L 07/05/2020 - 04:53:12: [playercommands.smx] "۩ fᵉᵃʳ ۩ Rain❤Delta<2><STEAM_1:0:162762726><>" slayed "Smoker<24><BOT><>"
L 07/05/2020 - 04:55:00: [playercommands.smx] "۩ fᵉᵃʳ ۩ Rain❤Delta<2><STEAM_1:0:162762726><>" slayed "Rochelle<27><BOT><>"
L 07/05/2020 - 04:55:00: [playercommands.smx] "۩ fᵉᵃʳ ۩ Rain❤Delta<2><STEAM_1:0:162762726><>" slayed "۩ fᵉᵃʳ ۩ Rain❤Delta<2><STEAM_1:0:162762726><>"
L 07/05/2020 - 04:55:00: [playercommands.smx] "۩ fᵉᵃʳ ۩ Rain❤Delta<2><STEAM_1:0:162762726><>" slayed "Smoker<33><BOT><>"
L 07/05/2020 - 04:55:00: [playercommands.smx] "۩ fᵉᵃʳ ۩ Rain❤Delta<2><STEAM_1:0:162762726><>" slayed "Boomer<38><BOT><>"
L 07/05/2020 - 04:55:01: [playercommands.smx] "۩ fᵉᵃʳ ۩ Rain❤Delta<2><STEAM_1:0:162762726><>" slayed "Coach<28><BOT><>"
L 07/05/2020 - 04:55:01: [playercommands.smx] "۩ fᵉᵃʳ ۩ Rain❤Delta<2><STEAM_1:0:162762726><>" slayed "Nick<29><BOT><>"
L 07/05/2020 - 04:55:01: [playercommands.smx] "۩ fᵉᵃʳ ۩ Rain❤Delta<2><STEAM_1:0:162762726><>" slayed "Ellis<30><BOT><>"
L 07/05/2020 - 04:55:27: -------- Mapchange to c1m3_mall --------
L 07/05/2020 - 04:59:29: Log file closed.
L 07/05/2020 - 05:21:19: SourceMod log file session started (file "L20200705.log") (Version "1.8.0.6041")
L 07/05/2020 - 05:21:19: -------- Mapchange to c1m2_streets --------
L 07/05/2020 - 05:21:21: [simplewelcomemsg.smx] Set the maximum number of lines of.
L 07/05/2020 - 05:21:27: [SM] Changed map to "c1m2_streets"
L 07/05/2020 - 05:21:29: -------- Mapchange to c1m2_streets --------
L 07/05/2020 - 05:24:59: -------- Mapchange to c1m3_mall --------
L 07/05/2020 - 05:26:37: [funcommands.smx] "۩ fᵉᵃʳ ۩ Rain❤Delta<10><STEAM_1:0:162762726><>" froze "۩ fᵉᵃʳ ۩ Rain❤Delta<10><STEAM_1:0:162762726><>"
L 07/05/2020 - 05:26:44: [funcommands.smx] "۩ fᵉᵃʳ ۩ Rain❤Delta<10><STEAM_1:0:162762726><>" froze "۩ fᵉᵃʳ ۩ Rain❤Delta<10><STEAM_1:0:162762726><>"
L 07/05/2020 - 05:26:46: [funcommands.smx] "۩ fᵉᵃʳ ۩ Rain❤Delta<10><STEAM_1:0:162762726><>" froze "Rochelle<44><BOT><>"
L 07/05/2020 - 05:27:00: [funcommands.smx] "۩ fᵉᵃʳ ۩ Rain❤Delta<10><STEAM_1:0:162762726><>" froze "Rochelle<44><BOT><>"
L 07/05/2020 - 05:27:20: [funcommands.smx] "۩ fᵉᵃʳ ۩ Rain❤Delta<10><STEAM_1:0:162762726><>" froze "Rochelle<44><BOT><>"
L 07/05/2020 - 05:27:27: [funcommands.smx] "۩ fᵉᵃʳ ۩ Rain❤Delta<10><STEAM_1:0:162762726><>" froze "Rochelle<44><BOT><>"
L 07/05/2020 - 05:27:28: [funcommands.smx] "۩ fᵉᵃʳ ۩ Rain❤Delta<10><STEAM_1:0:162762726><>" froze "Rochelle<44><BOT><>"
L 07/05/2020 - 05:27:41: [funcommands.smx] "۩ fᵉᵃʳ ۩ Rain❤Delta<10><STEAM_1:0:162762726><>" froze "Rochelle<44><BOT><>"
L 07/05/2020 - 05:30:36: SourceMod log file session started (file "L20200705.log") (Version "1.8.0.6041")
L 07/05/2020 - 05:30:36: -------- Mapchange to c1m3_mall --------
L 07/05/2020 - 05:30:38: [simplewelcomemsg.smx] Set the maximum number of lines of.
L 07/05/2020 - 05:30:43: [SM] Changed map to "c1m3_mall"
L 07/05/2020 - 05:30:46: -------- Mapchange to c1m3_mall --------
L 07/05/2020 - 05:33:54: [playercommands.smx] "۩ fᵉᵃʳ ۩ Rain❤Delta<2><STEAM_1:0:162762726><>" slapped "Ellis<3><BOT><>" (damage "99")
L 07/05/2020 - 05:33:54: [playercommands.smx] "۩ fᵉᵃʳ ۩ Rain❤Delta<2><STEAM_1:0:162762726><>" slapped "Rochelle<4><BOT><>" (damage "99")
L 07/05/2020 - 05:33:55: [playercommands.smx] "۩ fᵉᵃʳ ۩ Rain❤Delta<2><STEAM_1:0:162762726><>" slapped "Coach<5><BOT><>" (damage "99")
L 07/05/2020 - 05:33:57: [playercommands.smx] "۩ fᵉᵃʳ ۩ Rain❤Delta<2><STEAM_1:0:162762726><>" slapped "Nick<6><BOT><>" (damage "99")
L 07/05/2020 - 05:34:03: [playercommands.smx] "۩ fᵉᵃʳ ۩ Rain❤Delta<2><STEAM_1:0:162762726><>" slayed "۩ fᵉᵃʳ ۩ Rain❤Delta<2><STEAM_1:0:162762726><>"
L 07/05/2020 - 06:00:06: SourceMod log file session started (file "L20200705.log") (Version "1.8.0.6041")
L 07/05/2020 - 06:00:06: -------- Mapchange to c1m2_streets --------
L 07/05/2020 - 06:00:08: [simplewelcomemsg.smx] Set the maximum number of lines of.
L 07/05/2020 - 06:00:15: [SM] Changed map to "c1m2_streets"
L 07/05/2020 - 06:00:18: -------- Mapchange to c1m2_streets --------
L 07/05/2020 - 06:05:55: Log file closed.
L 07/05/2020 - 18:44:51: SourceMod log file session started (file "L20200705.log") (Version "1.8.0.6041")
L 07/05/2020 - 18:44:51: -------- Mapchange to c1m2_streets --------
L 07/05/2020 - 18:44:55: [simplewelcomemsg.smx] Set the maximum number of lines of.
L 07/05/2020 - 18:45:13: [SM] Changed map to "c1m2_streets"
L 07/05/2020 - 18:45:16: -------- Mapchange to c1m2_streets --------
L 07/05/2020 - 18:54:28: -------- Mapchange to c1m3_mall --------
L 07/05/2020 - 18:55:04: Log file closed.
