L 07/25/2020 - 12:14:23: SourceMod log file session started (file "L20200725.log") (Version "1.8.0.6041")
L 07/25/2020 - 12:14:23: -------- Mapchange to c1m2_streets --------
L 07/25/2020 - 12:14:29: [l4d2_itemgiver.smx] Detected Left4Dead2!
L 07/25/2020 - 12:14:30: [simplewelcomemsg.smx] Set the maximum number of lines of.
L 07/25/2020 - 12:14:51: [SM] Changed map to "c1m2_streets"
L 07/25/2020 - 12:14:54: -------- Mapchange to c1m2_streets --------
L 07/25/2020 - 12:17:03: Log file closed.
L 07/25/2020 - 12:22:40: SourceMod log file session started (file "L20200725.log") (Version "1.8.0.6041")
L 07/25/2020 - 12:22:40: -------- Mapchange to c1m2_streets --------
L 07/25/2020 - 12:22:43: [l4d2_itemgiver.smx] Detected Left4Dead2!
L 07/25/2020 - 12:22:44: [simplewelcomemsg.smx] Set the maximum number of lines of.
L 07/25/2020 - 12:22:56: [SM] Changed map to "c1m2_streets"
L 07/25/2020 - 12:22:59: -------- Mapchange to c1m2_streets --------
L 07/25/2020 - 12:26:10: [playercommands.smx] "♛ Rain ♛<2><STEAM_1:0:162762726><>" slayed "Smasher Tankㅣ스매쉬탱크<10><BOT><>"
L 07/25/2020 - 12:28:17: Log file closed.
L 07/25/2020 - 12:45:40: SourceMod log file session started (file "L20200725.log") (Version "1.8.0.6041")
L 07/25/2020 - 12:45:40: -------- Mapchange to c8m1_apartment --------
L 07/25/2020 - 12:45:43: [l4d2_itemgiver.smx] Detected Left4Dead2!
L 07/25/2020 - 12:45:43: [simplewelcomemsg.smx] Set the maximum number of lines of.
L 07/25/2020 - 12:46:03: [SM] Changed map to "c8m1_apartment"
L 07/25/2020 - 12:46:05: -------- Mapchange to c8m1_apartment --------
L 07/25/2020 - 12:47:05: [funcommands.smx] "♛ Rain ♛<2><STEAM_1:0:162762726><>" toggled noclip on "♛ Rain ♛<2><STEAM_1:0:162762726><>"
L 07/25/2020 - 12:49:03: -------- Mapchange to c1m2_streets --------
L 07/25/2020 - 12:54:13: Log file closed.
L 07/25/2020 - 13:42:58: SourceMod log file session started (file "L20200725.log") (Version "1.8.0.6041")
L 07/25/2020 - 13:42:58: -------- Mapchange to c1m2_streets --------
L 07/25/2020 - 13:43:01: [l4d2_itemgiver.smx] Detected Left4Dead2!
L 07/25/2020 - 13:43:02: [simplewelcomemsg.smx] Set the maximum number of lines of.
L 07/25/2020 - 13:43:20: [SM] Changed map to "c1m2_streets"
L 07/25/2020 - 13:43:25: -------- Mapchange to c1m2_streets --------
L 07/25/2020 - 13:45:14: Log file closed.
L 07/25/2020 - 19:05:11: SourceMod log file session started (file "L20200725.log") (Version "1.8.0.6041")
L 07/25/2020 - 19:05:11: Log file closed.
L 07/25/2020 - 20:12:38: SourceMod log file session started (file "L20200725.log") (Version "1.8.0.6041")
L 07/25/2020 - 20:12:38: Log file closed.
L 07/25/2020 - 20:44:40: SourceMod log file session started (file "L20200725.log") (Version "1.8.0.6041")
L 07/25/2020 - 20:44:40: Log file closed.
L 07/25/2020 - 20:47:23: SourceMod log file session started (file "L20200725.log") (Version "1.8.0.6041")
L 07/25/2020 - 20:47:23: Log file closed.
L 07/25/2020 - 20:48:51: SourceMod log file session started (file "L20200725.log") (Version "1.8.0.6041")
L 07/25/2020 - 20:48:51: -------- Mapchange to c1m1_hotel --------
L 07/25/2020 - 20:48:56: [l4d2_itemgiver.smx] Detected Left4Dead2!
L 07/25/2020 - 20:48:57: [simplewelcomemsg.smx] Set the maximum number of lines of.
L 07/25/2020 - 20:49:22: [SM] Changed map to "c1m1_hotel"
L 07/25/2020 - 20:49:25: -------- Mapchange to c1m1_hotel --------
L 07/25/2020 - 20:51:09: [playercommands.smx] "♛ Rain ♛<2><STEAM_1:0:162762726><>" slayed "Ellis<3><BOT><>"
L 07/25/2020 - 20:51:09: [playercommands.smx] "♛ Rain ♛<2><STEAM_1:0:162762726><>" slayed "Coach<5><BOT><>"
L 07/25/2020 - 20:51:09: [playercommands.smx] "♛ Rain ♛<2><STEAM_1:0:162762726><>" slayed "(1)Spitter<8><BOT><>"
L 07/25/2020 - 20:51:10: [playercommands.smx] "♛ Rain ♛<2><STEAM_1:0:162762726><>" slayed "Hunter<9><BOT><>"
L 07/25/2020 - 20:51:38: Log file closed.
