L 03/31/2020 - 13:49:59: SourceMod log file session started (file "L20200331.log") (Version "1.8.0.6041")
L 03/31/2020 - 13:49:59: -------- Mapchange to c1m1_hotel --------
L 03/31/2020 - 13:50:03: [GEOIP] GeoIP database info: GEO-106FREE 20180206 Build 1 Copyright (c) 2018 MaxMind Inc All Rights Reserved
L 03/31/2020 - 13:50:22: [SM] Changed map to "c1m1_hotel"
L 03/31/2020 - 13:50:24: -------- Mapchange to c1m1_hotel --------
L 03/31/2020 - 13:51:14: [playercommands.smx] "€© f·µâ·µÉ ≥ €© ‚ôõ Rain ‚ôõ<2><STEAM_1:0:162762726><>" slayed "Rochelle<3><BOT><>"
L 03/31/2020 - 13:53:13: Log file closed.
L 03/31/2020 - 14:09:51: SourceMod log file session started (file "L20200331.log") (Version "1.8.0.6041")
L 03/31/2020 - 14:09:51: -------- Mapchange to c1m1_hotel --------
L 03/31/2020 - 14:09:52: [GEOIP] GeoIP database info: GEO-106FREE 20180206 Build 1 Copyright (c) 2018 MaxMind Inc All Rights Reserved
L 03/31/2020 - 14:09:52: [simplewelcomemsg.smx] Set the maximum number of lines of.
L 03/31/2020 - 14:10:03: [SM] Changed map to "c1m1_hotel"
L 03/31/2020 - 14:10:06: -------- Mapchange to c1m1_hotel --------
L 03/31/2020 - 14:12:27: [playercommands.smx] "€© f·µâ·µÉ ≥ €© ‚ôõ Rain ‚ôõ<2><STEAM_1:0:162762726><>" slayed "Nick<5><BOT><>"
L 03/31/2020 - 14:12:35: [playercommands.smx] "€© f·µâ·µÉ ≥ €© ‚ôõ Rain ‚ôõ<2><STEAM_1:0:162762726><>" slayed "€© f·µâ·µÉ ≥ €© Du—è√•znl—Ç–æ‚Ñ<3><STEAM_1:1:4151444><>"
L 03/31/2020 - 14:14:14: -------- Mapchange to C12m1_hilltop --------
L 03/31/2020 - 14:25:25: -------- Mapchange to C12m2_traintunnel --------
L 03/31/2020 - 14:28:10: Log file closed.
L 03/31/2020 - 14:33:43: SourceMod log file session started (file "L20200331.log") (Version "1.8.0.6041")
L 03/31/2020 - 14:33:43: -------- Mapchange to c2m1_highway --------
L 03/31/2020 - 14:33:43: [GEOIP] GeoIP database info: GEO-106FREE 20180206 Build 1 Copyright (c) 2018 MaxMind Inc All Rights Reserved
L 03/31/2020 - 14:33:44: [simplewelcomemsg.smx] Set the maximum number of lines of.
L 03/31/2020 - 14:33:55: [SM] Changed map to "c2m1_highway"
L 03/31/2020 - 14:33:58: -------- Mapchange to c2m1_highway --------
L 03/31/2020 - 14:37:23: [basebans.smx] "€© f·µâ·µÉ ≥ €© ‚ôõ Rain ‚ôõ<2><STEAM_1:0:162762726><>" banned "Eduke14<8><STEAM_1:0:539530983><>" (minutes "0") (reason "Abusive")
L 03/31/2020 - 14:38:15: Log file closed.
