L 08/28/2020 - 12:40:12: SourceMod log file session started (file "L20200828.log") (Version "1.8.0.6041")
L 08/28/2020 - 12:40:12: -------- Mapchange to c1m2_streets --------
L 08/28/2020 - 12:40:18: [l4d2_itemgiver.smx] Detected Left4Dead2!
L 08/28/2020 - 12:40:19: [simplewelcomemsg.smx] Set the maximum number of lines of.
L 08/28/2020 - 12:40:38: [SM] Changed map to "c1m2_streets"
L 08/28/2020 - 12:40:41: -------- Mapchange to c1m2_streets --------
L 08/28/2020 - 12:41:53: [playercommands.smx] "Rain❤Delta<2><STEAM_1:0:162762726><>" slapped "Ellis<3><BOT><>" (damage "99")
L 08/28/2020 - 12:41:54: [playercommands.smx] "Rain❤Delta<2><STEAM_1:0:162762726><>" slapped "Rochelle<4><BOT><>" (damage "99")
L 08/28/2020 - 12:41:54: [playercommands.smx] "Rain❤Delta<2><STEAM_1:0:162762726><>" slapped "Coach<5><BOT><>" (damage "99")
L 08/28/2020 - 12:42:08: [playercommands.smx] "Rain❤Delta<2><STEAM_1:0:162762726><>" slapped "Ellis<3><BOT><>" (damage "50")
L 08/28/2020 - 12:42:08: [playercommands.smx] "Rain❤Delta<2><STEAM_1:0:162762726><>" slapped "Rochelle<4><BOT><>" (damage "50")
L 08/28/2020 - 12:42:08: [playercommands.smx] "Rain❤Delta<2><STEAM_1:0:162762726><>" slapped "Coach<5><BOT><>" (damage "50")
L 08/28/2020 - 12:42:10: [playercommands.smx] "Rain❤Delta<2><STEAM_1:0:162762726><>" slapped "Ellis<3><BOT><>" (damage "50")
L 08/28/2020 - 12:42:11: [playercommands.smx] "Rain❤Delta<2><STEAM_1:0:162762726><>" slapped "Rochelle<4><BOT><>" (damage "50")
L 08/28/2020 - 12:42:11: [playercommands.smx] "Rain❤Delta<2><STEAM_1:0:162762726><>" slapped "Coach<5><BOT><>" (damage "50")
L 08/28/2020 - 12:43:41: [admin_hp.smx]  El Administrador Rain❤Delta Le Restauró la Vida a los Sobrevivientes al 100%
L 08/28/2020 - 12:44:23: [playercommands.smx] "Rain❤Delta<2><STEAM_1:0:162762726><>" slayed "Ellis<3><BOT><>"
L 08/28/2020 - 12:45:29: [playercommands.smx] "Rain❤Delta<2><STEAM_1:0:162762726><>" slayed "Rain❤Delta<2><STEAM_1:0:162762726><>"
L 08/28/2020 - 12:45:44: [playercommands.smx] "Rain❤Delta<2><STEAM_1:0:162762726><>" slayed "Ellis<3><BOT><>"
L 08/28/2020 - 12:46:38: Log file closed.
L 08/28/2020 - 12:57:05: SourceMod log file session started (file "L20200828.log") (Version "1.8.0.6041")
L 08/28/2020 - 12:57:05: -------- Mapchange to c1m1_hotel --------
L 08/28/2020 - 12:57:07: [l4d2_itemgiver.smx] Detected Left4Dead2!
L 08/28/2020 - 12:57:08: [simplewelcomemsg.smx] Set the maximum number of lines of.
L 08/28/2020 - 12:57:18: [SM] Changed map to "c1m1_hotel"
L 08/28/2020 - 12:57:21: -------- Mapchange to c1m1_hotel --------
L 08/28/2020 - 12:58:16: [playercommands.smx] "Rain❤Delta<2><STEAM_1:0:162762726><>" slapped "Nick<3><BOT><>" (damage "99")
L 08/28/2020 - 12:58:16: [playercommands.smx] "Rain❤Delta<2><STEAM_1:0:162762726><>" slapped "Rochelle<4><BOT><>" (damage "99")
L 08/28/2020 - 12:58:17: [playercommands.smx] "Rain❤Delta<2><STEAM_1:0:162762726><>" slapped "Coach<5><BOT><>" (damage "99")
L 08/28/2020 - 12:58:25: [playercommands.smx] "Rain❤Delta<2><STEAM_1:0:162762726><>" slapped "Nick<3><BOT><>" (damage "99")
L 08/28/2020 - 12:58:25: [playercommands.smx] "Rain❤Delta<2><STEAM_1:0:162762726><>" slapped "Rochelle<4><BOT><>" (damage "99")
L 08/28/2020 - 12:58:25: [playercommands.smx] "Rain❤Delta<2><STEAM_1:0:162762726><>" slapped "Coach<5><BOT><>" (damage "99")
L 08/28/2020 - 13:01:04: Log file closed.
L 08/28/2020 - 14:05:32: SourceMod log file session started (file "L20200828.log") (Version "1.8.0.6041")
L 08/28/2020 - 14:05:32: Log file closed.
L 08/28/2020 - 17:53:01: SourceMod log file session started (file "L20200828.log") (Version "1.8.0.6041")
L 08/28/2020 - 17:53:01: -------- Mapchange to c5m1_waterfront --------
L 08/28/2020 - 17:53:03: [l4d2_itemgiver.smx] Detected Left4Dead2!
L 08/28/2020 - 17:53:04: [simplewelcomemsg.smx] Set the maximum number of lines of.
L 08/28/2020 - 17:53:24: [SM] Changed map to "c5m1_waterfront"
L 08/28/2020 - 17:53:30: -------- Mapchange to c5m1_waterfront --------
L 08/28/2020 - 17:55:55: [basecommands.smx] "Rain❤Delta<2><STEAM_1:0:162762726><>" changed cvar (cvar "sv_force_time_of_day") (value "0")
L 08/28/2020 - 17:55:56: [basecommands.smx] "Rain❤Delta<2><STEAM_1:0:162762726><>" changed cvar (cvar "versus_tank_chance_intro") (value "1")
L 08/28/2020 - 17:55:56: [basecommands.smx] "Rain❤Delta<2><STEAM_1:0:162762726><>" changed cvar (cvar "versus_tank_chance_finale") (value "0")
L 08/28/2020 - 17:55:56: [basecommands.smx] "Rain❤Delta<2><STEAM_1:0:162762726><>" changed cvar (cvar "versus_tank_chance") (value "1")
L 08/28/2020 - 17:55:56: [basecommands.smx] "Rain❤Delta<2><STEAM_1:0:162762726><>" changed cvar (cvar "versus_witch_chance_intro") (value "0")
L 08/28/2020 - 17:55:56: [basecommands.smx] "Rain❤Delta<2><STEAM_1:0:162762726><>" changed cvar (cvar "versus_witch_chance_finale") (value "1")
L 08/28/2020 - 17:55:56: [basecommands.smx] "Rain❤Delta<2><STEAM_1:0:162762726><>" changed cvar (cvar "versus_witch_chance") (value "1")
L 08/28/2020 - 17:57:17: [basecommands.smx] "Rain❤Delta<2><STEAM_1:0:162762726><>" changed cvar (cvar "vs_max_team_switches") (value "0")
L 08/28/2020 - 18:00:17: -------- Mapchange to c5m2_park --------
L 08/28/2020 - 18:06:39: [basebans.smx] "Rain❤Delta<2><STEAM_1:0:162762726><>" banned "L.Ne<74><STEAM_1:1:81352688><>" (minutes "0") (reason "Troll")
L 08/28/2020 - 18:11:44: [basecommands.smx] "Rain❤Delta<2><STEAM_1:0:162762726><>" changed map to "c2m1_highway"
L 08/28/2020 - 18:11:47: [SM] Changed map to "c2m1_highway"
L 08/28/2020 - 18:12:03: -------- Mapchange to c2m1_highway --------
L 08/28/2020 - 18:22:13: [admin_hp.smx]  El Administrador Rain❤Delta Le Restauró la Vida a los Sobrevivientes al 100%
L 08/28/2020 - 18:22:44: [admin_hp.smx]  El Administrador Rain❤Delta Le Restauró la Vida a los Sobrevivientes al 100%
L 08/28/2020 - 18:23:00: [basebans.smx] "Rain❤Delta<2><STEAM_1:0:162762726><>" banned "Aczina<150><STEAM_1:0:537736320><>" (minutes "0") (reason "Hack")
L 08/28/2020 - 18:23:18: [basecommands.smx] "Rain❤Delta<2><STEAM_1:0:162762726><>" changed cvar (cvar "vs_max_team_switches") (value "0")
L 08/28/2020 - 18:29:29: -------- Mapchange to c2m2_fairgrounds --------
L 08/28/2020 - 18:30:30: [basecommands.smx] "Rain❤Delta<2><STEAM_1:0:162762726><>" changed cvar (cvar "vs_max_team_switches") (value "100")
L 08/28/2020 - 18:51:16: -------- Mapchange to c2m3_coaster --------
L 08/28/2020 - 19:01:41: -------- Mapchange to c2m4_barns --------
L 08/28/2020 - 19:19:40: -------- Mapchange to c2m5_concert --------
L 08/28/2020 - 19:41:09: -------- Mapchange to c3m1_plankcountry --------
L 08/28/2020 - 19:42:01: [basecommands.smx] "Rain❤Delta<2><STEAM_1:0:162762726><>" changed map to "c5m1_waterfront"
L 08/28/2020 - 19:42:04: [SM] Changed map to "c5m1_waterfront"
L 08/28/2020 - 19:42:12: -------- Mapchange to c5m1_waterfront --------
L 08/28/2020 - 19:50:28: -------- Mapchange to c5m2_park --------
L 08/28/2020 - 19:51:46: [basecommands.smx] "Rain❤Delta<2><STEAM_1:0:162762726><>" changed map to "c1m1_hotel"
L 08/28/2020 - 19:51:49: [SM] Changed map to "c1m1_hotel"
L 08/28/2020 - 19:51:58: -------- Mapchange to c1m1_hotel --------
L 08/28/2020 - 20:02:13: -------- Mapchange to c1m2_streets --------
L 08/28/2020 - 20:22:17: -------- Mapchange to c1m3_mall --------
L 08/28/2020 - 20:38:01: -------- Mapchange to c1m4_atrium --------
L 08/28/2020 - 20:38:46: [basecommands.smx] "Rain❤Delta<2><STEAM_1:0:162762726><>" changed cvar (cvar "vs_max_team_switches") (value "100")
L 08/28/2020 - 20:39:00: [basecomm.smx] "Rain❤Delta<2><STEAM_1:0:162762726><>" muted "Rain❤Delta<2><STEAM_1:0:162762726><>"
L 08/28/2020 - 20:39:11: [basecomm.smx] "Rain❤Delta<2><STEAM_1:0:162762726><>" muted "BLACKGOKU<374><STEAM_1:1:498809498><>"
L 08/28/2020 - 20:41:50: [basecomm.smx] "Rain❤Delta<2><STEAM_1:0:162762726><>" unmuted "Rain❤Delta<2><STEAM_1:0:162762726><>"
L 08/28/2020 - 20:49:10: -------- Mapchange to c2m1_highway --------
L 08/28/2020 - 20:49:52: [basecommands.smx] "Rain❤Delta<2><STEAM_1:0:162762726><>" changed map to "c8m1_apartment"
L 08/28/2020 - 20:49:55: [SM] Changed map to "c8m1_apartment"
L 08/28/2020 - 20:50:06: -------- Mapchange to c8m1_apartment --------
L 08/28/2020 - 20:50:36: [basecommands.smx] "Rain❤Delta<2><STEAM_1:0:162762726><>" changed cvar (cvar "vs_max_team_switches") (value "100")
L 08/28/2020 - 20:51:30: [basecomm.smx] "Rain❤Delta<2><STEAM_1:0:162762726><>" muted "BLACKGOKU<374><STEAM_1:1:498809498><>"
L 08/28/2020 - 21:00:25: [playercommands.smx] "Rain❤Delta<2><STEAM_1:0:162762726><>" slayed "br1x<323><STEAM_1:0:50181814><>"
L 08/28/2020 - 21:01:00: [playercommands.smx] "Rain❤Delta<2><STEAM_1:0:162762726><>" slayed "♥ T o h r u 🐉<456><STEAM_1:0:480003976><>"
L 08/28/2020 - 21:01:28: -------- Mapchange to c8m2_subway --------
L 08/28/2020 - 21:02:07: [basecomm.smx] "Rain❤Delta<2><STEAM_1:0:162762726><>" muted "BLACKGOKU<374><STEAM_1:1:498809498><>"
L 08/28/2020 - 21:02:34: [basecommands.smx] "Rain❤Delta<2><STEAM_1:0:162762726><>" changed cvar (cvar "vs_max_team_switches") (value "100")
L 08/28/2020 - 21:10:29: [admin_hp.smx]  El Administrador Rain❤Delta Le Restauró la Vida a los Sobrevivientes al 100%
L 08/28/2020 - 21:10:32: [admin_hp.smx]  El Administrador Rain❤Delta Le Restauró la Vida a los Sobrevivientes al 100%
L 08/28/2020 - 21:10:41: [admin_hp.smx]  El Administrador Rain❤Delta Le Restauró la Vida a los Sobrevivientes al 100%
L 08/28/2020 - 21:18:18: -------- Mapchange to c8m3_sewers --------
L 08/28/2020 - 21:19:23: [basecommands.smx] "Rain❤Delta<2><STEAM_1:0:162762726><>" changed cvar (cvar "vs_max_team_switches") (value "0")
L 08/28/2020 - 21:30:44: -------- Mapchange to c8m4_interior --------
L 08/28/2020 - 21:36:29: [playercommands.smx] "Delta❤Rain<439><STEAM_1:0:555087244><>" slapped "🥐 Facturita Juega 🎮<98><STEAM_1:1:522713982><>" (damage "0")
L 08/28/2020 - 21:37:09: [playercommands.smx] "Delta❤Rain<439><STEAM_1:0:555087244><>" slapped "🥐 Facturita Juega 🎮<98><STEAM_1:1:522713982><>" (damage "0")
L 08/28/2020 - 21:37:09: [playercommands.smx] "Delta❤Rain<439><STEAM_1:0:555087244><>" slapped "🥐 Facturita Juega 🎮<98><STEAM_1:1:522713982><>" (damage "0")
L 08/28/2020 - 21:37:09: [playercommands.smx] "Delta❤Rain<439><STEAM_1:0:555087244><>" slapped "🥐 Facturita Juega 🎮<98><STEAM_1:1:522713982><>" (damage "0")
L 08/28/2020 - 21:40:07: [funcommands.smx] "🥐 Facturita Juega 🎮<98><STEAM_1:1:522713982><>" toggled noclip on "Delta❤Rain<439><STEAM_1:0:555087244><>"
L 08/28/2020 - 21:40:31: [funcommands.smx] "Rain❤Delta<2><STEAM_1:0:162762726><>" toggled noclip on "Delta❤Rain<439><STEAM_1:0:555087244><>"
L 08/28/2020 - 21:40:34: [playercommands.smx] "Delta❤Rain<439><STEAM_1:0:555087244><>" slayed "Delta❤Rain<439><STEAM_1:0:555087244><>"
L 08/28/2020 - 21:43:07: [basecommands.smx] "Rain❤Delta<2><STEAM_1:0:162762726><>" changed cvar (cvar "vs_max_team_switches") (value "100")
L 08/28/2020 - 21:44:21: -------- Mapchange to c8m5_rooftop --------
L 08/28/2020 - 21:55:09: [basecommands.smx] "Rain❤Delta<2><STEAM_1:0:162762726><>" changed map to "c10m1_caves"
L 08/28/2020 - 21:55:12: [SM] Changed map to "c10m1_caves"
L 08/28/2020 - 21:55:21: -------- Mapchange to c10m1_caves --------
L 08/28/2020 - 21:57:16: [basecommands.smx] "Rain❤Delta<2><STEAM_1:0:162762726><>" changed cvar (cvar "vs_max_team_switches") (value "0")
L 08/28/2020 - 22:12:27: -------- Mapchange to c10m2_drainage --------
L 08/28/2020 - 22:13:06: [basecommands.smx] "Rain❤Delta<2><STEAM_1:0:162762726><>" changed cvar (cvar "vs_max_team_switches") (value "100")
L 08/28/2020 - 22:13:23: [basecommands.smx] "Rain❤Delta<2><STEAM_1:0:162762726><>" changed cvar (cvar "vs_max_team_switches") (value "0")
L 08/28/2020 - 22:21:37: [basecommands.smx] "Rain❤Delta<2><STEAM_1:0:162762726><>" changed cvar (cvar "vs_max_team_switches") (value "100")
L 08/28/2020 - 22:25:30: -------- Mapchange to c10m3_ranchhouse --------
L 08/28/2020 - 22:47:11: -------- Mapchange to c10m4_mainstreet --------
L 08/28/2020 - 22:55:57: [basecommands.smx] "Rain❤Delta<2><STEAM_1:0:162762726><>" changed cvar (cvar "vs_max_team_switches") (value "0")
L 08/28/2020 - 22:58:30: [basecommands.smx] "Rain❤Delta<2><STEAM_1:0:162762726><>" changed cvar (cvar "vs_max_team_switches") (value "100")
L 08/28/2020 - 23:08:33: -------- Mapchange to c10m5_houseboat --------
L 08/28/2020 - 23:24:03: Log file closed.
