L 08/03/2020 - 05:51:04: SourceMod log file session started (file "L20200803.log") (Version "1.8.0.6041")
L 08/03/2020 - 05:51:04: -------- Mapchange to c2m1_highway --------
L 08/03/2020 - 05:51:09: [l4d2_itemgiver.smx] Detected Left4Dead2!
L 08/03/2020 - 05:51:10: [simplewelcomemsg.smx] Set the maximum number of lines of.
L 08/03/2020 - 05:51:35: [SM] Changed map to "c2m1_highway"
L 08/03/2020 - 05:51:50: -------- Mapchange to c2m1_highway --------
L 08/03/2020 - 05:59:09: -------- Mapchange to c2m2_fairgrounds --------
L 08/03/2020 - 06:03:57: Log file closed.
L 08/03/2020 - 17:30:46: SourceMod log file session started (file "L20200803.log") (Version "1.8.0.6041")
L 08/03/2020 - 17:30:46: Log file closed.
L 08/03/2020 - 18:54:07: SourceMod log file session started (file "L20200803.log") (Version "1.8.0.6041")
L 08/03/2020 - 18:54:07: Log file closed.
L 08/03/2020 - 21:34:56: SourceMod log file session started (file "L20200803.log") (Version "1.8.0.6041")
L 08/03/2020 - 21:34:56: -------- Mapchange to c1m1_hotel --------
L 08/03/2020 - 21:35:02: [l4d2_itemgiver.smx] Detected Left4Dead2!
L 08/03/2020 - 21:35:03: [simplewelcomemsg.smx] Set the maximum number of lines of.
L 08/03/2020 - 21:35:24: [SM] Changed map to "c1m1_hotel"
L 08/03/2020 - 21:35:27: -------- Mapchange to c1m1_hotel --------
L 08/03/2020 - 21:36:46: Log file closed.
L 08/03/2020 - 21:37:36: SourceMod log file session started (file "L20200803.log") (Version "1.8.0.6041")
L 08/03/2020 - 21:37:36: -------- Mapchange to c1m1_hotel --------
L 08/03/2020 - 21:37:39: [l4d2_itemgiver.smx] Detected Left4Dead2!
L 08/03/2020 - 21:37:40: [simplewelcomemsg.smx] Set the maximum number of lines of.
L 08/03/2020 - 21:37:53: [SM] Changed map to "c1m1_hotel"
L 08/03/2020 - 21:37:55: -------- Mapchange to c1m1_hotel --------
L 08/03/2020 - 21:42:55: Log file closed.
L 08/03/2020 - 22:00:27: SourceMod log file session started (file "L20200803.log") (Version "1.8.0.6041")
L 08/03/2020 - 22:00:27: -------- Mapchange to c1m2_streets --------
L 08/03/2020 - 22:00:31: [l4d2_itemgiver.smx] Detected Left4Dead2!
L 08/03/2020 - 22:00:31: [simplewelcomemsg.smx] Set the maximum number of lines of.
L 08/03/2020 - 22:00:50: [SM] Changed map to "c1m2_streets"
L 08/03/2020 - 22:00:53: -------- Mapchange to c1m2_streets --------
L 08/03/2020 - 22:05:00: Log file closed.
L 08/03/2020 - 22:17:02: SourceMod log file session started (file "L20200803.log") (Version "1.8.0.6041")
L 08/03/2020 - 22:17:02: -------- Mapchange to c1m2_streets --------
L 08/03/2020 - 22:17:06: [l4d2_itemgiver.smx] Detected Left4Dead2!
L 08/03/2020 - 22:17:06: [simplewelcomemsg.smx] Set the maximum number of lines of.
L 08/03/2020 - 22:17:25: [SM] Changed map to "c1m2_streets"
L 08/03/2020 - 22:17:28: -------- Mapchange to c1m2_streets --------
L 08/03/2020 - 22:19:26: Log file closed.
L 08/03/2020 - 23:34:53: SourceMod log file session started (file "L20200803.log") (Version "1.8.0.6041")
L 08/03/2020 - 23:34:53: Log file closed.
