L 09/06/2020 - 01:36:21: STEAM_1:1:535496677 - ＡＬＦＡ
L 09/06/2020 - 19:27:17: STEAM_1:1:432164177 - Benja07
L 09/06/2020 - 19:29:17: STEAM_1:1:535496677 - ＡＬＦＡ
L 09/06/2020 - 20:20:09: STEAM_1:1:432164177 - Benja07
L 09/07/2020 - 15:35:43: STEAM_1:1:544543215 - toro
L 09/07/2020 - 15:39:19: STEAM_1:1:103671560 - J.P.F.H
L 09/07/2020 - 15:55:04: STEAM_1:0:116430255 - Sun wukong
L 09/07/2020 - 16:35:28: STEAM_1:0:207415721 - kennedy504
L 09/08/2020 - 16:50:40: STEAM_1:1:164036042 - Rukasu
L 09/08/2020 - 16:53:54: STEAM_1:0:447906040 - B R U N O™
L 09/08/2020 - 17:29:57: STEAM_1:1:436440972 - Aspekt
L 09/08/2020 - 17:57:06: STEAM_1:1:443244298 - Petraka01
L 09/08/2020 - 18:08:41: STEAM_1:1:442062938 - lucifer142
L 09/08/2020 - 18:10:46: STEAM_1:0:543676829 - redHead
L 09/08/2020 - 18:54:31: STEAM_1:1:244772823 - The best
L 09/09/2020 - 21:00:05: STEAM_1:1:172932239 - Elias212
L 09/09/2020 - 21:31:13: STEAM_1:1:452586842 - Vale_XD
L 09/09/2020 - 21:35:13: STEAM_1:0:504176012 - <<<FEDE>>>
L 09/09/2020 - 22:04:06: STEAM_1:1:535496677 - ᴬᴮＡＬＦＡ
L 09/09/2020 - 22:56:50: STEAM_1:0:504176012 - <<<FEDE>>>
L 09/09/2020 - 23:17:34: STEAM_1:0:504176012 - <<<FEDE>>>
L 09/11/2020 - 22:10:36: STEAM_1:0:504176012 - <<<FEDE>>>
L 09/11/2020 - 22:19:47: STEAM_1:0:504363801 - m4n0li1o_567
L 09/11/2020 - 22:30:56: STEAM_1:1:535496677 - ＡＬＦＡ
L 09/12/2020 - 20:53:11: STEAM_1:0:516174541 - maxfran2006
L 09/27/2020 - 19:50:25: STEAM_1:1:420240901 - ℙᗑቄ꒒ｴｴￓꎧꑙ
L 09/27/2020 - 22:24:13: STEAM_1:1:535496677 - ᴬᴮMACHETE
L 09/28/2020 - 20:24:09: STEAM_1:1:535496677 - ᴬᴮMACHETE
L 09/28/2020 - 22:37:48: STEAM_1:0:562783276 - Dólar
L 10/04/2020 - 16:19:10: STEAM_1:1:127007984 - SoulRapexx Key-Drop.com
L 10/05/2020 - 19:18:13: STEAM_1:1:219640337 - KILLER QUEEN
L 10/05/2020 - 19:51:54: STEAM_1:1:504227701 - chazz
L 10/05/2020 - 22:44:24: STEAM_1:1:424350612 - Gonza616
L 10/07/2020 - 11:18:22: STEAM_1:0:551588007 - Jharen Ramos
L 10/08/2020 - 13:16:18: STEAM_1:1:171977252 - curco vein
L 10/08/2020 - 13:59:21: STEAM_1:1:523248241 - ZeroDarkHero
L 10/08/2020 - 15:16:07: STEAM_1:1:225040481 - Juan Chiquito Flores
L 10/08/2020 - 15:28:50: STEAM_1:0:452824384 - ✪KaneMeenstek♛
L 10/09/2020 - 15:50:25: STEAM_1:0:63214260 - 3lG4uch022
L 10/09/2020 - 17:33:42: STEAM_1:1:567065028 - ped_97_tejada
L 10/10/2020 - 20:14:36: STEAM_1:0:528786444 - iTsBy_maxx447
L 10/18/2020 - 17:47:10: STEAM_1:0:545364625 - S4sUk3----
L 10/18/2020 - 18:48:31: STEAM_1:0:237589188 - NikoBellic10000
L 10/19/2020 - 16:24:01: STEAM_1:1:500641117 - PøST MamoƝ
L 10/20/2020 - 14:24:40: STEAM_1:0:558548471 - DarkFox
L 10/20/2020 - 17:10:05: STEAM_1:0:522116021 - koalindo waskaino
L 10/20/2020 - 17:44:26: STEAM_1:0:566110153 - blackdrago123bd
L 10/21/2020 - 17:28:39: STEAM_1:1:84473084 - [[CT]]-[[NekoXIII]]
L 10/23/2020 - 16:53:48: STEAM_1:1:441124485 - Fredbear
L 10/25/2020 - 19:34:46: STEAM_1:1:535496677 - ♛ KING 97 ♛
L 10/31/2020 - 10:03:30: STEAM_1:0:557739428 - uwu
L 10/31/2020 - 23:06:20: STEAM_1:0:509425091 - 웃SLV129웃
L 11/01/2020 - 01:41:57: STEAM_1:0:558962846 - carruep5
L 11/03/2020 - 09:44:01: STEAM_1:1:204595934 - Prometheus
L 11/04/2020 - 03:51:05: STEAM_1:0:539668304 - nova
L 11/04/2020 - 11:03:23: STEAM_1:1:566739195 - Tu crack 777
L 11/04/2020 - 11:14:13: STEAM_1:0:431553709 - Kalanord
L 11/04/2020 - 11:16:21: STEAM_1:1:101683983 - pingüi
L 11/06/2020 - 17:06:39: STEAM_1:0:444757556 - Daniel Dias
L 11/10/2020 - 16:47:29: STEAM_1:1:211454537 - Soup can niBba
L 11/12/2020 - 17:08:34: STEAM_1:0:438929194 - verajuanpablo.jpv
L 11/13/2020 - 16:02:28: STEAM_1:1:92815139 - 21
L 11/21/2020 - 15:18:15: STEAM_1:1:499912242 - lomagames
L 11/27/2020 - 14:40:29: STEAM_1:0:427521253 - Squishy
L 11/30/2020 - 14:42:46: STEAM_1:0:565945206 - ces122sar
L 11/30/2020 - 15:05:39: STEAM_1:1:535496677 - ＬＥＥ ＥＲＯＳ
L 12/01/2020 - 15:45:01: STEAM_1:1:569861138 - NouPolishop
L 12/13/2020 - 17:18:00: STEAM_1:0:533289922 - SLow
L 12/13/2020 - 17:59:43: STEAM_1:1:535496677 - ＬＥＥ ＥＲＯＳ
L 12/16/2020 - 21:40:38: STEAM_1:1:527761013 - Diinodash1
L 12/20/2020 - 19:38:43: STEAM_1:1:569622405 - marmon
L 12/24/2020 - 17:36:00: STEAM_1:1:520143735 - Seven
L 12/24/2020 - 17:52:40: STEAM_1:0:76227650 - Sir Poopsalot
L 12/24/2020 - 18:02:46: STEAM_1:0:76227650 - Sir Poopsalot
L 03/19/2021 - 19:05:49: STEAM_1:0:461258225 - Matys91
L 03/20/2021 - 17:47:11: STEAM_1:1:555381996 - J.D
L 04/22/2021 - 18:35:21: STEAM_1:0:583251073 - AngeloToxic2021
L 04/23/2021 - 15:39:36: STEAM_1:1:517857069 - Alessi
L 04/27/2021 - 18:12:23: STEAM_1:1:242929440 - Nichi
L 04/28/2021 - 22:37:07: STEAM_1:1:574898322 - βĐβ ŦĦΔŇØŞ
L 05/03/2021 - 16:57:04: STEAM_1:1:55466773 - 〄♪♫ BigDaddy™ ♪♫〄 - NOT KICKED DUE TO ADMIN STATUS
L 05/03/2021 - 17:00:11: STEAM_1:1:55466773 - 〄♪♫ BigDaddy™ ♪♫〄 - NOT KICKED DUE TO ADMIN STATUS
L 05/20/2021 - 18:36:53: STEAM_1:0:602531763 - MateoRK433
L 06/13/2021 - 16:29:42: STEAM_1:0:466804538 - Rocharen5
L 06/25/2021 - 13:46:22: STEAM_1:0:561882752 - NickMetal
L 07/23/2021 - 16:57:28: STEAM_1:1:189266727 - MrBubba
L 07/31/2021 - 13:21:50: STEAM_1:1:566523810 - marcelosabriuulo988
L 04/20/2022 - 01:20:38: STEAM_1:1:557281232 - tengo menos de 500 horas :,v
